<anim ver="netanim-3.108" filetype="animation" >
<node id="0" sysId="0" locX="-100" locY="0" />
<node id="1" sysId="0" locX="250" locY="0" />
<node id="2" sysId="0" locX="500" locY="0" />
<node id="3" sysId="0" locX="750" locY="0" />
<node id="4" sysId="0" locX="1000" locY="0" />
<node id="5" sysId="0" locX="-100" locY="0" />
<node id="6" sysId="0" locX="250" locY="0" />
<node id="7" sysId="0" locX="500" locY="0" />
<node id="8" sysId="0" locX="750" locY="0" />
<node id="9" sysId="0" locX="1000" locY="0" />
<nu p="c" t="0" id="0" r="255" g="0" b="0" />
<nu p="c" t="0" id="1" r="255" g="0" b="0" />
<nu p="c" t="0" id="2" r="255" g="0" b="0" />
<nu p="c" t="0" id="3" r="255" g="0" b="0" />
<nu p="c" t="0" id="4" r="255" g="0" b="0" />
<nu p="c" t="0" id="5" r="255" g="0" b="0" />
<nu p="c" t="0" id="6" r="255" g="0" b="0" />
<nu p="c" t="0" id="7" r="255" g="0" b="0" />
<nu p="c" t="0" id="8" r="255" g="0" b="0" />
<nu p="c" t="0" id="9" r="255" g="0" b="0" />
<nonp2plinkproperties id="0" ipAddress="192.168.1.1~00:00:00:00:00:01" channelType="ns3::YansWifiChannel" />
<nonp2plinkproperties id="0" ipAddress="127.0.0.1~00:00:00:00:00:00" channelType="Unknown channel" />
<nonp2plinkproperties id="1" ipAddress="192.168.1.2~00:00:00:00:00:02" channelType="ns3::YansWifiChannel" />
<nonp2plinkproperties id="1" ipAddress="127.0.0.1~00:00:00:00:00:00" channelType="Unknown channel" />
<nonp2plinkproperties id="2" ipAddress="192.168.1.3~00:00:00:00:00:03" channelType="ns3::YansWifiChannel" />
<nonp2plinkproperties id="2" ipAddress="127.0.0.1~00:00:00:00:00:00" channelType="Unknown channel" />
<nonp2plinkproperties id="3" ipAddress="192.168.1.4~00:00:00:00:00:04" channelType="ns3::YansWifiChannel" />
<nonp2plinkproperties id="3" ipAddress="127.0.0.1~00:00:00:00:00:00" channelType="Unknown channel" />
<nonp2plinkproperties id="4" ipAddress="192.168.1.5~00:00:00:00:00:05" channelType="ns3::YansWifiChannel" />
<nonp2plinkproperties id="4" ipAddress="127.0.0.1~00:00:00:00:00:00" channelType="Unknown channel" />
<nonp2plinkproperties id="5" ipAddress="192.168.2.1~00:00:00:00:00:06" channelType="ns3::YansWifiChannel" />
<nonp2plinkproperties id="5" ipAddress="127.0.0.1~00:00:00:00:00:00" channelType="Unknown channel" />
<nonp2plinkproperties id="6" ipAddress="192.168.2.2~00:00:00:00:00:07" channelType="ns3::YansWifiChannel" />
<nonp2plinkproperties id="6" ipAddress="127.0.0.1~00:00:00:00:00:00" channelType="Unknown channel" />
<nonp2plinkproperties id="7" ipAddress="192.168.2.3~00:00:00:00:00:08" channelType="ns3::YansWifiChannel" />
<nonp2plinkproperties id="7" ipAddress="127.0.0.1~00:00:00:00:00:00" channelType="Unknown channel" />
<nonp2plinkproperties id="8" ipAddress="192.168.2.4~00:00:00:00:00:09" channelType="ns3::YansWifiChannel" />
<nonp2plinkproperties id="8" ipAddress="127.0.0.1~00:00:00:00:00:00" channelType="Unknown channel" />
<nonp2plinkproperties id="9" ipAddress="192.168.2.5~00:00:00:00:00:0a" channelType="ns3::YansWifiChannel" />
<nonp2plinkproperties id="9" ipAddress="127.0.0.1~00:00:00:00:00:00" channelType="Unknown channel" />
<ip n="0" >
<address >192.168.1.1</address>

<address >127.0.0.1</address>

</ip>
<ip n="0" >
<address >192.168.1.1</address>

<address >127.0.0.1</address>

</ip>
<ip n="1" >
<address >192.168.1.2</address>

<address >127.0.0.1</address>

</ip>
<ip n="1" >
<address >192.168.1.2</address>

<address >127.0.0.1</address>

</ip>
<ip n="2" >
<address >192.168.1.3</address>

<address >127.0.0.1</address>

</ip>
<ip n="2" >
<address >192.168.1.3</address>

<address >127.0.0.1</address>

</ip>
<ip n="3" >
<address >192.168.1.4</address>

<address >127.0.0.1</address>

</ip>
<ip n="3" >
<address >192.168.1.4</address>

<address >127.0.0.1</address>

</ip>
<ip n="4" >
<address >192.168.1.5</address>

<address >127.0.0.1</address>

</ip>
<ip n="4" >
<address >192.168.1.5</address>

<address >127.0.0.1</address>

</ip>
<ip n="5" >
<address >192.168.2.1</address>

<address >127.0.0.1</address>

</ip>
<ip n="5" >
<address >192.168.2.1</address>

<address >127.0.0.1</address>

</ip>
<ip n="6" >
<address >192.168.2.2</address>

<address >127.0.0.1</address>

</ip>
<ip n="6" >
<address >192.168.2.2</address>

<address >127.0.0.1</address>

</ip>
<ip n="7" >
<address >192.168.2.3</address>

<address >127.0.0.1</address>

</ip>
<ip n="7" >
<address >192.168.2.3</address>

<address >127.0.0.1</address>

</ip>
<ip n="8" >
<address >192.168.2.4</address>

<address >127.0.0.1</address>

</ip>
<ip n="8" >
<address >192.168.2.4</address>

<address >127.0.0.1</address>

</ip>
<ip n="9" >
<address >192.168.2.5</address>

<address >127.0.0.1</address>

</ip>
<ip n="9" >
<address >192.168.2.5</address>

<address >127.0.0.1</address>

</ip>
<ipv6 n="0" >
<address >::1</address>

</ipv6>
<ipv6 n="1" >
<address >::1</address>

</ipv6>
<ipv6 n="2" >
<address >::1</address>

</ipv6>
<ipv6 n="3" >
<address >::1</address>

</ipv6>
<ipv6 n="4" >
<address >::1</address>

</ipv6>
<ipv6 n="5" >
<address >::1</address>

</ipv6>
<ipv6 n="6" >
<address >::1</address>

</ipv6>
<ipv6 n="7" >
<address >::1</address>

</ipv6>
<ipv6 n="8" >
<address >::1</address>

</ipv6>
<ipv6 n="9" >
<address >::1</address>

</ipv6>
<nu p="s" t="0" id="0" w="1" h="1" />
<nu p="s" t="0" id="1" w="1" h="1" />
<nu p="s" t="0" id="2" w="1" h="1" />
<nu p="s" t="0" id="3" w="1" h="1" />
<nu p="s" t="0" id="4" w="1" h="1" />
<nu p="s" t="0" id="5" w="1" h="1" />
<nu p="s" t="0" id="6" w="1" h="1" />
<nu p="s" t="0" id="7" w="1" h="1" />
<nu p="s" t="0" id="8" w="1" h="1" />
<nu p="s" t="0" id="9" w="1" h="1" />
<ncs ncId="0" n="RemainingEnergy" t="DOUBLE" />
<pr uId="1" fId="0" fbTx="0.004240893" meta-info="ns3::WifiMacHeader (DATA ToDS=0, FromDS=0, MoreFrag=0, Retry=0, MoreData=0 Duration/ID=0us, DA=ff:ff:ff:ff:ff:ff, SA=00:00:00:00:00:01, BSSID=00:00:00:00:00:01, FragNumber=0, SeqNumber=0) ns3::LlcSnapHeader (type 0x800) ns3::Ipv4Header (tos 0x0 DSCP Default ECN Not-ECT ttl 64 id 0 protocol 17 offset (bytes) 0 flags [none] length: 48 192.168.1.1 &gt; 192.168.1.255) ns3::UdpHeader (length: 28 698 &gt; 698) ns3::olsr::PacketHeader () ns3::olsr::MessageHeader () ns3::WifiMacTrailer ()" />
<wpr uId="1" tId="5" fbRx="0.004240893" lbRx="0" />
<pr uId="2" fId="3" fbTx="0.143092956" meta-info="ns3::WifiMacHeader (DATA ToDS=0, FromDS=0, MoreFrag=0, Retry=0, MoreData=0 Duration/ID=0us, DA=ff:ff:ff:ff:ff:ff, SA=00:00:00:00:00:04, BSSID=00:00:00:00:00:04, FragNumber=0, SeqNumber=0) ns3::LlcSnapHeader (type 0x800) ns3::Ipv4Header (tos 0x0 DSCP Default ECN Not-ECT ttl 64 id 0 protocol 17 offset (bytes) 0 flags [none] length: 48 192.168.1.4 &gt; 192.168.1.255) ns3::UdpHeader (length: 28 698 &gt; 698) ns3::olsr::PacketHeader () ns3::olsr::MessageHeader () ns3::WifiMacTrailer ()" />
<wpr uId="2" tId="8" fbRx="0.143092956" lbRx="0" />
<wpr uId="2" tId="2" fbRx="0.143093789" lbRx="0" />
<wpr uId="2" tId="4" fbRx="0.143093789" lbRx="0" />
<wpr uId="2" tId="7" fbRx="0.143093789" lbRx="0" />
<wpr uId="2" tId="9" fbRx="0.143093789" lbRx="0" />
<pr uId="3" fId="1" fbTx="0.197746055" meta-info="ns3::WifiMacHeader (DATA ToDS=0, FromDS=0, MoreFrag=0, Retry=0, MoreData=0 Duration/ID=0us, DA=ff:ff:ff:ff:ff:ff, SA=00:00:00:00:00:02, BSSID=00:00:00:00:00:02, FragNumber=0, SeqNumber=0) ns3::LlcSnapHeader (type 0x800) ns3::Ipv4Header (tos 0x0 DSCP Default ECN Not-ECT ttl 64 id 0 protocol 17 offset (bytes) 0 flags [none] length: 48 192.168.1.2 &gt; 192.168.1.255) ns3::UdpHeader (length: 28 698 &gt; 698) ns3::olsr::PacketHeader () ns3::olsr::MessageHeader () ns3::WifiMacTrailer ()" />
<wpr uId="3" tId="6" fbRx="0.197746055" lbRx="0" />
<wpr uId="3" tId="2" fbRx="0.197746888" lbRx="0" />
<wpr uId="3" tId="7" fbRx="0.197746888" lbRx="0" />
<pr uId="4" fId="4" fbTx="0.311115052" meta-info="ns3::WifiMacHeader (DATA ToDS=0, FromDS=0, MoreFrag=0, Retry=0, MoreData=0 Duration/ID=0us, DA=ff:ff:ff:ff:ff:ff, SA=00:00:00:00:00:05, BSSID=00:00:00:00:00:05, FragNumber=0, SeqNumber=0) ns3::LlcSnapHeader (type 0x800) ns3::Ipv4Header (tos 0x0 DSCP Default ECN Not-ECT ttl 64 id 0 protocol 17 offset (bytes) 0 flags [none] length: 48 192.168.1.5 &gt; 192.168.1.255) ns3::UdpHeader (length: 28 698 &gt; 698) ns3::olsr::PacketHeader () ns3::olsr::MessageHeader () ns3::WifiMacTrailer ()" />
<wpr uId="4" tId="9" fbRx="0.311115052" lbRx="0" />
<wpr uId="4" tId="3" fbRx="0.311115885" lbRx="0" />
<wpr uId="4" tId="8" fbRx="0.311115885" lbRx="0" />
<pr uId="5" fId="2" fbTx="0.36947612" meta-info="ns3::WifiMacHeader (DATA ToDS=0, FromDS=0, MoreFrag=0, Retry=0, MoreData=0 Duration/ID=0us, DA=ff:ff:ff:ff:ff:ff, SA=00:00:00:00:00:03, BSSID=00:00:00:00:00:03, FragNumber=0, SeqNumber=0) ns3::LlcSnapHeader (type 0x800) ns3::Ipv4Header (tos 0x0 DSCP Default ECN Not-ECT ttl 64 id 0 protocol 17 offset (bytes) 0 flags [none] length: 48 192.168.1.3 &gt; 192.168.1.255) ns3::UdpHeader (length: 28 698 &gt; 698) ns3::olsr::PacketHeader () ns3::olsr::MessageHeader () ns3::WifiMacTrailer ()" />
<wpr uId="5" tId="7" fbRx="0.36947612" lbRx="0" />
<wpr uId="5" tId="1" fbRx="0.369476953" lbRx="0" />
<wpr uId="5" tId="3" fbRx="0.369476953" lbRx="0" />
<wpr uId="5" tId="6" fbRx="0.369476953" lbRx="0" />
<wpr uId="5" tId="8" fbRx="0.369476953" lbRx="0" />
<pr uId="6" fId="7" fbTx="1.011" meta-info="ns3::WifiMacHeader (DATA ToDS=0, FromDS=0, MoreFrag=0, Retry=0, MoreData=0 Duration/ID=0us, DA=ff:ff:ff:ff:ff:ff, SA=00:00:00:00:00:08, BSSID=00:00:00:00:00:08, FragNumber=0, SeqNumber=0) ns3::LlcSnapHeader (type 0x800) ns3::Ipv4Header (tos 0x0 DSCP Default ECN Not-ECT ttl 64 id 0 protocol 17 offset (bytes) 0 flags [none] length: 45 192.168.2.3 &gt; 192.168.2.255) ns3::UdpHeader (length: 25 269 &gt; 269) ns3::Epidemic::TypeHeader (BEACON) ns3::Epidemic::EpidemicHeader ( Packet ID: 1101480448 Hop count: 1000 TimeStamp: +0.0ns) ns3::WifiMacTrailer ()" />
<wpr uId="6" tId="2" fbRx="1.011" lbRx="0" />
<wpr uId="6" tId="1" fbRx="1.011000833" lbRx="0" />
<wpr uId="6" tId="3" fbRx="1.011000833" lbRx="0" />
<wpr uId="6" tId="6" fbRx="1.011000833" lbRx="0" />
<wpr uId="6" tId="8" fbRx="1.011000833" lbRx="0" />
<pr uId="7" fId="6" fbTx="1.020132833" meta-info="ns3::WifiMacHeader (DATA ToDS=0, FromDS=0, MoreFrag=0, Retry=0, MoreData=0 Duration/ID=0us, DA=ff:ff:ff:ff:ff:ff, SA=00:00:00:00:00:07, BSSID=00:00:00:00:00:07, FragNumber=0, SeqNumber=0) ns3::LlcSnapHeader (type 0x806) ns3::ArpHeader (request source mac: 00-06-00:00:00:00:00:07 source ipv4: 192.168.2.2 dest ipv4: 192.168.2.3) ns3::WifiMacTrailer ()" />
<wpr uId="7" tId="1" fbRx="1.020132833" lbRx="0" />
<wpr uId="7" tId="2" fbRx="1.020133666" lbRx="0" />
<wpr uId="7" tId="7" fbRx="1.020133666" lbRx="0" />
<pr uId="8" fId="7" fbTx="1.020324666" meta-info="ns3::WifiMacHeader (DATA ToDS=0, FromDS=0, MoreFrag=0, Retry=0, MoreData=0 Duration/ID=60us, DA=00:00:00:00:00:07, SA=00:00:00:00:00:08, BSSID=00:00:00:00:00:08, FragNumber=0, SeqNumber=1) ns3::LlcSnapHeader (type 0x806) ns3::ArpHeader (reply source mac: 00-06-00:00:00:00:00:08 source ipv4: 192.168.2.3 dest mac: 00-06-00:00:00:00:00:07 dest ipv4: 192.168.2.2) ns3::WifiMacTrailer ()" />
<wpr uId="8" tId="2" fbRx="1.020324666" lbRx="0" />
<wpr uId="8" tId="1" fbRx="1.020325499" lbRx="0" />
<wpr uId="8" tId="3" fbRx="1.020325499" lbRx="0" />
<wpr uId="8" tId="6" fbRx="1.020325499" lbRx="0" />
<wpr uId="8" tId="8" fbRx="1.020325499" lbRx="0" />
<pr uId="9" fId="6" fbTx="1.020453499" meta-info="ns3::WifiMacHeader (CTL_ACK Duration/ID=0us, RA=00:00:00:00:00:08) ns3::WifiMacTrailer ()" />
<wpr uId="9" tId="1" fbRx="1.020453499" lbRx="0" />
<wpr uId="9" tId="2" fbRx="1.020454332" lbRx="0" />
<wpr uId="9" tId="7" fbRx="1.020454332" lbRx="0" />
<pr uId="10" fId="6" fbTx="1.020594499" meta-info="ns3::WifiMacHeader (DATA ToDS=0, FromDS=0, MoreFrag=0, Retry=0, MoreData=0 Duration/ID=60us, DA=00:00:00:00:00:08, SA=00:00:00:00:00:07, BSSID=00:00:00:00:00:07, FragNumber=0, SeqNumber=1) ns3::LlcSnapHeader (type 0x800) ns3::Ipv4Header (tos 0x0 DSCP Default ECN Not-ECT ttl 64 id 0 protocol 17 offset (bytes) 0 flags [none] length: 37 192.168.2.2 &gt; 192.168.2.3) ns3::UdpHeader (length: 17 269 &gt; 269) ns3::Epidemic::TypeHeader (REPLY) ns3::Epidemic::SummaryVectorHeader ( Summary_vector header with size: 1
Global IDs:
NodeID:PacketID
0.0.2.186:698
) ns3::WifiMacTrailer ()" />
<wpr uId="10" tId="1" fbRx="1.020594499" lbRx="0" />
<wpr uId="10" tId="2" fbRx="1.020595332" lbRx="0" />
<wpr uId="10" tId="7" fbRx="1.020595332" lbRx="0" />
<pr uId="11" fId="7" fbTx="1.020735332" meta-info="ns3::WifiMacHeader (CTL_ACK Duration/ID=0us, RA=00:00:00:00:00:07) ns3::WifiMacTrailer ()" />
<wpr uId="11" tId="2" fbRx="1.020735332" lbRx="0" />
<wpr uId="11" tId="1" fbRx="1.020736165" lbRx="0" />
<wpr uId="11" tId="3" fbRx="1.020736165" lbRx="0" />
<wpr uId="11" tId="6" fbRx="1.020736165" lbRx="0" />
<wpr uId="11" tId="8" fbRx="1.020736165" lbRx="0" />
<pr uId="12" fId="7" fbTx="1.029719332" meta-info="ns3::WifiMacHeader (DATA ToDS=0, FromDS=0, MoreFrag=0, Retry=0, MoreData=0 Duration/ID=0us, DA=ff:ff:ff:ff:ff:ff, SA=00:00:00:00:00:08, BSSID=00:00:00:00:00:08, FragNumber=0, SeqNumber=2) ns3::LlcSnapHeader (type 0x806) ns3::ArpHeader (request source mac: 00-06-00:00:00:00:00:08 source ipv4: 192.168.2.3 dest ipv4: 192.168.2.2) ns3::WifiMacTrailer ()" />
<wpr uId="12" tId="2" fbRx="1.029719332" lbRx="0" />
<wpr uId="12" tId="1" fbRx="1.029720165" lbRx="0" />
<wpr uId="12" tId="3" fbRx="1.029720165" lbRx="0" />
<wpr uId="12" tId="6" fbRx="1.029720165" lbRx="0" />
<wpr uId="12" tId="8" fbRx="1.029720165" lbRx="0" />
<pr uId="13" fId="6" fbTx="1.029938165" meta-info="ns3::WifiMacHeader (DATA ToDS=0, FromDS=0, MoreFrag=0, Retry=0, MoreData=0 Duration/ID=60us, DA=00:00:00:00:00:08, SA=00:00:00:00:00:07, BSSID=00:00:00:00:00:07, FragNumber=0, SeqNumber=2) ns3::LlcSnapHeader (type 0x806) ns3::ArpHeader (reply source mac: 00-06-00:00:00:00:00:07 source ipv4: 192.168.2.2 dest mac: 00-06-00:00:00:00:00:08 dest ipv4: 192.168.2.3) ns3::WifiMacTrailer ()" />
<wpr uId="13" tId="1" fbRx="1.029938165" lbRx="0" />
<wpr uId="13" tId="2" fbRx="1.029938998" lbRx="0" />
<wpr uId="13" tId="7" fbRx="1.029938998" lbRx="0" />
<pr uId="14" fId="7" fbTx="1.030066998" meta-info="ns3::WifiMacHeader (CTL_ACK Duration/ID=0us, RA=00:00:00:00:00:07) ns3::WifiMacTrailer ()" />
<wpr uId="14" tId="2" fbRx="1.030066998" lbRx="0" />
<wpr uId="14" tId="1" fbRx="1.030067831" lbRx="0" />
<wpr uId="14" tId="3" fbRx="1.030067831" lbRx="0" />
<wpr uId="14" tId="6" fbRx="1.030067831" lbRx="0" />
<wpr uId="14" tId="8" fbRx="1.030067831" lbRx="0" />
<pr uId="15" fId="7" fbTx="1.030153998" meta-info="ns3::WifiMacHeader (DATA ToDS=0, FromDS=0, MoreFrag=0, Retry=0, MoreData=0 Duration/ID=60us, DA=00:00:00:00:00:07, SA=00:00:00:00:00:08, BSSID=00:00:00:00:00:08, FragNumber=0, SeqNumber=3) ns3::LlcSnapHeader (type 0x800) ns3::Ipv4Header (tos 0x0 DSCP Default ECN Not-ECT ttl 64 id 0 protocol 17 offset (bytes) 0 flags [none] length: 37 192.168.2.3 &gt; 192.168.2.2) ns3::UdpHeader (length: 17 269 &gt; 269) ns3::Epidemic::TypeHeader (REPLY_BACK) ns3::Epidemic::SummaryVectorHeader ( Summary_vector header with size: 1
Global IDs:
NodeID:PacketID
0.0.2.186:698
) ns3::WifiMacTrailer ()" />
<wpr uId="15" tId="2" fbRx="1.030153998" lbRx="0" />
<wpr uId="15" tId="1" fbRx="1.030154831" lbRx="0" />
<wpr uId="15" tId="3" fbRx="1.030154831" lbRx="0" />
<wpr uId="15" tId="6" fbRx="1.030154831" lbRx="0" />
<wpr uId="15" tId="8" fbRx="1.030154831" lbRx="0" />
<pr uId="16" fId="6" fbTx="1.030294831" meta-info="ns3::WifiMacHeader (CTL_ACK Duration/ID=0us, RA=00:00:00:00:00:08) ns3::WifiMacTrailer ()" />
<wpr uId="16" tId="1" fbRx="1.030294831" lbRx="0" />
<wpr uId="16" tId="2" fbRx="1.030295664" lbRx="0" />
<wpr uId="16" tId="7" fbRx="1.030295664" lbRx="0" />
<pr uId="17" fId="5" fbTx="1.043" meta-info="ns3::WifiMacHeader (DATA ToDS=0, FromDS=0, MoreFrag=0, Retry=0, MoreData=0 Duration/ID=0us, DA=ff:ff:ff:ff:ff:ff, SA=00:00:00:00:00:06, BSSID=00:00:00:00:00:06, FragNumber=0, SeqNumber=0) ns3::LlcSnapHeader (type 0x800) ns3::Ipv4Header (tos 0x0 DSCP Default ECN Not-ECT ttl 64 id 0 protocol 17 offset (bytes) 0 flags [none] length: 45 192.168.2.1 &gt; 192.168.2.255) ns3::UdpHeader (length: 25 269 &gt; 269) ns3::Epidemic::TypeHeader (BEACON) ns3::Epidemic::EpidemicHeader ( Packet ID: 1101480448 Hop count: 1000 TimeStamp: +0.0ns) ns3::WifiMacTrailer ()" />
<wpr uId="17" tId="0" fbRx="1.043" lbRx="0" />
<pr uId="18" fId="6" fbTx="1.067" meta-info="ns3::WifiMacHeader (DATA ToDS=0, FromDS=0, MoreFrag=0, Retry=0, MoreData=0 Duration/ID=0us, DA=ff:ff:ff:ff:ff:ff, SA=00:00:00:00:00:07, BSSID=00:00:00:00:00:07, FragNumber=0, SeqNumber=3) ns3::LlcSnapHeader (type 0x800) ns3::Ipv4Header (tos 0x0 DSCP Default ECN Not-ECT ttl 64 id 0 protocol 17 offset (bytes) 0 flags [none] length: 45 192.168.2.2 &gt; 192.168.2.255) ns3::UdpHeader (length: 25 269 &gt; 269) ns3::Epidemic::TypeHeader (BEACON) ns3::Epidemic::EpidemicHeader ( Packet ID: 1101480448 Hop count: 1000 TimeStamp: +0.0ns) ns3::WifiMacTrailer ()" />
<wpr uId="18" tId="1" fbRx="1.067" lbRx="0" />
<wpr uId="18" tId="2" fbRx="1.067000833" lbRx="0" />
<wpr uId="18" tId="7" fbRx="1.067000833" lbRx="0" />
<pr uId="19" fId="8" fbTx="1.077" meta-info="ns3::WifiMacHeader (DATA ToDS=0, FromDS=0, MoreFrag=0, Retry=0, MoreData=0 Duration/ID=0us, DA=ff:ff:ff:ff:ff:ff, SA=00:00:00:00:00:09, BSSID=00:00:00:00:00:09, FragNumber=0, SeqNumber=0) ns3::LlcSnapHeader (type 0x800) ns3::Ipv4Header (tos 0x0 DSCP Default ECN Not-ECT ttl 64 id 0 protocol 17 offset (bytes) 0 flags [none] length: 45 192.168.2.4 &gt; 192.168.2.255) ns3::UdpHeader (length: 25 269 &gt; 269) ns3::Epidemic::TypeHeader (BEACON) ns3::Epidemic::EpidemicHeader ( Packet ID: 1101480448 Hop count: 1000 TimeStamp: +0.0ns) ns3::WifiMacTrailer ()" />
<wpr uId="19" tId="3" fbRx="1.077" lbRx="0" />
<wpr uId="19" tId="2" fbRx="1.077000833" lbRx="0" />
<wpr uId="19" tId="4" fbRx="1.077000833" lbRx="0" />
<wpr uId="19" tId="7" fbRx="1.077000833" lbRx="0" />
<wpr uId="19" tId="9" fbRx="1.077000833" lbRx="0" />
<pr uId="20" fId="7" fbTx="1.080132833" meta-info="ns3::WifiMacHeader (DATA ToDS=0, FromDS=0, MoreFrag=0, Retry=0, MoreData=0 Duration/ID=0us, DA=ff:ff:ff:ff:ff:ff, SA=00:00:00:00:00:08, BSSID=00:00:00:00:00:08, FragNumber=0, SeqNumber=4) ns3::LlcSnapHeader (type 0x806) ns3::ArpHeader (request source mac: 00-06-00:00:00:00:00:08 source ipv4: 192.168.2.3 dest ipv4: 192.168.2.4) ns3::WifiMacTrailer ()" />
<wpr uId="20" tId="2" fbRx="1.080132833" lbRx="0" />
<wpr uId="20" tId="1" fbRx="1.080133666" lbRx="0" />
<wpr uId="20" tId="3" fbRx="1.080133666" lbRx="0" />
<wpr uId="20" tId="6" fbRx="1.080133666" lbRx="0" />
<wpr uId="20" tId="8" fbRx="1.080133666" lbRx="0" />
<pr uId="21" fId="8" fbTx="1.080297666" meta-info="ns3::WifiMacHeader (DATA ToDS=0, FromDS=0, MoreFrag=0, Retry=0, MoreData=0 Duration/ID=60us, DA=00:00:00:00:00:08, SA=00:00:00:00:00:09, BSSID=00:00:00:00:00:09, FragNumber=0, SeqNumber=1) ns3::LlcSnapHeader (type 0x806) ns3::ArpHeader (reply source mac: 00-06-00:00:00:00:00:09 source ipv4: 192.168.2.4 dest mac: 00-06-00:00:00:00:00:08 dest ipv4: 192.168.2.3) ns3::WifiMacTrailer ()" />
<wpr uId="21" tId="3" fbRx="1.080297666" lbRx="0" />
<wpr uId="21" tId="2" fbRx="1.080298499" lbRx="0" />
<wpr uId="21" tId="4" fbRx="1.080298499" lbRx="0" />
<wpr uId="21" tId="7" fbRx="1.080298499" lbRx="0" />
<wpr uId="21" tId="9" fbRx="1.080298499" lbRx="0" />
<pr uId="22" fId="7" fbTx="1.080426499" meta-info="ns3::WifiMacHeader (CTL_ACK Duration/ID=0us, RA=00:00:00:00:00:09) ns3::WifiMacTrailer ()" />
<wpr uId="22" tId="2" fbRx="1.080426499" lbRx="0" />
<wpr uId="22" tId="1" fbRx="1.080427332" lbRx="0" />
<wpr uId="22" tId="3" fbRx="1.080427332" lbRx="0" />
<wpr uId="22" tId="6" fbRx="1.080427332" lbRx="0" />
<wpr uId="22" tId="8" fbRx="1.080427332" lbRx="0" />
<pr uId="23" fId="7" fbTx="1.080531499" meta-info="ns3::WifiMacHeader (DATA ToDS=0, FromDS=0, MoreFrag=0, Retry=0, MoreData=0 Duration/ID=60us, DA=00:00:00:00:00:09, SA=00:00:00:00:00:08, BSSID=00:00:00:00:00:08, FragNumber=0, SeqNumber=5) ns3::LlcSnapHeader (type 0x800) ns3::Ipv4Header (tos 0x0 DSCP Default ECN Not-ECT ttl 64 id 0 protocol 17 offset (bytes) 0 flags [none] length: 37 192.168.2.3 &gt; 192.168.2.4) ns3::UdpHeader (length: 17 269 &gt; 269) ns3::Epidemic::TypeHeader (REPLY) ns3::Epidemic::SummaryVectorHeader ( Summary_vector header with size: 1
Global IDs:
NodeID:PacketID
0.0.2.186:698
) ns3::WifiMacTrailer ()" />
<wpr uId="23" tId="2" fbRx="1.080531499" lbRx="0" />
<wpr uId="23" tId="1" fbRx="1.080532332" lbRx="0" />
<wpr uId="23" tId="3" fbRx="1.080532332" lbRx="0" />
<wpr uId="23" tId="6" fbRx="1.080532332" lbRx="0" />
<wpr uId="23" tId="8" fbRx="1.080532332" lbRx="0" />
<pr uId="24" fId="8" fbTx="1.080672332" meta-info="ns3::WifiMacHeader (CTL_ACK Duration/ID=0us, RA=00:00:00:00:00:08) ns3::WifiMacTrailer ()" />
<wpr uId="24" tId="3" fbRx="1.080672332" lbRx="0" />
<wpr uId="24" tId="2" fbRx="1.080673165" lbRx="0" />
<wpr uId="24" tId="4" fbRx="1.080673165" lbRx="0" />
<wpr uId="24" tId="7" fbRx="1.080673165" lbRx="0" />
<wpr uId="24" tId="9" fbRx="1.080673165" lbRx="0" />
<pr uId="25" fId="8" fbTx="1.084656332" meta-info="ns3::WifiMacHeader (DATA ToDS=0, FromDS=0, MoreFrag=0, Retry=0, MoreData=0 Duration/ID=0us, DA=ff:ff:ff:ff:ff:ff, SA=00:00:00:00:00:09, BSSID=00:00:00:00:00:09, FragNumber=0, SeqNumber=2) ns3::LlcSnapHeader (type 0x806) ns3::ArpHeader (request source mac: 00-06-00:00:00:00:00:09 source ipv4: 192.168.2.4 dest ipv4: 192.168.2.3) ns3::WifiMacTrailer ()" />
<wpr uId="25" tId="3" fbRx="1.084656332" lbRx="0" />
<wpr uId="25" tId="2" fbRx="1.084657165" lbRx="0" />
<wpr uId="25" tId="4" fbRx="1.084657165" lbRx="0" />
<wpr uId="25" tId="7" fbRx="1.084657165" lbRx="0" />
<wpr uId="25" tId="9" fbRx="1.084657165" lbRx="0" />
<pr uId="26" fId="7" fbTx="1.084938165" meta-info="ns3::WifiMacHeader (DATA ToDS=0, FromDS=0, MoreFrag=0, Retry=0, MoreData=0 Duration/ID=60us, DA=00:00:00:00:00:09, SA=00:00:00:00:00:08, BSSID=00:00:00:00:00:08, FragNumber=0, SeqNumber=6) ns3::LlcSnapHeader (type 0x806) ns3::ArpHeader (reply source mac: 00-06-00:00:00:00:00:08 source ipv4: 192.168.2.3 dest mac: 00-06-00:00:00:00:00:09 dest ipv4: 192.168.2.4) ns3::WifiMacTrailer ()" />
<wpr uId="26" tId="2" fbRx="1.084938165" lbRx="0" />
<wpr uId="26" tId="1" fbRx="1.084938998" lbRx="0" />
<wpr uId="26" tId="3" fbRx="1.084938998" lbRx="0" />
<wpr uId="26" tId="6" fbRx="1.084938998" lbRx="0" />
<wpr uId="26" tId="8" fbRx="1.084938998" lbRx="0" />
<pr uId="27" fId="8" fbTx="1.085066998" meta-info="ns3::WifiMacHeader (CTL_ACK Duration/ID=0us, RA=00:00:00:00:00:08) ns3::WifiMacTrailer ()" />
<wpr uId="27" tId="3" fbRx="1.085066998" lbRx="0" />
<wpr uId="27" tId="2" fbRx="1.085067831" lbRx="0" />
<wpr uId="27" tId="4" fbRx="1.085067831" lbRx="0" />
<wpr uId="27" tId="7" fbRx="1.085067831" lbRx="0" />
<wpr uId="27" tId="9" fbRx="1.085067831" lbRx="0" />
<pr uId="28" fId="8" fbTx="1.085252998" meta-info="ns3::WifiMacHeader (DATA ToDS=0, FromDS=0, MoreFrag=0, Retry=0, MoreData=0 Duration/ID=60us, DA=00:00:00:00:00:08, SA=00:00:00:00:00:09, BSSID=00:00:00:00:00:09, FragNumber=0, SeqNumber=3) ns3::LlcSnapHeader (type 0x800) ns3::Ipv4Header (tos 0x0 DSCP Default ECN Not-ECT ttl 64 id 0 protocol 17 offset (bytes) 0 flags [none] length: 37 192.168.2.4 &gt; 192.168.2.3) ns3::UdpHeader (length: 17 269 &gt; 269) ns3::Epidemic::TypeHeader (REPLY_BACK) ns3::Epidemic::SummaryVectorHeader ( Summary_vector header with size: 1
Global IDs:
NodeID:PacketID
0.0.2.186:698
) ns3::WifiMacTrailer ()" />
<wpr uId="28" tId="3" fbRx="1.085252998" lbRx="0" />
<wpr uId="28" tId="2" fbRx="1.085253831" lbRx="0" />
<wpr uId="28" tId="4" fbRx="1.085253831" lbRx="0" />
<wpr uId="28" tId="7" fbRx="1.085253831" lbRx="0" />
<wpr uId="28" tId="9" fbRx="1.085253831" lbRx="0" />
<pr uId="29" fId="7" fbTx="1.085393831" meta-info="ns3::WifiMacHeader (CTL_ACK Duration/ID=0us, RA=00:00:00:00:00:09) ns3::WifiMacTrailer ()" />
<wpr uId="29" tId="2" fbRx="1.085393831" lbRx="0" />
<wpr uId="29" tId="1" fbRx="1.085394664" lbRx="0" />
<wpr uId="29" tId="3" fbRx="1.085394664" lbRx="0" />
<wpr uId="29" tId="6" fbRx="1.085394664" lbRx="0" />
<wpr uId="29" tId="8" fbRx="1.085394664" lbRx="0" />
<pr uId="30" fId="9" fbTx="1.088" meta-info="ns3::WifiMacHeader (DATA ToDS=0, FromDS=0, MoreFrag=0, Retry=0, MoreData=0 Duration/ID=0us, DA=ff:ff:ff:ff:ff:ff, SA=00:00:00:00:00:0a, BSSID=00:00:00:00:00:0a, FragNumber=0, SeqNumber=0) ns3::LlcSnapHeader (type 0x800) ns3::Ipv4Header (tos 0x0 DSCP Default ECN Not-ECT ttl 64 id 0 protocol 17 offset (bytes) 0 flags [none] length: 45 192.168.2.5 &gt; 192.168.2.255) ns3::UdpHeader (length: 25 269 &gt; 269) ns3::Epidemic::TypeHeader (BEACON) ns3::Epidemic::EpidemicHeader ( Packet ID: 1101480448 Hop count: 1000 TimeStamp: +0.0ns) ns3::WifiMacTrailer ()" />
<wpr uId="30" tId="4" fbRx="1.088" lbRx="0" />
<wpr uId="30" tId="3" fbRx="1.088000833" lbRx="0" />
<wpr uId="30" tId="8" fbRx="1.088000833" lbRx="0" />
<pr uId="31" fId="8" fbTx="1.094132833" meta-info="ns3::WifiMacHeader (DATA ToDS=0, FromDS=0, MoreFrag=0, Retry=0, MoreData=0 Duration/ID=0us, DA=ff:ff:ff:ff:ff:ff, SA=00:00:00:00:00:09, BSSID=00:00:00:00:00:09, FragNumber=0, SeqNumber=4) ns3::LlcSnapHeader (type 0x806) ns3::ArpHeader (request source mac: 00-06-00:00:00:00:00:09 source ipv4: 192.168.2.4 dest ipv4: 192.168.2.5) ns3::WifiMacTrailer ()" />
<wpr uId="31" tId="3" fbRx="1.094132833" lbRx="0" />
<wpr uId="31" tId="2" fbRx="1.094133666" lbRx="0" />
<wpr uId="31" tId="4" fbRx="1.094133666" lbRx="0" />
<wpr uId="31" tId="7" fbRx="1.094133666" lbRx="0" />
<wpr uId="31" tId="9" fbRx="1.094133666" lbRx="0" />
<pr uId="32" fId="9" fbTx="1.094288666" meta-info="ns3::WifiMacHeader (DATA ToDS=0, FromDS=0, MoreFrag=0, Retry=0, MoreData=0 Duration/ID=60us, DA=00:00:00:00:00:09, SA=00:00:00:00:00:0a, BSSID=00:00:00:00:00:0a, FragNumber=0, SeqNumber=1) ns3::LlcSnapHeader (type 0x806) ns3::ArpHeader (reply source mac: 00-06-00:00:00:00:00:0a source ipv4: 192.168.2.5 dest mac: 00-06-00:00:00:00:00:09 dest ipv4: 192.168.2.4) ns3::WifiMacTrailer ()" />
<wpr uId="32" tId="4" fbRx="1.094288666" lbRx="0" />
<wpr uId="32" tId="3" fbRx="1.094289499" lbRx="0" />
<wpr uId="32" tId="8" fbRx="1.094289499" lbRx="0" />
<pr uId="33" fId="8" fbTx="1.094417499" meta-info="ns3::WifiMacHeader (CTL_ACK Duration/ID=0us, RA=00:00:00:00:00:0a) ns3::WifiMacTrailer ()" />
<wpr uId="33" tId="3" fbRx="1.094417499" lbRx="0" />
<wpr uId="33" tId="2" fbRx="1.094418332" lbRx="0" />
<wpr uId="33" tId="4" fbRx="1.094418332" lbRx="0" />
<wpr uId="33" tId="7" fbRx="1.094418332" lbRx="0" />
<wpr uId="33" tId="9" fbRx="1.094418332" lbRx="0" />
<pr uId="34" fId="8" fbTx="1.094549499" meta-info="ns3::WifiMacHeader (DATA ToDS=0, FromDS=0, MoreFrag=0, Retry=0, MoreData=0 Duration/ID=60us, DA=00:00:00:00:00:0a, SA=00:00:00:00:00:09, BSSID=00:00:00:00:00:09, FragNumber=0, SeqNumber=5) ns3::LlcSnapHeader (type 0x800) ns3::Ipv4Header (tos 0x0 DSCP Default ECN Not-ECT ttl 64 id 0 protocol 17 offset (bytes) 0 flags [none] length: 37 192.168.2.4 &gt; 192.168.2.5) ns3::UdpHeader (length: 17 269 &gt; 269) ns3::Epidemic::TypeHeader (REPLY) ns3::Epidemic::SummaryVectorHeader ( Summary_vector header with size: 1
Global IDs:
NodeID:PacketID
0.0.2.186:698
) ns3::WifiMacTrailer ()" />
<wpr uId="34" tId="3" fbRx="1.094549499" lbRx="0" />
<wpr uId="34" tId="2" fbRx="1.094550332" lbRx="0" />
<wpr uId="34" tId="4" fbRx="1.094550332" lbRx="0" />
<wpr uId="34" tId="7" fbRx="1.094550332" lbRx="0" />
<wpr uId="34" tId="9" fbRx="1.094550332" lbRx="0" />
<pr uId="35" fId="9" fbTx="1.094690332" meta-info="ns3::WifiMacHeader (CTL_ACK Duration/ID=0us, RA=00:00:00:00:00:09) ns3::WifiMacTrailer ()" />
<wpr uId="35" tId="4" fbRx="1.094690332" lbRx="0" />
<wpr uId="35" tId="3" fbRx="1.094691165" lbRx="0" />
<wpr uId="35" tId="8" fbRx="1.094691165" lbRx="0" />
<pr uId="36" fId="9" fbTx="1.096674332" meta-info="ns3::WifiMacHeader (DATA ToDS=0, FromDS=0, MoreFrag=0, Retry=0, MoreData=0 Duration/ID=0us, DA=ff:ff:ff:ff:ff:ff, SA=00:00:00:00:00:0a, BSSID=00:00:00:00:00:0a, FragNumber=0, SeqNumber=2) ns3::LlcSnapHeader (type 0x806) ns3::ArpHeader (request source mac: 00-06-00:00:00:00:00:0a source ipv4: 192.168.2.5 dest ipv4: 192.168.2.4) ns3::WifiMacTrailer ()" />
<wpr uId="36" tId="4" fbRx="1.096674332" lbRx="0" />
<wpr uId="36" tId="3" fbRx="1.096675165" lbRx="0" />
<wpr uId="36" tId="8" fbRx="1.096675165" lbRx="0" />
<pr uId="37" fId="8" fbTx="1.096830165" meta-info="ns3::WifiMacHeader (DATA ToDS=0, FromDS=0, MoreFrag=0, Retry=0, MoreData=0 Duration/ID=60us, DA=00:00:00:00:00:0a, SA=00:00:00:00:00:09, BSSID=00:00:00:00:00:09, FragNumber=0, SeqNumber=6) ns3::LlcSnapHeader (type 0x806) ns3::ArpHeader (reply source mac: 00-06-00:00:00:00:00:09 source ipv4: 192.168.2.4 dest mac: 00-06-00:00:00:00:00:0a dest ipv4: 192.168.2.5) ns3::WifiMacTrailer ()" />
<wpr uId="37" tId="3" fbRx="1.096830165" lbRx="0" />
<wpr uId="37" tId="2" fbRx="1.096830998" lbRx="0" />
<wpr uId="37" tId="4" fbRx="1.096830998" lbRx="0" />
<wpr uId="37" tId="7" fbRx="1.096830998" lbRx="0" />
<wpr uId="37" tId="9" fbRx="1.096830998" lbRx="0" />
<pr uId="38" fId="9" fbTx="1.096958998" meta-info="ns3::WifiMacHeader (CTL_ACK Duration/ID=0us, RA=00:00:00:00:00:09) ns3::WifiMacTrailer ()" />
<wpr uId="38" tId="4" fbRx="1.096958998" lbRx="0" />
<wpr uId="38" tId="3" fbRx="1.096959831" lbRx="0" />
<wpr uId="38" tId="8" fbRx="1.096959831" lbRx="0" />
<pr uId="39" fId="9" fbTx="1.097081998" meta-info="ns3::WifiMacHeader (DATA ToDS=0, FromDS=0, MoreFrag=0, Retry=0, MoreData=0 Duration/ID=60us, DA=00:00:00:00:00:09, SA=00:00:00:00:00:0a, BSSID=00:00:00:00:00:0a, FragNumber=0, SeqNumber=3) ns3::LlcSnapHeader (type 0x800) ns3::Ipv4Header (tos 0x0 DSCP Default ECN Not-ECT ttl 64 id 0 protocol 17 offset (bytes) 0 flags [none] length: 37 192.168.2.5 &gt; 192.168.2.4) ns3::UdpHeader (length: 17 269 &gt; 269) ns3::Epidemic::TypeHeader (REPLY_BACK) ns3::Epidemic::SummaryVectorHeader ( Summary_vector header with size: 1
Global IDs:
NodeID:PacketID
0.0.2.186:698
) ns3::WifiMacTrailer ()" />
<wpr uId="39" tId="4" fbRx="1.097081998" lbRx="0" />
<wpr uId="39" tId="3" fbRx="1.097082831" lbRx="0" />
<wpr uId="39" tId="8" fbRx="1.097082831" lbRx="0" />
<pr uId="40" fId="8" fbTx="1.097222831" meta-info="ns3::WifiMacHeader (CTL_ACK Duration/ID=0us, RA=00:00:00:00:00:0a) ns3::WifiMacTrailer ()" />
<wpr uId="40" tId="3" fbRx="1.097222831" lbRx="0" />
<wpr uId="40" tId="2" fbRx="1.097223664" lbRx="0" />
<wpr uId="40" tId="4" fbRx="1.097223664" lbRx="0" />
<wpr uId="40" tId="7" fbRx="1.097223664" lbRx="0" />
<wpr uId="40" tId="9" fbRx="1.097223664" lbRx="0" />
<pr uId="41" fId="0" fbTx="2.039674451" meta-info="ns3::WifiMacHeader (DATA ToDS=0, FromDS=0, MoreFrag=0, Retry=0, MoreData=0 Duration/ID=0us, DA=ff:ff:ff:ff:ff:ff, SA=00:00:00:00:00:01, BSSID=00:00:00:00:00:01, FragNumber=0, SeqNumber=1) ns3::LlcSnapHeader (type 0x800) ns3::Ipv4Header (tos 0x0 DSCP Default ECN Not-ECT ttl 64 id 1 protocol 17 offset (bytes) 0 flags [none] length: 48 192.168.1.1 &gt; 192.168.1.255) ns3::UdpHeader (length: 28 698 &gt; 698) ns3::olsr::PacketHeader () ns3::olsr::MessageHeader () ns3::WifiMacTrailer ()" />
<wpr uId="41" tId="5" fbRx="2.039674451" lbRx="0" />
<pr uId="42" fId="7" fbTx="2.042" meta-info="ns3::WifiMacHeader (DATA ToDS=0, FromDS=0, MoreFrag=0, Retry=0, MoreData=0 Duration/ID=0us, DA=ff:ff:ff:ff:ff:ff, SA=00:00:00:00:00:08, BSSID=00:00:00:00:00:08, FragNumber=0, SeqNumber=7) ns3::LlcSnapHeader (type 0x800) ns3::Ipv4Header (tos 0x0 DSCP Default ECN Not-ECT ttl 64 id 1 protocol 17 offset (bytes) 0 flags [none] length: 45 192.168.2.3 &gt; 192.168.2.255) ns3::UdpHeader (length: 25 269 &gt; 269) ns3::Epidemic::TypeHeader (BEACON) ns3::Epidemic::EpidemicHeader ( Packet ID: 1101480448 Hop count: 1000 TimeStamp: +0.0ns) ns3::WifiMacTrailer ()" />
<wpr uId="42" tId="2" fbRx="2.042" lbRx="0" />
<wpr uId="42" tId="1" fbRx="2.042000833" lbRx="0" />
<wpr uId="42" tId="3" fbRx="2.042000833" lbRx="0" />
<wpr uId="42" tId="6" fbRx="2.042000833" lbRx="0" />
<wpr uId="42" tId="8" fbRx="2.042000833" lbRx="0" />
<pr uId="43" fId="5" fbTx="2.052" meta-info="ns3::WifiMacHeader (DATA ToDS=0, FromDS=0, MoreFrag=0, Retry=0, MoreData=0 Duration/ID=0us, DA=ff:ff:ff:ff:ff:ff, SA=00:00:00:00:00:06, BSSID=00:00:00:00:00:06, FragNumber=0, SeqNumber=1) ns3::LlcSnapHeader (type 0x800) ns3::Ipv4Header (tos 0x0 DSCP Default ECN Not-ECT ttl 64 id 1 protocol 17 offset (bytes) 0 flags [none] length: 45 192.168.2.1 &gt; 192.168.2.255) ns3::UdpHeader (length: 25 269 &gt; 269) ns3::Epidemic::TypeHeader (BEACON) ns3::Epidemic::EpidemicHeader ( Packet ID: 1101480448 Hop count: 1000 TimeStamp: +0.0ns) ns3::WifiMacTrailer ()" />
<wpr uId="43" tId="0" fbRx="2.052" lbRx="0" />
<pr uId="44" fId="6" fbTx="2.152" meta-info="ns3::WifiMacHeader (DATA ToDS=0, FromDS=0, MoreFrag=0, Retry=0, MoreData=0 Duration/ID=0us, DA=ff:ff:ff:ff:ff:ff, SA=00:00:00:00:00:07, BSSID=00:00:00:00:00:07, FragNumber=0, SeqNumber=4) ns3::LlcSnapHeader (type 0x800) ns3::Ipv4Header (tos 0x0 DSCP Default ECN Not-ECT ttl 64 id 1 protocol 17 offset (bytes) 0 flags [none] length: 45 192.168.2.2 &gt; 192.168.2.255) ns3::UdpHeader (length: 25 269 &gt; 269) ns3::Epidemic::TypeHeader (BEACON) ns3::Epidemic::EpidemicHeader ( Packet ID: 1101480448 Hop count: 1000 TimeStamp: +0.0ns) ns3::WifiMacTrailer ()" />
<wpr uId="44" tId="1" fbRx="2.152" lbRx="0" />
<wpr uId="44" tId="2" fbRx="2.152000833" lbRx="0" />
<wpr uId="44" tId="7" fbRx="2.152000833" lbRx="0" />
<pr uId="45" fId="8" fbTx="2.174" meta-info="ns3::WifiMacHeader (DATA ToDS=0, FromDS=0, MoreFrag=0, Retry=0, MoreData=0 Duration/ID=0us, DA=ff:ff:ff:ff:ff:ff, SA=00:00:00:00:00:09, BSSID=00:00:00:00:00:09, FragNumber=0, SeqNumber=7) ns3::LlcSnapHeader (type 0x800) ns3::Ipv4Header (tos 0x0 DSCP Default ECN Not-ECT ttl 64 id 1 protocol 17 offset (bytes) 0 flags [none] length: 45 192.168.2.4 &gt; 192.168.2.255) ns3::UdpHeader (length: 25 269 &gt; 269) ns3::Epidemic::TypeHeader (BEACON) ns3::Epidemic::EpidemicHeader ( Packet ID: 1101480448 Hop count: 1000 TimeStamp: +0.0ns) ns3::WifiMacTrailer ()" />
<wpr uId="45" tId="3" fbRx="2.174" lbRx="0" />
<wpr uId="45" tId="2" fbRx="2.174000833" lbRx="0" />
<wpr uId="45" tId="4" fbRx="2.174000833" lbRx="0" />
<wpr uId="45" tId="7" fbRx="2.174000833" lbRx="0" />
<wpr uId="45" tId="9" fbRx="2.174000833" lbRx="0" />
<pr uId="46" fId="9" fbTx="2.185" meta-info="ns3::WifiMacHeader (DATA ToDS=0, FromDS=0, MoreFrag=0, Retry=0, MoreData=0 Duration/ID=0us, DA=ff:ff:ff:ff:ff:ff, SA=00:00:00:00:00:0a, BSSID=00:00:00:00:00:0a, FragNumber=0, SeqNumber=4) ns3::LlcSnapHeader (type 0x800) ns3::Ipv4Header (tos 0x0 DSCP Default ECN Not-ECT ttl 64 id 1 protocol 17 offset (bytes) 0 flags [none] length: 45 192.168.2.5 &gt; 192.168.2.255) ns3::UdpHeader (length: 25 269 &gt; 269) ns3::Epidemic::TypeHeader (BEACON) ns3::Epidemic::EpidemicHeader ( Packet ID: 1101480448 Hop count: 1000 TimeStamp: +0.0ns) ns3::WifiMacTrailer ()" />
<wpr uId="46" tId="4" fbRx="2.185" lbRx="0" />
<wpr uId="46" tId="3" fbRx="2.185000833" lbRx="0" />
<wpr uId="46" tId="8" fbRx="2.185000833" lbRx="0" />
<pr uId="47" fId="3" fbTx="2.337459514" meta-info="ns3::WifiMacHeader (DATA ToDS=0, FromDS=0, MoreFrag=0, Retry=0, MoreData=0 Duration/ID=0us, DA=ff:ff:ff:ff:ff:ff, SA=00:00:00:00:00:04, BSSID=00:00:00:00:00:04, FragNumber=0, SeqNumber=1) ns3::LlcSnapHeader (type 0x800) ns3::Ipv4Header (tos 0x0 DSCP Default ECN Not-ECT ttl 64 id 1 protocol 17 offset (bytes) 0 flags [none] length: 64 192.168.1.4 &gt; 192.168.1.255) ns3::UdpHeader (length: 44 698 &gt; 698) ns3::olsr::PacketHeader () ns3::olsr::MessageHeader () ns3::WifiMacTrailer ()" />
<wpr uId="47" tId="8" fbRx="2.337459514" lbRx="0" />
<wpr uId="47" tId="2" fbRx="2.337460347" lbRx="0" />
<wpr uId="47" tId="4" fbRx="2.337460347" lbRx="0" />
<wpr uId="47" tId="7" fbRx="2.337460347" lbRx="0" />
<wpr uId="47" tId="9" fbRx="2.337460347" lbRx="0" />
<pr uId="48" fId="4" fbTx="2.370426363" meta-info="ns3::WifiMacHeader (DATA ToDS=0, FromDS=0, MoreFrag=0, Retry=0, MoreData=0 Duration/ID=0us, DA=ff:ff:ff:ff:ff:ff, SA=00:00:00:00:00:05, BSSID=00:00:00:00:00:05, FragNumber=0, SeqNumber=1) ns3::LlcSnapHeader (type 0x800) ns3::Ipv4Header (tos 0x0 DSCP Default ECN Not-ECT ttl 64 id 1 protocol 17 offset (bytes) 0 flags [none] length: 56 192.168.1.5 &gt; 192.168.1.255) ns3::UdpHeader (length: 36 698 &gt; 698) ns3::olsr::PacketHeader () ns3::olsr::MessageHeader () ns3::WifiMacTrailer ()" />
<wpr uId="48" tId="9" fbRx="2.370426363" lbRx="0" />
<wpr uId="48" tId="3" fbRx="2.370427196" lbRx="0" />
<wpr uId="48" tId="8" fbRx="2.370427196" lbRx="0" />
<pr uId="49" fId="2" fbTx="2.407653952" meta-info="ns3::WifiMacHeader (DATA ToDS=0, FromDS=0, MoreFrag=0, Retry=0, MoreData=0 Duration/ID=0us, DA=ff:ff:ff:ff:ff:ff, SA=00:00:00:00:00:03, BSSID=00:00:00:00:00:03, FragNumber=0, SeqNumber=1) ns3::LlcSnapHeader (type 0x800) ns3::Ipv4Header (tos 0x0 DSCP Default ECN Not-ECT ttl 64 id 1 protocol 17 offset (bytes) 0 flags [none] length: 64 192.168.1.3 &gt; 192.168.1.255) ns3::UdpHeader (length: 44 698 &gt; 698) ns3::olsr::PacketHeader () ns3::olsr::MessageHeader () ns3::WifiMacTrailer ()" />
<wpr uId="49" tId="7" fbRx="2.407653952" lbRx="0" />
<wpr uId="49" tId="1" fbRx="2.407654785" lbRx="0" />
<wpr uId="49" tId="3" fbRx="2.407654785" lbRx="0" />
<wpr uId="49" tId="6" fbRx="2.407654785" lbRx="0" />
<wpr uId="49" tId="8" fbRx="2.407654785" lbRx="0" />
<pr uId="50" fId="1" fbTx="2.484818332" meta-info="ns3::WifiMacHeader (DATA ToDS=0, FromDS=0, MoreFrag=0, Retry=0, MoreData=0 Duration/ID=0us, DA=ff:ff:ff:ff:ff:ff, SA=00:00:00:00:00:02, BSSID=00:00:00:00:00:02, FragNumber=0, SeqNumber=1) ns3::LlcSnapHeader (type 0x800) ns3::Ipv4Header (tos 0x0 DSCP Default ECN Not-ECT ttl 64 id 1 protocol 17 offset (bytes) 0 flags [none] length: 56 192.168.1.2 &gt; 192.168.1.255) ns3::UdpHeader (length: 36 698 &gt; 698) ns3::olsr::PacketHeader () ns3::olsr::MessageHeader () ns3::WifiMacTrailer ()" />
<wpr uId="50" tId="6" fbRx="2.484818332" lbRx="0" />
<wpr uId="50" tId="2" fbRx="2.484819165" lbRx="0" />
<wpr uId="50" tId="7" fbRx="2.484819165" lbRx="0" />
<pr uId="51" fId="7" fbTx="3.067" meta-info="ns3::WifiMacHeader (DATA ToDS=0, FromDS=0, MoreFrag=0, Retry=0, MoreData=0 Duration/ID=0us, DA=ff:ff:ff:ff:ff:ff, SA=00:00:00:00:00:08, BSSID=00:00:00:00:00:08, FragNumber=0, SeqNumber=8) ns3::LlcSnapHeader (type 0x800) ns3::Ipv4Header (tos 0x0 DSCP Default ECN Not-ECT ttl 64 id 2 protocol 17 offset (bytes) 0 flags [none] length: 45 192.168.2.3 &gt; 192.168.2.255) ns3::UdpHeader (length: 25 269 &gt; 269) ns3::Epidemic::TypeHeader (BEACON) ns3::Epidemic::EpidemicHeader ( Packet ID: 1101480448 Hop count: 1000 TimeStamp: +0.0ns) ns3::WifiMacTrailer ()" />
<wpr uId="51" tId="2" fbRx="3.067" lbRx="0" />
<wpr uId="51" tId="1" fbRx="3.067000833" lbRx="0" />
<wpr uId="51" tId="3" fbRx="3.067000833" lbRx="0" />
<wpr uId="51" tId="6" fbRx="3.067000833" lbRx="0" />
<wpr uId="51" tId="8" fbRx="3.067000833" lbRx="0" />
<pr uId="52" fId="5" fbTx="3.138" meta-info="ns3::WifiMacHeader (DATA ToDS=0, FromDS=0, MoreFrag=0, Retry=0, MoreData=0 Duration/ID=0us, DA=ff:ff:ff:ff:ff:ff, SA=00:00:00:00:00:06, BSSID=00:00:00:00:00:06, FragNumber=0, SeqNumber=2) ns3::LlcSnapHeader (type 0x800) ns3::Ipv4Header (tos 0x0 DSCP Default ECN Not-ECT ttl 64 id 2 protocol 17 offset (bytes) 0 flags [none] length: 45 192.168.2.1 &gt; 192.168.2.255) ns3::UdpHeader (length: 25 269 &gt; 269) ns3::Epidemic::TypeHeader (BEACON) ns3::Epidemic::EpidemicHeader ( Packet ID: 1101480448 Hop count: 1000 TimeStamp: +0.0ns) ns3::WifiMacTrailer ()" />
<wpr uId="52" tId="0" fbRx="3.138" lbRx="0" />
<pr uId="53" fId="9" fbTx="3.203" meta-info="ns3::WifiMacHeader (DATA ToDS=0, FromDS=0, MoreFrag=0, Retry=0, MoreData=0 Duration/ID=0us, DA=ff:ff:ff:ff:ff:ff, SA=00:00:00:00:00:0a, BSSID=00:00:00:00:00:0a, FragNumber=0, SeqNumber=5) ns3::LlcSnapHeader (type 0x800) ns3::Ipv4Header (tos 0x0 DSCP Default ECN Not-ECT ttl 64 id 2 protocol 17 offset (bytes) 0 flags [none] length: 45 192.168.2.5 &gt; 192.168.2.255) ns3::UdpHeader (length: 25 269 &gt; 269) ns3::Epidemic::TypeHeader (BEACON) ns3::Epidemic::EpidemicHeader ( Packet ID: 1101480448 Hop count: 1000 TimeStamp: +0.0ns) ns3::WifiMacTrailer ()" />
<wpr uId="53" tId="4" fbRx="3.203" lbRx="0" />
<wpr uId="53" tId="3" fbRx="3.203000833" lbRx="0" />
<wpr uId="53" tId="8" fbRx="3.203000833" lbRx="0" />
<pr uId="54" fId="8" fbTx="3.218" meta-info="ns3::WifiMacHeader (DATA ToDS=0, FromDS=0, MoreFrag=0, Retry=0, MoreData=0 Duration/ID=0us, DA=ff:ff:ff:ff:ff:ff, SA=00:00:00:00:00:09, BSSID=00:00:00:00:00:09, FragNumber=0, SeqNumber=8) ns3::LlcSnapHeader (type 0x800) ns3::Ipv4Header (tos 0x0 DSCP Default ECN Not-ECT ttl 64 id 2 protocol 17 offset (bytes) 0 flags [none] length: 45 192.168.2.4 &gt; 192.168.2.255) ns3::UdpHeader (length: 25 269 &gt; 269) ns3::Epidemic::TypeHeader (BEACON) ns3::Epidemic::EpidemicHeader ( Packet ID: 1101480448 Hop count: 1000 TimeStamp: +0.0ns) ns3::WifiMacTrailer ()" />
<wpr uId="54" tId="3" fbRx="3.218" lbRx="0" />
<wpr uId="54" tId="2" fbRx="3.218000833" lbRx="0" />
<wpr uId="54" tId="4" fbRx="3.218000833" lbRx="0" />
<wpr uId="54" tId="7" fbRx="3.218000833" lbRx="0" />
<wpr uId="54" tId="9" fbRx="3.218000833" lbRx="0" />
<pr uId="55" fId="6" fbTx="3.249" meta-info="ns3::WifiMacHeader (DATA ToDS=0, FromDS=0, MoreFrag=0, Retry=0, MoreData=0 Duration/ID=0us, DA=ff:ff:ff:ff:ff:ff, SA=00:00:00:00:00:07, BSSID=00:00:00:00:00:07, FragNumber=0, SeqNumber=5) ns3::LlcSnapHeader (type 0x800) ns3::Ipv4Header (tos 0x0 DSCP Default ECN Not-ECT ttl 64 id 2 protocol 17 offset (bytes) 0 flags [none] length: 45 192.168.2.2 &gt; 192.168.2.255) ns3::UdpHeader (length: 25 269 &gt; 269) ns3::Epidemic::TypeHeader (BEACON) ns3::Epidemic::EpidemicHeader ( Packet ID: 1101480448 Hop count: 1000 TimeStamp: +0.0ns) ns3::WifiMacTrailer ()" />
<wpr uId="55" tId="1" fbRx="3.249" lbRx="0" />
<wpr uId="55" tId="2" fbRx="3.249000833" lbRx="0" />
<wpr uId="55" tId="7" fbRx="3.249000833" lbRx="0" />
<pr uId="56" fId="3" fbTx="4.104416469" meta-info="ns3::WifiMacHeader (DATA ToDS=0, FromDS=0, MoreFrag=0, Retry=0, MoreData=0 Duration/ID=0us, DA=ff:ff:ff:ff:ff:ff, SA=00:00:00:00:00:04, BSSID=00:00:00:00:00:04, FragNumber=0, SeqNumber=2) ns3::LlcSnapHeader (type 0x800) ns3::Ipv4Header (tos 0x0 DSCP Default ECN Not-ECT ttl 64 id 2 protocol 17 offset (bytes) 0 flags [none] length: 64 192.168.1.4 &gt; 192.168.1.255) ns3::UdpHeader (length: 44 698 &gt; 698) ns3::olsr::PacketHeader () ns3::olsr::MessageHeader () ns3::WifiMacTrailer ()" />
<wpr uId="56" tId="8" fbRx="4.104416469" lbRx="0" />
<wpr uId="56" tId="2" fbRx="4.104417302" lbRx="0" />
<wpr uId="56" tId="4" fbRx="4.104417302" lbRx="0" />
<wpr uId="56" tId="7" fbRx="4.104417302" lbRx="0" />
<wpr uId="56" tId="9" fbRx="4.104417302" lbRx="0" />
<pr uId="57" fId="7" fbTx="4.126" meta-info="ns3::WifiMacHeader (DATA ToDS=0, FromDS=0, MoreFrag=0, Retry=0, MoreData=0 Duration/ID=0us, DA=ff:ff:ff:ff:ff:ff, SA=00:00:00:00:00:08, BSSID=00:00:00:00:00:08, FragNumber=0, SeqNumber=9) ns3::LlcSnapHeader (type 0x800) ns3::Ipv4Header (tos 0x0 DSCP Default ECN Not-ECT ttl 64 id 3 protocol 17 offset (bytes) 0 flags [none] length: 45 192.168.2.3 &gt; 192.168.2.255) ns3::UdpHeader (length: 25 269 &gt; 269) ns3::Epidemic::TypeHeader (BEACON) ns3::Epidemic::EpidemicHeader ( Packet ID: 1101480448 Hop count: 1000 TimeStamp: +0.0ns) ns3::WifiMacTrailer ()" />
<wpr uId="57" tId="2" fbRx="4.126" lbRx="0" />
<wpr uId="57" tId="1" fbRx="4.126000833" lbRx="0" />
<wpr uId="57" tId="3" fbRx="4.126000833" lbRx="0" />
<wpr uId="57" tId="6" fbRx="4.126000833" lbRx="0" />
<wpr uId="57" tId="8" fbRx="4.126000833" lbRx="0" />
<pr uId="58" fId="0" fbTx="4.161943918" meta-info="ns3::WifiMacHeader (DATA ToDS=0, FromDS=0, MoreFrag=0, Retry=0, MoreData=0 Duration/ID=0us, DA=ff:ff:ff:ff:ff:ff, SA=00:00:00:00:00:01, BSSID=00:00:00:00:00:01, FragNumber=0, SeqNumber=2) ns3::LlcSnapHeader (type 0x800) ns3::Ipv4Header (tos 0x0 DSCP Default ECN Not-ECT ttl 64 id 2 protocol 17 offset (bytes) 0 flags [none] length: 48 192.168.1.1 &gt; 192.168.1.255) ns3::UdpHeader (length: 28 698 &gt; 698) ns3::olsr::PacketHeader () ns3::olsr::MessageHeader () ns3::WifiMacTrailer ()" />
<wpr uId="58" tId="5" fbRx="4.161943918" lbRx="0" />
<pr uId="59" fId="5" fbTx="4.192" meta-info="ns3::WifiMacHeader (DATA ToDS=0, FromDS=0, MoreFrag=0, Retry=0, MoreData=0 Duration/ID=0us, DA=ff:ff:ff:ff:ff:ff, SA=00:00:00:00:00:06, BSSID=00:00:00:00:00:06, FragNumber=0, SeqNumber=3) ns3::LlcSnapHeader (type 0x800) ns3::Ipv4Header (tos 0x0 DSCP Default ECN Not-ECT ttl 64 id 3 protocol 17 offset (bytes) 0 flags [none] length: 45 192.168.2.1 &gt; 192.168.2.255) ns3::UdpHeader (length: 25 269 &gt; 269) ns3::Epidemic::TypeHeader (BEACON) ns3::Epidemic::EpidemicHeader ( Packet ID: 1101480448 Hop count: 1000 TimeStamp: +0.0ns) ns3::WifiMacTrailer ()" />
<wpr uId="59" tId="0" fbRx="4.192" lbRx="0" />
<pr uId="60" fId="4" fbTx="4.231213621" meta-info="ns3::WifiMacHeader (DATA ToDS=0, FromDS=0, MoreFrag=0, Retry=0, MoreData=0 Duration/ID=0us, DA=ff:ff:ff:ff:ff:ff, SA=00:00:00:00:00:05, BSSID=00:00:00:00:00:05, FragNumber=0, SeqNumber=2) ns3::LlcSnapHeader (type 0x800) ns3::Ipv4Header (tos 0x0 DSCP Default ECN Not-ECT ttl 64 id 2 protocol 17 offset (bytes) 0 flags [none] length: 56 192.168.1.5 &gt; 192.168.1.255) ns3::UdpHeader (length: 36 698 &gt; 698) ns3::olsr::PacketHeader () ns3::olsr::MessageHeader () ns3::WifiMacTrailer ()" />
<wpr uId="60" tId="9" fbRx="4.231213621" lbRx="0" />
<wpr uId="60" tId="3" fbRx="4.231214454" lbRx="0" />
<wpr uId="60" tId="8" fbRx="4.231214454" lbRx="0" />
<pr uId="61" fId="8" fbTx="4.237" meta-info="ns3::WifiMacHeader (DATA ToDS=0, FromDS=0, MoreFrag=0, Retry=0, MoreData=0 Duration/ID=0us, DA=ff:ff:ff:ff:ff:ff, SA=00:00:00:00:00:09, BSSID=00:00:00:00:00:09, FragNumber=0, SeqNumber=9) ns3::LlcSnapHeader (type 0x800) ns3::Ipv4Header (tos 0x0 DSCP Default ECN Not-ECT ttl 64 id 3 protocol 17 offset (bytes) 0 flags [none] length: 45 192.168.2.4 &gt; 192.168.2.255) ns3::UdpHeader (length: 25 269 &gt; 269) ns3::Epidemic::TypeHeader (BEACON) ns3::Epidemic::EpidemicHeader ( Packet ID: 1101480448 Hop count: 1000 TimeStamp: +0.0ns) ns3::WifiMacTrailer ()" />
<wpr uId="61" tId="3" fbRx="4.237" lbRx="0" />
<wpr uId="61" tId="2" fbRx="4.237000833" lbRx="0" />
<wpr uId="61" tId="4" fbRx="4.237000833" lbRx="0" />
<wpr uId="61" tId="7" fbRx="4.237000833" lbRx="0" />
<wpr uId="61" tId="9" fbRx="4.237000833" lbRx="0" />
<pr uId="62" fId="9" fbTx="4.261" meta-info="ns3::WifiMacHeader (DATA ToDS=0, FromDS=0, MoreFrag=0, Retry=0, MoreData=0 Duration/ID=0us, DA=ff:ff:ff:ff:ff:ff, SA=00:00:00:00:00:0a, BSSID=00:00:00:00:00:0a, FragNumber=0, SeqNumber=6) ns3::LlcSnapHeader (type 0x800) ns3::Ipv4Header (tos 0x0 DSCP Default ECN Not-ECT ttl 64 id 3 protocol 17 offset (bytes) 0 flags [none] length: 45 192.168.2.5 &gt; 192.168.2.255) ns3::UdpHeader (length: 25 269 &gt; 269) ns3::Epidemic::TypeHeader (BEACON) ns3::Epidemic::EpidemicHeader ( Packet ID: 1101480448 Hop count: 1000 TimeStamp: +0.0ns) ns3::WifiMacTrailer ()" />
<wpr uId="62" tId="4" fbRx="4.261" lbRx="0" />
<wpr uId="62" tId="3" fbRx="4.261000833" lbRx="0" />
<wpr uId="62" tId="8" fbRx="4.261000833" lbRx="0" />
<pr uId="63" fId="6" fbTx="4.287" meta-info="ns3::WifiMacHeader (DATA ToDS=0, FromDS=0, MoreFrag=0, Retry=0, MoreData=0 Duration/ID=0us, DA=ff:ff:ff:ff:ff:ff, SA=00:00:00:00:00:07, BSSID=00:00:00:00:00:07, FragNumber=0, SeqNumber=6) ns3::LlcSnapHeader (type 0x800) ns3::Ipv4Header (tos 0x0 DSCP Default ECN Not-ECT ttl 64 id 3 protocol 17 offset (bytes) 0 flags [none] length: 45 192.168.2.2 &gt; 192.168.2.255) ns3::UdpHeader (length: 25 269 &gt; 269) ns3::Epidemic::TypeHeader (BEACON) ns3::Epidemic::EpidemicHeader ( Packet ID: 1101480448 Hop count: 1000 TimeStamp: +0.0ns) ns3::WifiMacTrailer ()" />
<wpr uId="63" tId="1" fbRx="4.287" lbRx="0" />
<wpr uId="63" tId="2" fbRx="4.287000833" lbRx="0" />
<wpr uId="63" tId="7" fbRx="4.287000833" lbRx="0" />
<pr uId="64" fId="2" fbTx="4.295204503" meta-info="ns3::WifiMacHeader (DATA ToDS=0, FromDS=0, MoreFrag=0, Retry=0, MoreData=0 Duration/ID=0us, DA=ff:ff:ff:ff:ff:ff, SA=00:00:00:00:00:03, BSSID=00:00:00:00:00:03, FragNumber=0, SeqNumber=2) ns3::LlcSnapHeader (type 0x800) ns3::Ipv4Header (tos 0x0 DSCP Default ECN Not-ECT ttl 64 id 2 protocol 17 offset (bytes) 0 flags [none] length: 64 192.168.1.3 &gt; 192.168.1.255) ns3::UdpHeader (length: 44 698 &gt; 698) ns3::olsr::PacketHeader () ns3::olsr::MessageHeader () ns3::WifiMacTrailer ()" />
<wpr uId="64" tId="7" fbRx="4.295204503" lbRx="0" />
<wpr uId="64" tId="1" fbRx="4.295205336" lbRx="0" />
<wpr uId="64" tId="3" fbRx="4.295205336" lbRx="0" />
<wpr uId="64" tId="6" fbRx="4.295205336" lbRx="0" />
<wpr uId="64" tId="8" fbRx="4.295205336" lbRx="0" />
<pr uId="65" fId="1" fbTx="4.452990009" meta-info="ns3::WifiMacHeader (DATA ToDS=0, FromDS=0, MoreFrag=0, Retry=0, MoreData=0 Duration/ID=0us, DA=ff:ff:ff:ff:ff:ff, SA=00:00:00:00:00:02, BSSID=00:00:00:00:00:02, FragNumber=0, SeqNumber=2) ns3::LlcSnapHeader (type 0x800) ns3::Ipv4Header (tos 0x0 DSCP Default ECN Not-ECT ttl 64 id 2 protocol 17 offset (bytes) 0 flags [none] length: 56 192.168.1.2 &gt; 192.168.1.255) ns3::UdpHeader (length: 36 698 &gt; 698) ns3::olsr::PacketHeader () ns3::olsr::MessageHeader () ns3::WifiMacTrailer ()" />
<wpr uId="65" tId="6" fbRx="4.452990009" lbRx="0" />
<wpr uId="65" tId="2" fbRx="4.452990842" lbRx="0" />
<wpr uId="65" tId="7" fbRx="4.452990842" lbRx="0" />
<pr uId="66" fId="7" fbTx="5.191" meta-info="ns3::WifiMacHeader (DATA ToDS=0, FromDS=0, MoreFrag=0, Retry=0, MoreData=0 Duration/ID=0us, DA=ff:ff:ff:ff:ff:ff, SA=00:00:00:00:00:08, BSSID=00:00:00:00:00:08, FragNumber=0, SeqNumber=10) ns3::LlcSnapHeader (type 0x800) ns3::Ipv4Header (tos 0x0 DSCP Default ECN Not-ECT ttl 64 id 4 protocol 17 offset (bytes) 0 flags [none] length: 45 192.168.2.3 &gt; 192.168.2.255) ns3::UdpHeader (length: 25 269 &gt; 269) ns3::Epidemic::TypeHeader (BEACON) ns3::Epidemic::EpidemicHeader ( Packet ID: 1101480448 Hop count: 1000 TimeStamp: +0.0ns) ns3::WifiMacTrailer ()" />
<wpr uId="66" tId="2" fbRx="5.191" lbRx="0" />
<wpr uId="66" tId="1" fbRx="5.191000833" lbRx="0" />
<wpr uId="66" tId="3" fbRx="5.191000833" lbRx="0" />
<wpr uId="66" tId="6" fbRx="5.191000833" lbRx="0" />
<wpr uId="66" tId="8" fbRx="5.191000833" lbRx="0" />
<pr uId="67" fId="5" fbTx="5.195" meta-info="ns3::WifiMacHeader (DATA ToDS=0, FromDS=0, MoreFrag=0, Retry=0, MoreData=0 Duration/ID=0us, DA=ff:ff:ff:ff:ff:ff, SA=00:00:00:00:00:06, BSSID=00:00:00:00:00:06, FragNumber=0, SeqNumber=4) ns3::LlcSnapHeader (type 0x800) ns3::Ipv4Header (tos 0x0 DSCP Default ECN Not-ECT ttl 64 id 4 protocol 17 offset (bytes) 0 flags [none] length: 45 192.168.2.1 &gt; 192.168.2.255) ns3::UdpHeader (length: 25 269 &gt; 269) ns3::Epidemic::TypeHeader (BEACON) ns3::Epidemic::EpidemicHeader ( Packet ID: 1101480448 Hop count: 1000 TimeStamp: +0.0ns) ns3::WifiMacTrailer ()" />
<wpr uId="67" tId="0" fbRx="5.195" lbRx="0" />
<pr uId="68" fId="9" fbTx="5.287" meta-info="ns3::WifiMacHeader (DATA ToDS=0, FromDS=0, MoreFrag=0, Retry=0, MoreData=0 Duration/ID=0us, DA=ff:ff:ff:ff:ff:ff, SA=00:00:00:00:00:0a, BSSID=00:00:00:00:00:0a, FragNumber=0, SeqNumber=7) ns3::LlcSnapHeader (type 0x800) ns3::Ipv4Header (tos 0x0 DSCP Default ECN Not-ECT ttl 64 id 4 protocol 17 offset (bytes) 0 flags [none] length: 45 192.168.2.5 &gt; 192.168.2.255) ns3::UdpHeader (length: 25 269 &gt; 269) ns3::Epidemic::TypeHeader (BEACON) ns3::Epidemic::EpidemicHeader ( Packet ID: 1101480448 Hop count: 1000 TimeStamp: +0.0ns) ns3::WifiMacTrailer ()" />
<wpr uId="68" tId="4" fbRx="5.287" lbRx="0" />
<wpr uId="68" tId="3" fbRx="5.287000833" lbRx="0" />
<wpr uId="68" tId="8" fbRx="5.287000833" lbRx="0" />
<pr uId="69" fId="6" fbTx="5.304" meta-info="ns3::WifiMacHeader (DATA ToDS=0, FromDS=0, MoreFrag=0, Retry=0, MoreData=0 Duration/ID=0us, DA=ff:ff:ff:ff:ff:ff, SA=00:00:00:00:00:07, BSSID=00:00:00:00:00:07, FragNumber=0, SeqNumber=7) ns3::LlcSnapHeader (type 0x800) ns3::Ipv4Header (tos 0x0 DSCP Default ECN Not-ECT ttl 64 id 4 protocol 17 offset (bytes) 0 flags [none] length: 45 192.168.2.2 &gt; 192.168.2.255) ns3::UdpHeader (length: 25 269 &gt; 269) ns3::Epidemic::TypeHeader (BEACON) ns3::Epidemic::EpidemicHeader ( Packet ID: 1101480448 Hop count: 1000 TimeStamp: +0.0ns) ns3::WifiMacTrailer ()" />
<wpr uId="69" tId="1" fbRx="5.304" lbRx="0" />
<wpr uId="69" tId="2" fbRx="5.304000833" lbRx="0" />
<wpr uId="69" tId="7" fbRx="5.304000833" lbRx="0" />
<pr uId="70" fId="8" fbTx="5.322" meta-info="ns3::WifiMacHeader (DATA ToDS=0, FromDS=0, MoreFrag=0, Retry=0, MoreData=0 Duration/ID=0us, DA=ff:ff:ff:ff:ff:ff, SA=00:00:00:00:00:09, BSSID=00:00:00:00:00:09, FragNumber=0, SeqNumber=10) ns3::LlcSnapHeader (type 0x800) ns3::Ipv4Header (tos 0x0 DSCP Default ECN Not-ECT ttl 64 id 4 protocol 17 offset (bytes) 0 flags [none] length: 45 192.168.2.4 &gt; 192.168.2.255) ns3::UdpHeader (length: 25 269 &gt; 269) ns3::Epidemic::TypeHeader (BEACON) ns3::Epidemic::EpidemicHeader ( Packet ID: 1101480448 Hop count: 1000 TimeStamp: +0.0ns) ns3::WifiMacTrailer ()" />
<wpr uId="70" tId="3" fbRx="5.322" lbRx="0" />
<wpr uId="70" tId="2" fbRx="5.322000833" lbRx="0" />
<wpr uId="70" tId="4" fbRx="5.322000833" lbRx="0" />
<wpr uId="70" tId="7" fbRx="5.322000833" lbRx="0" />
<wpr uId="70" tId="9" fbRx="5.322000833" lbRx="0" />
<pr uId="71" fId="0" fbTx="6.160945889" meta-info="ns3::WifiMacHeader (DATA ToDS=0, FromDS=0, MoreFrag=0, Retry=0, MoreData=0 Duration/ID=0us, DA=ff:ff:ff:ff:ff:ff, SA=00:00:00:00:00:01, BSSID=00:00:00:00:00:01, FragNumber=0, SeqNumber=3) ns3::LlcSnapHeader (type 0x800) ns3::Ipv4Header (tos 0x0 DSCP Default ECN Not-ECT ttl 64 id 3 protocol 17 offset (bytes) 0 flags [none] length: 48 192.168.1.1 &gt; 192.168.1.255) ns3::UdpHeader (length: 28 698 &gt; 698) ns3::olsr::PacketHeader () ns3::olsr::MessageHeader () ns3::WifiMacTrailer ()" />
<wpr uId="71" tId="5" fbRx="6.160945889" lbRx="0" />
<pr uId="72" fId="5" fbTx="6.247" meta-info="ns3::WifiMacHeader (DATA ToDS=0, FromDS=0, MoreFrag=0, Retry=0, MoreData=0 Duration/ID=0us, DA=ff:ff:ff:ff:ff:ff, SA=00:00:00:00:00:06, BSSID=00:00:00:00:00:06, FragNumber=0, SeqNumber=5) ns3::LlcSnapHeader (type 0x800) ns3::Ipv4Header (tos 0x0 DSCP Default ECN Not-ECT ttl 64 id 5 protocol 17 offset (bytes) 0 flags [none] length: 45 192.168.2.1 &gt; 192.168.2.255) ns3::UdpHeader (length: 25 269 &gt; 269) ns3::Epidemic::TypeHeader (BEACON) ns3::Epidemic::EpidemicHeader ( Packet ID: 1101480448 Hop count: 1000 TimeStamp: +0.0ns) ns3::WifiMacTrailer ()" />
<wpr uId="72" tId="0" fbRx="6.247" lbRx="0" />
<pr uId="73" fId="7" fbTx="6.264" meta-info="ns3::WifiMacHeader (DATA ToDS=0, FromDS=0, MoreFrag=0, Retry=0, MoreData=0 Duration/ID=0us, DA=ff:ff:ff:ff:ff:ff, SA=00:00:00:00:00:08, BSSID=00:00:00:00:00:08, FragNumber=0, SeqNumber=11) ns3::LlcSnapHeader (type 0x800) ns3::Ipv4Header (tos 0x0 DSCP Default ECN Not-ECT ttl 64 id 5 protocol 17 offset (bytes) 0 flags [none] length: 45 192.168.2.3 &gt; 192.168.2.255) ns3::UdpHeader (length: 25 269 &gt; 269) ns3::Epidemic::TypeHeader (BEACON) ns3::Epidemic::EpidemicHeader ( Packet ID: 1101480448 Hop count: 1000 TimeStamp: +0.0ns) ns3::WifiMacTrailer ()" />
<wpr uId="73" tId="2" fbRx="6.264" lbRx="0" />
<wpr uId="73" tId="1" fbRx="6.264000833" lbRx="0" />
<wpr uId="73" tId="3" fbRx="6.264000833" lbRx="0" />
<wpr uId="73" tId="6" fbRx="6.264000833" lbRx="0" />
<wpr uId="73" tId="8" fbRx="6.264000833" lbRx="0" />
<pr uId="74" fId="2" fbTx="6.275460256" meta-info="ns3::WifiMacHeader (DATA ToDS=0, FromDS=0, MoreFrag=0, Retry=0, MoreData=0 Duration/ID=0us, DA=ff:ff:ff:ff:ff:ff, SA=00:00:00:00:00:03, BSSID=00:00:00:00:00:03, FragNumber=0, SeqNumber=3) ns3::LlcSnapHeader (type 0x800) ns3::Ipv4Header (tos 0x0 DSCP Default ECN Not-ECT ttl 64 id 3 protocol 17 offset (bytes) 0 flags [none] length: 64 192.168.1.3 &gt; 192.168.1.255) ns3::UdpHeader (length: 44 698 &gt; 698) ns3::olsr::PacketHeader () ns3::olsr::MessageHeader () ns3::WifiMacTrailer ()" />
<wpr uId="74" tId="7" fbRx="6.275460256" lbRx="0" />
<wpr uId="74" tId="1" fbRx="6.275461089" lbRx="0" />
<wpr uId="74" tId="3" fbRx="6.275461089" lbRx="0" />
<wpr uId="74" tId="6" fbRx="6.275461089" lbRx="0" />
<wpr uId="74" tId="8" fbRx="6.275461089" lbRx="0" />
<pr uId="75" fId="8" fbTx="6.327" meta-info="ns3::WifiMacHeader (DATA ToDS=0, FromDS=0, MoreFrag=0, Retry=0, MoreData=0 Duration/ID=0us, DA=ff:ff:ff:ff:ff:ff, SA=00:00:00:00:00:09, BSSID=00:00:00:00:00:09, FragNumber=0, SeqNumber=11) ns3::LlcSnapHeader (type 0x800) ns3::Ipv4Header (tos 0x0 DSCP Default ECN Not-ECT ttl 64 id 5 protocol 17 offset (bytes) 0 flags [none] length: 45 192.168.2.4 &gt; 192.168.2.255) ns3::UdpHeader (length: 25 269 &gt; 269) ns3::Epidemic::TypeHeader (BEACON) ns3::Epidemic::EpidemicHeader ( Packet ID: 1101480448 Hop count: 1000 TimeStamp: +0.0ns) ns3::WifiMacTrailer ()" />
<wpr uId="75" tId="3" fbRx="6.327" lbRx="0" />
<wpr uId="75" tId="2" fbRx="6.327000833" lbRx="0" />
<wpr uId="75" tId="4" fbRx="6.327000833" lbRx="0" />
<wpr uId="75" tId="7" fbRx="6.327000833" lbRx="0" />
<wpr uId="75" tId="9" fbRx="6.327000833" lbRx="0" />
<pr uId="76" fId="6" fbTx="6.335" meta-info="ns3::WifiMacHeader (DATA ToDS=0, FromDS=0, MoreFrag=0, Retry=0, MoreData=0 Duration/ID=0us, DA=ff:ff:ff:ff:ff:ff, SA=00:00:00:00:00:07, BSSID=00:00:00:00:00:07, FragNumber=0, SeqNumber=8) ns3::LlcSnapHeader (type 0x800) ns3::Ipv4Header (tos 0x0 DSCP Default ECN Not-ECT ttl 64 id 5 protocol 17 offset (bytes) 0 flags [none] length: 45 192.168.2.2 &gt; 192.168.2.255) ns3::UdpHeader (length: 25 269 &gt; 269) ns3::Epidemic::TypeHeader (BEACON) ns3::Epidemic::EpidemicHeader ( Packet ID: 1101480448 Hop count: 1000 TimeStamp: +0.0ns) ns3::WifiMacTrailer ()" />
<wpr uId="76" tId="1" fbRx="6.335" lbRx="0" />
<wpr uId="76" tId="2" fbRx="6.335000833" lbRx="0" />
<wpr uId="76" tId="7" fbRx="6.335000833" lbRx="0" />
<pr uId="77" fId="3" fbTx="6.351842946" meta-info="ns3::WifiMacHeader (DATA ToDS=0, FromDS=0, MoreFrag=0, Retry=0, MoreData=0 Duration/ID=0us, DA=ff:ff:ff:ff:ff:ff, SA=00:00:00:00:00:04, BSSID=00:00:00:00:00:04, FragNumber=0, SeqNumber=3) ns3::LlcSnapHeader (type 0x800) ns3::Ipv4Header (tos 0x0 DSCP Default ECN Not-ECT ttl 64 id 3 protocol 17 offset (bytes) 0 flags [none] length: 64 192.168.1.4 &gt; 192.168.1.255) ns3::UdpHeader (length: 44 698 &gt; 698) ns3::olsr::PacketHeader () ns3::olsr::MessageHeader () ns3::WifiMacTrailer ()" />
<wpr uId="77" tId="8" fbRx="6.351842946" lbRx="0" />
<wpr uId="77" tId="2" fbRx="6.351843779" lbRx="0" />
<wpr uId="77" tId="4" fbRx="6.351843779" lbRx="0" />
<wpr uId="77" tId="7" fbRx="6.351843779" lbRx="0" />
<wpr uId="77" tId="9" fbRx="6.351843779" lbRx="0" />
<pr uId="78" fId="9" fbTx="6.365" meta-info="ns3::WifiMacHeader (DATA ToDS=0, FromDS=0, MoreFrag=0, Retry=0, MoreData=0 Duration/ID=0us, DA=ff:ff:ff:ff:ff:ff, SA=00:00:00:00:00:0a, BSSID=00:00:00:00:00:0a, FragNumber=0, SeqNumber=8) ns3::LlcSnapHeader (type 0x800) ns3::Ipv4Header (tos 0x0 DSCP Default ECN Not-ECT ttl 64 id 5 protocol 17 offset (bytes) 0 flags [none] length: 45 192.168.2.5 &gt; 192.168.2.255) ns3::UdpHeader (length: 25 269 &gt; 269) ns3::Epidemic::TypeHeader (BEACON) ns3::Epidemic::EpidemicHeader ( Packet ID: 1101480448 Hop count: 1000 TimeStamp: +0.0ns) ns3::WifiMacTrailer ()" />
<wpr uId="78" tId="4" fbRx="6.365" lbRx="0" />
<wpr uId="78" tId="3" fbRx="6.365000833" lbRx="0" />
<wpr uId="78" tId="8" fbRx="6.365000833" lbRx="0" />
<pr uId="79" fId="1" fbTx="6.410650484" meta-info="ns3::WifiMacHeader (DATA ToDS=0, FromDS=0, MoreFrag=0, Retry=0, MoreData=0 Duration/ID=0us, DA=ff:ff:ff:ff:ff:ff, SA=00:00:00:00:00:02, BSSID=00:00:00:00:00:02, FragNumber=0, SeqNumber=3) ns3::LlcSnapHeader (type 0x800) ns3::Ipv4Header (tos 0x0 DSCP Default ECN Not-ECT ttl 64 id 3 protocol 17 offset (bytes) 0 flags [none] length: 56 192.168.1.2 &gt; 192.168.1.255) ns3::UdpHeader (length: 36 698 &gt; 698) ns3::olsr::PacketHeader () ns3::olsr::MessageHeader () ns3::WifiMacTrailer ()" />
<wpr uId="79" tId="6" fbRx="6.410650484" lbRx="0" />
<wpr uId="79" tId="2" fbRx="6.410651317" lbRx="0" />
<wpr uId="79" tId="7" fbRx="6.410651317" lbRx="0" />
<pr uId="80" fId="4" fbTx="6.449972696" meta-info="ns3::WifiMacHeader (DATA ToDS=0, FromDS=0, MoreFrag=0, Retry=0, MoreData=0 Duration/ID=0us, DA=ff:ff:ff:ff:ff:ff, SA=00:00:00:00:00:05, BSSID=00:00:00:00:00:05, FragNumber=0, SeqNumber=3) ns3::LlcSnapHeader (type 0x800) ns3::Ipv4Header (tos 0x0 DSCP Default ECN Not-ECT ttl 64 id 3 protocol 17 offset (bytes) 0 flags [none] length: 56 192.168.1.5 &gt; 192.168.1.255) ns3::UdpHeader (length: 36 698 &gt; 698) ns3::olsr::PacketHeader () ns3::olsr::MessageHeader () ns3::WifiMacTrailer ()" />
<wpr uId="80" tId="9" fbRx="6.449972696" lbRx="0" />
<wpr uId="80" tId="3" fbRx="6.449973529" lbRx="0" />
<wpr uId="80" tId="8" fbRx="6.449973529" lbRx="0" />
<pr uId="81" fId="5" fbTx="7.257" meta-info="ns3::WifiMacHeader (DATA ToDS=0, FromDS=0, MoreFrag=0, Retry=0, MoreData=0 Duration/ID=0us, DA=ff:ff:ff:ff:ff:ff, SA=00:00:00:00:00:06, BSSID=00:00:00:00:00:06, FragNumber=0, SeqNumber=6) ns3::LlcSnapHeader (type 0x800) ns3::Ipv4Header (tos 0x0 DSCP Default ECN Not-ECT ttl 64 id 6 protocol 17 offset (bytes) 0 flags [none] length: 45 192.168.2.1 &gt; 192.168.2.255) ns3::UdpHeader (length: 25 269 &gt; 269) ns3::Epidemic::TypeHeader (BEACON) ns3::Epidemic::EpidemicHeader ( Packet ID: 1101480448 Hop count: 1000 TimeStamp: +0.0ns) ns3::WifiMacTrailer ()" />
<wpr uId="81" tId="0" fbRx="7.257" lbRx="0" />
<pr uId="82" fId="7" fbTx="7.286" meta-info="ns3::WifiMacHeader (DATA ToDS=0, FromDS=0, MoreFrag=0, Retry=0, MoreData=0 Duration/ID=0us, DA=ff:ff:ff:ff:ff:ff, SA=00:00:00:00:00:08, BSSID=00:00:00:00:00:08, FragNumber=0, SeqNumber=12) ns3::LlcSnapHeader (type 0x800) ns3::Ipv4Header (tos 0x0 DSCP Default ECN Not-ECT ttl 64 id 6 protocol 17 offset (bytes) 0 flags [none] length: 45 192.168.2.3 &gt; 192.168.2.255) ns3::UdpHeader (length: 25 269 &gt; 269) ns3::Epidemic::TypeHeader (BEACON) ns3::Epidemic::EpidemicHeader ( Packet ID: 1101480448 Hop count: 1000 TimeStamp: +0.0ns) ns3::WifiMacTrailer ()" />
<wpr uId="82" tId="2" fbRx="7.286" lbRx="0" />
<wpr uId="82" tId="1" fbRx="7.286000833" lbRx="0" />
<wpr uId="82" tId="3" fbRx="7.286000833" lbRx="0" />
<wpr uId="82" tId="6" fbRx="7.286000833" lbRx="0" />
<wpr uId="82" tId="8" fbRx="7.286000833" lbRx="0" />
<pr uId="83" fId="8" fbTx="7.386" meta-info="ns3::WifiMacHeader (DATA ToDS=0, FromDS=0, MoreFrag=0, Retry=0, MoreData=0 Duration/ID=0us, DA=ff:ff:ff:ff:ff:ff, SA=00:00:00:00:00:09, BSSID=00:00:00:00:00:09, FragNumber=0, SeqNumber=12) ns3::LlcSnapHeader (type 0x800) ns3::Ipv4Header (tos 0x0 DSCP Default ECN Not-ECT ttl 64 id 6 protocol 17 offset (bytes) 0 flags [none] length: 45 192.168.2.4 &gt; 192.168.2.255) ns3::UdpHeader (length: 25 269 &gt; 269) ns3::Epidemic::TypeHeader (BEACON) ns3::Epidemic::EpidemicHeader ( Packet ID: 1101480448 Hop count: 1000 TimeStamp: +0.0ns) ns3::WifiMacTrailer ()" />
<wpr uId="83" tId="3" fbRx="7.386" lbRx="0" />
<wpr uId="83" tId="2" fbRx="7.386000833" lbRx="0" />
<wpr uId="83" tId="4" fbRx="7.386000833" lbRx="0" />
<wpr uId="83" tId="7" fbRx="7.386000833" lbRx="0" />
<wpr uId="83" tId="9" fbRx="7.386000833" lbRx="0" />
<pr uId="84" fId="6" fbTx="7.391" meta-info="ns3::WifiMacHeader (DATA ToDS=0, FromDS=0, MoreFrag=0, Retry=0, MoreData=0 Duration/ID=0us, DA=ff:ff:ff:ff:ff:ff, SA=00:00:00:00:00:07, BSSID=00:00:00:00:00:07, FragNumber=0, SeqNumber=9) ns3::LlcSnapHeader (type 0x800) ns3::Ipv4Header (tos 0x0 DSCP Default ECN Not-ECT ttl 64 id 6 protocol 17 offset (bytes) 0 flags [none] length: 45 192.168.2.2 &gt; 192.168.2.255) ns3::UdpHeader (length: 25 269 &gt; 269) ns3::Epidemic::TypeHeader (BEACON) ns3::Epidemic::EpidemicHeader ( Packet ID: 1101480448 Hop count: 1000 TimeStamp: +0.0ns) ns3::WifiMacTrailer ()" />
<wpr uId="84" tId="1" fbRx="7.391" lbRx="0" />
<wpr uId="84" tId="2" fbRx="7.391000833" lbRx="0" />
<wpr uId="84" tId="7" fbRx="7.391000833" lbRx="0" />
<pr uId="85" fId="9" fbTx="7.449" meta-info="ns3::WifiMacHeader (DATA ToDS=0, FromDS=0, MoreFrag=0, Retry=0, MoreData=0 Duration/ID=0us, DA=ff:ff:ff:ff:ff:ff, SA=00:00:00:00:00:0a, BSSID=00:00:00:00:00:0a, FragNumber=0, SeqNumber=9) ns3::LlcSnapHeader (type 0x800) ns3::Ipv4Header (tos 0x0 DSCP Default ECN Not-ECT ttl 64 id 6 protocol 17 offset (bytes) 0 flags [none] length: 45 192.168.2.5 &gt; 192.168.2.255) ns3::UdpHeader (length: 25 269 &gt; 269) ns3::Epidemic::TypeHeader (BEACON) ns3::Epidemic::EpidemicHeader ( Packet ID: 1101480448 Hop count: 1000 TimeStamp: +0.0ns) ns3::WifiMacTrailer ()" />
<wpr uId="85" tId="4" fbRx="7.449" lbRx="0" />
<wpr uId="85" tId="3" fbRx="7.449000833" lbRx="0" />
<wpr uId="85" tId="8" fbRx="7.449000833" lbRx="0" />
<pr uId="86" fId="3" fbTx="8.152402519" meta-info="ns3::WifiMacHeader (DATA ToDS=0, FromDS=0, MoreFrag=0, Retry=0, MoreData=0 Duration/ID=0us, DA=ff:ff:ff:ff:ff:ff, SA=00:00:00:00:00:04, BSSID=00:00:00:00:00:04, FragNumber=0, SeqNumber=4) ns3::LlcSnapHeader (type 0x800) ns3::Ipv4Header (tos 0x0 DSCP Default ECN Not-ECT ttl 64 id 4 protocol 17 offset (bytes) 0 flags [none] length: 64 192.168.1.4 &gt; 192.168.1.255) ns3::UdpHeader (length: 44 698 &gt; 698) ns3::olsr::PacketHeader () ns3::olsr::MessageHeader () ns3::WifiMacTrailer ()" />
<wpr uId="86" tId="8" fbRx="8.152402519" lbRx="0" />
<wpr uId="86" tId="2" fbRx="8.152403352" lbRx="0" />
<wpr uId="86" tId="4" fbRx="8.152403352" lbRx="0" />
<wpr uId="86" tId="7" fbRx="8.152403352" lbRx="0" />
<wpr uId="86" tId="9" fbRx="8.152403352" lbRx="0" />
<pr uId="87" fId="4" fbTx="8.226512021" meta-info="ns3::WifiMacHeader (DATA ToDS=0, FromDS=0, MoreFrag=0, Retry=0, MoreData=0 Duration/ID=0us, DA=ff:ff:ff:ff:ff:ff, SA=00:00:00:00:00:05, BSSID=00:00:00:00:00:05, FragNumber=0, SeqNumber=4) ns3::LlcSnapHeader (type 0x800) ns3::Ipv4Header (tos 0x0 DSCP Default ECN Not-ECT ttl 64 id 4 protocol 17 offset (bytes) 0 flags [none] length: 56 192.168.1.5 &gt; 192.168.1.255) ns3::UdpHeader (length: 36 698 &gt; 698) ns3::olsr::PacketHeader () ns3::olsr::MessageHeader () ns3::WifiMacTrailer ()" />
<wpr uId="87" tId="9" fbRx="8.226512021" lbRx="0" />
<wpr uId="87" tId="3" fbRx="8.226512854" lbRx="0" />
<wpr uId="87" tId="8" fbRx="8.226512854" lbRx="0" />
<pr uId="88" fId="1" fbTx="8.266559086" meta-info="ns3::WifiMacHeader (DATA ToDS=0, FromDS=0, MoreFrag=0, Retry=0, MoreData=0 Duration/ID=0us, DA=ff:ff:ff:ff:ff:ff, SA=00:00:00:00:00:02, BSSID=00:00:00:00:00:02, FragNumber=0, SeqNumber=4) ns3::LlcSnapHeader (type 0x800) ns3::Ipv4Header (tos 0x0 DSCP Default ECN Not-ECT ttl 64 id 4 protocol 17 offset (bytes) 0 flags [none] length: 56 192.168.1.2 &gt; 192.168.1.255) ns3::UdpHeader (length: 36 698 &gt; 698) ns3::olsr::PacketHeader () ns3::olsr::MessageHeader () ns3::WifiMacTrailer ()" />
<wpr uId="88" tId="6" fbRx="8.266559086" lbRx="0" />
<wpr uId="88" tId="2" fbRx="8.266559919" lbRx="0" />
<wpr uId="88" tId="7" fbRx="8.266559919" lbRx="0" />
<pr uId="89" fId="0" fbTx="8.27471108" meta-info="ns3::WifiMacHeader (DATA ToDS=0, FromDS=0, MoreFrag=0, Retry=0, MoreData=0 Duration/ID=0us, DA=ff:ff:ff:ff:ff:ff, SA=00:00:00:00:00:01, BSSID=00:00:00:00:00:01, FragNumber=0, SeqNumber=4) ns3::LlcSnapHeader (type 0x800) ns3::Ipv4Header (tos 0x0 DSCP Default ECN Not-ECT ttl 64 id 4 protocol 17 offset (bytes) 0 flags [none] length: 48 192.168.1.1 &gt; 192.168.1.255) ns3::UdpHeader (length: 28 698 &gt; 698) ns3::olsr::PacketHeader () ns3::olsr::MessageHeader () ns3::WifiMacTrailer ()" />
<wpr uId="89" tId="5" fbRx="8.27471108" lbRx="0" />
<pr uId="90" fId="2" fbTx="8.334687139" meta-info="ns3::WifiMacHeader (DATA ToDS=0, FromDS=0, MoreFrag=0, Retry=0, MoreData=0 Duration/ID=0us, DA=ff:ff:ff:ff:ff:ff, SA=00:00:00:00:00:03, BSSID=00:00:00:00:00:03, FragNumber=0, SeqNumber=4) ns3::LlcSnapHeader (type 0x800) ns3::Ipv4Header (tos 0x0 DSCP Default ECN Not-ECT ttl 64 id 4 protocol 17 offset (bytes) 0 flags [none] length: 64 192.168.1.3 &gt; 192.168.1.255) ns3::UdpHeader (length: 44 698 &gt; 698) ns3::olsr::PacketHeader () ns3::olsr::MessageHeader () ns3::WifiMacTrailer ()" />
<wpr uId="90" tId="7" fbRx="8.334687139" lbRx="0" />
<wpr uId="90" tId="1" fbRx="8.334687972" lbRx="0" />
<wpr uId="90" tId="3" fbRx="8.334687972" lbRx="0" />
<wpr uId="90" tId="6" fbRx="8.334687972" lbRx="0" />
<wpr uId="90" tId="8" fbRx="8.334687972" lbRx="0" />
<pr uId="91" fId="5" fbTx="8.341" meta-info="ns3::WifiMacHeader (DATA ToDS=0, FromDS=0, MoreFrag=0, Retry=0, MoreData=0 Duration/ID=0us, DA=ff:ff:ff:ff:ff:ff, SA=00:00:00:00:00:06, BSSID=00:00:00:00:00:06, FragNumber=0, SeqNumber=7) ns3::LlcSnapHeader (type 0x800) ns3::Ipv4Header (tos 0x0 DSCP Default ECN Not-ECT ttl 64 id 7 protocol 17 offset (bytes) 0 flags [none] length: 45 192.168.2.1 &gt; 192.168.2.255) ns3::UdpHeader (length: 25 269 &gt; 269) ns3::Epidemic::TypeHeader (BEACON) ns3::Epidemic::EpidemicHeader ( Packet ID: 1101480448 Hop count: 1000 TimeStamp: +0.0ns) ns3::WifiMacTrailer ()" />
<wpr uId="91" tId="0" fbRx="8.341" lbRx="0" />
<pr uId="92" fId="7" fbTx="8.367" meta-info="ns3::WifiMacHeader (DATA ToDS=0, FromDS=0, MoreFrag=0, Retry=0, MoreData=0 Duration/ID=0us, DA=ff:ff:ff:ff:ff:ff, SA=00:00:00:00:00:08, BSSID=00:00:00:00:00:08, FragNumber=0, SeqNumber=13) ns3::LlcSnapHeader (type 0x800) ns3::Ipv4Header (tos 0x0 DSCP Default ECN Not-ECT ttl 64 id 7 protocol 17 offset (bytes) 0 flags [none] length: 45 192.168.2.3 &gt; 192.168.2.255) ns3::UdpHeader (length: 25 269 &gt; 269) ns3::Epidemic::TypeHeader (BEACON) ns3::Epidemic::EpidemicHeader ( Packet ID: 1101480448 Hop count: 1000 TimeStamp: +0.0ns) ns3::WifiMacTrailer ()" />
<wpr uId="92" tId="2" fbRx="8.367" lbRx="0" />
<wpr uId="92" tId="1" fbRx="8.367000833" lbRx="0" />
<wpr uId="92" tId="3" fbRx="8.367000833" lbRx="0" />
<wpr uId="92" tId="6" fbRx="8.367000833" lbRx="0" />
<wpr uId="92" tId="8" fbRx="8.367000833" lbRx="0" />
<pr uId="93" fId="8" fbTx="8.431" meta-info="ns3::WifiMacHeader (DATA ToDS=0, FromDS=0, MoreFrag=0, Retry=0, MoreData=0 Duration/ID=0us, DA=ff:ff:ff:ff:ff:ff, SA=00:00:00:00:00:09, BSSID=00:00:00:00:00:09, FragNumber=0, SeqNumber=13) ns3::LlcSnapHeader (type 0x800) ns3::Ipv4Header (tos 0x0 DSCP Default ECN Not-ECT ttl 64 id 7 protocol 17 offset (bytes) 0 flags [none] length: 45 192.168.2.4 &gt; 192.168.2.255) ns3::UdpHeader (length: 25 269 &gt; 269) ns3::Epidemic::TypeHeader (BEACON) ns3::Epidemic::EpidemicHeader ( Packet ID: 1101480448 Hop count: 1000 TimeStamp: +0.0ns) ns3::WifiMacTrailer ()" />
<wpr uId="93" tId="3" fbRx="8.431" lbRx="0" />
<wpr uId="93" tId="2" fbRx="8.431000833" lbRx="0" />
<wpr uId="93" tId="4" fbRx="8.431000833" lbRx="0" />
<wpr uId="93" tId="7" fbRx="8.431000833" lbRx="0" />
<wpr uId="93" tId="9" fbRx="8.431000833" lbRx="0" />
<pr uId="94" fId="6" fbTx="8.473" meta-info="ns3::WifiMacHeader (DATA ToDS=0, FromDS=0, MoreFrag=0, Retry=0, MoreData=0 Duration/ID=0us, DA=ff:ff:ff:ff:ff:ff, SA=00:00:00:00:00:07, BSSID=00:00:00:00:00:07, FragNumber=0, SeqNumber=10) ns3::LlcSnapHeader (type 0x800) ns3::Ipv4Header (tos 0x0 DSCP Default ECN Not-ECT ttl 64 id 7 protocol 17 offset (bytes) 0 flags [none] length: 45 192.168.2.2 &gt; 192.168.2.255) ns3::UdpHeader (length: 25 269 &gt; 269) ns3::Epidemic::TypeHeader (BEACON) ns3::Epidemic::EpidemicHeader ( Packet ID: 1101480448 Hop count: 1000 TimeStamp: +0.0ns) ns3::WifiMacTrailer ()" />
<wpr uId="94" tId="1" fbRx="8.473" lbRx="0" />
<wpr uId="94" tId="2" fbRx="8.473000833" lbRx="0" />
<wpr uId="94" tId="7" fbRx="8.473000833" lbRx="0" />
<pr uId="95" fId="9" fbTx="8.49" meta-info="ns3::WifiMacHeader (DATA ToDS=0, FromDS=0, MoreFrag=0, Retry=0, MoreData=0 Duration/ID=0us, DA=ff:ff:ff:ff:ff:ff, SA=00:00:00:00:00:0a, BSSID=00:00:00:00:00:0a, FragNumber=0, SeqNumber=10) ns3::LlcSnapHeader (type 0x800) ns3::Ipv4Header (tos 0x0 DSCP Default ECN Not-ECT ttl 64 id 7 protocol 17 offset (bytes) 0 flags [none] length: 45 192.168.2.5 &gt; 192.168.2.255) ns3::UdpHeader (length: 25 269 &gt; 269) ns3::Epidemic::TypeHeader (BEACON) ns3::Epidemic::EpidemicHeader ( Packet ID: 1101480448 Hop count: 1000 TimeStamp: +0.0ns) ns3::WifiMacTrailer ()" />
<wpr uId="95" tId="4" fbRx="8.49" lbRx="0" />
<wpr uId="95" tId="3" fbRx="8.490000833" lbRx="0" />
<wpr uId="95" tId="8" fbRx="8.490000833" lbRx="0" />
<pr uId="96" fId="5" fbTx="9.356" meta-info="ns3::WifiMacHeader (DATA ToDS=0, FromDS=0, MoreFrag=0, Retry=0, MoreData=0 Duration/ID=0us, DA=ff:ff:ff:ff:ff:ff, SA=00:00:00:00:00:06, BSSID=00:00:00:00:00:06, FragNumber=0, SeqNumber=8) ns3::LlcSnapHeader (type 0x800) ns3::Ipv4Header (tos 0x0 DSCP Default ECN Not-ECT ttl 64 id 8 protocol 17 offset (bytes) 0 flags [none] length: 45 192.168.2.1 &gt; 192.168.2.255) ns3::UdpHeader (length: 25 269 &gt; 269) ns3::Epidemic::TypeHeader (BEACON) ns3::Epidemic::EpidemicHeader ( Packet ID: 1101480448 Hop count: 1000 TimeStamp: +0.0ns) ns3::WifiMacTrailer ()" />
<wpr uId="96" tId="0" fbRx="9.356" lbRx="0" />
<pr uId="97" fId="7" fbTx="9.403" meta-info="ns3::WifiMacHeader (DATA ToDS=0, FromDS=0, MoreFrag=0, Retry=0, MoreData=0 Duration/ID=0us, DA=ff:ff:ff:ff:ff:ff, SA=00:00:00:00:00:08, BSSID=00:00:00:00:00:08, FragNumber=0, SeqNumber=14) ns3::LlcSnapHeader (type 0x800) ns3::Ipv4Header (tos 0x0 DSCP Default ECN Not-ECT ttl 64 id 8 protocol 17 offset (bytes) 0 flags [none] length: 45 192.168.2.3 &gt; 192.168.2.255) ns3::UdpHeader (length: 25 269 &gt; 269) ns3::Epidemic::TypeHeader (BEACON) ns3::Epidemic::EpidemicHeader ( Packet ID: 1101480448 Hop count: 1000 TimeStamp: +0.0ns) ns3::WifiMacTrailer ()" />
<wpr uId="97" tId="2" fbRx="9.403" lbRx="0" />
<wpr uId="97" tId="1" fbRx="9.403000833" lbRx="0" />
<wpr uId="97" tId="3" fbRx="9.403000833" lbRx="0" />
<wpr uId="97" tId="6" fbRx="9.403000833" lbRx="0" />
<wpr uId="97" tId="8" fbRx="9.403000833" lbRx="0" />
<pr uId="98" fId="8" fbTx="9.486" meta-info="ns3::WifiMacHeader (DATA ToDS=0, FromDS=0, MoreFrag=0, Retry=0, MoreData=0 Duration/ID=0us, DA=ff:ff:ff:ff:ff:ff, SA=00:00:00:00:00:09, BSSID=00:00:00:00:00:09, FragNumber=0, SeqNumber=14) ns3::LlcSnapHeader (type 0x800) ns3::Ipv4Header (tos 0x0 DSCP Default ECN Not-ECT ttl 64 id 8 protocol 17 offset (bytes) 0 flags [none] length: 45 192.168.2.4 &gt; 192.168.2.255) ns3::UdpHeader (length: 25 269 &gt; 269) ns3::Epidemic::TypeHeader (BEACON) ns3::Epidemic::EpidemicHeader ( Packet ID: 1101480448 Hop count: 1000 TimeStamp: +0.0ns) ns3::WifiMacTrailer ()" />
<wpr uId="98" tId="3" fbRx="9.486" lbRx="0" />
<wpr uId="98" tId="2" fbRx="9.486000833" lbRx="0" />
<wpr uId="98" tId="4" fbRx="9.486000833" lbRx="0" />
<wpr uId="98" tId="7" fbRx="9.486000833" lbRx="0" />
<wpr uId="98" tId="9" fbRx="9.486000833" lbRx="0" />
<pr uId="99" fId="9" fbTx="9.537" meta-info="ns3::WifiMacHeader (DATA ToDS=0, FromDS=0, MoreFrag=0, Retry=0, MoreData=0 Duration/ID=0us, DA=ff:ff:ff:ff:ff:ff, SA=00:00:00:00:00:0a, BSSID=00:00:00:00:00:0a, FragNumber=0, SeqNumber=11) ns3::LlcSnapHeader (type 0x800) ns3::Ipv4Header (tos 0x0 DSCP Default ECN Not-ECT ttl 64 id 8 protocol 17 offset (bytes) 0 flags [none] length: 45 192.168.2.5 &gt; 192.168.2.255) ns3::UdpHeader (length: 25 269 &gt; 269) ns3::Epidemic::TypeHeader (BEACON) ns3::Epidemic::EpidemicHeader ( Packet ID: 1101480448 Hop count: 1000 TimeStamp: +0.0ns) ns3::WifiMacTrailer ()" />
<wpr uId="99" tId="4" fbRx="9.537" lbRx="0" />
<wpr uId="99" tId="3" fbRx="9.537000833" lbRx="0" />
<wpr uId="99" tId="8" fbRx="9.537000833" lbRx="0" />
<pr uId="100" fId="6" fbTx="9.572" meta-info="ns3::WifiMacHeader (DATA ToDS=0, FromDS=0, MoreFrag=0, Retry=0, MoreData=0 Duration/ID=0us, DA=ff:ff:ff:ff:ff:ff, SA=00:00:00:00:00:07, BSSID=00:00:00:00:00:07, FragNumber=0, SeqNumber=11) ns3::LlcSnapHeader (type 0x800) ns3::Ipv4Header (tos 0x0 DSCP Default ECN Not-ECT ttl 64 id 8 protocol 17 offset (bytes) 0 flags [none] length: 45 192.168.2.2 &gt; 192.168.2.255) ns3::UdpHeader (length: 25 269 &gt; 269) ns3::Epidemic::TypeHeader (BEACON) ns3::Epidemic::EpidemicHeader ( Packet ID: 1101480448 Hop count: 1000 TimeStamp: +0.0ns) ns3::WifiMacTrailer ()" />
<wpr uId="100" tId="1" fbRx="9.572" lbRx="0" />
<wpr uId="100" tId="2" fbRx="9.572000833" lbRx="0" />
<wpr uId="100" tId="7" fbRx="9.572000833" lbRx="0" />
<pr uId="101" fId="1" fbTx="10.1303372" meta-info="ns3::WifiMacHeader (DATA ToDS=0, FromDS=0, MoreFrag=0, Retry=0, MoreData=0 Duration/ID=0us, DA=ff:ff:ff:ff:ff:ff, SA=00:00:00:00:00:02, BSSID=00:00:00:00:00:02, FragNumber=0, SeqNumber=5) ns3::LlcSnapHeader (type 0x800) ns3::Ipv4Header (tos 0x0 DSCP Default ECN Not-ECT ttl 64 id 5 protocol 17 offset (bytes) 0 flags [none] length: 56 192.168.1.2 &gt; 192.168.1.255) ns3::UdpHeader (length: 36 698 &gt; 698) ns3::olsr::PacketHeader () ns3::olsr::MessageHeader () ns3::WifiMacTrailer ()" />
<wpr uId="101" tId="6" fbRx="10.1303372" lbRx="0" />
<wpr uId="101" tId="2" fbRx="10.13033803" lbRx="0" />
<wpr uId="101" tId="7" fbRx="10.13033803" lbRx="0" />
<pr uId="102" fId="2" fbTx="10.15648055" meta-info="ns3::WifiMacHeader (DATA ToDS=0, FromDS=0, MoreFrag=0, Retry=0, MoreData=0 Duration/ID=0us, DA=ff:ff:ff:ff:ff:ff, SA=00:00:00:00:00:03, BSSID=00:00:00:00:00:03, FragNumber=0, SeqNumber=5) ns3::LlcSnapHeader (type 0x800) ns3::Ipv4Header (tos 0x0 DSCP Default ECN Not-ECT ttl 64 id 5 protocol 17 offset (bytes) 0 flags [none] length: 88 192.168.1.3 &gt; 192.168.1.255) ns3::UdpHeader (length: 68 698 &gt; 698) ns3::olsr::PacketHeader () ns3::olsr::MessageHeader () ns3::olsr::MessageHeader () ns3::WifiMacTrailer ()" />
<wpr uId="102" tId="7" fbRx="10.15648055" lbRx="0" />
<wpr uId="102" tId="1" fbRx="10.15648138" lbRx="0" />
<wpr uId="102" tId="3" fbRx="10.15648138" lbRx="0" />
<wpr uId="102" tId="6" fbRx="10.15648138" lbRx="0" />
<wpr uId="102" tId="8" fbRx="10.15648138" lbRx="0" />
<pr uId="103" fId="0" fbTx="10.17635517" meta-info="ns3::WifiMacHeader (DATA ToDS=0, FromDS=0, MoreFrag=0, Retry=0, MoreData=0 Duration/ID=0us, DA=ff:ff:ff:ff:ff:ff, SA=00:00:00:00:00:01, BSSID=00:00:00:00:00:01, FragNumber=0, SeqNumber=5) ns3::LlcSnapHeader (type 0x800) ns3::Ipv4Header (tos 0x0 DSCP Default ECN Not-ECT ttl 64 id 5 protocol 17 offset (bytes) 0 flags [none] length: 48 192.168.1.1 &gt; 192.168.1.255) ns3::UdpHeader (length: 28 698 &gt; 698) ns3::olsr::PacketHeader () ns3::olsr::MessageHeader () ns3::WifiMacTrailer ()" />
<wpr uId="103" tId="5" fbRx="10.17635517" lbRx="0" />
<pr uId="104" fId="5" fbTx="10.366" meta-info="ns3::WifiMacHeader (DATA ToDS=0, FromDS=0, MoreFrag=0, Retry=0, MoreData=0 Duration/ID=0us, DA=ff:ff:ff:ff:ff:ff, SA=00:00:00:00:00:06, BSSID=00:00:00:00:00:06, FragNumber=0, SeqNumber=9) ns3::LlcSnapHeader (type 0x800) ns3::Ipv4Header (tos 0x0 DSCP Default ECN Not-ECT ttl 64 id 9 protocol 17 offset (bytes) 0 flags [none] length: 45 192.168.2.1 &gt; 192.168.2.255) ns3::UdpHeader (length: 25 269 &gt; 269) ns3::Epidemic::TypeHeader (BEACON) ns3::Epidemic::EpidemicHeader ( Packet ID: 1101480448 Hop count: 1000 TimeStamp: +0.0ns) ns3::WifiMacTrailer ()" />
<wpr uId="104" tId="0" fbRx="10.366" lbRx="0" />
<pr uId="105" fId="4" fbTx="10.37750104" meta-info="ns3::WifiMacHeader (DATA ToDS=0, FromDS=0, MoreFrag=0, Retry=0, MoreData=0 Duration/ID=0us, DA=ff:ff:ff:ff:ff:ff, SA=00:00:00:00:00:05, BSSID=00:00:00:00:00:05, FragNumber=0, SeqNumber=5) ns3::LlcSnapHeader (type 0x800) ns3::Ipv4Header (tos 0x0 DSCP Default ECN Not-ECT ttl 64 id 5 protocol 17 offset (bytes) 0 flags [none] length: 56 192.168.1.5 &gt; 192.168.1.255) ns3::UdpHeader (length: 36 698 &gt; 698) ns3::olsr::PacketHeader () ns3::olsr::MessageHeader () ns3::WifiMacTrailer ()" />
<wpr uId="105" tId="9" fbRx="10.37750104" lbRx="0" />
<wpr uId="105" tId="3" fbRx="10.37750187" lbRx="0" />
<wpr uId="105" tId="8" fbRx="10.37750187" lbRx="0" />
<pr uId="106" fId="3" fbTx="10.39653131" meta-info="ns3::WifiMacHeader (DATA ToDS=0, FromDS=0, MoreFrag=0, Retry=0, MoreData=0 Duration/ID=0us, DA=ff:ff:ff:ff:ff:ff, SA=00:00:00:00:00:04, BSSID=00:00:00:00:00:04, FragNumber=0, SeqNumber=5) ns3::LlcSnapHeader (type 0x800) ns3::Ipv4Header (tos 0x0 DSCP Default ECN Not-ECT ttl 64 id 5 protocol 17 offset (bytes) 0 flags [none] length: 112 192.168.1.4 &gt; 192.168.1.255) ns3::UdpHeader (length: 92 698 &gt; 698) ns3::olsr::PacketHeader () ns3::olsr::MessageHeader () ns3::olsr::MessageHeader () ns3::olsr::MessageHeader () ns3::WifiMacTrailer ()" />
<wpr uId="106" tId="8" fbRx="10.39653131" lbRx="0" />
<wpr uId="106" tId="2" fbRx="10.39653214" lbRx="0" />
<wpr uId="106" tId="4" fbRx="10.39653214" lbRx="0" />
<wpr uId="106" tId="7" fbRx="10.39653214" lbRx="0" />
<wpr uId="106" tId="9" fbRx="10.39653214" lbRx="0" />
<pr uId="107" fId="7" fbTx="10.502" meta-info="ns3::WifiMacHeader (DATA ToDS=0, FromDS=0, MoreFrag=0, Retry=0, MoreData=0 Duration/ID=0us, DA=ff:ff:ff:ff:ff:ff, SA=00:00:00:00:00:08, BSSID=00:00:00:00:00:08, FragNumber=0, SeqNumber=15) ns3::LlcSnapHeader (type 0x800) ns3::Ipv4Header (tos 0x0 DSCP Default ECN Not-ECT ttl 64 id 9 protocol 17 offset (bytes) 0 flags [none] length: 45 192.168.2.3 &gt; 192.168.2.255) ns3::UdpHeader (length: 25 269 &gt; 269) ns3::Epidemic::TypeHeader (BEACON) ns3::Epidemic::EpidemicHeader ( Packet ID: 1101480448 Hop count: 1000 TimeStamp: +0.0ns) ns3::WifiMacTrailer ()" />
<wpr uId="107" tId="2" fbRx="10.502" lbRx="0" />
<wpr uId="107" tId="1" fbRx="10.50200083" lbRx="0" />
<wpr uId="107" tId="3" fbRx="10.50200083" lbRx="0" />
<wpr uId="107" tId="6" fbRx="10.50200083" lbRx="0" />
<wpr uId="107" tId="8" fbRx="10.50200083" lbRx="0" />
<pr uId="108" fId="9" fbTx="10.548" meta-info="ns3::WifiMacHeader (DATA ToDS=0, FromDS=0, MoreFrag=0, Retry=0, MoreData=0 Duration/ID=0us, DA=ff:ff:ff:ff:ff:ff, SA=00:00:00:00:00:0a, BSSID=00:00:00:00:00:0a, FragNumber=0, SeqNumber=12) ns3::LlcSnapHeader (type 0x800) ns3::Ipv4Header (tos 0x0 DSCP Default ECN Not-ECT ttl 64 id 9 protocol 17 offset (bytes) 0 flags [none] length: 45 192.168.2.5 &gt; 192.168.2.255) ns3::UdpHeader (length: 25 269 &gt; 269) ns3::Epidemic::TypeHeader (BEACON) ns3::Epidemic::EpidemicHeader ( Packet ID: 1101480448 Hop count: 1000 TimeStamp: +0.0ns) ns3::WifiMacTrailer ()" />
<wpr uId="108" tId="4" fbRx="10.548" lbRx="0" />
<wpr uId="108" tId="3" fbRx="10.54800083" lbRx="0" />
<wpr uId="108" tId="8" fbRx="10.54800083" lbRx="0" />
<pr uId="109" fId="8" fbTx="10.575" meta-info="ns3::WifiMacHeader (DATA ToDS=0, FromDS=0, MoreFrag=0, Retry=0, MoreData=0 Duration/ID=0us, DA=ff:ff:ff:ff:ff:ff, SA=00:00:00:00:00:09, BSSID=00:00:00:00:00:09, FragNumber=0, SeqNumber=15) ns3::LlcSnapHeader (type 0x800) ns3::Ipv4Header (tos 0x0 DSCP Default ECN Not-ECT ttl 64 id 9 protocol 17 offset (bytes) 0 flags [none] length: 45 192.168.2.4 &gt; 192.168.2.255) ns3::UdpHeader (length: 25 269 &gt; 269) ns3::Epidemic::TypeHeader (BEACON) ns3::Epidemic::EpidemicHeader ( Packet ID: 1101480448 Hop count: 1000 TimeStamp: +0.0ns) ns3::WifiMacTrailer ()" />
<wpr uId="109" tId="3" fbRx="10.575" lbRx="0" />
<wpr uId="109" tId="2" fbRx="10.57500083" lbRx="0" />
<wpr uId="109" tId="4" fbRx="10.57500083" lbRx="0" />
<wpr uId="109" tId="7" fbRx="10.57500083" lbRx="0" />
<wpr uId="109" tId="9" fbRx="10.57500083" lbRx="0" />
<pr uId="110" fId="6" fbTx="10.66" meta-info="ns3::WifiMacHeader (DATA ToDS=0, FromDS=0, MoreFrag=0, Retry=0, MoreData=0 Duration/ID=0us, DA=ff:ff:ff:ff:ff:ff, SA=00:00:00:00:00:07, BSSID=00:00:00:00:00:07, FragNumber=0, SeqNumber=12) ns3::LlcSnapHeader (type 0x800) ns3::Ipv4Header (tos 0x0 DSCP Default ECN Not-ECT ttl 64 id 9 protocol 17 offset (bytes) 0 flags [none] length: 45 192.168.2.2 &gt; 192.168.2.255) ns3::UdpHeader (length: 25 269 &gt; 269) ns3::Epidemic::TypeHeader (BEACON) ns3::Epidemic::EpidemicHeader ( Packet ID: 1101480448 Hop count: 1000 TimeStamp: +0.0ns) ns3::WifiMacTrailer ()" />
<wpr uId="110" tId="1" fbRx="10.66" lbRx="0" />
<wpr uId="110" tId="2" fbRx="10.66000083" lbRx="0" />
<wpr uId="110" tId="7" fbRx="10.66000083" lbRx="0" />
<pr uId="111" fId="2" fbTx="10.87419848" meta-info="ns3::WifiMacHeader (DATA ToDS=0, FromDS=0, MoreFrag=0, Retry=0, MoreData=0 Duration/ID=0us, DA=ff:ff:ff:ff:ff:ff, SA=00:00:00:00:00:03, BSSID=00:00:00:00:00:03, FragNumber=0, SeqNumber=6) ns3::LlcSnapHeader (type 0x800) ns3::Ipv4Header (tos 0x0 DSCP Default ECN Not-ECT ttl 64 id 6 protocol 17 offset (bytes) 0 flags [none] length: 56 192.168.1.3 &gt; 192.168.1.255) ns3::UdpHeader (length: 36 698 &gt; 698) ns3::olsr::PacketHeader () ns3::olsr::MessageHeader () ns3::WifiMacTrailer ()" />
<wpr uId="111" tId="7" fbRx="10.87419848" lbRx="0" />
<wpr uId="111" tId="1" fbRx="10.87419931" lbRx="0" />
<wpr uId="111" tId="3" fbRx="10.87419931" lbRx="0" />
<wpr uId="111" tId="6" fbRx="10.87419931" lbRx="0" />
<wpr uId="111" tId="8" fbRx="10.87419931" lbRx="0" />
<pr uId="112" fId="5" fbTx="11.409" meta-info="ns3::WifiMacHeader (DATA ToDS=0, FromDS=0, MoreFrag=0, Retry=0, MoreData=0 Duration/ID=0us, DA=ff:ff:ff:ff:ff:ff, SA=00:00:00:00:00:06, BSSID=00:00:00:00:00:06, FragNumber=0, SeqNumber=10) ns3::LlcSnapHeader (type 0x800) ns3::Ipv4Header (tos 0x0 DSCP Default ECN Not-ECT ttl 64 id 10 protocol 17 offset (bytes) 0 flags [none] length: 45 192.168.2.1 &gt; 192.168.2.255) ns3::UdpHeader (length: 25 269 &gt; 269) ns3::Epidemic::TypeHeader (BEACON) ns3::Epidemic::EpidemicHeader ( Packet ID: 1101480448 Hop count: 1000 TimeStamp: +0.0ns) ns3::WifiMacTrailer ()" />
<wpr uId="112" tId="0" fbRx="11.409" lbRx="0" />
<pr uId="113" fId="7" fbTx="11.506" meta-info="ns3::WifiMacHeader (DATA ToDS=0, FromDS=0, MoreFrag=0, Retry=0, MoreData=0 Duration/ID=0us, DA=ff:ff:ff:ff:ff:ff, SA=00:00:00:00:00:08, BSSID=00:00:00:00:00:08, FragNumber=0, SeqNumber=16) ns3::LlcSnapHeader (type 0x800) ns3::Ipv4Header (tos 0x0 DSCP Default ECN Not-ECT ttl 64 id 10 protocol 17 offset (bytes) 0 flags [none] length: 45 192.168.2.3 &gt; 192.168.2.255) ns3::UdpHeader (length: 25 269 &gt; 269) ns3::Epidemic::TypeHeader (BEACON) ns3::Epidemic::EpidemicHeader ( Packet ID: 1101480448 Hop count: 1000 TimeStamp: +0.0ns) ns3::WifiMacTrailer ()" />
<wpr uId="113" tId="2" fbRx="11.506" lbRx="0" />
<wpr uId="113" tId="1" fbRx="11.50600083" lbRx="0" />
<wpr uId="113" tId="3" fbRx="11.50600083" lbRx="0" />
<wpr uId="113" tId="6" fbRx="11.50600083" lbRx="0" />
<wpr uId="113" tId="8" fbRx="11.50600083" lbRx="0" />
<pr uId="114" fId="6" fbTx="11.50623883" meta-info="ns3::WifiMacHeader (DATA ToDS=0, FromDS=0, MoreFrag=0, Retry=0, MoreData=0 Duration/ID=60us, DA=00:00:00:00:00:08, SA=00:00:00:00:00:07, BSSID=00:00:00:00:00:07, FragNumber=0, SeqNumber=13) ns3::LlcSnapHeader (type 0x800) ns3::Ipv4Header (tos 0x0 DSCP Default ECN Not-ECT ttl 64 id 1 protocol 17 offset (bytes) 0 flags [none] length: 37 192.168.2.2 &gt; 192.168.2.3) ns3::UdpHeader (length: 17 269 &gt; 269) ns3::Epidemic::TypeHeader (REPLY) ns3::Epidemic::SummaryVectorHeader ( Summary_vector header with size: 1
Global IDs:
NodeID:PacketID
0.0.2.186:698
) ns3::WifiMacTrailer ()" />
<wpr uId="114" tId="1" fbRx="11.50623883" lbRx="0" />
<wpr uId="114" tId="2" fbRx="11.50623967" lbRx="0" />
<wpr uId="114" tId="7" fbRx="11.50623967" lbRx="0" />
<pr uId="115" fId="7" fbTx="11.50637967" meta-info="ns3::WifiMacHeader (CTL_ACK Duration/ID=0us, RA=00:00:00:00:00:07) ns3::WifiMacTrailer ()" />
<wpr uId="115" tId="2" fbRx="11.50637967" lbRx="0" />
<wpr uId="115" tId="1" fbRx="11.5063805" lbRx="0" />
<wpr uId="115" tId="3" fbRx="11.5063805" lbRx="0" />
<wpr uId="115" tId="6" fbRx="11.5063805" lbRx="0" />
<wpr uId="115" tId="8" fbRx="11.5063805" lbRx="0" />
<pr uId="116" fId="7" fbTx="11.50654767" meta-info="ns3::WifiMacHeader (DATA ToDS=0, FromDS=0, MoreFrag=0, Retry=0, MoreData=0 Duration/ID=60us, DA=00:00:00:00:00:07, SA=00:00:00:00:00:08, BSSID=00:00:00:00:00:08, FragNumber=0, SeqNumber=17) ns3::LlcSnapHeader (type 0x800) ns3::Ipv4Header (tos 0x0 DSCP Default ECN Not-ECT ttl 64 id 1 protocol 17 offset (bytes) 0 flags [none] length: 37 192.168.2.3 &gt; 192.168.2.2) ns3::UdpHeader (length: 17 269 &gt; 269) ns3::Epidemic::TypeHeader (REPLY_BACK) ns3::Epidemic::SummaryVectorHeader ( Summary_vector header with size: 1
Global IDs:
NodeID:PacketID
0.0.2.186:698
) ns3::WifiMacTrailer ()" />
<wpr uId="116" tId="2" fbRx="11.50654767" lbRx="0" />
<wpr uId="116" tId="1" fbRx="11.5065485" lbRx="0" />
<wpr uId="116" tId="3" fbRx="11.5065485" lbRx="0" />
<wpr uId="116" tId="6" fbRx="11.5065485" lbRx="0" />
<wpr uId="116" tId="8" fbRx="11.5065485" lbRx="0" />
<pr uId="117" fId="6" fbTx="11.5066885" meta-info="ns3::WifiMacHeader (CTL_ACK Duration/ID=0us, RA=00:00:00:00:00:08) ns3::WifiMacTrailer ()" />
<wpr uId="117" tId="1" fbRx="11.5066885" lbRx="0" />
<wpr uId="117" tId="2" fbRx="11.50668933" lbRx="0" />
<wpr uId="117" tId="7" fbRx="11.50668933" lbRx="0" />
<pr uId="118" fId="9" fbTx="11.628" meta-info="ns3::WifiMacHeader (DATA ToDS=0, FromDS=0, MoreFrag=0, Retry=0, MoreData=0 Duration/ID=0us, DA=ff:ff:ff:ff:ff:ff, SA=00:00:00:00:00:0a, BSSID=00:00:00:00:00:0a, FragNumber=0, SeqNumber=13) ns3::LlcSnapHeader (type 0x800) ns3::Ipv4Header (tos 0x0 DSCP Default ECN Not-ECT ttl 64 id 10 protocol 17 offset (bytes) 0 flags [none] length: 45 192.168.2.5 &gt; 192.168.2.255) ns3::UdpHeader (length: 25 269 &gt; 269) ns3::Epidemic::TypeHeader (BEACON) ns3::Epidemic::EpidemicHeader ( Packet ID: 1101480448 Hop count: 1000 TimeStamp: +0.0ns) ns3::WifiMacTrailer ()" />
<wpr uId="118" tId="4" fbRx="11.628" lbRx="0" />
<wpr uId="118" tId="3" fbRx="11.62800083" lbRx="0" />
<wpr uId="118" tId="8" fbRx="11.62800083" lbRx="0" />
<pr uId="119" fId="8" fbTx="11.62829283" meta-info="ns3::WifiMacHeader (DATA ToDS=0, FromDS=0, MoreFrag=0, Retry=0, MoreData=0 Duration/ID=60us, DA=00:00:00:00:00:0a, SA=00:00:00:00:00:09, BSSID=00:00:00:00:00:09, FragNumber=0, SeqNumber=16) ns3::LlcSnapHeader (type 0x800) ns3::Ipv4Header (tos 0x0 DSCP Default ECN Not-ECT ttl 64 id 1 protocol 17 offset (bytes) 0 flags [none] length: 37 192.168.2.4 &gt; 192.168.2.5) ns3::UdpHeader (length: 17 269 &gt; 269) ns3::Epidemic::TypeHeader (REPLY) ns3::Epidemic::SummaryVectorHeader ( Summary_vector header with size: 1
Global IDs:
NodeID:PacketID
0.0.2.186:698
) ns3::WifiMacTrailer ()" />
<wpr uId="119" tId="3" fbRx="11.62829283" lbRx="0" />
<wpr uId="119" tId="2" fbRx="11.62829367" lbRx="0" />
<wpr uId="119" tId="4" fbRx="11.62829367" lbRx="0" />
<wpr uId="119" tId="7" fbRx="11.62829367" lbRx="0" />
<wpr uId="119" tId="9" fbRx="11.62829367" lbRx="0" />
<pr uId="120" fId="9" fbTx="11.62843367" meta-info="ns3::WifiMacHeader (CTL_ACK Duration/ID=0us, RA=00:00:00:00:00:09) ns3::WifiMacTrailer ()" />
<wpr uId="120" tId="4" fbRx="11.62843367" lbRx="0" />
<wpr uId="120" tId="3" fbRx="11.6284345" lbRx="0" />
<wpr uId="120" tId="8" fbRx="11.6284345" lbRx="0" />
<pr uId="121" fId="9" fbTx="11.62859267" meta-info="ns3::WifiMacHeader (DATA ToDS=0, FromDS=0, MoreFrag=0, Retry=0, MoreData=0 Duration/ID=60us, DA=00:00:00:00:00:09, SA=00:00:00:00:00:0a, BSSID=00:00:00:00:00:0a, FragNumber=0, SeqNumber=14) ns3::LlcSnapHeader (type 0x800) ns3::Ipv4Header (tos 0x0 DSCP Default ECN Not-ECT ttl 64 id 1 protocol 17 offset (bytes) 0 flags [none] length: 37 192.168.2.5 &gt; 192.168.2.4) ns3::UdpHeader (length: 17 269 &gt; 269) ns3::Epidemic::TypeHeader (REPLY_BACK) ns3::Epidemic::SummaryVectorHeader ( Summary_vector header with size: 1
Global IDs:
NodeID:PacketID
0.0.2.186:698
) ns3::WifiMacTrailer ()" />
<wpr uId="121" tId="4" fbRx="11.62859267" lbRx="0" />
<wpr uId="121" tId="3" fbRx="11.6285935" lbRx="0" />
<wpr uId="121" tId="8" fbRx="11.6285935" lbRx="0" />
<pr uId="122" fId="8" fbTx="11.6287335" meta-info="ns3::WifiMacHeader (CTL_ACK Duration/ID=0us, RA=00:00:00:00:00:0a) ns3::WifiMacTrailer ()" />
<wpr uId="122" tId="3" fbRx="11.6287335" lbRx="0" />
<wpr uId="122" tId="2" fbRx="11.62873433" lbRx="0" />
<wpr uId="122" tId="4" fbRx="11.62873433" lbRx="0" />
<wpr uId="122" tId="7" fbRx="11.62873433" lbRx="0" />
<wpr uId="122" tId="9" fbRx="11.62873433" lbRx="0" />
<pr uId="123" fId="8" fbTx="11.672" meta-info="ns3::WifiMacHeader (DATA ToDS=0, FromDS=0, MoreFrag=0, Retry=0, MoreData=0 Duration/ID=0us, DA=ff:ff:ff:ff:ff:ff, SA=00:00:00:00:00:09, BSSID=00:00:00:00:00:09, FragNumber=0, SeqNumber=17) ns3::LlcSnapHeader (type 0x800) ns3::Ipv4Header (tos 0x0 DSCP Default ECN Not-ECT ttl 64 id 10 protocol 17 offset (bytes) 0 flags [none] length: 45 192.168.2.4 &gt; 192.168.2.255) ns3::UdpHeader (length: 25 269 &gt; 269) ns3::Epidemic::TypeHeader (BEACON) ns3::Epidemic::EpidemicHeader ( Packet ID: 1101480448 Hop count: 1000 TimeStamp: +0.0ns) ns3::WifiMacTrailer ()" />
<wpr uId="123" tId="3" fbRx="11.672" lbRx="0" />
<wpr uId="123" tId="2" fbRx="11.67200083" lbRx="0" />
<wpr uId="123" tId="4" fbRx="11.67200083" lbRx="0" />
<wpr uId="123" tId="7" fbRx="11.67200083" lbRx="0" />
<wpr uId="123" tId="9" fbRx="11.67200083" lbRx="0" />
<pr uId="124" fId="7" fbTx="11.67229283" meta-info="ns3::WifiMacHeader (DATA ToDS=0, FromDS=0, MoreFrag=0, Retry=0, MoreData=0 Duration/ID=60us, DA=00:00:00:00:00:09, SA=00:00:00:00:00:08, BSSID=00:00:00:00:00:08, FragNumber=0, SeqNumber=18) ns3::LlcSnapHeader (type 0x800) ns3::Ipv4Header (tos 0x0 DSCP Default ECN Not-ECT ttl 64 id 1 protocol 17 offset (bytes) 0 flags [none] length: 37 192.168.2.3 &gt; 192.168.2.4) ns3::UdpHeader (length: 17 269 &gt; 269) ns3::Epidemic::TypeHeader (REPLY) ns3::Epidemic::SummaryVectorHeader ( Summary_vector header with size: 1
Global IDs:
NodeID:PacketID
0.0.2.186:698
) ns3::WifiMacTrailer ()" />
<wpr uId="124" tId="2" fbRx="11.67229283" lbRx="0" />
<wpr uId="124" tId="1" fbRx="11.67229367" lbRx="0" />
<wpr uId="124" tId="3" fbRx="11.67229367" lbRx="0" />
<wpr uId="124" tId="6" fbRx="11.67229367" lbRx="0" />
<wpr uId="124" tId="8" fbRx="11.67229367" lbRx="0" />
<pr uId="125" fId="8" fbTx="11.67243367" meta-info="ns3::WifiMacHeader (CTL_ACK Duration/ID=0us, RA=00:00:00:00:00:08) ns3::WifiMacTrailer ()" />
<wpr uId="125" tId="3" fbRx="11.67243367" lbRx="0" />
<wpr uId="125" tId="2" fbRx="11.6724345" lbRx="0" />
<wpr uId="125" tId="4" fbRx="11.6724345" lbRx="0" />
<wpr uId="125" tId="7" fbRx="11.6724345" lbRx="0" />
<wpr uId="125" tId="9" fbRx="11.6724345" lbRx="0" />
<pr uId="126" fId="8" fbTx="11.67256567" meta-info="ns3::WifiMacHeader (DATA ToDS=0, FromDS=0, MoreFrag=0, Retry=0, MoreData=0 Duration/ID=60us, DA=00:00:00:00:00:08, SA=00:00:00:00:00:09, BSSID=00:00:00:00:00:09, FragNumber=0, SeqNumber=18) ns3::LlcSnapHeader (type 0x800) ns3::Ipv4Header (tos 0x0 DSCP Default ECN Not-ECT ttl 64 id 1 protocol 17 offset (bytes) 0 flags [none] length: 37 192.168.2.4 &gt; 192.168.2.3) ns3::UdpHeader (length: 17 269 &gt; 269) ns3::Epidemic::TypeHeader (REPLY_BACK) ns3::Epidemic::SummaryVectorHeader ( Summary_vector header with size: 1
Global IDs:
NodeID:PacketID
0.0.2.186:698
) ns3::WifiMacTrailer ()" />
<wpr uId="126" tId="3" fbRx="11.67256567" lbRx="0" />
<wpr uId="126" tId="2" fbRx="11.6725665" lbRx="0" />
<wpr uId="126" tId="4" fbRx="11.6725665" lbRx="0" />
<wpr uId="126" tId="7" fbRx="11.6725665" lbRx="0" />
<wpr uId="126" tId="9" fbRx="11.6725665" lbRx="0" />
<pr uId="127" fId="7" fbTx="11.6727065" meta-info="ns3::WifiMacHeader (CTL_ACK Duration/ID=0us, RA=00:00:00:00:00:09) ns3::WifiMacTrailer ()" />
<wpr uId="127" tId="2" fbRx="11.6727065" lbRx="0" />
<wpr uId="127" tId="1" fbRx="11.67270733" lbRx="0" />
<wpr uId="127" tId="3" fbRx="11.67270733" lbRx="0" />
<wpr uId="127" tId="6" fbRx="11.67270733" lbRx="0" />
<wpr uId="127" tId="8" fbRx="11.67270733" lbRx="0" />
<pr uId="128" fId="6" fbTx="11.704" meta-info="ns3::WifiMacHeader (DATA ToDS=0, FromDS=0, MoreFrag=0, Retry=0, MoreData=0 Duration/ID=0us, DA=ff:ff:ff:ff:ff:ff, SA=00:00:00:00:00:07, BSSID=00:00:00:00:00:07, FragNumber=0, SeqNumber=14) ns3::LlcSnapHeader (type 0x800) ns3::Ipv4Header (tos 0x0 DSCP Default ECN Not-ECT ttl 64 id 10 protocol 17 offset (bytes) 0 flags [none] length: 45 192.168.2.2 &gt; 192.168.2.255) ns3::UdpHeader (length: 25 269 &gt; 269) ns3::Epidemic::TypeHeader (BEACON) ns3::Epidemic::EpidemicHeader ( Packet ID: 1101480448 Hop count: 1000 TimeStamp: +0.0ns) ns3::WifiMacTrailer ()" />
<wpr uId="128" tId="1" fbRx="11.704" lbRx="0" />
<wpr uId="128" tId="2" fbRx="11.70400083" lbRx="0" />
<wpr uId="128" tId="7" fbRx="11.70400083" lbRx="0" />
<pr uId="129" fId="2" fbTx="12.23737574" meta-info="ns3::WifiMacHeader (DATA ToDS=0, FromDS=0, MoreFrag=0, Retry=0, MoreData=0 Duration/ID=0us, DA=ff:ff:ff:ff:ff:ff, SA=00:00:00:00:00:03, BSSID=00:00:00:00:00:03, FragNumber=0, SeqNumber=7) ns3::LlcSnapHeader (type 0x800) ns3::Ipv4Header (tos 0x0 DSCP Default ECN Not-ECT ttl 64 id 7 protocol 17 offset (bytes) 0 flags [none] length: 64 192.168.1.3 &gt; 192.168.1.255) ns3::UdpHeader (length: 44 698 &gt; 698) ns3::olsr::PacketHeader () ns3::olsr::MessageHeader () ns3::WifiMacTrailer ()" />
<wpr uId="129" tId="7" fbRx="12.23737574" lbRx="0" />
<wpr uId="129" tId="1" fbRx="12.23737657" lbRx="0" />
<wpr uId="129" tId="3" fbRx="12.23737657" lbRx="0" />
<wpr uId="129" tId="6" fbRx="12.23737657" lbRx="0" />
<wpr uId="129" tId="8" fbRx="12.23737657" lbRx="0" />
<pr uId="130" fId="1" fbTx="12.26210862" meta-info="ns3::WifiMacHeader (DATA ToDS=0, FromDS=0, MoreFrag=0, Retry=0, MoreData=0 Duration/ID=0us, DA=ff:ff:ff:ff:ff:ff, SA=00:00:00:00:00:02, BSSID=00:00:00:00:00:02, FragNumber=0, SeqNumber=6) ns3::LlcSnapHeader (type 0x800) ns3::Ipv4Header (tos 0x0 DSCP Default ECN Not-ECT ttl 64 id 6 protocol 17 offset (bytes) 0 flags [none] length: 56 192.168.1.2 &gt; 192.168.1.255) ns3::UdpHeader (length: 36 698 &gt; 698) ns3::olsr::PacketHeader () ns3::olsr::MessageHeader () ns3::WifiMacTrailer ()" />
<wpr uId="130" tId="6" fbRx="12.26210862" lbRx="0" />
<wpr uId="130" tId="2" fbRx="12.26210945" lbRx="0" />
<wpr uId="130" tId="7" fbRx="12.26210945" lbRx="0" />
<pr uId="131" fId="0" fbTx="12.41460943" meta-info="ns3::WifiMacHeader (DATA ToDS=0, FromDS=0, MoreFrag=0, Retry=0, MoreData=0 Duration/ID=0us, DA=ff:ff:ff:ff:ff:ff, SA=00:00:00:00:00:01, BSSID=00:00:00:00:00:01, FragNumber=0, SeqNumber=6) ns3::LlcSnapHeader (type 0x800) ns3::Ipv4Header (tos 0x0 DSCP Default ECN Not-ECT ttl 64 id 6 protocol 17 offset (bytes) 0 flags [none] length: 48 192.168.1.1 &gt; 192.168.1.255) ns3::UdpHeader (length: 28 698 &gt; 698) ns3::olsr::PacketHeader () ns3::olsr::MessageHeader () ns3::WifiMacTrailer ()" />
<wpr uId="131" tId="5" fbRx="12.41460943" lbRx="0" />
<pr uId="132" fId="4" fbTx="12.43877731" meta-info="ns3::WifiMacHeader (DATA ToDS=0, FromDS=0, MoreFrag=0, Retry=0, MoreData=0 Duration/ID=0us, DA=ff:ff:ff:ff:ff:ff, SA=00:00:00:00:00:05, BSSID=00:00:00:00:00:05, FragNumber=0, SeqNumber=6) ns3::LlcSnapHeader (type 0x800) ns3::Ipv4Header (tos 0x0 DSCP Default ECN Not-ECT ttl 64 id 6 protocol 17 offset (bytes) 0 flags [none] length: 56 192.168.1.5 &gt; 192.168.1.255) ns3::UdpHeader (length: 36 698 &gt; 698) ns3::olsr::PacketHeader () ns3::olsr::MessageHeader () ns3::WifiMacTrailer ()" />
<wpr uId="132" tId="9" fbRx="12.43877731" lbRx="0" />
<wpr uId="132" tId="3" fbRx="12.43877815" lbRx="0" />
<wpr uId="132" tId="8" fbRx="12.43877815" lbRx="0" />
<pr uId="133" fId="5" fbTx="12.454" meta-info="ns3::WifiMacHeader (DATA ToDS=0, FromDS=0, MoreFrag=0, Retry=0, MoreData=0 Duration/ID=0us, DA=ff:ff:ff:ff:ff:ff, SA=00:00:00:00:00:06, BSSID=00:00:00:00:00:06, FragNumber=0, SeqNumber=11) ns3::LlcSnapHeader (type 0x800) ns3::Ipv4Header (tos 0x0 DSCP Default ECN Not-ECT ttl 64 id 11 protocol 17 offset (bytes) 0 flags [none] length: 45 192.168.2.1 &gt; 192.168.2.255) ns3::UdpHeader (length: 25 269 &gt; 269) ns3::Epidemic::TypeHeader (BEACON) ns3::Epidemic::EpidemicHeader ( Packet ID: 1101480448 Hop count: 1000 TimeStamp: +0.0ns) ns3::WifiMacTrailer ()" />
<wpr uId="133" tId="0" fbRx="12.454" lbRx="0" />
<pr uId="134" fId="3" fbTx="12.47017543" meta-info="ns3::WifiMacHeader (DATA ToDS=0, FromDS=0, MoreFrag=0, Retry=0, MoreData=0 Duration/ID=0us, DA=ff:ff:ff:ff:ff:ff, SA=00:00:00:00:00:04, BSSID=00:00:00:00:00:04, FragNumber=0, SeqNumber=6) ns3::LlcSnapHeader (type 0x800) ns3::Ipv4Header (tos 0x0 DSCP Default ECN Not-ECT ttl 64 id 6 protocol 17 offset (bytes) 0 flags [none] length: 64 192.168.1.4 &gt; 192.168.1.255) ns3::UdpHeader (length: 44 698 &gt; 698) ns3::olsr::PacketHeader () ns3::olsr::MessageHeader () ns3::WifiMacTrailer ()" />
<wpr uId="134" tId="8" fbRx="12.47017543" lbRx="0" />
<wpr uId="134" tId="2" fbRx="12.47017627" lbRx="0" />
<wpr uId="134" tId="4" fbRx="12.47017627" lbRx="0" />
<wpr uId="134" tId="7" fbRx="12.47017627" lbRx="0" />
<wpr uId="134" tId="9" fbRx="12.47017627" lbRx="0" />
<pr uId="135" fId="7" fbTx="12.578" meta-info="ns3::WifiMacHeader (DATA ToDS=0, FromDS=0, MoreFrag=0, Retry=0, MoreData=0 Duration/ID=0us, DA=ff:ff:ff:ff:ff:ff, SA=00:00:00:00:00:08, BSSID=00:00:00:00:00:08, FragNumber=0, SeqNumber=19) ns3::LlcSnapHeader (type 0x800) ns3::Ipv4Header (tos 0x0 DSCP Default ECN Not-ECT ttl 64 id 11 protocol 17 offset (bytes) 0 flags [none] length: 45 192.168.2.3 &gt; 192.168.2.255) ns3::UdpHeader (length: 25 269 &gt; 269) ns3::Epidemic::TypeHeader (BEACON) ns3::Epidemic::EpidemicHeader ( Packet ID: 1101480448 Hop count: 1000 TimeStamp: +0.0ns) ns3::WifiMacTrailer ()" />
<wpr uId="135" tId="2" fbRx="12.578" lbRx="0" />
<wpr uId="135" tId="1" fbRx="12.57800083" lbRx="0" />
<wpr uId="135" tId="3" fbRx="12.57800083" lbRx="0" />
<wpr uId="135" tId="6" fbRx="12.57800083" lbRx="0" />
<wpr uId="135" tId="8" fbRx="12.57800083" lbRx="0" />
<pr uId="136" fId="8" fbTx="12.691" meta-info="ns3::WifiMacHeader (DATA ToDS=0, FromDS=0, MoreFrag=0, Retry=0, MoreData=0 Duration/ID=0us, DA=ff:ff:ff:ff:ff:ff, SA=00:00:00:00:00:09, BSSID=00:00:00:00:00:09, FragNumber=0, SeqNumber=19) ns3::LlcSnapHeader (type 0x800) ns3::Ipv4Header (tos 0x0 DSCP Default ECN Not-ECT ttl 64 id 11 protocol 17 offset (bytes) 0 flags [none] length: 45 192.168.2.4 &gt; 192.168.2.255) ns3::UdpHeader (length: 25 269 &gt; 269) ns3::Epidemic::TypeHeader (BEACON) ns3::Epidemic::EpidemicHeader ( Packet ID: 1101480448 Hop count: 1000 TimeStamp: +0.0ns) ns3::WifiMacTrailer ()" />
<wpr uId="136" tId="3" fbRx="12.691" lbRx="0" />
<wpr uId="136" tId="2" fbRx="12.69100083" lbRx="0" />
<wpr uId="136" tId="4" fbRx="12.69100083" lbRx="0" />
<wpr uId="136" tId="7" fbRx="12.69100083" lbRx="0" />
<wpr uId="136" tId="9" fbRx="12.69100083" lbRx="0" />
<pr uId="137" fId="6" fbTx="12.705" meta-info="ns3::WifiMacHeader (DATA ToDS=0, FromDS=0, MoreFrag=0, Retry=0, MoreData=0 Duration/ID=0us, DA=ff:ff:ff:ff:ff:ff, SA=00:00:00:00:00:07, BSSID=00:00:00:00:00:07, FragNumber=0, SeqNumber=15) ns3::LlcSnapHeader (type 0x800) ns3::Ipv4Header (tos 0x0 DSCP Default ECN Not-ECT ttl 64 id 11 protocol 17 offset (bytes) 0 flags [none] length: 45 192.168.2.2 &gt; 192.168.2.255) ns3::UdpHeader (length: 25 269 &gt; 269) ns3::Epidemic::TypeHeader (BEACON) ns3::Epidemic::EpidemicHeader ( Packet ID: 1101480448 Hop count: 1000 TimeStamp: +0.0ns) ns3::WifiMacTrailer ()" />
<wpr uId="137" tId="1" fbRx="12.705" lbRx="0" />
<wpr uId="137" tId="2" fbRx="12.70500083" lbRx="0" />
<wpr uId="137" tId="7" fbRx="12.70500083" lbRx="0" />
<pr uId="138" fId="9" fbTx="12.71" meta-info="ns3::WifiMacHeader (DATA ToDS=0, FromDS=0, MoreFrag=0, Retry=0, MoreData=0 Duration/ID=0us, DA=ff:ff:ff:ff:ff:ff, SA=00:00:00:00:00:0a, BSSID=00:00:00:00:00:0a, FragNumber=0, SeqNumber=15) ns3::LlcSnapHeader (type 0x800) ns3::Ipv4Header (tos 0x0 DSCP Default ECN Not-ECT ttl 64 id 11 protocol 17 offset (bytes) 0 flags [none] length: 45 192.168.2.5 &gt; 192.168.2.255) ns3::UdpHeader (length: 25 269 &gt; 269) ns3::Epidemic::TypeHeader (BEACON) ns3::Epidemic::EpidemicHeader ( Packet ID: 1101480448 Hop count: 1000 TimeStamp: +0.0ns) ns3::WifiMacTrailer ()" />
<wpr uId="138" tId="4" fbRx="12.71" lbRx="0" />
<wpr uId="138" tId="3" fbRx="12.71000083" lbRx="0" />
<wpr uId="138" tId="8" fbRx="12.71000083" lbRx="0" />
<pr uId="139" fId="5" fbTx="13.536" meta-info="ns3::WifiMacHeader (DATA ToDS=0, FromDS=0, MoreFrag=0, Retry=0, MoreData=0 Duration/ID=0us, DA=ff:ff:ff:ff:ff:ff, SA=00:00:00:00:00:06, BSSID=00:00:00:00:00:06, FragNumber=0, SeqNumber=12) ns3::LlcSnapHeader (type 0x800) ns3::Ipv4Header (tos 0x0 DSCP Default ECN Not-ECT ttl 64 id 12 protocol 17 offset (bytes) 0 flags [none] length: 45 192.168.2.1 &gt; 192.168.2.255) ns3::UdpHeader (length: 25 269 &gt; 269) ns3::Epidemic::TypeHeader (BEACON) ns3::Epidemic::EpidemicHeader ( Packet ID: 1101480448 Hop count: 1000 TimeStamp: +0.0ns) ns3::WifiMacTrailer ()" />
<wpr uId="139" tId="0" fbRx="13.536" lbRx="0" />
<pr uId="140" fId="7" fbTx="13.667" meta-info="ns3::WifiMacHeader (DATA ToDS=0, FromDS=0, MoreFrag=0, Retry=0, MoreData=0 Duration/ID=0us, DA=ff:ff:ff:ff:ff:ff, SA=00:00:00:00:00:08, BSSID=00:00:00:00:00:08, FragNumber=0, SeqNumber=20) ns3::LlcSnapHeader (type 0x800) ns3::Ipv4Header (tos 0x0 DSCP Default ECN Not-ECT ttl 64 id 12 protocol 17 offset (bytes) 0 flags [none] length: 45 192.168.2.3 &gt; 192.168.2.255) ns3::UdpHeader (length: 25 269 &gt; 269) ns3::Epidemic::TypeHeader (BEACON) ns3::Epidemic::EpidemicHeader ( Packet ID: 1101480448 Hop count: 1000 TimeStamp: +0.0ns) ns3::WifiMacTrailer ()" />
<wpr uId="140" tId="2" fbRx="13.667" lbRx="0" />
<wpr uId="140" tId="1" fbRx="13.66700083" lbRx="0" />
<wpr uId="140" tId="3" fbRx="13.66700083" lbRx="0" />
<wpr uId="140" tId="6" fbRx="13.66700083" lbRx="0" />
<wpr uId="140" tId="8" fbRx="13.66700083" lbRx="0" />
<pr uId="141" fId="8" fbTx="13.708" meta-info="ns3::WifiMacHeader (DATA ToDS=0, FromDS=0, MoreFrag=0, Retry=0, MoreData=0 Duration/ID=0us, DA=ff:ff:ff:ff:ff:ff, SA=00:00:00:00:00:09, BSSID=00:00:00:00:00:09, FragNumber=0, SeqNumber=20) ns3::LlcSnapHeader (type 0x800) ns3::Ipv4Header (tos 0x0 DSCP Default ECN Not-ECT ttl 64 id 12 protocol 17 offset (bytes) 0 flags [none] length: 45 192.168.2.4 &gt; 192.168.2.255) ns3::UdpHeader (length: 25 269 &gt; 269) ns3::Epidemic::TypeHeader (BEACON) ns3::Epidemic::EpidemicHeader ( Packet ID: 1101480448 Hop count: 1000 TimeStamp: +0.0ns) ns3::WifiMacTrailer ()" />
<wpr uId="141" tId="3" fbRx="13.708" lbRx="0" />
<wpr uId="141" tId="2" fbRx="13.70800083" lbRx="0" />
<wpr uId="141" tId="4" fbRx="13.70800083" lbRx="0" />
<wpr uId="141" tId="7" fbRx="13.70800083" lbRx="0" />
<wpr uId="141" tId="9" fbRx="13.70800083" lbRx="0" />
<pr uId="142" fId="9" fbTx="13.721" meta-info="ns3::WifiMacHeader (DATA ToDS=0, FromDS=0, MoreFrag=0, Retry=0, MoreData=0 Duration/ID=0us, DA=ff:ff:ff:ff:ff:ff, SA=00:00:00:00:00:0a, BSSID=00:00:00:00:00:0a, FragNumber=0, SeqNumber=16) ns3::LlcSnapHeader (type 0x800) ns3::Ipv4Header (tos 0x0 DSCP Default ECN Not-ECT ttl 64 id 12 protocol 17 offset (bytes) 0 flags [none] length: 45 192.168.2.5 &gt; 192.168.2.255) ns3::UdpHeader (length: 25 269 &gt; 269) ns3::Epidemic::TypeHeader (BEACON) ns3::Epidemic::EpidemicHeader ( Packet ID: 1101480448 Hop count: 1000 TimeStamp: +0.0ns) ns3::WifiMacTrailer ()" />
<wpr uId="142" tId="4" fbRx="13.721" lbRx="0" />
<wpr uId="142" tId="3" fbRx="13.72100083" lbRx="0" />
<wpr uId="142" tId="8" fbRx="13.72100083" lbRx="0" />
<pr uId="143" fId="6" fbTx="13.73" meta-info="ns3::WifiMacHeader (DATA ToDS=0, FromDS=0, MoreFrag=0, Retry=0, MoreData=0 Duration/ID=0us, DA=ff:ff:ff:ff:ff:ff, SA=00:00:00:00:00:07, BSSID=00:00:00:00:00:07, FragNumber=0, SeqNumber=16) ns3::LlcSnapHeader (type 0x800) ns3::Ipv4Header (tos 0x0 DSCP Default ECN Not-ECT ttl 64 id 12 protocol 17 offset (bytes) 0 flags [none] length: 45 192.168.2.2 &gt; 192.168.2.255) ns3::UdpHeader (length: 25 269 &gt; 269) ns3::Epidemic::TypeHeader (BEACON) ns3::Epidemic::EpidemicHeader ( Packet ID: 1101480448 Hop count: 1000 TimeStamp: +0.0ns) ns3::WifiMacTrailer ()" />
<wpr uId="143" tId="1" fbRx="13.73" lbRx="0" />
<wpr uId="143" tId="2" fbRx="13.73000083" lbRx="0" />
<wpr uId="143" tId="7" fbRx="13.73000083" lbRx="0" />
<pr uId="144" fId="2" fbTx="14.05728238" meta-info="ns3::WifiMacHeader (DATA ToDS=0, FromDS=0, MoreFrag=0, Retry=0, MoreData=0 Duration/ID=0us, DA=ff:ff:ff:ff:ff:ff, SA=00:00:00:00:00:03, BSSID=00:00:00:00:00:03, FragNumber=0, SeqNumber=8) ns3::LlcSnapHeader (type 0x800) ns3::Ipv4Header (tos 0x0 DSCP Default ECN Not-ECT ttl 64 id 8 protocol 17 offset (bytes) 0 flags [none] length: 64 192.168.1.3 &gt; 192.168.1.255) ns3::UdpHeader (length: 44 698 &gt; 698) ns3::olsr::PacketHeader () ns3::olsr::MessageHeader () ns3::WifiMacTrailer ()" />
<wpr uId="144" tId="7" fbRx="14.05728238" lbRx="0" />
<wpr uId="144" tId="1" fbRx="14.05728321" lbRx="0" />
<wpr uId="144" tId="3" fbRx="14.05728321" lbRx="0" />
<wpr uId="144" tId="6" fbRx="14.05728321" lbRx="0" />
<wpr uId="144" tId="8" fbRx="14.05728321" lbRx="0" />
<pr uId="145" fId="1" fbTx="14.1798586" meta-info="ns3::WifiMacHeader (DATA ToDS=0, FromDS=0, MoreFrag=0, Retry=0, MoreData=0 Duration/ID=0us, DA=ff:ff:ff:ff:ff:ff, SA=00:00:00:00:00:02, BSSID=00:00:00:00:00:02, FragNumber=0, SeqNumber=7) ns3::LlcSnapHeader (type 0x800) ns3::Ipv4Header (tos 0x0 DSCP Default ECN Not-ECT ttl 64 id 7 protocol 17 offset (bytes) 0 flags [none] length: 56 192.168.1.2 &gt; 192.168.1.255) ns3::UdpHeader (length: 36 698 &gt; 698) ns3::olsr::PacketHeader () ns3::olsr::MessageHeader () ns3::WifiMacTrailer ()" />
<wpr uId="145" tId="6" fbRx="14.1798586" lbRx="0" />
<wpr uId="145" tId="2" fbRx="14.17985944" lbRx="0" />
<wpr uId="145" tId="7" fbRx="14.17985944" lbRx="0" />
<pr uId="146" fId="0" fbTx="14.19518226" meta-info="ns3::WifiMacHeader (DATA ToDS=0, FromDS=0, MoreFrag=0, Retry=0, MoreData=0 Duration/ID=0us, DA=ff:ff:ff:ff:ff:ff, SA=00:00:00:00:00:01, BSSID=00:00:00:00:00:01, FragNumber=0, SeqNumber=7) ns3::LlcSnapHeader (type 0x800) ns3::Ipv4Header (tos 0x0 DSCP Default ECN Not-ECT ttl 64 id 7 protocol 17 offset (bytes) 0 flags [none] length: 48 192.168.1.1 &gt; 192.168.1.255) ns3::UdpHeader (length: 28 698 &gt; 698) ns3::olsr::PacketHeader () ns3::olsr::MessageHeader () ns3::WifiMacTrailer ()" />
<wpr uId="146" tId="5" fbRx="14.19518226" lbRx="0" />
<pr uId="147" fId="3" fbTx="14.38277723" meta-info="ns3::WifiMacHeader (DATA ToDS=0, FromDS=0, MoreFrag=0, Retry=0, MoreData=0 Duration/ID=0us, DA=ff:ff:ff:ff:ff:ff, SA=00:00:00:00:00:04, BSSID=00:00:00:00:00:04, FragNumber=0, SeqNumber=7) ns3::LlcSnapHeader (type 0x800) ns3::Ipv4Header (tos 0x0 DSCP Default ECN Not-ECT ttl 64 id 7 protocol 17 offset (bytes) 0 flags [none] length: 64 192.168.1.4 &gt; 192.168.1.255) ns3::UdpHeader (length: 44 698 &gt; 698) ns3::olsr::PacketHeader () ns3::olsr::MessageHeader () ns3::WifiMacTrailer ()" />
<wpr uId="147" tId="8" fbRx="14.38277723" lbRx="0" />
<wpr uId="147" tId="2" fbRx="14.38277807" lbRx="0" />
<wpr uId="147" tId="4" fbRx="14.38277807" lbRx="0" />
<wpr uId="147" tId="7" fbRx="14.38277807" lbRx="0" />
<wpr uId="147" tId="9" fbRx="14.38277807" lbRx="0" />
<pr uId="148" fId="4" fbTx="14.4593121" meta-info="ns3::WifiMacHeader (DATA ToDS=0, FromDS=0, MoreFrag=0, Retry=0, MoreData=0 Duration/ID=0us, DA=ff:ff:ff:ff:ff:ff, SA=00:00:00:00:00:05, BSSID=00:00:00:00:00:05, FragNumber=0, SeqNumber=7) ns3::LlcSnapHeader (type 0x800) ns3::Ipv4Header (tos 0x0 DSCP Default ECN Not-ECT ttl 64 id 7 protocol 17 offset (bytes) 0 flags [none] length: 56 192.168.1.5 &gt; 192.168.1.255) ns3::UdpHeader (length: 36 698 &gt; 698) ns3::olsr::PacketHeader () ns3::olsr::MessageHeader () ns3::WifiMacTrailer ()" />
<wpr uId="148" tId="9" fbRx="14.4593121" lbRx="0" />
<wpr uId="148" tId="3" fbRx="14.45931293" lbRx="0" />
<wpr uId="148" tId="8" fbRx="14.45931293" lbRx="0" />
<pr uId="149" fId="5" fbTx="14.582" meta-info="ns3::WifiMacHeader (DATA ToDS=0, FromDS=0, MoreFrag=0, Retry=0, MoreData=0 Duration/ID=0us, DA=ff:ff:ff:ff:ff:ff, SA=00:00:00:00:00:06, BSSID=00:00:00:00:00:06, FragNumber=0, SeqNumber=13) ns3::LlcSnapHeader (type 0x800) ns3::Ipv4Header (tos 0x0 DSCP Default ECN Not-ECT ttl 64 id 13 protocol 17 offset (bytes) 0 flags [none] length: 45 192.168.2.1 &gt; 192.168.2.255) ns3::UdpHeader (length: 25 269 &gt; 269) ns3::Epidemic::TypeHeader (BEACON) ns3::Epidemic::EpidemicHeader ( Packet ID: 1101480448 Hop count: 1000 TimeStamp: +0.0ns) ns3::WifiMacTrailer ()" />
<wpr uId="149" tId="0" fbRx="14.582" lbRx="0" />
<pr uId="150" fId="7" fbTx="14.704" meta-info="ns3::WifiMacHeader (DATA ToDS=0, FromDS=0, MoreFrag=0, Retry=0, MoreData=0 Duration/ID=0us, DA=ff:ff:ff:ff:ff:ff, SA=00:00:00:00:00:08, BSSID=00:00:00:00:00:08, FragNumber=0, SeqNumber=21) ns3::LlcSnapHeader (type 0x800) ns3::Ipv4Header (tos 0x0 DSCP Default ECN Not-ECT ttl 64 id 13 protocol 17 offset (bytes) 0 flags [none] length: 45 192.168.2.3 &gt; 192.168.2.255) ns3::UdpHeader (length: 25 269 &gt; 269) ns3::Epidemic::TypeHeader (BEACON) ns3::Epidemic::EpidemicHeader ( Packet ID: 1101480448 Hop count: 1000 TimeStamp: +0.0ns) ns3::WifiMacTrailer ()" />
<wpr uId="150" tId="2" fbRx="14.704" lbRx="0" />
<wpr uId="150" tId="1" fbRx="14.70400083" lbRx="0" />
<wpr uId="150" tId="3" fbRx="14.70400083" lbRx="0" />
<wpr uId="150" tId="6" fbRx="14.70400083" lbRx="0" />
<wpr uId="150" tId="8" fbRx="14.70400083" lbRx="0" />
<pr uId="151" fId="8" fbTx="14.731" meta-info="ns3::WifiMacHeader (DATA ToDS=0, FromDS=0, MoreFrag=0, Retry=0, MoreData=0 Duration/ID=0us, DA=ff:ff:ff:ff:ff:ff, SA=00:00:00:00:00:09, BSSID=00:00:00:00:00:09, FragNumber=0, SeqNumber=21) ns3::LlcSnapHeader (type 0x800) ns3::Ipv4Header (tos 0x0 DSCP Default ECN Not-ECT ttl 64 id 13 protocol 17 offset (bytes) 0 flags [none] length: 45 192.168.2.4 &gt; 192.168.2.255) ns3::UdpHeader (length: 25 269 &gt; 269) ns3::Epidemic::TypeHeader (BEACON) ns3::Epidemic::EpidemicHeader ( Packet ID: 1101480448 Hop count: 1000 TimeStamp: +0.0ns) ns3::WifiMacTrailer ()" />
<wpr uId="151" tId="3" fbRx="14.731" lbRx="0" />
<wpr uId="151" tId="2" fbRx="14.73100083" lbRx="0" />
<wpr uId="151" tId="4" fbRx="14.73100083" lbRx="0" />
<wpr uId="151" tId="7" fbRx="14.73100083" lbRx="0" />
<wpr uId="151" tId="9" fbRx="14.73100083" lbRx="0" />
<pr uId="152" fId="6" fbTx="14.766" meta-info="ns3::WifiMacHeader (DATA ToDS=0, FromDS=0, MoreFrag=0, Retry=0, MoreData=0 Duration/ID=0us, DA=ff:ff:ff:ff:ff:ff, SA=00:00:00:00:00:07, BSSID=00:00:00:00:00:07, FragNumber=0, SeqNumber=17) ns3::LlcSnapHeader (type 0x800) ns3::Ipv4Header (tos 0x0 DSCP Default ECN Not-ECT ttl 64 id 13 protocol 17 offset (bytes) 0 flags [none] length: 45 192.168.2.2 &gt; 192.168.2.255) ns3::UdpHeader (length: 25 269 &gt; 269) ns3::Epidemic::TypeHeader (BEACON) ns3::Epidemic::EpidemicHeader ( Packet ID: 1101480448 Hop count: 1000 TimeStamp: +0.0ns) ns3::WifiMacTrailer ()" />
<wpr uId="152" tId="1" fbRx="14.766" lbRx="0" />
<wpr uId="152" tId="2" fbRx="14.76600083" lbRx="0" />
<wpr uId="152" tId="7" fbRx="14.76600083" lbRx="0" />
<pr uId="153" fId="9" fbTx="14.773" meta-info="ns3::WifiMacHeader (DATA ToDS=0, FromDS=0, MoreFrag=0, Retry=0, MoreData=0 Duration/ID=0us, DA=ff:ff:ff:ff:ff:ff, SA=00:00:00:00:00:0a, BSSID=00:00:00:00:00:0a, FragNumber=0, SeqNumber=17) ns3::LlcSnapHeader (type 0x800) ns3::Ipv4Header (tos 0x0 DSCP Default ECN Not-ECT ttl 64 id 13 protocol 17 offset (bytes) 0 flags [none] length: 45 192.168.2.5 &gt; 192.168.2.255) ns3::UdpHeader (length: 25 269 &gt; 269) ns3::Epidemic::TypeHeader (BEACON) ns3::Epidemic::EpidemicHeader ( Packet ID: 1101480448 Hop count: 1000 TimeStamp: +0.0ns) ns3::WifiMacTrailer ()" />
<wpr uId="153" tId="4" fbRx="14.773" lbRx="0" />
<wpr uId="153" tId="3" fbRx="14.77300083" lbRx="0" />
<wpr uId="153" tId="8" fbRx="14.77300083" lbRx="0" />
<pr uId="154" fId="3" fbTx="15.06377594" meta-info="ns3::WifiMacHeader (DATA ToDS=0, FromDS=0, MoreFrag=0, Retry=0, MoreData=0 Duration/ID=0us, DA=ff:ff:ff:ff:ff:ff, SA=00:00:00:00:00:04, BSSID=00:00:00:00:00:04, FragNumber=0, SeqNumber=8) ns3::LlcSnapHeader (type 0x800) ns3::Ipv4Header (tos 0x0 DSCP Default ECN Not-ECT ttl 64 id 8 protocol 17 offset (bytes) 0 flags [none] length: 56 192.168.1.4 &gt; 192.168.1.255) ns3::UdpHeader (length: 36 698 &gt; 698) ns3::olsr::PacketHeader () ns3::olsr::MessageHeader () ns3::WifiMacTrailer ()" />
<wpr uId="154" tId="8" fbRx="15.06377594" lbRx="0" />
<wpr uId="154" tId="2" fbRx="15.06377677" lbRx="0" />
<wpr uId="154" tId="4" fbRx="15.06377677" lbRx="0" />
<wpr uId="154" tId="7" fbRx="15.06377677" lbRx="0" />
<wpr uId="154" tId="9" fbRx="15.06377677" lbRx="0" />
<pr uId="155" fId="2" fbTx="15.19623766" meta-info="ns3::WifiMacHeader (DATA ToDS=0, FromDS=0, MoreFrag=0, Retry=0, MoreData=0 Duration/ID=0us, DA=ff:ff:ff:ff:ff:ff, SA=00:00:00:00:00:03, BSSID=00:00:00:00:00:03, FragNumber=0, SeqNumber=9) ns3::LlcSnapHeader (type 0x800) ns3::Ipv4Header (tos 0x0 DSCP Default ECN Not-ECT ttl 64 id 9 protocol 17 offset (bytes) 0 flags [none] length: 80 192.168.1.3 &gt; 192.168.1.255) ns3::UdpHeader (length: 60 698 &gt; 698) ns3::olsr::PacketHeader () ns3::olsr::MessageHeader () ns3::olsr::MessageHeader () ns3::WifiMacTrailer ()" />
<wpr uId="155" tId="7" fbRx="15.19623766" lbRx="0" />
<wpr uId="155" tId="1" fbRx="15.19623849" lbRx="0" />
<wpr uId="155" tId="3" fbRx="15.19623849" lbRx="0" />
<wpr uId="155" tId="6" fbRx="15.19623849" lbRx="0" />
<wpr uId="155" tId="8" fbRx="15.19623849" lbRx="0" />
<pr uId="156" fId="3" fbTx="15.19646652" meta-info="ns3::WifiMacHeader (DATA ToDS=0, FromDS=0, MoreFrag=0, Retry=0, MoreData=0 Duration/ID=0us, DA=ff:ff:ff:ff:ff:ff, SA=00:00:00:00:00:04, BSSID=00:00:00:00:00:04, FragNumber=0, SeqNumber=9) ns3::LlcSnapHeader (type 0x800) ns3::Ipv4Header (tos 0x0 DSCP Default ECN Not-ECT ttl 64 id 9 protocol 17 offset (bytes) 0 flags [none] length: 56 192.168.1.4 &gt; 192.168.1.255) ns3::UdpHeader (length: 36 698 &gt; 698) ns3::olsr::PacketHeader () ns3::olsr::MessageHeader () ns3::WifiMacTrailer ()" />
<wpr uId="156" tId="8" fbRx="15.19646652" lbRx="0" />
<wpr uId="156" tId="2" fbRx="15.19646735" lbRx="0" />
<wpr uId="156" tId="4" fbRx="15.19646735" lbRx="0" />
<wpr uId="156" tId="7" fbRx="15.19646735" lbRx="0" />
<wpr uId="156" tId="9" fbRx="15.19646735" lbRx="0" />
<pr uId="157" fId="5" fbTx="15.665" meta-info="ns3::WifiMacHeader (DATA ToDS=0, FromDS=0, MoreFrag=0, Retry=0, MoreData=0 Duration/ID=0us, DA=ff:ff:ff:ff:ff:ff, SA=00:00:00:00:00:06, BSSID=00:00:00:00:00:06, FragNumber=0, SeqNumber=14) ns3::LlcSnapHeader (type 0x800) ns3::Ipv4Header (tos 0x0 DSCP Default ECN Not-ECT ttl 64 id 14 protocol 17 offset (bytes) 0 flags [none] length: 45 192.168.2.1 &gt; 192.168.2.255) ns3::UdpHeader (length: 25 269 &gt; 269) ns3::Epidemic::TypeHeader (BEACON) ns3::Epidemic::EpidemicHeader ( Packet ID: 1101480448 Hop count: 1000 TimeStamp: +0.0ns) ns3::WifiMacTrailer ()" />
<wpr uId="157" tId="0" fbRx="15.665" lbRx="0" />
<pr uId="158" fId="8" fbTx="15.748" meta-info="ns3::WifiMacHeader (DATA ToDS=0, FromDS=0, MoreFrag=0, Retry=0, MoreData=0 Duration/ID=0us, DA=ff:ff:ff:ff:ff:ff, SA=00:00:00:00:00:09, BSSID=00:00:00:00:00:09, FragNumber=0, SeqNumber=22) ns3::LlcSnapHeader (type 0x800) ns3::Ipv4Header (tos 0x0 DSCP Default ECN Not-ECT ttl 64 id 14 protocol 17 offset (bytes) 0 flags [none] length: 45 192.168.2.4 &gt; 192.168.2.255) ns3::UdpHeader (length: 25 269 &gt; 269) ns3::Epidemic::TypeHeader (BEACON) ns3::Epidemic::EpidemicHeader ( Packet ID: 1101480448 Hop count: 1000 TimeStamp: +0.0ns) ns3::WifiMacTrailer ()" />
<wpr uId="158" tId="3" fbRx="15.748" lbRx="0" />
<wpr uId="158" tId="2" fbRx="15.74800083" lbRx="0" />
<wpr uId="158" tId="4" fbRx="15.74800083" lbRx="0" />
<wpr uId="158" tId="7" fbRx="15.74800083" lbRx="0" />
<wpr uId="158" tId="9" fbRx="15.74800083" lbRx="0" />
<pr uId="159" fId="7" fbTx="15.755" meta-info="ns3::WifiMacHeader (DATA ToDS=0, FromDS=0, MoreFrag=0, Retry=0, MoreData=0 Duration/ID=0us, DA=ff:ff:ff:ff:ff:ff, SA=00:00:00:00:00:08, BSSID=00:00:00:00:00:08, FragNumber=0, SeqNumber=22) ns3::LlcSnapHeader (type 0x800) ns3::Ipv4Header (tos 0x0 DSCP Default ECN Not-ECT ttl 64 id 14 protocol 17 offset (bytes) 0 flags [none] length: 45 192.168.2.3 &gt; 192.168.2.255) ns3::UdpHeader (length: 25 269 &gt; 269) ns3::Epidemic::TypeHeader (BEACON) ns3::Epidemic::EpidemicHeader ( Packet ID: 1101480448 Hop count: 1000 TimeStamp: +0.0ns) ns3::WifiMacTrailer ()" />
<wpr uId="159" tId="2" fbRx="15.755" lbRx="0" />
<wpr uId="159" tId="1" fbRx="15.75500083" lbRx="0" />
<wpr uId="159" tId="3" fbRx="15.75500083" lbRx="0" />
<wpr uId="159" tId="6" fbRx="15.75500083" lbRx="0" />
<wpr uId="159" tId="8" fbRx="15.75500083" lbRx="0" />
<pr uId="160" fId="6" fbTx="15.787" meta-info="ns3::WifiMacHeader (DATA ToDS=0, FromDS=0, MoreFrag=0, Retry=0, MoreData=0 Duration/ID=0us, DA=ff:ff:ff:ff:ff:ff, SA=00:00:00:00:00:07, BSSID=00:00:00:00:00:07, FragNumber=0, SeqNumber=18) ns3::LlcSnapHeader (type 0x800) ns3::Ipv4Header (tos 0x0 DSCP Default ECN Not-ECT ttl 64 id 14 protocol 17 offset (bytes) 0 flags [none] length: 45 192.168.2.2 &gt; 192.168.2.255) ns3::UdpHeader (length: 25 269 &gt; 269) ns3::Epidemic::TypeHeader (BEACON) ns3::Epidemic::EpidemicHeader ( Packet ID: 1101480448 Hop count: 1000 TimeStamp: +0.0ns) ns3::WifiMacTrailer ()" />
<wpr uId="160" tId="1" fbRx="15.787" lbRx="0" />
<wpr uId="160" tId="2" fbRx="15.78700083" lbRx="0" />
<wpr uId="160" tId="7" fbRx="15.78700083" lbRx="0" />
<pr uId="161" fId="9" fbTx="15.848" meta-info="ns3::WifiMacHeader (DATA ToDS=0, FromDS=0, MoreFrag=0, Retry=0, MoreData=0 Duration/ID=0us, DA=ff:ff:ff:ff:ff:ff, SA=00:00:00:00:00:0a, BSSID=00:00:00:00:00:0a, FragNumber=0, SeqNumber=18) ns3::LlcSnapHeader (type 0x800) ns3::Ipv4Header (tos 0x0 DSCP Default ECN Not-ECT ttl 64 id 14 protocol 17 offset (bytes) 0 flags [none] length: 45 192.168.2.5 &gt; 192.168.2.255) ns3::UdpHeader (length: 25 269 &gt; 269) ns3::Epidemic::TypeHeader (BEACON) ns3::Epidemic::EpidemicHeader ( Packet ID: 1101480448 Hop count: 1000 TimeStamp: +0.0ns) ns3::WifiMacTrailer ()" />
<wpr uId="161" tId="4" fbRx="15.848" lbRx="0" />
<wpr uId="161" tId="3" fbRx="15.84800083" lbRx="0" />
<wpr uId="161" tId="8" fbRx="15.84800083" lbRx="0" />
<pr uId="162" fId="2" fbTx="16.07539576" meta-info="ns3::WifiMacHeader (DATA ToDS=0, FromDS=0, MoreFrag=0, Retry=0, MoreData=0 Duration/ID=0us, DA=ff:ff:ff:ff:ff:ff, SA=00:00:00:00:00:03, BSSID=00:00:00:00:00:03, FragNumber=0, SeqNumber=10) ns3::LlcSnapHeader (type 0x800) ns3::Ipv4Header (tos 0x0 DSCP Default ECN Not-ECT ttl 64 id 10 protocol 17 offset (bytes) 0 flags [none] length: 64 192.168.1.3 &gt; 192.168.1.255) ns3::UdpHeader (length: 44 698 &gt; 698) ns3::olsr::PacketHeader () ns3::olsr::MessageHeader () ns3::WifiMacTrailer ()" />
<wpr uId="162" tId="7" fbRx="16.07539576" lbRx="0" />
<wpr uId="162" tId="1" fbRx="16.0753966" lbRx="0" />
<wpr uId="162" tId="3" fbRx="16.0753966" lbRx="0" />
<wpr uId="162" tId="6" fbRx="16.0753966" lbRx="0" />
<wpr uId="162" tId="8" fbRx="16.0753966" lbRx="0" />
<pr uId="163" fId="0" fbTx="16.31391568" meta-info="ns3::WifiMacHeader (DATA ToDS=0, FromDS=0, MoreFrag=0, Retry=0, MoreData=0 Duration/ID=0us, DA=ff:ff:ff:ff:ff:ff, SA=00:00:00:00:00:01, BSSID=00:00:00:00:00:01, FragNumber=0, SeqNumber=8) ns3::LlcSnapHeader (type 0x800) ns3::Ipv4Header (tos 0x0 DSCP Default ECN Not-ECT ttl 64 id 8 protocol 17 offset (bytes) 0 flags [none] length: 48 192.168.1.1 &gt; 192.168.1.255) ns3::UdpHeader (length: 28 698 &gt; 698) ns3::olsr::PacketHeader () ns3::olsr::MessageHeader () ns3::WifiMacTrailer ()" />
<wpr uId="163" tId="5" fbRx="16.31391568" lbRx="0" />
<pr uId="164" fId="1" fbTx="16.37659776" meta-info="ns3::WifiMacHeader (DATA ToDS=0, FromDS=0, MoreFrag=0, Retry=0, MoreData=0 Duration/ID=0us, DA=ff:ff:ff:ff:ff:ff, SA=00:00:00:00:00:02, BSSID=00:00:00:00:00:02, FragNumber=0, SeqNumber=8) ns3::LlcSnapHeader (type 0x800) ns3::Ipv4Header (tos 0x0 DSCP Default ECN Not-ECT ttl 64 id 8 protocol 17 offset (bytes) 0 flags [none] length: 56 192.168.1.2 &gt; 192.168.1.255) ns3::UdpHeader (length: 36 698 &gt; 698) ns3::olsr::PacketHeader () ns3::olsr::MessageHeader () ns3::WifiMacTrailer ()" />
<wpr uId="164" tId="6" fbRx="16.37659776" lbRx="0" />
<wpr uId="164" tId="2" fbRx="16.3765986" lbRx="0" />
<wpr uId="164" tId="7" fbRx="16.3765986" lbRx="0" />
<pr uId="165" fId="4" fbTx="16.4642562" meta-info="ns3::WifiMacHeader (DATA ToDS=0, FromDS=0, MoreFrag=0, Retry=0, MoreData=0 Duration/ID=0us, DA=ff:ff:ff:ff:ff:ff, SA=00:00:00:00:00:05, BSSID=00:00:00:00:00:05, FragNumber=0, SeqNumber=8) ns3::LlcSnapHeader (type 0x800) ns3::Ipv4Header (tos 0x0 DSCP Default ECN Not-ECT ttl 64 id 8 protocol 17 offset (bytes) 0 flags [none] length: 56 192.168.1.5 &gt; 192.168.1.255) ns3::UdpHeader (length: 36 698 &gt; 698) ns3::olsr::PacketHeader () ns3::olsr::MessageHeader () ns3::WifiMacTrailer ()" />
<wpr uId="165" tId="9" fbRx="16.4642562" lbRx="0" />
<wpr uId="165" tId="3" fbRx="16.46425704" lbRx="0" />
<wpr uId="165" tId="8" fbRx="16.46425704" lbRx="0" />
<pr uId="166" fId="3" fbTx="16.48479233" meta-info="ns3::WifiMacHeader (DATA ToDS=0, FromDS=0, MoreFrag=0, Retry=0, MoreData=0 Duration/ID=0us, DA=ff:ff:ff:ff:ff:ff, SA=00:00:00:00:00:04, BSSID=00:00:00:00:00:04, FragNumber=0, SeqNumber=10) ns3::LlcSnapHeader (type 0x800) ns3::Ipv4Header (tos 0x0 DSCP Default ECN Not-ECT ttl 64 id 10 protocol 17 offset (bytes) 0 flags [none] length: 64 192.168.1.4 &gt; 192.168.1.255) ns3::UdpHeader (length: 44 698 &gt; 698) ns3::olsr::PacketHeader () ns3::olsr::MessageHeader () ns3::WifiMacTrailer ()" />
<wpr uId="166" tId="8" fbRx="16.48479233" lbRx="0" />
<wpr uId="166" tId="2" fbRx="16.48479316" lbRx="0" />
<wpr uId="166" tId="4" fbRx="16.48479316" lbRx="0" />
<wpr uId="166" tId="7" fbRx="16.48479316" lbRx="0" />
<wpr uId="166" tId="9" fbRx="16.48479316" lbRx="0" />
<pr uId="167" fId="5" fbTx="16.7" meta-info="ns3::WifiMacHeader (DATA ToDS=0, FromDS=0, MoreFrag=0, Retry=0, MoreData=0 Duration/ID=0us, DA=ff:ff:ff:ff:ff:ff, SA=00:00:00:00:00:06, BSSID=00:00:00:00:00:06, FragNumber=0, SeqNumber=15) ns3::LlcSnapHeader (type 0x800) ns3::Ipv4Header (tos 0x0 DSCP Default ECN Not-ECT ttl 64 id 15 protocol 17 offset (bytes) 0 flags [none] length: 45 192.168.2.1 &gt; 192.168.2.255) ns3::UdpHeader (length: 25 269 &gt; 269) ns3::Epidemic::TypeHeader (BEACON) ns3::Epidemic::EpidemicHeader ( Packet ID: 1101480448 Hop count: 1000 TimeStamp: +0.0ns) ns3::WifiMacTrailer ()" />
<wpr uId="167" tId="0" fbRx="16.7" lbRx="0" />
<pr uId="168" fId="8" fbTx="16.759" meta-info="ns3::WifiMacHeader (DATA ToDS=0, FromDS=0, MoreFrag=0, Retry=0, MoreData=0 Duration/ID=0us, DA=ff:ff:ff:ff:ff:ff, SA=00:00:00:00:00:09, BSSID=00:00:00:00:00:09, FragNumber=0, SeqNumber=23) ns3::LlcSnapHeader (type 0x800) ns3::Ipv4Header (tos 0x0 DSCP Default ECN Not-ECT ttl 64 id 15 protocol 17 offset (bytes) 0 flags [none] length: 45 192.168.2.4 &gt; 192.168.2.255) ns3::UdpHeader (length: 25 269 &gt; 269) ns3::Epidemic::TypeHeader (BEACON) ns3::Epidemic::EpidemicHeader ( Packet ID: 1101480448 Hop count: 1000 TimeStamp: +0.0ns) ns3::WifiMacTrailer ()" />
<wpr uId="168" tId="3" fbRx="16.759" lbRx="0" />
<wpr uId="168" tId="2" fbRx="16.75900083" lbRx="0" />
<wpr uId="168" tId="4" fbRx="16.75900083" lbRx="0" />
<wpr uId="168" tId="7" fbRx="16.75900083" lbRx="0" />
<wpr uId="168" tId="9" fbRx="16.75900083" lbRx="0" />
<pr uId="169" fId="7" fbTx="16.811" meta-info="ns3::WifiMacHeader (DATA ToDS=0, FromDS=0, MoreFrag=0, Retry=0, MoreData=0 Duration/ID=0us, DA=ff:ff:ff:ff:ff:ff, SA=00:00:00:00:00:08, BSSID=00:00:00:00:00:08, FragNumber=0, SeqNumber=23) ns3::LlcSnapHeader (type 0x800) ns3::Ipv4Header (tos 0x0 DSCP Default ECN Not-ECT ttl 64 id 15 protocol 17 offset (bytes) 0 flags [none] length: 45 192.168.2.3 &gt; 192.168.2.255) ns3::UdpHeader (length: 25 269 &gt; 269) ns3::Epidemic::TypeHeader (BEACON) ns3::Epidemic::EpidemicHeader ( Packet ID: 1101480448 Hop count: 1000 TimeStamp: +0.0ns) ns3::WifiMacTrailer ()" />
<wpr uId="169" tId="2" fbRx="16.811" lbRx="0" />
<wpr uId="169" tId="1" fbRx="16.81100083" lbRx="0" />
<wpr uId="169" tId="3" fbRx="16.81100083" lbRx="0" />
<wpr uId="169" tId="6" fbRx="16.81100083" lbRx="0" />
<wpr uId="169" tId="8" fbRx="16.81100083" lbRx="0" />
<pr uId="170" fId="6" fbTx="16.845" meta-info="ns3::WifiMacHeader (DATA ToDS=0, FromDS=0, MoreFrag=0, Retry=0, MoreData=0 Duration/ID=0us, DA=ff:ff:ff:ff:ff:ff, SA=00:00:00:00:00:07, BSSID=00:00:00:00:00:07, FragNumber=0, SeqNumber=19) ns3::LlcSnapHeader (type 0x800) ns3::Ipv4Header (tos 0x0 DSCP Default ECN Not-ECT ttl 64 id 15 protocol 17 offset (bytes) 0 flags [none] length: 45 192.168.2.2 &gt; 192.168.2.255) ns3::UdpHeader (length: 25 269 &gt; 269) ns3::Epidemic::TypeHeader (BEACON) ns3::Epidemic::EpidemicHeader ( Packet ID: 1101480448 Hop count: 1000 TimeStamp: +0.0ns) ns3::WifiMacTrailer ()" />
<wpr uId="170" tId="1" fbRx="16.845" lbRx="0" />
<wpr uId="170" tId="2" fbRx="16.84500083" lbRx="0" />
<wpr uId="170" tId="7" fbRx="16.84500083" lbRx="0" />
<pr uId="171" fId="9" fbTx="16.892" meta-info="ns3::WifiMacHeader (DATA ToDS=0, FromDS=0, MoreFrag=0, Retry=0, MoreData=0 Duration/ID=0us, DA=ff:ff:ff:ff:ff:ff, SA=00:00:00:00:00:0a, BSSID=00:00:00:00:00:0a, FragNumber=0, SeqNumber=19) ns3::LlcSnapHeader (type 0x800) ns3::Ipv4Header (tos 0x0 DSCP Default ECN Not-ECT ttl 64 id 15 protocol 17 offset (bytes) 0 flags [none] length: 45 192.168.2.5 &gt; 192.168.2.255) ns3::UdpHeader (length: 25 269 &gt; 269) ns3::Epidemic::TypeHeader (BEACON) ns3::Epidemic::EpidemicHeader ( Packet ID: 1101480448 Hop count: 1000 TimeStamp: +0.0ns) ns3::WifiMacTrailer ()" />
<wpr uId="171" tId="4" fbRx="16.892" lbRx="0" />
<wpr uId="171" tId="3" fbRx="16.89200083" lbRx="0" />
<wpr uId="171" tId="8" fbRx="16.89200083" lbRx="0" />
<pr uId="172" fId="5" fbTx="17.717" meta-info="ns3::WifiMacHeader (DATA ToDS=0, FromDS=0, MoreFrag=0, Retry=0, MoreData=0 Duration/ID=0us, DA=ff:ff:ff:ff:ff:ff, SA=00:00:00:00:00:06, BSSID=00:00:00:00:00:06, FragNumber=0, SeqNumber=16) ns3::LlcSnapHeader (type 0x800) ns3::Ipv4Header (tos 0x0 DSCP Default ECN Not-ECT ttl 64 id 16 protocol 17 offset (bytes) 0 flags [none] length: 45 192.168.2.1 &gt; 192.168.2.255) ns3::UdpHeader (length: 25 269 &gt; 269) ns3::Epidemic::TypeHeader (BEACON) ns3::Epidemic::EpidemicHeader ( Packet ID: 1101480448 Hop count: 1000 TimeStamp: +0.0ns) ns3::WifiMacTrailer ()" />
<wpr uId="172" tId="0" fbRx="17.717" lbRx="0" />
<pr uId="173" fId="8" fbTx="17.765" meta-info="ns3::WifiMacHeader (DATA ToDS=0, FromDS=0, MoreFrag=0, Retry=0, MoreData=0 Duration/ID=0us, DA=ff:ff:ff:ff:ff:ff, SA=00:00:00:00:00:09, BSSID=00:00:00:00:00:09, FragNumber=0, SeqNumber=24) ns3::LlcSnapHeader (type 0x800) ns3::Ipv4Header (tos 0x0 DSCP Default ECN Not-ECT ttl 64 id 16 protocol 17 offset (bytes) 0 flags [none] length: 45 192.168.2.4 &gt; 192.168.2.255) ns3::UdpHeader (length: 25 269 &gt; 269) ns3::Epidemic::TypeHeader (BEACON) ns3::Epidemic::EpidemicHeader ( Packet ID: 1101480448 Hop count: 1000 TimeStamp: +0.0ns) ns3::WifiMacTrailer ()" />
<wpr uId="173" tId="3" fbRx="17.765" lbRx="0" />
<wpr uId="173" tId="2" fbRx="17.76500083" lbRx="0" />
<wpr uId="173" tId="4" fbRx="17.76500083" lbRx="0" />
<wpr uId="173" tId="7" fbRx="17.76500083" lbRx="0" />
<wpr uId="173" tId="9" fbRx="17.76500083" lbRx="0" />
<pr uId="174" fId="7" fbTx="17.851" meta-info="ns3::WifiMacHeader (DATA ToDS=0, FromDS=0, MoreFrag=0, Retry=0, MoreData=0 Duration/ID=0us, DA=ff:ff:ff:ff:ff:ff, SA=00:00:00:00:00:08, BSSID=00:00:00:00:00:08, FragNumber=0, SeqNumber=24) ns3::LlcSnapHeader (type 0x800) ns3::Ipv4Header (tos 0x0 DSCP Default ECN Not-ECT ttl 64 id 16 protocol 17 offset (bytes) 0 flags [none] length: 45 192.168.2.3 &gt; 192.168.2.255) ns3::UdpHeader (length: 25 269 &gt; 269) ns3::Epidemic::TypeHeader (BEACON) ns3::Epidemic::EpidemicHeader ( Packet ID: 1101480448 Hop count: 1000 TimeStamp: +0.0ns) ns3::WifiMacTrailer ()" />
<wpr uId="174" tId="2" fbRx="17.851" lbRx="0" />
<wpr uId="174" tId="1" fbRx="17.85100083" lbRx="0" />
<wpr uId="174" tId="3" fbRx="17.85100083" lbRx="0" />
<wpr uId="174" tId="6" fbRx="17.85100083" lbRx="0" />
<wpr uId="174" tId="8" fbRx="17.85100083" lbRx="0" />
<pr uId="175" fId="6" fbTx="17.903" meta-info="ns3::WifiMacHeader (DATA ToDS=0, FromDS=0, MoreFrag=0, Retry=0, MoreData=0 Duration/ID=0us, DA=ff:ff:ff:ff:ff:ff, SA=00:00:00:00:00:07, BSSID=00:00:00:00:00:07, FragNumber=0, SeqNumber=20) ns3::LlcSnapHeader (type 0x800) ns3::Ipv4Header (tos 0x0 DSCP Default ECN Not-ECT ttl 64 id 16 protocol 17 offset (bytes) 0 flags [none] length: 45 192.168.2.2 &gt; 192.168.2.255) ns3::UdpHeader (length: 25 269 &gt; 269) ns3::Epidemic::TypeHeader (BEACON) ns3::Epidemic::EpidemicHeader ( Packet ID: 1101480448 Hop count: 1000 TimeStamp: +0.0ns) ns3::WifiMacTrailer ()" />
<wpr uId="175" tId="1" fbRx="17.903" lbRx="0" />
<wpr uId="175" tId="2" fbRx="17.90300083" lbRx="0" />
<wpr uId="175" tId="7" fbRx="17.90300083" lbRx="0" />
<pr uId="176" fId="9" fbTx="17.938" meta-info="ns3::WifiMacHeader (DATA ToDS=0, FromDS=0, MoreFrag=0, Retry=0, MoreData=0 Duration/ID=0us, DA=ff:ff:ff:ff:ff:ff, SA=00:00:00:00:00:0a, BSSID=00:00:00:00:00:0a, FragNumber=0, SeqNumber=20) ns3::LlcSnapHeader (type 0x800) ns3::Ipv4Header (tos 0x0 DSCP Default ECN Not-ECT ttl 64 id 16 protocol 17 offset (bytes) 0 flags [none] length: 45 192.168.2.5 &gt; 192.168.2.255) ns3::UdpHeader (length: 25 269 &gt; 269) ns3::Epidemic::TypeHeader (BEACON) ns3::Epidemic::EpidemicHeader ( Packet ID: 1101480448 Hop count: 1000 TimeStamp: +0.0ns) ns3::WifiMacTrailer ()" />
<wpr uId="176" tId="4" fbRx="17.938" lbRx="0" />
<wpr uId="176" tId="3" fbRx="17.93800083" lbRx="0" />
<wpr uId="176" tId="8" fbRx="17.93800083" lbRx="0" />
<pr uId="177" fId="2" fbTx="18.07237326" meta-info="ns3::WifiMacHeader (DATA ToDS=0, FromDS=0, MoreFrag=0, Retry=0, MoreData=0 Duration/ID=0us, DA=ff:ff:ff:ff:ff:ff, SA=00:00:00:00:00:03, BSSID=00:00:00:00:00:03, FragNumber=0, SeqNumber=11) ns3::LlcSnapHeader (type 0x800) ns3::Ipv4Header (tos 0x0 DSCP Default ECN Not-ECT ttl 64 id 11 protocol 17 offset (bytes) 0 flags [none] length: 64 192.168.1.3 &gt; 192.168.1.255) ns3::UdpHeader (length: 44 698 &gt; 698) ns3::olsr::PacketHeader () ns3::olsr::MessageHeader () ns3::WifiMacTrailer ()" />
<wpr uId="177" tId="7" fbRx="18.07237326" lbRx="0" />
<wpr uId="177" tId="1" fbRx="18.0723741" lbRx="0" />
<wpr uId="177" tId="3" fbRx="18.0723741" lbRx="0" />
<wpr uId="177" tId="6" fbRx="18.0723741" lbRx="0" />
<wpr uId="177" tId="8" fbRx="18.0723741" lbRx="0" />
<pr uId="178" fId="1" fbTx="18.17836984" meta-info="ns3::WifiMacHeader (DATA ToDS=0, FromDS=0, MoreFrag=0, Retry=0, MoreData=0 Duration/ID=0us, DA=ff:ff:ff:ff:ff:ff, SA=00:00:00:00:00:02, BSSID=00:00:00:00:00:02, FragNumber=0, SeqNumber=9) ns3::LlcSnapHeader (type 0x800) ns3::Ipv4Header (tos 0x0 DSCP Default ECN Not-ECT ttl 64 id 9 protocol 17 offset (bytes) 0 flags [none] length: 56 192.168.1.2 &gt; 192.168.1.255) ns3::UdpHeader (length: 36 698 &gt; 698) ns3::olsr::PacketHeader () ns3::olsr::MessageHeader () ns3::WifiMacTrailer ()" />
<wpr uId="178" tId="6" fbRx="18.17836984" lbRx="0" />
<wpr uId="178" tId="2" fbRx="18.17837068" lbRx="0" />
<wpr uId="178" tId="7" fbRx="18.17837068" lbRx="0" />
<pr uId="179" fId="0" fbTx="18.25739889" meta-info="ns3::WifiMacHeader (DATA ToDS=0, FromDS=0, MoreFrag=0, Retry=0, MoreData=0 Duration/ID=0us, DA=ff:ff:ff:ff:ff:ff, SA=00:00:00:00:00:01, BSSID=00:00:00:00:00:01, FragNumber=0, SeqNumber=9) ns3::LlcSnapHeader (type 0x800) ns3::Ipv4Header (tos 0x0 DSCP Default ECN Not-ECT ttl 64 id 9 protocol 17 offset (bytes) 0 flags [none] length: 48 192.168.1.1 &gt; 192.168.1.255) ns3::UdpHeader (length: 28 698 &gt; 698) ns3::olsr::PacketHeader () ns3::olsr::MessageHeader () ns3::WifiMacTrailer ()" />
<wpr uId="179" tId="5" fbRx="18.25739889" lbRx="0" />
<pr uId="180" fId="3" fbTx="18.39761682" meta-info="ns3::WifiMacHeader (DATA ToDS=0, FromDS=0, MoreFrag=0, Retry=0, MoreData=0 Duration/ID=0us, DA=ff:ff:ff:ff:ff:ff, SA=00:00:00:00:00:04, BSSID=00:00:00:00:00:04, FragNumber=0, SeqNumber=11) ns3::LlcSnapHeader (type 0x800) ns3::Ipv4Header (tos 0x0 DSCP Default ECN Not-ECT ttl 64 id 11 protocol 17 offset (bytes) 0 flags [none] length: 64 192.168.1.4 &gt; 192.168.1.255) ns3::UdpHeader (length: 44 698 &gt; 698) ns3::olsr::PacketHeader () ns3::olsr::MessageHeader () ns3::WifiMacTrailer ()" />
<wpr uId="180" tId="8" fbRx="18.39761682" lbRx="0" />
<wpr uId="180" tId="2" fbRx="18.39761765" lbRx="0" />
<wpr uId="180" tId="4" fbRx="18.39761765" lbRx="0" />
<wpr uId="180" tId="7" fbRx="18.39761765" lbRx="0" />
<wpr uId="180" tId="9" fbRx="18.39761765" lbRx="0" />
<pr uId="181" fId="4" fbTx="18.46863427" meta-info="ns3::WifiMacHeader (DATA ToDS=0, FromDS=0, MoreFrag=0, Retry=0, MoreData=0 Duration/ID=0us, DA=ff:ff:ff:ff:ff:ff, SA=00:00:00:00:00:05, BSSID=00:00:00:00:00:05, FragNumber=0, SeqNumber=9) ns3::LlcSnapHeader (type 0x800) ns3::Ipv4Header (tos 0x0 DSCP Default ECN Not-ECT ttl 64 id 9 protocol 17 offset (bytes) 0 flags [none] length: 56 192.168.1.5 &gt; 192.168.1.255) ns3::UdpHeader (length: 36 698 &gt; 698) ns3::olsr::PacketHeader () ns3::olsr::MessageHeader () ns3::WifiMacTrailer ()" />
<wpr uId="181" tId="9" fbRx="18.46863427" lbRx="0" />
<wpr uId="181" tId="3" fbRx="18.4686351" lbRx="0" />
<wpr uId="181" tId="8" fbRx="18.4686351" lbRx="0" />
<pr uId="182" fId="8" fbTx="18.771" meta-info="ns3::WifiMacHeader (DATA ToDS=0, FromDS=0, MoreFrag=0, Retry=0, MoreData=0 Duration/ID=0us, DA=ff:ff:ff:ff:ff:ff, SA=00:00:00:00:00:09, BSSID=00:00:00:00:00:09, FragNumber=0, SeqNumber=25) ns3::LlcSnapHeader (type 0x800) ns3::Ipv4Header (tos 0x0 DSCP Default ECN Not-ECT ttl 64 id 17 protocol 17 offset (bytes) 0 flags [none] length: 45 192.168.2.4 &gt; 192.168.2.255) ns3::UdpHeader (length: 25 269 &gt; 269) ns3::Epidemic::TypeHeader (BEACON) ns3::Epidemic::EpidemicHeader ( Packet ID: 1101480448 Hop count: 1000 TimeStamp: +0.0ns) ns3::WifiMacTrailer ()" />
<wpr uId="182" tId="3" fbRx="18.771" lbRx="0" />
<wpr uId="182" tId="2" fbRx="18.77100083" lbRx="0" />
<wpr uId="182" tId="4" fbRx="18.77100083" lbRx="0" />
<wpr uId="182" tId="7" fbRx="18.77100083" lbRx="0" />
<wpr uId="182" tId="9" fbRx="18.77100083" lbRx="0" />
<pr uId="183" fId="5" fbTx="18.784" meta-info="ns3::WifiMacHeader (DATA ToDS=0, FromDS=0, MoreFrag=0, Retry=0, MoreData=0 Duration/ID=0us, DA=ff:ff:ff:ff:ff:ff, SA=00:00:00:00:00:06, BSSID=00:00:00:00:00:06, FragNumber=0, SeqNumber=17) ns3::LlcSnapHeader (type 0x800) ns3::Ipv4Header (tos 0x0 DSCP Default ECN Not-ECT ttl 64 id 17 protocol 17 offset (bytes) 0 flags [none] length: 45 192.168.2.1 &gt; 192.168.2.255) ns3::UdpHeader (length: 25 269 &gt; 269) ns3::Epidemic::TypeHeader (BEACON) ns3::Epidemic::EpidemicHeader ( Packet ID: 1101480448 Hop count: 1000 TimeStamp: +0.0ns) ns3::WifiMacTrailer ()" />
<wpr uId="183" tId="0" fbRx="18.784" lbRx="0" />
<pr uId="184" fId="7" fbTx="18.899" meta-info="ns3::WifiMacHeader (DATA ToDS=0, FromDS=0, MoreFrag=0, Retry=0, MoreData=0 Duration/ID=0us, DA=ff:ff:ff:ff:ff:ff, SA=00:00:00:00:00:08, BSSID=00:00:00:00:00:08, FragNumber=0, SeqNumber=25) ns3::LlcSnapHeader (type 0x800) ns3::Ipv4Header (tos 0x0 DSCP Default ECN Not-ECT ttl 64 id 17 protocol 17 offset (bytes) 0 flags [none] length: 45 192.168.2.3 &gt; 192.168.2.255) ns3::UdpHeader (length: 25 269 &gt; 269) ns3::Epidemic::TypeHeader (BEACON) ns3::Epidemic::EpidemicHeader ( Packet ID: 1101480448 Hop count: 1000 TimeStamp: +0.0ns) ns3::WifiMacTrailer ()" />
<wpr uId="184" tId="2" fbRx="18.899" lbRx="0" />
<wpr uId="184" tId="1" fbRx="18.89900083" lbRx="0" />
<wpr uId="184" tId="3" fbRx="18.89900083" lbRx="0" />
<wpr uId="184" tId="6" fbRx="18.89900083" lbRx="0" />
<wpr uId="184" tId="8" fbRx="18.89900083" lbRx="0" />
<pr uId="185" fId="6" fbTx="19.001" meta-info="ns3::WifiMacHeader (DATA ToDS=0, FromDS=0, MoreFrag=0, Retry=0, MoreData=0 Duration/ID=0us, DA=ff:ff:ff:ff:ff:ff, SA=00:00:00:00:00:07, BSSID=00:00:00:00:00:07, FragNumber=0, SeqNumber=21) ns3::LlcSnapHeader (type 0x800) ns3::Ipv4Header (tos 0x0 DSCP Default ECN Not-ECT ttl 64 id 17 protocol 17 offset (bytes) 0 flags [none] length: 45 192.168.2.2 &gt; 192.168.2.255) ns3::UdpHeader (length: 25 269 &gt; 269) ns3::Epidemic::TypeHeader (BEACON) ns3::Epidemic::EpidemicHeader ( Packet ID: 1101480448 Hop count: 1000 TimeStamp: +0.0ns) ns3::WifiMacTrailer ()" />
<wpr uId="185" tId="1" fbRx="19.001" lbRx="0" />
<wpr uId="185" tId="2" fbRx="19.00100083" lbRx="0" />
<wpr uId="185" tId="7" fbRx="19.00100083" lbRx="0" />
<pr uId="186" fId="9" fbTx="19.005" meta-info="ns3::WifiMacHeader (DATA ToDS=0, FromDS=0, MoreFrag=0, Retry=0, MoreData=0 Duration/ID=0us, DA=ff:ff:ff:ff:ff:ff, SA=00:00:00:00:00:0a, BSSID=00:00:00:00:00:0a, FragNumber=0, SeqNumber=21) ns3::LlcSnapHeader (type 0x800) ns3::Ipv4Header (tos 0x0 DSCP Default ECN Not-ECT ttl 64 id 17 protocol 17 offset (bytes) 0 flags [none] length: 45 192.168.2.5 &gt; 192.168.2.255) ns3::UdpHeader (length: 25 269 &gt; 269) ns3::Epidemic::TypeHeader (BEACON) ns3::Epidemic::EpidemicHeader ( Packet ID: 1101480448 Hop count: 1000 TimeStamp: +0.0ns) ns3::WifiMacTrailer ()" />
<wpr uId="186" tId="4" fbRx="19.005" lbRx="0" />
<wpr uId="186" tId="3" fbRx="19.00500083" lbRx="0" />
<wpr uId="186" tId="8" fbRx="19.00500083" lbRx="0" />
<pr uId="187" fId="8" fbTx="19.852" meta-info="ns3::WifiMacHeader (DATA ToDS=0, FromDS=0, MoreFrag=0, Retry=0, MoreData=0 Duration/ID=0us, DA=ff:ff:ff:ff:ff:ff, SA=00:00:00:00:00:09, BSSID=00:00:00:00:00:09, FragNumber=0, SeqNumber=26) ns3::LlcSnapHeader (type 0x800) ns3::Ipv4Header (tos 0x0 DSCP Default ECN Not-ECT ttl 64 id 18 protocol 17 offset (bytes) 0 flags [none] length: 45 192.168.2.4 &gt; 192.168.2.255) ns3::UdpHeader (length: 25 269 &gt; 269) ns3::Epidemic::TypeHeader (BEACON) ns3::Epidemic::EpidemicHeader ( Packet ID: 1101480448 Hop count: 1000 TimeStamp: +0.0ns) ns3::WifiMacTrailer ()" />
<wpr uId="187" tId="3" fbRx="19.852" lbRx="0" />
<wpr uId="187" tId="2" fbRx="19.85200083" lbRx="0" />
<wpr uId="187" tId="4" fbRx="19.85200083" lbRx="0" />
<wpr uId="187" tId="7" fbRx="19.85200083" lbRx="0" />
<wpr uId="187" tId="9" fbRx="19.85200083" lbRx="0" />
<pr uId="188" fId="5" fbTx="19.858" meta-info="ns3::WifiMacHeader (DATA ToDS=0, FromDS=0, MoreFrag=0, Retry=0, MoreData=0 Duration/ID=0us, DA=ff:ff:ff:ff:ff:ff, SA=00:00:00:00:00:06, BSSID=00:00:00:00:00:06, FragNumber=0, SeqNumber=18) ns3::LlcSnapHeader (type 0x800) ns3::Ipv4Header (tos 0x0 DSCP Default ECN Not-ECT ttl 64 id 18 protocol 17 offset (bytes) 0 flags [none] length: 45 192.168.2.1 &gt; 192.168.2.255) ns3::UdpHeader (length: 25 269 &gt; 269) ns3::Epidemic::TypeHeader (BEACON) ns3::Epidemic::EpidemicHeader ( Packet ID: 1101480448 Hop count: 1000 TimeStamp: +0.0ns) ns3::WifiMacTrailer ()" />
<wpr uId="188" tId="0" fbRx="19.858" lbRx="0" />
<pr uId="189" fId="7" fbTx="19.977" meta-info="ns3::WifiMacHeader (DATA ToDS=0, FromDS=0, MoreFrag=0, Retry=0, MoreData=0 Duration/ID=0us, DA=ff:ff:ff:ff:ff:ff, SA=00:00:00:00:00:08, BSSID=00:00:00:00:00:08, FragNumber=0, SeqNumber=26) ns3::LlcSnapHeader (type 0x800) ns3::Ipv4Header (tos 0x0 DSCP Default ECN Not-ECT ttl 64 id 18 protocol 17 offset (bytes) 0 flags [none] length: 45 192.168.2.3 &gt; 192.168.2.255) ns3::UdpHeader (length: 25 269 &gt; 269) ns3::Epidemic::TypeHeader (BEACON) ns3::Epidemic::EpidemicHeader ( Packet ID: 1101480448 Hop count: 1000 TimeStamp: +0.0ns) ns3::WifiMacTrailer ()" />
<wpr uId="189" tId="2" fbRx="19.977" lbRx="0" />
<wpr uId="189" tId="1" fbRx="19.97700083" lbRx="0" />
<wpr uId="189" tId="3" fbRx="19.97700083" lbRx="0" />
<wpr uId="189" tId="6" fbRx="19.97700083" lbRx="0" />
<wpr uId="189" tId="8" fbRx="19.97700083" lbRx="0" />
<pr uId="190" fId="6" fbTx="20.018" meta-info="ns3::WifiMacHeader (DATA ToDS=0, FromDS=0, MoreFrag=0, Retry=0, MoreData=0 Duration/ID=0us, DA=ff:ff:ff:ff:ff:ff, SA=00:00:00:00:00:07, BSSID=00:00:00:00:00:07, FragNumber=0, SeqNumber=22) ns3::LlcSnapHeader (type 0x800) ns3::Ipv4Header (tos 0x0 DSCP Default ECN Not-ECT ttl 64 id 18 protocol 17 offset (bytes) 0 flags [none] length: 45 192.168.2.2 &gt; 192.168.2.255) ns3::UdpHeader (length: 25 269 &gt; 269) ns3::Epidemic::TypeHeader (BEACON) ns3::Epidemic::EpidemicHeader ( Packet ID: 1101480448 Hop count: 1000 TimeStamp: +0.0ns) ns3::WifiMacTrailer ()" />
<wpr uId="190" tId="1" fbRx="20.018" lbRx="0" />
<wpr uId="190" tId="2" fbRx="20.01800083" lbRx="0" />
<wpr uId="190" tId="7" fbRx="20.01800083" lbRx="0" />
<pr uId="191" fId="9" fbTx="20.063" meta-info="ns3::WifiMacHeader (DATA ToDS=0, FromDS=0, MoreFrag=0, Retry=0, MoreData=0 Duration/ID=0us, DA=ff:ff:ff:ff:ff:ff, SA=00:00:00:00:00:0a, BSSID=00:00:00:00:00:0a, FragNumber=0, SeqNumber=22) ns3::LlcSnapHeader (type 0x800) ns3::Ipv4Header (tos 0x0 DSCP Default ECN Not-ECT ttl 64 id 18 protocol 17 offset (bytes) 0 flags [none] length: 45 192.168.2.5 &gt; 192.168.2.255) ns3::UdpHeader (length: 25 269 &gt; 269) ns3::Epidemic::TypeHeader (BEACON) ns3::Epidemic::EpidemicHeader ( Packet ID: 1101480448 Hop count: 1000 TimeStamp: +0.0ns) ns3::WifiMacTrailer ()" />
<wpr uId="191" tId="4" fbRx="20.063" lbRx="0" />
<wpr uId="191" tId="3" fbRx="20.06300083" lbRx="0" />
<wpr uId="191" tId="8" fbRx="20.06300083" lbRx="0" />
<pr uId="192" fId="1" fbTx="20.24172099" meta-info="ns3::WifiMacHeader (DATA ToDS=0, FromDS=0, MoreFrag=0, Retry=0, MoreData=0 Duration/ID=0us, DA=ff:ff:ff:ff:ff:ff, SA=00:00:00:00:00:02, BSSID=00:00:00:00:00:02, FragNumber=0, SeqNumber=10) ns3::LlcSnapHeader (type 0x800) ns3::Ipv4Header (tos 0x0 DSCP Default ECN Not-ECT ttl 64 id 10 protocol 17 offset (bytes) 0 flags [none] length: 56 192.168.1.2 &gt; 192.168.1.255) ns3::UdpHeader (length: 36 698 &gt; 698) ns3::olsr::PacketHeader () ns3::olsr::MessageHeader () ns3::WifiMacTrailer ()" />
<wpr uId="192" tId="6" fbRx="20.24172099" lbRx="0" />
<wpr uId="192" tId="2" fbRx="20.24172182" lbRx="0" />
<wpr uId="192" tId="7" fbRx="20.24172182" lbRx="0" />
<pr uId="193" fId="0" fbTx="20.34532637" meta-info="ns3::WifiMacHeader (DATA ToDS=0, FromDS=0, MoreFrag=0, Retry=0, MoreData=0 Duration/ID=0us, DA=ff:ff:ff:ff:ff:ff, SA=00:00:00:00:00:01, BSSID=00:00:00:00:00:01, FragNumber=0, SeqNumber=10) ns3::LlcSnapHeader (type 0x800) ns3::Ipv4Header (tos 0x0 DSCP Default ECN Not-ECT ttl 64 id 10 protocol 17 offset (bytes) 0 flags [none] length: 48 192.168.1.1 &gt; 192.168.1.255) ns3::UdpHeader (length: 28 698 &gt; 698) ns3::olsr::PacketHeader () ns3::olsr::MessageHeader () ns3::WifiMacTrailer ()" />
<wpr uId="193" tId="5" fbRx="20.34532637" lbRx="0" />
<pr uId="194" fId="2" fbTx="20.36286911" meta-info="ns3::WifiMacHeader (DATA ToDS=0, FromDS=0, MoreFrag=0, Retry=0, MoreData=0 Duration/ID=0us, DA=ff:ff:ff:ff:ff:ff, SA=00:00:00:00:00:03, BSSID=00:00:00:00:00:03, FragNumber=0, SeqNumber=12) ns3::LlcSnapHeader (type 0x800) ns3::Ipv4Header (tos 0x0 DSCP Default ECN Not-ECT ttl 64 id 12 protocol 17 offset (bytes) 0 flags [none] length: 88 192.168.1.3 &gt; 192.168.1.255) ns3::UdpHeader (length: 68 698 &gt; 698) ns3::olsr::PacketHeader () ns3::olsr::MessageHeader () ns3::olsr::MessageHeader () ns3::WifiMacTrailer ()" />
<wpr uId="194" tId="7" fbRx="20.36286911" lbRx="0" />
<wpr uId="194" tId="1" fbRx="20.36286994" lbRx="0" />
<wpr uId="194" tId="3" fbRx="20.36286994" lbRx="0" />
<wpr uId="194" tId="6" fbRx="20.36286994" lbRx="0" />
<wpr uId="194" tId="8" fbRx="20.36286994" lbRx="0" />
<pr uId="195" fId="4" fbTx="20.43559438" meta-info="ns3::WifiMacHeader (DATA ToDS=0, FromDS=0, MoreFrag=0, Retry=0, MoreData=0 Duration/ID=0us, DA=ff:ff:ff:ff:ff:ff, SA=00:00:00:00:00:05, BSSID=00:00:00:00:00:05, FragNumber=0, SeqNumber=10) ns3::LlcSnapHeader (type 0x800) ns3::Ipv4Header (tos 0x0 DSCP Default ECN Not-ECT ttl 64 id 10 protocol 17 offset (bytes) 0 flags [none] length: 56 192.168.1.5 &gt; 192.168.1.255) ns3::UdpHeader (length: 36 698 &gt; 698) ns3::olsr::PacketHeader () ns3::olsr::MessageHeader () ns3::WifiMacTrailer ()" />
<wpr uId="195" tId="9" fbRx="20.43559438" lbRx="0" />
<wpr uId="195" tId="3" fbRx="20.43559521" lbRx="0" />
<wpr uId="195" tId="8" fbRx="20.43559521" lbRx="0" />
<pr uId="196" fId="3" fbTx="20.45540681" meta-info="ns3::WifiMacHeader (DATA ToDS=0, FromDS=0, MoreFrag=0, Retry=0, MoreData=0 Duration/ID=0us, DA=ff:ff:ff:ff:ff:ff, SA=00:00:00:00:00:04, BSSID=00:00:00:00:00:04, FragNumber=0, SeqNumber=12) ns3::LlcSnapHeader (type 0x800) ns3::Ipv4Header (tos 0x0 DSCP Default ECN Not-ECT ttl 64 id 12 protocol 17 offset (bytes) 0 flags [none] length: 112 192.168.1.4 &gt; 192.168.1.255) ns3::UdpHeader (length: 92 698 &gt; 698) ns3::olsr::PacketHeader () ns3::olsr::MessageHeader () ns3::olsr::MessageHeader () ns3::olsr::MessageHeader () ns3::WifiMacTrailer ()" />
<wpr uId="196" tId="8" fbRx="20.45540681" lbRx="0" />
<wpr uId="196" tId="2" fbRx="20.45540765" lbRx="0" />
<wpr uId="196" tId="4" fbRx="20.45540765" lbRx="0" />
<wpr uId="196" tId="7" fbRx="20.45540765" lbRx="0" />
<wpr uId="196" tId="9" fbRx="20.45540765" lbRx="0" />
<pr uId="197" fId="2" fbTx="20.797388" meta-info="ns3::WifiMacHeader (DATA ToDS=0, FromDS=0, MoreFrag=0, Retry=0, MoreData=0 Duration/ID=0us, DA=ff:ff:ff:ff:ff:ff, SA=00:00:00:00:00:03, BSSID=00:00:00:00:00:03, FragNumber=0, SeqNumber=13) ns3::LlcSnapHeader (type 0x800) ns3::Ipv4Header (tos 0x0 DSCP Default ECN Not-ECT ttl 64 id 13 protocol 17 offset (bytes) 0 flags [none] length: 56 192.168.1.3 &gt; 192.168.1.255) ns3::UdpHeader (length: 36 698 &gt; 698) ns3::olsr::PacketHeader () ns3::olsr::MessageHeader () ns3::WifiMacTrailer ()" />
<wpr uId="197" tId="7" fbRx="20.797388" lbRx="0" />
<wpr uId="197" tId="1" fbRx="20.79738884" lbRx="0" />
<wpr uId="197" tId="3" fbRx="20.79738884" lbRx="0" />
<wpr uId="197" tId="6" fbRx="20.79738884" lbRx="0" />
<wpr uId="197" tId="8" fbRx="20.79738884" lbRx="0" />
<pr uId="198" fId="5" fbTx="20.883" meta-info="ns3::WifiMacHeader (DATA ToDS=0, FromDS=0, MoreFrag=0, Retry=0, MoreData=0 Duration/ID=0us, DA=ff:ff:ff:ff:ff:ff, SA=00:00:00:00:00:06, BSSID=00:00:00:00:00:06, FragNumber=0, SeqNumber=19) ns3::LlcSnapHeader (type 0x800) ns3::Ipv4Header (tos 0x0 DSCP Default ECN Not-ECT ttl 64 id 19 protocol 17 offset (bytes) 0 flags [none] length: 45 192.168.2.1 &gt; 192.168.2.255) ns3::UdpHeader (length: 25 269 &gt; 269) ns3::Epidemic::TypeHeader (BEACON) ns3::Epidemic::EpidemicHeader ( Packet ID: 1101480448 Hop count: 1000 TimeStamp: +0.0ns) ns3::WifiMacTrailer ()" />
<wpr uId="198" tId="0" fbRx="20.883" lbRx="0" />
<pr uId="199" fId="8" fbTx="20.942" meta-info="ns3::WifiMacHeader (DATA ToDS=0, FromDS=0, MoreFrag=0, Retry=0, MoreData=0 Duration/ID=0us, DA=ff:ff:ff:ff:ff:ff, SA=00:00:00:00:00:09, BSSID=00:00:00:00:00:09, FragNumber=0, SeqNumber=27) ns3::LlcSnapHeader (type 0x800) ns3::Ipv4Header (tos 0x0 DSCP Default ECN Not-ECT ttl 64 id 19 protocol 17 offset (bytes) 0 flags [none] length: 45 192.168.2.4 &gt; 192.168.2.255) ns3::UdpHeader (length: 25 269 &gt; 269) ns3::Epidemic::TypeHeader (BEACON) ns3::Epidemic::EpidemicHeader ( Packet ID: 1101480448 Hop count: 1000 TimeStamp: +0.0ns) ns3::WifiMacTrailer ()" />
<wpr uId="199" tId="3" fbRx="20.942" lbRx="0" />
<wpr uId="199" tId="2" fbRx="20.94200083" lbRx="0" />
<wpr uId="199" tId="4" fbRx="20.94200083" lbRx="0" />
<wpr uId="199" tId="7" fbRx="20.94200083" lbRx="0" />
<wpr uId="199" tId="9" fbRx="20.94200083" lbRx="0" />
<pr uId="200" fId="6" fbTx="21.018" meta-info="ns3::WifiMacHeader (DATA ToDS=0, FromDS=0, MoreFrag=0, Retry=0, MoreData=0 Duration/ID=0us, DA=ff:ff:ff:ff:ff:ff, SA=00:00:00:00:00:07, BSSID=00:00:00:00:00:07, FragNumber=0, SeqNumber=23) ns3::LlcSnapHeader (type 0x800) ns3::Ipv4Header (tos 0x0 DSCP Default ECN Not-ECT ttl 64 id 19 protocol 17 offset (bytes) 0 flags [none] length: 45 192.168.2.2 &gt; 192.168.2.255) ns3::UdpHeader (length: 25 269 &gt; 269) ns3::Epidemic::TypeHeader (BEACON) ns3::Epidemic::EpidemicHeader ( Packet ID: 1101480448 Hop count: 1000 TimeStamp: +0.0ns) ns3::WifiMacTrailer ()" />
<wpr uId="200" tId="1" fbRx="21.018" lbRx="0" />
<wpr uId="200" tId="2" fbRx="21.01800083" lbRx="0" />
<wpr uId="200" tId="7" fbRx="21.01800083" lbRx="0" />
<pr uId="201" fId="7" fbTx="21.03" meta-info="ns3::WifiMacHeader (DATA ToDS=0, FromDS=0, MoreFrag=0, Retry=0, MoreData=0 Duration/ID=0us, DA=ff:ff:ff:ff:ff:ff, SA=00:00:00:00:00:08, BSSID=00:00:00:00:00:08, FragNumber=0, SeqNumber=27) ns3::LlcSnapHeader (type 0x800) ns3::Ipv4Header (tos 0x0 DSCP Default ECN Not-ECT ttl 64 id 19 protocol 17 offset (bytes) 0 flags [none] length: 45 192.168.2.3 &gt; 192.168.2.255) ns3::UdpHeader (length: 25 269 &gt; 269) ns3::Epidemic::TypeHeader (BEACON) ns3::Epidemic::EpidemicHeader ( Packet ID: 1101480448 Hop count: 1000 TimeStamp: +0.0ns) ns3::WifiMacTrailer ()" />
<wpr uId="201" tId="2" fbRx="21.03" lbRx="0" />
<wpr uId="201" tId="1" fbRx="21.03000083" lbRx="0" />
<wpr uId="201" tId="3" fbRx="21.03000083" lbRx="0" />
<wpr uId="201" tId="6" fbRx="21.03000083" lbRx="0" />
<wpr uId="201" tId="8" fbRx="21.03000083" lbRx="0" />
<pr uId="202" fId="9" fbTx="21.115" meta-info="ns3::WifiMacHeader (DATA ToDS=0, FromDS=0, MoreFrag=0, Retry=0, MoreData=0 Duration/ID=0us, DA=ff:ff:ff:ff:ff:ff, SA=00:00:00:00:00:0a, BSSID=00:00:00:00:00:0a, FragNumber=0, SeqNumber=23) ns3::LlcSnapHeader (type 0x800) ns3::Ipv4Header (tos 0x0 DSCP Default ECN Not-ECT ttl 64 id 19 protocol 17 offset (bytes) 0 flags [none] length: 45 192.168.2.5 &gt; 192.168.2.255) ns3::UdpHeader (length: 25 269 &gt; 269) ns3::Epidemic::TypeHeader (BEACON) ns3::Epidemic::EpidemicHeader ( Packet ID: 1101480448 Hop count: 1000 TimeStamp: +0.0ns) ns3::WifiMacTrailer ()" />
<wpr uId="202" tId="4" fbRx="21.115" lbRx="0" />
<wpr uId="202" tId="3" fbRx="21.11500083" lbRx="0" />
<wpr uId="202" tId="8" fbRx="21.11500083" lbRx="0" />
<pr uId="203" fId="5" fbTx="21.967" meta-info="ns3::WifiMacHeader (DATA ToDS=0, FromDS=0, MoreFrag=0, Retry=0, MoreData=0 Duration/ID=0us, DA=ff:ff:ff:ff:ff:ff, SA=00:00:00:00:00:06, BSSID=00:00:00:00:00:06, FragNumber=0, SeqNumber=20) ns3::LlcSnapHeader (type 0x800) ns3::Ipv4Header (tos 0x0 DSCP Default ECN Not-ECT ttl 64 id 20 protocol 17 offset (bytes) 0 flags [none] length: 45 192.168.2.1 &gt; 192.168.2.255) ns3::UdpHeader (length: 25 269 &gt; 269) ns3::Epidemic::TypeHeader (BEACON) ns3::Epidemic::EpidemicHeader ( Packet ID: 1101480448 Hop count: 1000 TimeStamp: +0.0ns) ns3::WifiMacTrailer ()" />
<wpr uId="203" tId="0" fbRx="21.967" lbRx="0" />
<pr uId="204" fId="8" fbTx="21.993" meta-info="ns3::WifiMacHeader (DATA ToDS=0, FromDS=0, MoreFrag=0, Retry=0, MoreData=0 Duration/ID=0us, DA=ff:ff:ff:ff:ff:ff, SA=00:00:00:00:00:09, BSSID=00:00:00:00:00:09, FragNumber=0, SeqNumber=28) ns3::LlcSnapHeader (type 0x800) ns3::Ipv4Header (tos 0x0 DSCP Default ECN Not-ECT ttl 64 id 20 protocol 17 offset (bytes) 0 flags [none] length: 45 192.168.2.4 &gt; 192.168.2.255) ns3::UdpHeader (length: 25 269 &gt; 269) ns3::Epidemic::TypeHeader (BEACON) ns3::Epidemic::EpidemicHeader ( Packet ID: 1101480448 Hop count: 1000 TimeStamp: +0.0ns) ns3::WifiMacTrailer ()" />
<wpr uId="204" tId="3" fbRx="21.993" lbRx="0" />
<wpr uId="204" tId="2" fbRx="21.99300083" lbRx="0" />
<wpr uId="204" tId="4" fbRx="21.99300083" lbRx="0" />
<wpr uId="204" tId="7" fbRx="21.99300083" lbRx="0" />
<wpr uId="204" tId="9" fbRx="21.99300083" lbRx="0" />
<pr uId="205" fId="7" fbTx="21.99326583" meta-info="ns3::WifiMacHeader (DATA ToDS=0, FromDS=0, MoreFrag=0, Retry=0, MoreData=0 Duration/ID=60us, DA=00:00:00:00:00:09, SA=00:00:00:00:00:08, BSSID=00:00:00:00:00:08, FragNumber=0, SeqNumber=28) ns3::LlcSnapHeader (type 0x800) ns3::Ipv4Header (tos 0x0 DSCP Default ECN Not-ECT ttl 64 id 2 protocol 17 offset (bytes) 0 flags [none] length: 37 192.168.2.3 &gt; 192.168.2.4) ns3::UdpHeader (length: 17 269 &gt; 269) ns3::Epidemic::TypeHeader (REPLY) ns3::Epidemic::SummaryVectorHeader ( Summary_vector header with size: 1
Global IDs:
NodeID:PacketID
0.0.2.186:698
) ns3::WifiMacTrailer ()" />
<wpr uId="205" tId="2" fbRx="21.99326583" lbRx="0" />
<wpr uId="205" tId="1" fbRx="21.99326667" lbRx="0" />
<wpr uId="205" tId="3" fbRx="21.99326667" lbRx="0" />
<wpr uId="205" tId="6" fbRx="21.99326667" lbRx="0" />
<wpr uId="205" tId="8" fbRx="21.99326667" lbRx="0" />
<pr uId="206" fId="8" fbTx="21.99340667" meta-info="ns3::WifiMacHeader (CTL_ACK Duration/ID=0us, RA=00:00:00:00:00:08) ns3::WifiMacTrailer ()" />
<wpr uId="206" tId="3" fbRx="21.99340667" lbRx="0" />
<wpr uId="206" tId="2" fbRx="21.9934075" lbRx="0" />
<wpr uId="206" tId="4" fbRx="21.9934075" lbRx="0" />
<wpr uId="206" tId="7" fbRx="21.9934075" lbRx="0" />
<wpr uId="206" tId="9" fbRx="21.9934075" lbRx="0" />
<pr uId="207" fId="8" fbTx="21.99351167" meta-info="ns3::WifiMacHeader (DATA ToDS=0, FromDS=0, MoreFrag=0, Retry=0, MoreData=0 Duration/ID=60us, DA=00:00:00:00:00:08, SA=00:00:00:00:00:09, BSSID=00:00:00:00:00:09, FragNumber=0, SeqNumber=29) ns3::LlcSnapHeader (type 0x800) ns3::Ipv4Header (tos 0x0 DSCP Default ECN Not-ECT ttl 64 id 2 protocol 17 offset (bytes) 0 flags [none] length: 37 192.168.2.4 &gt; 192.168.2.3) ns3::UdpHeader (length: 17 269 &gt; 269) ns3::Epidemic::TypeHeader (REPLY_BACK) ns3::Epidemic::SummaryVectorHeader ( Summary_vector header with size: 1
Global IDs:
NodeID:PacketID
0.0.2.186:698
) ns3::WifiMacTrailer ()" />
<wpr uId="207" tId="3" fbRx="21.99351167" lbRx="0" />
<wpr uId="207" tId="2" fbRx="21.9935125" lbRx="0" />
<wpr uId="207" tId="4" fbRx="21.9935125" lbRx="0" />
<wpr uId="207" tId="7" fbRx="21.9935125" lbRx="0" />
<wpr uId="207" tId="9" fbRx="21.9935125" lbRx="0" />
<pr uId="208" fId="7" fbTx="21.9936525" meta-info="ns3::WifiMacHeader (CTL_ACK Duration/ID=0us, RA=00:00:00:00:00:09) ns3::WifiMacTrailer ()" />
<wpr uId="208" tId="2" fbRx="21.9936525" lbRx="0" />
<wpr uId="208" tId="1" fbRx="21.99365333" lbRx="0" />
<wpr uId="208" tId="3" fbRx="21.99365333" lbRx="0" />
<wpr uId="208" tId="6" fbRx="21.99365333" lbRx="0" />
<wpr uId="208" tId="8" fbRx="21.99365333" lbRx="0" />
<pr uId="209" fId="2" fbTx="22.04346881" meta-info="ns3::WifiMacHeader (DATA ToDS=0, FromDS=0, MoreFrag=0, Retry=0, MoreData=0 Duration/ID=0us, DA=ff:ff:ff:ff:ff:ff, SA=00:00:00:00:00:03, BSSID=00:00:00:00:00:03, FragNumber=0, SeqNumber=14) ns3::LlcSnapHeader (type 0x800) ns3::Ipv4Header (tos 0x0 DSCP Default ECN Not-ECT ttl 64 id 14 protocol 17 offset (bytes) 0 flags [none] length: 64 192.168.1.3 &gt; 192.168.1.255) ns3::UdpHeader (length: 44 698 &gt; 698) ns3::olsr::PacketHeader () ns3::olsr::MessageHeader () ns3::WifiMacTrailer ()" />
<wpr uId="209" tId="7" fbRx="22.04346881" lbRx="0" />
<wpr uId="209" tId="1" fbRx="22.04346964" lbRx="0" />
<wpr uId="209" tId="3" fbRx="22.04346964" lbRx="0" />
<wpr uId="209" tId="6" fbRx="22.04346964" lbRx="0" />
<wpr uId="209" tId="8" fbRx="22.04346964" lbRx="0" />
<pr uId="210" fId="6" fbTx="22.105" meta-info="ns3::WifiMacHeader (DATA ToDS=0, FromDS=0, MoreFrag=0, Retry=0, MoreData=0 Duration/ID=0us, DA=ff:ff:ff:ff:ff:ff, SA=00:00:00:00:00:07, BSSID=00:00:00:00:00:07, FragNumber=0, SeqNumber=24) ns3::LlcSnapHeader (type 0x800) ns3::Ipv4Header (tos 0x0 DSCP Default ECN Not-ECT ttl 64 id 20 protocol 17 offset (bytes) 0 flags [none] length: 45 192.168.2.2 &gt; 192.168.2.255) ns3::UdpHeader (length: 25 269 &gt; 269) ns3::Epidemic::TypeHeader (BEACON) ns3::Epidemic::EpidemicHeader ( Packet ID: 1101480448 Hop count: 1000 TimeStamp: +0.0ns) ns3::WifiMacTrailer ()" />
<wpr uId="210" tId="1" fbRx="22.105" lbRx="0" />
<wpr uId="210" tId="2" fbRx="22.10500083" lbRx="0" />
<wpr uId="210" tId="7" fbRx="22.10500083" lbRx="0" />
<pr uId="211" fId="7" fbTx="22.114" meta-info="ns3::WifiMacHeader (DATA ToDS=0, FromDS=0, MoreFrag=0, Retry=0, MoreData=0 Duration/ID=0us, DA=ff:ff:ff:ff:ff:ff, SA=00:00:00:00:00:08, BSSID=00:00:00:00:00:08, FragNumber=0, SeqNumber=29) ns3::LlcSnapHeader (type 0x800) ns3::Ipv4Header (tos 0x0 DSCP Default ECN Not-ECT ttl 64 id 20 protocol 17 offset (bytes) 0 flags [none] length: 45 192.168.2.3 &gt; 192.168.2.255) ns3::UdpHeader (length: 25 269 &gt; 269) ns3::Epidemic::TypeHeader (BEACON) ns3::Epidemic::EpidemicHeader ( Packet ID: 1101480448 Hop count: 1000 TimeStamp: +0.0ns) ns3::WifiMacTrailer ()" />
<wpr uId="211" tId="2" fbRx="22.114" lbRx="0" />
<wpr uId="211" tId="1" fbRx="22.11400083" lbRx="0" />
<wpr uId="211" tId="3" fbRx="22.11400083" lbRx="0" />
<wpr uId="211" tId="6" fbRx="22.11400083" lbRx="0" />
<wpr uId="211" tId="8" fbRx="22.11400083" lbRx="0" />
<pr uId="212" fId="6" fbTx="22.11424783" meta-info="ns3::WifiMacHeader (DATA ToDS=0, FromDS=0, MoreFrag=0, Retry=0, MoreData=0 Duration/ID=60us, DA=00:00:00:00:00:08, SA=00:00:00:00:00:07, BSSID=00:00:00:00:00:07, FragNumber=0, SeqNumber=25) ns3::LlcSnapHeader (type 0x800) ns3::Ipv4Header (tos 0x0 DSCP Default ECN Not-ECT ttl 64 id 2 protocol 17 offset (bytes) 0 flags [none] length: 37 192.168.2.2 &gt; 192.168.2.3) ns3::UdpHeader (length: 17 269 &gt; 269) ns3::Epidemic::TypeHeader (REPLY) ns3::Epidemic::SummaryVectorHeader ( Summary_vector header with size: 1
Global IDs:
NodeID:PacketID
0.0.2.186:698
) ns3::WifiMacTrailer ()" />
<wpr uId="212" tId="1" fbRx="22.11424783" lbRx="0" />
<wpr uId="212" tId="2" fbRx="22.11424867" lbRx="0" />
<wpr uId="212" tId="7" fbRx="22.11424867" lbRx="0" />
<pr uId="213" fId="7" fbTx="22.11438867" meta-info="ns3::WifiMacHeader (CTL_ACK Duration/ID=0us, RA=00:00:00:00:00:07) ns3::WifiMacTrailer ()" />
<wpr uId="213" tId="2" fbRx="22.11438867" lbRx="0" />
<wpr uId="213" tId="1" fbRx="22.1143895" lbRx="0" />
<wpr uId="213" tId="3" fbRx="22.1143895" lbRx="0" />
<wpr uId="213" tId="6" fbRx="22.1143895" lbRx="0" />
<wpr uId="213" tId="8" fbRx="22.1143895" lbRx="0" />
<pr uId="214" fId="7" fbTx="22.11447567" meta-info="ns3::WifiMacHeader (DATA ToDS=0, FromDS=0, MoreFrag=0, Retry=0, MoreData=0 Duration/ID=60us, DA=00:00:00:00:00:07, SA=00:00:00:00:00:08, BSSID=00:00:00:00:00:08, FragNumber=0, SeqNumber=30) ns3::LlcSnapHeader (type 0x800) ns3::Ipv4Header (tos 0x0 DSCP Default ECN Not-ECT ttl 64 id 2 protocol 17 offset (bytes) 0 flags [none] length: 37 192.168.2.3 &gt; 192.168.2.2) ns3::UdpHeader (length: 17 269 &gt; 269) ns3::Epidemic::TypeHeader (REPLY_BACK) ns3::Epidemic::SummaryVectorHeader ( Summary_vector header with size: 1
Global IDs:
NodeID:PacketID
0.0.2.186:698
) ns3::WifiMacTrailer ()" />
<wpr uId="214" tId="2" fbRx="22.11447567" lbRx="0" />
<wpr uId="214" tId="1" fbRx="22.1144765" lbRx="0" />
<wpr uId="214" tId="3" fbRx="22.1144765" lbRx="0" />
<wpr uId="214" tId="6" fbRx="22.1144765" lbRx="0" />
<wpr uId="214" tId="8" fbRx="22.1144765" lbRx="0" />
<pr uId="215" fId="6" fbTx="22.1146165" meta-info="ns3::WifiMacHeader (CTL_ACK Duration/ID=0us, RA=00:00:00:00:00:08) ns3::WifiMacTrailer ()" />
<wpr uId="215" tId="1" fbRx="22.1146165" lbRx="0" />
<wpr uId="215" tId="2" fbRx="22.11461733" lbRx="0" />
<wpr uId="215" tId="7" fbRx="22.11461733" lbRx="0" />
<pr uId="216" fId="4" fbTx="22.16716476" meta-info="ns3::WifiMacHeader (DATA ToDS=0, FromDS=0, MoreFrag=0, Retry=0, MoreData=0 Duration/ID=0us, DA=ff:ff:ff:ff:ff:ff, SA=00:00:00:00:00:05, BSSID=00:00:00:00:00:05, FragNumber=0, SeqNumber=11) ns3::LlcSnapHeader (type 0x800) ns3::Ipv4Header (tos 0x0 DSCP Default ECN Not-ECT ttl 64 id 11 protocol 17 offset (bytes) 0 flags [none] length: 56 192.168.1.5 &gt; 192.168.1.255) ns3::UdpHeader (length: 36 698 &gt; 698) ns3::olsr::PacketHeader () ns3::olsr::MessageHeader () ns3::WifiMacTrailer ()" />
<wpr uId="216" tId="9" fbRx="22.16716476" lbRx="0" />
<wpr uId="216" tId="3" fbRx="22.16716559" lbRx="0" />
<wpr uId="216" tId="8" fbRx="22.16716559" lbRx="0" />
<pr uId="217" fId="9" fbTx="22.191" meta-info="ns3::WifiMacHeader (DATA ToDS=0, FromDS=0, MoreFrag=0, Retry=0, MoreData=0 Duration/ID=0us, DA=ff:ff:ff:ff:ff:ff, SA=00:00:00:00:00:0a, BSSID=00:00:00:00:00:0a, FragNumber=0, SeqNumber=24) ns3::LlcSnapHeader (type 0x800) ns3::Ipv4Header (tos 0x0 DSCP Default ECN Not-ECT ttl 64 id 20 protocol 17 offset (bytes) 0 flags [none] length: 45 192.168.2.5 &gt; 192.168.2.255) ns3::UdpHeader (length: 25 269 &gt; 269) ns3::Epidemic::TypeHeader (BEACON) ns3::Epidemic::EpidemicHeader ( Packet ID: 1101480448 Hop count: 1000 TimeStamp: +0.0ns) ns3::WifiMacTrailer ()" />
<wpr uId="217" tId="4" fbRx="22.191" lbRx="0" />
<wpr uId="217" tId="3" fbRx="22.19100083" lbRx="0" />
<wpr uId="217" tId="8" fbRx="22.19100083" lbRx="0" />
<pr uId="218" fId="8" fbTx="22.19124783" meta-info="ns3::WifiMacHeader (DATA ToDS=0, FromDS=0, MoreFrag=0, Retry=0, MoreData=0 Duration/ID=60us, DA=00:00:00:00:00:0a, SA=00:00:00:00:00:09, BSSID=00:00:00:00:00:09, FragNumber=0, SeqNumber=30) ns3::LlcSnapHeader (type 0x800) ns3::Ipv4Header (tos 0x0 DSCP Default ECN Not-ECT ttl 64 id 2 protocol 17 offset (bytes) 0 flags [none] length: 37 192.168.2.4 &gt; 192.168.2.5) ns3::UdpHeader (length: 17 269 &gt; 269) ns3::Epidemic::TypeHeader (REPLY) ns3::Epidemic::SummaryVectorHeader ( Summary_vector header with size: 1
Global IDs:
NodeID:PacketID
0.0.2.186:698
) ns3::WifiMacTrailer ()" />
<wpr uId="218" tId="3" fbRx="22.19124783" lbRx="0" />
<wpr uId="218" tId="2" fbRx="22.19124867" lbRx="0" />
<wpr uId="218" tId="4" fbRx="22.19124867" lbRx="0" />
<wpr uId="218" tId="7" fbRx="22.19124867" lbRx="0" />
<wpr uId="218" tId="9" fbRx="22.19124867" lbRx="0" />
<pr uId="219" fId="9" fbTx="22.19138867" meta-info="ns3::WifiMacHeader (CTL_ACK Duration/ID=0us, RA=00:00:00:00:00:09) ns3::WifiMacTrailer ()" />
<wpr uId="219" tId="4" fbRx="22.19138867" lbRx="0" />
<wpr uId="219" tId="3" fbRx="22.1913895" lbRx="0" />
<wpr uId="219" tId="8" fbRx="22.1913895" lbRx="0" />
<pr uId="220" fId="9" fbTx="22.19148467" meta-info="ns3::WifiMacHeader (DATA ToDS=0, FromDS=0, MoreFrag=0, Retry=0, MoreData=0 Duration/ID=60us, DA=00:00:00:00:00:09, SA=00:00:00:00:00:0a, BSSID=00:00:00:00:00:0a, FragNumber=0, SeqNumber=25) ns3::LlcSnapHeader (type 0x800) ns3::Ipv4Header (tos 0x0 DSCP Default ECN Not-ECT ttl 64 id 2 protocol 17 offset (bytes) 0 flags [none] length: 37 192.168.2.5 &gt; 192.168.2.4) ns3::UdpHeader (length: 17 269 &gt; 269) ns3::Epidemic::TypeHeader (REPLY_BACK) ns3::Epidemic::SummaryVectorHeader ( Summary_vector header with size: 1
Global IDs:
NodeID:PacketID
0.0.2.186:698
) ns3::WifiMacTrailer ()" />
<wpr uId="220" tId="4" fbRx="22.19148467" lbRx="0" />
<wpr uId="220" tId="3" fbRx="22.1914855" lbRx="0" />
<wpr uId="220" tId="8" fbRx="22.1914855" lbRx="0" />
<pr uId="221" fId="8" fbTx="22.1916255" meta-info="ns3::WifiMacHeader (CTL_ACK Duration/ID=0us, RA=00:00:00:00:00:0a) ns3::WifiMacTrailer ()" />
<wpr uId="221" tId="3" fbRx="22.1916255" lbRx="0" />
<wpr uId="221" tId="2" fbRx="22.19162633" lbRx="0" />
<wpr uId="221" tId="4" fbRx="22.19162633" lbRx="0" />
<wpr uId="221" tId="7" fbRx="22.19162633" lbRx="0" />
<wpr uId="221" tId="9" fbRx="22.19162633" lbRx="0" />
<pr uId="222" fId="0" fbTx="22.31552133" meta-info="ns3::WifiMacHeader (DATA ToDS=0, FromDS=0, MoreFrag=0, Retry=0, MoreData=0 Duration/ID=0us, DA=ff:ff:ff:ff:ff:ff, SA=00:00:00:00:00:01, BSSID=00:00:00:00:00:01, FragNumber=0, SeqNumber=11) ns3::LlcSnapHeader (type 0x800) ns3::Ipv4Header (tos 0x0 DSCP Default ECN Not-ECT ttl 64 id 11 protocol 17 offset (bytes) 0 flags [none] length: 48 192.168.1.1 &gt; 192.168.1.255) ns3::UdpHeader (length: 28 698 &gt; 698) ns3::olsr::PacketHeader () ns3::olsr::MessageHeader () ns3::WifiMacTrailer ()" />
<wpr uId="222" tId="5" fbRx="22.31552133" lbRx="0" />
<pr uId="223" fId="1" fbTx="22.35978611" meta-info="ns3::WifiMacHeader (DATA ToDS=0, FromDS=0, MoreFrag=0, Retry=0, MoreData=0 Duration/ID=0us, DA=ff:ff:ff:ff:ff:ff, SA=00:00:00:00:00:02, BSSID=00:00:00:00:00:02, FragNumber=0, SeqNumber=11) ns3::LlcSnapHeader (type 0x800) ns3::Ipv4Header (tos 0x0 DSCP Default ECN Not-ECT ttl 64 id 11 protocol 17 offset (bytes) 0 flags [none] length: 56 192.168.1.2 &gt; 192.168.1.255) ns3::UdpHeader (length: 36 698 &gt; 698) ns3::olsr::PacketHeader () ns3::olsr::MessageHeader () ns3::WifiMacTrailer ()" />
<wpr uId="223" tId="6" fbRx="22.35978611" lbRx="0" />
<wpr uId="223" tId="2" fbRx="22.35978694" lbRx="0" />
<wpr uId="223" tId="7" fbRx="22.35978694" lbRx="0" />
<pr uId="224" fId="3" fbTx="22.4396785" meta-info="ns3::WifiMacHeader (DATA ToDS=0, FromDS=0, MoreFrag=0, Retry=0, MoreData=0 Duration/ID=0us, DA=ff:ff:ff:ff:ff:ff, SA=00:00:00:00:00:04, BSSID=00:00:00:00:00:04, FragNumber=0, SeqNumber=13) ns3::LlcSnapHeader (type 0x800) ns3::Ipv4Header (tos 0x0 DSCP Default ECN Not-ECT ttl 64 id 13 protocol 17 offset (bytes) 0 flags [none] length: 64 192.168.1.4 &gt; 192.168.1.255) ns3::UdpHeader (length: 44 698 &gt; 698) ns3::olsr::PacketHeader () ns3::olsr::MessageHeader () ns3::WifiMacTrailer ()" />
<wpr uId="224" tId="8" fbRx="22.4396785" lbRx="0" />
<wpr uId="224" tId="2" fbRx="22.43967933" lbRx="0" />
<wpr uId="224" tId="4" fbRx="22.43967933" lbRx="0" />
<wpr uId="224" tId="7" fbRx="22.43967933" lbRx="0" />
<wpr uId="224" tId="9" fbRx="22.43967933" lbRx="0" />
<pr uId="225" fId="5" fbTx="22.975" meta-info="ns3::WifiMacHeader (DATA ToDS=0, FromDS=0, MoreFrag=0, Retry=0, MoreData=0 Duration/ID=0us, DA=ff:ff:ff:ff:ff:ff, SA=00:00:00:00:00:06, BSSID=00:00:00:00:00:06, FragNumber=0, SeqNumber=21) ns3::LlcSnapHeader (type 0x800) ns3::Ipv4Header (tos 0x0 DSCP Default ECN Not-ECT ttl 64 id 21 protocol 17 offset (bytes) 0 flags [none] length: 45 192.168.2.1 &gt; 192.168.2.255) ns3::UdpHeader (length: 25 269 &gt; 269) ns3::Epidemic::TypeHeader (BEACON) ns3::Epidemic::EpidemicHeader ( Packet ID: 1101480448 Hop count: 1000 TimeStamp: +0.0ns) ns3::WifiMacTrailer ()" />
<wpr uId="225" tId="0" fbRx="22.975" lbRx="0" />
<pr uId="226" fId="8" fbTx="22.993" meta-info="ns3::WifiMacHeader (DATA ToDS=0, FromDS=0, MoreFrag=0, Retry=0, MoreData=0 Duration/ID=0us, DA=ff:ff:ff:ff:ff:ff, SA=00:00:00:00:00:09, BSSID=00:00:00:00:00:09, FragNumber=0, SeqNumber=31) ns3::LlcSnapHeader (type 0x800) ns3::Ipv4Header (tos 0x0 DSCP Default ECN Not-ECT ttl 64 id 21 protocol 17 offset (bytes) 0 flags [none] length: 45 192.168.2.4 &gt; 192.168.2.255) ns3::UdpHeader (length: 25 269 &gt; 269) ns3::Epidemic::TypeHeader (BEACON) ns3::Epidemic::EpidemicHeader ( Packet ID: 1101480448 Hop count: 1000 TimeStamp: +0.0ns) ns3::WifiMacTrailer ()" />
<wpr uId="226" tId="3" fbRx="22.993" lbRx="0" />
<wpr uId="226" tId="2" fbRx="22.99300083" lbRx="0" />
<wpr uId="226" tId="4" fbRx="22.99300083" lbRx="0" />
<wpr uId="226" tId="7" fbRx="22.99300083" lbRx="0" />
<wpr uId="226" tId="9" fbRx="22.99300083" lbRx="0" />
<pr uId="227" fId="6" fbTx="23.111" meta-info="ns3::WifiMacHeader (DATA ToDS=0, FromDS=0, MoreFrag=0, Retry=0, MoreData=0 Duration/ID=0us, DA=ff:ff:ff:ff:ff:ff, SA=00:00:00:00:00:07, BSSID=00:00:00:00:00:07, FragNumber=0, SeqNumber=26) ns3::LlcSnapHeader (type 0x800) ns3::Ipv4Header (tos 0x0 DSCP Default ECN Not-ECT ttl 64 id 21 protocol 17 offset (bytes) 0 flags [none] length: 45 192.168.2.2 &gt; 192.168.2.255) ns3::UdpHeader (length: 25 269 &gt; 269) ns3::Epidemic::TypeHeader (BEACON) ns3::Epidemic::EpidemicHeader ( Packet ID: 1101480448 Hop count: 1000 TimeStamp: +0.0ns) ns3::WifiMacTrailer ()" />
<wpr uId="227" tId="1" fbRx="23.111" lbRx="0" />
<wpr uId="227" tId="2" fbRx="23.11100083" lbRx="0" />
<wpr uId="227" tId="7" fbRx="23.11100083" lbRx="0" />
<pr uId="228" fId="7" fbTx="23.128" meta-info="ns3::WifiMacHeader (DATA ToDS=0, FromDS=0, MoreFrag=0, Retry=0, MoreData=0 Duration/ID=0us, DA=ff:ff:ff:ff:ff:ff, SA=00:00:00:00:00:08, BSSID=00:00:00:00:00:08, FragNumber=0, SeqNumber=31) ns3::LlcSnapHeader (type 0x800) ns3::Ipv4Header (tos 0x0 DSCP Default ECN Not-ECT ttl 64 id 21 protocol 17 offset (bytes) 0 flags [none] length: 45 192.168.2.3 &gt; 192.168.2.255) ns3::UdpHeader (length: 25 269 &gt; 269) ns3::Epidemic::TypeHeader (BEACON) ns3::Epidemic::EpidemicHeader ( Packet ID: 1101480448 Hop count: 1000 TimeStamp: +0.0ns) ns3::WifiMacTrailer ()" />
<wpr uId="228" tId="2" fbRx="23.128" lbRx="0" />
<wpr uId="228" tId="1" fbRx="23.12800083" lbRx="0" />
<wpr uId="228" tId="3" fbRx="23.12800083" lbRx="0" />
<wpr uId="228" tId="6" fbRx="23.12800083" lbRx="0" />
<wpr uId="228" tId="8" fbRx="23.12800083" lbRx="0" />
<pr uId="229" fId="9" fbTx="23.253" meta-info="ns3::WifiMacHeader (DATA ToDS=0, FromDS=0, MoreFrag=0, Retry=0, MoreData=0 Duration/ID=0us, DA=ff:ff:ff:ff:ff:ff, SA=00:00:00:00:00:0a, BSSID=00:00:00:00:00:0a, FragNumber=0, SeqNumber=26) ns3::LlcSnapHeader (type 0x800) ns3::Ipv4Header (tos 0x0 DSCP Default ECN Not-ECT ttl 64 id 21 protocol 17 offset (bytes) 0 flags [none] length: 45 192.168.2.5 &gt; 192.168.2.255) ns3::UdpHeader (length: 25 269 &gt; 269) ns3::Epidemic::TypeHeader (BEACON) ns3::Epidemic::EpidemicHeader ( Packet ID: 1101480448 Hop count: 1000 TimeStamp: +0.0ns) ns3::WifiMacTrailer ()" />
<wpr uId="229" tId="4" fbRx="23.253" lbRx="0" />
<wpr uId="229" tId="3" fbRx="23.25300083" lbRx="0" />
<wpr uId="229" tId="8" fbRx="23.25300083" lbRx="0" />
<pr uId="230" fId="5" fbTx="23.995" meta-info="ns3::WifiMacHeader (DATA ToDS=0, FromDS=0, MoreFrag=0, Retry=0, MoreData=0 Duration/ID=0us, DA=ff:ff:ff:ff:ff:ff, SA=00:00:00:00:00:06, BSSID=00:00:00:00:00:06, FragNumber=0, SeqNumber=22) ns3::LlcSnapHeader (type 0x800) ns3::Ipv4Header (tos 0x0 DSCP Default ECN Not-ECT ttl 64 id 22 protocol 17 offset (bytes) 0 flags [none] length: 45 192.168.2.1 &gt; 192.168.2.255) ns3::UdpHeader (length: 25 269 &gt; 269) ns3::Epidemic::TypeHeader (BEACON) ns3::Epidemic::EpidemicHeader ( Packet ID: 1101480448 Hop count: 1000 TimeStamp: +0.0ns) ns3::WifiMacTrailer ()" />
<wpr uId="230" tId="0" fbRx="23.995" lbRx="0" />
<pr uId="231" fId="3" fbTx="24.03388551" meta-info="ns3::WifiMacHeader (DATA ToDS=0, FromDS=0, MoreFrag=0, Retry=0, MoreData=0 Duration/ID=0us, DA=ff:ff:ff:ff:ff:ff, SA=00:00:00:00:00:04, BSSID=00:00:00:00:00:04, FragNumber=0, SeqNumber=14) ns3::LlcSnapHeader (type 0x800) ns3::Ipv4Header (tos 0x0 DSCP Default ECN Not-ECT ttl 64 id 14 protocol 17 offset (bytes) 0 flags [none] length: 64 192.168.1.4 &gt; 192.168.1.255) ns3::UdpHeader (length: 44 698 &gt; 698) ns3::olsr::PacketHeader () ns3::olsr::MessageHeader () ns3::WifiMacTrailer ()" />
<wpr uId="231" tId="8" fbRx="24.03388551" lbRx="0" />
<wpr uId="231" tId="2" fbRx="24.03388635" lbRx="0" />
<wpr uId="231" tId="4" fbRx="24.03388635" lbRx="0" />
<wpr uId="231" tId="7" fbRx="24.03388635" lbRx="0" />
<wpr uId="231" tId="9" fbRx="24.03388635" lbRx="0" />
<pr uId="232" fId="8" fbTx="24.056" meta-info="ns3::WifiMacHeader (DATA ToDS=0, FromDS=0, MoreFrag=0, Retry=0, MoreData=0 Duration/ID=0us, DA=ff:ff:ff:ff:ff:ff, SA=00:00:00:00:00:09, BSSID=00:00:00:00:00:09, FragNumber=0, SeqNumber=32) ns3::LlcSnapHeader (type 0x800) ns3::Ipv4Header (tos 0x0 DSCP Default ECN Not-ECT ttl 64 id 22 protocol 17 offset (bytes) 0 flags [none] length: 45 192.168.2.4 &gt; 192.168.2.255) ns3::UdpHeader (length: 25 269 &gt; 269) ns3::Epidemic::TypeHeader (BEACON) ns3::Epidemic::EpidemicHeader ( Packet ID: 1101480448 Hop count: 1000 TimeStamp: +0.0ns) ns3::WifiMacTrailer ()" />
<wpr uId="232" tId="3" fbRx="24.056" lbRx="0" />
<wpr uId="232" tId="2" fbRx="24.05600083" lbRx="0" />
<wpr uId="232" tId="4" fbRx="24.05600083" lbRx="0" />
<wpr uId="232" tId="7" fbRx="24.05600083" lbRx="0" />
<wpr uId="232" tId="9" fbRx="24.05600083" lbRx="0" />
<pr uId="233" fId="4" fbTx="24.07351941" meta-info="ns3::WifiMacHeader (DATA ToDS=0, FromDS=0, MoreFrag=0, Retry=0, MoreData=0 Duration/ID=0us, DA=ff:ff:ff:ff:ff:ff, SA=00:00:00:00:00:05, BSSID=00:00:00:00:00:05, FragNumber=0, SeqNumber=12) ns3::LlcSnapHeader (type 0x800) ns3::Ipv4Header (tos 0x0 DSCP Default ECN Not-ECT ttl 64 id 12 protocol 17 offset (bytes) 0 flags [none] length: 56 192.168.1.5 &gt; 192.168.1.255) ns3::UdpHeader (length: 36 698 &gt; 698) ns3::olsr::PacketHeader () ns3::olsr::MessageHeader () ns3::WifiMacTrailer ()" />
<wpr uId="233" tId="9" fbRx="24.07351941" lbRx="0" />
<wpr uId="233" tId="3" fbRx="24.07352024" lbRx="0" />
<wpr uId="233" tId="8" fbRx="24.07352024" lbRx="0" />
<pr uId="234" fId="6" fbTx="24.15" meta-info="ns3::WifiMacHeader (DATA ToDS=0, FromDS=0, MoreFrag=0, Retry=0, MoreData=0 Duration/ID=0us, DA=ff:ff:ff:ff:ff:ff, SA=00:00:00:00:00:07, BSSID=00:00:00:00:00:07, FragNumber=0, SeqNumber=27) ns3::LlcSnapHeader (type 0x800) ns3::Ipv4Header (tos 0x0 DSCP Default ECN Not-ECT ttl 64 id 22 protocol 17 offset (bytes) 0 flags [none] length: 45 192.168.2.2 &gt; 192.168.2.255) ns3::UdpHeader (length: 25 269 &gt; 269) ns3::Epidemic::TypeHeader (BEACON) ns3::Epidemic::EpidemicHeader ( Packet ID: 1101480448 Hop count: 1000 TimeStamp: +0.0ns) ns3::WifiMacTrailer ()" />
<wpr uId="234" tId="1" fbRx="24.15" lbRx="0" />
<wpr uId="234" tId="2" fbRx="24.15000083" lbRx="0" />
<wpr uId="234" tId="7" fbRx="24.15000083" lbRx="0" />
<pr uId="235" fId="7" fbTx="24.19" meta-info="ns3::WifiMacHeader (DATA ToDS=0, FromDS=0, MoreFrag=0, Retry=0, MoreData=0 Duration/ID=0us, DA=ff:ff:ff:ff:ff:ff, SA=00:00:00:00:00:08, BSSID=00:00:00:00:00:08, FragNumber=0, SeqNumber=32) ns3::LlcSnapHeader (type 0x800) ns3::Ipv4Header (tos 0x0 DSCP Default ECN Not-ECT ttl 64 id 22 protocol 17 offset (bytes) 0 flags [none] length: 45 192.168.2.3 &gt; 192.168.2.255) ns3::UdpHeader (length: 25 269 &gt; 269) ns3::Epidemic::TypeHeader (BEACON) ns3::Epidemic::EpidemicHeader ( Packet ID: 1101480448 Hop count: 1000 TimeStamp: +0.0ns) ns3::WifiMacTrailer ()" />
<wpr uId="235" tId="2" fbRx="24.19" lbRx="0" />
<wpr uId="235" tId="1" fbRx="24.19000083" lbRx="0" />
<wpr uId="235" tId="3" fbRx="24.19000083" lbRx="0" />
<wpr uId="235" tId="6" fbRx="24.19000083" lbRx="0" />
<wpr uId="235" tId="8" fbRx="24.19000083" lbRx="0" />
<pr uId="236" fId="1" fbTx="24.1968126" meta-info="ns3::WifiMacHeader (DATA ToDS=0, FromDS=0, MoreFrag=0, Retry=0, MoreData=0 Duration/ID=0us, DA=ff:ff:ff:ff:ff:ff, SA=00:00:00:00:00:02, BSSID=00:00:00:00:00:02, FragNumber=0, SeqNumber=12) ns3::LlcSnapHeader (type 0x800) ns3::Ipv4Header (tos 0x0 DSCP Default ECN Not-ECT ttl 64 id 12 protocol 17 offset (bytes) 0 flags [none] length: 56 192.168.1.2 &gt; 192.168.1.255) ns3::UdpHeader (length: 36 698 &gt; 698) ns3::olsr::PacketHeader () ns3::olsr::MessageHeader () ns3::WifiMacTrailer ()" />
<wpr uId="236" tId="6" fbRx="24.1968126" lbRx="0" />
<wpr uId="236" tId="2" fbRx="24.19681343" lbRx="0" />
<wpr uId="236" tId="7" fbRx="24.19681343" lbRx="0" />
<pr uId="237" fId="2" fbTx="24.21072499" meta-info="ns3::WifiMacHeader (DATA ToDS=0, FromDS=0, MoreFrag=0, Retry=0, MoreData=0 Duration/ID=0us, DA=ff:ff:ff:ff:ff:ff, SA=00:00:00:00:00:03, BSSID=00:00:00:00:00:03, FragNumber=0, SeqNumber=15) ns3::LlcSnapHeader (type 0x800) ns3::Ipv4Header (tos 0x0 DSCP Default ECN Not-ECT ttl 64 id 15 protocol 17 offset (bytes) 0 flags [none] length: 64 192.168.1.3 &gt; 192.168.1.255) ns3::UdpHeader (length: 44 698 &gt; 698) ns3::olsr::PacketHeader () ns3::olsr::MessageHeader () ns3::WifiMacTrailer ()" />
<wpr uId="237" tId="7" fbRx="24.21072499" lbRx="0" />
<wpr uId="237" tId="1" fbRx="24.21072583" lbRx="0" />
<wpr uId="237" tId="3" fbRx="24.21072583" lbRx="0" />
<wpr uId="237" tId="6" fbRx="24.21072583" lbRx="0" />
<wpr uId="237" tId="8" fbRx="24.21072583" lbRx="0" />
<pr uId="238" fId="9" fbTx="24.308" meta-info="ns3::WifiMacHeader (DATA ToDS=0, FromDS=0, MoreFrag=0, Retry=0, MoreData=0 Duration/ID=0us, DA=ff:ff:ff:ff:ff:ff, SA=00:00:00:00:00:0a, BSSID=00:00:00:00:00:0a, FragNumber=0, SeqNumber=27) ns3::LlcSnapHeader (type 0x800) ns3::Ipv4Header (tos 0x0 DSCP Default ECN Not-ECT ttl 64 id 22 protocol 17 offset (bytes) 0 flags [none] length: 45 192.168.2.5 &gt; 192.168.2.255) ns3::UdpHeader (length: 25 269 &gt; 269) ns3::Epidemic::TypeHeader (BEACON) ns3::Epidemic::EpidemicHeader ( Packet ID: 1101480448 Hop count: 1000 TimeStamp: +0.0ns) ns3::WifiMacTrailer ()" />
<wpr uId="238" tId="4" fbRx="24.308" lbRx="0" />
<wpr uId="238" tId="3" fbRx="24.30800083" lbRx="0" />
<wpr uId="238" tId="8" fbRx="24.30800083" lbRx="0" />
<pr uId="239" fId="0" fbTx="24.37786683" meta-info="ns3::WifiMacHeader (DATA ToDS=0, FromDS=0, MoreFrag=0, Retry=0, MoreData=0 Duration/ID=0us, DA=ff:ff:ff:ff:ff:ff, SA=00:00:00:00:00:01, BSSID=00:00:00:00:00:01, FragNumber=0, SeqNumber=12) ns3::LlcSnapHeader (type 0x800) ns3::Ipv4Header (tos 0x0 DSCP Default ECN Not-ECT ttl 64 id 12 protocol 17 offset (bytes) 0 flags [none] length: 48 192.168.1.1 &gt; 192.168.1.255) ns3::UdpHeader (length: 28 698 &gt; 698) ns3::olsr::PacketHeader () ns3::olsr::MessageHeader () ns3::WifiMacTrailer ()" />
<wpr uId="239" tId="5" fbRx="24.37786683" lbRx="0" />
<pr uId="240" fId="5" fbTx="25.031" meta-info="ns3::WifiMacHeader (DATA ToDS=0, FromDS=0, MoreFrag=0, Retry=0, MoreData=0 Duration/ID=0us, DA=ff:ff:ff:ff:ff:ff, SA=00:00:00:00:00:06, BSSID=00:00:00:00:00:06, FragNumber=0, SeqNumber=23) ns3::LlcSnapHeader (type 0x800) ns3::Ipv4Header (tos 0x0 DSCP Default ECN Not-ECT ttl 64 id 23 protocol 17 offset (bytes) 0 flags [none] length: 45 192.168.2.1 &gt; 192.168.2.255) ns3::UdpHeader (length: 25 269 &gt; 269) ns3::Epidemic::TypeHeader (BEACON) ns3::Epidemic::EpidemicHeader ( Packet ID: 1101480448 Hop count: 1000 TimeStamp: +0.0ns) ns3::WifiMacTrailer ()" />
<wpr uId="240" tId="0" fbRx="25.031" lbRx="0" />
<pr uId="241" fId="8" fbTx="25.112" meta-info="ns3::WifiMacHeader (DATA ToDS=0, FromDS=0, MoreFrag=0, Retry=0, MoreData=0 Duration/ID=0us, DA=ff:ff:ff:ff:ff:ff, SA=00:00:00:00:00:09, BSSID=00:00:00:00:00:09, FragNumber=0, SeqNumber=33) ns3::LlcSnapHeader (type 0x800) ns3::Ipv4Header (tos 0x0 DSCP Default ECN Not-ECT ttl 64 id 23 protocol 17 offset (bytes) 0 flags [none] length: 45 192.168.2.4 &gt; 192.168.2.255) ns3::UdpHeader (length: 25 269 &gt; 269) ns3::Epidemic::TypeHeader (BEACON) ns3::Epidemic::EpidemicHeader ( Packet ID: 1101480448 Hop count: 1000 TimeStamp: +0.0ns) ns3::WifiMacTrailer ()" />
<wpr uId="241" tId="3" fbRx="25.112" lbRx="0" />
<wpr uId="241" tId="2" fbRx="25.11200083" lbRx="0" />
<wpr uId="241" tId="4" fbRx="25.11200083" lbRx="0" />
<wpr uId="241" tId="7" fbRx="25.11200083" lbRx="0" />
<wpr uId="241" tId="9" fbRx="25.11200083" lbRx="0" />
<pr uId="242" fId="6" fbTx="25.175" meta-info="ns3::WifiMacHeader (DATA ToDS=0, FromDS=0, MoreFrag=0, Retry=0, MoreData=0 Duration/ID=0us, DA=ff:ff:ff:ff:ff:ff, SA=00:00:00:00:00:07, BSSID=00:00:00:00:00:07, FragNumber=0, SeqNumber=28) ns3::LlcSnapHeader (type 0x800) ns3::Ipv4Header (tos 0x0 DSCP Default ECN Not-ECT ttl 64 id 23 protocol 17 offset (bytes) 0 flags [none] length: 45 192.168.2.2 &gt; 192.168.2.255) ns3::UdpHeader (length: 25 269 &gt; 269) ns3::Epidemic::TypeHeader (BEACON) ns3::Epidemic::EpidemicHeader ( Packet ID: 1101480448 Hop count: 1000 TimeStamp: +0.0ns) ns3::WifiMacTrailer ()" />
<wpr uId="242" tId="1" fbRx="25.175" lbRx="0" />
<wpr uId="242" tId="2" fbRx="25.17500083" lbRx="0" />
<wpr uId="242" tId="7" fbRx="25.17500083" lbRx="0" />
<pr uId="243" fId="2" fbTx="25.17617607" meta-info="ns3::WifiMacHeader (DATA ToDS=0, FromDS=0, MoreFrag=0, Retry=0, MoreData=0 Duration/ID=0us, DA=ff:ff:ff:ff:ff:ff, SA=00:00:00:00:00:03, BSSID=00:00:00:00:00:03, FragNumber=0, SeqNumber=16) ns3::LlcSnapHeader (type 0x800) ns3::Ipv4Header (tos 0x0 DSCP Default ECN Not-ECT ttl 64 id 16 protocol 17 offset (bytes) 0 flags [none] length: 56 192.168.1.3 &gt; 192.168.1.255) ns3::UdpHeader (length: 36 698 &gt; 698) ns3::olsr::PacketHeader () ns3::olsr::MessageHeader () ns3::WifiMacTrailer ()" />
<wpr uId="243" tId="7" fbRx="25.17617607" lbRx="0" />
<wpr uId="243" tId="1" fbRx="25.1761769" lbRx="0" />
<wpr uId="243" tId="3" fbRx="25.1761769" lbRx="0" />
<wpr uId="243" tId="6" fbRx="25.1761769" lbRx="0" />
<wpr uId="243" tId="8" fbRx="25.1761769" lbRx="0" />
<pr uId="244" fId="7" fbTx="25.266" meta-info="ns3::WifiMacHeader (DATA ToDS=0, FromDS=0, MoreFrag=0, Retry=0, MoreData=0 Duration/ID=0us, DA=ff:ff:ff:ff:ff:ff, SA=00:00:00:00:00:08, BSSID=00:00:00:00:00:08, FragNumber=0, SeqNumber=33) ns3::LlcSnapHeader (type 0x800) ns3::Ipv4Header (tos 0x0 DSCP Default ECN Not-ECT ttl 64 id 23 protocol 17 offset (bytes) 0 flags [none] length: 45 192.168.2.3 &gt; 192.168.2.255) ns3::UdpHeader (length: 25 269 &gt; 269) ns3::Epidemic::TypeHeader (BEACON) ns3::Epidemic::EpidemicHeader ( Packet ID: 1101480448 Hop count: 1000 TimeStamp: +0.0ns) ns3::WifiMacTrailer ()" />
<wpr uId="244" tId="2" fbRx="25.266" lbRx="0" />
<wpr uId="244" tId="1" fbRx="25.26600083" lbRx="0" />
<wpr uId="244" tId="3" fbRx="25.26600083" lbRx="0" />
<wpr uId="244" tId="6" fbRx="25.26600083" lbRx="0" />
<wpr uId="244" tId="8" fbRx="25.26600083" lbRx="0" />
<pr uId="245" fId="3" fbTx="25.27412764" meta-info="ns3::WifiMacHeader (DATA ToDS=0, FromDS=0, MoreFrag=0, Retry=0, MoreData=0 Duration/ID=0us, DA=ff:ff:ff:ff:ff:ff, SA=00:00:00:00:00:04, BSSID=00:00:00:00:00:04, FragNumber=0, SeqNumber=15) ns3::LlcSnapHeader (type 0x800) ns3::Ipv4Header (tos 0x0 DSCP Default ECN Not-ECT ttl 64 id 15 protocol 17 offset (bytes) 0 flags [none] length: 80 192.168.1.4 &gt; 192.168.1.255) ns3::UdpHeader (length: 60 698 &gt; 698) ns3::olsr::PacketHeader () ns3::olsr::MessageHeader () ns3::olsr::MessageHeader () ns3::WifiMacTrailer ()" />
<wpr uId="245" tId="8" fbRx="25.27412764" lbRx="0" />
<wpr uId="245" tId="2" fbRx="25.27412848" lbRx="0" />
<wpr uId="245" tId="4" fbRx="25.27412848" lbRx="0" />
<wpr uId="245" tId="7" fbRx="25.27412848" lbRx="0" />
<wpr uId="245" tId="9" fbRx="25.27412848" lbRx="0" />
<pr uId="246" fId="2" fbTx="25.32707836" meta-info="ns3::WifiMacHeader (DATA ToDS=0, FromDS=0, MoreFrag=0, Retry=0, MoreData=0 Duration/ID=0us, DA=ff:ff:ff:ff:ff:ff, SA=00:00:00:00:00:03, BSSID=00:00:00:00:00:03, FragNumber=0, SeqNumber=17) ns3::LlcSnapHeader (type 0x800) ns3::Ipv4Header (tos 0x0 DSCP Default ECN Not-ECT ttl 64 id 17 protocol 17 offset (bytes) 0 flags [none] length: 56 192.168.1.3 &gt; 192.168.1.255) ns3::UdpHeader (length: 36 698 &gt; 698) ns3::olsr::PacketHeader () ns3::olsr::MessageHeader () ns3::WifiMacTrailer ()" />
<wpr uId="246" tId="7" fbRx="25.32707836" lbRx="0" />
<wpr uId="246" tId="1" fbRx="25.3270792" lbRx="0" />
<wpr uId="246" tId="3" fbRx="25.3270792" lbRx="0" />
<wpr uId="246" tId="6" fbRx="25.3270792" lbRx="0" />
<wpr uId="246" tId="8" fbRx="25.3270792" lbRx="0" />
<pr uId="247" fId="9" fbTx="25.356" meta-info="ns3::WifiMacHeader (DATA ToDS=0, FromDS=0, MoreFrag=0, Retry=0, MoreData=0 Duration/ID=0us, DA=ff:ff:ff:ff:ff:ff, SA=00:00:00:00:00:0a, BSSID=00:00:00:00:00:0a, FragNumber=0, SeqNumber=28) ns3::LlcSnapHeader (type 0x800) ns3::Ipv4Header (tos 0x0 DSCP Default ECN Not-ECT ttl 64 id 23 protocol 17 offset (bytes) 0 flags [none] length: 45 192.168.2.5 &gt; 192.168.2.255) ns3::UdpHeader (length: 25 269 &gt; 269) ns3::Epidemic::TypeHeader (BEACON) ns3::Epidemic::EpidemicHeader ( Packet ID: 1101480448 Hop count: 1000 TimeStamp: +0.0ns) ns3::WifiMacTrailer ()" />
<wpr uId="247" tId="4" fbRx="25.356" lbRx="0" />
<wpr uId="247" tId="3" fbRx="25.35600083" lbRx="0" />
<wpr uId="247" tId="8" fbRx="25.35600083" lbRx="0" />
<pr uId="248" fId="5" fbTx="26.121" meta-info="ns3::WifiMacHeader (DATA ToDS=0, FromDS=0, MoreFrag=0, Retry=0, MoreData=0 Duration/ID=0us, DA=ff:ff:ff:ff:ff:ff, SA=00:00:00:00:00:06, BSSID=00:00:00:00:00:06, FragNumber=0, SeqNumber=24) ns3::LlcSnapHeader (type 0x800) ns3::Ipv4Header (tos 0x0 DSCP Default ECN Not-ECT ttl 64 id 24 protocol 17 offset (bytes) 0 flags [none] length: 45 192.168.2.1 &gt; 192.168.2.255) ns3::UdpHeader (length: 25 269 &gt; 269) ns3::Epidemic::TypeHeader (BEACON) ns3::Epidemic::EpidemicHeader ( Packet ID: 1101480448 Hop count: 1000 TimeStamp: +0.0ns) ns3::WifiMacTrailer ()" />
<wpr uId="248" tId="0" fbRx="26.121" lbRx="0" />
<pr uId="249" fId="8" fbTx="26.16" meta-info="ns3::WifiMacHeader (DATA ToDS=0, FromDS=0, MoreFrag=0, Retry=0, MoreData=0 Duration/ID=0us, DA=ff:ff:ff:ff:ff:ff, SA=00:00:00:00:00:09, BSSID=00:00:00:00:00:09, FragNumber=0, SeqNumber=34) ns3::LlcSnapHeader (type 0x800) ns3::Ipv4Header (tos 0x0 DSCP Default ECN Not-ECT ttl 64 id 24 protocol 17 offset (bytes) 0 flags [none] length: 45 192.168.2.4 &gt; 192.168.2.255) ns3::UdpHeader (length: 25 269 &gt; 269) ns3::Epidemic::TypeHeader (BEACON) ns3::Epidemic::EpidemicHeader ( Packet ID: 1101480448 Hop count: 1000 TimeStamp: +0.0ns) ns3::WifiMacTrailer ()" />
<wpr uId="249" tId="3" fbRx="26.16" lbRx="0" />
<wpr uId="249" tId="2" fbRx="26.16000083" lbRx="0" />
<wpr uId="249" tId="4" fbRx="26.16000083" lbRx="0" />
<wpr uId="249" tId="7" fbRx="26.16000083" lbRx="0" />
<wpr uId="249" tId="9" fbRx="26.16000083" lbRx="0" />
<pr uId="250" fId="6" fbTx="26.211" meta-info="ns3::WifiMacHeader (DATA ToDS=0, FromDS=0, MoreFrag=0, Retry=0, MoreData=0 Duration/ID=0us, DA=ff:ff:ff:ff:ff:ff, SA=00:00:00:00:00:07, BSSID=00:00:00:00:00:07, FragNumber=0, SeqNumber=29) ns3::LlcSnapHeader (type 0x800) ns3::Ipv4Header (tos 0x0 DSCP Default ECN Not-ECT ttl 64 id 24 protocol 17 offset (bytes) 0 flags [none] length: 45 192.168.2.2 &gt; 192.168.2.255) ns3::UdpHeader (length: 25 269 &gt; 269) ns3::Epidemic::TypeHeader (BEACON) ns3::Epidemic::EpidemicHeader ( Packet ID: 1101480448 Hop count: 1000 TimeStamp: +0.0ns) ns3::WifiMacTrailer ()" />
<wpr uId="250" tId="1" fbRx="26.211" lbRx="0" />
<wpr uId="250" tId="2" fbRx="26.21100083" lbRx="0" />
<wpr uId="250" tId="7" fbRx="26.21100083" lbRx="0" />
<pr uId="251" fId="1" fbTx="26.29400103" meta-info="ns3::WifiMacHeader (DATA ToDS=0, FromDS=0, MoreFrag=0, Retry=0, MoreData=0 Duration/ID=0us, DA=ff:ff:ff:ff:ff:ff, SA=00:00:00:00:00:02, BSSID=00:00:00:00:00:02, FragNumber=0, SeqNumber=13) ns3::LlcSnapHeader (type 0x800) ns3::Ipv4Header (tos 0x0 DSCP Default ECN Not-ECT ttl 64 id 13 protocol 17 offset (bytes) 0 flags [none] length: 56 192.168.1.2 &gt; 192.168.1.255) ns3::UdpHeader (length: 36 698 &gt; 698) ns3::olsr::PacketHeader () ns3::olsr::MessageHeader () ns3::WifiMacTrailer ()" />
<wpr uId="251" tId="6" fbRx="26.29400103" lbRx="0" />
<wpr uId="251" tId="2" fbRx="26.29400186" lbRx="0" />
<wpr uId="251" tId="7" fbRx="26.29400186" lbRx="0" />
<pr uId="252" fId="4" fbTx="26.31823017" meta-info="ns3::WifiMacHeader (DATA ToDS=0, FromDS=0, MoreFrag=0, Retry=0, MoreData=0 Duration/ID=0us, DA=ff:ff:ff:ff:ff:ff, SA=00:00:00:00:00:05, BSSID=00:00:00:00:00:05, FragNumber=0, SeqNumber=13) ns3::LlcSnapHeader (type 0x800) ns3::Ipv4Header (tos 0x0 DSCP Default ECN Not-ECT ttl 64 id 13 protocol 17 offset (bytes) 0 flags [none] length: 56 192.168.1.5 &gt; 192.168.1.255) ns3::UdpHeader (length: 36 698 &gt; 698) ns3::olsr::PacketHeader () ns3::olsr::MessageHeader () ns3::WifiMacTrailer ()" />
<wpr uId="252" tId="9" fbRx="26.31823017" lbRx="0" />
<wpr uId="252" tId="3" fbRx="26.318231" lbRx="0" />
<wpr uId="252" tId="8" fbRx="26.318231" lbRx="0" />
<pr uId="253" fId="2" fbTx="26.31989766" meta-info="ns3::WifiMacHeader (DATA ToDS=0, FromDS=0, MoreFrag=0, Retry=0, MoreData=0 Duration/ID=0us, DA=ff:ff:ff:ff:ff:ff, SA=00:00:00:00:00:03, BSSID=00:00:00:00:00:03, FragNumber=0, SeqNumber=18) ns3::LlcSnapHeader (type 0x800) ns3::Ipv4Header (tos 0x0 DSCP Default ECN Not-ECT ttl 64 id 18 protocol 17 offset (bytes) 0 flags [none] length: 64 192.168.1.3 &gt; 192.168.1.255) ns3::UdpHeader (length: 44 698 &gt; 698) ns3::olsr::PacketHeader () ns3::olsr::MessageHeader () ns3::WifiMacTrailer ()" />
<wpr uId="253" tId="7" fbRx="26.31989766" lbRx="0" />
<wpr uId="253" tId="1" fbRx="26.31989849" lbRx="0" />
<wpr uId="253" tId="3" fbRx="26.31989849" lbRx="0" />
<wpr uId="253" tId="6" fbRx="26.31989849" lbRx="0" />
<wpr uId="253" tId="8" fbRx="26.31989849" lbRx="0" />
<pr uId="254" fId="7" fbTx="26.334" meta-info="ns3::WifiMacHeader (DATA ToDS=0, FromDS=0, MoreFrag=0, Retry=0, MoreData=0 Duration/ID=0us, DA=ff:ff:ff:ff:ff:ff, SA=00:00:00:00:00:08, BSSID=00:00:00:00:00:08, FragNumber=0, SeqNumber=34) ns3::LlcSnapHeader (type 0x800) ns3::Ipv4Header (tos 0x0 DSCP Default ECN Not-ECT ttl 64 id 24 protocol 17 offset (bytes) 0 flags [none] length: 45 192.168.2.3 &gt; 192.168.2.255) ns3::UdpHeader (length: 25 269 &gt; 269) ns3::Epidemic::TypeHeader (BEACON) ns3::Epidemic::EpidemicHeader ( Packet ID: 1101480448 Hop count: 1000 TimeStamp: +0.0ns) ns3::WifiMacTrailer ()" />
<wpr uId="254" tId="2" fbRx="26.334" lbRx="0" />
<wpr uId="254" tId="1" fbRx="26.33400083" lbRx="0" />
<wpr uId="254" tId="3" fbRx="26.33400083" lbRx="0" />
<wpr uId="254" tId="6" fbRx="26.33400083" lbRx="0" />
<wpr uId="254" tId="8" fbRx="26.33400083" lbRx="0" />
<pr uId="255" fId="3" fbTx="26.35613402" meta-info="ns3::WifiMacHeader (DATA ToDS=0, FromDS=0, MoreFrag=0, Retry=0, MoreData=0 Duration/ID=0us, DA=ff:ff:ff:ff:ff:ff, SA=00:00:00:00:00:04, BSSID=00:00:00:00:00:04, FragNumber=0, SeqNumber=16) ns3::LlcSnapHeader (type 0x800) ns3::Ipv4Header (tos 0x0 DSCP Default ECN Not-ECT ttl 64 id 16 protocol 17 offset (bytes) 0 flags [none] length: 64 192.168.1.4 &gt; 192.168.1.255) ns3::UdpHeader (length: 44 698 &gt; 698) ns3::olsr::PacketHeader () ns3::olsr::MessageHeader () ns3::WifiMacTrailer ()" />
<wpr uId="255" tId="8" fbRx="26.35613402" lbRx="0" />
<wpr uId="255" tId="2" fbRx="26.35613486" lbRx="0" />
<wpr uId="255" tId="4" fbRx="26.35613486" lbRx="0" />
<wpr uId="255" tId="7" fbRx="26.35613486" lbRx="0" />
<wpr uId="255" tId="9" fbRx="26.35613486" lbRx="0" />
<pr uId="256" fId="9" fbTx="26.398" meta-info="ns3::WifiMacHeader (DATA ToDS=0, FromDS=0, MoreFrag=0, Retry=0, MoreData=0 Duration/ID=0us, DA=ff:ff:ff:ff:ff:ff, SA=00:00:00:00:00:0a, BSSID=00:00:00:00:00:0a, FragNumber=0, SeqNumber=29) ns3::LlcSnapHeader (type 0x800) ns3::Ipv4Header (tos 0x0 DSCP Default ECN Not-ECT ttl 64 id 24 protocol 17 offset (bytes) 0 flags [none] length: 45 192.168.2.5 &gt; 192.168.2.255) ns3::UdpHeader (length: 25 269 &gt; 269) ns3::Epidemic::TypeHeader (BEACON) ns3::Epidemic::EpidemicHeader ( Packet ID: 1101480448 Hop count: 1000 TimeStamp: +0.0ns) ns3::WifiMacTrailer ()" />
<wpr uId="256" tId="4" fbRx="26.398" lbRx="0" />
<wpr uId="256" tId="3" fbRx="26.39800083" lbRx="0" />
<wpr uId="256" tId="8" fbRx="26.39800083" lbRx="0" />
<pr uId="257" fId="0" fbTx="26.40918948" meta-info="ns3::WifiMacHeader (DATA ToDS=0, FromDS=0, MoreFrag=0, Retry=0, MoreData=0 Duration/ID=0us, DA=ff:ff:ff:ff:ff:ff, SA=00:00:00:00:00:01, BSSID=00:00:00:00:00:01, FragNumber=0, SeqNumber=13) ns3::LlcSnapHeader (type 0x800) ns3::Ipv4Header (tos 0x0 DSCP Default ECN Not-ECT ttl 64 id 13 protocol 17 offset (bytes) 0 flags [none] length: 48 192.168.1.1 &gt; 192.168.1.255) ns3::UdpHeader (length: 28 698 &gt; 698) ns3::olsr::PacketHeader () ns3::olsr::MessageHeader () ns3::WifiMacTrailer ()" />
<wpr uId="257" tId="5" fbRx="26.40918948" lbRx="0" />
<pr uId="258" fId="5" fbTx="27.186" meta-info="ns3::WifiMacHeader (DATA ToDS=0, FromDS=0, MoreFrag=0, Retry=0, MoreData=0 Duration/ID=0us, DA=ff:ff:ff:ff:ff:ff, SA=00:00:00:00:00:06, BSSID=00:00:00:00:00:06, FragNumber=0, SeqNumber=25) ns3::LlcSnapHeader (type 0x800) ns3::Ipv4Header (tos 0x0 DSCP Default ECN Not-ECT ttl 64 id 25 protocol 17 offset (bytes) 0 flags [none] length: 45 192.168.2.1 &gt; 192.168.2.255) ns3::UdpHeader (length: 25 269 &gt; 269) ns3::Epidemic::TypeHeader (BEACON) ns3::Epidemic::EpidemicHeader ( Packet ID: 1101480448 Hop count: 1000 TimeStamp: +0.0ns) ns3::WifiMacTrailer ()" />
<wpr uId="258" tId="0" fbRx="27.186" lbRx="0" />
<pr uId="259" fId="8" fbTx="27.188" meta-info="ns3::WifiMacHeader (DATA ToDS=0, FromDS=0, MoreFrag=0, Retry=0, MoreData=0 Duration/ID=0us, DA=ff:ff:ff:ff:ff:ff, SA=00:00:00:00:00:09, BSSID=00:00:00:00:00:09, FragNumber=0, SeqNumber=35) ns3::LlcSnapHeader (type 0x800) ns3::Ipv4Header (tos 0x0 DSCP Default ECN Not-ECT ttl 64 id 25 protocol 17 offset (bytes) 0 flags [none] length: 45 192.168.2.4 &gt; 192.168.2.255) ns3::UdpHeader (length: 25 269 &gt; 269) ns3::Epidemic::TypeHeader (BEACON) ns3::Epidemic::EpidemicHeader ( Packet ID: 1101480448 Hop count: 1000 TimeStamp: +0.0ns) ns3::WifiMacTrailer ()" />
<wpr uId="259" tId="3" fbRx="27.188" lbRx="0" />
<wpr uId="259" tId="2" fbRx="27.18800083" lbRx="0" />
<wpr uId="259" tId="4" fbRx="27.18800083" lbRx="0" />
<wpr uId="259" tId="7" fbRx="27.18800083" lbRx="0" />
<wpr uId="259" tId="9" fbRx="27.18800083" lbRx="0" />
<pr uId="260" fId="6" fbTx="27.304" meta-info="ns3::WifiMacHeader (DATA ToDS=0, FromDS=0, MoreFrag=0, Retry=0, MoreData=0 Duration/ID=0us, DA=ff:ff:ff:ff:ff:ff, SA=00:00:00:00:00:07, BSSID=00:00:00:00:00:07, FragNumber=0, SeqNumber=30) ns3::LlcSnapHeader (type 0x800) ns3::Ipv4Header (tos 0x0 DSCP Default ECN Not-ECT ttl 64 id 25 protocol 17 offset (bytes) 0 flags [none] length: 45 192.168.2.2 &gt; 192.168.2.255) ns3::UdpHeader (length: 25 269 &gt; 269) ns3::Epidemic::TypeHeader (BEACON) ns3::Epidemic::EpidemicHeader ( Packet ID: 1101480448 Hop count: 1000 TimeStamp: +0.0ns) ns3::WifiMacTrailer ()" />
<wpr uId="260" tId="1" fbRx="27.304" lbRx="0" />
<wpr uId="260" tId="2" fbRx="27.30400083" lbRx="0" />
<wpr uId="260" tId="7" fbRx="27.30400083" lbRx="0" />
<pr uId="261" fId="7" fbTx="27.368" meta-info="ns3::WifiMacHeader (DATA ToDS=0, FromDS=0, MoreFrag=0, Retry=0, MoreData=0 Duration/ID=0us, DA=ff:ff:ff:ff:ff:ff, SA=00:00:00:00:00:08, BSSID=00:00:00:00:00:08, FragNumber=0, SeqNumber=35) ns3::LlcSnapHeader (type 0x800) ns3::Ipv4Header (tos 0x0 DSCP Default ECN Not-ECT ttl 64 id 25 protocol 17 offset (bytes) 0 flags [none] length: 45 192.168.2.3 &gt; 192.168.2.255) ns3::UdpHeader (length: 25 269 &gt; 269) ns3::Epidemic::TypeHeader (BEACON) ns3::Epidemic::EpidemicHeader ( Packet ID: 1101480448 Hop count: 1000 TimeStamp: +0.0ns) ns3::WifiMacTrailer ()" />
<wpr uId="261" tId="2" fbRx="27.368" lbRx="0" />
<wpr uId="261" tId="1" fbRx="27.36800083" lbRx="0" />
<wpr uId="261" tId="3" fbRx="27.36800083" lbRx="0" />
<wpr uId="261" tId="6" fbRx="27.36800083" lbRx="0" />
<wpr uId="261" tId="8" fbRx="27.36800083" lbRx="0" />
<pr uId="262" fId="9" fbTx="27.416" meta-info="ns3::WifiMacHeader (DATA ToDS=0, FromDS=0, MoreFrag=0, Retry=0, MoreData=0 Duration/ID=0us, DA=ff:ff:ff:ff:ff:ff, SA=00:00:00:00:00:0a, BSSID=00:00:00:00:00:0a, FragNumber=0, SeqNumber=30) ns3::LlcSnapHeader (type 0x800) ns3::Ipv4Header (tos 0x0 DSCP Default ECN Not-ECT ttl 64 id 25 protocol 17 offset (bytes) 0 flags [none] length: 45 192.168.2.5 &gt; 192.168.2.255) ns3::UdpHeader (length: 25 269 &gt; 269) ns3::Epidemic::TypeHeader (BEACON) ns3::Epidemic::EpidemicHeader ( Packet ID: 1101480448 Hop count: 1000 TimeStamp: +0.0ns) ns3::WifiMacTrailer ()" />
<wpr uId="262" tId="4" fbRx="27.416" lbRx="0" />
<wpr uId="262" tId="3" fbRx="27.41600083" lbRx="0" />
<wpr uId="262" tId="8" fbRx="27.41600083" lbRx="0" />
<pr uId="263" fId="1" fbTx="28.01609495" meta-info="ns3::WifiMacHeader (DATA ToDS=0, FromDS=0, MoreFrag=0, Retry=0, MoreData=0 Duration/ID=0us, DA=ff:ff:ff:ff:ff:ff, SA=00:00:00:00:00:02, BSSID=00:00:00:00:00:02, FragNumber=0, SeqNumber=14) ns3::LlcSnapHeader (type 0x800) ns3::Ipv4Header (tos 0x0 DSCP Default ECN Not-ECT ttl 64 id 14 protocol 17 offset (bytes) 0 flags [none] length: 56 192.168.1.2 &gt; 192.168.1.255) ns3::UdpHeader (length: 36 698 &gt; 698) ns3::olsr::PacketHeader () ns3::olsr::MessageHeader () ns3::WifiMacTrailer ()" />
<wpr uId="263" tId="6" fbRx="28.01609495" lbRx="0" />
<wpr uId="263" tId="2" fbRx="28.01609578" lbRx="0" />
<wpr uId="263" tId="7" fbRx="28.01609578" lbRx="0" />
<pr uId="264" fId="4" fbTx="28.22217732" meta-info="ns3::WifiMacHeader (DATA ToDS=0, FromDS=0, MoreFrag=0, Retry=0, MoreData=0 Duration/ID=0us, DA=ff:ff:ff:ff:ff:ff, SA=00:00:00:00:00:05, BSSID=00:00:00:00:00:05, FragNumber=0, SeqNumber=14) ns3::LlcSnapHeader (type 0x800) ns3::Ipv4Header (tos 0x0 DSCP Default ECN Not-ECT ttl 64 id 14 protocol 17 offset (bytes) 0 flags [none] length: 56 192.168.1.5 &gt; 192.168.1.255) ns3::UdpHeader (length: 36 698 &gt; 698) ns3::olsr::PacketHeader () ns3::olsr::MessageHeader () ns3::WifiMacTrailer ()" />
<wpr uId="264" tId="9" fbRx="28.22217732" lbRx="0" />
<wpr uId="264" tId="3" fbRx="28.22217815" lbRx="0" />
<wpr uId="264" tId="8" fbRx="28.22217815" lbRx="0" />
<pr uId="265" fId="5" fbTx="28.242" meta-info="ns3::WifiMacHeader (DATA ToDS=0, FromDS=0, MoreFrag=0, Retry=0, MoreData=0 Duration/ID=0us, DA=ff:ff:ff:ff:ff:ff, SA=00:00:00:00:00:06, BSSID=00:00:00:00:00:06, FragNumber=0, SeqNumber=26) ns3::LlcSnapHeader (type 0x800) ns3::Ipv4Header (tos 0x0 DSCP Default ECN Not-ECT ttl 64 id 26 protocol 17 offset (bytes) 0 flags [none] length: 45 192.168.2.1 &gt; 192.168.2.255) ns3::UdpHeader (length: 25 269 &gt; 269) ns3::Epidemic::TypeHeader (BEACON) ns3::Epidemic::EpidemicHeader ( Packet ID: 1101480448 Hop count: 1000 TimeStamp: +0.0ns) ns3::WifiMacTrailer ()" />
<wpr uId="265" tId="0" fbRx="28.242" lbRx="0" />
<pr uId="266" fId="0" fbTx="28.24447798" meta-info="ns3::WifiMacHeader (DATA ToDS=0, FromDS=0, MoreFrag=0, Retry=0, MoreData=0 Duration/ID=0us, DA=ff:ff:ff:ff:ff:ff, SA=00:00:00:00:00:01, BSSID=00:00:00:00:00:01, FragNumber=0, SeqNumber=14) ns3::LlcSnapHeader (type 0x800) ns3::Ipv4Header (tos 0x0 DSCP Default ECN Not-ECT ttl 64 id 14 protocol 17 offset (bytes) 0 flags [none] length: 48 192.168.1.1 &gt; 192.168.1.255) ns3::UdpHeader (length: 28 698 &gt; 698) ns3::olsr::PacketHeader () ns3::olsr::MessageHeader () ns3::WifiMacTrailer ()" />
<wpr uId="266" tId="5" fbRx="28.24447798" lbRx="0" />
<pr uId="267" fId="8" fbTx="28.286" meta-info="ns3::WifiMacHeader (DATA ToDS=0, FromDS=0, MoreFrag=0, Retry=0, MoreData=0 Duration/ID=0us, DA=ff:ff:ff:ff:ff:ff, SA=00:00:00:00:00:09, BSSID=00:00:00:00:00:09, FragNumber=0, SeqNumber=36) ns3::LlcSnapHeader (type 0x800) ns3::Ipv4Header (tos 0x0 DSCP Default ECN Not-ECT ttl 64 id 26 protocol 17 offset (bytes) 0 flags [none] length: 45 192.168.2.4 &gt; 192.168.2.255) ns3::UdpHeader (length: 25 269 &gt; 269) ns3::Epidemic::TypeHeader (BEACON) ns3::Epidemic::EpidemicHeader ( Packet ID: 1101480448 Hop count: 1000 TimeStamp: +0.0ns) ns3::WifiMacTrailer ()" />
<wpr uId="267" tId="3" fbRx="28.286" lbRx="0" />
<wpr uId="267" tId="2" fbRx="28.28600083" lbRx="0" />
<wpr uId="267" tId="4" fbRx="28.28600083" lbRx="0" />
<wpr uId="267" tId="7" fbRx="28.28600083" lbRx="0" />
<wpr uId="267" tId="9" fbRx="28.28600083" lbRx="0" />
<pr uId="268" fId="6" fbTx="28.393" meta-info="ns3::WifiMacHeader (DATA ToDS=0, FromDS=0, MoreFrag=0, Retry=0, MoreData=0 Duration/ID=0us, DA=ff:ff:ff:ff:ff:ff, SA=00:00:00:00:00:07, BSSID=00:00:00:00:00:07, FragNumber=0, SeqNumber=31) ns3::LlcSnapHeader (type 0x800) ns3::Ipv4Header (tos 0x0 DSCP Default ECN Not-ECT ttl 64 id 26 protocol 17 offset (bytes) 0 flags [none] length: 45 192.168.2.2 &gt; 192.168.2.255) ns3::UdpHeader (length: 25 269 &gt; 269) ns3::Epidemic::TypeHeader (BEACON) ns3::Epidemic::EpidemicHeader ( Packet ID: 1101480448 Hop count: 1000 TimeStamp: +0.0ns) ns3::WifiMacTrailer ()" />
<wpr uId="268" tId="1" fbRx="28.393" lbRx="0" />
<wpr uId="268" tId="2" fbRx="28.39300083" lbRx="0" />
<wpr uId="268" tId="7" fbRx="28.39300083" lbRx="0" />
<pr uId="269" fId="3" fbTx="28.39502458" meta-info="ns3::WifiMacHeader (DATA ToDS=0, FromDS=0, MoreFrag=0, Retry=0, MoreData=0 Duration/ID=0us, DA=ff:ff:ff:ff:ff:ff, SA=00:00:00:00:00:04, BSSID=00:00:00:00:00:04, FragNumber=0, SeqNumber=17) ns3::LlcSnapHeader (type 0x800) ns3::Ipv4Header (tos 0x0 DSCP Default ECN Not-ECT ttl 64 id 17 protocol 17 offset (bytes) 0 flags [none] length: 64 192.168.1.4 &gt; 192.168.1.255) ns3::UdpHeader (length: 44 698 &gt; 698) ns3::olsr::PacketHeader () ns3::olsr::MessageHeader () ns3::WifiMacTrailer ()" />
<wpr uId="269" tId="8" fbRx="28.39502458" lbRx="0" />
<wpr uId="269" tId="2" fbRx="28.39502541" lbRx="0" />
<wpr uId="269" tId="4" fbRx="28.39502541" lbRx="0" />
<wpr uId="269" tId="7" fbRx="28.39502541" lbRx="0" />
<wpr uId="269" tId="9" fbRx="28.39502541" lbRx="0" />
<pr uId="270" fId="9" fbTx="28.43" meta-info="ns3::WifiMacHeader (DATA ToDS=0, FromDS=0, MoreFrag=0, Retry=0, MoreData=0 Duration/ID=0us, DA=ff:ff:ff:ff:ff:ff, SA=00:00:00:00:00:0a, BSSID=00:00:00:00:00:0a, FragNumber=0, SeqNumber=31) ns3::LlcSnapHeader (type 0x800) ns3::Ipv4Header (tos 0x0 DSCP Default ECN Not-ECT ttl 64 id 26 protocol 17 offset (bytes) 0 flags [none] length: 45 192.168.2.5 &gt; 192.168.2.255) ns3::UdpHeader (length: 25 269 &gt; 269) ns3::Epidemic::TypeHeader (BEACON) ns3::Epidemic::EpidemicHeader ( Packet ID: 1101480448 Hop count: 1000 TimeStamp: +0.0ns) ns3::WifiMacTrailer ()" />
<wpr uId="270" tId="4" fbRx="28.43" lbRx="0" />
<wpr uId="270" tId="3" fbRx="28.43000083" lbRx="0" />
<wpr uId="270" tId="8" fbRx="28.43000083" lbRx="0" />
<pr uId="271" fId="2" fbTx="28.43697476" meta-info="ns3::WifiMacHeader (DATA ToDS=0, FromDS=0, MoreFrag=0, Retry=0, MoreData=0 Duration/ID=0us, DA=ff:ff:ff:ff:ff:ff, SA=00:00:00:00:00:03, BSSID=00:00:00:00:00:03, FragNumber=0, SeqNumber=19) ns3::LlcSnapHeader (type 0x800) ns3::Ipv4Header (tos 0x0 DSCP Default ECN Not-ECT ttl 64 id 19 protocol 17 offset (bytes) 0 flags [none] length: 64 192.168.1.3 &gt; 192.168.1.255) ns3::UdpHeader (length: 44 698 &gt; 698) ns3::olsr::PacketHeader () ns3::olsr::MessageHeader () ns3::WifiMacTrailer ()" />
<wpr uId="271" tId="7" fbRx="28.43697476" lbRx="0" />
<wpr uId="271" tId="1" fbRx="28.43697559" lbRx="0" />
<wpr uId="271" tId="3" fbRx="28.43697559" lbRx="0" />
<wpr uId="271" tId="6" fbRx="28.43697559" lbRx="0" />
<wpr uId="271" tId="8" fbRx="28.43697559" lbRx="0" />
<pr uId="272" fId="7" fbTx="28.462" meta-info="ns3::WifiMacHeader (DATA ToDS=0, FromDS=0, MoreFrag=0, Retry=0, MoreData=0 Duration/ID=0us, DA=ff:ff:ff:ff:ff:ff, SA=00:00:00:00:00:08, BSSID=00:00:00:00:00:08, FragNumber=0, SeqNumber=36) ns3::LlcSnapHeader (type 0x800) ns3::Ipv4Header (tos 0x0 DSCP Default ECN Not-ECT ttl 64 id 26 protocol 17 offset (bytes) 0 flags [none] length: 45 192.168.2.3 &gt; 192.168.2.255) ns3::UdpHeader (length: 25 269 &gt; 269) ns3::Epidemic::TypeHeader (BEACON) ns3::Epidemic::EpidemicHeader ( Packet ID: 1101480448 Hop count: 1000 TimeStamp: +0.0ns) ns3::WifiMacTrailer ()" />
<wpr uId="272" tId="2" fbRx="28.462" lbRx="0" />
<wpr uId="272" tId="1" fbRx="28.46200083" lbRx="0" />
<wpr uId="272" tId="3" fbRx="28.46200083" lbRx="0" />
<wpr uId="272" tId="6" fbRx="28.46200083" lbRx="0" />
<wpr uId="272" tId="8" fbRx="28.46200083" lbRx="0" />
<pr uId="273" fId="5" fbTx="29.32" meta-info="ns3::WifiMacHeader (DATA ToDS=0, FromDS=0, MoreFrag=0, Retry=0, MoreData=0 Duration/ID=0us, DA=ff:ff:ff:ff:ff:ff, SA=00:00:00:00:00:06, BSSID=00:00:00:00:00:06, FragNumber=0, SeqNumber=27) ns3::LlcSnapHeader (type 0x800) ns3::Ipv4Header (tos 0x0 DSCP Default ECN Not-ECT ttl 64 id 27 protocol 17 offset (bytes) 0 flags [none] length: 45 192.168.2.1 &gt; 192.168.2.255) ns3::UdpHeader (length: 25 269 &gt; 269) ns3::Epidemic::TypeHeader (BEACON) ns3::Epidemic::EpidemicHeader ( Packet ID: 1101480448 Hop count: 1000 TimeStamp: +0.0ns) ns3::WifiMacTrailer ()" />
<wpr uId="273" tId="0" fbRx="29.32" lbRx="0" />
<pr uId="274" fId="8" fbTx="29.355" meta-info="ns3::WifiMacHeader (DATA ToDS=0, FromDS=0, MoreFrag=0, Retry=0, MoreData=0 Duration/ID=0us, DA=ff:ff:ff:ff:ff:ff, SA=00:00:00:00:00:09, BSSID=00:00:00:00:00:09, FragNumber=0, SeqNumber=37) ns3::LlcSnapHeader (type 0x800) ns3::Ipv4Header (tos 0x0 DSCP Default ECN Not-ECT ttl 64 id 27 protocol 17 offset (bytes) 0 flags [none] length: 45 192.168.2.4 &gt; 192.168.2.255) ns3::UdpHeader (length: 25 269 &gt; 269) ns3::Epidemic::TypeHeader (BEACON) ns3::Epidemic::EpidemicHeader ( Packet ID: 1101480448 Hop count: 1000 TimeStamp: +0.0ns) ns3::WifiMacTrailer ()" />
<wpr uId="274" tId="3" fbRx="29.355" lbRx="0" />
<wpr uId="274" tId="2" fbRx="29.35500083" lbRx="0" />
<wpr uId="274" tId="4" fbRx="29.35500083" lbRx="0" />
<wpr uId="274" tId="7" fbRx="29.35500083" lbRx="0" />
<wpr uId="274" tId="9" fbRx="29.35500083" lbRx="0" />
<pr uId="275" fId="9" fbTx="29.477" meta-info="ns3::WifiMacHeader (DATA ToDS=0, FromDS=0, MoreFrag=0, Retry=0, MoreData=0 Duration/ID=0us, DA=ff:ff:ff:ff:ff:ff, SA=00:00:00:00:00:0a, BSSID=00:00:00:00:00:0a, FragNumber=0, SeqNumber=32) ns3::LlcSnapHeader (type 0x800) ns3::Ipv4Header (tos 0x0 DSCP Default ECN Not-ECT ttl 64 id 27 protocol 17 offset (bytes) 0 flags [none] length: 45 192.168.2.5 &gt; 192.168.2.255) ns3::UdpHeader (length: 25 269 &gt; 269) ns3::Epidemic::TypeHeader (BEACON) ns3::Epidemic::EpidemicHeader ( Packet ID: 1101480448 Hop count: 1000 TimeStamp: +0.0ns) ns3::WifiMacTrailer ()" />
<wpr uId="275" tId="4" fbRx="29.477" lbRx="0" />
<wpr uId="275" tId="3" fbRx="29.47700083" lbRx="0" />
<wpr uId="275" tId="8" fbRx="29.47700083" lbRx="0" />
<pr uId="276" fId="6" fbTx="29.488" meta-info="ns3::WifiMacHeader (DATA ToDS=0, FromDS=0, MoreFrag=0, Retry=0, MoreData=0 Duration/ID=0us, DA=ff:ff:ff:ff:ff:ff, SA=00:00:00:00:00:07, BSSID=00:00:00:00:00:07, FragNumber=0, SeqNumber=32) ns3::LlcSnapHeader (type 0x800) ns3::Ipv4Header (tos 0x0 DSCP Default ECN Not-ECT ttl 64 id 27 protocol 17 offset (bytes) 0 flags [none] length: 45 192.168.2.2 &gt; 192.168.2.255) ns3::UdpHeader (length: 25 269 &gt; 269) ns3::Epidemic::TypeHeader (BEACON) ns3::Epidemic::EpidemicHeader ( Packet ID: 1101480448 Hop count: 1000 TimeStamp: +0.0ns) ns3::WifiMacTrailer ()" />
<wpr uId="276" tId="1" fbRx="29.488" lbRx="0" />
<wpr uId="276" tId="2" fbRx="29.48800083" lbRx="0" />
<wpr uId="276" tId="7" fbRx="29.48800083" lbRx="0" />
<pr uId="277" fId="7" fbTx="29.547" meta-info="ns3::WifiMacHeader (DATA ToDS=0, FromDS=0, MoreFrag=0, Retry=0, MoreData=0 Duration/ID=0us, DA=ff:ff:ff:ff:ff:ff, SA=00:00:00:00:00:08, BSSID=00:00:00:00:00:08, FragNumber=0, SeqNumber=37) ns3::LlcSnapHeader (type 0x800) ns3::Ipv4Header (tos 0x0 DSCP Default ECN Not-ECT ttl 64 id 27 protocol 17 offset (bytes) 0 flags [none] length: 45 192.168.2.3 &gt; 192.168.2.255) ns3::UdpHeader (length: 25 269 &gt; 269) ns3::Epidemic::TypeHeader (BEACON) ns3::Epidemic::EpidemicHeader ( Packet ID: 1101480448 Hop count: 1000 TimeStamp: +0.0ns) ns3::WifiMacTrailer ()" />
<wpr uId="277" tId="2" fbRx="29.547" lbRx="0" />
<wpr uId="277" tId="1" fbRx="29.54700083" lbRx="0" />
<wpr uId="277" tId="3" fbRx="29.54700083" lbRx="0" />
<wpr uId="277" tId="6" fbRx="29.54700083" lbRx="0" />
<wpr uId="277" tId="8" fbRx="29.54700083" lbRx="0" />
<pr uId="278" fId="2" fbTx="30.12361792" meta-info="ns3::WifiMacHeader (DATA ToDS=0, FromDS=0, MoreFrag=0, Retry=0, MoreData=0 Duration/ID=0us, DA=ff:ff:ff:ff:ff:ff, SA=00:00:00:00:00:03, BSSID=00:00:00:00:00:03, FragNumber=0, SeqNumber=20) ns3::LlcSnapHeader (type 0x800) ns3::Ipv4Header (tos 0x0 DSCP Default ECN Not-ECT ttl 64 id 20 protocol 17 offset (bytes) 0 flags [none] length: 88 192.168.1.3 &gt; 192.168.1.255) ns3::UdpHeader (length: 68 698 &gt; 698) ns3::olsr::PacketHeader () ns3::olsr::MessageHeader () ns3::olsr::MessageHeader () ns3::WifiMacTrailer ()" />
<wpr uId="278" tId="7" fbRx="30.12361792" lbRx="0" />
<wpr uId="278" tId="1" fbRx="30.12361875" lbRx="0" />
<wpr uId="278" tId="3" fbRx="30.12361875" lbRx="0" />
<wpr uId="278" tId="6" fbRx="30.12361875" lbRx="0" />
<wpr uId="278" tId="8" fbRx="30.12361875" lbRx="0" />
<pr uId="279" fId="4" fbTx="30.26870566" meta-info="ns3::WifiMacHeader (DATA ToDS=0, FromDS=0, MoreFrag=0, Retry=0, MoreData=0 Duration/ID=0us, DA=ff:ff:ff:ff:ff:ff, SA=00:00:00:00:00:05, BSSID=00:00:00:00:00:05, FragNumber=0, SeqNumber=15) ns3::LlcSnapHeader (type 0x800) ns3::Ipv4Header (tos 0x0 DSCP Default ECN Not-ECT ttl 64 id 15 protocol 17 offset (bytes) 0 flags [none] length: 56 192.168.1.5 &gt; 192.168.1.255) ns3::UdpHeader (length: 36 698 &gt; 698) ns3::olsr::PacketHeader () ns3::olsr::MessageHeader () ns3::WifiMacTrailer ()" />
<wpr uId="279" tId="9" fbRx="30.26870566" lbRx="0" />
<wpr uId="279" tId="3" fbRx="30.26870649" lbRx="0" />
<wpr uId="279" tId="8" fbRx="30.26870649" lbRx="0" />
<pr uId="280" fId="5" fbTx="30.32" meta-info="ns3::WifiMacHeader (DATA ToDS=0, FromDS=0, MoreFrag=0, Retry=0, MoreData=0 Duration/ID=0us, DA=ff:ff:ff:ff:ff:ff, SA=00:00:00:00:00:06, BSSID=00:00:00:00:00:06, FragNumber=0, SeqNumber=28) ns3::LlcSnapHeader (type 0x800) ns3::Ipv4Header (tos 0x0 DSCP Default ECN Not-ECT ttl 64 id 28 protocol 17 offset (bytes) 0 flags [none] length: 45 192.168.2.1 &gt; 192.168.2.255) ns3::UdpHeader (length: 25 269 &gt; 269) ns3::Epidemic::TypeHeader (BEACON) ns3::Epidemic::EpidemicHeader ( Packet ID: 1101480448 Hop count: 1000 TimeStamp: +0.0ns) ns3::WifiMacTrailer ()" />
<wpr uId="280" tId="0" fbRx="30.32" lbRx="0" />
<pr uId="281" fId="1" fbTx="30.33880568" meta-info="ns3::WifiMacHeader (DATA ToDS=0, FromDS=0, MoreFrag=0, Retry=0, MoreData=0 Duration/ID=0us, DA=ff:ff:ff:ff:ff:ff, SA=00:00:00:00:00:02, BSSID=00:00:00:00:00:02, FragNumber=0, SeqNumber=15) ns3::LlcSnapHeader (type 0x800) ns3::Ipv4Header (tos 0x0 DSCP Default ECN Not-ECT ttl 64 id 15 protocol 17 offset (bytes) 0 flags [none] length: 56 192.168.1.2 &gt; 192.168.1.255) ns3::UdpHeader (length: 36 698 &gt; 698) ns3::olsr::PacketHeader () ns3::olsr::MessageHeader () ns3::WifiMacTrailer ()" />
<wpr uId="281" tId="6" fbRx="30.33880568" lbRx="0" />
<wpr uId="281" tId="2" fbRx="30.33880651" lbRx="0" />
<wpr uId="281" tId="7" fbRx="30.33880651" lbRx="0" />
<pr uId="282" fId="0" fbTx="30.36579933" meta-info="ns3::WifiMacHeader (DATA ToDS=0, FromDS=0, MoreFrag=0, Retry=0, MoreData=0 Duration/ID=0us, DA=ff:ff:ff:ff:ff:ff, SA=00:00:00:00:00:01, BSSID=00:00:00:00:00:01, FragNumber=0, SeqNumber=15) ns3::LlcSnapHeader (type 0x800) ns3::Ipv4Header (tos 0x0 DSCP Default ECN Not-ECT ttl 64 id 15 protocol 17 offset (bytes) 0 flags [none] length: 48 192.168.1.1 &gt; 192.168.1.255) ns3::UdpHeader (length: 28 698 &gt; 698) ns3::olsr::PacketHeader () ns3::olsr::MessageHeader () ns3::WifiMacTrailer ()" />
<wpr uId="282" tId="5" fbRx="30.36579933" lbRx="0" />
<pr uId="283" fId="3" fbTx="30.37478904" meta-info="ns3::WifiMacHeader (DATA ToDS=0, FromDS=0, MoreFrag=0, Retry=0, MoreData=0 Duration/ID=0us, DA=ff:ff:ff:ff:ff:ff, SA=00:00:00:00:00:04, BSSID=00:00:00:00:00:04, FragNumber=0, SeqNumber=18) ns3::LlcSnapHeader (type 0x800) ns3::Ipv4Header (tos 0x0 DSCP Default ECN Not-ECT ttl 64 id 18 protocol 17 offset (bytes) 0 flags [none] length: 112 192.168.1.4 &gt; 192.168.1.255) ns3::UdpHeader (length: 92 698 &gt; 698) ns3::olsr::PacketHeader () ns3::olsr::MessageHeader () ns3::olsr::MessageHeader () ns3::olsr::MessageHeader () ns3::WifiMacTrailer ()" />
<wpr uId="283" tId="8" fbRx="30.37478904" lbRx="0" />
<wpr uId="283" tId="2" fbRx="30.37478987" lbRx="0" />
<wpr uId="283" tId="4" fbRx="30.37478987" lbRx="0" />
<wpr uId="283" tId="7" fbRx="30.37478987" lbRx="0" />
<wpr uId="283" tId="9" fbRx="30.37478987" lbRx="0" />
<pr uId="284" fId="8" fbTx="30.446" meta-info="ns3::WifiMacHeader (DATA ToDS=0, FromDS=0, MoreFrag=0, Retry=0, MoreData=0 Duration/ID=0us, DA=ff:ff:ff:ff:ff:ff, SA=00:00:00:00:00:09, BSSID=00:00:00:00:00:09, FragNumber=0, SeqNumber=38) ns3::LlcSnapHeader (type 0x800) ns3::Ipv4Header (tos 0x0 DSCP Default ECN Not-ECT ttl 64 id 28 protocol 17 offset (bytes) 0 flags [none] length: 45 192.168.2.4 &gt; 192.168.2.255) ns3::UdpHeader (length: 25 269 &gt; 269) ns3::Epidemic::TypeHeader (BEACON) ns3::Epidemic::EpidemicHeader ( Packet ID: 1101480448 Hop count: 1000 TimeStamp: +0.0ns) ns3::WifiMacTrailer ()" />
<wpr uId="284" tId="3" fbRx="30.446" lbRx="0" />
<wpr uId="284" tId="2" fbRx="30.44600083" lbRx="0" />
<wpr uId="284" tId="4" fbRx="30.44600083" lbRx="0" />
<wpr uId="284" tId="7" fbRx="30.44600083" lbRx="0" />
<wpr uId="284" tId="9" fbRx="30.44600083" lbRx="0" />
<pr uId="285" fId="6" fbTx="30.517" meta-info="ns3::WifiMacHeader (DATA ToDS=0, FromDS=0, MoreFrag=0, Retry=0, MoreData=0 Duration/ID=0us, DA=ff:ff:ff:ff:ff:ff, SA=00:00:00:00:00:07, BSSID=00:00:00:00:00:07, FragNumber=0, SeqNumber=33) ns3::LlcSnapHeader (type 0x800) ns3::Ipv4Header (tos 0x0 DSCP Default ECN Not-ECT ttl 64 id 28 protocol 17 offset (bytes) 0 flags [none] length: 45 192.168.2.2 &gt; 192.168.2.255) ns3::UdpHeader (length: 25 269 &gt; 269) ns3::Epidemic::TypeHeader (BEACON) ns3::Epidemic::EpidemicHeader ( Packet ID: 1101480448 Hop count: 1000 TimeStamp: +0.0ns) ns3::WifiMacTrailer ()" />
<wpr uId="285" tId="1" fbRx="30.517" lbRx="0" />
<wpr uId="285" tId="2" fbRx="30.51700083" lbRx="0" />
<wpr uId="285" tId="7" fbRx="30.51700083" lbRx="0" />
<pr uId="286" fId="9" fbTx="30.539" meta-info="ns3::WifiMacHeader (DATA ToDS=0, FromDS=0, MoreFrag=0, Retry=0, MoreData=0 Duration/ID=0us, DA=ff:ff:ff:ff:ff:ff, SA=00:00:00:00:00:0a, BSSID=00:00:00:00:00:0a, FragNumber=0, SeqNumber=33) ns3::LlcSnapHeader (type 0x800) ns3::Ipv4Header (tos 0x0 DSCP Default ECN Not-ECT ttl 64 id 28 protocol 17 offset (bytes) 0 flags [none] length: 45 192.168.2.5 &gt; 192.168.2.255) ns3::UdpHeader (length: 25 269 &gt; 269) ns3::Epidemic::TypeHeader (BEACON) ns3::Epidemic::EpidemicHeader ( Packet ID: 1101480448 Hop count: 1000 TimeStamp: +0.0ns) ns3::WifiMacTrailer ()" />
<wpr uId="286" tId="4" fbRx="30.539" lbRx="0" />
<wpr uId="286" tId="3" fbRx="30.53900083" lbRx="0" />
<wpr uId="286" tId="8" fbRx="30.53900083" lbRx="0" />
<pr uId="287" fId="7" fbTx="30.581" meta-info="ns3::WifiMacHeader (DATA ToDS=0, FromDS=0, MoreFrag=0, Retry=0, MoreData=0 Duration/ID=0us, DA=ff:ff:ff:ff:ff:ff, SA=00:00:00:00:00:08, BSSID=00:00:00:00:00:08, FragNumber=0, SeqNumber=38) ns3::LlcSnapHeader (type 0x800) ns3::Ipv4Header (tos 0x0 DSCP Default ECN Not-ECT ttl 64 id 28 protocol 17 offset (bytes) 0 flags [none] length: 45 192.168.2.3 &gt; 192.168.2.255) ns3::UdpHeader (length: 25 269 &gt; 269) ns3::Epidemic::TypeHeader (BEACON) ns3::Epidemic::EpidemicHeader ( Packet ID: 1101480448 Hop count: 1000 TimeStamp: +0.0ns) ns3::WifiMacTrailer ()" />
<wpr uId="287" tId="2" fbRx="30.581" lbRx="0" />
<wpr uId="287" tId="1" fbRx="30.58100083" lbRx="0" />
<wpr uId="287" tId="3" fbRx="30.58100083" lbRx="0" />
<wpr uId="287" tId="6" fbRx="30.58100083" lbRx="0" />
<wpr uId="287" tId="8" fbRx="30.58100083" lbRx="0" />
<pr uId="288" fId="2" fbTx="30.85465545" meta-info="ns3::WifiMacHeader (DATA ToDS=0, FromDS=0, MoreFrag=0, Retry=0, MoreData=0 Duration/ID=0us, DA=ff:ff:ff:ff:ff:ff, SA=00:00:00:00:00:03, BSSID=00:00:00:00:00:03, FragNumber=0, SeqNumber=21) ns3::LlcSnapHeader (type 0x800) ns3::Ipv4Header (tos 0x0 DSCP Default ECN Not-ECT ttl 64 id 21 protocol 17 offset (bytes) 0 flags [none] length: 56 192.168.1.3 &gt; 192.168.1.255) ns3::UdpHeader (length: 36 698 &gt; 698) ns3::olsr::PacketHeader () ns3::olsr::MessageHeader () ns3::WifiMacTrailer ()" />
<wpr uId="288" tId="7" fbRx="30.85465545" lbRx="0" />
<wpr uId="288" tId="1" fbRx="30.85465629" lbRx="0" />
<wpr uId="288" tId="3" fbRx="30.85465629" lbRx="0" />
<wpr uId="288" tId="6" fbRx="30.85465629" lbRx="0" />
<wpr uId="288" tId="8" fbRx="30.85465629" lbRx="0" />
<pr uId="289" fId="5" fbTx="31.371" meta-info="ns3::WifiMacHeader (DATA ToDS=0, FromDS=0, MoreFrag=0, Retry=0, MoreData=0 Duration/ID=0us, DA=ff:ff:ff:ff:ff:ff, SA=00:00:00:00:00:06, BSSID=00:00:00:00:00:06, FragNumber=0, SeqNumber=29) ns3::LlcSnapHeader (type 0x800) ns3::Ipv4Header (tos 0x0 DSCP Default ECN Not-ECT ttl 64 id 29 protocol 17 offset (bytes) 0 flags [none] length: 45 192.168.2.1 &gt; 192.168.2.255) ns3::UdpHeader (length: 25 269 &gt; 269) ns3::Epidemic::TypeHeader (BEACON) ns3::Epidemic::EpidemicHeader ( Packet ID: 1101480448 Hop count: 1000 TimeStamp: +0.0ns) ns3::WifiMacTrailer ()" />
<wpr uId="289" tId="0" fbRx="31.371" lbRx="0" />
<pr uId="290" fId="8" fbTx="31.523" meta-info="ns3::WifiMacHeader (DATA ToDS=0, FromDS=0, MoreFrag=0, Retry=0, MoreData=0 Duration/ID=0us, DA=ff:ff:ff:ff:ff:ff, SA=00:00:00:00:00:09, BSSID=00:00:00:00:00:09, FragNumber=0, SeqNumber=39) ns3::LlcSnapHeader (type 0x800) ns3::Ipv4Header (tos 0x0 DSCP Default ECN Not-ECT ttl 64 id 29 protocol 17 offset (bytes) 0 flags [none] length: 45 192.168.2.4 &gt; 192.168.2.255) ns3::UdpHeader (length: 25 269 &gt; 269) ns3::Epidemic::TypeHeader (BEACON) ns3::Epidemic::EpidemicHeader ( Packet ID: 1101480448 Hop count: 1000 TimeStamp: +0.0ns) ns3::WifiMacTrailer ()" />
<wpr uId="290" tId="3" fbRx="31.523" lbRx="0" />
<wpr uId="290" tId="2" fbRx="31.52300083" lbRx="0" />
<wpr uId="290" tId="4" fbRx="31.52300083" lbRx="0" />
<wpr uId="290" tId="7" fbRx="31.52300083" lbRx="0" />
<wpr uId="290" tId="9" fbRx="31.52300083" lbRx="0" />
<pr uId="291" fId="9" fbTx="31.585" meta-info="ns3::WifiMacHeader (DATA ToDS=0, FromDS=0, MoreFrag=0, Retry=0, MoreData=0 Duration/ID=0us, DA=ff:ff:ff:ff:ff:ff, SA=00:00:00:00:00:0a, BSSID=00:00:00:00:00:0a, FragNumber=0, SeqNumber=34) ns3::LlcSnapHeader (type 0x800) ns3::Ipv4Header (tos 0x0 DSCP Default ECN Not-ECT ttl 64 id 29 protocol 17 offset (bytes) 0 flags [none] length: 45 192.168.2.5 &gt; 192.168.2.255) ns3::UdpHeader (length: 25 269 &gt; 269) ns3::Epidemic::TypeHeader (BEACON) ns3::Epidemic::EpidemicHeader ( Packet ID: 1101480448 Hop count: 1000 TimeStamp: +0.0ns) ns3::WifiMacTrailer ()" />
<wpr uId="291" tId="4" fbRx="31.585" lbRx="0" />
<wpr uId="291" tId="3" fbRx="31.58500083" lbRx="0" />
<wpr uId="291" tId="8" fbRx="31.58500083" lbRx="0" />
<pr uId="292" fId="6" fbTx="31.604" meta-info="ns3::WifiMacHeader (DATA ToDS=0, FromDS=0, MoreFrag=0, Retry=0, MoreData=0 Duration/ID=0us, DA=ff:ff:ff:ff:ff:ff, SA=00:00:00:00:00:07, BSSID=00:00:00:00:00:07, FragNumber=0, SeqNumber=34) ns3::LlcSnapHeader (type 0x800) ns3::Ipv4Header (tos 0x0 DSCP Default ECN Not-ECT ttl 64 id 29 protocol 17 offset (bytes) 0 flags [none] length: 45 192.168.2.2 &gt; 192.168.2.255) ns3::UdpHeader (length: 25 269 &gt; 269) ns3::Epidemic::TypeHeader (BEACON) ns3::Epidemic::EpidemicHeader ( Packet ID: 1101480448 Hop count: 1000 TimeStamp: +0.0ns) ns3::WifiMacTrailer ()" />
<wpr uId="292" tId="1" fbRx="31.604" lbRx="0" />
<wpr uId="292" tId="2" fbRx="31.60400083" lbRx="0" />
<wpr uId="292" tId="7" fbRx="31.60400083" lbRx="0" />
<pr uId="293" fId="7" fbTx="31.617" meta-info="ns3::WifiMacHeader (DATA ToDS=0, FromDS=0, MoreFrag=0, Retry=0, MoreData=0 Duration/ID=0us, DA=ff:ff:ff:ff:ff:ff, SA=00:00:00:00:00:08, BSSID=00:00:00:00:00:08, FragNumber=0, SeqNumber=39) ns3::LlcSnapHeader (type 0x800) ns3::Ipv4Header (tos 0x0 DSCP Default ECN Not-ECT ttl 64 id 29 protocol 17 offset (bytes) 0 flags [none] length: 45 192.168.2.3 &gt; 192.168.2.255) ns3::UdpHeader (length: 25 269 &gt; 269) ns3::Epidemic::TypeHeader (BEACON) ns3::Epidemic::EpidemicHeader ( Packet ID: 1101480448 Hop count: 1000 TimeStamp: +0.0ns) ns3::WifiMacTrailer ()" />
<wpr uId="293" tId="2" fbRx="31.617" lbRx="0" />
<wpr uId="293" tId="1" fbRx="31.61700083" lbRx="0" />
<wpr uId="293" tId="3" fbRx="31.61700083" lbRx="0" />
<wpr uId="293" tId="6" fbRx="31.61700083" lbRx="0" />
<wpr uId="293" tId="8" fbRx="31.61700083" lbRx="0" />
<pr uId="294" fId="1" fbTx="32.01357273" meta-info="ns3::WifiMacHeader (DATA ToDS=0, FromDS=0, MoreFrag=0, Retry=0, MoreData=0 Duration/ID=0us, DA=ff:ff:ff:ff:ff:ff, SA=00:00:00:00:00:02, BSSID=00:00:00:00:00:02, FragNumber=0, SeqNumber=16) ns3::LlcSnapHeader (type 0x800) ns3::Ipv4Header (tos 0x0 DSCP Default ECN Not-ECT ttl 64 id 16 protocol 17 offset (bytes) 0 flags [none] length: 56 192.168.1.2 &gt; 192.168.1.255) ns3::UdpHeader (length: 36 698 &gt; 698) ns3::olsr::PacketHeader () ns3::olsr::MessageHeader () ns3::WifiMacTrailer ()" />
<wpr uId="294" tId="6" fbRx="32.01357273" lbRx="0" />
<wpr uId="294" tId="2" fbRx="32.01357356" lbRx="0" />
<wpr uId="294" tId="7" fbRx="32.01357356" lbRx="0" />
<pr uId="295" fId="0" fbTx="32.08158074" meta-info="ns3::WifiMacHeader (DATA ToDS=0, FromDS=0, MoreFrag=0, Retry=0, MoreData=0 Duration/ID=0us, DA=ff:ff:ff:ff:ff:ff, SA=00:00:00:00:00:01, BSSID=00:00:00:00:00:01, FragNumber=0, SeqNumber=16) ns3::LlcSnapHeader (type 0x800) ns3::Ipv4Header (tos 0x0 DSCP Default ECN Not-ECT ttl 64 id 16 protocol 17 offset (bytes) 0 flags [none] length: 48 192.168.1.1 &gt; 192.168.1.255) ns3::UdpHeader (length: 28 698 &gt; 698) ns3::olsr::PacketHeader () ns3::olsr::MessageHeader () ns3::WifiMacTrailer ()" />
<wpr uId="295" tId="5" fbRx="32.08158074" lbRx="0" />
<pr uId="296" fId="3" fbTx="32.21417953" meta-info="ns3::WifiMacHeader (DATA ToDS=0, FromDS=0, MoreFrag=0, Retry=0, MoreData=0 Duration/ID=0us, DA=ff:ff:ff:ff:ff:ff, SA=00:00:00:00:00:04, BSSID=00:00:00:00:00:04, FragNumber=0, SeqNumber=19) ns3::LlcSnapHeader (type 0x800) ns3::Ipv4Header (tos 0x0 DSCP Default ECN Not-ECT ttl 64 id 19 protocol 17 offset (bytes) 0 flags [none] length: 64 192.168.1.4 &gt; 192.168.1.255) ns3::UdpHeader (length: 44 698 &gt; 698) ns3::olsr::PacketHeader () ns3::olsr::MessageHeader () ns3::WifiMacTrailer ()" />
<wpr uId="296" tId="8" fbRx="32.21417953" lbRx="0" />
<wpr uId="296" tId="2" fbRx="32.21418036" lbRx="0" />
<wpr uId="296" tId="4" fbRx="32.21418036" lbRx="0" />
<wpr uId="296" tId="7" fbRx="32.21418036" lbRx="0" />
<wpr uId="296" tId="9" fbRx="32.21418036" lbRx="0" />
<pr uId="297" fId="4" fbTx="32.22460618" meta-info="ns3::WifiMacHeader (DATA ToDS=0, FromDS=0, MoreFrag=0, Retry=0, MoreData=0 Duration/ID=0us, DA=ff:ff:ff:ff:ff:ff, SA=00:00:00:00:00:05, BSSID=00:00:00:00:00:05, FragNumber=0, SeqNumber=16) ns3::LlcSnapHeader (type 0x800) ns3::Ipv4Header (tos 0x0 DSCP Default ECN Not-ECT ttl 64 id 16 protocol 17 offset (bytes) 0 flags [none] length: 56 192.168.1.5 &gt; 192.168.1.255) ns3::UdpHeader (length: 36 698 &gt; 698) ns3::olsr::PacketHeader () ns3::olsr::MessageHeader () ns3::WifiMacTrailer ()" />
<wpr uId="297" tId="9" fbRx="32.22460618" lbRx="0" />
<wpr uId="297" tId="3" fbRx="32.22460701" lbRx="0" />
<wpr uId="297" tId="8" fbRx="32.22460701" lbRx="0" />
<pr uId="298" fId="2" fbTx="32.31329333" meta-info="ns3::WifiMacHeader (DATA ToDS=0, FromDS=0, MoreFrag=0, Retry=0, MoreData=0 Duration/ID=0us, DA=ff:ff:ff:ff:ff:ff, SA=00:00:00:00:00:03, BSSID=00:00:00:00:00:03, FragNumber=0, SeqNumber=22) ns3::LlcSnapHeader (type 0x800) ns3::Ipv4Header (tos 0x0 DSCP Default ECN Not-ECT ttl 64 id 22 protocol 17 offset (bytes) 0 flags [none] length: 64 192.168.1.3 &gt; 192.168.1.255) ns3::UdpHeader (length: 44 698 &gt; 698) ns3::olsr::PacketHeader () ns3::olsr::MessageHeader () ns3::WifiMacTrailer ()" />
<wpr uId="298" tId="7" fbRx="32.31329333" lbRx="0" />
<wpr uId="298" tId="1" fbRx="32.31329416" lbRx="0" />
<wpr uId="298" tId="3" fbRx="32.31329416" lbRx="0" />
<wpr uId="298" tId="6" fbRx="32.31329416" lbRx="0" />
<wpr uId="298" tId="8" fbRx="32.31329416" lbRx="0" />
<pr uId="299" fId="5" fbTx="32.419" meta-info="ns3::WifiMacHeader (DATA ToDS=0, FromDS=0, MoreFrag=0, Retry=0, MoreData=0 Duration/ID=0us, DA=ff:ff:ff:ff:ff:ff, SA=00:00:00:00:00:06, BSSID=00:00:00:00:00:06, FragNumber=0, SeqNumber=30) ns3::LlcSnapHeader (type 0x800) ns3::Ipv4Header (tos 0x0 DSCP Default ECN Not-ECT ttl 64 id 30 protocol 17 offset (bytes) 0 flags [none] length: 45 192.168.2.1 &gt; 192.168.2.255) ns3::UdpHeader (length: 25 269 &gt; 269) ns3::Epidemic::TypeHeader (BEACON) ns3::Epidemic::EpidemicHeader ( Packet ID: 1101480448 Hop count: 1000 TimeStamp: +0.0ns) ns3::WifiMacTrailer ()" />
<wpr uId="299" tId="0" fbRx="32.419" lbRx="0" />
<pr uId="300" fId="8" fbTx="32.565" meta-info="ns3::WifiMacHeader (DATA ToDS=0, FromDS=0, MoreFrag=0, Retry=0, MoreData=0 Duration/ID=0us, DA=ff:ff:ff:ff:ff:ff, SA=00:00:00:00:00:09, BSSID=00:00:00:00:00:09, FragNumber=0, SeqNumber=40) ns3::LlcSnapHeader (type 0x800) ns3::Ipv4Header (tos 0x0 DSCP Default ECN Not-ECT ttl 64 id 30 protocol 17 offset (bytes) 0 flags [none] length: 45 192.168.2.4 &gt; 192.168.2.255) ns3::UdpHeader (length: 25 269 &gt; 269) ns3::Epidemic::TypeHeader (BEACON) ns3::Epidemic::EpidemicHeader ( Packet ID: 1101480448 Hop count: 1000 TimeStamp: +0.0ns) ns3::WifiMacTrailer ()" />
<wpr uId="300" tId="3" fbRx="32.565" lbRx="0" />
<wpr uId="300" tId="2" fbRx="32.56500083" lbRx="0" />
<wpr uId="300" tId="4" fbRx="32.56500083" lbRx="0" />
<wpr uId="300" tId="7" fbRx="32.56500083" lbRx="0" />
<wpr uId="300" tId="9" fbRx="32.56500083" lbRx="0" />
<pr uId="301" fId="7" fbTx="32.56516683" meta-info="ns3::WifiMacHeader (DATA ToDS=0, FromDS=0, MoreFrag=0, Retry=0, MoreData=0 Duration/ID=60us, DA=00:00:00:00:00:09, SA=00:00:00:00:00:08, BSSID=00:00:00:00:00:08, FragNumber=0, SeqNumber=40) ns3::LlcSnapHeader (type 0x800) ns3::Ipv4Header (tos 0x0 DSCP Default ECN Not-ECT ttl 64 id 3 protocol 17 offset (bytes) 0 flags [none] length: 37 192.168.2.3 &gt; 192.168.2.4) ns3::UdpHeader (length: 17 269 &gt; 269) ns3::Epidemic::TypeHeader (REPLY) ns3::Epidemic::SummaryVectorHeader ( Summary_vector header with size: 1
Global IDs:
NodeID:PacketID
0.0.2.186:698
) ns3::WifiMacTrailer ()" />
<wpr uId="301" tId="2" fbRx="32.56516683" lbRx="0" />
<wpr uId="301" tId="1" fbRx="32.56516767" lbRx="0" />
<wpr uId="301" tId="3" fbRx="32.56516767" lbRx="0" />
<wpr uId="301" tId="6" fbRx="32.56516767" lbRx="0" />
<wpr uId="301" tId="8" fbRx="32.56516767" lbRx="0" />
<pr uId="302" fId="8" fbTx="32.56530767" meta-info="ns3::WifiMacHeader (CTL_ACK Duration/ID=0us, RA=00:00:00:00:00:08) ns3::WifiMacTrailer ()" />
<wpr uId="302" tId="3" fbRx="32.56530767" lbRx="0" />
<wpr uId="302" tId="2" fbRx="32.5653085" lbRx="0" />
<wpr uId="302" tId="4" fbRx="32.5653085" lbRx="0" />
<wpr uId="302" tId="7" fbRx="32.5653085" lbRx="0" />
<wpr uId="302" tId="9" fbRx="32.5653085" lbRx="0" />
<pr uId="303" fId="8" fbTx="32.56547567" meta-info="ns3::WifiMacHeader (DATA ToDS=0, FromDS=0, MoreFrag=0, Retry=0, MoreData=0 Duration/ID=60us, DA=00:00:00:00:00:08, SA=00:00:00:00:00:09, BSSID=00:00:00:00:00:09, FragNumber=0, SeqNumber=41) ns3::LlcSnapHeader (type 0x800) ns3::Ipv4Header (tos 0x0 DSCP Default ECN Not-ECT ttl 64 id 3 protocol 17 offset (bytes) 0 flags [none] length: 37 192.168.2.4 &gt; 192.168.2.3) ns3::UdpHeader (length: 17 269 &gt; 269) ns3::Epidemic::TypeHeader (REPLY_BACK) ns3::Epidemic::SummaryVectorHeader ( Summary_vector header with size: 1
Global IDs:
NodeID:PacketID
0.0.2.186:698
) ns3::WifiMacTrailer ()" />
<wpr uId="303" tId="3" fbRx="32.56547567" lbRx="0" />
<wpr uId="303" tId="2" fbRx="32.5654765" lbRx="0" />
<wpr uId="303" tId="4" fbRx="32.5654765" lbRx="0" />
<wpr uId="303" tId="7" fbRx="32.5654765" lbRx="0" />
<wpr uId="303" tId="9" fbRx="32.5654765" lbRx="0" />
<pr uId="304" fId="7" fbTx="32.5656165" meta-info="ns3::WifiMacHeader (CTL_ACK Duration/ID=0us, RA=00:00:00:00:00:09) ns3::WifiMacTrailer ()" />
<wpr uId="304" tId="2" fbRx="32.5656165" lbRx="0" />
<wpr uId="304" tId="1" fbRx="32.56561733" lbRx="0" />
<wpr uId="304" tId="3" fbRx="32.56561733" lbRx="0" />
<wpr uId="304" tId="6" fbRx="32.56561733" lbRx="0" />
<wpr uId="304" tId="8" fbRx="32.56561733" lbRx="0" />
<pr uId="305" fId="9" fbTx="32.596" meta-info="ns3::WifiMacHeader (DATA ToDS=0, FromDS=0, MoreFrag=0, Retry=0, MoreData=0 Duration/ID=0us, DA=ff:ff:ff:ff:ff:ff, SA=00:00:00:00:00:0a, BSSID=00:00:00:00:00:0a, FragNumber=0, SeqNumber=35) ns3::LlcSnapHeader (type 0x800) ns3::Ipv4Header (tos 0x0 DSCP Default ECN Not-ECT ttl 64 id 30 protocol 17 offset (bytes) 0 flags [none] length: 45 192.168.2.5 &gt; 192.168.2.255) ns3::UdpHeader (length: 25 269 &gt; 269) ns3::Epidemic::TypeHeader (BEACON) ns3::Epidemic::EpidemicHeader ( Packet ID: 1101480448 Hop count: 1000 TimeStamp: +0.0ns) ns3::WifiMacTrailer ()" />
<wpr uId="305" tId="4" fbRx="32.596" lbRx="0" />
<wpr uId="305" tId="3" fbRx="32.59600083" lbRx="0" />
<wpr uId="305" tId="8" fbRx="32.59600083" lbRx="0" />
<pr uId="306" fId="8" fbTx="32.59622983" meta-info="ns3::WifiMacHeader (DATA ToDS=0, FromDS=0, MoreFrag=0, Retry=0, MoreData=0 Duration/ID=60us, DA=00:00:00:00:00:0a, SA=00:00:00:00:00:09, BSSID=00:00:00:00:00:09, FragNumber=0, SeqNumber=42) ns3::LlcSnapHeader (type 0x800) ns3::Ipv4Header (tos 0x0 DSCP Default ECN Not-ECT ttl 64 id 3 protocol 17 offset (bytes) 0 flags [none] length: 37 192.168.2.4 &gt; 192.168.2.5) ns3::UdpHeader (length: 17 269 &gt; 269) ns3::Epidemic::TypeHeader (REPLY) ns3::Epidemic::SummaryVectorHeader ( Summary_vector header with size: 1
Global IDs:
NodeID:PacketID
0.0.2.186:698
) ns3::WifiMacTrailer ()" />
<wpr uId="306" tId="3" fbRx="32.59622983" lbRx="0" />
<wpr uId="306" tId="2" fbRx="32.59623067" lbRx="0" />
<wpr uId="306" tId="4" fbRx="32.59623067" lbRx="0" />
<wpr uId="306" tId="7" fbRx="32.59623067" lbRx="0" />
<wpr uId="306" tId="9" fbRx="32.59623067" lbRx="0" />
<pr uId="307" fId="9" fbTx="32.59637067" meta-info="ns3::WifiMacHeader (CTL_ACK Duration/ID=0us, RA=00:00:00:00:00:09) ns3::WifiMacTrailer ()" />
<wpr uId="307" tId="4" fbRx="32.59637067" lbRx="0" />
<wpr uId="307" tId="3" fbRx="32.5963715" lbRx="0" />
<wpr uId="307" tId="8" fbRx="32.5963715" lbRx="0" />
<pr uId="308" fId="9" fbTx="32.59644867" meta-info="ns3::WifiMacHeader (DATA ToDS=0, FromDS=0, MoreFrag=0, Retry=0, MoreData=0 Duration/ID=60us, DA=00:00:00:00:00:09, SA=00:00:00:00:00:0a, BSSID=00:00:00:00:00:0a, FragNumber=0, SeqNumber=36) ns3::LlcSnapHeader (type 0x800) ns3::Ipv4Header (tos 0x0 DSCP Default ECN Not-ECT ttl 64 id 3 protocol 17 offset (bytes) 0 flags [none] length: 37 192.168.2.5 &gt; 192.168.2.4) ns3::UdpHeader (length: 17 269 &gt; 269) ns3::Epidemic::TypeHeader (REPLY_BACK) ns3::Epidemic::SummaryVectorHeader ( Summary_vector header with size: 1
Global IDs:
NodeID:PacketID
0.0.2.186:698
) ns3::WifiMacTrailer ()" />
<wpr uId="308" tId="4" fbRx="32.59644867" lbRx="0" />
<wpr uId="308" tId="3" fbRx="32.5964495" lbRx="0" />
<wpr uId="308" tId="8" fbRx="32.5964495" lbRx="0" />
<pr uId="309" fId="8" fbTx="32.5965895" meta-info="ns3::WifiMacHeader (CTL_ACK Duration/ID=0us, RA=00:00:00:00:00:0a) ns3::WifiMacTrailer ()" />
<wpr uId="309" tId="3" fbRx="32.5965895" lbRx="0" />
<wpr uId="309" tId="2" fbRx="32.59659033" lbRx="0" />
<wpr uId="309" tId="4" fbRx="32.59659033" lbRx="0" />
<wpr uId="309" tId="7" fbRx="32.59659033" lbRx="0" />
<wpr uId="309" tId="9" fbRx="32.59659033" lbRx="0" />
<pr uId="310" fId="6" fbTx="32.612" meta-info="ns3::WifiMacHeader (DATA ToDS=0, FromDS=0, MoreFrag=0, Retry=0, MoreData=0 Duration/ID=0us, DA=ff:ff:ff:ff:ff:ff, SA=00:00:00:00:00:07, BSSID=00:00:00:00:00:07, FragNumber=0, SeqNumber=35) ns3::LlcSnapHeader (type 0x800) ns3::Ipv4Header (tos 0x0 DSCP Default ECN Not-ECT ttl 64 id 30 protocol 17 offset (bytes) 0 flags [none] length: 45 192.168.2.2 &gt; 192.168.2.255) ns3::UdpHeader (length: 25 269 &gt; 269) ns3::Epidemic::TypeHeader (BEACON) ns3::Epidemic::EpidemicHeader ( Packet ID: 1101480448 Hop count: 1000 TimeStamp: +0.0ns) ns3::WifiMacTrailer ()" />
<wpr uId="310" tId="1" fbRx="32.612" lbRx="0" />
<wpr uId="310" tId="2" fbRx="32.61200083" lbRx="0" />
<wpr uId="310" tId="7" fbRx="32.61200083" lbRx="0" />
<pr uId="311" fId="7" fbTx="32.661" meta-info="ns3::WifiMacHeader (DATA ToDS=0, FromDS=0, MoreFrag=0, Retry=0, MoreData=0 Duration/ID=0us, DA=ff:ff:ff:ff:ff:ff, SA=00:00:00:00:00:08, BSSID=00:00:00:00:00:08, FragNumber=0, SeqNumber=41) ns3::LlcSnapHeader (type 0x800) ns3::Ipv4Header (tos 0x0 DSCP Default ECN Not-ECT ttl 64 id 30 protocol 17 offset (bytes) 0 flags [none] length: 45 192.168.2.3 &gt; 192.168.2.255) ns3::UdpHeader (length: 25 269 &gt; 269) ns3::Epidemic::TypeHeader (BEACON) ns3::Epidemic::EpidemicHeader ( Packet ID: 1101480448 Hop count: 1000 TimeStamp: +0.0ns) ns3::WifiMacTrailer ()" />
<wpr uId="311" tId="2" fbRx="32.661" lbRx="0" />
<wpr uId="311" tId="1" fbRx="32.66100083" lbRx="0" />
<wpr uId="311" tId="3" fbRx="32.66100083" lbRx="0" />
<wpr uId="311" tId="6" fbRx="32.66100083" lbRx="0" />
<wpr uId="311" tId="8" fbRx="32.66100083" lbRx="0" />
<pr uId="312" fId="6" fbTx="32.66118483" meta-info="ns3::WifiMacHeader (DATA ToDS=0, FromDS=0, MoreFrag=0, Retry=0, MoreData=0 Duration/ID=60us, DA=00:00:00:00:00:08, SA=00:00:00:00:00:07, BSSID=00:00:00:00:00:07, FragNumber=0, SeqNumber=36) ns3::LlcSnapHeader (type 0x800) ns3::Ipv4Header (tos 0x0 DSCP Default ECN Not-ECT ttl 64 id 3 protocol 17 offset (bytes) 0 flags [none] length: 37 192.168.2.2 &gt; 192.168.2.3) ns3::UdpHeader (length: 17 269 &gt; 269) ns3::Epidemic::TypeHeader (REPLY) ns3::Epidemic::SummaryVectorHeader ( Summary_vector header with size: 1
Global IDs:
NodeID:PacketID
0.0.2.186:698
) ns3::WifiMacTrailer ()" />
<wpr uId="312" tId="1" fbRx="32.66118483" lbRx="0" />
<wpr uId="312" tId="2" fbRx="32.66118567" lbRx="0" />
<wpr uId="312" tId="7" fbRx="32.66118567" lbRx="0" />
<pr uId="313" fId="7" fbTx="32.66132567" meta-info="ns3::WifiMacHeader (CTL_ACK Duration/ID=0us, RA=00:00:00:00:00:07) ns3::WifiMacTrailer ()" />
<wpr uId="313" tId="2" fbRx="32.66132567" lbRx="0" />
<wpr uId="313" tId="1" fbRx="32.6613265" lbRx="0" />
<wpr uId="313" tId="3" fbRx="32.6613265" lbRx="0" />
<wpr uId="313" tId="6" fbRx="32.6613265" lbRx="0" />
<wpr uId="313" tId="8" fbRx="32.6613265" lbRx="0" />
<pr uId="314" fId="7" fbTx="32.66146667" meta-info="ns3::WifiMacHeader (DATA ToDS=0, FromDS=0, MoreFrag=0, Retry=0, MoreData=0 Duration/ID=60us, DA=00:00:00:00:00:07, SA=00:00:00:00:00:08, BSSID=00:00:00:00:00:08, FragNumber=0, SeqNumber=42) ns3::LlcSnapHeader (type 0x800) ns3::Ipv4Header (tos 0x0 DSCP Default ECN Not-ECT ttl 64 id 3 protocol 17 offset (bytes) 0 flags [none] length: 37 192.168.2.3 &gt; 192.168.2.2) ns3::UdpHeader (length: 17 269 &gt; 269) ns3::Epidemic::TypeHeader (REPLY_BACK) ns3::Epidemic::SummaryVectorHeader ( Summary_vector header with size: 1
Global IDs:
NodeID:PacketID
0.0.2.186:698
) ns3::WifiMacTrailer ()" />
<wpr uId="314" tId="2" fbRx="32.66146667" lbRx="0" />
<wpr uId="314" tId="1" fbRx="32.6614675" lbRx="0" />
<wpr uId="314" tId="3" fbRx="32.6614675" lbRx="0" />
<wpr uId="314" tId="6" fbRx="32.6614675" lbRx="0" />
<wpr uId="314" tId="8" fbRx="32.6614675" lbRx="0" />
<pr uId="315" fId="6" fbTx="32.6616075" meta-info="ns3::WifiMacHeader (CTL_ACK Duration/ID=0us, RA=00:00:00:00:00:08) ns3::WifiMacTrailer ()" />
<wpr uId="315" tId="1" fbRx="32.6616075" lbRx="0" />
<wpr uId="315" tId="2" fbRx="32.66160833" lbRx="0" />
<wpr uId="315" tId="7" fbRx="32.66160833" lbRx="0" />
<pr uId="316" fId="5" fbTx="33.502" meta-info="ns3::WifiMacHeader (DATA ToDS=0, FromDS=0, MoreFrag=0, Retry=0, MoreData=0 Duration/ID=0us, DA=ff:ff:ff:ff:ff:ff, SA=00:00:00:00:00:06, BSSID=00:00:00:00:00:06, FragNumber=0, SeqNumber=31) ns3::LlcSnapHeader (type 0x800) ns3::Ipv4Header (tos 0x0 DSCP Default ECN Not-ECT ttl 64 id 31 protocol 17 offset (bytes) 0 flags [none] length: 45 192.168.2.1 &gt; 192.168.2.255) ns3::UdpHeader (length: 25 269 &gt; 269) ns3::Epidemic::TypeHeader (BEACON) ns3::Epidemic::EpidemicHeader ( Packet ID: 1101480448 Hop count: 1000 TimeStamp: +0.0ns) ns3::WifiMacTrailer ()" />
<wpr uId="316" tId="0" fbRx="33.502" lbRx="0" />
<pr uId="317" fId="8" fbTx="33.644" meta-info="ns3::WifiMacHeader (DATA ToDS=0, FromDS=0, MoreFrag=0, Retry=0, MoreData=0 Duration/ID=0us, DA=ff:ff:ff:ff:ff:ff, SA=00:00:00:00:00:09, BSSID=00:00:00:00:00:09, FragNumber=0, SeqNumber=43) ns3::LlcSnapHeader (type 0x800) ns3::Ipv4Header (tos 0x0 DSCP Default ECN Not-ECT ttl 64 id 31 protocol 17 offset (bytes) 0 flags [none] length: 45 192.168.2.4 &gt; 192.168.2.255) ns3::UdpHeader (length: 25 269 &gt; 269) ns3::Epidemic::TypeHeader (BEACON) ns3::Epidemic::EpidemicHeader ( Packet ID: 1101480448 Hop count: 1000 TimeStamp: +0.0ns) ns3::WifiMacTrailer ()" />
<wpr uId="317" tId="3" fbRx="33.644" lbRx="0" />
<wpr uId="317" tId="2" fbRx="33.64400083" lbRx="0" />
<wpr uId="317" tId="4" fbRx="33.64400083" lbRx="0" />
<wpr uId="317" tId="7" fbRx="33.64400083" lbRx="0" />
<wpr uId="317" tId="9" fbRx="33.64400083" lbRx="0" />
<pr uId="318" fId="9" fbTx="33.678" meta-info="ns3::WifiMacHeader (DATA ToDS=0, FromDS=0, MoreFrag=0, Retry=0, MoreData=0 Duration/ID=0us, DA=ff:ff:ff:ff:ff:ff, SA=00:00:00:00:00:0a, BSSID=00:00:00:00:00:0a, FragNumber=0, SeqNumber=37) ns3::LlcSnapHeader (type 0x800) ns3::Ipv4Header (tos 0x0 DSCP Default ECN Not-ECT ttl 64 id 31 protocol 17 offset (bytes) 0 flags [none] length: 45 192.168.2.5 &gt; 192.168.2.255) ns3::UdpHeader (length: 25 269 &gt; 269) ns3::Epidemic::TypeHeader (BEACON) ns3::Epidemic::EpidemicHeader ( Packet ID: 1101480448 Hop count: 1000 TimeStamp: +0.0ns) ns3::WifiMacTrailer ()" />
<wpr uId="318" tId="4" fbRx="33.678" lbRx="0" />
<wpr uId="318" tId="3" fbRx="33.67800083" lbRx="0" />
<wpr uId="318" tId="8" fbRx="33.67800083" lbRx="0" />
<pr uId="319" fId="6" fbTx="33.696" meta-info="ns3::WifiMacHeader (DATA ToDS=0, FromDS=0, MoreFrag=0, Retry=0, MoreData=0 Duration/ID=0us, DA=ff:ff:ff:ff:ff:ff, SA=00:00:00:00:00:07, BSSID=00:00:00:00:00:07, FragNumber=0, SeqNumber=37) ns3::LlcSnapHeader (type 0x800) ns3::Ipv4Header (tos 0x0 DSCP Default ECN Not-ECT ttl 64 id 31 protocol 17 offset (bytes) 0 flags [none] length: 45 192.168.2.2 &gt; 192.168.2.255) ns3::UdpHeader (length: 25 269 &gt; 269) ns3::Epidemic::TypeHeader (BEACON) ns3::Epidemic::EpidemicHeader ( Packet ID: 1101480448 Hop count: 1000 TimeStamp: +0.0ns) ns3::WifiMacTrailer ()" />
<wpr uId="319" tId="1" fbRx="33.696" lbRx="0" />
<wpr uId="319" tId="2" fbRx="33.69600083" lbRx="0" />
<wpr uId="319" tId="7" fbRx="33.69600083" lbRx="0" />
<pr uId="320" fId="7" fbTx="33.699" meta-info="ns3::WifiMacHeader (DATA ToDS=0, FromDS=0, MoreFrag=0, Retry=0, MoreData=0 Duration/ID=0us, DA=ff:ff:ff:ff:ff:ff, SA=00:00:00:00:00:08, BSSID=00:00:00:00:00:08, FragNumber=0, SeqNumber=43) ns3::LlcSnapHeader (type 0x800) ns3::Ipv4Header (tos 0x0 DSCP Default ECN Not-ECT ttl 64 id 31 protocol 17 offset (bytes) 0 flags [none] length: 45 192.168.2.3 &gt; 192.168.2.255) ns3::UdpHeader (length: 25 269 &gt; 269) ns3::Epidemic::TypeHeader (BEACON) ns3::Epidemic::EpidemicHeader ( Packet ID: 1101480448 Hop count: 1000 TimeStamp: +0.0ns) ns3::WifiMacTrailer ()" />
<wpr uId="320" tId="2" fbRx="33.699" lbRx="0" />
<wpr uId="320" tId="1" fbRx="33.69900083" lbRx="0" />
<wpr uId="320" tId="3" fbRx="33.69900083" lbRx="0" />
<wpr uId="320" tId="6" fbRx="33.69900083" lbRx="0" />
<wpr uId="320" tId="8" fbRx="33.69900083" lbRx="0" />
<pr uId="321" fId="0" fbTx="34.11692533" meta-info="ns3::WifiMacHeader (DATA ToDS=0, FromDS=0, MoreFrag=0, Retry=0, MoreData=0 Duration/ID=0us, DA=ff:ff:ff:ff:ff:ff, SA=00:00:00:00:00:01, BSSID=00:00:00:00:00:01, FragNumber=0, SeqNumber=17) ns3::LlcSnapHeader (type 0x800) ns3::Ipv4Header (tos 0x0 DSCP Default ECN Not-ECT ttl 64 id 17 protocol 17 offset (bytes) 0 flags [none] length: 48 192.168.1.1 &gt; 192.168.1.255) ns3::UdpHeader (length: 28 698 &gt; 698) ns3::olsr::PacketHeader () ns3::olsr::MessageHeader () ns3::WifiMacTrailer ()" />
<wpr uId="321" tId="5" fbRx="34.11692533" lbRx="0" />
<pr uId="322" fId="3" fbTx="34.20148688" meta-info="ns3::WifiMacHeader (DATA ToDS=0, FromDS=0, MoreFrag=0, Retry=0, MoreData=0 Duration/ID=0us, DA=ff:ff:ff:ff:ff:ff, SA=00:00:00:00:00:04, BSSID=00:00:00:00:00:04, FragNumber=0, SeqNumber=20) ns3::LlcSnapHeader (type 0x800) ns3::Ipv4Header (tos 0x0 DSCP Default ECN Not-ECT ttl 64 id 20 protocol 17 offset (bytes) 0 flags [none] length: 64 192.168.1.4 &gt; 192.168.1.255) ns3::UdpHeader (length: 44 698 &gt; 698) ns3::olsr::PacketHeader () ns3::olsr::MessageHeader () ns3::WifiMacTrailer ()" />
<wpr uId="322" tId="8" fbRx="34.20148688" lbRx="0" />
<wpr uId="322" tId="2" fbRx="34.20148771" lbRx="0" />
<wpr uId="322" tId="4" fbRx="34.20148771" lbRx="0" />
<wpr uId="322" tId="7" fbRx="34.20148771" lbRx="0" />
<wpr uId="322" tId="9" fbRx="34.20148771" lbRx="0" />
<pr uId="323" fId="1" fbTx="34.20230203" meta-info="ns3::WifiMacHeader (DATA ToDS=0, FromDS=0, MoreFrag=0, Retry=0, MoreData=0 Duration/ID=0us, DA=ff:ff:ff:ff:ff:ff, SA=00:00:00:00:00:02, BSSID=00:00:00:00:00:02, FragNumber=0, SeqNumber=17) ns3::LlcSnapHeader (type 0x800) ns3::Ipv4Header (tos 0x0 DSCP Default ECN Not-ECT ttl 64 id 17 protocol 17 offset (bytes) 0 flags [none] length: 56 192.168.1.2 &gt; 192.168.1.255) ns3::UdpHeader (length: 36 698 &gt; 698) ns3::olsr::PacketHeader () ns3::olsr::MessageHeader () ns3::WifiMacTrailer ()" />
<wpr uId="323" tId="6" fbRx="34.20230203" lbRx="0" />
<wpr uId="323" tId="2" fbRx="34.20230286" lbRx="0" />
<wpr uId="323" tId="7" fbRx="34.20230286" lbRx="0" />
<pr uId="324" fId="4" fbTx="34.24179706" meta-info="ns3::WifiMacHeader (DATA ToDS=0, FromDS=0, MoreFrag=0, Retry=0, MoreData=0 Duration/ID=0us, DA=ff:ff:ff:ff:ff:ff, SA=00:00:00:00:00:05, BSSID=00:00:00:00:00:05, FragNumber=0, SeqNumber=17) ns3::LlcSnapHeader (type 0x800) ns3::Ipv4Header (tos 0x0 DSCP Default ECN Not-ECT ttl 64 id 17 protocol 17 offset (bytes) 0 flags [none] length: 56 192.168.1.5 &gt; 192.168.1.255) ns3::UdpHeader (length: 36 698 &gt; 698) ns3::olsr::PacketHeader () ns3::olsr::MessageHeader () ns3::WifiMacTrailer ()" />
<wpr uId="324" tId="9" fbRx="34.24179706" lbRx="0" />
<wpr uId="324" tId="3" fbRx="34.24179789" lbRx="0" />
<wpr uId="324" tId="8" fbRx="34.24179789" lbRx="0" />
<pr uId="325" fId="2" fbTx="34.45970927" meta-info="ns3::WifiMacHeader (DATA ToDS=0, FromDS=0, MoreFrag=0, Retry=0, MoreData=0 Duration/ID=0us, DA=ff:ff:ff:ff:ff:ff, SA=00:00:00:00:00:03, BSSID=00:00:00:00:00:03, FragNumber=0, SeqNumber=23) ns3::LlcSnapHeader (type 0x800) ns3::Ipv4Header (tos 0x0 DSCP Default ECN Not-ECT ttl 64 id 23 protocol 17 offset (bytes) 0 flags [none] length: 64 192.168.1.3 &gt; 192.168.1.255) ns3::UdpHeader (length: 44 698 &gt; 698) ns3::olsr::PacketHeader () ns3::olsr::MessageHeader () ns3::WifiMacTrailer ()" />
<wpr uId="325" tId="7" fbRx="34.45970927" lbRx="0" />
<wpr uId="325" tId="1" fbRx="34.45971011" lbRx="0" />
<wpr uId="325" tId="3" fbRx="34.45971011" lbRx="0" />
<wpr uId="325" tId="6" fbRx="34.45971011" lbRx="0" />
<wpr uId="325" tId="8" fbRx="34.45971011" lbRx="0" />
<pr uId="326" fId="5" fbTx="34.552" meta-info="ns3::WifiMacHeader (DATA ToDS=0, FromDS=0, MoreFrag=0, Retry=0, MoreData=0 Duration/ID=0us, DA=ff:ff:ff:ff:ff:ff, SA=00:00:00:00:00:06, BSSID=00:00:00:00:00:06, FragNumber=0, SeqNumber=32) ns3::LlcSnapHeader (type 0x800) ns3::Ipv4Header (tos 0x0 DSCP Default ECN Not-ECT ttl 64 id 32 protocol 17 offset (bytes) 0 flags [none] length: 45 192.168.2.1 &gt; 192.168.2.255) ns3::UdpHeader (length: 25 269 &gt; 269) ns3::Epidemic::TypeHeader (BEACON) ns3::Epidemic::EpidemicHeader ( Packet ID: 1101480448 Hop count: 1000 TimeStamp: +0.0ns) ns3::WifiMacTrailer ()" />
<wpr uId="326" tId="0" fbRx="34.552" lbRx="0" />
<pr uId="327" fId="8" fbTx="34.684" meta-info="ns3::WifiMacHeader (DATA ToDS=0, FromDS=0, MoreFrag=0, Retry=0, MoreData=0 Duration/ID=0us, DA=ff:ff:ff:ff:ff:ff, SA=00:00:00:00:00:09, BSSID=00:00:00:00:00:09, FragNumber=0, SeqNumber=44) ns3::LlcSnapHeader (type 0x800) ns3::Ipv4Header (tos 0x0 DSCP Default ECN Not-ECT ttl 64 id 32 protocol 17 offset (bytes) 0 flags [none] length: 45 192.168.2.4 &gt; 192.168.2.255) ns3::UdpHeader (length: 25 269 &gt; 269) ns3::Epidemic::TypeHeader (BEACON) ns3::Epidemic::EpidemicHeader ( Packet ID: 1101480448 Hop count: 1000 TimeStamp: +0.0ns) ns3::WifiMacTrailer ()" />
<wpr uId="327" tId="3" fbRx="34.684" lbRx="0" />
<wpr uId="327" tId="2" fbRx="34.68400083" lbRx="0" />
<wpr uId="327" tId="4" fbRx="34.68400083" lbRx="0" />
<wpr uId="327" tId="7" fbRx="34.68400083" lbRx="0" />
<wpr uId="327" tId="9" fbRx="34.68400083" lbRx="0" />
<pr uId="328" fId="9" fbTx="34.762" meta-info="ns3::WifiMacHeader (DATA ToDS=0, FromDS=0, MoreFrag=0, Retry=0, MoreData=0 Duration/ID=0us, DA=ff:ff:ff:ff:ff:ff, SA=00:00:00:00:00:0a, BSSID=00:00:00:00:00:0a, FragNumber=0, SeqNumber=38) ns3::LlcSnapHeader (type 0x800) ns3::Ipv4Header (tos 0x0 DSCP Default ECN Not-ECT ttl 64 id 32 protocol 17 offset (bytes) 0 flags [none] length: 45 192.168.2.5 &gt; 192.168.2.255) ns3::UdpHeader (length: 25 269 &gt; 269) ns3::Epidemic::TypeHeader (BEACON) ns3::Epidemic::EpidemicHeader ( Packet ID: 1101480448 Hop count: 1000 TimeStamp: +0.0ns) ns3::WifiMacTrailer ()" />
<wpr uId="328" tId="4" fbRx="34.762" lbRx="0" />
<wpr uId="328" tId="3" fbRx="34.76200083" lbRx="0" />
<wpr uId="328" tId="8" fbRx="34.76200083" lbRx="0" />
<pr uId="329" fId="6" fbTx="34.785" meta-info="ns3::WifiMacHeader (DATA ToDS=0, FromDS=0, MoreFrag=0, Retry=0, MoreData=0 Duration/ID=0us, DA=ff:ff:ff:ff:ff:ff, SA=00:00:00:00:00:07, BSSID=00:00:00:00:00:07, FragNumber=0, SeqNumber=38) ns3::LlcSnapHeader (type 0x800) ns3::Ipv4Header (tos 0x0 DSCP Default ECN Not-ECT ttl 64 id 32 protocol 17 offset (bytes) 0 flags [none] length: 45 192.168.2.2 &gt; 192.168.2.255) ns3::UdpHeader (length: 25 269 &gt; 269) ns3::Epidemic::TypeHeader (BEACON) ns3::Epidemic::EpidemicHeader ( Packet ID: 1101480448 Hop count: 1000 TimeStamp: +0.0ns) ns3::WifiMacTrailer ()" />
<wpr uId="329" tId="1" fbRx="34.785" lbRx="0" />
<wpr uId="329" tId="2" fbRx="34.78500083" lbRx="0" />
<wpr uId="329" tId="7" fbRx="34.78500083" lbRx="0" />
<pr uId="330" fId="7" fbTx="34.798" meta-info="ns3::WifiMacHeader (DATA ToDS=0, FromDS=0, MoreFrag=0, Retry=0, MoreData=0 Duration/ID=0us, DA=ff:ff:ff:ff:ff:ff, SA=00:00:00:00:00:08, BSSID=00:00:00:00:00:08, FragNumber=0, SeqNumber=44) ns3::LlcSnapHeader (type 0x800) ns3::Ipv4Header (tos 0x0 DSCP Default ECN Not-ECT ttl 64 id 32 protocol 17 offset (bytes) 0 flags [none] length: 45 192.168.2.3 &gt; 192.168.2.255) ns3::UdpHeader (length: 25 269 &gt; 269) ns3::Epidemic::TypeHeader (BEACON) ns3::Epidemic::EpidemicHeader ( Packet ID: 1101480448 Hop count: 1000 TimeStamp: +0.0ns) ns3::WifiMacTrailer ()" />
<wpr uId="330" tId="2" fbRx="34.798" lbRx="0" />
<wpr uId="330" tId="1" fbRx="34.79800083" lbRx="0" />
<wpr uId="330" tId="3" fbRx="34.79800083" lbRx="0" />
<wpr uId="330" tId="6" fbRx="34.79800083" lbRx="0" />
<wpr uId="330" tId="8" fbRx="34.79800083" lbRx="0" />
<pr uId="331" fId="2" fbTx="35.40971207" meta-info="ns3::WifiMacHeader (DATA ToDS=0, FromDS=0, MoreFrag=0, Retry=0, MoreData=0 Duration/ID=0us, DA=ff:ff:ff:ff:ff:ff, SA=00:00:00:00:00:03, BSSID=00:00:00:00:00:03, FragNumber=0, SeqNumber=24) ns3::LlcSnapHeader (type 0x800) ns3::Ipv4Header (tos 0x0 DSCP Default ECN Not-ECT ttl 64 id 24 protocol 17 offset (bytes) 0 flags [none] length: 56 192.168.1.3 &gt; 192.168.1.255) ns3::UdpHeader (length: 36 698 &gt; 698) ns3::olsr::PacketHeader () ns3::olsr::MessageHeader () ns3::WifiMacTrailer ()" />
<wpr uId="331" tId="7" fbRx="35.40971207" lbRx="0" />
<wpr uId="331" tId="1" fbRx="35.4097129" lbRx="0" />
<wpr uId="331" tId="3" fbRx="35.4097129" lbRx="0" />
<wpr uId="331" tId="6" fbRx="35.4097129" lbRx="0" />
<wpr uId="331" tId="8" fbRx="35.4097129" lbRx="0" />
<pr uId="332" fId="3" fbTx="35.46111872" meta-info="ns3::WifiMacHeader (DATA ToDS=0, FromDS=0, MoreFrag=0, Retry=0, MoreData=0 Duration/ID=0us, DA=ff:ff:ff:ff:ff:ff, SA=00:00:00:00:00:04, BSSID=00:00:00:00:00:04, FragNumber=0, SeqNumber=21) ns3::LlcSnapHeader (type 0x800) ns3::Ipv4Header (tos 0x0 DSCP Default ECN Not-ECT ttl 64 id 21 protocol 17 offset (bytes) 0 flags [none] length: 80 192.168.1.4 &gt; 192.168.1.255) ns3::UdpHeader (length: 60 698 &gt; 698) ns3::olsr::PacketHeader () ns3::olsr::MessageHeader () ns3::olsr::MessageHeader () ns3::WifiMacTrailer ()" />
<wpr uId="332" tId="8" fbRx="35.46111872" lbRx="0" />
<wpr uId="332" tId="2" fbRx="35.46111955" lbRx="0" />
<wpr uId="332" tId="4" fbRx="35.46111955" lbRx="0" />
<wpr uId="332" tId="7" fbRx="35.46111955" lbRx="0" />
<wpr uId="332" tId="9" fbRx="35.46111955" lbRx="0" />
<pr uId="333" fId="2" fbTx="35.49661412" meta-info="ns3::WifiMacHeader (DATA ToDS=0, FromDS=0, MoreFrag=0, Retry=0, MoreData=0 Duration/ID=0us, DA=ff:ff:ff:ff:ff:ff, SA=00:00:00:00:00:03, BSSID=00:00:00:00:00:03, FragNumber=0, SeqNumber=25) ns3::LlcSnapHeader (type 0x800) ns3::Ipv4Header (tos 0x0 DSCP Default ECN Not-ECT ttl 64 id 25 protocol 17 offset (bytes) 0 flags [none] length: 56 192.168.1.3 &gt; 192.168.1.255) ns3::UdpHeader (length: 36 698 &gt; 698) ns3::olsr::PacketHeader () ns3::olsr::MessageHeader () ns3::WifiMacTrailer ()" />
<wpr uId="333" tId="7" fbRx="35.49661412" lbRx="0" />
<wpr uId="333" tId="1" fbRx="35.49661495" lbRx="0" />
<wpr uId="333" tId="3" fbRx="35.49661495" lbRx="0" />
<wpr uId="333" tId="6" fbRx="35.49661495" lbRx="0" />
<wpr uId="333" tId="8" fbRx="35.49661495" lbRx="0" />
<pr uId="334" fId="5" fbTx="35.609" meta-info="ns3::WifiMacHeader (DATA ToDS=0, FromDS=0, MoreFrag=0, Retry=0, MoreData=0 Duration/ID=0us, DA=ff:ff:ff:ff:ff:ff, SA=00:00:00:00:00:06, BSSID=00:00:00:00:00:06, FragNumber=0, SeqNumber=33) ns3::LlcSnapHeader (type 0x800) ns3::Ipv4Header (tos 0x0 DSCP Default ECN Not-ECT ttl 64 id 33 protocol 17 offset (bytes) 0 flags [none] length: 45 192.168.2.1 &gt; 192.168.2.255) ns3::UdpHeader (length: 25 269 &gt; 269) ns3::Epidemic::TypeHeader (BEACON) ns3::Epidemic::EpidemicHeader ( Packet ID: 1101480448 Hop count: 1000 TimeStamp: +0.0ns) ns3::WifiMacTrailer ()" />
<wpr uId="334" tId="0" fbRx="35.609" lbRx="0" />
<pr uId="335" fId="9" fbTx="35.772" meta-info="ns3::WifiMacHeader (DATA ToDS=0, FromDS=0, MoreFrag=0, Retry=0, MoreData=0 Duration/ID=0us, DA=ff:ff:ff:ff:ff:ff, SA=00:00:00:00:00:0a, BSSID=00:00:00:00:00:0a, FragNumber=0, SeqNumber=39) ns3::LlcSnapHeader (type 0x800) ns3::Ipv4Header (tos 0x0 DSCP Default ECN Not-ECT ttl 64 id 33 protocol 17 offset (bytes) 0 flags [none] length: 45 192.168.2.5 &gt; 192.168.2.255) ns3::UdpHeader (length: 25 269 &gt; 269) ns3::Epidemic::TypeHeader (BEACON) ns3::Epidemic::EpidemicHeader ( Packet ID: 1101480448 Hop count: 1000 TimeStamp: +0.0ns) ns3::WifiMacTrailer ()" />
<wpr uId="335" tId="4" fbRx="35.772" lbRx="0" />
<wpr uId="335" tId="3" fbRx="35.77200083" lbRx="0" />
<wpr uId="335" tId="8" fbRx="35.77200083" lbRx="0" />
<pr uId="336" fId="8" fbTx="35.777" meta-info="ns3::WifiMacHeader (DATA ToDS=0, FromDS=0, MoreFrag=0, Retry=0, MoreData=0 Duration/ID=0us, DA=ff:ff:ff:ff:ff:ff, SA=00:00:00:00:00:09, BSSID=00:00:00:00:00:09, FragNumber=0, SeqNumber=45) ns3::LlcSnapHeader (type 0x800) ns3::Ipv4Header (tos 0x0 DSCP Default ECN Not-ECT ttl 64 id 33 protocol 17 offset (bytes) 0 flags [none] length: 45 192.168.2.4 &gt; 192.168.2.255) ns3::UdpHeader (length: 25 269 &gt; 269) ns3::Epidemic::TypeHeader (BEACON) ns3::Epidemic::EpidemicHeader ( Packet ID: 1101480448 Hop count: 1000 TimeStamp: +0.0ns) ns3::WifiMacTrailer ()" />
<wpr uId="336" tId="3" fbRx="35.777" lbRx="0" />
<wpr uId="336" tId="2" fbRx="35.77700083" lbRx="0" />
<wpr uId="336" tId="4" fbRx="35.77700083" lbRx="0" />
<wpr uId="336" tId="7" fbRx="35.77700083" lbRx="0" />
<wpr uId="336" tId="9" fbRx="35.77700083" lbRx="0" />
<pr uId="337" fId="6" fbTx="35.804" meta-info="ns3::WifiMacHeader (DATA ToDS=0, FromDS=0, MoreFrag=0, Retry=0, MoreData=0 Duration/ID=0us, DA=ff:ff:ff:ff:ff:ff, SA=00:00:00:00:00:07, BSSID=00:00:00:00:00:07, FragNumber=0, SeqNumber=39) ns3::LlcSnapHeader (type 0x800) ns3::Ipv4Header (tos 0x0 DSCP Default ECN Not-ECT ttl 64 id 33 protocol 17 offset (bytes) 0 flags [none] length: 45 192.168.2.2 &gt; 192.168.2.255) ns3::UdpHeader (length: 25 269 &gt; 269) ns3::Epidemic::TypeHeader (BEACON) ns3::Epidemic::EpidemicHeader ( Packet ID: 1101480448 Hop count: 1000 TimeStamp: +0.0ns) ns3::WifiMacTrailer ()" />
<wpr uId="337" tId="1" fbRx="35.804" lbRx="0" />
<wpr uId="337" tId="2" fbRx="35.80400083" lbRx="0" />
<wpr uId="337" tId="7" fbRx="35.80400083" lbRx="0" />
<pr uId="338" fId="7" fbTx="35.884" meta-info="ns3::WifiMacHeader (DATA ToDS=0, FromDS=0, MoreFrag=0, Retry=0, MoreData=0 Duration/ID=0us, DA=ff:ff:ff:ff:ff:ff, SA=00:00:00:00:00:08, BSSID=00:00:00:00:00:08, FragNumber=0, SeqNumber=45) ns3::LlcSnapHeader (type 0x800) ns3::Ipv4Header (tos 0x0 DSCP Default ECN Not-ECT ttl 64 id 33 protocol 17 offset (bytes) 0 flags [none] length: 45 192.168.2.3 &gt; 192.168.2.255) ns3::UdpHeader (length: 25 269 &gt; 269) ns3::Epidemic::TypeHeader (BEACON) ns3::Epidemic::EpidemicHeader ( Packet ID: 1101480448 Hop count: 1000 TimeStamp: +0.0ns) ns3::WifiMacTrailer ()" />
<wpr uId="338" tId="2" fbRx="35.884" lbRx="0" />
<wpr uId="338" tId="1" fbRx="35.88400083" lbRx="0" />
<wpr uId="338" tId="3" fbRx="35.88400083" lbRx="0" />
<wpr uId="338" tId="6" fbRx="35.88400083" lbRx="0" />
<wpr uId="338" tId="8" fbRx="35.88400083" lbRx="0" />
<pr uId="339" fId="3" fbTx="36.03152156" meta-info="ns3::WifiMacHeader (DATA ToDS=0, FromDS=0, MoreFrag=0, Retry=0, MoreData=0 Duration/ID=0us, DA=ff:ff:ff:ff:ff:ff, SA=00:00:00:00:00:04, BSSID=00:00:00:00:00:04, FragNumber=0, SeqNumber=22) ns3::LlcSnapHeader (type 0x800) ns3::Ipv4Header (tos 0x0 DSCP Default ECN Not-ECT ttl 64 id 22 protocol 17 offset (bytes) 0 flags [none] length: 64 192.168.1.4 &gt; 192.168.1.255) ns3::UdpHeader (length: 44 698 &gt; 698) ns3::olsr::PacketHeader () ns3::olsr::MessageHeader () ns3::WifiMacTrailer ()" />
<wpr uId="339" tId="8" fbRx="36.03152156" lbRx="0" />
<wpr uId="339" tId="2" fbRx="36.03152239" lbRx="0" />
<wpr uId="339" tId="4" fbRx="36.03152239" lbRx="0" />
<wpr uId="339" tId="7" fbRx="36.03152239" lbRx="0" />
<wpr uId="339" tId="9" fbRx="36.03152239" lbRx="0" />
<pr uId="340" fId="1" fbTx="36.07526237" meta-info="ns3::WifiMacHeader (DATA ToDS=0, FromDS=0, MoreFrag=0, Retry=0, MoreData=0 Duration/ID=0us, DA=ff:ff:ff:ff:ff:ff, SA=00:00:00:00:00:02, BSSID=00:00:00:00:00:02, FragNumber=0, SeqNumber=18) ns3::LlcSnapHeader (type 0x800) ns3::Ipv4Header (tos 0x0 DSCP Default ECN Not-ECT ttl 64 id 18 protocol 17 offset (bytes) 0 flags [none] length: 56 192.168.1.2 &gt; 192.168.1.255) ns3::UdpHeader (length: 36 698 &gt; 698) ns3::olsr::PacketHeader () ns3::olsr::MessageHeader () ns3::WifiMacTrailer ()" />
<wpr uId="340" tId="6" fbRx="36.07526237" lbRx="0" />
<wpr uId="340" tId="2" fbRx="36.0752632" lbRx="0" />
<wpr uId="340" tId="7" fbRx="36.0752632" lbRx="0" />
<pr uId="341" fId="2" fbTx="36.08461746" meta-info="ns3::WifiMacHeader (DATA ToDS=0, FromDS=0, MoreFrag=0, Retry=0, MoreData=0 Duration/ID=0us, DA=ff:ff:ff:ff:ff:ff, SA=00:00:00:00:00:03, BSSID=00:00:00:00:00:03, FragNumber=0, SeqNumber=26) ns3::LlcSnapHeader (type 0x800) ns3::Ipv4Header (tos 0x0 DSCP Default ECN Not-ECT ttl 64 id 26 protocol 17 offset (bytes) 0 flags [none] length: 64 192.168.1.3 &gt; 192.168.1.255) ns3::UdpHeader (length: 44 698 &gt; 698) ns3::olsr::PacketHeader () ns3::olsr::MessageHeader () ns3::WifiMacTrailer ()" />
<wpr uId="341" tId="7" fbRx="36.08461746" lbRx="0" />
<wpr uId="341" tId="1" fbRx="36.08461829" lbRx="0" />
<wpr uId="341" tId="3" fbRx="36.08461829" lbRx="0" />
<wpr uId="341" tId="6" fbRx="36.08461829" lbRx="0" />
<wpr uId="341" tId="8" fbRx="36.08461829" lbRx="0" />
<pr uId="342" fId="0" fbTx="36.27306101" meta-info="ns3::WifiMacHeader (DATA ToDS=0, FromDS=0, MoreFrag=0, Retry=0, MoreData=0 Duration/ID=0us, DA=ff:ff:ff:ff:ff:ff, SA=00:00:00:00:00:01, BSSID=00:00:00:00:00:01, FragNumber=0, SeqNumber=18) ns3::LlcSnapHeader (type 0x800) ns3::Ipv4Header (tos 0x0 DSCP Default ECN Not-ECT ttl 64 id 18 protocol 17 offset (bytes) 0 flags [none] length: 48 192.168.1.1 &gt; 192.168.1.255) ns3::UdpHeader (length: 28 698 &gt; 698) ns3::olsr::PacketHeader () ns3::olsr::MessageHeader () ns3::WifiMacTrailer ()" />
<wpr uId="342" tId="5" fbRx="36.27306101" lbRx="0" />
<pr uId="343" fId="4" fbTx="36.31409901" meta-info="ns3::WifiMacHeader (DATA ToDS=0, FromDS=0, MoreFrag=0, Retry=0, MoreData=0 Duration/ID=0us, DA=ff:ff:ff:ff:ff:ff, SA=00:00:00:00:00:05, BSSID=00:00:00:00:00:05, FragNumber=0, SeqNumber=18) ns3::LlcSnapHeader (type 0x800) ns3::Ipv4Header (tos 0x0 DSCP Default ECN Not-ECT ttl 64 id 18 protocol 17 offset (bytes) 0 flags [none] length: 56 192.168.1.5 &gt; 192.168.1.255) ns3::UdpHeader (length: 36 698 &gt; 698) ns3::olsr::PacketHeader () ns3::olsr::MessageHeader () ns3::WifiMacTrailer ()" />
<wpr uId="343" tId="9" fbRx="36.31409901" lbRx="0" />
<wpr uId="343" tId="3" fbRx="36.31409985" lbRx="0" />
<wpr uId="343" tId="8" fbRx="36.31409985" lbRx="0" />
<pr uId="344" fId="5" fbTx="36.636" meta-info="ns3::WifiMacHeader (DATA ToDS=0, FromDS=0, MoreFrag=0, Retry=0, MoreData=0 Duration/ID=0us, DA=ff:ff:ff:ff:ff:ff, SA=00:00:00:00:00:06, BSSID=00:00:00:00:00:06, FragNumber=0, SeqNumber=34) ns3::LlcSnapHeader (type 0x800) ns3::Ipv4Header (tos 0x0 DSCP Default ECN Not-ECT ttl 64 id 34 protocol 17 offset (bytes) 0 flags [none] length: 45 192.168.2.1 &gt; 192.168.2.255) ns3::UdpHeader (length: 25 269 &gt; 269) ns3::Epidemic::TypeHeader (BEACON) ns3::Epidemic::EpidemicHeader ( Packet ID: 1101480448 Hop count: 1000 TimeStamp: +0.0ns) ns3::WifiMacTrailer ()" />
<wpr uId="344" tId="0" fbRx="36.636" lbRx="0" />
<pr uId="345" fId="8" fbTx="36.817" meta-info="ns3::WifiMacHeader (DATA ToDS=0, FromDS=0, MoreFrag=0, Retry=0, MoreData=0 Duration/ID=0us, DA=ff:ff:ff:ff:ff:ff, SA=00:00:00:00:00:09, BSSID=00:00:00:00:00:09, FragNumber=0, SeqNumber=46) ns3::LlcSnapHeader (type 0x800) ns3::Ipv4Header (tos 0x0 DSCP Default ECN Not-ECT ttl 64 id 34 protocol 17 offset (bytes) 0 flags [none] length: 45 192.168.2.4 &gt; 192.168.2.255) ns3::UdpHeader (length: 25 269 &gt; 269) ns3::Epidemic::TypeHeader (BEACON) ns3::Epidemic::EpidemicHeader ( Packet ID: 1101480448 Hop count: 1000 TimeStamp: +0.0ns) ns3::WifiMacTrailer ()" />
<wpr uId="345" tId="3" fbRx="36.817" lbRx="0" />
<wpr uId="345" tId="2" fbRx="36.81700083" lbRx="0" />
<wpr uId="345" tId="4" fbRx="36.81700083" lbRx="0" />
<wpr uId="345" tId="7" fbRx="36.81700083" lbRx="0" />
<wpr uId="345" tId="9" fbRx="36.81700083" lbRx="0" />
<pr uId="346" fId="6" fbTx="36.822" meta-info="ns3::WifiMacHeader (DATA ToDS=0, FromDS=0, MoreFrag=0, Retry=0, MoreData=0 Duration/ID=0us, DA=ff:ff:ff:ff:ff:ff, SA=00:00:00:00:00:07, BSSID=00:00:00:00:00:07, FragNumber=0, SeqNumber=40) ns3::LlcSnapHeader (type 0x800) ns3::Ipv4Header (tos 0x0 DSCP Default ECN Not-ECT ttl 64 id 34 protocol 17 offset (bytes) 0 flags [none] length: 45 192.168.2.2 &gt; 192.168.2.255) ns3::UdpHeader (length: 25 269 &gt; 269) ns3::Epidemic::TypeHeader (BEACON) ns3::Epidemic::EpidemicHeader ( Packet ID: 1101480448 Hop count: 1000 TimeStamp: +0.0ns) ns3::WifiMacTrailer ()" />
<wpr uId="346" tId="1" fbRx="36.822" lbRx="0" />
<wpr uId="346" tId="2" fbRx="36.82200083" lbRx="0" />
<wpr uId="346" tId="7" fbRx="36.82200083" lbRx="0" />
<pr uId="347" fId="9" fbTx="36.843" meta-info="ns3::WifiMacHeader (DATA ToDS=0, FromDS=0, MoreFrag=0, Retry=0, MoreData=0 Duration/ID=0us, DA=ff:ff:ff:ff:ff:ff, SA=00:00:00:00:00:0a, BSSID=00:00:00:00:00:0a, FragNumber=0, SeqNumber=40) ns3::LlcSnapHeader (type 0x800) ns3::Ipv4Header (tos 0x0 DSCP Default ECN Not-ECT ttl 64 id 34 protocol 17 offset (bytes) 0 flags [none] length: 45 192.168.2.5 &gt; 192.168.2.255) ns3::UdpHeader (length: 25 269 &gt; 269) ns3::Epidemic::TypeHeader (BEACON) ns3::Epidemic::EpidemicHeader ( Packet ID: 1101480448 Hop count: 1000 TimeStamp: +0.0ns) ns3::WifiMacTrailer ()" />
<wpr uId="347" tId="4" fbRx="36.843" lbRx="0" />
<wpr uId="347" tId="3" fbRx="36.84300083" lbRx="0" />
<wpr uId="347" tId="8" fbRx="36.84300083" lbRx="0" />
<pr uId="348" fId="7" fbTx="36.937" meta-info="ns3::WifiMacHeader (DATA ToDS=0, FromDS=0, MoreFrag=0, Retry=0, MoreData=0 Duration/ID=0us, DA=ff:ff:ff:ff:ff:ff, SA=00:00:00:00:00:08, BSSID=00:00:00:00:00:08, FragNumber=0, SeqNumber=46) ns3::LlcSnapHeader (type 0x800) ns3::Ipv4Header (tos 0x0 DSCP Default ECN Not-ECT ttl 64 id 34 protocol 17 offset (bytes) 0 flags [none] length: 45 192.168.2.3 &gt; 192.168.2.255) ns3::UdpHeader (length: 25 269 &gt; 269) ns3::Epidemic::TypeHeader (BEACON) ns3::Epidemic::EpidemicHeader ( Packet ID: 1101480448 Hop count: 1000 TimeStamp: +0.0ns) ns3::WifiMacTrailer ()" />
<wpr uId="348" tId="2" fbRx="36.937" lbRx="0" />
<wpr uId="348" tId="1" fbRx="36.93700083" lbRx="0" />
<wpr uId="348" tId="3" fbRx="36.93700083" lbRx="0" />
<wpr uId="348" tId="6" fbRx="36.93700083" lbRx="0" />
<wpr uId="348" tId="8" fbRx="36.93700083" lbRx="0" />
<pr uId="349" fId="5" fbTx="37.643" meta-info="ns3::WifiMacHeader (DATA ToDS=0, FromDS=0, MoreFrag=0, Retry=0, MoreData=0 Duration/ID=0us, DA=ff:ff:ff:ff:ff:ff, SA=00:00:00:00:00:06, BSSID=00:00:00:00:00:06, FragNumber=0, SeqNumber=35) ns3::LlcSnapHeader (type 0x800) ns3::Ipv4Header (tos 0x0 DSCP Default ECN Not-ECT ttl 64 id 35 protocol 17 offset (bytes) 0 flags [none] length: 45 192.168.2.1 &gt; 192.168.2.255) ns3::UdpHeader (length: 25 269 &gt; 269) ns3::Epidemic::TypeHeader (BEACON) ns3::Epidemic::EpidemicHeader ( Packet ID: 1101480448 Hop count: 1000 TimeStamp: +0.0ns) ns3::WifiMacTrailer ()" />
<wpr uId="349" tId="0" fbRx="37.643" lbRx="0" />
<pr uId="350" fId="8" fbTx="37.835" meta-info="ns3::WifiMacHeader (DATA ToDS=0, FromDS=0, MoreFrag=0, Retry=0, MoreData=0 Duration/ID=0us, DA=ff:ff:ff:ff:ff:ff, SA=00:00:00:00:00:09, BSSID=00:00:00:00:00:09, FragNumber=0, SeqNumber=47) ns3::LlcSnapHeader (type 0x800) ns3::Ipv4Header (tos 0x0 DSCP Default ECN Not-ECT ttl 64 id 35 protocol 17 offset (bytes) 0 flags [none] length: 45 192.168.2.4 &gt; 192.168.2.255) ns3::UdpHeader (length: 25 269 &gt; 269) ns3::Epidemic::TypeHeader (BEACON) ns3::Epidemic::EpidemicHeader ( Packet ID: 1101480448 Hop count: 1000 TimeStamp: +0.0ns) ns3::WifiMacTrailer ()" />
<wpr uId="350" tId="3" fbRx="37.835" lbRx="0" />
<wpr uId="350" tId="2" fbRx="37.83500083" lbRx="0" />
<wpr uId="350" tId="4" fbRx="37.83500083" lbRx="0" />
<wpr uId="350" tId="7" fbRx="37.83500083" lbRx="0" />
<wpr uId="350" tId="9" fbRx="37.83500083" lbRx="0" />
<pr uId="351" fId="6" fbTx="37.841" meta-info="ns3::WifiMacHeader (DATA ToDS=0, FromDS=0, MoreFrag=0, Retry=0, MoreData=0 Duration/ID=0us, DA=ff:ff:ff:ff:ff:ff, SA=00:00:00:00:00:07, BSSID=00:00:00:00:00:07, FragNumber=0, SeqNumber=41) ns3::LlcSnapHeader (type 0x800) ns3::Ipv4Header (tos 0x0 DSCP Default ECN Not-ECT ttl 64 id 35 protocol 17 offset (bytes) 0 flags [none] length: 45 192.168.2.2 &gt; 192.168.2.255) ns3::UdpHeader (length: 25 269 &gt; 269) ns3::Epidemic::TypeHeader (BEACON) ns3::Epidemic::EpidemicHeader ( Packet ID: 1101480448 Hop count: 1000 TimeStamp: +0.0ns) ns3::WifiMacTrailer ()" />
<wpr uId="351" tId="1" fbRx="37.841" lbRx="0" />
<wpr uId="351" tId="2" fbRx="37.84100083" lbRx="0" />
<wpr uId="351" tId="7" fbRx="37.84100083" lbRx="0" />
<pr uId="352" fId="9" fbTx="37.87" meta-info="ns3::WifiMacHeader (DATA ToDS=0, FromDS=0, MoreFrag=0, Retry=0, MoreData=0 Duration/ID=0us, DA=ff:ff:ff:ff:ff:ff, SA=00:00:00:00:00:0a, BSSID=00:00:00:00:00:0a, FragNumber=0, SeqNumber=41) ns3::LlcSnapHeader (type 0x800) ns3::Ipv4Header (tos 0x0 DSCP Default ECN Not-ECT ttl 64 id 35 protocol 17 offset (bytes) 0 flags [none] length: 45 192.168.2.5 &gt; 192.168.2.255) ns3::UdpHeader (length: 25 269 &gt; 269) ns3::Epidemic::TypeHeader (BEACON) ns3::Epidemic::EpidemicHeader ( Packet ID: 1101480448 Hop count: 1000 TimeStamp: +0.0ns) ns3::WifiMacTrailer ()" />
<wpr uId="352" tId="4" fbRx="37.87" lbRx="0" />
<wpr uId="352" tId="3" fbRx="37.87000083" lbRx="0" />
<wpr uId="352" tId="8" fbRx="37.87000083" lbRx="0" />
<pr uId="353" fId="7" fbTx="37.947" meta-info="ns3::WifiMacHeader (DATA ToDS=0, FromDS=0, MoreFrag=0, Retry=0, MoreData=0 Duration/ID=0us, DA=ff:ff:ff:ff:ff:ff, SA=00:00:00:00:00:08, BSSID=00:00:00:00:00:08, FragNumber=0, SeqNumber=47) ns3::LlcSnapHeader (type 0x800) ns3::Ipv4Header (tos 0x0 DSCP Default ECN Not-ECT ttl 64 id 35 protocol 17 offset (bytes) 0 flags [none] length: 45 192.168.2.3 &gt; 192.168.2.255) ns3::UdpHeader (length: 25 269 &gt; 269) ns3::Epidemic::TypeHeader (BEACON) ns3::Epidemic::EpidemicHeader ( Packet ID: 1101480448 Hop count: 1000 TimeStamp: +0.0ns) ns3::WifiMacTrailer ()" />
<wpr uId="353" tId="2" fbRx="37.947" lbRx="0" />
<wpr uId="353" tId="1" fbRx="37.94700083" lbRx="0" />
<wpr uId="353" tId="3" fbRx="37.94700083" lbRx="0" />
<wpr uId="353" tId="6" fbRx="37.94700083" lbRx="0" />
<wpr uId="353" tId="8" fbRx="37.94700083" lbRx="0" />
<pr uId="354" fId="0" fbTx="38.07456141" meta-info="ns3::WifiMacHeader (DATA ToDS=0, FromDS=0, MoreFrag=0, Retry=0, MoreData=0 Duration/ID=0us, DA=ff:ff:ff:ff:ff:ff, SA=00:00:00:00:00:01, BSSID=00:00:00:00:00:01, FragNumber=0, SeqNumber=19) ns3::LlcSnapHeader (type 0x800) ns3::Ipv4Header (tos 0x0 DSCP Default ECN Not-ECT ttl 64 id 19 protocol 17 offset (bytes) 0 flags [none] length: 48 192.168.1.1 &gt; 192.168.1.255) ns3::UdpHeader (length: 28 698 &gt; 698) ns3::olsr::PacketHeader () ns3::olsr::MessageHeader () ns3::WifiMacTrailer ()" />
<wpr uId="354" tId="5" fbRx="38.07456141" lbRx="0" />
<pr uId="355" fId="1" fbTx="38.15821229" meta-info="ns3::WifiMacHeader (DATA ToDS=0, FromDS=0, MoreFrag=0, Retry=0, MoreData=0 Duration/ID=0us, DA=ff:ff:ff:ff:ff:ff, SA=00:00:00:00:00:02, BSSID=00:00:00:00:00:02, FragNumber=0, SeqNumber=19) ns3::LlcSnapHeader (type 0x800) ns3::Ipv4Header (tos 0x0 DSCP Default ECN Not-ECT ttl 64 id 19 protocol 17 offset (bytes) 0 flags [none] length: 56 192.168.1.2 &gt; 192.168.1.255) ns3::UdpHeader (length: 36 698 &gt; 698) ns3::olsr::PacketHeader () ns3::olsr::MessageHeader () ns3::WifiMacTrailer ()" />
<wpr uId="355" tId="6" fbRx="38.15821229" lbRx="0" />
<wpr uId="355" tId="2" fbRx="38.15821313" lbRx="0" />
<wpr uId="355" tId="7" fbRx="38.15821313" lbRx="0" />
<pr uId="356" fId="4" fbTx="38.1962271" meta-info="ns3::WifiMacHeader (DATA ToDS=0, FromDS=0, MoreFrag=0, Retry=0, MoreData=0 Duration/ID=0us, DA=ff:ff:ff:ff:ff:ff, SA=00:00:00:00:00:05, BSSID=00:00:00:00:00:05, FragNumber=0, SeqNumber=19) ns3::LlcSnapHeader (type 0x800) ns3::Ipv4Header (tos 0x0 DSCP Default ECN Not-ECT ttl 64 id 19 protocol 17 offset (bytes) 0 flags [none] length: 56 192.168.1.5 &gt; 192.168.1.255) ns3::UdpHeader (length: 36 698 &gt; 698) ns3::olsr::PacketHeader () ns3::olsr::MessageHeader () ns3::WifiMacTrailer ()" />
<wpr uId="356" tId="9" fbRx="38.1962271" lbRx="0" />
<wpr uId="356" tId="3" fbRx="38.19622794" lbRx="0" />
<wpr uId="356" tId="8" fbRx="38.19622794" lbRx="0" />
<pr uId="357" fId="3" fbTx="38.27984737" meta-info="ns3::WifiMacHeader (DATA ToDS=0, FromDS=0, MoreFrag=0, Retry=0, MoreData=0 Duration/ID=0us, DA=ff:ff:ff:ff:ff:ff, SA=00:00:00:00:00:04, BSSID=00:00:00:00:00:04, FragNumber=0, SeqNumber=23) ns3::LlcSnapHeader (type 0x800) ns3::Ipv4Header (tos 0x0 DSCP Default ECN Not-ECT ttl 64 id 23 protocol 17 offset (bytes) 0 flags [none] length: 64 192.168.1.4 &gt; 192.168.1.255) ns3::UdpHeader (length: 44 698 &gt; 698) ns3::olsr::PacketHeader () ns3::olsr::MessageHeader () ns3::WifiMacTrailer ()" />
<wpr uId="357" tId="8" fbRx="38.27984737" lbRx="0" />
<wpr uId="357" tId="2" fbRx="38.2798482" lbRx="0" />
<wpr uId="357" tId="4" fbRx="38.2798482" lbRx="0" />
<wpr uId="357" tId="7" fbRx="38.2798482" lbRx="0" />
<wpr uId="357" tId="9" fbRx="38.2798482" lbRx="0" />
<pr uId="358" fId="2" fbTx="38.45380581" meta-info="ns3::WifiMacHeader (DATA ToDS=0, FromDS=0, MoreFrag=0, Retry=0, MoreData=0 Duration/ID=0us, DA=ff:ff:ff:ff:ff:ff, SA=00:00:00:00:00:03, BSSID=00:00:00:00:00:03, FragNumber=0, SeqNumber=27) ns3::LlcSnapHeader (type 0x800) ns3::Ipv4Header (tos 0x0 DSCP Default ECN Not-ECT ttl 64 id 27 protocol 17 offset (bytes) 0 flags [none] length: 64 192.168.1.3 &gt; 192.168.1.255) ns3::UdpHeader (length: 44 698 &gt; 698) ns3::olsr::PacketHeader () ns3::olsr::MessageHeader () ns3::WifiMacTrailer ()" />
<wpr uId="358" tId="7" fbRx="38.45380581" lbRx="0" />
<wpr uId="358" tId="1" fbRx="38.45380664" lbRx="0" />
<wpr uId="358" tId="3" fbRx="38.45380664" lbRx="0" />
<wpr uId="358" tId="6" fbRx="38.45380664" lbRx="0" />
<wpr uId="358" tId="8" fbRx="38.45380664" lbRx="0" />
<pr uId="359" fId="5" fbTx="38.652" meta-info="ns3::WifiMacHeader (DATA ToDS=0, FromDS=0, MoreFrag=0, Retry=0, MoreData=0 Duration/ID=0us, DA=ff:ff:ff:ff:ff:ff, SA=00:00:00:00:00:06, BSSID=00:00:00:00:00:06, FragNumber=0, SeqNumber=36) ns3::LlcSnapHeader (type 0x800) ns3::Ipv4Header (tos 0x0 DSCP Default ECN Not-ECT ttl 64 id 36 protocol 17 offset (bytes) 0 flags [none] length: 45 192.168.2.1 &gt; 192.168.2.255) ns3::UdpHeader (length: 25 269 &gt; 269) ns3::Epidemic::TypeHeader (BEACON) ns3::Epidemic::EpidemicHeader ( Packet ID: 1101480448 Hop count: 1000 TimeStamp: +0.0ns) ns3::WifiMacTrailer ()" />
<wpr uId="359" tId="0" fbRx="38.652" lbRx="0" />
<pr uId="360" fId="8" fbTx="38.863" meta-info="ns3::WifiMacHeader (DATA ToDS=0, FromDS=0, MoreFrag=0, Retry=0, MoreData=0 Duration/ID=0us, DA=ff:ff:ff:ff:ff:ff, SA=00:00:00:00:00:09, BSSID=00:00:00:00:00:09, FragNumber=0, SeqNumber=48) ns3::LlcSnapHeader (type 0x800) ns3::Ipv4Header (tos 0x0 DSCP Default ECN Not-ECT ttl 64 id 36 protocol 17 offset (bytes) 0 flags [none] length: 45 192.168.2.4 &gt; 192.168.2.255) ns3::UdpHeader (length: 25 269 &gt; 269) ns3::Epidemic::TypeHeader (BEACON) ns3::Epidemic::EpidemicHeader ( Packet ID: 1101480448 Hop count: 1000 TimeStamp: +0.0ns) ns3::WifiMacTrailer ()" />
<wpr uId="360" tId="3" fbRx="38.863" lbRx="0" />
<wpr uId="360" tId="2" fbRx="38.86300083" lbRx="0" />
<wpr uId="360" tId="4" fbRx="38.86300083" lbRx="0" />
<wpr uId="360" tId="7" fbRx="38.86300083" lbRx="0" />
<wpr uId="360" tId="9" fbRx="38.86300083" lbRx="0" />
<pr uId="361" fId="9" fbTx="38.875" meta-info="ns3::WifiMacHeader (DATA ToDS=0, FromDS=0, MoreFrag=0, Retry=0, MoreData=0 Duration/ID=0us, DA=ff:ff:ff:ff:ff:ff, SA=00:00:00:00:00:0a, BSSID=00:00:00:00:00:0a, FragNumber=0, SeqNumber=42) ns3::LlcSnapHeader (type 0x800) ns3::Ipv4Header (tos 0x0 DSCP Default ECN Not-ECT ttl 64 id 36 protocol 17 offset (bytes) 0 flags [none] length: 45 192.168.2.5 &gt; 192.168.2.255) ns3::UdpHeader (length: 25 269 &gt; 269) ns3::Epidemic::TypeHeader (BEACON) ns3::Epidemic::EpidemicHeader ( Packet ID: 1101480448 Hop count: 1000 TimeStamp: +0.0ns) ns3::WifiMacTrailer ()" />
<wpr uId="361" tId="4" fbRx="38.875" lbRx="0" />
<wpr uId="361" tId="3" fbRx="38.87500083" lbRx="0" />
<wpr uId="361" tId="8" fbRx="38.87500083" lbRx="0" />
<pr uId="362" fId="6" fbTx="38.9" meta-info="ns3::WifiMacHeader (DATA ToDS=0, FromDS=0, MoreFrag=0, Retry=0, MoreData=0 Duration/ID=0us, DA=ff:ff:ff:ff:ff:ff, SA=00:00:00:00:00:07, BSSID=00:00:00:00:00:07, FragNumber=0, SeqNumber=42) ns3::LlcSnapHeader (type 0x800) ns3::Ipv4Header (tos 0x0 DSCP Default ECN Not-ECT ttl 64 id 36 protocol 17 offset (bytes) 0 flags [none] length: 45 192.168.2.2 &gt; 192.168.2.255) ns3::UdpHeader (length: 25 269 &gt; 269) ns3::Epidemic::TypeHeader (BEACON) ns3::Epidemic::EpidemicHeader ( Packet ID: 1101480448 Hop count: 1000 TimeStamp: +0.0ns) ns3::WifiMacTrailer ()" />
<wpr uId="362" tId="1" fbRx="38.9" lbRx="0" />
<wpr uId="362" tId="2" fbRx="38.90000083" lbRx="0" />
<wpr uId="362" tId="7" fbRx="38.90000083" lbRx="0" />
<pr uId="363" fId="7" fbTx="39.033" meta-info="ns3::WifiMacHeader (DATA ToDS=0, FromDS=0, MoreFrag=0, Retry=0, MoreData=0 Duration/ID=0us, DA=ff:ff:ff:ff:ff:ff, SA=00:00:00:00:00:08, BSSID=00:00:00:00:00:08, FragNumber=0, SeqNumber=48) ns3::LlcSnapHeader (type 0x800) ns3::Ipv4Header (tos 0x0 DSCP Default ECN Not-ECT ttl 64 id 36 protocol 17 offset (bytes) 0 flags [none] length: 45 192.168.2.3 &gt; 192.168.2.255) ns3::UdpHeader (length: 25 269 &gt; 269) ns3::Epidemic::TypeHeader (BEACON) ns3::Epidemic::EpidemicHeader ( Packet ID: 1101480448 Hop count: 1000 TimeStamp: +0.0ns) ns3::WifiMacTrailer ()" />
<wpr uId="363" tId="2" fbRx="39.033" lbRx="0" />
<wpr uId="363" tId="1" fbRx="39.03300083" lbRx="0" />
<wpr uId="363" tId="3" fbRx="39.03300083" lbRx="0" />
<wpr uId="363" tId="6" fbRx="39.03300083" lbRx="0" />
<wpr uId="363" tId="8" fbRx="39.03300083" lbRx="0" />
<pr uId="364" fId="5" fbTx="39.681" meta-info="ns3::WifiMacHeader (DATA ToDS=0, FromDS=0, MoreFrag=0, Retry=0, MoreData=0 Duration/ID=0us, DA=ff:ff:ff:ff:ff:ff, SA=00:00:00:00:00:06, BSSID=00:00:00:00:00:06, FragNumber=0, SeqNumber=37) ns3::LlcSnapHeader (type 0x800) ns3::Ipv4Header (tos 0x0 DSCP Default ECN Not-ECT ttl 64 id 37 protocol 17 offset (bytes) 0 flags [none] length: 45 192.168.2.1 &gt; 192.168.2.255) ns3::UdpHeader (length: 25 269 &gt; 269) ns3::Epidemic::TypeHeader (BEACON) ns3::Epidemic::EpidemicHeader ( Packet ID: 1101480448 Hop count: 1000 TimeStamp: +0.0ns) ns3::WifiMacTrailer ()" />
<wpr uId="364" tId="0" fbRx="39.681" lbRx="0" />
<pr uId="365" fId="8" fbTx="39.941" meta-info="ns3::WifiMacHeader (DATA ToDS=0, FromDS=0, MoreFrag=0, Retry=0, MoreData=0 Duration/ID=0us, DA=ff:ff:ff:ff:ff:ff, SA=00:00:00:00:00:09, BSSID=00:00:00:00:00:09, FragNumber=0, SeqNumber=49) ns3::LlcSnapHeader (type 0x800) ns3::Ipv4Header (tos 0x0 DSCP Default ECN Not-ECT ttl 64 id 37 protocol 17 offset (bytes) 0 flags [none] length: 45 192.168.2.4 &gt; 192.168.2.255) ns3::UdpHeader (length: 25 269 &gt; 269) ns3::Epidemic::TypeHeader (BEACON) ns3::Epidemic::EpidemicHeader ( Packet ID: 1101480448 Hop count: 1000 TimeStamp: +0.0ns) ns3::WifiMacTrailer ()" />
<wpr uId="365" tId="3" fbRx="39.941" lbRx="0" />
<wpr uId="365" tId="2" fbRx="39.94100083" lbRx="0" />
<wpr uId="365" tId="4" fbRx="39.94100083" lbRx="0" />
<wpr uId="365" tId="7" fbRx="39.94100083" lbRx="0" />
<wpr uId="365" tId="9" fbRx="39.94100083" lbRx="0" />
<pr uId="366" fId="9" fbTx="39.959" meta-info="ns3::WifiMacHeader (DATA ToDS=0, FromDS=0, MoreFrag=0, Retry=0, MoreData=0 Duration/ID=0us, DA=ff:ff:ff:ff:ff:ff, SA=00:00:00:00:00:0a, BSSID=00:00:00:00:00:0a, FragNumber=0, SeqNumber=43) ns3::LlcSnapHeader (type 0x800) ns3::Ipv4Header (tos 0x0 DSCP Default ECN Not-ECT ttl 64 id 37 protocol 17 offset (bytes) 0 flags [none] length: 45 192.168.2.5 &gt; 192.168.2.255) ns3::UdpHeader (length: 25 269 &gt; 269) ns3::Epidemic::TypeHeader (BEACON) ns3::Epidemic::EpidemicHeader ( Packet ID: 1101480448 Hop count: 1000 TimeStamp: +0.0ns) ns3::WifiMacTrailer ()" />
<wpr uId="366" tId="4" fbRx="39.959" lbRx="0" />
<wpr uId="366" tId="3" fbRx="39.95900083" lbRx="0" />
<wpr uId="366" tId="8" fbRx="39.95900083" lbRx="0" />
<pr uId="367" fId="6" fbTx="39.983" meta-info="ns3::WifiMacHeader (DATA ToDS=0, FromDS=0, MoreFrag=0, Retry=0, MoreData=0 Duration/ID=0us, DA=ff:ff:ff:ff:ff:ff, SA=00:00:00:00:00:07, BSSID=00:00:00:00:00:07, FragNumber=0, SeqNumber=43) ns3::LlcSnapHeader (type 0x800) ns3::Ipv4Header (tos 0x0 DSCP Default ECN Not-ECT ttl 64 id 37 protocol 17 offset (bytes) 0 flags [none] length: 45 192.168.2.2 &gt; 192.168.2.255) ns3::UdpHeader (length: 25 269 &gt; 269) ns3::Epidemic::TypeHeader (BEACON) ns3::Epidemic::EpidemicHeader ( Packet ID: 1101480448 Hop count: 1000 TimeStamp: +0.0ns) ns3::WifiMacTrailer ()" />
<wpr uId="367" tId="1" fbRx="39.983" lbRx="0" />
<wpr uId="367" tId="2" fbRx="39.98300083" lbRx="0" />
<wpr uId="367" tId="7" fbRx="39.98300083" lbRx="0" />
<pr uId="368" fId="7" fbTx="40.083" meta-info="ns3::WifiMacHeader (DATA ToDS=0, FromDS=0, MoreFrag=0, Retry=0, MoreData=0 Duration/ID=0us, DA=ff:ff:ff:ff:ff:ff, SA=00:00:00:00:00:08, BSSID=00:00:00:00:00:08, FragNumber=0, SeqNumber=49) ns3::LlcSnapHeader (type 0x800) ns3::Ipv4Header (tos 0x0 DSCP Default ECN Not-ECT ttl 64 id 37 protocol 17 offset (bytes) 0 flags [none] length: 45 192.168.2.3 &gt; 192.168.2.255) ns3::UdpHeader (length: 25 269 &gt; 269) ns3::Epidemic::TypeHeader (BEACON) ns3::Epidemic::EpidemicHeader ( Packet ID: 1101480448 Hop count: 1000 TimeStamp: +0.0ns) ns3::WifiMacTrailer ()" />
<wpr uId="368" tId="2" fbRx="40.083" lbRx="0" />
<wpr uId="368" tId="1" fbRx="40.08300083" lbRx="0" />
<wpr uId="368" tId="3" fbRx="40.08300083" lbRx="0" />
<wpr uId="368" tId="6" fbRx="40.08300083" lbRx="0" />
<wpr uId="368" tId="8" fbRx="40.08300083" lbRx="0" />
<pr uId="369" fId="3" fbTx="40.10951421" meta-info="ns3::WifiMacHeader (DATA ToDS=0, FromDS=0, MoreFrag=0, Retry=0, MoreData=0 Duration/ID=0us, DA=ff:ff:ff:ff:ff:ff, SA=00:00:00:00:00:04, BSSID=00:00:00:00:00:04, FragNumber=0, SeqNumber=24) ns3::LlcSnapHeader (type 0x800) ns3::Ipv4Header (tos 0x0 DSCP Default ECN Not-ECT ttl 64 id 24 protocol 17 offset (bytes) 0 flags [none] length: 88 192.168.1.4 &gt; 192.168.1.255) ns3::UdpHeader (length: 68 698 &gt; 698) ns3::olsr::PacketHeader () ns3::olsr::MessageHeader () ns3::olsr::MessageHeader () ns3::WifiMacTrailer ()" />
<wpr uId="369" tId="8" fbRx="40.10951421" lbRx="0" />
<wpr uId="369" tId="2" fbRx="40.10951505" lbRx="0" />
<wpr uId="369" tId="4" fbRx="40.10951505" lbRx="0" />
<wpr uId="369" tId="7" fbRx="40.10951505" lbRx="0" />
<wpr uId="369" tId="9" fbRx="40.10951505" lbRx="0" />
<pr uId="370" fId="2" fbTx="40.30132698" meta-info="ns3::WifiMacHeader (DATA ToDS=0, FromDS=0, MoreFrag=0, Retry=0, MoreData=0 Duration/ID=0us, DA=ff:ff:ff:ff:ff:ff, SA=00:00:00:00:00:03, BSSID=00:00:00:00:00:03, FragNumber=0, SeqNumber=28) ns3::LlcSnapHeader (type 0x800) ns3::Ipv4Header (tos 0x0 DSCP Default ECN Not-ECT ttl 64 id 28 protocol 17 offset (bytes) 0 flags [none] length: 112 192.168.1.3 &gt; 192.168.1.255) ns3::UdpHeader (length: 92 698 &gt; 698) ns3::olsr::PacketHeader () ns3::olsr::MessageHeader () ns3::olsr::MessageHeader () ns3::olsr::MessageHeader () ns3::WifiMacTrailer ()" />
<wpr uId="370" tId="7" fbRx="40.30132698" lbRx="0" />
<wpr uId="370" tId="1" fbRx="40.30132781" lbRx="0" />
<wpr uId="370" tId="3" fbRx="40.30132781" lbRx="0" />
<wpr uId="370" tId="6" fbRx="40.30132781" lbRx="0" />
<wpr uId="370" tId="8" fbRx="40.30132781" lbRx="0" />
<pr uId="371" fId="1" fbTx="40.41479525" meta-info="ns3::WifiMacHeader (DATA ToDS=0, FromDS=0, MoreFrag=0, Retry=0, MoreData=0 Duration/ID=0us, DA=ff:ff:ff:ff:ff:ff, SA=00:00:00:00:00:02, BSSID=00:00:00:00:00:02, FragNumber=0, SeqNumber=20) ns3::LlcSnapHeader (type 0x800) ns3::Ipv4Header (tos 0x0 DSCP Default ECN Not-ECT ttl 64 id 20 protocol 17 offset (bytes) 0 flags [none] length: 56 192.168.1.2 &gt; 192.168.1.255) ns3::UdpHeader (length: 36 698 &gt; 698) ns3::olsr::PacketHeader () ns3::olsr::MessageHeader () ns3::WifiMacTrailer ()" />
<wpr uId="371" tId="6" fbRx="40.41479525" lbRx="0" />
<wpr uId="371" tId="2" fbRx="40.41479609" lbRx="0" />
<wpr uId="371" tId="7" fbRx="40.41479609" lbRx="0" />
<pr uId="372" fId="0" fbTx="40.42976637" meta-info="ns3::WifiMacHeader (DATA ToDS=0, FromDS=0, MoreFrag=0, Retry=0, MoreData=0 Duration/ID=0us, DA=ff:ff:ff:ff:ff:ff, SA=00:00:00:00:00:01, BSSID=00:00:00:00:00:01, FragNumber=0, SeqNumber=20) ns3::LlcSnapHeader (type 0x800) ns3::Ipv4Header (tos 0x0 DSCP Default ECN Not-ECT ttl 64 id 20 protocol 17 offset (bytes) 0 flags [none] length: 48 192.168.1.1 &gt; 192.168.1.255) ns3::UdpHeader (length: 28 698 &gt; 698) ns3::olsr::PacketHeader () ns3::olsr::MessageHeader () ns3::WifiMacTrailer ()" />
<wpr uId="372" tId="5" fbRx="40.42976637" lbRx="0" />
<pr uId="373" fId="4" fbTx="40.46740205" meta-info="ns3::WifiMacHeader (DATA ToDS=0, FromDS=0, MoreFrag=0, Retry=0, MoreData=0 Duration/ID=0us, DA=ff:ff:ff:ff:ff:ff, SA=00:00:00:00:00:05, BSSID=00:00:00:00:00:05, FragNumber=0, SeqNumber=20) ns3::LlcSnapHeader (type 0x800) ns3::Ipv4Header (tos 0x0 DSCP Default ECN Not-ECT ttl 64 id 20 protocol 17 offset (bytes) 0 flags [none] length: 56 192.168.1.5 &gt; 192.168.1.255) ns3::UdpHeader (length: 36 698 &gt; 698) ns3::olsr::PacketHeader () ns3::olsr::MessageHeader () ns3::WifiMacTrailer ()" />
<wpr uId="373" tId="9" fbRx="40.46740205" lbRx="0" />
<wpr uId="373" tId="3" fbRx="40.46740289" lbRx="0" />
<wpr uId="373" tId="8" fbRx="40.46740289" lbRx="0" />
<pr uId="374" fId="3" fbTx="40.58904249" meta-info="ns3::WifiMacHeader (DATA ToDS=0, FromDS=0, MoreFrag=0, Retry=0, MoreData=0 Duration/ID=0us, DA=ff:ff:ff:ff:ff:ff, SA=00:00:00:00:00:04, BSSID=00:00:00:00:00:04, FragNumber=0, SeqNumber=25) ns3::LlcSnapHeader (type 0x800) ns3::Ipv4Header (tos 0x0 DSCP Default ECN Not-ECT ttl 64 id 25 protocol 17 offset (bytes) 0 flags [none] length: 56 192.168.1.4 &gt; 192.168.1.255) ns3::UdpHeader (length: 36 698 &gt; 698) ns3::olsr::PacketHeader () ns3::olsr::MessageHeader () ns3::WifiMacTrailer ()" />
<wpr uId="374" tId="8" fbRx="40.58904249" lbRx="0" />
<wpr uId="374" tId="2" fbRx="40.58904332" lbRx="0" />
<wpr uId="374" tId="4" fbRx="40.58904332" lbRx="0" />
<wpr uId="374" tId="7" fbRx="40.58904332" lbRx="0" />
<wpr uId="374" tId="9" fbRx="40.58904332" lbRx="0" />
<pr uId="375" fId="5" fbTx="40.722" meta-info="ns3::WifiMacHeader (DATA ToDS=0, FromDS=0, MoreFrag=0, Retry=0, MoreData=0 Duration/ID=0us, DA=ff:ff:ff:ff:ff:ff, SA=00:00:00:00:00:06, BSSID=00:00:00:00:00:06, FragNumber=0, SeqNumber=38) ns3::LlcSnapHeader (type 0x800) ns3::Ipv4Header (tos 0x0 DSCP Default ECN Not-ECT ttl 64 id 38 protocol 17 offset (bytes) 0 flags [none] length: 45 192.168.2.1 &gt; 192.168.2.255) ns3::UdpHeader (length: 25 269 &gt; 269) ns3::Epidemic::TypeHeader (BEACON) ns3::Epidemic::EpidemicHeader ( Packet ID: 1101480448 Hop count: 1000 TimeStamp: +0.0ns) ns3::WifiMacTrailer ()" />
<wpr uId="375" tId="0" fbRx="40.722" lbRx="0" />
<pr uId="376" fId="8" fbTx="40.976" meta-info="ns3::WifiMacHeader (DATA ToDS=0, FromDS=0, MoreFrag=0, Retry=0, MoreData=0 Duration/ID=0us, DA=ff:ff:ff:ff:ff:ff, SA=00:00:00:00:00:09, BSSID=00:00:00:00:00:09, FragNumber=0, SeqNumber=50) ns3::LlcSnapHeader (type 0x800) ns3::Ipv4Header (tos 0x0 DSCP Default ECN Not-ECT ttl 64 id 38 protocol 17 offset (bytes) 0 flags [none] length: 45 192.168.2.4 &gt; 192.168.2.255) ns3::UdpHeader (length: 25 269 &gt; 269) ns3::Epidemic::TypeHeader (BEACON) ns3::Epidemic::EpidemicHeader ( Packet ID: 1101480448 Hop count: 1000 TimeStamp: +0.0ns) ns3::WifiMacTrailer ()" />
<wpr uId="376" tId="3" fbRx="40.976" lbRx="0" />
<wpr uId="376" tId="2" fbRx="40.97600083" lbRx="0" />
<wpr uId="376" tId="4" fbRx="40.97600083" lbRx="0" />
<wpr uId="376" tId="7" fbRx="40.97600083" lbRx="0" />
<wpr uId="376" tId="9" fbRx="40.97600083" lbRx="0" />
<pr uId="377" fId="9" fbTx="40.993" meta-info="ns3::WifiMacHeader (DATA ToDS=0, FromDS=0, MoreFrag=0, Retry=0, MoreData=0 Duration/ID=0us, DA=ff:ff:ff:ff:ff:ff, SA=00:00:00:00:00:0a, BSSID=00:00:00:00:00:0a, FragNumber=0, SeqNumber=44) ns3::LlcSnapHeader (type 0x800) ns3::Ipv4Header (tos 0x0 DSCP Default ECN Not-ECT ttl 64 id 38 protocol 17 offset (bytes) 0 flags [none] length: 45 192.168.2.5 &gt; 192.168.2.255) ns3::UdpHeader (length: 25 269 &gt; 269) ns3::Epidemic::TypeHeader (BEACON) ns3::Epidemic::EpidemicHeader ( Packet ID: 1101480448 Hop count: 1000 TimeStamp: +0.0ns) ns3::WifiMacTrailer ()" />
<wpr uId="377" tId="4" fbRx="40.993" lbRx="0" />
<wpr uId="377" tId="3" fbRx="40.99300083" lbRx="0" />
<wpr uId="377" tId="8" fbRx="40.99300083" lbRx="0" />
<pr uId="378" fId="6" fbTx="40.994" meta-info="ns3::WifiMacHeader (DATA ToDS=0, FromDS=0, MoreFrag=0, Retry=0, MoreData=0 Duration/ID=0us, DA=ff:ff:ff:ff:ff:ff, SA=00:00:00:00:00:07, BSSID=00:00:00:00:00:07, FragNumber=0, SeqNumber=44) ns3::LlcSnapHeader (type 0x800) ns3::Ipv4Header (tos 0x0 DSCP Default ECN Not-ECT ttl 64 id 38 protocol 17 offset (bytes) 0 flags [none] length: 45 192.168.2.2 &gt; 192.168.2.255) ns3::UdpHeader (length: 25 269 &gt; 269) ns3::Epidemic::TypeHeader (BEACON) ns3::Epidemic::EpidemicHeader ( Packet ID: 1101480448 Hop count: 1000 TimeStamp: +0.0ns) ns3::WifiMacTrailer ()" />
<wpr uId="378" tId="1" fbRx="40.994" lbRx="0" />
<wpr uId="378" tId="2" fbRx="40.99400083" lbRx="0" />
<wpr uId="378" tId="7" fbRx="40.99400083" lbRx="0" />
<pr uId="379" fId="7" fbTx="41.127" meta-info="ns3::WifiMacHeader (DATA ToDS=0, FromDS=0, MoreFrag=0, Retry=0, MoreData=0 Duration/ID=0us, DA=ff:ff:ff:ff:ff:ff, SA=00:00:00:00:00:08, BSSID=00:00:00:00:00:08, FragNumber=0, SeqNumber=50) ns3::LlcSnapHeader (type 0x800) ns3::Ipv4Header (tos 0x0 DSCP Default ECN Not-ECT ttl 64 id 38 protocol 17 offset (bytes) 0 flags [none] length: 45 192.168.2.3 &gt; 192.168.2.255) ns3::UdpHeader (length: 25 269 &gt; 269) ns3::Epidemic::TypeHeader (BEACON) ns3::Epidemic::EpidemicHeader ( Packet ID: 1101480448 Hop count: 1000 TimeStamp: +0.0ns) ns3::WifiMacTrailer ()" />
<wpr uId="379" tId="2" fbRx="41.127" lbRx="0" />
<wpr uId="379" tId="1" fbRx="41.12700083" lbRx="0" />
<wpr uId="379" tId="3" fbRx="41.12700083" lbRx="0" />
<wpr uId="379" tId="6" fbRx="41.12700083" lbRx="0" />
<wpr uId="379" tId="8" fbRx="41.12700083" lbRx="0" />
<pr uId="380" fId="5" fbTx="41.778" meta-info="ns3::WifiMacHeader (DATA ToDS=0, FromDS=0, MoreFrag=0, Retry=0, MoreData=0 Duration/ID=0us, DA=ff:ff:ff:ff:ff:ff, SA=00:00:00:00:00:06, BSSID=00:00:00:00:00:06, FragNumber=0, SeqNumber=39) ns3::LlcSnapHeader (type 0x800) ns3::Ipv4Header (tos 0x0 DSCP Default ECN Not-ECT ttl 64 id 39 protocol 17 offset (bytes) 0 flags [none] length: 45 192.168.2.1 &gt; 192.168.2.255) ns3::UdpHeader (length: 25 269 &gt; 269) ns3::Epidemic::TypeHeader (BEACON) ns3::Epidemic::EpidemicHeader ( Packet ID: 1101480448 Hop count: 1000 TimeStamp: +0.0ns) ns3::WifiMacTrailer ()" />
<wpr uId="380" tId="0" fbRx="41.778" lbRx="0" />
<pr uId="381" fId="9" fbTx="42.01" meta-info="ns3::WifiMacHeader (DATA ToDS=0, FromDS=0, MoreFrag=0, Retry=0, MoreData=0 Duration/ID=0us, DA=ff:ff:ff:ff:ff:ff, SA=00:00:00:00:00:0a, BSSID=00:00:00:00:00:0a, FragNumber=0, SeqNumber=45) ns3::LlcSnapHeader (type 0x800) ns3::Ipv4Header (tos 0x0 DSCP Default ECN Not-ECT ttl 64 id 39 protocol 17 offset (bytes) 0 flags [none] length: 45 192.168.2.5 &gt; 192.168.2.255) ns3::UdpHeader (length: 25 269 &gt; 269) ns3::Epidemic::TypeHeader (BEACON) ns3::Epidemic::EpidemicHeader ( Packet ID: 1101480448 Hop count: 1000 TimeStamp: +0.0ns) ns3::WifiMacTrailer ()" />
<wpr uId="381" tId="4" fbRx="42.01" lbRx="0" />
<wpr uId="381" tId="3" fbRx="42.01000083" lbRx="0" />
<wpr uId="381" tId="8" fbRx="42.01000083" lbRx="0" />
<pr uId="382" fId="8" fbTx="42.075" meta-info="ns3::WifiMacHeader (DATA ToDS=0, FromDS=0, MoreFrag=0, Retry=0, MoreData=0 Duration/ID=0us, DA=ff:ff:ff:ff:ff:ff, SA=00:00:00:00:00:09, BSSID=00:00:00:00:00:09, FragNumber=0, SeqNumber=51) ns3::LlcSnapHeader (type 0x800) ns3::Ipv4Header (tos 0x0 DSCP Default ECN Not-ECT ttl 64 id 39 protocol 17 offset (bytes) 0 flags [none] length: 45 192.168.2.4 &gt; 192.168.2.255) ns3::UdpHeader (length: 25 269 &gt; 269) ns3::Epidemic::TypeHeader (BEACON) ns3::Epidemic::EpidemicHeader ( Packet ID: 1101480448 Hop count: 1000 TimeStamp: +0.0ns) ns3::WifiMacTrailer ()" />
<wpr uId="382" tId="3" fbRx="42.075" lbRx="0" />
<wpr uId="382" tId="2" fbRx="42.07500083" lbRx="0" />
<wpr uId="382" tId="4" fbRx="42.07500083" lbRx="0" />
<wpr uId="382" tId="7" fbRx="42.07500083" lbRx="0" />
<wpr uId="382" tId="9" fbRx="42.07500083" lbRx="0" />
<pr uId="383" fId="6" fbTx="42.089" meta-info="ns3::WifiMacHeader (DATA ToDS=0, FromDS=0, MoreFrag=0, Retry=0, MoreData=0 Duration/ID=0us, DA=ff:ff:ff:ff:ff:ff, SA=00:00:00:00:00:07, BSSID=00:00:00:00:00:07, FragNumber=0, SeqNumber=45) ns3::LlcSnapHeader (type 0x800) ns3::Ipv4Header (tos 0x0 DSCP Default ECN Not-ECT ttl 64 id 39 protocol 17 offset (bytes) 0 flags [none] length: 45 192.168.2.2 &gt; 192.168.2.255) ns3::UdpHeader (length: 25 269 &gt; 269) ns3::Epidemic::TypeHeader (BEACON) ns3::Epidemic::EpidemicHeader ( Packet ID: 1101480448 Hop count: 1000 TimeStamp: +0.0ns) ns3::WifiMacTrailer ()" />
<wpr uId="383" tId="1" fbRx="42.089" lbRx="0" />
<wpr uId="383" tId="2" fbRx="42.08900083" lbRx="0" />
<wpr uId="383" tId="7" fbRx="42.08900083" lbRx="0" />
<pr uId="384" fId="4" fbTx="42.16244007" meta-info="ns3::WifiMacHeader (DATA ToDS=0, FromDS=0, MoreFrag=0, Retry=0, MoreData=0 Duration/ID=0us, DA=ff:ff:ff:ff:ff:ff, SA=00:00:00:00:00:05, BSSID=00:00:00:00:00:05, FragNumber=0, SeqNumber=21) ns3::LlcSnapHeader (type 0x800) ns3::Ipv4Header (tos 0x0 DSCP Default ECN Not-ECT ttl 64 id 21 protocol 17 offset (bytes) 0 flags [none] length: 56 192.168.1.5 &gt; 192.168.1.255) ns3::UdpHeader (length: 36 698 &gt; 698) ns3::olsr::PacketHeader () ns3::olsr::MessageHeader () ns3::WifiMacTrailer ()" />
<wpr uId="384" tId="9" fbRx="42.16244007" lbRx="0" />
<wpr uId="384" tId="3" fbRx="42.1624409" lbRx="0" />
<wpr uId="384" tId="8" fbRx="42.1624409" lbRx="0" />
<pr uId="385" fId="0" fbTx="42.16542687" meta-info="ns3::WifiMacHeader (DATA ToDS=0, FromDS=0, MoreFrag=0, Retry=0, MoreData=0 Duration/ID=0us, DA=ff:ff:ff:ff:ff:ff, SA=00:00:00:00:00:01, BSSID=00:00:00:00:00:01, FragNumber=0, SeqNumber=21) ns3::LlcSnapHeader (type 0x800) ns3::Ipv4Header (tos 0x0 DSCP Default ECN Not-ECT ttl 64 id 21 protocol 17 offset (bytes) 0 flags [none] length: 48 192.168.1.1 &gt; 192.168.1.255) ns3::UdpHeader (length: 28 698 &gt; 698) ns3::olsr::PacketHeader () ns3::olsr::MessageHeader () ns3::WifiMacTrailer ()" />
<wpr uId="385" tId="5" fbRx="42.16542687" lbRx="0" />
<pr uId="386" fId="7" fbTx="42.198" meta-info="ns3::WifiMacHeader (DATA ToDS=0, FromDS=0, MoreFrag=0, Retry=0, MoreData=0 Duration/ID=0us, DA=ff:ff:ff:ff:ff:ff, SA=00:00:00:00:00:08, BSSID=00:00:00:00:00:08, FragNumber=0, SeqNumber=51) ns3::LlcSnapHeader (type 0x800) ns3::Ipv4Header (tos 0x0 DSCP Default ECN Not-ECT ttl 64 id 39 protocol 17 offset (bytes) 0 flags [none] length: 45 192.168.2.3 &gt; 192.168.2.255) ns3::UdpHeader (length: 25 269 &gt; 269) ns3::Epidemic::TypeHeader (BEACON) ns3::Epidemic::EpidemicHeader ( Packet ID: 1101480448 Hop count: 1000 TimeStamp: +0.0ns) ns3::WifiMacTrailer ()" />
<wpr uId="386" tId="2" fbRx="42.198" lbRx="0" />
<wpr uId="386" tId="1" fbRx="42.19800083" lbRx="0" />
<wpr uId="386" tId="3" fbRx="42.19800083" lbRx="0" />
<wpr uId="386" tId="6" fbRx="42.19800083" lbRx="0" />
<wpr uId="386" tId="8" fbRx="42.19800083" lbRx="0" />
<pr uId="387" fId="3" fbTx="42.32503734" meta-info="ns3::WifiMacHeader (DATA ToDS=0, FromDS=0, MoreFrag=0, Retry=0, MoreData=0 Duration/ID=0us, DA=ff:ff:ff:ff:ff:ff, SA=00:00:00:00:00:04, BSSID=00:00:00:00:00:04, FragNumber=0, SeqNumber=26) ns3::LlcSnapHeader (type 0x800) ns3::Ipv4Header (tos 0x0 DSCP Default ECN Not-ECT ttl 64 id 26 protocol 17 offset (bytes) 0 flags [none] length: 64 192.168.1.4 &gt; 192.168.1.255) ns3::UdpHeader (length: 44 698 &gt; 698) ns3::olsr::PacketHeader () ns3::olsr::MessageHeader () ns3::WifiMacTrailer ()" />
<wpr uId="387" tId="8" fbRx="42.32503734" lbRx="0" />
<wpr uId="387" tId="2" fbRx="42.32503817" lbRx="0" />
<wpr uId="387" tId="4" fbRx="42.32503817" lbRx="0" />
<wpr uId="387" tId="7" fbRx="42.32503817" lbRx="0" />
<wpr uId="387" tId="9" fbRx="42.32503817" lbRx="0" />
<pr uId="388" fId="2" fbTx="42.4028535" meta-info="ns3::WifiMacHeader (DATA ToDS=0, FromDS=0, MoreFrag=0, Retry=0, MoreData=0 Duration/ID=0us, DA=ff:ff:ff:ff:ff:ff, SA=00:00:00:00:00:03, BSSID=00:00:00:00:00:03, FragNumber=0, SeqNumber=29) ns3::LlcSnapHeader (type 0x800) ns3::Ipv4Header (tos 0x0 DSCP Default ECN Not-ECT ttl 64 id 29 protocol 17 offset (bytes) 0 flags [none] length: 64 192.168.1.3 &gt; 192.168.1.255) ns3::UdpHeader (length: 44 698 &gt; 698) ns3::olsr::PacketHeader () ns3::olsr::MessageHeader () ns3::WifiMacTrailer ()" />
<wpr uId="388" tId="7" fbRx="42.4028535" lbRx="0" />
<wpr uId="388" tId="1" fbRx="42.40285434" lbRx="0" />
<wpr uId="388" tId="3" fbRx="42.40285434" lbRx="0" />
<wpr uId="388" tId="6" fbRx="42.40285434" lbRx="0" />
<wpr uId="388" tId="8" fbRx="42.40285434" lbRx="0" />
<pr uId="389" fId="1" fbTx="42.4842665" meta-info="ns3::WifiMacHeader (DATA ToDS=0, FromDS=0, MoreFrag=0, Retry=0, MoreData=0 Duration/ID=0us, DA=ff:ff:ff:ff:ff:ff, SA=00:00:00:00:00:02, BSSID=00:00:00:00:00:02, FragNumber=0, SeqNumber=21) ns3::LlcSnapHeader (type 0x800) ns3::Ipv4Header (tos 0x0 DSCP Default ECN Not-ECT ttl 64 id 21 protocol 17 offset (bytes) 0 flags [none] length: 56 192.168.1.2 &gt; 192.168.1.255) ns3::UdpHeader (length: 36 698 &gt; 698) ns3::olsr::PacketHeader () ns3::olsr::MessageHeader () ns3::WifiMacTrailer ()" />
<wpr uId="389" tId="6" fbRx="42.4842665" lbRx="0" />
<wpr uId="389" tId="2" fbRx="42.48426733" lbRx="0" />
<wpr uId="389" tId="7" fbRx="42.48426733" lbRx="0" />
<pr uId="390" fId="5" fbTx="42.875" meta-info="ns3::WifiMacHeader (DATA ToDS=0, FromDS=0, MoreFrag=0, Retry=0, MoreData=0 Duration/ID=0us, DA=ff:ff:ff:ff:ff:ff, SA=00:00:00:00:00:06, BSSID=00:00:00:00:00:06, FragNumber=0, SeqNumber=40) ns3::LlcSnapHeader (type 0x800) ns3::Ipv4Header (tos 0x0 DSCP Default ECN Not-ECT ttl 64 id 40 protocol 17 offset (bytes) 0 flags [none] length: 45 192.168.2.1 &gt; 192.168.2.255) ns3::UdpHeader (length: 25 269 &gt; 269) ns3::Epidemic::TypeHeader (BEACON) ns3::Epidemic::EpidemicHeader ( Packet ID: 1101480448 Hop count: 1000 TimeStamp: +0.0ns) ns3::WifiMacTrailer ()" />
<wpr uId="390" tId="0" fbRx="42.875" lbRx="0" />
<pr uId="391" fId="9" fbTx="43.053" meta-info="ns3::WifiMacHeader (DATA ToDS=0, FromDS=0, MoreFrag=0, Retry=0, MoreData=0 Duration/ID=0us, DA=ff:ff:ff:ff:ff:ff, SA=00:00:00:00:00:0a, BSSID=00:00:00:00:00:0a, FragNumber=0, SeqNumber=46) ns3::LlcSnapHeader (type 0x800) ns3::Ipv4Header (tos 0x0 DSCP Default ECN Not-ECT ttl 64 id 40 protocol 17 offset (bytes) 0 flags [none] length: 45 192.168.2.5 &gt; 192.168.2.255) ns3::UdpHeader (length: 25 269 &gt; 269) ns3::Epidemic::TypeHeader (BEACON) ns3::Epidemic::EpidemicHeader ( Packet ID: 1101480448 Hop count: 1000 TimeStamp: +0.0ns) ns3::WifiMacTrailer ()" />
<wpr uId="391" tId="4" fbRx="43.053" lbRx="0" />
<wpr uId="391" tId="3" fbRx="43.05300083" lbRx="0" />
<wpr uId="391" tId="8" fbRx="43.05300083" lbRx="0" />
<pr uId="392" fId="8" fbTx="43.05323883" meta-info="ns3::WifiMacHeader (DATA ToDS=0, FromDS=0, MoreFrag=0, Retry=0, MoreData=0 Duration/ID=60us, DA=00:00:00:00:00:0a, SA=00:00:00:00:00:09, BSSID=00:00:00:00:00:09, FragNumber=0, SeqNumber=52) ns3::LlcSnapHeader (type 0x800) ns3::Ipv4Header (tos 0x0 DSCP Default ECN Not-ECT ttl 64 id 4 protocol 17 offset (bytes) 0 flags [none] length: 37 192.168.2.4 &gt; 192.168.2.5) ns3::UdpHeader (length: 17 269 &gt; 269) ns3::Epidemic::TypeHeader (REPLY) ns3::Epidemic::SummaryVectorHeader ( Summary_vector header with size: 1
Global IDs:
NodeID:PacketID
0.0.2.186:698
) ns3::WifiMacTrailer ()" />
<wpr uId="392" tId="3" fbRx="43.05323883" lbRx="0" />
<wpr uId="392" tId="2" fbRx="43.05323967" lbRx="0" />
<wpr uId="392" tId="4" fbRx="43.05323967" lbRx="0" />
<wpr uId="392" tId="7" fbRx="43.05323967" lbRx="0" />
<wpr uId="392" tId="9" fbRx="43.05323967" lbRx="0" />
<pr uId="393" fId="9" fbTx="43.05337967" meta-info="ns3::WifiMacHeader (CTL_ACK Duration/ID=0us, RA=00:00:00:00:00:09) ns3::WifiMacTrailer ()" />
<wpr uId="393" tId="4" fbRx="43.05337967" lbRx="0" />
<wpr uId="393" tId="3" fbRx="43.0533805" lbRx="0" />
<wpr uId="393" tId="8" fbRx="43.0533805" lbRx="0" />
<pr uId="394" fId="9" fbTx="43.05354767" meta-info="ns3::WifiMacHeader (DATA ToDS=0, FromDS=0, MoreFrag=0, Retry=0, MoreData=0 Duration/ID=60us, DA=00:00:00:00:00:09, SA=00:00:00:00:00:0a, BSSID=00:00:00:00:00:0a, FragNumber=0, SeqNumber=47) ns3::LlcSnapHeader (type 0x800) ns3::Ipv4Header (tos 0x0 DSCP Default ECN Not-ECT ttl 64 id 4 protocol 17 offset (bytes) 0 flags [none] length: 37 192.168.2.5 &gt; 192.168.2.4) ns3::UdpHeader (length: 17 269 &gt; 269) ns3::Epidemic::TypeHeader (REPLY_BACK) ns3::Epidemic::SummaryVectorHeader ( Summary_vector header with size: 1
Global IDs:
NodeID:PacketID
0.0.2.186:698
) ns3::WifiMacTrailer ()" />
<wpr uId="394" tId="4" fbRx="43.05354767" lbRx="0" />
<wpr uId="394" tId="3" fbRx="43.0535485" lbRx="0" />
<wpr uId="394" tId="8" fbRx="43.0535485" lbRx="0" />
<pr uId="395" fId="8" fbTx="43.0536885" meta-info="ns3::WifiMacHeader (CTL_ACK Duration/ID=0us, RA=00:00:00:00:00:0a) ns3::WifiMacTrailer ()" />
<wpr uId="395" tId="3" fbRx="43.0536885" lbRx="0" />
<wpr uId="395" tId="2" fbRx="43.05368933" lbRx="0" />
<wpr uId="395" tId="4" fbRx="43.05368933" lbRx="0" />
<wpr uId="395" tId="7" fbRx="43.05368933" lbRx="0" />
<wpr uId="395" tId="9" fbRx="43.05368933" lbRx="0" />
<pr uId="396" fId="6" fbTx="43.095" meta-info="ns3::WifiMacHeader (DATA ToDS=0, FromDS=0, MoreFrag=0, Retry=0, MoreData=0 Duration/ID=0us, DA=ff:ff:ff:ff:ff:ff, SA=00:00:00:00:00:07, BSSID=00:00:00:00:00:07, FragNumber=0, SeqNumber=46) ns3::LlcSnapHeader (type 0x800) ns3::Ipv4Header (tos 0x0 DSCP Default ECN Not-ECT ttl 64 id 40 protocol 17 offset (bytes) 0 flags [none] length: 45 192.168.2.2 &gt; 192.168.2.255) ns3::UdpHeader (length: 25 269 &gt; 269) ns3::Epidemic::TypeHeader (BEACON) ns3::Epidemic::EpidemicHeader ( Packet ID: 1101480448 Hop count: 1000 TimeStamp: +0.0ns) ns3::WifiMacTrailer ()" />
<wpr uId="396" tId="1" fbRx="43.095" lbRx="0" />
<wpr uId="396" tId="2" fbRx="43.09500083" lbRx="0" />
<wpr uId="396" tId="7" fbRx="43.09500083" lbRx="0" />
<pr uId="397" fId="8" fbTx="43.153" meta-info="ns3::WifiMacHeader (DATA ToDS=0, FromDS=0, MoreFrag=0, Retry=0, MoreData=0 Duration/ID=0us, DA=ff:ff:ff:ff:ff:ff, SA=00:00:00:00:00:09, BSSID=00:00:00:00:00:09, FragNumber=0, SeqNumber=53) ns3::LlcSnapHeader (type 0x800) ns3::Ipv4Header (tos 0x0 DSCP Default ECN Not-ECT ttl 64 id 40 protocol 17 offset (bytes) 0 flags [none] length: 45 192.168.2.4 &gt; 192.168.2.255) ns3::UdpHeader (length: 25 269 &gt; 269) ns3::Epidemic::TypeHeader (BEACON) ns3::Epidemic::EpidemicHeader ( Packet ID: 1101480448 Hop count: 1000 TimeStamp: +0.0ns) ns3::WifiMacTrailer ()" />
<wpr uId="397" tId="3" fbRx="43.153" lbRx="0" />
<wpr uId="397" tId="2" fbRx="43.15300083" lbRx="0" />
<wpr uId="397" tId="4" fbRx="43.15300083" lbRx="0" />
<wpr uId="397" tId="7" fbRx="43.15300083" lbRx="0" />
<wpr uId="397" tId="9" fbRx="43.15300083" lbRx="0" />
<pr uId="398" fId="7" fbTx="43.15319383" meta-info="ns3::WifiMacHeader (DATA ToDS=0, FromDS=0, MoreFrag=0, Retry=0, MoreData=0 Duration/ID=60us, DA=00:00:00:00:00:09, SA=00:00:00:00:00:08, BSSID=00:00:00:00:00:08, FragNumber=0, SeqNumber=52) ns3::LlcSnapHeader (type 0x800) ns3::Ipv4Header (tos 0x0 DSCP Default ECN Not-ECT ttl 64 id 4 protocol 17 offset (bytes) 0 flags [none] length: 37 192.168.2.3 &gt; 192.168.2.4) ns3::UdpHeader (length: 17 269 &gt; 269) ns3::Epidemic::TypeHeader (REPLY) ns3::Epidemic::SummaryVectorHeader ( Summary_vector header with size: 1
Global IDs:
NodeID:PacketID
0.0.2.186:698
) ns3::WifiMacTrailer ()" />
<wpr uId="398" tId="2" fbRx="43.15319383" lbRx="0" />
<wpr uId="398" tId="1" fbRx="43.15319467" lbRx="0" />
<wpr uId="398" tId="3" fbRx="43.15319467" lbRx="0" />
<wpr uId="398" tId="6" fbRx="43.15319467" lbRx="0" />
<wpr uId="398" tId="8" fbRx="43.15319467" lbRx="0" />
<pr uId="399" fId="8" fbTx="43.15333467" meta-info="ns3::WifiMacHeader (CTL_ACK Duration/ID=0us, RA=00:00:00:00:00:08) ns3::WifiMacTrailer ()" />
<wpr uId="399" tId="3" fbRx="43.15333467" lbRx="0" />
<wpr uId="399" tId="2" fbRx="43.1533355" lbRx="0" />
<wpr uId="399" tId="4" fbRx="43.1533355" lbRx="0" />
<wpr uId="399" tId="7" fbRx="43.1533355" lbRx="0" />
<wpr uId="399" tId="9" fbRx="43.1533355" lbRx="0" />
<pr uId="400" fId="8" fbTx="43.15352967" meta-info="ns3::WifiMacHeader (DATA ToDS=0, FromDS=0, MoreFrag=0, Retry=0, MoreData=0 Duration/ID=60us, DA=00:00:00:00:00:08, SA=00:00:00:00:00:09, BSSID=00:00:00:00:00:09, FragNumber=0, SeqNumber=54) ns3::LlcSnapHeader (type 0x800) ns3::Ipv4Header (tos 0x0 DSCP Default ECN Not-ECT ttl 64 id 4 protocol 17 offset (bytes) 0 flags [none] length: 37 192.168.2.4 &gt; 192.168.2.3) ns3::UdpHeader (length: 17 269 &gt; 269) ns3::Epidemic::TypeHeader (REPLY_BACK) ns3::Epidemic::SummaryVectorHeader ( Summary_vector header with size: 1
Global IDs:
NodeID:PacketID
0.0.2.186:698
) ns3::WifiMacTrailer ()" />
<wpr uId="400" tId="3" fbRx="43.15352967" lbRx="0" />
<wpr uId="400" tId="2" fbRx="43.1535305" lbRx="0" />
<wpr uId="400" tId="4" fbRx="43.1535305" lbRx="0" />
<wpr uId="400" tId="7" fbRx="43.1535305" lbRx="0" />
<wpr uId="400" tId="9" fbRx="43.1535305" lbRx="0" />
<pr uId="401" fId="7" fbTx="43.1536705" meta-info="ns3::WifiMacHeader (CTL_ACK Duration/ID=0us, RA=00:00:00:00:00:09) ns3::WifiMacTrailer ()" />
<wpr uId="401" tId="2" fbRx="43.1536705" lbRx="0" />
<wpr uId="401" tId="1" fbRx="43.15367133" lbRx="0" />
<wpr uId="401" tId="3" fbRx="43.15367133" lbRx="0" />
<wpr uId="401" tId="6" fbRx="43.15367133" lbRx="0" />
<wpr uId="401" tId="8" fbRx="43.15367133" lbRx="0" />
<pr uId="402" fId="7" fbTx="43.199" meta-info="ns3::WifiMacHeader (DATA ToDS=0, FromDS=0, MoreFrag=0, Retry=0, MoreData=0 Duration/ID=0us, DA=ff:ff:ff:ff:ff:ff, SA=00:00:00:00:00:08, BSSID=00:00:00:00:00:08, FragNumber=0, SeqNumber=53) ns3::LlcSnapHeader (type 0x800) ns3::Ipv4Header (tos 0x0 DSCP Default ECN Not-ECT ttl 64 id 40 protocol 17 offset (bytes) 0 flags [none] length: 45 192.168.2.3 &gt; 192.168.2.255) ns3::UdpHeader (length: 25 269 &gt; 269) ns3::Epidemic::TypeHeader (BEACON) ns3::Epidemic::EpidemicHeader ( Packet ID: 1101480448 Hop count: 1000 TimeStamp: +0.0ns) ns3::WifiMacTrailer ()" />
<wpr uId="402" tId="2" fbRx="43.199" lbRx="0" />
<wpr uId="402" tId="1" fbRx="43.19900083" lbRx="0" />
<wpr uId="402" tId="3" fbRx="43.19900083" lbRx="0" />
<wpr uId="402" tId="6" fbRx="43.19900083" lbRx="0" />
<wpr uId="402" tId="8" fbRx="43.19900083" lbRx="0" />
<pr uId="403" fId="6" fbTx="43.19918483" meta-info="ns3::WifiMacHeader (DATA ToDS=0, FromDS=0, MoreFrag=0, Retry=0, MoreData=0 Duration/ID=60us, DA=00:00:00:00:00:08, SA=00:00:00:00:00:07, BSSID=00:00:00:00:00:07, FragNumber=0, SeqNumber=47) ns3::LlcSnapHeader (type 0x800) ns3::Ipv4Header (tos 0x0 DSCP Default ECN Not-ECT ttl 64 id 4 protocol 17 offset (bytes) 0 flags [none] length: 37 192.168.2.2 &gt; 192.168.2.3) ns3::UdpHeader (length: 17 269 &gt; 269) ns3::Epidemic::TypeHeader (REPLY) ns3::Epidemic::SummaryVectorHeader ( Summary_vector header with size: 1
Global IDs:
NodeID:PacketID
0.0.2.186:698
) ns3::WifiMacTrailer ()" />
<wpr uId="403" tId="1" fbRx="43.19918483" lbRx="0" />
<wpr uId="403" tId="2" fbRx="43.19918567" lbRx="0" />
<wpr uId="403" tId="7" fbRx="43.19918567" lbRx="0" />
<pr uId="404" fId="7" fbTx="43.19932567" meta-info="ns3::WifiMacHeader (CTL_ACK Duration/ID=0us, RA=00:00:00:00:00:07) ns3::WifiMacTrailer ()" />
<wpr uId="404" tId="2" fbRx="43.19932567" lbRx="0" />
<wpr uId="404" tId="1" fbRx="43.1993265" lbRx="0" />
<wpr uId="404" tId="3" fbRx="43.1993265" lbRx="0" />
<wpr uId="404" tId="6" fbRx="43.1993265" lbRx="0" />
<wpr uId="404" tId="8" fbRx="43.1993265" lbRx="0" />
<pr uId="405" fId="7" fbTx="43.19952067" meta-info="ns3::WifiMacHeader (DATA ToDS=0, FromDS=0, MoreFrag=0, Retry=0, MoreData=0 Duration/ID=60us, DA=00:00:00:00:00:07, SA=00:00:00:00:00:08, BSSID=00:00:00:00:00:08, FragNumber=0, SeqNumber=54) ns3::LlcSnapHeader (type 0x800) ns3::Ipv4Header (tos 0x0 DSCP Default ECN Not-ECT ttl 64 id 4 protocol 17 offset (bytes) 0 flags [none] length: 37 192.168.2.3 &gt; 192.168.2.2) ns3::UdpHeader (length: 17 269 &gt; 269) ns3::Epidemic::TypeHeader (REPLY_BACK) ns3::Epidemic::SummaryVectorHeader ( Summary_vector header with size: 1
Global IDs:
NodeID:PacketID
0.0.2.186:698
) ns3::WifiMacTrailer ()" />
<wpr uId="405" tId="2" fbRx="43.19952067" lbRx="0" />
<wpr uId="405" tId="1" fbRx="43.1995215" lbRx="0" />
<wpr uId="405" tId="3" fbRx="43.1995215" lbRx="0" />
<wpr uId="405" tId="6" fbRx="43.1995215" lbRx="0" />
<wpr uId="405" tId="8" fbRx="43.1995215" lbRx="0" />
<pr uId="406" fId="6" fbTx="43.1996615" meta-info="ns3::WifiMacHeader (CTL_ACK Duration/ID=0us, RA=00:00:00:00:00:08) ns3::WifiMacTrailer ()" />
<wpr uId="406" tId="1" fbRx="43.1996615" lbRx="0" />
<wpr uId="406" tId="2" fbRx="43.19966233" lbRx="0" />
<wpr uId="406" tId="7" fbRx="43.19966233" lbRx="0" />
<pr uId="407" fId="5" fbTx="43.925" meta-info="ns3::WifiMacHeader (DATA ToDS=0, FromDS=0, MoreFrag=0, Retry=0, MoreData=0 Duration/ID=0us, DA=ff:ff:ff:ff:ff:ff, SA=00:00:00:00:00:06, BSSID=00:00:00:00:00:06, FragNumber=0, SeqNumber=41) ns3::LlcSnapHeader (type 0x800) ns3::Ipv4Header (tos 0x0 DSCP Default ECN Not-ECT ttl 64 id 41 protocol 17 offset (bytes) 0 flags [none] length: 45 192.168.2.1 &gt; 192.168.2.255) ns3::UdpHeader (length: 25 269 &gt; 269) ns3::Epidemic::TypeHeader (BEACON) ns3::Epidemic::EpidemicHeader ( Packet ID: 1101480448 Hop count: 1000 TimeStamp: +0.0ns) ns3::WifiMacTrailer ()" />
<wpr uId="407" tId="0" fbRx="43.925" lbRx="0" />
<pr uId="408" fId="1" fbTx="44.08192728" meta-info="ns3::WifiMacHeader (DATA ToDS=0, FromDS=0, MoreFrag=0, Retry=0, MoreData=0 Duration/ID=0us, DA=ff:ff:ff:ff:ff:ff, SA=00:00:00:00:00:02, BSSID=00:00:00:00:00:02, FragNumber=0, SeqNumber=22) ns3::LlcSnapHeader (type 0x800) ns3::Ipv4Header (tos 0x0 DSCP Default ECN Not-ECT ttl 64 id 22 protocol 17 offset (bytes) 0 flags [none] length: 56 192.168.1.2 &gt; 192.168.1.255) ns3::UdpHeader (length: 36 698 &gt; 698) ns3::olsr::PacketHeader () ns3::olsr::MessageHeader () ns3::WifiMacTrailer ()" />
<wpr uId="408" tId="6" fbRx="44.08192728" lbRx="0" />
<wpr uId="408" tId="2" fbRx="44.08192812" lbRx="0" />
<wpr uId="408" tId="7" fbRx="44.08192812" lbRx="0" />
<pr uId="409" fId="3" fbTx="44.09231389" meta-info="ns3::WifiMacHeader (DATA ToDS=0, FromDS=0, MoreFrag=0, Retry=0, MoreData=0 Duration/ID=0us, DA=ff:ff:ff:ff:ff:ff, SA=00:00:00:00:00:04, BSSID=00:00:00:00:00:04, FragNumber=0, SeqNumber=27) ns3::LlcSnapHeader (type 0x800) ns3::Ipv4Header (tos 0x0 DSCP Default ECN Not-ECT ttl 64 id 27 protocol 17 offset (bytes) 0 flags [none] length: 64 192.168.1.4 &gt; 192.168.1.255) ns3::UdpHeader (length: 44 698 &gt; 698) ns3::olsr::PacketHeader () ns3::olsr::MessageHeader () ns3::WifiMacTrailer ()" />
<wpr uId="409" tId="8" fbRx="44.09231389" lbRx="0" />
<wpr uId="409" tId="2" fbRx="44.09231472" lbRx="0" />
<wpr uId="409" tId="4" fbRx="44.09231472" lbRx="0" />
<wpr uId="409" tId="7" fbRx="44.09231472" lbRx="0" />
<wpr uId="409" tId="9" fbRx="44.09231472" lbRx="0" />
<pr uId="410" fId="9" fbTx="44.093" meta-info="ns3::WifiMacHeader (DATA ToDS=0, FromDS=0, MoreFrag=0, Retry=0, MoreData=0 Duration/ID=0us, DA=ff:ff:ff:ff:ff:ff, SA=00:00:00:00:00:0a, BSSID=00:00:00:00:00:0a, FragNumber=0, SeqNumber=48) ns3::LlcSnapHeader (type 0x800) ns3::Ipv4Header (tos 0x0 DSCP Default ECN Not-ECT ttl 64 id 41 protocol 17 offset (bytes) 0 flags [none] length: 45 192.168.2.5 &gt; 192.168.2.255) ns3::UdpHeader (length: 25 269 &gt; 269) ns3::Epidemic::TypeHeader (BEACON) ns3::Epidemic::EpidemicHeader ( Packet ID: 1101480448 Hop count: 1000 TimeStamp: +0.0ns) ns3::WifiMacTrailer ()" />
<wpr uId="410" tId="4" fbRx="44.093" lbRx="0" />
<wpr uId="410" tId="3" fbRx="44.09300083" lbRx="0" />
<wpr uId="410" tId="8" fbRx="44.09300083" lbRx="0" />
<pr uId="411" fId="6" fbTx="44.109" meta-info="ns3::WifiMacHeader (DATA ToDS=0, FromDS=0, MoreFrag=0, Retry=0, MoreData=0 Duration/ID=0us, DA=ff:ff:ff:ff:ff:ff, SA=00:00:00:00:00:07, BSSID=00:00:00:00:00:07, FragNumber=0, SeqNumber=48) ns3::LlcSnapHeader (type 0x800) ns3::Ipv4Header (tos 0x0 DSCP Default ECN Not-ECT ttl 64 id 41 protocol 17 offset (bytes) 0 flags [none] length: 45 192.168.2.2 &gt; 192.168.2.255) ns3::UdpHeader (length: 25 269 &gt; 269) ns3::Epidemic::TypeHeader (BEACON) ns3::Epidemic::EpidemicHeader ( Packet ID: 1101480448 Hop count: 1000 TimeStamp: +0.0ns) ns3::WifiMacTrailer ()" />
<wpr uId="411" tId="1" fbRx="44.109" lbRx="0" />
<wpr uId="411" tId="2" fbRx="44.10900083" lbRx="0" />
<wpr uId="411" tId="7" fbRx="44.10900083" lbRx="0" />
<pr uId="412" fId="2" fbTx="44.20374601" meta-info="ns3::WifiMacHeader (DATA ToDS=0, FromDS=0, MoreFrag=0, Retry=0, MoreData=0 Duration/ID=0us, DA=ff:ff:ff:ff:ff:ff, SA=00:00:00:00:00:03, BSSID=00:00:00:00:00:03, FragNumber=0, SeqNumber=30) ns3::LlcSnapHeader (type 0x800) ns3::Ipv4Header (tos 0x0 DSCP Default ECN Not-ECT ttl 64 id 30 protocol 17 offset (bytes) 0 flags [none] length: 64 192.168.1.3 &gt; 192.168.1.255) ns3::UdpHeader (length: 44 698 &gt; 698) ns3::olsr::PacketHeader () ns3::olsr::MessageHeader () ns3::WifiMacTrailer ()" />
<wpr uId="412" tId="7" fbRx="44.20374601" lbRx="0" />
<wpr uId="412" tId="1" fbRx="44.20374684" lbRx="0" />
<wpr uId="412" tId="3" fbRx="44.20374684" lbRx="0" />
<wpr uId="412" tId="6" fbRx="44.20374684" lbRx="0" />
<wpr uId="412" tId="8" fbRx="44.20374684" lbRx="0" />
<pr uId="413" fId="7" fbTx="44.232" meta-info="ns3::WifiMacHeader (DATA ToDS=0, FromDS=0, MoreFrag=0, Retry=0, MoreData=0 Duration/ID=0us, DA=ff:ff:ff:ff:ff:ff, SA=00:00:00:00:00:08, BSSID=00:00:00:00:00:08, FragNumber=0, SeqNumber=55) ns3::LlcSnapHeader (type 0x800) ns3::Ipv4Header (tos 0x0 DSCP Default ECN Not-ECT ttl 64 id 41 protocol 17 offset (bytes) 0 flags [none] length: 45 192.168.2.3 &gt; 192.168.2.255) ns3::UdpHeader (length: 25 269 &gt; 269) ns3::Epidemic::TypeHeader (BEACON) ns3::Epidemic::EpidemicHeader ( Packet ID: 1101480448 Hop count: 1000 TimeStamp: +0.0ns) ns3::WifiMacTrailer ()" />
<wpr uId="413" tId="2" fbRx="44.232" lbRx="0" />
<wpr uId="413" tId="1" fbRx="44.23200083" lbRx="0" />
<wpr uId="413" tId="3" fbRx="44.23200083" lbRx="0" />
<wpr uId="413" tId="6" fbRx="44.23200083" lbRx="0" />
<wpr uId="413" tId="8" fbRx="44.23200083" lbRx="0" />
<pr uId="414" fId="8" fbTx="44.252" meta-info="ns3::WifiMacHeader (DATA ToDS=0, FromDS=0, MoreFrag=0, Retry=0, MoreData=0 Duration/ID=0us, DA=ff:ff:ff:ff:ff:ff, SA=00:00:00:00:00:09, BSSID=00:00:00:00:00:09, FragNumber=0, SeqNumber=55) ns3::LlcSnapHeader (type 0x800) ns3::Ipv4Header (tos 0x0 DSCP Default ECN Not-ECT ttl 64 id 41 protocol 17 offset (bytes) 0 flags [none] length: 45 192.168.2.4 &gt; 192.168.2.255) ns3::UdpHeader (length: 25 269 &gt; 269) ns3::Epidemic::TypeHeader (BEACON) ns3::Epidemic::EpidemicHeader ( Packet ID: 1101480448 Hop count: 1000 TimeStamp: +0.0ns) ns3::WifiMacTrailer ()" />
<wpr uId="414" tId="3" fbRx="44.252" lbRx="0" />
<wpr uId="414" tId="2" fbRx="44.25200083" lbRx="0" />
<wpr uId="414" tId="4" fbRx="44.25200083" lbRx="0" />
<wpr uId="414" tId="7" fbRx="44.25200083" lbRx="0" />
<wpr uId="414" tId="9" fbRx="44.25200083" lbRx="0" />
<pr uId="415" fId="0" fbTx="44.31432006" meta-info="ns3::WifiMacHeader (DATA ToDS=0, FromDS=0, MoreFrag=0, Retry=0, MoreData=0 Duration/ID=0us, DA=ff:ff:ff:ff:ff:ff, SA=00:00:00:00:00:01, BSSID=00:00:00:00:00:01, FragNumber=0, SeqNumber=22) ns3::LlcSnapHeader (type 0x800) ns3::Ipv4Header (tos 0x0 DSCP Default ECN Not-ECT ttl 64 id 22 protocol 17 offset (bytes) 0 flags [none] length: 48 192.168.1.1 &gt; 192.168.1.255) ns3::UdpHeader (length: 28 698 &gt; 698) ns3::olsr::PacketHeader () ns3::olsr::MessageHeader () ns3::WifiMacTrailer ()" />
<wpr uId="415" tId="5" fbRx="44.31432006" lbRx="0" />
<pr uId="416" fId="4" fbTx="44.46516086" meta-info="ns3::WifiMacHeader (DATA ToDS=0, FromDS=0, MoreFrag=0, Retry=0, MoreData=0 Duration/ID=0us, DA=ff:ff:ff:ff:ff:ff, SA=00:00:00:00:00:05, BSSID=00:00:00:00:00:05, FragNumber=0, SeqNumber=22) ns3::LlcSnapHeader (type 0x800) ns3::Ipv4Header (tos 0x0 DSCP Default ECN Not-ECT ttl 64 id 22 protocol 17 offset (bytes) 0 flags [none] length: 56 192.168.1.5 &gt; 192.168.1.255) ns3::UdpHeader (length: 36 698 &gt; 698) ns3::olsr::PacketHeader () ns3::olsr::MessageHeader () ns3::WifiMacTrailer ()" />
<wpr uId="416" tId="9" fbRx="44.46516086" lbRx="0" />
<wpr uId="416" tId="3" fbRx="44.46516169" lbRx="0" />
<wpr uId="416" tId="8" fbRx="44.46516169" lbRx="0" />
<pr uId="417" fId="5" fbTx="45.002" meta-info="ns3::WifiMacHeader (DATA ToDS=0, FromDS=0, MoreFrag=0, Retry=0, MoreData=0 Duration/ID=0us, DA=ff:ff:ff:ff:ff:ff, SA=00:00:00:00:00:06, BSSID=00:00:00:00:00:06, FragNumber=0, SeqNumber=42) ns3::LlcSnapHeader (type 0x800) ns3::Ipv4Header (tos 0x0 DSCP Default ECN Not-ECT ttl 64 id 42 protocol 17 offset (bytes) 0 flags [none] length: 45 192.168.2.1 &gt; 192.168.2.255) ns3::UdpHeader (length: 25 269 &gt; 269) ns3::Epidemic::TypeHeader (BEACON) ns3::Epidemic::EpidemicHeader ( Packet ID: 1101480448 Hop count: 1000 TimeStamp: +0.0ns) ns3::WifiMacTrailer ()" />
<wpr uId="417" tId="0" fbRx="45.002" lbRx="0" />
<pr uId="418" fId="9" fbTx="45.112" meta-info="ns3::WifiMacHeader (DATA ToDS=0, FromDS=0, MoreFrag=0, Retry=0, MoreData=0 Duration/ID=0us, DA=ff:ff:ff:ff:ff:ff, SA=00:00:00:00:00:0a, BSSID=00:00:00:00:00:0a, FragNumber=0, SeqNumber=49) ns3::LlcSnapHeader (type 0x800) ns3::Ipv4Header (tos 0x0 DSCP Default ECN Not-ECT ttl 64 id 42 protocol 17 offset (bytes) 0 flags [none] length: 45 192.168.2.5 &gt; 192.168.2.255) ns3::UdpHeader (length: 25 269 &gt; 269) ns3::Epidemic::TypeHeader (BEACON) ns3::Epidemic::EpidemicHeader ( Packet ID: 1101480448 Hop count: 1000 TimeStamp: +0.0ns) ns3::WifiMacTrailer ()" />
<wpr uId="418" tId="4" fbRx="45.112" lbRx="0" />
<wpr uId="418" tId="3" fbRx="45.11200083" lbRx="0" />
<wpr uId="418" tId="8" fbRx="45.11200083" lbRx="0" />
<pr uId="419" fId="6" fbTx="45.141" meta-info="ns3::WifiMacHeader (DATA ToDS=0, FromDS=0, MoreFrag=0, Retry=0, MoreData=0 Duration/ID=0us, DA=ff:ff:ff:ff:ff:ff, SA=00:00:00:00:00:07, BSSID=00:00:00:00:00:07, FragNumber=0, SeqNumber=49) ns3::LlcSnapHeader (type 0x800) ns3::Ipv4Header (tos 0x0 DSCP Default ECN Not-ECT ttl 64 id 42 protocol 17 offset (bytes) 0 flags [none] length: 45 192.168.2.2 &gt; 192.168.2.255) ns3::UdpHeader (length: 25 269 &gt; 269) ns3::Epidemic::TypeHeader (BEACON) ns3::Epidemic::EpidemicHeader ( Packet ID: 1101480448 Hop count: 1000 TimeStamp: +0.0ns) ns3::WifiMacTrailer ()" />
<wpr uId="419" tId="1" fbRx="45.141" lbRx="0" />
<wpr uId="419" tId="2" fbRx="45.14100083" lbRx="0" />
<wpr uId="419" tId="7" fbRx="45.14100083" lbRx="0" />
<pr uId="420" fId="3" fbTx="45.18205541" meta-info="ns3::WifiMacHeader (DATA ToDS=0, FromDS=0, MoreFrag=0, Retry=0, MoreData=0 Duration/ID=0us, DA=ff:ff:ff:ff:ff:ff, SA=00:00:00:00:00:04, BSSID=00:00:00:00:00:04, FragNumber=0, SeqNumber=28) ns3::LlcSnapHeader (type 0x800) ns3::Ipv4Header (tos 0x0 DSCP Default ECN Not-ECT ttl 64 id 28 protocol 17 offset (bytes) 0 flags [none] length: 56 192.168.1.4 &gt; 192.168.1.255) ns3::UdpHeader (length: 36 698 &gt; 698) ns3::olsr::PacketHeader () ns3::olsr::MessageHeader () ns3::WifiMacTrailer ()" />
<wpr uId="420" tId="8" fbRx="45.18205541" lbRx="0" />
<wpr uId="420" tId="2" fbRx="45.18205624" lbRx="0" />
<wpr uId="420" tId="4" fbRx="45.18205624" lbRx="0" />
<wpr uId="420" tId="7" fbRx="45.18205624" lbRx="0" />
<wpr uId="420" tId="9" fbRx="45.18205624" lbRx="0" />
<pr uId="421" fId="2" fbTx="45.19699092" meta-info="ns3::WifiMacHeader (DATA ToDS=0, FromDS=0, MoreFrag=0, Retry=0, MoreData=0 Duration/ID=0us, DA=ff:ff:ff:ff:ff:ff, SA=00:00:00:00:00:03, BSSID=00:00:00:00:00:03, FragNumber=0, SeqNumber=31) ns3::LlcSnapHeader (type 0x800) ns3::Ipv4Header (tos 0x0 DSCP Default ECN Not-ECT ttl 64 id 31 protocol 17 offset (bytes) 0 flags [none] length: 80 192.168.1.3 &gt; 192.168.1.255) ns3::UdpHeader (length: 60 698 &gt; 698) ns3::olsr::PacketHeader () ns3::olsr::MessageHeader () ns3::olsr::MessageHeader () ns3::WifiMacTrailer ()" />
<wpr uId="421" tId="7" fbRx="45.19699092" lbRx="0" />
<wpr uId="421" tId="1" fbRx="45.19699175" lbRx="0" />
<wpr uId="421" tId="3" fbRx="45.19699175" lbRx="0" />
<wpr uId="421" tId="6" fbRx="45.19699175" lbRx="0" />
<wpr uId="421" tId="8" fbRx="45.19699175" lbRx="0" />
<pr uId="422" fId="3" fbTx="45.26388738" meta-info="ns3::WifiMacHeader (DATA ToDS=0, FromDS=0, MoreFrag=0, Retry=0, MoreData=0 Duration/ID=0us, DA=ff:ff:ff:ff:ff:ff, SA=00:00:00:00:00:04, BSSID=00:00:00:00:00:04, FragNumber=0, SeqNumber=29) ns3::LlcSnapHeader (type 0x800) ns3::Ipv4Header (tos 0x0 DSCP Default ECN Not-ECT ttl 64 id 29 protocol 17 offset (bytes) 0 flags [none] length: 56 192.168.1.4 &gt; 192.168.1.255) ns3::UdpHeader (length: 36 698 &gt; 698) ns3::olsr::PacketHeader () ns3::olsr::MessageHeader () ns3::WifiMacTrailer ()" />
<wpr uId="422" tId="8" fbRx="45.26388738" lbRx="0" />
<wpr uId="422" tId="2" fbRx="45.26388822" lbRx="0" />
<wpr uId="422" tId="4" fbRx="45.26388822" lbRx="0" />
<wpr uId="422" tId="7" fbRx="45.26388822" lbRx="0" />
<wpr uId="422" tId="9" fbRx="45.26388822" lbRx="0" />
<pr uId="423" fId="7" fbTx="45.286" meta-info="ns3::WifiMacHeader (DATA ToDS=0, FromDS=0, MoreFrag=0, Retry=0, MoreData=0 Duration/ID=0us, DA=ff:ff:ff:ff:ff:ff, SA=00:00:00:00:00:08, BSSID=00:00:00:00:00:08, FragNumber=0, SeqNumber=56) ns3::LlcSnapHeader (type 0x800) ns3::Ipv4Header (tos 0x0 DSCP Default ECN Not-ECT ttl 64 id 42 protocol 17 offset (bytes) 0 flags [none] length: 45 192.168.2.3 &gt; 192.168.2.255) ns3::UdpHeader (length: 25 269 &gt; 269) ns3::Epidemic::TypeHeader (BEACON) ns3::Epidemic::EpidemicHeader ( Packet ID: 1101480448 Hop count: 1000 TimeStamp: +0.0ns) ns3::WifiMacTrailer ()" />
<wpr uId="423" tId="2" fbRx="45.286" lbRx="0" />
<wpr uId="423" tId="1" fbRx="45.28600083" lbRx="0" />
<wpr uId="423" tId="3" fbRx="45.28600083" lbRx="0" />
<wpr uId="423" tId="6" fbRx="45.28600083" lbRx="0" />
<wpr uId="423" tId="8" fbRx="45.28600083" lbRx="0" />
<pr uId="424" fId="8" fbTx="45.294" meta-info="ns3::WifiMacHeader (DATA ToDS=0, FromDS=0, MoreFrag=0, Retry=0, MoreData=0 Duration/ID=0us, DA=ff:ff:ff:ff:ff:ff, SA=00:00:00:00:00:09, BSSID=00:00:00:00:00:09, FragNumber=0, SeqNumber=56) ns3::LlcSnapHeader (type 0x800) ns3::Ipv4Header (tos 0x0 DSCP Default ECN Not-ECT ttl 64 id 42 protocol 17 offset (bytes) 0 flags [none] length: 45 192.168.2.4 &gt; 192.168.2.255) ns3::UdpHeader (length: 25 269 &gt; 269) ns3::Epidemic::TypeHeader (BEACON) ns3::Epidemic::EpidemicHeader ( Packet ID: 1101480448 Hop count: 1000 TimeStamp: +0.0ns) ns3::WifiMacTrailer ()" />
<wpr uId="424" tId="3" fbRx="45.294" lbRx="0" />
<wpr uId="424" tId="2" fbRx="45.29400083" lbRx="0" />
<wpr uId="424" tId="4" fbRx="45.29400083" lbRx="0" />
<wpr uId="424" tId="7" fbRx="45.29400083" lbRx="0" />
<wpr uId="424" tId="9" fbRx="45.29400083" lbRx="0" />
<pr uId="425" fId="5" fbTx="46.075" meta-info="ns3::WifiMacHeader (DATA ToDS=0, FromDS=0, MoreFrag=0, Retry=0, MoreData=0 Duration/ID=0us, DA=ff:ff:ff:ff:ff:ff, SA=00:00:00:00:00:06, BSSID=00:00:00:00:00:06, FragNumber=0, SeqNumber=43) ns3::LlcSnapHeader (type 0x800) ns3::Ipv4Header (tos 0x0 DSCP Default ECN Not-ECT ttl 64 id 43 protocol 17 offset (bytes) 0 flags [none] length: 45 192.168.2.1 &gt; 192.168.2.255) ns3::UdpHeader (length: 25 269 &gt; 269) ns3::Epidemic::TypeHeader (BEACON) ns3::Epidemic::EpidemicHeader ( Packet ID: 1101480448 Hop count: 1000 TimeStamp: +0.0ns) ns3::WifiMacTrailer ()" />
<wpr uId="425" tId="0" fbRx="46.075" lbRx="0" />
<pr uId="426" fId="1" fbTx="46.08645196" meta-info="ns3::WifiMacHeader (DATA ToDS=0, FromDS=0, MoreFrag=0, Retry=0, MoreData=0 Duration/ID=0us, DA=ff:ff:ff:ff:ff:ff, SA=00:00:00:00:00:02, BSSID=00:00:00:00:00:02, FragNumber=0, SeqNumber=23) ns3::LlcSnapHeader (type 0x800) ns3::Ipv4Header (tos 0x0 DSCP Default ECN Not-ECT ttl 64 id 23 protocol 17 offset (bytes) 0 flags [none] length: 56 192.168.1.2 &gt; 192.168.1.255) ns3::UdpHeader (length: 36 698 &gt; 698) ns3::olsr::PacketHeader () ns3::olsr::MessageHeader () ns3::WifiMacTrailer ()" />
<wpr uId="426" tId="6" fbRx="46.08645196" lbRx="0" />
<wpr uId="426" tId="2" fbRx="46.08645279" lbRx="0" />
<wpr uId="426" tId="7" fbRx="46.08645279" lbRx="0" />
<pr uId="427" fId="9" fbTx="46.151" meta-info="ns3::WifiMacHeader (DATA ToDS=0, FromDS=0, MoreFrag=0, Retry=0, MoreData=0 Duration/ID=0us, DA=ff:ff:ff:ff:ff:ff, SA=00:00:00:00:00:0a, BSSID=00:00:00:00:00:0a, FragNumber=0, SeqNumber=50) ns3::LlcSnapHeader (type 0x800) ns3::Ipv4Header (tos 0x0 DSCP Default ECN Not-ECT ttl 64 id 43 protocol 17 offset (bytes) 0 flags [none] length: 45 192.168.2.5 &gt; 192.168.2.255) ns3::UdpHeader (length: 25 269 &gt; 269) ns3::Epidemic::TypeHeader (BEACON) ns3::Epidemic::EpidemicHeader ( Packet ID: 1101480448 Hop count: 1000 TimeStamp: +0.0ns) ns3::WifiMacTrailer ()" />
<wpr uId="427" tId="4" fbRx="46.151" lbRx="0" />
<wpr uId="427" tId="3" fbRx="46.15100083" lbRx="0" />
<wpr uId="427" tId="8" fbRx="46.15100083" lbRx="0" />
<pr uId="428" fId="2" fbTx="46.15869662" meta-info="ns3::WifiMacHeader (DATA ToDS=0, FromDS=0, MoreFrag=0, Retry=0, MoreData=0 Duration/ID=0us, DA=ff:ff:ff:ff:ff:ff, SA=00:00:00:00:00:03, BSSID=00:00:00:00:00:03, FragNumber=0, SeqNumber=32) ns3::LlcSnapHeader (type 0x800) ns3::Ipv4Header (tos 0x0 DSCP Default ECN Not-ECT ttl 64 id 32 protocol 17 offset (bytes) 0 flags [none] length: 64 192.168.1.3 &gt; 192.168.1.255) ns3::UdpHeader (length: 44 698 &gt; 698) ns3::olsr::PacketHeader () ns3::olsr::MessageHeader () ns3::WifiMacTrailer ()" />
<wpr uId="428" tId="7" fbRx="46.15869662" lbRx="0" />
<wpr uId="428" tId="1" fbRx="46.15869746" lbRx="0" />
<wpr uId="428" tId="3" fbRx="46.15869746" lbRx="0" />
<wpr uId="428" tId="6" fbRx="46.15869746" lbRx="0" />
<wpr uId="428" tId="8" fbRx="46.15869746" lbRx="0" />
<pr uId="429" fId="6" fbTx="46.225" meta-info="ns3::WifiMacHeader (DATA ToDS=0, FromDS=0, MoreFrag=0, Retry=0, MoreData=0 Duration/ID=0us, DA=ff:ff:ff:ff:ff:ff, SA=00:00:00:00:00:07, BSSID=00:00:00:00:00:07, FragNumber=0, SeqNumber=50) ns3::LlcSnapHeader (type 0x800) ns3::Ipv4Header (tos 0x0 DSCP Default ECN Not-ECT ttl 64 id 43 protocol 17 offset (bytes) 0 flags [none] length: 45 192.168.2.2 &gt; 192.168.2.255) ns3::UdpHeader (length: 25 269 &gt; 269) ns3::Epidemic::TypeHeader (BEACON) ns3::Epidemic::EpidemicHeader ( Packet ID: 1101480448 Hop count: 1000 TimeStamp: +0.0ns) ns3::WifiMacTrailer ()" />
<wpr uId="429" tId="1" fbRx="46.225" lbRx="0" />
<wpr uId="429" tId="2" fbRx="46.22500083" lbRx="0" />
<wpr uId="429" tId="7" fbRx="46.22500083" lbRx="0" />
<pr uId="430" fId="3" fbTx="46.27218146" meta-info="ns3::WifiMacHeader (DATA ToDS=0, FromDS=0, MoreFrag=0, Retry=0, MoreData=0 Duration/ID=0us, DA=ff:ff:ff:ff:ff:ff, SA=00:00:00:00:00:04, BSSID=00:00:00:00:00:04, FragNumber=0, SeqNumber=30) ns3::LlcSnapHeader (type 0x800) ns3::Ipv4Header (tos 0x0 DSCP Default ECN Not-ECT ttl 64 id 30 protocol 17 offset (bytes) 0 flags [none] length: 64 192.168.1.4 &gt; 192.168.1.255) ns3::UdpHeader (length: 44 698 &gt; 698) ns3::olsr::PacketHeader () ns3::olsr::MessageHeader () ns3::WifiMacTrailer ()" />
<wpr uId="430" tId="8" fbRx="46.27218146" lbRx="0" />
<wpr uId="430" tId="2" fbRx="46.27218229" lbRx="0" />
<wpr uId="430" tId="4" fbRx="46.27218229" lbRx="0" />
<wpr uId="430" tId="7" fbRx="46.27218229" lbRx="0" />
<wpr uId="430" tId="9" fbRx="46.27218229" lbRx="0" />
<pr uId="431" fId="7" fbTx="46.298" meta-info="ns3::WifiMacHeader (DATA ToDS=0, FromDS=0, MoreFrag=0, Retry=0, MoreData=0 Duration/ID=0us, DA=ff:ff:ff:ff:ff:ff, SA=00:00:00:00:00:08, BSSID=00:00:00:00:00:08, FragNumber=0, SeqNumber=57) ns3::LlcSnapHeader (type 0x800) ns3::Ipv4Header (tos 0x0 DSCP Default ECN Not-ECT ttl 64 id 43 protocol 17 offset (bytes) 0 flags [none] length: 45 192.168.2.3 &gt; 192.168.2.255) ns3::UdpHeader (length: 25 269 &gt; 269) ns3::Epidemic::TypeHeader (BEACON) ns3::Epidemic::EpidemicHeader ( Packet ID: 1101480448 Hop count: 1000 TimeStamp: +0.0ns) ns3::WifiMacTrailer ()" />
<wpr uId="431" tId="2" fbRx="46.298" lbRx="0" />
<wpr uId="431" tId="1" fbRx="46.29800083" lbRx="0" />
<wpr uId="431" tId="3" fbRx="46.29800083" lbRx="0" />
<wpr uId="431" tId="6" fbRx="46.29800083" lbRx="0" />
<wpr uId="431" tId="8" fbRx="46.29800083" lbRx="0" />
<pr uId="432" fId="8" fbTx="46.32" meta-info="ns3::WifiMacHeader (DATA ToDS=0, FromDS=0, MoreFrag=0, Retry=0, MoreData=0 Duration/ID=0us, DA=ff:ff:ff:ff:ff:ff, SA=00:00:00:00:00:09, BSSID=00:00:00:00:00:09, FragNumber=0, SeqNumber=57) ns3::LlcSnapHeader (type 0x800) ns3::Ipv4Header (tos 0x0 DSCP Default ECN Not-ECT ttl 64 id 43 protocol 17 offset (bytes) 0 flags [none] length: 45 192.168.2.4 &gt; 192.168.2.255) ns3::UdpHeader (length: 25 269 &gt; 269) ns3::Epidemic::TypeHeader (BEACON) ns3::Epidemic::EpidemicHeader ( Packet ID: 1101480448 Hop count: 1000 TimeStamp: +0.0ns) ns3::WifiMacTrailer ()" />
<wpr uId="432" tId="3" fbRx="46.32" lbRx="0" />
<wpr uId="432" tId="2" fbRx="46.32000083" lbRx="0" />
<wpr uId="432" tId="4" fbRx="46.32000083" lbRx="0" />
<wpr uId="432" tId="7" fbRx="46.32000083" lbRx="0" />
<wpr uId="432" tId="9" fbRx="46.32000083" lbRx="0" />
<pr uId="433" fId="4" fbTx="46.35852216" meta-info="ns3::WifiMacHeader (DATA ToDS=0, FromDS=0, MoreFrag=0, Retry=0, MoreData=0 Duration/ID=0us, DA=ff:ff:ff:ff:ff:ff, SA=00:00:00:00:00:05, BSSID=00:00:00:00:00:05, FragNumber=0, SeqNumber=23) ns3::LlcSnapHeader (type 0x800) ns3::Ipv4Header (tos 0x0 DSCP Default ECN Not-ECT ttl 64 id 23 protocol 17 offset (bytes) 0 flags [none] length: 56 192.168.1.5 &gt; 192.168.1.255) ns3::UdpHeader (length: 36 698 &gt; 698) ns3::olsr::PacketHeader () ns3::olsr::MessageHeader () ns3::WifiMacTrailer ()" />
<wpr uId="433" tId="9" fbRx="46.35852216" lbRx="0" />
<wpr uId="433" tId="3" fbRx="46.35852299" lbRx="0" />
<wpr uId="433" tId="8" fbRx="46.35852299" lbRx="0" />
<pr uId="434" fId="0" fbTx="46.47422231" meta-info="ns3::WifiMacHeader (DATA ToDS=0, FromDS=0, MoreFrag=0, Retry=0, MoreData=0 Duration/ID=0us, DA=ff:ff:ff:ff:ff:ff, SA=00:00:00:00:00:01, BSSID=00:00:00:00:00:01, FragNumber=0, SeqNumber=23) ns3::LlcSnapHeader (type 0x800) ns3::Ipv4Header (tos 0x0 DSCP Default ECN Not-ECT ttl 64 id 23 protocol 17 offset (bytes) 0 flags [none] length: 48 192.168.1.1 &gt; 192.168.1.255) ns3::UdpHeader (length: 28 698 &gt; 698) ns3::olsr::PacketHeader () ns3::olsr::MessageHeader () ns3::WifiMacTrailer ()" />
<wpr uId="434" tId="5" fbRx="46.47422231" lbRx="0" />
<pr uId="435" fId="5" fbTx="47.087" meta-info="ns3::WifiMacHeader (DATA ToDS=0, FromDS=0, MoreFrag=0, Retry=0, MoreData=0 Duration/ID=0us, DA=ff:ff:ff:ff:ff:ff, SA=00:00:00:00:00:06, BSSID=00:00:00:00:00:06, FragNumber=0, SeqNumber=44) ns3::LlcSnapHeader (type 0x800) ns3::Ipv4Header (tos 0x0 DSCP Default ECN Not-ECT ttl 64 id 44 protocol 17 offset (bytes) 0 flags [none] length: 45 192.168.2.1 &gt; 192.168.2.255) ns3::UdpHeader (length: 25 269 &gt; 269) ns3::Epidemic::TypeHeader (BEACON) ns3::Epidemic::EpidemicHeader ( Packet ID: 1101480448 Hop count: 1000 TimeStamp: +0.0ns) ns3::WifiMacTrailer ()" />
<wpr uId="435" tId="0" fbRx="47.087" lbRx="0" />
<pr uId="436" fId="9" fbTx="47.182" meta-info="ns3::WifiMacHeader (DATA ToDS=0, FromDS=0, MoreFrag=0, Retry=0, MoreData=0 Duration/ID=0us, DA=ff:ff:ff:ff:ff:ff, SA=00:00:00:00:00:0a, BSSID=00:00:00:00:00:0a, FragNumber=0, SeqNumber=51) ns3::LlcSnapHeader (type 0x800) ns3::Ipv4Header (tos 0x0 DSCP Default ECN Not-ECT ttl 64 id 44 protocol 17 offset (bytes) 0 flags [none] length: 45 192.168.2.5 &gt; 192.168.2.255) ns3::UdpHeader (length: 25 269 &gt; 269) ns3::Epidemic::TypeHeader (BEACON) ns3::Epidemic::EpidemicHeader ( Packet ID: 1101480448 Hop count: 1000 TimeStamp: +0.0ns) ns3::WifiMacTrailer ()" />
<wpr uId="436" tId="4" fbRx="47.182" lbRx="0" />
<wpr uId="436" tId="3" fbRx="47.18200083" lbRx="0" />
<wpr uId="436" tId="8" fbRx="47.18200083" lbRx="0" />
<pr uId="437" fId="6" fbTx="47.233" meta-info="ns3::WifiMacHeader (DATA ToDS=0, FromDS=0, MoreFrag=0, Retry=0, MoreData=0 Duration/ID=0us, DA=ff:ff:ff:ff:ff:ff, SA=00:00:00:00:00:07, BSSID=00:00:00:00:00:07, FragNumber=0, SeqNumber=51) ns3::LlcSnapHeader (type 0x800) ns3::Ipv4Header (tos 0x0 DSCP Default ECN Not-ECT ttl 64 id 44 protocol 17 offset (bytes) 0 flags [none] length: 45 192.168.2.2 &gt; 192.168.2.255) ns3::UdpHeader (length: 25 269 &gt; 269) ns3::Epidemic::TypeHeader (BEACON) ns3::Epidemic::EpidemicHeader ( Packet ID: 1101480448 Hop count: 1000 TimeStamp: +0.0ns) ns3::WifiMacTrailer ()" />
<wpr uId="437" tId="1" fbRx="47.233" lbRx="0" />
<wpr uId="437" tId="2" fbRx="47.23300083" lbRx="0" />
<wpr uId="437" tId="7" fbRx="47.23300083" lbRx="0" />
<pr uId="438" fId="7" fbTx="47.338" meta-info="ns3::WifiMacHeader (DATA ToDS=0, FromDS=0, MoreFrag=0, Retry=0, MoreData=0 Duration/ID=0us, DA=ff:ff:ff:ff:ff:ff, SA=00:00:00:00:00:08, BSSID=00:00:00:00:00:08, FragNumber=0, SeqNumber=58) ns3::LlcSnapHeader (type 0x800) ns3::Ipv4Header (tos 0x0 DSCP Default ECN Not-ECT ttl 64 id 44 protocol 17 offset (bytes) 0 flags [none] length: 45 192.168.2.3 &gt; 192.168.2.255) ns3::UdpHeader (length: 25 269 &gt; 269) ns3::Epidemic::TypeHeader (BEACON) ns3::Epidemic::EpidemicHeader ( Packet ID: 1101480448 Hop count: 1000 TimeStamp: +0.0ns) ns3::WifiMacTrailer ()" />
<wpr uId="438" tId="2" fbRx="47.338" lbRx="0" />
<wpr uId="438" tId="1" fbRx="47.33800083" lbRx="0" />
<wpr uId="438" tId="3" fbRx="47.33800083" lbRx="0" />
<wpr uId="438" tId="6" fbRx="47.33800083" lbRx="0" />
<wpr uId="438" tId="8" fbRx="47.33800083" lbRx="0" />
<pr uId="439" fId="8" fbTx="47.4" meta-info="ns3::WifiMacHeader (DATA ToDS=0, FromDS=0, MoreFrag=0, Retry=0, MoreData=0 Duration/ID=0us, DA=ff:ff:ff:ff:ff:ff, SA=00:00:00:00:00:09, BSSID=00:00:00:00:00:09, FragNumber=0, SeqNumber=58) ns3::LlcSnapHeader (type 0x800) ns3::Ipv4Header (tos 0x0 DSCP Default ECN Not-ECT ttl 64 id 44 protocol 17 offset (bytes) 0 flags [none] length: 45 192.168.2.4 &gt; 192.168.2.255) ns3::UdpHeader (length: 25 269 &gt; 269) ns3::Epidemic::TypeHeader (BEACON) ns3::Epidemic::EpidemicHeader ( Packet ID: 1101480448 Hop count: 1000 TimeStamp: +0.0ns) ns3::WifiMacTrailer ()" />
<wpr uId="439" tId="3" fbRx="47.4" lbRx="0" />
<wpr uId="439" tId="2" fbRx="47.40000083" lbRx="0" />
<wpr uId="439" tId="4" fbRx="47.40000083" lbRx="0" />
<wpr uId="439" tId="7" fbRx="47.40000083" lbRx="0" />
<wpr uId="439" tId="9" fbRx="47.40000083" lbRx="0" />
<pr uId="440" fId="5" fbTx="48.095" meta-info="ns3::WifiMacHeader (DATA ToDS=0, FromDS=0, MoreFrag=0, Retry=0, MoreData=0 Duration/ID=0us, DA=ff:ff:ff:ff:ff:ff, SA=00:00:00:00:00:06, BSSID=00:00:00:00:00:06, FragNumber=0, SeqNumber=45) ns3::LlcSnapHeader (type 0x800) ns3::Ipv4Header (tos 0x0 DSCP Default ECN Not-ECT ttl 64 id 45 protocol 17 offset (bytes) 0 flags [none] length: 45 192.168.2.1 &gt; 192.168.2.255) ns3::UdpHeader (length: 25 269 &gt; 269) ns3::Epidemic::TypeHeader (BEACON) ns3::Epidemic::EpidemicHeader ( Packet ID: 1101480448 Hop count: 1000 TimeStamp: +0.0ns) ns3::WifiMacTrailer ()" />
<wpr uId="440" tId="0" fbRx="48.095" lbRx="0" />
<pr uId="441" fId="3" fbTx="48.11469991" meta-info="ns3::WifiMacHeader (DATA ToDS=0, FromDS=0, MoreFrag=0, Retry=0, MoreData=0 Duration/ID=0us, DA=ff:ff:ff:ff:ff:ff, SA=00:00:00:00:00:04, BSSID=00:00:00:00:00:04, FragNumber=0, SeqNumber=31) ns3::LlcSnapHeader (type 0x800) ns3::Ipv4Header (tos 0x0 DSCP Default ECN Not-ECT ttl 64 id 31 protocol 17 offset (bytes) 0 flags [none] length: 64 192.168.1.4 &gt; 192.168.1.255) ns3::UdpHeader (length: 44 698 &gt; 698) ns3::olsr::PacketHeader () ns3::olsr::MessageHeader () ns3::WifiMacTrailer ()" />
<wpr uId="441" tId="8" fbRx="48.11469991" lbRx="0" />
<wpr uId="441" tId="2" fbRx="48.11470075" lbRx="0" />
<wpr uId="441" tId="4" fbRx="48.11470075" lbRx="0" />
<wpr uId="441" tId="7" fbRx="48.11470075" lbRx="0" />
<wpr uId="441" tId="9" fbRx="48.11470075" lbRx="0" />
<pr uId="442" fId="1" fbTx="48.1751141" meta-info="ns3::WifiMacHeader (DATA ToDS=0, FromDS=0, MoreFrag=0, Retry=0, MoreData=0 Duration/ID=0us, DA=ff:ff:ff:ff:ff:ff, SA=00:00:00:00:00:02, BSSID=00:00:00:00:00:02, FragNumber=0, SeqNumber=24) ns3::LlcSnapHeader (type 0x800) ns3::Ipv4Header (tos 0x0 DSCP Default ECN Not-ECT ttl 64 id 24 protocol 17 offset (bytes) 0 flags [none] length: 56 192.168.1.2 &gt; 192.168.1.255) ns3::UdpHeader (length: 36 698 &gt; 698) ns3::olsr::PacketHeader () ns3::olsr::MessageHeader () ns3::WifiMacTrailer ()" />
<wpr uId="442" tId="6" fbRx="48.1751141" lbRx="0" />
<wpr uId="442" tId="2" fbRx="48.17511493" lbRx="0" />
<wpr uId="442" tId="7" fbRx="48.17511493" lbRx="0" />
<pr uId="443" fId="9" fbTx="48.221" meta-info="ns3::WifiMacHeader (DATA ToDS=0, FromDS=0, MoreFrag=0, Retry=0, MoreData=0 Duration/ID=0us, DA=ff:ff:ff:ff:ff:ff, SA=00:00:00:00:00:0a, BSSID=00:00:00:00:00:0a, FragNumber=0, SeqNumber=52) ns3::LlcSnapHeader (type 0x800) ns3::Ipv4Header (tos 0x0 DSCP Default ECN Not-ECT ttl 64 id 45 protocol 17 offset (bytes) 0 flags [none] length: 45 192.168.2.5 &gt; 192.168.2.255) ns3::UdpHeader (length: 25 269 &gt; 269) ns3::Epidemic::TypeHeader (BEACON) ns3::Epidemic::EpidemicHeader ( Packet ID: 1101480448 Hop count: 1000 TimeStamp: +0.0ns) ns3::WifiMacTrailer ()" />
<wpr uId="443" tId="4" fbRx="48.221" lbRx="0" />
<wpr uId="443" tId="3" fbRx="48.22100083" lbRx="0" />
<wpr uId="443" tId="8" fbRx="48.22100083" lbRx="0" />
<pr uId="444" fId="6" fbTx="48.294" meta-info="ns3::WifiMacHeader (DATA ToDS=0, FromDS=0, MoreFrag=0, Retry=0, MoreData=0 Duration/ID=0us, DA=ff:ff:ff:ff:ff:ff, SA=00:00:00:00:00:07, BSSID=00:00:00:00:00:07, FragNumber=0, SeqNumber=52) ns3::LlcSnapHeader (type 0x800) ns3::Ipv4Header (tos 0x0 DSCP Default ECN Not-ECT ttl 64 id 45 protocol 17 offset (bytes) 0 flags [none] length: 45 192.168.2.2 &gt; 192.168.2.255) ns3::UdpHeader (length: 25 269 &gt; 269) ns3::Epidemic::TypeHeader (BEACON) ns3::Epidemic::EpidemicHeader ( Packet ID: 1101480448 Hop count: 1000 TimeStamp: +0.0ns) ns3::WifiMacTrailer ()" />
<wpr uId="444" tId="1" fbRx="48.294" lbRx="0" />
<wpr uId="444" tId="2" fbRx="48.29400083" lbRx="0" />
<wpr uId="444" tId="7" fbRx="48.29400083" lbRx="0" />
<pr uId="445" fId="4" fbTx="48.36008732" meta-info="ns3::WifiMacHeader (DATA ToDS=0, FromDS=0, MoreFrag=0, Retry=0, MoreData=0 Duration/ID=0us, DA=ff:ff:ff:ff:ff:ff, SA=00:00:00:00:00:05, BSSID=00:00:00:00:00:05, FragNumber=0, SeqNumber=24) ns3::LlcSnapHeader (type 0x800) ns3::Ipv4Header (tos 0x0 DSCP Default ECN Not-ECT ttl 64 id 24 protocol 17 offset (bytes) 0 flags [none] length: 56 192.168.1.5 &gt; 192.168.1.255) ns3::UdpHeader (length: 36 698 &gt; 698) ns3::olsr::PacketHeader () ns3::olsr::MessageHeader () ns3::WifiMacTrailer ()" />
<wpr uId="445" tId="9" fbRx="48.36008732" lbRx="0" />
<wpr uId="445" tId="3" fbRx="48.36008816" lbRx="0" />
<wpr uId="445" tId="8" fbRx="48.36008816" lbRx="0" />
<pr uId="446" fId="8" fbTx="48.423" meta-info="ns3::WifiMacHeader (DATA ToDS=0, FromDS=0, MoreFrag=0, Retry=0, MoreData=0 Duration/ID=0us, DA=ff:ff:ff:ff:ff:ff, SA=00:00:00:00:00:09, BSSID=00:00:00:00:00:09, FragNumber=0, SeqNumber=59) ns3::LlcSnapHeader (type 0x800) ns3::Ipv4Header (tos 0x0 DSCP Default ECN Not-ECT ttl 64 id 45 protocol 17 offset (bytes) 0 flags [none] length: 45 192.168.2.4 &gt; 192.168.2.255) ns3::UdpHeader (length: 25 269 &gt; 269) ns3::Epidemic::TypeHeader (BEACON) ns3::Epidemic::EpidemicHeader ( Packet ID: 1101480448 Hop count: 1000 TimeStamp: +0.0ns) ns3::WifiMacTrailer ()" />
<wpr uId="446" tId="3" fbRx="48.423" lbRx="0" />
<wpr uId="446" tId="2" fbRx="48.42300083" lbRx="0" />
<wpr uId="446" tId="4" fbRx="48.42300083" lbRx="0" />
<wpr uId="446" tId="7" fbRx="48.42300083" lbRx="0" />
<wpr uId="446" tId="9" fbRx="48.42300083" lbRx="0" />
<pr uId="447" fId="7" fbTx="48.427" meta-info="ns3::WifiMacHeader (DATA ToDS=0, FromDS=0, MoreFrag=0, Retry=0, MoreData=0 Duration/ID=0us, DA=ff:ff:ff:ff:ff:ff, SA=00:00:00:00:00:08, BSSID=00:00:00:00:00:08, FragNumber=0, SeqNumber=59) ns3::LlcSnapHeader (type 0x800) ns3::Ipv4Header (tos 0x0 DSCP Default ECN Not-ECT ttl 64 id 45 protocol 17 offset (bytes) 0 flags [none] length: 45 192.168.2.3 &gt; 192.168.2.255) ns3::UdpHeader (length: 25 269 &gt; 269) ns3::Epidemic::TypeHeader (BEACON) ns3::Epidemic::EpidemicHeader ( Packet ID: 1101480448 Hop count: 1000 TimeStamp: +0.0ns) ns3::WifiMacTrailer ()" />
<wpr uId="447" tId="2" fbRx="48.427" lbRx="0" />
<wpr uId="447" tId="1" fbRx="48.42700083" lbRx="0" />
<wpr uId="447" tId="3" fbRx="48.42700083" lbRx="0" />
<wpr uId="447" tId="6" fbRx="48.42700083" lbRx="0" />
<wpr uId="447" tId="8" fbRx="48.42700083" lbRx="0" />
<pr uId="448" fId="0" fbTx="48.44810651" meta-info="ns3::WifiMacHeader (DATA ToDS=0, FromDS=0, MoreFrag=0, Retry=0, MoreData=0 Duration/ID=0us, DA=ff:ff:ff:ff:ff:ff, SA=00:00:00:00:00:01, BSSID=00:00:00:00:00:01, FragNumber=0, SeqNumber=24) ns3::LlcSnapHeader (type 0x800) ns3::Ipv4Header (tos 0x0 DSCP Default ECN Not-ECT ttl 64 id 24 protocol 17 offset (bytes) 0 flags [none] length: 48 192.168.1.1 &gt; 192.168.1.255) ns3::UdpHeader (length: 28 698 &gt; 698) ns3::olsr::PacketHeader () ns3::olsr::MessageHeader () ns3::WifiMacTrailer ()" />
<wpr uId="448" tId="5" fbRx="48.44810651" lbRx="0" />
<pr uId="449" fId="2" fbTx="48.47859829" meta-info="ns3::WifiMacHeader (DATA ToDS=0, FromDS=0, MoreFrag=0, Retry=0, MoreData=0 Duration/ID=0us, DA=ff:ff:ff:ff:ff:ff, SA=00:00:00:00:00:03, BSSID=00:00:00:00:00:03, FragNumber=0, SeqNumber=33) ns3::LlcSnapHeader (type 0x800) ns3::Ipv4Header (tos 0x0 DSCP Default ECN Not-ECT ttl 64 id 33 protocol 17 offset (bytes) 0 flags [none] length: 64 192.168.1.3 &gt; 192.168.1.255) ns3::UdpHeader (length: 44 698 &gt; 698) ns3::olsr::PacketHeader () ns3::olsr::MessageHeader () ns3::WifiMacTrailer ()" />
<wpr uId="449" tId="7" fbRx="48.47859829" lbRx="0" />
<wpr uId="449" tId="1" fbRx="48.47859913" lbRx="0" />
<wpr uId="449" tId="3" fbRx="48.47859913" lbRx="0" />
<wpr uId="449" tId="6" fbRx="48.47859913" lbRx="0" />
<wpr uId="449" tId="8" fbRx="48.47859913" lbRx="0" />
<pr uId="450" fId="5" fbTx="49.096" meta-info="ns3::WifiMacHeader (DATA ToDS=0, FromDS=0, MoreFrag=0, Retry=0, MoreData=0 Duration/ID=0us, DA=ff:ff:ff:ff:ff:ff, SA=00:00:00:00:00:06, BSSID=00:00:00:00:00:06, FragNumber=0, SeqNumber=46) ns3::LlcSnapHeader (type 0x800) ns3::Ipv4Header (tos 0x0 DSCP Default ECN Not-ECT ttl 64 id 46 protocol 17 offset (bytes) 0 flags [none] length: 45 192.168.2.1 &gt; 192.168.2.255) ns3::UdpHeader (length: 25 269 &gt; 269) ns3::Epidemic::TypeHeader (BEACON) ns3::Epidemic::EpidemicHeader ( Packet ID: 1101480448 Hop count: 1000 TimeStamp: +0.0ns) ns3::WifiMacTrailer ()" />
<wpr uId="450" tId="0" fbRx="49.096" lbRx="0" />
<pr uId="451" fId="9" fbTx="49.301" meta-info="ns3::WifiMacHeader (DATA ToDS=0, FromDS=0, MoreFrag=0, Retry=0, MoreData=0 Duration/ID=0us, DA=ff:ff:ff:ff:ff:ff, SA=00:00:00:00:00:0a, BSSID=00:00:00:00:00:0a, FragNumber=0, SeqNumber=53) ns3::LlcSnapHeader (type 0x800) ns3::Ipv4Header (tos 0x0 DSCP Default ECN Not-ECT ttl 64 id 46 protocol 17 offset (bytes) 0 flags [none] length: 45 192.168.2.5 &gt; 192.168.2.255) ns3::UdpHeader (length: 25 269 &gt; 269) ns3::Epidemic::TypeHeader (BEACON) ns3::Epidemic::EpidemicHeader ( Packet ID: 1101480448 Hop count: 1000 TimeStamp: +0.0ns) ns3::WifiMacTrailer ()" />
<wpr uId="451" tId="4" fbRx="49.301" lbRx="0" />
<wpr uId="451" tId="3" fbRx="49.30100083" lbRx="0" />
<wpr uId="451" tId="8" fbRx="49.30100083" lbRx="0" />
<pr uId="452" fId="6" fbTx="49.302" meta-info="ns3::WifiMacHeader (DATA ToDS=0, FromDS=0, MoreFrag=0, Retry=0, MoreData=0 Duration/ID=0us, DA=ff:ff:ff:ff:ff:ff, SA=00:00:00:00:00:07, BSSID=00:00:00:00:00:07, FragNumber=0, SeqNumber=53) ns3::LlcSnapHeader (type 0x800) ns3::Ipv4Header (tos 0x0 DSCP Default ECN Not-ECT ttl 64 id 46 protocol 17 offset (bytes) 0 flags [none] length: 45 192.168.2.2 &gt; 192.168.2.255) ns3::UdpHeader (length: 25 269 &gt; 269) ns3::Epidemic::TypeHeader (BEACON) ns3::Epidemic::EpidemicHeader ( Packet ID: 1101480448 Hop count: 1000 TimeStamp: +0.0ns) ns3::WifiMacTrailer ()" />
<wpr uId="452" tId="1" fbRx="49.302" lbRx="0" />
<wpr uId="452" tId="2" fbRx="49.30200083" lbRx="0" />
<wpr uId="452" tId="7" fbRx="49.30200083" lbRx="0" />
<pr uId="453" fId="7" fbTx="49.468" meta-info="ns3::WifiMacHeader (DATA ToDS=0, FromDS=0, MoreFrag=0, Retry=0, MoreData=0 Duration/ID=0us, DA=ff:ff:ff:ff:ff:ff, SA=00:00:00:00:00:08, BSSID=00:00:00:00:00:08, FragNumber=0, SeqNumber=60) ns3::LlcSnapHeader (type 0x800) ns3::Ipv4Header (tos 0x0 DSCP Default ECN Not-ECT ttl 64 id 46 protocol 17 offset (bytes) 0 flags [none] length: 45 192.168.2.3 &gt; 192.168.2.255) ns3::UdpHeader (length: 25 269 &gt; 269) ns3::Epidemic::TypeHeader (BEACON) ns3::Epidemic::EpidemicHeader ( Packet ID: 1101480448 Hop count: 1000 TimeStamp: +0.0ns) ns3::WifiMacTrailer ()" />
<wpr uId="453" tId="2" fbRx="49.468" lbRx="0" />
<wpr uId="453" tId="1" fbRx="49.46800083" lbRx="0" />
<wpr uId="453" tId="3" fbRx="49.46800083" lbRx="0" />
<wpr uId="453" tId="6" fbRx="49.46800083" lbRx="0" />
<wpr uId="453" tId="8" fbRx="49.46800083" lbRx="0" />
<pr uId="454" fId="8" fbTx="49.495" meta-info="ns3::WifiMacHeader (DATA ToDS=0, FromDS=0, MoreFrag=0, Retry=0, MoreData=0 Duration/ID=0us, DA=ff:ff:ff:ff:ff:ff, SA=00:00:00:00:00:09, BSSID=00:00:00:00:00:09, FragNumber=0, SeqNumber=60) ns3::LlcSnapHeader (type 0x800) ns3::Ipv4Header (tos 0x0 DSCP Default ECN Not-ECT ttl 64 id 46 protocol 17 offset (bytes) 0 flags [none] length: 45 192.168.2.4 &gt; 192.168.2.255) ns3::UdpHeader (length: 25 269 &gt; 269) ns3::Epidemic::TypeHeader (BEACON) ns3::Epidemic::EpidemicHeader ( Packet ID: 1101480448 Hop count: 1000 TimeStamp: +0.0ns) ns3::WifiMacTrailer ()" />
<wpr uId="454" tId="3" fbRx="49.495" lbRx="0" />
<wpr uId="454" tId="2" fbRx="49.49500083" lbRx="0" />
<wpr uId="454" tId="4" fbRx="49.49500083" lbRx="0" />
<wpr uId="454" tId="7" fbRx="49.49500083" lbRx="0" />
<wpr uId="454" tId="9" fbRx="49.49500083" lbRx="0" />
<pr uId="455" fId="0" fbTx="50.005" meta-info="ns3::WifiMacHeader (DATA ToDS=0, FromDS=0, MoreFrag=0, Retry=0, MoreData=0 Duration/ID=0us, DA=ff:ff:ff:ff:ff:ff, SA=00:00:00:00:00:01, BSSID=00:00:00:00:00:01, FragNumber=0, SeqNumber=25) ns3::LlcSnapHeader (type 0x806) ns3::ArpHeader (request source mac: 00-06-00:00:00:00:00:01 source ipv4: 192.168.1.1 dest ipv4: 192.168.1.5) ns3::WifiMacTrailer ()" />
<wpr uId="455" tId="5" fbRx="50.005" lbRx="0" />
<pr uId="456" fId="2" fbTx="50.12031184" meta-info="ns3::WifiMacHeader (DATA ToDS=0, FromDS=0, MoreFrag=0, Retry=0, MoreData=0 Duration/ID=0us, DA=ff:ff:ff:ff:ff:ff, SA=00:00:00:00:00:03, BSSID=00:00:00:00:00:03, FragNumber=0, SeqNumber=34) ns3::LlcSnapHeader (type 0x800) ns3::Ipv4Header (tos 0x0 DSCP Default ECN Not-ECT ttl 64 id 34 protocol 17 offset (bytes) 0 flags [none] length: 88 192.168.1.3 &gt; 192.168.1.255) ns3::UdpHeader (length: 68 698 &gt; 698) ns3::olsr::PacketHeader () ns3::olsr::MessageHeader () ns3::olsr::MessageHeader () ns3::WifiMacTrailer ()" />
<wpr uId="456" tId="7" fbRx="50.12031184" lbRx="0" />
<wpr uId="456" tId="1" fbRx="50.12031267" lbRx="0" />
<wpr uId="456" tId="3" fbRx="50.12031267" lbRx="0" />
<wpr uId="456" tId="6" fbRx="50.12031267" lbRx="0" />
<wpr uId="456" tId="8" fbRx="50.12031267" lbRx="0" />
<pr uId="457" fId="0" fbTx="50.13941735" meta-info="ns3::WifiMacHeader (DATA ToDS=0, FromDS=0, MoreFrag=0, Retry=0, MoreData=0 Duration/ID=0us, DA=ff:ff:ff:ff:ff:ff, SA=00:00:00:00:00:01, BSSID=00:00:00:00:00:01, FragNumber=0, SeqNumber=26) ns3::LlcSnapHeader (type 0x800) ns3::Ipv4Header (tos 0x0 DSCP Default ECN Not-ECT ttl 64 id 25 protocol 17 offset (bytes) 0 flags [none] length: 48 192.168.1.1 &gt; 192.168.1.255) ns3::UdpHeader (length: 28 698 &gt; 698) ns3::olsr::PacketHeader () ns3::olsr::MessageHeader () ns3::WifiMacTrailer ()" />
<wpr uId="457" tId="5" fbRx="50.13941735" lbRx="0" />
<pr uId="458" fId="5" fbTx="50.176" meta-info="ns3::WifiMacHeader (DATA ToDS=0, FromDS=0, MoreFrag=0, Retry=0, MoreData=0 Duration/ID=0us, DA=ff:ff:ff:ff:ff:ff, SA=00:00:00:00:00:06, BSSID=00:00:00:00:00:06, FragNumber=0, SeqNumber=47) ns3::LlcSnapHeader (type 0x800) ns3::Ipv4Header (tos 0x0 DSCP Default ECN Not-ECT ttl 64 id 47 protocol 17 offset (bytes) 0 flags [none] length: 45 192.168.2.1 &gt; 192.168.2.255) ns3::UdpHeader (length: 25 269 &gt; 269) ns3::Epidemic::TypeHeader (BEACON) ns3::Epidemic::EpidemicHeader ( Packet ID: 1101480448 Hop count: 1000 TimeStamp: +0.0ns) ns3::WifiMacTrailer ()" />
<wpr uId="458" tId="0" fbRx="50.176" lbRx="0" />
<pr uId="459" fId="3" fbTx="50.18724352" meta-info="ns3::WifiMacHeader (DATA ToDS=0, FromDS=0, MoreFrag=0, Retry=0, MoreData=0 Duration/ID=0us, DA=ff:ff:ff:ff:ff:ff, SA=00:00:00:00:00:04, BSSID=00:00:00:00:00:04, FragNumber=0, SeqNumber=32) ns3::LlcSnapHeader (type 0x800) ns3::Ipv4Header (tos 0x0 DSCP Default ECN Not-ECT ttl 64 id 32 protocol 17 offset (bytes) 0 flags [none] length: 112 192.168.1.4 &gt; 192.168.1.255) ns3::UdpHeader (length: 92 698 &gt; 698) ns3::olsr::PacketHeader () ns3::olsr::MessageHeader () ns3::olsr::MessageHeader () ns3::olsr::MessageHeader () ns3::WifiMacTrailer ()" />
<wpr uId="459" tId="8" fbRx="50.18724352" lbRx="0" />
<wpr uId="459" tId="2" fbRx="50.18724436" lbRx="0" />
<wpr uId="459" tId="4" fbRx="50.18724436" lbRx="0" />
<wpr uId="459" tId="7" fbRx="50.18724436" lbRx="0" />
<wpr uId="459" tId="9" fbRx="50.18724436" lbRx="0" />
<pr uId="460" fId="1" fbTx="50.26888326" meta-info="ns3::WifiMacHeader (DATA ToDS=0, FromDS=0, MoreFrag=0, Retry=0, MoreData=0 Duration/ID=0us, DA=ff:ff:ff:ff:ff:ff, SA=00:00:00:00:00:02, BSSID=00:00:00:00:00:02, FragNumber=0, SeqNumber=25) ns3::LlcSnapHeader (type 0x800) ns3::Ipv4Header (tos 0x0 DSCP Default ECN Not-ECT ttl 64 id 25 protocol 17 offset (bytes) 0 flags [none] length: 56 192.168.1.2 &gt; 192.168.1.255) ns3::UdpHeader (length: 36 698 &gt; 698) ns3::olsr::PacketHeader () ns3::olsr::MessageHeader () ns3::WifiMacTrailer ()" />
<wpr uId="460" tId="6" fbRx="50.26888326" lbRx="0" />
<wpr uId="460" tId="2" fbRx="50.26888409" lbRx="0" />
<wpr uId="460" tId="7" fbRx="50.26888409" lbRx="0" />
<pr uId="461" fId="9" fbTx="50.303" meta-info="ns3::WifiMacHeader (DATA ToDS=0, FromDS=0, MoreFrag=0, Retry=0, MoreData=0 Duration/ID=0us, DA=ff:ff:ff:ff:ff:ff, SA=00:00:00:00:00:0a, BSSID=00:00:00:00:00:0a, FragNumber=0, SeqNumber=54) ns3::LlcSnapHeader (type 0x800) ns3::Ipv4Header (tos 0x0 DSCP Default ECN Not-ECT ttl 64 id 47 protocol 17 offset (bytes) 0 flags [none] length: 45 192.168.2.5 &gt; 192.168.2.255) ns3::UdpHeader (length: 25 269 &gt; 269) ns3::Epidemic::TypeHeader (BEACON) ns3::Epidemic::EpidemicHeader ( Packet ID: 1101480448 Hop count: 1000 TimeStamp: +0.0ns) ns3::WifiMacTrailer ()" />
<wpr uId="461" tId="4" fbRx="50.303" lbRx="0" />
<wpr uId="461" tId="3" fbRx="50.30300083" lbRx="0" />
<wpr uId="461" tId="8" fbRx="50.30300083" lbRx="0" />
<pr uId="462" fId="4" fbTx="50.32750624" meta-info="ns3::WifiMacHeader (DATA ToDS=0, FromDS=0, MoreFrag=0, Retry=0, MoreData=0 Duration/ID=0us, DA=ff:ff:ff:ff:ff:ff, SA=00:00:00:00:00:05, BSSID=00:00:00:00:00:05, FragNumber=0, SeqNumber=25) ns3::LlcSnapHeader (type 0x800) ns3::Ipv4Header (tos 0x0 DSCP Default ECN Not-ECT ttl 64 id 25 protocol 17 offset (bytes) 0 flags [none] length: 56 192.168.1.5 &gt; 192.168.1.255) ns3::UdpHeader (length: 36 698 &gt; 698) ns3::olsr::PacketHeader () ns3::olsr::MessageHeader () ns3::WifiMacTrailer ()" />
<wpr uId="462" tId="9" fbRx="50.32750624" lbRx="0" />
<wpr uId="462" tId="3" fbRx="50.32750707" lbRx="0" />
<wpr uId="462" tId="8" fbRx="50.32750707" lbRx="0" />
<pr uId="463" fId="6" fbTx="50.395" meta-info="ns3::WifiMacHeader (DATA ToDS=0, FromDS=0, MoreFrag=0, Retry=0, MoreData=0 Duration/ID=0us, DA=ff:ff:ff:ff:ff:ff, SA=00:00:00:00:00:07, BSSID=00:00:00:00:00:07, FragNumber=0, SeqNumber=54) ns3::LlcSnapHeader (type 0x800) ns3::Ipv4Header (tos 0x0 DSCP Default ECN Not-ECT ttl 64 id 47 protocol 17 offset (bytes) 0 flags [none] length: 45 192.168.2.2 &gt; 192.168.2.255) ns3::UdpHeader (length: 25 269 &gt; 269) ns3::Epidemic::TypeHeader (BEACON) ns3::Epidemic::EpidemicHeader ( Packet ID: 1101480448 Hop count: 1000 TimeStamp: +0.0ns) ns3::WifiMacTrailer ()" />
<wpr uId="463" tId="1" fbRx="50.395" lbRx="0" />
<wpr uId="463" tId="2" fbRx="50.39500083" lbRx="0" />
<wpr uId="463" tId="7" fbRx="50.39500083" lbRx="0" />
<pr uId="464" fId="2" fbTx="50.4651757" meta-info="ns3::WifiMacHeader (DATA ToDS=0, FromDS=0, MoreFrag=0, Retry=0, MoreData=0 Duration/ID=0us, DA=ff:ff:ff:ff:ff:ff, SA=00:00:00:00:00:03, BSSID=00:00:00:00:00:03, FragNumber=0, SeqNumber=35) ns3::LlcSnapHeader (type 0x800) ns3::Ipv4Header (tos 0x0 DSCP Default ECN Not-ECT ttl 64 id 35 protocol 17 offset (bytes) 0 flags [none] length: 56 192.168.1.3 &gt; 192.168.1.255) ns3::UdpHeader (length: 36 698 &gt; 698) ns3::olsr::PacketHeader () ns3::olsr::MessageHeader () ns3::WifiMacTrailer ()" />
<wpr uId="464" tId="7" fbRx="50.4651757" lbRx="0" />
<wpr uId="464" tId="1" fbRx="50.46517653" lbRx="0" />
<wpr uId="464" tId="3" fbRx="50.46517653" lbRx="0" />
<wpr uId="464" tId="6" fbRx="50.46517653" lbRx="0" />
<wpr uId="464" tId="8" fbRx="50.46517653" lbRx="0" />
<pr uId="465" fId="8" fbTx="50.507" meta-info="ns3::WifiMacHeader (DATA ToDS=0, FromDS=0, MoreFrag=0, Retry=0, MoreData=0 Duration/ID=0us, DA=ff:ff:ff:ff:ff:ff, SA=00:00:00:00:00:09, BSSID=00:00:00:00:00:09, FragNumber=0, SeqNumber=61) ns3::LlcSnapHeader (type 0x800) ns3::Ipv4Header (tos 0x0 DSCP Default ECN Not-ECT ttl 64 id 47 protocol 17 offset (bytes) 0 flags [none] length: 45 192.168.2.4 &gt; 192.168.2.255) ns3::UdpHeader (length: 25 269 &gt; 269) ns3::Epidemic::TypeHeader (BEACON) ns3::Epidemic::EpidemicHeader ( Packet ID: 1101480448 Hop count: 1000 TimeStamp: +0.0ns) ns3::WifiMacTrailer ()" />
<wpr uId="465" tId="3" fbRx="50.507" lbRx="0" />
<wpr uId="465" tId="2" fbRx="50.50700083" lbRx="0" />
<wpr uId="465" tId="4" fbRx="50.50700083" lbRx="0" />
<wpr uId="465" tId="7" fbRx="50.50700083" lbRx="0" />
<wpr uId="465" tId="9" fbRx="50.50700083" lbRx="0" />
<pr uId="466" fId="7" fbTx="50.51" meta-info="ns3::WifiMacHeader (DATA ToDS=0, FromDS=0, MoreFrag=0, Retry=0, MoreData=0 Duration/ID=0us, DA=ff:ff:ff:ff:ff:ff, SA=00:00:00:00:00:08, BSSID=00:00:00:00:00:08, FragNumber=0, SeqNumber=61) ns3::LlcSnapHeader (type 0x800) ns3::Ipv4Header (tos 0x0 DSCP Default ECN Not-ECT ttl 64 id 47 protocol 17 offset (bytes) 0 flags [none] length: 45 192.168.2.3 &gt; 192.168.2.255) ns3::UdpHeader (length: 25 269 &gt; 269) ns3::Epidemic::TypeHeader (BEACON) ns3::Epidemic::EpidemicHeader ( Packet ID: 1101480448 Hop count: 1000 TimeStamp: +0.0ns) ns3::WifiMacTrailer ()" />
<wpr uId="466" tId="2" fbRx="50.51" lbRx="0" />
<wpr uId="466" tId="1" fbRx="50.51000083" lbRx="0" />
<wpr uId="466" tId="3" fbRx="50.51000083" lbRx="0" />
<wpr uId="466" tId="6" fbRx="50.51000083" lbRx="0" />
<wpr uId="466" tId="8" fbRx="50.51000083" lbRx="0" />
<pr uId="467" fId="0" fbTx="51" meta-info="ns3::WifiMacHeader (DATA ToDS=0, FromDS=0, MoreFrag=0, Retry=0, MoreData=0 Duration/ID=0us, DA=ff:ff:ff:ff:ff:ff, SA=00:00:00:00:00:01, BSSID=00:00:00:00:00:01, FragNumber=0, SeqNumber=27) ns3::LlcSnapHeader (type 0x806) ns3::ArpHeader (request source mac: 00-06-00:00:00:00:00:01 source ipv4: 192.168.1.1 dest ipv4: 192.168.1.5) ns3::WifiMacTrailer ()" />
<wpr uId="467" tId="5" fbRx="51" lbRx="0" />
<pr uId="468" fId="5" fbTx="51.238" meta-info="ns3::WifiMacHeader (DATA ToDS=0, FromDS=0, MoreFrag=0, Retry=0, MoreData=0 Duration/ID=0us, DA=ff:ff:ff:ff:ff:ff, SA=00:00:00:00:00:06, BSSID=00:00:00:00:00:06, FragNumber=0, SeqNumber=48) ns3::LlcSnapHeader (type 0x800) ns3::Ipv4Header (tos 0x0 DSCP Default ECN Not-ECT ttl 64 id 48 protocol 17 offset (bytes) 0 flags [none] length: 45 192.168.2.1 &gt; 192.168.2.255) ns3::UdpHeader (length: 25 269 &gt; 269) ns3::Epidemic::TypeHeader (BEACON) ns3::Epidemic::EpidemicHeader ( Packet ID: 1101480448 Hop count: 1000 TimeStamp: +0.0ns) ns3::WifiMacTrailer ()" />
<wpr uId="468" tId="0" fbRx="51.238" lbRx="0" />
<pr uId="469" fId="9" fbTx="51.369" meta-info="ns3::WifiMacHeader (DATA ToDS=0, FromDS=0, MoreFrag=0, Retry=0, MoreData=0 Duration/ID=0us, DA=ff:ff:ff:ff:ff:ff, SA=00:00:00:00:00:0a, BSSID=00:00:00:00:00:0a, FragNumber=0, SeqNumber=55) ns3::LlcSnapHeader (type 0x800) ns3::Ipv4Header (tos 0x0 DSCP Default ECN Not-ECT ttl 64 id 48 protocol 17 offset (bytes) 0 flags [none] length: 45 192.168.2.5 &gt; 192.168.2.255) ns3::UdpHeader (length: 25 269 &gt; 269) ns3::Epidemic::TypeHeader (BEACON) ns3::Epidemic::EpidemicHeader ( Packet ID: 1101480448 Hop count: 1000 TimeStamp: +0.0ns) ns3::WifiMacTrailer ()" />
<wpr uId="469" tId="4" fbRx="51.369" lbRx="0" />
<wpr uId="469" tId="3" fbRx="51.36900083" lbRx="0" />
<wpr uId="469" tId="8" fbRx="51.36900083" lbRx="0" />
<pr uId="470" fId="6" fbTx="51.444" meta-info="ns3::WifiMacHeader (DATA ToDS=0, FromDS=0, MoreFrag=0, Retry=0, MoreData=0 Duration/ID=0us, DA=ff:ff:ff:ff:ff:ff, SA=00:00:00:00:00:07, BSSID=00:00:00:00:00:07, FragNumber=0, SeqNumber=55) ns3::LlcSnapHeader (type 0x800) ns3::Ipv4Header (tos 0x0 DSCP Default ECN Not-ECT ttl 64 id 48 protocol 17 offset (bytes) 0 flags [none] length: 45 192.168.2.2 &gt; 192.168.2.255) ns3::UdpHeader (length: 25 269 &gt; 269) ns3::Epidemic::TypeHeader (BEACON) ns3::Epidemic::EpidemicHeader ( Packet ID: 1101480448 Hop count: 1000 TimeStamp: +0.0ns) ns3::WifiMacTrailer ()" />
<wpr uId="470" tId="1" fbRx="51.444" lbRx="0" />
<wpr uId="470" tId="2" fbRx="51.44400083" lbRx="0" />
<wpr uId="470" tId="7" fbRx="51.44400083" lbRx="0" />
<pr uId="471" fId="7" fbTx="51.567" meta-info="ns3::WifiMacHeader (DATA ToDS=0, FromDS=0, MoreFrag=0, Retry=0, MoreData=0 Duration/ID=0us, DA=ff:ff:ff:ff:ff:ff, SA=00:00:00:00:00:08, BSSID=00:00:00:00:00:08, FragNumber=0, SeqNumber=62) ns3::LlcSnapHeader (type 0x800) ns3::Ipv4Header (tos 0x0 DSCP Default ECN Not-ECT ttl 64 id 48 protocol 17 offset (bytes) 0 flags [none] length: 45 192.168.2.3 &gt; 192.168.2.255) ns3::UdpHeader (length: 25 269 &gt; 269) ns3::Epidemic::TypeHeader (BEACON) ns3::Epidemic::EpidemicHeader ( Packet ID: 1101480448 Hop count: 1000 TimeStamp: +0.0ns) ns3::WifiMacTrailer ()" />
<wpr uId="471" tId="2" fbRx="51.567" lbRx="0" />
<wpr uId="471" tId="1" fbRx="51.56700083" lbRx="0" />
<wpr uId="471" tId="3" fbRx="51.56700083" lbRx="0" />
<wpr uId="471" tId="6" fbRx="51.56700083" lbRx="0" />
<wpr uId="471" tId="8" fbRx="51.56700083" lbRx="0" />
<pr uId="472" fId="8" fbTx="51.591" meta-info="ns3::WifiMacHeader (DATA ToDS=0, FromDS=0, MoreFrag=0, Retry=0, MoreData=0 Duration/ID=0us, DA=ff:ff:ff:ff:ff:ff, SA=00:00:00:00:00:09, BSSID=00:00:00:00:00:09, FragNumber=0, SeqNumber=62) ns3::LlcSnapHeader (type 0x800) ns3::Ipv4Header (tos 0x0 DSCP Default ECN Not-ECT ttl 64 id 48 protocol 17 offset (bytes) 0 flags [none] length: 45 192.168.2.4 &gt; 192.168.2.255) ns3::UdpHeader (length: 25 269 &gt; 269) ns3::Epidemic::TypeHeader (BEACON) ns3::Epidemic::EpidemicHeader ( Packet ID: 1101480448 Hop count: 1000 TimeStamp: +0.0ns) ns3::WifiMacTrailer ()" />
<wpr uId="472" tId="3" fbRx="51.591" lbRx="0" />
<wpr uId="472" tId="2" fbRx="51.59100083" lbRx="0" />
<wpr uId="472" tId="4" fbRx="51.59100083" lbRx="0" />
<wpr uId="472" tId="7" fbRx="51.59100083" lbRx="0" />
<wpr uId="472" tId="9" fbRx="51.59100083" lbRx="0" />
<pr uId="473" fId="0" fbTx="52" meta-info="ns3::WifiMacHeader (DATA ToDS=0, FromDS=0, MoreFrag=0, Retry=0, MoreData=0 Duration/ID=0us, DA=ff:ff:ff:ff:ff:ff, SA=00:00:00:00:00:01, BSSID=00:00:00:00:00:01, FragNumber=0, SeqNumber=28) ns3::LlcSnapHeader (type 0x806) ns3::ArpHeader (request source mac: 00-06-00:00:00:00:00:01 source ipv4: 192.168.1.1 dest ipv4: 192.168.1.5) ns3::WifiMacTrailer ()" />
<wpr uId="473" tId="5" fbRx="52" lbRx="0" />
<pr uId="474" fId="4" fbTx="52.04298547" meta-info="ns3::WifiMacHeader (DATA ToDS=0, FromDS=0, MoreFrag=0, Retry=0, MoreData=0 Duration/ID=0us, DA=ff:ff:ff:ff:ff:ff, SA=00:00:00:00:00:05, BSSID=00:00:00:00:00:05, FragNumber=0, SeqNumber=26) ns3::LlcSnapHeader (type 0x800) ns3::Ipv4Header (tos 0x0 DSCP Default ECN Not-ECT ttl 64 id 26 protocol 17 offset (bytes) 0 flags [none] length: 56 192.168.1.5 &gt; 192.168.1.255) ns3::UdpHeader (length: 36 698 &gt; 698) ns3::olsr::PacketHeader () ns3::olsr::MessageHeader () ns3::WifiMacTrailer ()" />
<wpr uId="474" tId="9" fbRx="52.04298547" lbRx="0" />
<wpr uId="474" tId="3" fbRx="52.0429863" lbRx="0" />
<wpr uId="474" tId="8" fbRx="52.0429863" lbRx="0" />
<pr uId="475" fId="1" fbTx="52.04886433" meta-info="ns3::WifiMacHeader (DATA ToDS=0, FromDS=0, MoreFrag=0, Retry=0, MoreData=0 Duration/ID=0us, DA=ff:ff:ff:ff:ff:ff, SA=00:00:00:00:00:02, BSSID=00:00:00:00:00:02, FragNumber=0, SeqNumber=26) ns3::LlcSnapHeader (type 0x800) ns3::Ipv4Header (tos 0x0 DSCP Default ECN Not-ECT ttl 64 id 26 protocol 17 offset (bytes) 0 flags [none] length: 56 192.168.1.2 &gt; 192.168.1.255) ns3::UdpHeader (length: 36 698 &gt; 698) ns3::olsr::PacketHeader () ns3::olsr::MessageHeader () ns3::WifiMacTrailer ()" />
<wpr uId="475" tId="6" fbRx="52.04886433" lbRx="0" />
<wpr uId="475" tId="2" fbRx="52.04886516" lbRx="0" />
<wpr uId="475" tId="7" fbRx="52.04886516" lbRx="0" />
<pr uId="476" fId="5" fbTx="52.281" meta-info="ns3::WifiMacHeader (DATA ToDS=0, FromDS=0, MoreFrag=0, Retry=0, MoreData=0 Duration/ID=0us, DA=ff:ff:ff:ff:ff:ff, SA=00:00:00:00:00:06, BSSID=00:00:00:00:00:06, FragNumber=0, SeqNumber=49) ns3::LlcSnapHeader (type 0x800) ns3::Ipv4Header (tos 0x0 DSCP Default ECN Not-ECT ttl 64 id 49 protocol 17 offset (bytes) 0 flags [none] length: 45 192.168.2.1 &gt; 192.168.2.255) ns3::UdpHeader (length: 25 269 &gt; 269) ns3::Epidemic::TypeHeader (BEACON) ns3::Epidemic::EpidemicHeader ( Packet ID: 1101480448 Hop count: 1000 TimeStamp: +0.0ns) ns3::WifiMacTrailer ()" />
<wpr uId="476" tId="0" fbRx="52.281" lbRx="0" />
<pr uId="477" fId="3" fbTx="52.29096266" meta-info="ns3::WifiMacHeader (DATA ToDS=0, FromDS=0, MoreFrag=0, Retry=0, MoreData=0 Duration/ID=0us, DA=ff:ff:ff:ff:ff:ff, SA=00:00:00:00:00:04, BSSID=00:00:00:00:00:04, FragNumber=0, SeqNumber=33) ns3::LlcSnapHeader (type 0x800) ns3::Ipv4Header (tos 0x0 DSCP Default ECN Not-ECT ttl 64 id 33 protocol 17 offset (bytes) 0 flags [none] length: 64 192.168.1.4 &gt; 192.168.1.255) ns3::UdpHeader (length: 44 698 &gt; 698) ns3::olsr::PacketHeader () ns3::olsr::MessageHeader () ns3::WifiMacTrailer ()" />
<wpr uId="477" tId="8" fbRx="52.29096266" lbRx="0" />
<wpr uId="477" tId="2" fbRx="52.29096349" lbRx="0" />
<wpr uId="477" tId="4" fbRx="52.29096349" lbRx="0" />
<wpr uId="477" tId="7" fbRx="52.29096349" lbRx="0" />
<wpr uId="477" tId="9" fbRx="52.29096349" lbRx="0" />
<pr uId="478" fId="9" fbTx="52.384" meta-info="ns3::WifiMacHeader (DATA ToDS=0, FromDS=0, MoreFrag=0, Retry=0, MoreData=0 Duration/ID=0us, DA=ff:ff:ff:ff:ff:ff, SA=00:00:00:00:00:0a, BSSID=00:00:00:00:00:0a, FragNumber=0, SeqNumber=56) ns3::LlcSnapHeader (type 0x800) ns3::Ipv4Header (tos 0x0 DSCP Default ECN Not-ECT ttl 64 id 49 protocol 17 offset (bytes) 0 flags [none] length: 45 192.168.2.5 &gt; 192.168.2.255) ns3::UdpHeader (length: 25 269 &gt; 269) ns3::Epidemic::TypeHeader (BEACON) ns3::Epidemic::EpidemicHeader ( Packet ID: 1101480448 Hop count: 1000 TimeStamp: +0.0ns) ns3::WifiMacTrailer ()" />
<wpr uId="478" tId="4" fbRx="52.384" lbRx="0" />
<wpr uId="478" tId="3" fbRx="52.38400083" lbRx="0" />
<wpr uId="478" tId="8" fbRx="52.38400083" lbRx="0" />
<pr uId="479" fId="2" fbTx="52.39312717" meta-info="ns3::WifiMacHeader (DATA ToDS=0, FromDS=0, MoreFrag=0, Retry=0, MoreData=0 Duration/ID=0us, DA=ff:ff:ff:ff:ff:ff, SA=00:00:00:00:00:03, BSSID=00:00:00:00:00:03, FragNumber=0, SeqNumber=36) ns3::LlcSnapHeader (type 0x800) ns3::Ipv4Header (tos 0x0 DSCP Default ECN Not-ECT ttl 64 id 36 protocol 17 offset (bytes) 0 flags [none] length: 64 192.168.1.3 &gt; 192.168.1.255) ns3::UdpHeader (length: 44 698 &gt; 698) ns3::olsr::PacketHeader () ns3::olsr::MessageHeader () ns3::WifiMacTrailer ()" />
<wpr uId="479" tId="7" fbRx="52.39312717" lbRx="0" />
<wpr uId="479" tId="1" fbRx="52.393128" lbRx="0" />
<wpr uId="479" tId="3" fbRx="52.393128" lbRx="0" />
<wpr uId="479" tId="6" fbRx="52.393128" lbRx="0" />
<wpr uId="479" tId="8" fbRx="52.393128" lbRx="0" />
<pr uId="480" fId="0" fbTx="52.46395023" meta-info="ns3::WifiMacHeader (DATA ToDS=0, FromDS=0, MoreFrag=0, Retry=0, MoreData=0 Duration/ID=0us, DA=ff:ff:ff:ff:ff:ff, SA=00:00:00:00:00:01, BSSID=00:00:00:00:00:01, FragNumber=0, SeqNumber=29) ns3::LlcSnapHeader (type 0x800) ns3::Ipv4Header (tos 0x0 DSCP Default ECN Not-ECT ttl 64 id 26 protocol 17 offset (bytes) 0 flags [none] length: 48 192.168.1.1 &gt; 192.168.1.255) ns3::UdpHeader (length: 28 698 &gt; 698) ns3::olsr::PacketHeader () ns3::olsr::MessageHeader () ns3::WifiMacTrailer ()" />
<wpr uId="480" tId="5" fbRx="52.46395023" lbRx="0" />
<pr uId="481" fId="6" fbTx="52.47" meta-info="ns3::WifiMacHeader (DATA ToDS=0, FromDS=0, MoreFrag=0, Retry=0, MoreData=0 Duration/ID=0us, DA=ff:ff:ff:ff:ff:ff, SA=00:00:00:00:00:07, BSSID=00:00:00:00:00:07, FragNumber=0, SeqNumber=56) ns3::LlcSnapHeader (type 0x800) ns3::Ipv4Header (tos 0x0 DSCP Default ECN Not-ECT ttl 64 id 49 protocol 17 offset (bytes) 0 flags [none] length: 45 192.168.2.2 &gt; 192.168.2.255) ns3::UdpHeader (length: 25 269 &gt; 269) ns3::Epidemic::TypeHeader (BEACON) ns3::Epidemic::EpidemicHeader ( Packet ID: 1101480448 Hop count: 1000 TimeStamp: +0.0ns) ns3::WifiMacTrailer ()" />
<wpr uId="481" tId="1" fbRx="52.47" lbRx="0" />
<wpr uId="481" tId="2" fbRx="52.47000083" lbRx="0" />
<wpr uId="481" tId="7" fbRx="52.47000083" lbRx="0" />
<pr uId="482" fId="7" fbTx="52.583" meta-info="ns3::WifiMacHeader (DATA ToDS=0, FromDS=0, MoreFrag=0, Retry=0, MoreData=0 Duration/ID=0us, DA=ff:ff:ff:ff:ff:ff, SA=00:00:00:00:00:08, BSSID=00:00:00:00:00:08, FragNumber=0, SeqNumber=63) ns3::LlcSnapHeader (type 0x800) ns3::Ipv4Header (tos 0x0 DSCP Default ECN Not-ECT ttl 64 id 49 protocol 17 offset (bytes) 0 flags [none] length: 45 192.168.2.3 &gt; 192.168.2.255) ns3::UdpHeader (length: 25 269 &gt; 269) ns3::Epidemic::TypeHeader (BEACON) ns3::Epidemic::EpidemicHeader ( Packet ID: 1101480448 Hop count: 1000 TimeStamp: +0.0ns) ns3::WifiMacTrailer ()" />
<wpr uId="482" tId="2" fbRx="52.583" lbRx="0" />
<wpr uId="482" tId="1" fbRx="52.58300083" lbRx="0" />
<wpr uId="482" tId="3" fbRx="52.58300083" lbRx="0" />
<wpr uId="482" tId="6" fbRx="52.58300083" lbRx="0" />
<wpr uId="482" tId="8" fbRx="52.58300083" lbRx="0" />
<pr uId="483" fId="8" fbTx="52.651" meta-info="ns3::WifiMacHeader (DATA ToDS=0, FromDS=0, MoreFrag=0, Retry=0, MoreData=0 Duration/ID=0us, DA=ff:ff:ff:ff:ff:ff, SA=00:00:00:00:00:09, BSSID=00:00:00:00:00:09, FragNumber=0, SeqNumber=63) ns3::LlcSnapHeader (type 0x800) ns3::Ipv4Header (tos 0x0 DSCP Default ECN Not-ECT ttl 64 id 49 protocol 17 offset (bytes) 0 flags [none] length: 45 192.168.2.4 &gt; 192.168.2.255) ns3::UdpHeader (length: 25 269 &gt; 269) ns3::Epidemic::TypeHeader (BEACON) ns3::Epidemic::EpidemicHeader ( Packet ID: 1101480448 Hop count: 1000 TimeStamp: +0.0ns) ns3::WifiMacTrailer ()" />
<wpr uId="483" tId="3" fbRx="52.651" lbRx="0" />
<wpr uId="483" tId="2" fbRx="52.65100083" lbRx="0" />
<wpr uId="483" tId="4" fbRx="52.65100083" lbRx="0" />
<wpr uId="483" tId="7" fbRx="52.65100083" lbRx="0" />
<wpr uId="483" tId="9" fbRx="52.65100083" lbRx="0" />
<pr uId="484" fId="0" fbTx="53" meta-info="ns3::WifiMacHeader (DATA ToDS=0, FromDS=0, MoreFrag=0, Retry=0, MoreData=0 Duration/ID=0us, DA=ff:ff:ff:ff:ff:ff, SA=00:00:00:00:00:01, BSSID=00:00:00:00:00:01, FragNumber=0, SeqNumber=30) ns3::LlcSnapHeader (type 0x806) ns3::ArpHeader (request source mac: 00-06-00:00:00:00:00:01 source ipv4: 192.168.1.1 dest ipv4: 192.168.1.5) ns3::WifiMacTrailer ()" />
<wpr uId="484" tId="5" fbRx="53" lbRx="0" />
<pr uId="485" fId="5" fbTx="53.371" meta-info="ns3::WifiMacHeader (DATA ToDS=0, FromDS=0, MoreFrag=0, Retry=0, MoreData=0 Duration/ID=0us, DA=ff:ff:ff:ff:ff:ff, SA=00:00:00:00:00:06, BSSID=00:00:00:00:00:06, FragNumber=0, SeqNumber=50) ns3::LlcSnapHeader (type 0x800) ns3::Ipv4Header (tos 0x0 DSCP Default ECN Not-ECT ttl 64 id 50 protocol 17 offset (bytes) 0 flags [none] length: 45 192.168.2.1 &gt; 192.168.2.255) ns3::UdpHeader (length: 25 269 &gt; 269) ns3::Epidemic::TypeHeader (BEACON) ns3::Epidemic::EpidemicHeader ( Packet ID: 1101480448 Hop count: 1000 TimeStamp: +0.0ns) ns3::WifiMacTrailer ()" />
<wpr uId="485" tId="0" fbRx="53.371" lbRx="0" />
<pr uId="486" fId="9" fbTx="53.391" meta-info="ns3::WifiMacHeader (DATA ToDS=0, FromDS=0, MoreFrag=0, Retry=0, MoreData=0 Duration/ID=0us, DA=ff:ff:ff:ff:ff:ff, SA=00:00:00:00:00:0a, BSSID=00:00:00:00:00:0a, FragNumber=0, SeqNumber=57) ns3::LlcSnapHeader (type 0x800) ns3::Ipv4Header (tos 0x0 DSCP Default ECN Not-ECT ttl 64 id 50 protocol 17 offset (bytes) 0 flags [none] length: 45 192.168.2.5 &gt; 192.168.2.255) ns3::UdpHeader (length: 25 269 &gt; 269) ns3::Epidemic::TypeHeader (BEACON) ns3::Epidemic::EpidemicHeader ( Packet ID: 1101480448 Hop count: 1000 TimeStamp: +0.0ns) ns3::WifiMacTrailer ()" />
<wpr uId="486" tId="4" fbRx="53.391" lbRx="0" />
<wpr uId="486" tId="3" fbRx="53.39100083" lbRx="0" />
<wpr uId="486" tId="8" fbRx="53.39100083" lbRx="0" />
<pr uId="487" fId="8" fbTx="53.39123883" meta-info="ns3::WifiMacHeader (DATA ToDS=0, FromDS=0, MoreFrag=0, Retry=0, MoreData=0 Duration/ID=60us, DA=00:00:00:00:00:0a, SA=00:00:00:00:00:09, BSSID=00:00:00:00:00:09, FragNumber=0, SeqNumber=64) ns3::LlcSnapHeader (type 0x800) ns3::Ipv4Header (tos 0x0 DSCP Default ECN Not-ECT ttl 64 id 5 protocol 17 offset (bytes) 0 flags [none] length: 37 192.168.2.4 &gt; 192.168.2.5) ns3::UdpHeader (length: 17 269 &gt; 269) ns3::Epidemic::TypeHeader (REPLY) ns3::Epidemic::SummaryVectorHeader ( Summary_vector header with size: 1
Global IDs:
NodeID:PacketID
0.0.2.186:698
) ns3::WifiMacTrailer ()" />
<wpr uId="487" tId="3" fbRx="53.39123883" lbRx="0" />
<wpr uId="487" tId="2" fbRx="53.39123967" lbRx="0" />
<wpr uId="487" tId="4" fbRx="53.39123967" lbRx="0" />
<wpr uId="487" tId="7" fbRx="53.39123967" lbRx="0" />
<wpr uId="487" tId="9" fbRx="53.39123967" lbRx="0" />
<pr uId="488" fId="9" fbTx="53.39137967" meta-info="ns3::WifiMacHeader (CTL_ACK Duration/ID=0us, RA=00:00:00:00:00:09) ns3::WifiMacTrailer ()" />
<wpr uId="488" tId="4" fbRx="53.39137967" lbRx="0" />
<wpr uId="488" tId="3" fbRx="53.3913805" lbRx="0" />
<wpr uId="488" tId="8" fbRx="53.3913805" lbRx="0" />
<pr uId="489" fId="9" fbTx="53.39152067" meta-info="ns3::WifiMacHeader (DATA ToDS=0, FromDS=0, MoreFrag=0, Retry=0, MoreData=0 Duration/ID=60us, DA=00:00:00:00:00:09, SA=00:00:00:00:00:0a, BSSID=00:00:00:00:00:0a, FragNumber=0, SeqNumber=58) ns3::LlcSnapHeader (type 0x800) ns3::Ipv4Header (tos 0x0 DSCP Default ECN Not-ECT ttl 64 id 5 protocol 17 offset (bytes) 0 flags [none] length: 37 192.168.2.5 &gt; 192.168.2.4) ns3::UdpHeader (length: 17 269 &gt; 269) ns3::Epidemic::TypeHeader (REPLY_BACK) ns3::Epidemic::SummaryVectorHeader ( Summary_vector header with size: 1
Global IDs:
NodeID:PacketID
0.0.2.186:698
) ns3::WifiMacTrailer ()" />
<wpr uId="489" tId="4" fbRx="53.39152067" lbRx="0" />
<wpr uId="489" tId="3" fbRx="53.3915215" lbRx="0" />
<wpr uId="489" tId="8" fbRx="53.3915215" lbRx="0" />
<pr uId="490" fId="8" fbTx="53.3916615" meta-info="ns3::WifiMacHeader (CTL_ACK Duration/ID=0us, RA=00:00:00:00:00:0a) ns3::WifiMacTrailer ()" />
<wpr uId="490" tId="3" fbRx="53.3916615" lbRx="0" />
<wpr uId="490" tId="2" fbRx="53.39166233" lbRx="0" />
<wpr uId="490" tId="4" fbRx="53.39166233" lbRx="0" />
<wpr uId="490" tId="7" fbRx="53.39166233" lbRx="0" />
<wpr uId="490" tId="9" fbRx="53.39166233" lbRx="0" />
<pr uId="491" fId="6" fbTx="53.541" meta-info="ns3::WifiMacHeader (DATA ToDS=0, FromDS=0, MoreFrag=0, Retry=0, MoreData=0 Duration/ID=0us, DA=ff:ff:ff:ff:ff:ff, SA=00:00:00:00:00:07, BSSID=00:00:00:00:00:07, FragNumber=0, SeqNumber=57) ns3::LlcSnapHeader (type 0x800) ns3::Ipv4Header (tos 0x0 DSCP Default ECN Not-ECT ttl 64 id 50 protocol 17 offset (bytes) 0 flags [none] length: 45 192.168.2.2 &gt; 192.168.2.255) ns3::UdpHeader (length: 25 269 &gt; 269) ns3::Epidemic::TypeHeader (BEACON) ns3::Epidemic::EpidemicHeader ( Packet ID: 1101480448 Hop count: 1000 TimeStamp: +0.0ns) ns3::WifiMacTrailer ()" />
<wpr uId="491" tId="1" fbRx="53.541" lbRx="0" />
<wpr uId="491" tId="2" fbRx="53.54100083" lbRx="0" />
<wpr uId="491" tId="7" fbRx="53.54100083" lbRx="0" />
<pr uId="492" fId="7" fbTx="53.668" meta-info="ns3::WifiMacHeader (DATA ToDS=0, FromDS=0, MoreFrag=0, Retry=0, MoreData=0 Duration/ID=0us, DA=ff:ff:ff:ff:ff:ff, SA=00:00:00:00:00:08, BSSID=00:00:00:00:00:08, FragNumber=0, SeqNumber=64) ns3::LlcSnapHeader (type 0x800) ns3::Ipv4Header (tos 0x0 DSCP Default ECN Not-ECT ttl 64 id 50 protocol 17 offset (bytes) 0 flags [none] length: 45 192.168.2.3 &gt; 192.168.2.255) ns3::UdpHeader (length: 25 269 &gt; 269) ns3::Epidemic::TypeHeader (BEACON) ns3::Epidemic::EpidemicHeader ( Packet ID: 1101480448 Hop count: 1000 TimeStamp: +0.0ns) ns3::WifiMacTrailer ()" />
<wpr uId="492" tId="2" fbRx="53.668" lbRx="0" />
<wpr uId="492" tId="1" fbRx="53.66800083" lbRx="0" />
<wpr uId="492" tId="3" fbRx="53.66800083" lbRx="0" />
<wpr uId="492" tId="6" fbRx="53.66800083" lbRx="0" />
<wpr uId="492" tId="8" fbRx="53.66800083" lbRx="0" />
<pr uId="493" fId="6" fbTx="53.66827483" meta-info="ns3::WifiMacHeader (DATA ToDS=0, FromDS=0, MoreFrag=0, Retry=0, MoreData=0 Duration/ID=60us, DA=00:00:00:00:00:08, SA=00:00:00:00:00:07, BSSID=00:00:00:00:00:07, FragNumber=0, SeqNumber=58) ns3::LlcSnapHeader (type 0x800) ns3::Ipv4Header (tos 0x0 DSCP Default ECN Not-ECT ttl 64 id 5 protocol 17 offset (bytes) 0 flags [none] length: 37 192.168.2.2 &gt; 192.168.2.3) ns3::UdpHeader (length: 17 269 &gt; 269) ns3::Epidemic::TypeHeader (REPLY) ns3::Epidemic::SummaryVectorHeader ( Summary_vector header with size: 1
Global IDs:
NodeID:PacketID
0.0.2.186:698
) ns3::WifiMacTrailer ()" />
<wpr uId="493" tId="1" fbRx="53.66827483" lbRx="0" />
<wpr uId="493" tId="2" fbRx="53.66827567" lbRx="0" />
<wpr uId="493" tId="7" fbRx="53.66827567" lbRx="0" />
<pr uId="494" fId="7" fbTx="53.66841567" meta-info="ns3::WifiMacHeader (CTL_ACK Duration/ID=0us, RA=00:00:00:00:00:07) ns3::WifiMacTrailer ()" />
<wpr uId="494" tId="2" fbRx="53.66841567" lbRx="0" />
<wpr uId="494" tId="1" fbRx="53.6684165" lbRx="0" />
<wpr uId="494" tId="3" fbRx="53.6684165" lbRx="0" />
<wpr uId="494" tId="6" fbRx="53.6684165" lbRx="0" />
<wpr uId="494" tId="8" fbRx="53.6684165" lbRx="0" />
<pr uId="495" fId="7" fbTx="53.66857467" meta-info="ns3::WifiMacHeader (DATA ToDS=0, FromDS=0, MoreFrag=0, Retry=0, MoreData=0 Duration/ID=60us, DA=00:00:00:00:00:07, SA=00:00:00:00:00:08, BSSID=00:00:00:00:00:08, FragNumber=0, SeqNumber=65) ns3::LlcSnapHeader (type 0x800) ns3::Ipv4Header (tos 0x0 DSCP Default ECN Not-ECT ttl 64 id 5 protocol 17 offset (bytes) 0 flags [none] length: 37 192.168.2.3 &gt; 192.168.2.2) ns3::UdpHeader (length: 17 269 &gt; 269) ns3::Epidemic::TypeHeader (REPLY_BACK) ns3::Epidemic::SummaryVectorHeader ( Summary_vector header with size: 1
Global IDs:
NodeID:PacketID
0.0.2.186:698
) ns3::WifiMacTrailer ()" />
<wpr uId="495" tId="2" fbRx="53.66857467" lbRx="0" />
<wpr uId="495" tId="1" fbRx="53.6685755" lbRx="0" />
<wpr uId="495" tId="3" fbRx="53.6685755" lbRx="0" />
<wpr uId="495" tId="6" fbRx="53.6685755" lbRx="0" />
<wpr uId="495" tId="8" fbRx="53.6685755" lbRx="0" />
<pr uId="496" fId="6" fbTx="53.6687155" meta-info="ns3::WifiMacHeader (CTL_ACK Duration/ID=0us, RA=00:00:00:00:00:08) ns3::WifiMacTrailer ()" />
<wpr uId="496" tId="1" fbRx="53.6687155" lbRx="0" />
<wpr uId="496" tId="2" fbRx="53.66871633" lbRx="0" />
<wpr uId="496" tId="7" fbRx="53.66871633" lbRx="0" />
<pr uId="497" fId="8" fbTx="53.677" meta-info="ns3::WifiMacHeader (DATA ToDS=0, FromDS=0, MoreFrag=0, Retry=0, MoreData=0 Duration/ID=0us, DA=ff:ff:ff:ff:ff:ff, SA=00:00:00:00:00:09, BSSID=00:00:00:00:00:09, FragNumber=0, SeqNumber=65) ns3::LlcSnapHeader (type 0x800) ns3::Ipv4Header (tos 0x0 DSCP Default ECN Not-ECT ttl 64 id 50 protocol 17 offset (bytes) 0 flags [none] length: 45 192.168.2.4 &gt; 192.168.2.255) ns3::UdpHeader (length: 25 269 &gt; 269) ns3::Epidemic::TypeHeader (BEACON) ns3::Epidemic::EpidemicHeader ( Packet ID: 1101480448 Hop count: 1000 TimeStamp: +0.0ns) ns3::WifiMacTrailer ()" />
<wpr uId="497" tId="3" fbRx="53.677" lbRx="0" />
<wpr uId="497" tId="2" fbRx="53.67700083" lbRx="0" />
<wpr uId="497" tId="4" fbRx="53.67700083" lbRx="0" />
<wpr uId="497" tId="7" fbRx="53.67700083" lbRx="0" />
<wpr uId="497" tId="9" fbRx="53.67700083" lbRx="0" />
<pr uId="498" fId="7" fbTx="53.67730183" meta-info="ns3::WifiMacHeader (DATA ToDS=0, FromDS=0, MoreFrag=0, Retry=0, MoreData=0 Duration/ID=60us, DA=00:00:00:00:00:09, SA=00:00:00:00:00:08, BSSID=00:00:00:00:00:08, FragNumber=0, SeqNumber=66) ns3::LlcSnapHeader (type 0x800) ns3::Ipv4Header (tos 0x0 DSCP Default ECN Not-ECT ttl 64 id 5 protocol 17 offset (bytes) 0 flags [none] length: 37 192.168.2.3 &gt; 192.168.2.4) ns3::UdpHeader (length: 17 269 &gt; 269) ns3::Epidemic::TypeHeader (REPLY) ns3::Epidemic::SummaryVectorHeader ( Summary_vector header with size: 1
Global IDs:
NodeID:PacketID
0.0.2.186:698
) ns3::WifiMacTrailer ()" />
<wpr uId="498" tId="2" fbRx="53.67730183" lbRx="0" />
<wpr uId="498" tId="1" fbRx="53.67730267" lbRx="0" />
<wpr uId="498" tId="3" fbRx="53.67730267" lbRx="0" />
<wpr uId="498" tId="6" fbRx="53.67730267" lbRx="0" />
<wpr uId="498" tId="8" fbRx="53.67730267" lbRx="0" />
<pr uId="499" fId="8" fbTx="53.67744267" meta-info="ns3::WifiMacHeader (CTL_ACK Duration/ID=0us, RA=00:00:00:00:00:08) ns3::WifiMacTrailer ()" />
<wpr uId="499" tId="3" fbRx="53.67744267" lbRx="0" />
<wpr uId="499" tId="2" fbRx="53.6774435" lbRx="0" />
<wpr uId="499" tId="4" fbRx="53.6774435" lbRx="0" />
<wpr uId="499" tId="7" fbRx="53.6774435" lbRx="0" />
<wpr uId="499" tId="9" fbRx="53.6774435" lbRx="0" />
<pr uId="500" fId="8" fbTx="53.67761067" meta-info="ns3::WifiMacHeader (DATA ToDS=0, FromDS=0, MoreFrag=0, Retry=0, MoreData=0 Duration/ID=60us, DA=00:00:00:00:00:08, SA=00:00:00:00:00:09, BSSID=00:00:00:00:00:09, FragNumber=0, SeqNumber=66) ns3::LlcSnapHeader (type 0x800) ns3::Ipv4Header (tos 0x0 DSCP Default ECN Not-ECT ttl 64 id 5 protocol 17 offset (bytes) 0 flags [none] length: 37 192.168.2.4 &gt; 192.168.2.3) ns3::UdpHeader (length: 17 269 &gt; 269) ns3::Epidemic::TypeHeader (REPLY_BACK) ns3::Epidemic::SummaryVectorHeader ( Summary_vector header with size: 1
Global IDs:
NodeID:PacketID
0.0.2.186:698
) ns3::WifiMacTrailer ()" />
<wpr uId="500" tId="3" fbRx="53.67761067" lbRx="0" />
<wpr uId="500" tId="2" fbRx="53.6776115" lbRx="0" />
<wpr uId="500" tId="4" fbRx="53.6776115" lbRx="0" />
<wpr uId="500" tId="7" fbRx="53.6776115" lbRx="0" />
<wpr uId="500" tId="9" fbRx="53.6776115" lbRx="0" />
<pr uId="501" fId="7" fbTx="53.6777515" meta-info="ns3::WifiMacHeader (CTL_ACK Duration/ID=0us, RA=00:00:00:00:00:09) ns3::WifiMacTrailer ()" />
<wpr uId="501" tId="2" fbRx="53.6777515" lbRx="0" />
<wpr uId="501" tId="1" fbRx="53.67775233" lbRx="0" />
<wpr uId="501" tId="3" fbRx="53.67775233" lbRx="0" />
<wpr uId="501" tId="6" fbRx="53.67775233" lbRx="0" />
<wpr uId="501" tId="8" fbRx="53.67775233" lbRx="0" />
<pr uId="502" fId="4" fbTx="54.05662416" meta-info="ns3::WifiMacHeader (DATA ToDS=0, FromDS=0, MoreFrag=0, Retry=0, MoreData=0 Duration/ID=0us, DA=ff:ff:ff:ff:ff:ff, SA=00:00:00:00:00:05, BSSID=00:00:00:00:00:05, FragNumber=0, SeqNumber=27) ns3::LlcSnapHeader (type 0x800) ns3::Ipv4Header (tos 0x0 DSCP Default ECN Not-ECT ttl 64 id 27 protocol 17 offset (bytes) 0 flags [none] length: 56 192.168.1.5 &gt; 192.168.1.255) ns3::UdpHeader (length: 36 698 &gt; 698) ns3::olsr::PacketHeader () ns3::olsr::MessageHeader () ns3::WifiMacTrailer ()" />
<wpr uId="502" tId="9" fbRx="54.05662416" lbRx="0" />
<wpr uId="502" tId="3" fbRx="54.05662499" lbRx="0" />
<wpr uId="502" tId="8" fbRx="54.05662499" lbRx="0" />
<pr uId="503" fId="2" fbTx="54.31140142" meta-info="ns3::WifiMacHeader (DATA ToDS=0, FromDS=0, MoreFrag=0, Retry=0, MoreData=0 Duration/ID=0us, DA=ff:ff:ff:ff:ff:ff, SA=00:00:00:00:00:03, BSSID=00:00:00:00:00:03, FragNumber=0, SeqNumber=37) ns3::LlcSnapHeader (type 0x800) ns3::Ipv4Header (tos 0x0 DSCP Default ECN Not-ECT ttl 64 id 37 protocol 17 offset (bytes) 0 flags [none] length: 64 192.168.1.3 &gt; 192.168.1.255) ns3::UdpHeader (length: 44 698 &gt; 698) ns3::olsr::PacketHeader () ns3::olsr::MessageHeader () ns3::WifiMacTrailer ()" />
<wpr uId="503" tId="7" fbRx="54.31140142" lbRx="0" />
<wpr uId="503" tId="1" fbRx="54.31140225" lbRx="0" />
<wpr uId="503" tId="3" fbRx="54.31140225" lbRx="0" />
<wpr uId="503" tId="6" fbRx="54.31140225" lbRx="0" />
<wpr uId="503" tId="8" fbRx="54.31140225" lbRx="0" />
<pr uId="504" fId="0" fbTx="54.32794601" meta-info="ns3::WifiMacHeader (DATA ToDS=0, FromDS=0, MoreFrag=0, Retry=0, MoreData=0 Duration/ID=0us, DA=ff:ff:ff:ff:ff:ff, SA=00:00:00:00:00:01, BSSID=00:00:00:00:00:01, FragNumber=0, SeqNumber=31) ns3::LlcSnapHeader (type 0x800) ns3::Ipv4Header (tos 0x0 DSCP Default ECN Not-ECT ttl 64 id 27 protocol 17 offset (bytes) 0 flags [none] length: 48 192.168.1.1 &gt; 192.168.1.255) ns3::UdpHeader (length: 28 698 &gt; 698) ns3::olsr::PacketHeader () ns3::olsr::MessageHeader () ns3::WifiMacTrailer ()" />
<wpr uId="504" tId="5" fbRx="54.32794601" lbRx="0" />
<pr uId="505" fId="5" fbTx="54.394" meta-info="ns3::WifiMacHeader (DATA ToDS=0, FromDS=0, MoreFrag=0, Retry=0, MoreData=0 Duration/ID=0us, DA=ff:ff:ff:ff:ff:ff, SA=00:00:00:00:00:06, BSSID=00:00:00:00:00:06, FragNumber=0, SeqNumber=51) ns3::LlcSnapHeader (type 0x800) ns3::Ipv4Header (tos 0x0 DSCP Default ECN Not-ECT ttl 64 id 51 protocol 17 offset (bytes) 0 flags [none] length: 45 192.168.2.1 &gt; 192.168.2.255) ns3::UdpHeader (length: 25 269 &gt; 269) ns3::Epidemic::TypeHeader (BEACON) ns3::Epidemic::EpidemicHeader ( Packet ID: 1101480448 Hop count: 1000 TimeStamp: +0.0ns) ns3::WifiMacTrailer ()" />
<wpr uId="505" tId="0" fbRx="54.394" lbRx="0" />
<pr uId="506" fId="3" fbTx="54.45292764" meta-info="ns3::WifiMacHeader (DATA ToDS=0, FromDS=0, MoreFrag=0, Retry=0, MoreData=0 Duration/ID=0us, DA=ff:ff:ff:ff:ff:ff, SA=00:00:00:00:00:04, BSSID=00:00:00:00:00:04, FragNumber=0, SeqNumber=34) ns3::LlcSnapHeader (type 0x800) ns3::Ipv4Header (tos 0x0 DSCP Default ECN Not-ECT ttl 64 id 34 protocol 17 offset (bytes) 0 flags [none] length: 64 192.168.1.4 &gt; 192.168.1.255) ns3::UdpHeader (length: 44 698 &gt; 698) ns3::olsr::PacketHeader () ns3::olsr::MessageHeader () ns3::WifiMacTrailer ()" />
<wpr uId="506" tId="8" fbRx="54.45292764" lbRx="0" />
<wpr uId="506" tId="2" fbRx="54.45292848" lbRx="0" />
<wpr uId="506" tId="4" fbRx="54.45292848" lbRx="0" />
<wpr uId="506" tId="7" fbRx="54.45292848" lbRx="0" />
<wpr uId="506" tId="9" fbRx="54.45292848" lbRx="0" />
<pr uId="507" fId="9" fbTx="54.461" meta-info="ns3::WifiMacHeader (DATA ToDS=0, FromDS=0, MoreFrag=0, Retry=0, MoreData=0 Duration/ID=0us, DA=ff:ff:ff:ff:ff:ff, SA=00:00:00:00:00:0a, BSSID=00:00:00:00:00:0a, FragNumber=0, SeqNumber=59) ns3::LlcSnapHeader (type 0x800) ns3::Ipv4Header (tos 0x0 DSCP Default ECN Not-ECT ttl 64 id 51 protocol 17 offset (bytes) 0 flags [none] length: 45 192.168.2.5 &gt; 192.168.2.255) ns3::UdpHeader (length: 25 269 &gt; 269) ns3::Epidemic::TypeHeader (BEACON) ns3::Epidemic::EpidemicHeader ( Packet ID: 1101480448 Hop count: 1000 TimeStamp: +0.0ns) ns3::WifiMacTrailer ()" />
<wpr uId="507" tId="4" fbRx="54.461" lbRx="0" />
<wpr uId="507" tId="3" fbRx="54.46100083" lbRx="0" />
<wpr uId="507" tId="8" fbRx="54.46100083" lbRx="0" />
<pr uId="508" fId="1" fbTx="54.46818387" meta-info="ns3::WifiMacHeader (DATA ToDS=0, FromDS=0, MoreFrag=0, Retry=0, MoreData=0 Duration/ID=0us, DA=ff:ff:ff:ff:ff:ff, SA=00:00:00:00:00:02, BSSID=00:00:00:00:00:02, FragNumber=0, SeqNumber=27) ns3::LlcSnapHeader (type 0x800) ns3::Ipv4Header (tos 0x0 DSCP Default ECN Not-ECT ttl 64 id 27 protocol 17 offset (bytes) 0 flags [none] length: 56 192.168.1.2 &gt; 192.168.1.255) ns3::UdpHeader (length: 36 698 &gt; 698) ns3::olsr::PacketHeader () ns3::olsr::MessageHeader () ns3::WifiMacTrailer ()" />
<wpr uId="508" tId="6" fbRx="54.46818387" lbRx="0" />
<wpr uId="508" tId="2" fbRx="54.4681847" lbRx="0" />
<wpr uId="508" tId="7" fbRx="54.4681847" lbRx="0" />
<pr uId="509" fId="6" fbTx="54.579" meta-info="ns3::WifiMacHeader (DATA ToDS=0, FromDS=0, MoreFrag=0, Retry=0, MoreData=0 Duration/ID=0us, DA=ff:ff:ff:ff:ff:ff, SA=00:00:00:00:00:07, BSSID=00:00:00:00:00:07, FragNumber=0, SeqNumber=59) ns3::LlcSnapHeader (type 0x800) ns3::Ipv4Header (tos 0x0 DSCP Default ECN Not-ECT ttl 64 id 51 protocol 17 offset (bytes) 0 flags [none] length: 45 192.168.2.2 &gt; 192.168.2.255) ns3::UdpHeader (length: 25 269 &gt; 269) ns3::Epidemic::TypeHeader (BEACON) ns3::Epidemic::EpidemicHeader ( Packet ID: 1101480448 Hop count: 1000 TimeStamp: +0.0ns) ns3::WifiMacTrailer ()" />
<wpr uId="509" tId="1" fbRx="54.579" lbRx="0" />
<wpr uId="509" tId="2" fbRx="54.57900083" lbRx="0" />
<wpr uId="509" tId="7" fbRx="54.57900083" lbRx="0" />
<pr uId="510" fId="7" fbTx="54.695" meta-info="ns3::WifiMacHeader (DATA ToDS=0, FromDS=0, MoreFrag=0, Retry=0, MoreData=0 Duration/ID=0us, DA=ff:ff:ff:ff:ff:ff, SA=00:00:00:00:00:08, BSSID=00:00:00:00:00:08, FragNumber=0, SeqNumber=67) ns3::LlcSnapHeader (type 0x800) ns3::Ipv4Header (tos 0x0 DSCP Default ECN Not-ECT ttl 64 id 51 protocol 17 offset (bytes) 0 flags [none] length: 45 192.168.2.3 &gt; 192.168.2.255) ns3::UdpHeader (length: 25 269 &gt; 269) ns3::Epidemic::TypeHeader (BEACON) ns3::Epidemic::EpidemicHeader ( Packet ID: 1101480448 Hop count: 1000 TimeStamp: +0.0ns) ns3::WifiMacTrailer ()" />
<wpr uId="510" tId="2" fbRx="54.695" lbRx="0" />
<wpr uId="510" tId="1" fbRx="54.69500083" lbRx="0" />
<wpr uId="510" tId="3" fbRx="54.69500083" lbRx="0" />
<wpr uId="510" tId="6" fbRx="54.69500083" lbRx="0" />
<wpr uId="510" tId="8" fbRx="54.69500083" lbRx="0" />
<pr uId="511" fId="8" fbTx="54.734" meta-info="ns3::WifiMacHeader (DATA ToDS=0, FromDS=0, MoreFrag=0, Retry=0, MoreData=0 Duration/ID=0us, DA=ff:ff:ff:ff:ff:ff, SA=00:00:00:00:00:09, BSSID=00:00:00:00:00:09, FragNumber=0, SeqNumber=67) ns3::LlcSnapHeader (type 0x800) ns3::Ipv4Header (tos 0x0 DSCP Default ECN Not-ECT ttl 64 id 51 protocol 17 offset (bytes) 0 flags [none] length: 45 192.168.2.4 &gt; 192.168.2.255) ns3::UdpHeader (length: 25 269 &gt; 269) ns3::Epidemic::TypeHeader (BEACON) ns3::Epidemic::EpidemicHeader ( Packet ID: 1101480448 Hop count: 1000 TimeStamp: +0.0ns) ns3::WifiMacTrailer ()" />
<wpr uId="511" tId="3" fbRx="54.734" lbRx="0" />
<wpr uId="511" tId="2" fbRx="54.73400083" lbRx="0" />
<wpr uId="511" tId="4" fbRx="54.73400083" lbRx="0" />
<wpr uId="511" tId="7" fbRx="54.73400083" lbRx="0" />
<wpr uId="511" tId="9" fbRx="54.73400083" lbRx="0" />
<pr uId="512" fId="3" fbTx="55.31228704" meta-info="ns3::WifiMacHeader (DATA ToDS=0, FromDS=0, MoreFrag=0, Retry=0, MoreData=0 Duration/ID=0us, DA=ff:ff:ff:ff:ff:ff, SA=00:00:00:00:00:04, BSSID=00:00:00:00:00:04, FragNumber=0, SeqNumber=35) ns3::LlcSnapHeader (type 0x800) ns3::Ipv4Header (tos 0x0 DSCP Default ECN Not-ECT ttl 64 id 35 protocol 17 offset (bytes) 0 flags [none] length: 56 192.168.1.4 &gt; 192.168.1.255) ns3::UdpHeader (length: 36 698 &gt; 698) ns3::olsr::PacketHeader () ns3::olsr::MessageHeader () ns3::WifiMacTrailer ()" />
<wpr uId="512" tId="8" fbRx="55.31228704" lbRx="0" />
<wpr uId="512" tId="2" fbRx="55.31228787" lbRx="0" />
<wpr uId="512" tId="4" fbRx="55.31228787" lbRx="0" />
<wpr uId="512" tId="7" fbRx="55.31228787" lbRx="0" />
<wpr uId="512" tId="9" fbRx="55.31228787" lbRx="0" />
<pr uId="513" fId="2" fbTx="55.32501319" meta-info="ns3::WifiMacHeader (DATA ToDS=0, FromDS=0, MoreFrag=0, Retry=0, MoreData=0 Duration/ID=0us, DA=ff:ff:ff:ff:ff:ff, SA=00:00:00:00:00:03, BSSID=00:00:00:00:00:03, FragNumber=0, SeqNumber=38) ns3::LlcSnapHeader (type 0x800) ns3::Ipv4Header (tos 0x0 DSCP Default ECN Not-ECT ttl 64 id 38 protocol 17 offset (bytes) 0 flags [none] length: 80 192.168.1.3 &gt; 192.168.1.255) ns3::UdpHeader (length: 60 698 &gt; 698) ns3::olsr::PacketHeader () ns3::olsr::MessageHeader () ns3::olsr::MessageHeader () ns3::WifiMacTrailer ()" />
<wpr uId="513" tId="7" fbRx="55.32501319" lbRx="0" />
<wpr uId="513" tId="1" fbRx="55.32501402" lbRx="0" />
<wpr uId="513" tId="3" fbRx="55.32501402" lbRx="0" />
<wpr uId="513" tId="6" fbRx="55.32501402" lbRx="0" />
<wpr uId="513" tId="8" fbRx="55.32501402" lbRx="0" />
<pr uId="514" fId="9" fbTx="55.465" meta-info="ns3::WifiMacHeader (DATA ToDS=0, FromDS=0, MoreFrag=0, Retry=0, MoreData=0 Duration/ID=0us, DA=ff:ff:ff:ff:ff:ff, SA=00:00:00:00:00:0a, BSSID=00:00:00:00:00:0a, FragNumber=0, SeqNumber=60) ns3::LlcSnapHeader (type 0x800) ns3::Ipv4Header (tos 0x0 DSCP Default ECN Not-ECT ttl 64 id 52 protocol 17 offset (bytes) 0 flags [none] length: 45 192.168.2.5 &gt; 192.168.2.255) ns3::UdpHeader (length: 25 269 &gt; 269) ns3::Epidemic::TypeHeader (BEACON) ns3::Epidemic::EpidemicHeader ( Packet ID: 1101480448 Hop count: 1000 TimeStamp: +0.0ns) ns3::WifiMacTrailer ()" />
<wpr uId="514" tId="4" fbRx="55.465" lbRx="0" />
<wpr uId="514" tId="3" fbRx="55.46500083" lbRx="0" />
<wpr uId="514" tId="8" fbRx="55.46500083" lbRx="0" />
<pr uId="515" fId="5" fbTx="55.475" meta-info="ns3::WifiMacHeader (DATA ToDS=0, FromDS=0, MoreFrag=0, Retry=0, MoreData=0 Duration/ID=0us, DA=ff:ff:ff:ff:ff:ff, SA=00:00:00:00:00:06, BSSID=00:00:00:00:00:06, FragNumber=0, SeqNumber=52) ns3::LlcSnapHeader (type 0x800) ns3::Ipv4Header (tos 0x0 DSCP Default ECN Not-ECT ttl 64 id 52 protocol 17 offset (bytes) 0 flags [none] length: 45 192.168.2.1 &gt; 192.168.2.255) ns3::UdpHeader (length: 25 269 &gt; 269) ns3::Epidemic::TypeHeader (BEACON) ns3::Epidemic::EpidemicHeader ( Packet ID: 1101480448 Hop count: 1000 TimeStamp: +0.0ns) ns3::WifiMacTrailer ()" />
<wpr uId="515" tId="0" fbRx="55.475" lbRx="0" />
<pr uId="516" fId="6" fbTx="55.611" meta-info="ns3::WifiMacHeader (DATA ToDS=0, FromDS=0, MoreFrag=0, Retry=0, MoreData=0 Duration/ID=0us, DA=ff:ff:ff:ff:ff:ff, SA=00:00:00:00:00:07, BSSID=00:00:00:00:00:07, FragNumber=0, SeqNumber=60) ns3::LlcSnapHeader (type 0x800) ns3::Ipv4Header (tos 0x0 DSCP Default ECN Not-ECT ttl 64 id 52 protocol 17 offset (bytes) 0 flags [none] length: 45 192.168.2.2 &gt; 192.168.2.255) ns3::UdpHeader (length: 25 269 &gt; 269) ns3::Epidemic::TypeHeader (BEACON) ns3::Epidemic::EpidemicHeader ( Packet ID: 1101480448 Hop count: 1000 TimeStamp: +0.0ns) ns3::WifiMacTrailer ()" />
<wpr uId="516" tId="1" fbRx="55.611" lbRx="0" />
<wpr uId="516" tId="2" fbRx="55.61100083" lbRx="0" />
<wpr uId="516" tId="7" fbRx="55.61100083" lbRx="0" />
<pr uId="517" fId="3" fbTx="55.66964164" meta-info="ns3::WifiMacHeader (DATA ToDS=0, FromDS=0, MoreFrag=0, Retry=0, MoreData=0 Duration/ID=0us, DA=ff:ff:ff:ff:ff:ff, SA=00:00:00:00:00:04, BSSID=00:00:00:00:00:04, FragNumber=0, SeqNumber=36) ns3::LlcSnapHeader (type 0x800) ns3::Ipv4Header (tos 0x0 DSCP Default ECN Not-ECT ttl 64 id 36 protocol 17 offset (bytes) 0 flags [none] length: 56 192.168.1.4 &gt; 192.168.1.255) ns3::UdpHeader (length: 36 698 &gt; 698) ns3::olsr::PacketHeader () ns3::olsr::MessageHeader () ns3::WifiMacTrailer ()" />
<wpr uId="517" tId="8" fbRx="55.66964164" lbRx="0" />
<wpr uId="517" tId="2" fbRx="55.66964247" lbRx="0" />
<wpr uId="517" tId="4" fbRx="55.66964247" lbRx="0" />
<wpr uId="517" tId="7" fbRx="55.66964247" lbRx="0" />
<wpr uId="517" tId="9" fbRx="55.66964247" lbRx="0" />
<pr uId="518" fId="7" fbTx="55.773" meta-info="ns3::WifiMacHeader (DATA ToDS=0, FromDS=0, MoreFrag=0, Retry=0, MoreData=0 Duration/ID=0us, DA=ff:ff:ff:ff:ff:ff, SA=00:00:00:00:00:08, BSSID=00:00:00:00:00:08, FragNumber=0, SeqNumber=68) ns3::LlcSnapHeader (type 0x800) ns3::Ipv4Header (tos 0x0 DSCP Default ECN Not-ECT ttl 64 id 52 protocol 17 offset (bytes) 0 flags [none] length: 45 192.168.2.3 &gt; 192.168.2.255) ns3::UdpHeader (length: 25 269 &gt; 269) ns3::Epidemic::TypeHeader (BEACON) ns3::Epidemic::EpidemicHeader ( Packet ID: 1101480448 Hop count: 1000 TimeStamp: +0.0ns) ns3::WifiMacTrailer ()" />
<wpr uId="518" tId="2" fbRx="55.773" lbRx="0" />
<wpr uId="518" tId="1" fbRx="55.77300083" lbRx="0" />
<wpr uId="518" tId="3" fbRx="55.77300083" lbRx="0" />
<wpr uId="518" tId="6" fbRx="55.77300083" lbRx="0" />
<wpr uId="518" tId="8" fbRx="55.77300083" lbRx="0" />
<pr uId="519" fId="8" fbTx="55.804" meta-info="ns3::WifiMacHeader (DATA ToDS=0, FromDS=0, MoreFrag=0, Retry=0, MoreData=0 Duration/ID=0us, DA=ff:ff:ff:ff:ff:ff, SA=00:00:00:00:00:09, BSSID=00:00:00:00:00:09, FragNumber=0, SeqNumber=68) ns3::LlcSnapHeader (type 0x800) ns3::Ipv4Header (tos 0x0 DSCP Default ECN Not-ECT ttl 64 id 52 protocol 17 offset (bytes) 0 flags [none] length: 45 192.168.2.4 &gt; 192.168.2.255) ns3::UdpHeader (length: 25 269 &gt; 269) ns3::Epidemic::TypeHeader (BEACON) ns3::Epidemic::EpidemicHeader ( Packet ID: 1101480448 Hop count: 1000 TimeStamp: +0.0ns) ns3::WifiMacTrailer ()" />
<wpr uId="519" tId="3" fbRx="55.804" lbRx="0" />
<wpr uId="519" tId="2" fbRx="55.80400083" lbRx="0" />
<wpr uId="519" tId="4" fbRx="55.80400083" lbRx="0" />
<wpr uId="519" tId="7" fbRx="55.80400083" lbRx="0" />
<wpr uId="519" tId="9" fbRx="55.80400083" lbRx="0" />
<pr uId="520" fId="2" fbTx="56.18506984" meta-info="ns3::WifiMacHeader (DATA ToDS=0, FromDS=0, MoreFrag=0, Retry=0, MoreData=0 Duration/ID=0us, DA=ff:ff:ff:ff:ff:ff, SA=00:00:00:00:00:03, BSSID=00:00:00:00:00:03, FragNumber=0, SeqNumber=39) ns3::LlcSnapHeader (type 0x800) ns3::Ipv4Header (tos 0x0 DSCP Default ECN Not-ECT ttl 64 id 39 protocol 17 offset (bytes) 0 flags [none] length: 64 192.168.1.3 &gt; 192.168.1.255) ns3::UdpHeader (length: 44 698 &gt; 698) ns3::olsr::PacketHeader () ns3::olsr::MessageHeader () ns3::WifiMacTrailer ()" />
<wpr uId="520" tId="7" fbRx="56.18506984" lbRx="0" />
<wpr uId="520" tId="1" fbRx="56.18507067" lbRx="0" />
<wpr uId="520" tId="3" fbRx="56.18507067" lbRx="0" />
<wpr uId="520" tId="6" fbRx="56.18507067" lbRx="0" />
<wpr uId="520" tId="8" fbRx="56.18507067" lbRx="0" />
<pr uId="521" fId="4" fbTx="56.37163762" meta-info="ns3::WifiMacHeader (DATA ToDS=0, FromDS=0, MoreFrag=0, Retry=0, MoreData=0 Duration/ID=0us, DA=ff:ff:ff:ff:ff:ff, SA=00:00:00:00:00:05, BSSID=00:00:00:00:00:05, FragNumber=0, SeqNumber=28) ns3::LlcSnapHeader (type 0x800) ns3::Ipv4Header (tos 0x0 DSCP Default ECN Not-ECT ttl 64 id 28 protocol 17 offset (bytes) 0 flags [none] length: 56 192.168.1.5 &gt; 192.168.1.255) ns3::UdpHeader (length: 36 698 &gt; 698) ns3::olsr::PacketHeader () ns3::olsr::MessageHeader () ns3::WifiMacTrailer ()" />
<wpr uId="521" tId="9" fbRx="56.37163762" lbRx="0" />
<wpr uId="521" tId="3" fbRx="56.37163845" lbRx="0" />
<wpr uId="521" tId="8" fbRx="56.37163845" lbRx="0" />
<pr uId="522" fId="0" fbTx="56.42656161" meta-info="ns3::WifiMacHeader (DATA ToDS=0, FromDS=0, MoreFrag=0, Retry=0, MoreData=0 Duration/ID=0us, DA=ff:ff:ff:ff:ff:ff, SA=00:00:00:00:00:01, BSSID=00:00:00:00:00:01, FragNumber=0, SeqNumber=32) ns3::LlcSnapHeader (type 0x800) ns3::Ipv4Header (tos 0x0 DSCP Default ECN Not-ECT ttl 64 id 28 protocol 17 offset (bytes) 0 flags [none] length: 48 192.168.1.1 &gt; 192.168.1.255) ns3::UdpHeader (length: 28 698 &gt; 698) ns3::olsr::PacketHeader () ns3::olsr::MessageHeader () ns3::WifiMacTrailer ()" />
<wpr uId="522" tId="5" fbRx="56.42656161" lbRx="0" />
<pr uId="523" fId="3" fbTx="56.4273291" meta-info="ns3::WifiMacHeader (DATA ToDS=0, FromDS=0, MoreFrag=0, Retry=0, MoreData=0 Duration/ID=0us, DA=ff:ff:ff:ff:ff:ff, SA=00:00:00:00:00:04, BSSID=00:00:00:00:00:04, FragNumber=0, SeqNumber=37) ns3::LlcSnapHeader (type 0x800) ns3::Ipv4Header (tos 0x0 DSCP Default ECN Not-ECT ttl 64 id 37 protocol 17 offset (bytes) 0 flags [none] length: 64 192.168.1.4 &gt; 192.168.1.255) ns3::UdpHeader (length: 44 698 &gt; 698) ns3::olsr::PacketHeader () ns3::olsr::MessageHeader () ns3::WifiMacTrailer ()" />
<wpr uId="523" tId="8" fbRx="56.4273291" lbRx="0" />
<wpr uId="523" tId="2" fbRx="56.42732994" lbRx="0" />
<wpr uId="523" tId="4" fbRx="56.42732994" lbRx="0" />
<wpr uId="523" tId="7" fbRx="56.42732994" lbRx="0" />
<wpr uId="523" tId="9" fbRx="56.42732994" lbRx="0" />
<pr uId="524" fId="1" fbTx="56.42900334" meta-info="ns3::WifiMacHeader (DATA ToDS=0, FromDS=0, MoreFrag=0, Retry=0, MoreData=0 Duration/ID=0us, DA=ff:ff:ff:ff:ff:ff, SA=00:00:00:00:00:02, BSSID=00:00:00:00:00:02, FragNumber=0, SeqNumber=28) ns3::LlcSnapHeader (type 0x800) ns3::Ipv4Header (tos 0x0 DSCP Default ECN Not-ECT ttl 64 id 28 protocol 17 offset (bytes) 0 flags [none] length: 56 192.168.1.2 &gt; 192.168.1.255) ns3::UdpHeader (length: 36 698 &gt; 698) ns3::olsr::PacketHeader () ns3::olsr::MessageHeader () ns3::WifiMacTrailer ()" />
<wpr uId="524" tId="6" fbRx="56.42900334" lbRx="0" />
<wpr uId="524" tId="2" fbRx="56.42900418" lbRx="0" />
<wpr uId="524" tId="7" fbRx="56.42900418" lbRx="0" />
<pr uId="525" fId="9" fbTx="56.518" meta-info="ns3::WifiMacHeader (DATA ToDS=0, FromDS=0, MoreFrag=0, Retry=0, MoreData=0 Duration/ID=0us, DA=ff:ff:ff:ff:ff:ff, SA=00:00:00:00:00:0a, BSSID=00:00:00:00:00:0a, FragNumber=0, SeqNumber=61) ns3::LlcSnapHeader (type 0x800) ns3::Ipv4Header (tos 0x0 DSCP Default ECN Not-ECT ttl 64 id 53 protocol 17 offset (bytes) 0 flags [none] length: 45 192.168.2.5 &gt; 192.168.2.255) ns3::UdpHeader (length: 25 269 &gt; 269) ns3::Epidemic::TypeHeader (BEACON) ns3::Epidemic::EpidemicHeader ( Packet ID: 1101480448 Hop count: 1000 TimeStamp: +0.0ns) ns3::WifiMacTrailer ()" />
<wpr uId="525" tId="4" fbRx="56.518" lbRx="0" />
<wpr uId="525" tId="3" fbRx="56.51800083" lbRx="0" />
<wpr uId="525" tId="8" fbRx="56.51800083" lbRx="0" />
<pr uId="526" fId="5" fbTx="56.535" meta-info="ns3::WifiMacHeader (DATA ToDS=0, FromDS=0, MoreFrag=0, Retry=0, MoreData=0 Duration/ID=0us, DA=ff:ff:ff:ff:ff:ff, SA=00:00:00:00:00:06, BSSID=00:00:00:00:00:06, FragNumber=0, SeqNumber=53) ns3::LlcSnapHeader (type 0x800) ns3::Ipv4Header (tos 0x0 DSCP Default ECN Not-ECT ttl 64 id 53 protocol 17 offset (bytes) 0 flags [none] length: 45 192.168.2.1 &gt; 192.168.2.255) ns3::UdpHeader (length: 25 269 &gt; 269) ns3::Epidemic::TypeHeader (BEACON) ns3::Epidemic::EpidemicHeader ( Packet ID: 1101480448 Hop count: 1000 TimeStamp: +0.0ns) ns3::WifiMacTrailer ()" />
<wpr uId="526" tId="0" fbRx="56.535" lbRx="0" />
<pr uId="527" fId="6" fbTx="56.64" meta-info="ns3::WifiMacHeader (DATA ToDS=0, FromDS=0, MoreFrag=0, Retry=0, MoreData=0 Duration/ID=0us, DA=ff:ff:ff:ff:ff:ff, SA=00:00:00:00:00:07, BSSID=00:00:00:00:00:07, FragNumber=0, SeqNumber=61) ns3::LlcSnapHeader (type 0x800) ns3::Ipv4Header (tos 0x0 DSCP Default ECN Not-ECT ttl 64 id 53 protocol 17 offset (bytes) 0 flags [none] length: 45 192.168.2.2 &gt; 192.168.2.255) ns3::UdpHeader (length: 25 269 &gt; 269) ns3::Epidemic::TypeHeader (BEACON) ns3::Epidemic::EpidemicHeader ( Packet ID: 1101480448 Hop count: 1000 TimeStamp: +0.0ns) ns3::WifiMacTrailer ()" />
<wpr uId="527" tId="1" fbRx="56.64" lbRx="0" />
<wpr uId="527" tId="2" fbRx="56.64000083" lbRx="0" />
<wpr uId="527" tId="7" fbRx="56.64000083" lbRx="0" />
<pr uId="528" fId="7" fbTx="56.787" meta-info="ns3::WifiMacHeader (DATA ToDS=0, FromDS=0, MoreFrag=0, Retry=0, MoreData=0 Duration/ID=0us, DA=ff:ff:ff:ff:ff:ff, SA=00:00:00:00:00:08, BSSID=00:00:00:00:00:08, FragNumber=0, SeqNumber=69) ns3::LlcSnapHeader (type 0x800) ns3::Ipv4Header (tos 0x0 DSCP Default ECN Not-ECT ttl 64 id 53 protocol 17 offset (bytes) 0 flags [none] length: 45 192.168.2.3 &gt; 192.168.2.255) ns3::UdpHeader (length: 25 269 &gt; 269) ns3::Epidemic::TypeHeader (BEACON) ns3::Epidemic::EpidemicHeader ( Packet ID: 1101480448 Hop count: 1000 TimeStamp: +0.0ns) ns3::WifiMacTrailer ()" />
<wpr uId="528" tId="2" fbRx="56.787" lbRx="0" />
<wpr uId="528" tId="1" fbRx="56.78700083" lbRx="0" />
<wpr uId="528" tId="3" fbRx="56.78700083" lbRx="0" />
<wpr uId="528" tId="6" fbRx="56.78700083" lbRx="0" />
<wpr uId="528" tId="8" fbRx="56.78700083" lbRx="0" />
<pr uId="529" fId="8" fbTx="56.892" meta-info="ns3::WifiMacHeader (DATA ToDS=0, FromDS=0, MoreFrag=0, Retry=0, MoreData=0 Duration/ID=0us, DA=ff:ff:ff:ff:ff:ff, SA=00:00:00:00:00:09, BSSID=00:00:00:00:00:09, FragNumber=0, SeqNumber=69) ns3::LlcSnapHeader (type 0x800) ns3::Ipv4Header (tos 0x0 DSCP Default ECN Not-ECT ttl 64 id 53 protocol 17 offset (bytes) 0 flags [none] length: 45 192.168.2.4 &gt; 192.168.2.255) ns3::UdpHeader (length: 25 269 &gt; 269) ns3::Epidemic::TypeHeader (BEACON) ns3::Epidemic::EpidemicHeader ( Packet ID: 1101480448 Hop count: 1000 TimeStamp: +0.0ns) ns3::WifiMacTrailer ()" />
<wpr uId="529" tId="3" fbRx="56.892" lbRx="0" />
<wpr uId="529" tId="2" fbRx="56.89200083" lbRx="0" />
<wpr uId="529" tId="4" fbRx="56.89200083" lbRx="0" />
<wpr uId="529" tId="7" fbRx="56.89200083" lbRx="0" />
<wpr uId="529" tId="9" fbRx="56.89200083" lbRx="0" />
<pr uId="530" fId="5" fbTx="57.556" meta-info="ns3::WifiMacHeader (DATA ToDS=0, FromDS=0, MoreFrag=0, Retry=0, MoreData=0 Duration/ID=0us, DA=ff:ff:ff:ff:ff:ff, SA=00:00:00:00:00:06, BSSID=00:00:00:00:00:06, FragNumber=0, SeqNumber=54) ns3::LlcSnapHeader (type 0x800) ns3::Ipv4Header (tos 0x0 DSCP Default ECN Not-ECT ttl 64 id 54 protocol 17 offset (bytes) 0 flags [none] length: 45 192.168.2.1 &gt; 192.168.2.255) ns3::UdpHeader (length: 25 269 &gt; 269) ns3::Epidemic::TypeHeader (BEACON) ns3::Epidemic::EpidemicHeader ( Packet ID: 1101480448 Hop count: 1000 TimeStamp: +0.0ns) ns3::WifiMacTrailer ()" />
<wpr uId="530" tId="0" fbRx="57.556" lbRx="0" />
<pr uId="531" fId="9" fbTx="57.563" meta-info="ns3::WifiMacHeader (DATA ToDS=0, FromDS=0, MoreFrag=0, Retry=0, MoreData=0 Duration/ID=0us, DA=ff:ff:ff:ff:ff:ff, SA=00:00:00:00:00:0a, BSSID=00:00:00:00:00:0a, FragNumber=0, SeqNumber=62) ns3::LlcSnapHeader (type 0x800) ns3::Ipv4Header (tos 0x0 DSCP Default ECN Not-ECT ttl 64 id 54 protocol 17 offset (bytes) 0 flags [none] length: 45 192.168.2.5 &gt; 192.168.2.255) ns3::UdpHeader (length: 25 269 &gt; 269) ns3::Epidemic::TypeHeader (BEACON) ns3::Epidemic::EpidemicHeader ( Packet ID: 1101480448 Hop count: 1000 TimeStamp: +0.0ns) ns3::WifiMacTrailer ()" />
<wpr uId="531" tId="4" fbRx="57.563" lbRx="0" />
<wpr uId="531" tId="3" fbRx="57.56300083" lbRx="0" />
<wpr uId="531" tId="8" fbRx="57.56300083" lbRx="0" />
<pr uId="532" fId="6" fbTx="57.695" meta-info="ns3::WifiMacHeader (DATA ToDS=0, FromDS=0, MoreFrag=0, Retry=0, MoreData=0 Duration/ID=0us, DA=ff:ff:ff:ff:ff:ff, SA=00:00:00:00:00:07, BSSID=00:00:00:00:00:07, FragNumber=0, SeqNumber=62) ns3::LlcSnapHeader (type 0x800) ns3::Ipv4Header (tos 0x0 DSCP Default ECN Not-ECT ttl 64 id 54 protocol 17 offset (bytes) 0 flags [none] length: 45 192.168.2.2 &gt; 192.168.2.255) ns3::UdpHeader (length: 25 269 &gt; 269) ns3::Epidemic::TypeHeader (BEACON) ns3::Epidemic::EpidemicHeader ( Packet ID: 1101480448 Hop count: 1000 TimeStamp: +0.0ns) ns3::WifiMacTrailer ()" />
<wpr uId="532" tId="1" fbRx="57.695" lbRx="0" />
<wpr uId="532" tId="2" fbRx="57.69500083" lbRx="0" />
<wpr uId="532" tId="7" fbRx="57.69500083" lbRx="0" />
<pr uId="533" fId="7" fbTx="57.87" meta-info="ns3::WifiMacHeader (DATA ToDS=0, FromDS=0, MoreFrag=0, Retry=0, MoreData=0 Duration/ID=0us, DA=ff:ff:ff:ff:ff:ff, SA=00:00:00:00:00:08, BSSID=00:00:00:00:00:08, FragNumber=0, SeqNumber=70) ns3::LlcSnapHeader (type 0x800) ns3::Ipv4Header (tos 0x0 DSCP Default ECN Not-ECT ttl 64 id 54 protocol 17 offset (bytes) 0 flags [none] length: 45 192.168.2.3 &gt; 192.168.2.255) ns3::UdpHeader (length: 25 269 &gt; 269) ns3::Epidemic::TypeHeader (BEACON) ns3::Epidemic::EpidemicHeader ( Packet ID: 1101480448 Hop count: 1000 TimeStamp: +0.0ns) ns3::WifiMacTrailer ()" />
<wpr uId="533" tId="2" fbRx="57.87" lbRx="0" />
<wpr uId="533" tId="1" fbRx="57.87000083" lbRx="0" />
<wpr uId="533" tId="3" fbRx="57.87000083" lbRx="0" />
<wpr uId="533" tId="6" fbRx="57.87000083" lbRx="0" />
<wpr uId="533" tId="8" fbRx="57.87000083" lbRx="0" />
<pr uId="534" fId="8" fbTx="57.925" meta-info="ns3::WifiMacHeader (DATA ToDS=0, FromDS=0, MoreFrag=0, Retry=0, MoreData=0 Duration/ID=0us, DA=ff:ff:ff:ff:ff:ff, SA=00:00:00:00:00:09, BSSID=00:00:00:00:00:09, FragNumber=0, SeqNumber=70) ns3::LlcSnapHeader (type 0x800) ns3::Ipv4Header (tos 0x0 DSCP Default ECN Not-ECT ttl 64 id 54 protocol 17 offset (bytes) 0 flags [none] length: 45 192.168.2.4 &gt; 192.168.2.255) ns3::UdpHeader (length: 25 269 &gt; 269) ns3::Epidemic::TypeHeader (BEACON) ns3::Epidemic::EpidemicHeader ( Packet ID: 1101480448 Hop count: 1000 TimeStamp: +0.0ns) ns3::WifiMacTrailer ()" />
<wpr uId="534" tId="3" fbRx="57.925" lbRx="0" />
<wpr uId="534" tId="2" fbRx="57.92500083" lbRx="0" />
<wpr uId="534" tId="4" fbRx="57.92500083" lbRx="0" />
<wpr uId="534" tId="7" fbRx="57.92500083" lbRx="0" />
<wpr uId="534" tId="9" fbRx="57.92500083" lbRx="0" />
<pr uId="535" fId="0" fbTx="58.04167646" meta-info="ns3::WifiMacHeader (DATA ToDS=0, FromDS=0, MoreFrag=0, Retry=0, MoreData=0 Duration/ID=0us, DA=ff:ff:ff:ff:ff:ff, SA=00:00:00:00:00:01, BSSID=00:00:00:00:00:01, FragNumber=0, SeqNumber=33) ns3::LlcSnapHeader (type 0x800) ns3::Ipv4Header (tos 0x0 DSCP Default ECN Not-ECT ttl 64 id 29 protocol 17 offset (bytes) 0 flags [none] length: 48 192.168.1.1 &gt; 192.168.1.255) ns3::UdpHeader (length: 28 698 &gt; 698) ns3::olsr::PacketHeader () ns3::olsr::MessageHeader () ns3::WifiMacTrailer ()" />
<wpr uId="535" tId="5" fbRx="58.04167646" lbRx="0" />
<pr uId="536" fId="4" fbTx="58.12890881" meta-info="ns3::WifiMacHeader (DATA ToDS=0, FromDS=0, MoreFrag=0, Retry=0, MoreData=0 Duration/ID=0us, DA=ff:ff:ff:ff:ff:ff, SA=00:00:00:00:00:05, BSSID=00:00:00:00:00:05, FragNumber=0, SeqNumber=29) ns3::LlcSnapHeader (type 0x800) ns3::Ipv4Header (tos 0x0 DSCP Default ECN Not-ECT ttl 64 id 29 protocol 17 offset (bytes) 0 flags [none] length: 56 192.168.1.5 &gt; 192.168.1.255) ns3::UdpHeader (length: 36 698 &gt; 698) ns3::olsr::PacketHeader () ns3::olsr::MessageHeader () ns3::WifiMacTrailer ()" />
<wpr uId="536" tId="9" fbRx="58.12890881" lbRx="0" />
<wpr uId="536" tId="3" fbRx="58.12890964" lbRx="0" />
<wpr uId="536" tId="8" fbRx="58.12890964" lbRx="0" />
<pr uId="537" fId="3" fbTx="58.15287083" meta-info="ns3::WifiMacHeader (DATA ToDS=0, FromDS=0, MoreFrag=0, Retry=0, MoreData=0 Duration/ID=0us, DA=ff:ff:ff:ff:ff:ff, SA=00:00:00:00:00:04, BSSID=00:00:00:00:00:04, FragNumber=0, SeqNumber=38) ns3::LlcSnapHeader (type 0x800) ns3::Ipv4Header (tos 0x0 DSCP Default ECN Not-ECT ttl 64 id 38 protocol 17 offset (bytes) 0 flags [none] length: 64 192.168.1.4 &gt; 192.168.1.255) ns3::UdpHeader (length: 44 698 &gt; 698) ns3::olsr::PacketHeader () ns3::olsr::MessageHeader () ns3::WifiMacTrailer ()" />
<wpr uId="537" tId="8" fbRx="58.15287083" lbRx="0" />
<wpr uId="537" tId="2" fbRx="58.15287166" lbRx="0" />
<wpr uId="537" tId="4" fbRx="58.15287166" lbRx="0" />
<wpr uId="537" tId="7" fbRx="58.15287166" lbRx="0" />
<wpr uId="537" tId="9" fbRx="58.15287166" lbRx="0" />
<pr uId="538" fId="1" fbTx="58.23061601" meta-info="ns3::WifiMacHeader (DATA ToDS=0, FromDS=0, MoreFrag=0, Retry=0, MoreData=0 Duration/ID=0us, DA=ff:ff:ff:ff:ff:ff, SA=00:00:00:00:00:02, BSSID=00:00:00:00:00:02, FragNumber=0, SeqNumber=29) ns3::LlcSnapHeader (type 0x800) ns3::Ipv4Header (tos 0x0 DSCP Default ECN Not-ECT ttl 64 id 29 protocol 17 offset (bytes) 0 flags [none] length: 56 192.168.1.2 &gt; 192.168.1.255) ns3::UdpHeader (length: 36 698 &gt; 698) ns3::olsr::PacketHeader () ns3::olsr::MessageHeader () ns3::WifiMacTrailer ()" />
<wpr uId="538" tId="6" fbRx="58.23061601" lbRx="0" />
<wpr uId="538" tId="2" fbRx="58.23061685" lbRx="0" />
<wpr uId="538" tId="7" fbRx="58.23061685" lbRx="0" />
<pr uId="539" fId="2" fbTx="58.43924825" meta-info="ns3::WifiMacHeader (DATA ToDS=0, FromDS=0, MoreFrag=0, Retry=0, MoreData=0 Duration/ID=0us, DA=ff:ff:ff:ff:ff:ff, SA=00:00:00:00:00:03, BSSID=00:00:00:00:00:03, FragNumber=0, SeqNumber=40) ns3::LlcSnapHeader (type 0x800) ns3::Ipv4Header (tos 0x0 DSCP Default ECN Not-ECT ttl 64 id 40 protocol 17 offset (bytes) 0 flags [none] length: 64 192.168.1.3 &gt; 192.168.1.255) ns3::UdpHeader (length: 44 698 &gt; 698) ns3::olsr::PacketHeader () ns3::olsr::MessageHeader () ns3::WifiMacTrailer ()" />
<wpr uId="539" tId="7" fbRx="58.43924825" lbRx="0" />
<wpr uId="539" tId="1" fbRx="58.43924908" lbRx="0" />
<wpr uId="539" tId="3" fbRx="58.43924908" lbRx="0" />
<wpr uId="539" tId="6" fbRx="58.43924908" lbRx="0" />
<wpr uId="539" tId="8" fbRx="58.43924908" lbRx="0" />
<pr uId="540" fId="9" fbTx="58.587" meta-info="ns3::WifiMacHeader (DATA ToDS=0, FromDS=0, MoreFrag=0, Retry=0, MoreData=0 Duration/ID=0us, DA=ff:ff:ff:ff:ff:ff, SA=00:00:00:00:00:0a, BSSID=00:00:00:00:00:0a, FragNumber=0, SeqNumber=63) ns3::LlcSnapHeader (type 0x800) ns3::Ipv4Header (tos 0x0 DSCP Default ECN Not-ECT ttl 64 id 55 protocol 17 offset (bytes) 0 flags [none] length: 45 192.168.2.5 &gt; 192.168.2.255) ns3::UdpHeader (length: 25 269 &gt; 269) ns3::Epidemic::TypeHeader (BEACON) ns3::Epidemic::EpidemicHeader ( Packet ID: 1101480448 Hop count: 1000 TimeStamp: +0.0ns) ns3::WifiMacTrailer ()" />
<wpr uId="540" tId="4" fbRx="58.587" lbRx="0" />
<wpr uId="540" tId="3" fbRx="58.58700083" lbRx="0" />
<wpr uId="540" tId="8" fbRx="58.58700083" lbRx="0" />
<pr uId="541" fId="5" fbTx="58.623" meta-info="ns3::WifiMacHeader (DATA ToDS=0, FromDS=0, MoreFrag=0, Retry=0, MoreData=0 Duration/ID=0us, DA=ff:ff:ff:ff:ff:ff, SA=00:00:00:00:00:06, BSSID=00:00:00:00:00:06, FragNumber=0, SeqNumber=55) ns3::LlcSnapHeader (type 0x800) ns3::Ipv4Header (tos 0x0 DSCP Default ECN Not-ECT ttl 64 id 55 protocol 17 offset (bytes) 0 flags [none] length: 45 192.168.2.1 &gt; 192.168.2.255) ns3::UdpHeader (length: 25 269 &gt; 269) ns3::Epidemic::TypeHeader (BEACON) ns3::Epidemic::EpidemicHeader ( Packet ID: 1101480448 Hop count: 1000 TimeStamp: +0.0ns) ns3::WifiMacTrailer ()" />
<wpr uId="541" tId="0" fbRx="58.623" lbRx="0" />
<pr uId="542" fId="6" fbTx="58.705" meta-info="ns3::WifiMacHeader (DATA ToDS=0, FromDS=0, MoreFrag=0, Retry=0, MoreData=0 Duration/ID=0us, DA=ff:ff:ff:ff:ff:ff, SA=00:00:00:00:00:07, BSSID=00:00:00:00:00:07, FragNumber=0, SeqNumber=63) ns3::LlcSnapHeader (type 0x800) ns3::Ipv4Header (tos 0x0 DSCP Default ECN Not-ECT ttl 64 id 55 protocol 17 offset (bytes) 0 flags [none] length: 45 192.168.2.2 &gt; 192.168.2.255) ns3::UdpHeader (length: 25 269 &gt; 269) ns3::Epidemic::TypeHeader (BEACON) ns3::Epidemic::EpidemicHeader ( Packet ID: 1101480448 Hop count: 1000 TimeStamp: +0.0ns) ns3::WifiMacTrailer ()" />
<wpr uId="542" tId="1" fbRx="58.705" lbRx="0" />
<wpr uId="542" tId="2" fbRx="58.70500083" lbRx="0" />
<wpr uId="542" tId="7" fbRx="58.70500083" lbRx="0" />
<pr uId="543" fId="7" fbTx="58.903" meta-info="ns3::WifiMacHeader (DATA ToDS=0, FromDS=0, MoreFrag=0, Retry=0, MoreData=0 Duration/ID=0us, DA=ff:ff:ff:ff:ff:ff, SA=00:00:00:00:00:08, BSSID=00:00:00:00:00:08, FragNumber=0, SeqNumber=71) ns3::LlcSnapHeader (type 0x800) ns3::Ipv4Header (tos 0x0 DSCP Default ECN Not-ECT ttl 64 id 55 protocol 17 offset (bytes) 0 flags [none] length: 45 192.168.2.3 &gt; 192.168.2.255) ns3::UdpHeader (length: 25 269 &gt; 269) ns3::Epidemic::TypeHeader (BEACON) ns3::Epidemic::EpidemicHeader ( Packet ID: 1101480448 Hop count: 1000 TimeStamp: +0.0ns) ns3::WifiMacTrailer ()" />
<wpr uId="543" tId="2" fbRx="58.903" lbRx="0" />
<wpr uId="543" tId="1" fbRx="58.90300083" lbRx="0" />
<wpr uId="543" tId="3" fbRx="58.90300083" lbRx="0" />
<wpr uId="543" tId="6" fbRx="58.90300083" lbRx="0" />
<wpr uId="543" tId="8" fbRx="58.90300083" lbRx="0" />
<pr uId="544" fId="8" fbTx="58.948" meta-info="ns3::WifiMacHeader (DATA ToDS=0, FromDS=0, MoreFrag=0, Retry=0, MoreData=0 Duration/ID=0us, DA=ff:ff:ff:ff:ff:ff, SA=00:00:00:00:00:09, BSSID=00:00:00:00:00:09, FragNumber=0, SeqNumber=71) ns3::LlcSnapHeader (type 0x800) ns3::Ipv4Header (tos 0x0 DSCP Default ECN Not-ECT ttl 64 id 55 protocol 17 offset (bytes) 0 flags [none] length: 45 192.168.2.4 &gt; 192.168.2.255) ns3::UdpHeader (length: 25 269 &gt; 269) ns3::Epidemic::TypeHeader (BEACON) ns3::Epidemic::EpidemicHeader ( Packet ID: 1101480448 Hop count: 1000 TimeStamp: +0.0ns) ns3::WifiMacTrailer ()" />
<wpr uId="544" tId="3" fbRx="58.948" lbRx="0" />
<wpr uId="544" tId="2" fbRx="58.94800083" lbRx="0" />
<wpr uId="544" tId="4" fbRx="58.94800083" lbRx="0" />
<wpr uId="544" tId="7" fbRx="58.94800083" lbRx="0" />
<wpr uId="544" tId="9" fbRx="58.94800083" lbRx="0" />
<pr uId="545" fId="9" fbTx="59.645" meta-info="ns3::WifiMacHeader (DATA ToDS=0, FromDS=0, MoreFrag=0, Retry=0, MoreData=0 Duration/ID=0us, DA=ff:ff:ff:ff:ff:ff, SA=00:00:00:00:00:0a, BSSID=00:00:00:00:00:0a, FragNumber=0, SeqNumber=64) ns3::LlcSnapHeader (type 0x800) ns3::Ipv4Header (tos 0x0 DSCP Default ECN Not-ECT ttl 64 id 56 protocol 17 offset (bytes) 0 flags [none] length: 45 192.168.2.5 &gt; 192.168.2.255) ns3::UdpHeader (length: 25 269 &gt; 269) ns3::Epidemic::TypeHeader (BEACON) ns3::Epidemic::EpidemicHeader ( Packet ID: 1101480448 Hop count: 1000 TimeStamp: +0.0ns) ns3::WifiMacTrailer ()" />
<wpr uId="545" tId="4" fbRx="59.645" lbRx="0" />
<wpr uId="545" tId="3" fbRx="59.64500083" lbRx="0" />
<wpr uId="545" tId="8" fbRx="59.64500083" lbRx="0" />
<pr uId="546" fId="5" fbTx="59.662" meta-info="ns3::WifiMacHeader (DATA ToDS=0, FromDS=0, MoreFrag=0, Retry=0, MoreData=0 Duration/ID=0us, DA=ff:ff:ff:ff:ff:ff, SA=00:00:00:00:00:06, BSSID=00:00:00:00:00:06, FragNumber=0, SeqNumber=56) ns3::LlcSnapHeader (type 0x800) ns3::Ipv4Header (tos 0x0 DSCP Default ECN Not-ECT ttl 64 id 56 protocol 17 offset (bytes) 0 flags [none] length: 45 192.168.2.1 &gt; 192.168.2.255) ns3::UdpHeader (length: 25 269 &gt; 269) ns3::Epidemic::TypeHeader (BEACON) ns3::Epidemic::EpidemicHeader ( Packet ID: 1101480448 Hop count: 1000 TimeStamp: +0.0ns) ns3::WifiMacTrailer ()" />
<wpr uId="546" tId="0" fbRx="59.662" lbRx="0" />
<pr uId="547" fId="6" fbTx="59.773" meta-info="ns3::WifiMacHeader (DATA ToDS=0, FromDS=0, MoreFrag=0, Retry=0, MoreData=0 Duration/ID=0us, DA=ff:ff:ff:ff:ff:ff, SA=00:00:00:00:00:07, BSSID=00:00:00:00:00:07, FragNumber=0, SeqNumber=64) ns3::LlcSnapHeader (type 0x800) ns3::Ipv4Header (tos 0x0 DSCP Default ECN Not-ECT ttl 64 id 56 protocol 17 offset (bytes) 0 flags [none] length: 45 192.168.2.2 &gt; 192.168.2.255) ns3::UdpHeader (length: 25 269 &gt; 269) ns3::Epidemic::TypeHeader (BEACON) ns3::Epidemic::EpidemicHeader ( Packet ID: 1101480448 Hop count: 1000 TimeStamp: +0.0ns) ns3::WifiMacTrailer ()" />
<wpr uId="547" tId="1" fbRx="59.773" lbRx="0" />
<wpr uId="547" tId="2" fbRx="59.77300083" lbRx="0" />
<wpr uId="547" tId="7" fbRx="59.77300083" lbRx="0" />
<pr uId="548" fId="7" fbTx="59.916" meta-info="ns3::WifiMacHeader (DATA ToDS=0, FromDS=0, MoreFrag=0, Retry=0, MoreData=0 Duration/ID=0us, DA=ff:ff:ff:ff:ff:ff, SA=00:00:00:00:00:08, BSSID=00:00:00:00:00:08, FragNumber=0, SeqNumber=72) ns3::LlcSnapHeader (type 0x800) ns3::Ipv4Header (tos 0x0 DSCP Default ECN Not-ECT ttl 64 id 56 protocol 17 offset (bytes) 0 flags [none] length: 45 192.168.2.3 &gt; 192.168.2.255) ns3::UdpHeader (length: 25 269 &gt; 269) ns3::Epidemic::TypeHeader (BEACON) ns3::Epidemic::EpidemicHeader ( Packet ID: 1101480448 Hop count: 1000 TimeStamp: +0.0ns) ns3::WifiMacTrailer ()" />
<wpr uId="548" tId="2" fbRx="59.916" lbRx="0" />
<wpr uId="548" tId="1" fbRx="59.91600083" lbRx="0" />
<wpr uId="548" tId="3" fbRx="59.91600083" lbRx="0" />
<wpr uId="548" tId="6" fbRx="59.91600083" lbRx="0" />
<wpr uId="548" tId="8" fbRx="59.91600083" lbRx="0" />
<pr uId="549" fId="8" fbTx="59.999" meta-info="ns3::WifiMacHeader (DATA ToDS=0, FromDS=0, MoreFrag=0, Retry=0, MoreData=0 Duration/ID=0us, DA=ff:ff:ff:ff:ff:ff, SA=00:00:00:00:00:09, BSSID=00:00:00:00:00:09, FragNumber=0, SeqNumber=72) ns3::LlcSnapHeader (type 0x800) ns3::Ipv4Header (tos 0x0 DSCP Default ECN Not-ECT ttl 64 id 56 protocol 17 offset (bytes) 0 flags [none] length: 45 192.168.2.4 &gt; 192.168.2.255) ns3::UdpHeader (length: 25 269 &gt; 269) ns3::Epidemic::TypeHeader (BEACON) ns3::Epidemic::EpidemicHeader ( Packet ID: 1101480448 Hop count: 1000 TimeStamp: +0.0ns) ns3::WifiMacTrailer ()" />
<wpr uId="549" tId="3" fbRx="59.999" lbRx="0" />
<wpr uId="549" tId="2" fbRx="59.99900083" lbRx="0" />
<wpr uId="549" tId="4" fbRx="59.99900083" lbRx="0" />
<wpr uId="549" tId="7" fbRx="59.99900083" lbRx="0" />
<wpr uId="549" tId="9" fbRx="59.99900083" lbRx="0" />
<nu p="p" t="60" id="9" x="1000" y="0" />
<nu p="p" t="60" id="4" x="1000" y="0" />
<pr uId="550" fId="2" fbTx="60.02468751" meta-info="ns3::WifiMacHeader (DATA ToDS=0, FromDS=0, MoreFrag=0, Retry=0, MoreData=0 Duration/ID=0us, DA=ff:ff:ff:ff:ff:ff, SA=00:00:00:00:00:03, BSSID=00:00:00:00:00:03, FragNumber=0, SeqNumber=41) ns3::LlcSnapHeader (type 0x800) ns3::Ipv4Header (tos 0x0 DSCP Default ECN Not-ECT ttl 64 id 41 protocol 17 offset (bytes) 0 flags [none] length: 88 192.168.1.3 &gt; 192.168.1.255) ns3::UdpHeader (length: 68 698 &gt; 698) ns3::olsr::PacketHeader () ns3::olsr::MessageHeader () ns3::olsr::MessageHeader () ns3::WifiMacTrailer ()" />
<wpr uId="550" tId="7" fbRx="60.02468751" lbRx="0" />
<wpr uId="550" tId="1" fbRx="60.02468834" lbRx="0" />
<wpr uId="550" tId="3" fbRx="60.02468834" lbRx="0" />
<wpr uId="550" tId="6" fbRx="60.02468834" lbRx="0" />
<wpr uId="550" tId="8" fbRx="60.02468834" lbRx="0" />
<pr uId="551" fId="0" fbTx="60.12895384" meta-info="ns3::WifiMacHeader (DATA ToDS=0, FromDS=0, MoreFrag=0, Retry=0, MoreData=0 Duration/ID=0us, DA=ff:ff:ff:ff:ff:ff, SA=00:00:00:00:00:01, BSSID=00:00:00:00:00:01, FragNumber=0, SeqNumber=34) ns3::LlcSnapHeader (type 0x800) ns3::Ipv4Header (tos 0x0 DSCP Default ECN Not-ECT ttl 64 id 30 protocol 17 offset (bytes) 0 flags [none] length: 48 192.168.1.1 &gt; 192.168.1.255) ns3::UdpHeader (length: 28 698 &gt; 698) ns3::olsr::PacketHeader () ns3::olsr::MessageHeader () ns3::WifiMacTrailer ()" />
<wpr uId="551" tId="5" fbRx="60.12895384" lbRx="0" />
<pr uId="552" fId="4" fbTx="60.18065631" meta-info="ns3::WifiMacHeader (DATA ToDS=0, FromDS=0, MoreFrag=0, Retry=0, MoreData=0 Duration/ID=0us, DA=ff:ff:ff:ff:ff:ff, SA=00:00:00:00:00:05, BSSID=00:00:00:00:00:05, FragNumber=0, SeqNumber=30) ns3::LlcSnapHeader (type 0x800) ns3::Ipv4Header (tos 0x0 DSCP Default ECN Not-ECT ttl 64 id 30 protocol 17 offset (bytes) 0 flags [none] length: 56 192.168.1.5 &gt; 192.168.1.255) ns3::UdpHeader (length: 36 698 &gt; 698) ns3::olsr::PacketHeader () ns3::olsr::MessageHeader () ns3::WifiMacTrailer ()" />
<wpr uId="552" tId="9" fbRx="60.18065631" lbRx="0" />
<nu p="p" t="60.25" id="4" x="1025" y="0" />
<nu p="p" t="60.25" id="9" x="1025" y="0" />
<pr uId="553" fId="1" fbTx="60.31908198" meta-info="ns3::WifiMacHeader (DATA ToDS=0, FromDS=0, MoreFrag=0, Retry=0, MoreData=0 Duration/ID=0us, DA=ff:ff:ff:ff:ff:ff, SA=00:00:00:00:00:02, BSSID=00:00:00:00:00:02, FragNumber=0, SeqNumber=30) ns3::LlcSnapHeader (type 0x800) ns3::Ipv4Header (tos 0x0 DSCP Default ECN Not-ECT ttl 64 id 30 protocol 17 offset (bytes) 0 flags [none] length: 56 192.168.1.2 &gt; 192.168.1.255) ns3::UdpHeader (length: 36 698 &gt; 698) ns3::olsr::PacketHeader () ns3::olsr::MessageHeader () ns3::WifiMacTrailer ()" />
<wpr uId="553" tId="6" fbRx="60.31908198" lbRx="0" />
<wpr uId="553" tId="2" fbRx="60.31908281" lbRx="0" />
<wpr uId="553" tId="7" fbRx="60.31908281" lbRx="0" />
<pr uId="554" fId="3" fbTx="60.32610961" meta-info="ns3::WifiMacHeader (DATA ToDS=0, FromDS=0, MoreFrag=0, Retry=0, MoreData=0 Duration/ID=0us, DA=ff:ff:ff:ff:ff:ff, SA=00:00:00:00:00:04, BSSID=00:00:00:00:00:04, FragNumber=0, SeqNumber=39) ns3::LlcSnapHeader (type 0x800) ns3::Ipv4Header (tos 0x0 DSCP Default ECN Not-ECT ttl 64 id 39 protocol 17 offset (bytes) 0 flags [none] length: 112 192.168.1.4 &gt; 192.168.1.255) ns3::UdpHeader (length: 92 698 &gt; 698) ns3::olsr::PacketHeader () ns3::olsr::MessageHeader () ns3::olsr::MessageHeader () ns3::olsr::MessageHeader () ns3::WifiMacTrailer ()" />
<wpr uId="554" tId="8" fbRx="60.32610961" lbRx="0" />
<wpr uId="554" tId="2" fbRx="60.32611044" lbRx="0" />
<wpr uId="554" tId="7" fbRx="60.32611044" lbRx="0" />
<nu p="p" t="60.5" id="9" x="1050" y="0" />
<nu p="p" t="60.5" id="4" x="1050" y="0" />
<pr uId="555" fId="2" fbTx="60.59883775" meta-info="ns3::WifiMacHeader (DATA ToDS=0, FromDS=0, MoreFrag=0, Retry=0, MoreData=0 Duration/ID=0us, DA=ff:ff:ff:ff:ff:ff, SA=00:00:00:00:00:03, BSSID=00:00:00:00:00:03, FragNumber=0, SeqNumber=42) ns3::LlcSnapHeader (type 0x800) ns3::Ipv4Header (tos 0x0 DSCP Default ECN Not-ECT ttl 64 id 42 protocol 17 offset (bytes) 0 flags [none] length: 56 192.168.1.3 &gt; 192.168.1.255) ns3::UdpHeader (length: 36 698 &gt; 698) ns3::olsr::PacketHeader () ns3::olsr::MessageHeader () ns3::WifiMacTrailer ()" />
<wpr uId="555" tId="7" fbRx="60.59883775" lbRx="0" />
<wpr uId="555" tId="1" fbRx="60.59883859" lbRx="0" />
<wpr uId="555" tId="3" fbRx="60.59883859" lbRx="0" />
<wpr uId="555" tId="6" fbRx="60.59883859" lbRx="0" />
<wpr uId="555" tId="8" fbRx="60.59883859" lbRx="0" />
<pr uId="556" fId="5" fbTx="60.731" meta-info="ns3::WifiMacHeader (DATA ToDS=0, FromDS=0, MoreFrag=0, Retry=0, MoreData=0 Duration/ID=0us, DA=ff:ff:ff:ff:ff:ff, SA=00:00:00:00:00:06, BSSID=00:00:00:00:00:06, FragNumber=0, SeqNumber=57) ns3::LlcSnapHeader (type 0x800) ns3::Ipv4Header (tos 0x0 DSCP Default ECN Not-ECT ttl 64 id 57 protocol 17 offset (bytes) 0 flags [none] length: 45 192.168.2.1 &gt; 192.168.2.255) ns3::UdpHeader (length: 25 269 &gt; 269) ns3::Epidemic::TypeHeader (BEACON) ns3::Epidemic::EpidemicHeader ( Packet ID: 1101480448 Hop count: 1000 TimeStamp: +0.0ns) ns3::WifiMacTrailer ()" />
<wpr uId="556" tId="0" fbRx="60.731" lbRx="0" />
<pr uId="557" fId="9" fbTx="60.736" meta-info="ns3::WifiMacHeader (DATA ToDS=0, FromDS=0, MoreFrag=0, Retry=0, MoreData=0 Duration/ID=0us, DA=ff:ff:ff:ff:ff:ff, SA=00:00:00:00:00:0a, BSSID=00:00:00:00:00:0a, FragNumber=0, SeqNumber=65) ns3::LlcSnapHeader (type 0x800) ns3::Ipv4Header (tos 0x0 DSCP Default ECN Not-ECT ttl 64 id 57 protocol 17 offset (bytes) 0 flags [none] length: 45 192.168.2.5 &gt; 192.168.2.255) ns3::UdpHeader (length: 25 269 &gt; 269) ns3::Epidemic::TypeHeader (BEACON) ns3::Epidemic::EpidemicHeader ( Packet ID: 1101480448 Hop count: 1000 TimeStamp: +0.0ns) ns3::WifiMacTrailer ()" />
<wpr uId="557" tId="4" fbRx="60.736" lbRx="0" />
<pr uId="558" fId="6" fbTx="60.823" meta-info="ns3::WifiMacHeader (DATA ToDS=0, FromDS=0, MoreFrag=0, Retry=0, MoreData=0 Duration/ID=0us, DA=ff:ff:ff:ff:ff:ff, SA=00:00:00:00:00:07, BSSID=00:00:00:00:00:07, FragNumber=0, SeqNumber=65) ns3::LlcSnapHeader (type 0x800) ns3::Ipv4Header (tos 0x0 DSCP Default ECN Not-ECT ttl 64 id 57 protocol 17 offset (bytes) 0 flags [none] length: 45 192.168.2.2 &gt; 192.168.2.255) ns3::UdpHeader (length: 25 269 &gt; 269) ns3::Epidemic::TypeHeader (BEACON) ns3::Epidemic::EpidemicHeader ( Packet ID: 1101480448 Hop count: 1000 TimeStamp: +0.0ns) ns3::WifiMacTrailer ()" />
<wpr uId="558" tId="1" fbRx="60.823" lbRx="0" />
<wpr uId="558" tId="2" fbRx="60.82300083" lbRx="0" />
<wpr uId="558" tId="7" fbRx="60.82300083" lbRx="0" />
<pr uId="559" fId="7" fbTx="60.917" meta-info="ns3::WifiMacHeader (DATA ToDS=0, FromDS=0, MoreFrag=0, Retry=0, MoreData=0 Duration/ID=0us, DA=ff:ff:ff:ff:ff:ff, SA=00:00:00:00:00:08, BSSID=00:00:00:00:00:08, FragNumber=0, SeqNumber=73) ns3::LlcSnapHeader (type 0x800) ns3::Ipv4Header (tos 0x0 DSCP Default ECN Not-ECT ttl 64 id 57 protocol 17 offset (bytes) 0 flags [none] length: 45 192.168.2.3 &gt; 192.168.2.255) ns3::UdpHeader (length: 25 269 &gt; 269) ns3::Epidemic::TypeHeader (BEACON) ns3::Epidemic::EpidemicHeader ( Packet ID: 1101480448 Hop count: 1000 TimeStamp: +0.0ns) ns3::WifiMacTrailer ()" />
<wpr uId="559" tId="2" fbRx="60.917" lbRx="0" />
<wpr uId="559" tId="1" fbRx="60.91700083" lbRx="0" />
<wpr uId="559" tId="3" fbRx="60.91700083" lbRx="0" />
<wpr uId="559" tId="6" fbRx="60.91700083" lbRx="0" />
<wpr uId="559" tId="8" fbRx="60.91700083" lbRx="0" />
<pr uId="560" fId="8" fbTx="61.01" meta-info="ns3::WifiMacHeader (DATA ToDS=0, FromDS=0, MoreFrag=0, Retry=0, MoreData=0 Duration/ID=0us, DA=ff:ff:ff:ff:ff:ff, SA=00:00:00:00:00:09, BSSID=00:00:00:00:00:09, FragNumber=0, SeqNumber=73) ns3::LlcSnapHeader (type 0x800) ns3::Ipv4Header (tos 0x0 DSCP Default ECN Not-ECT ttl 64 id 57 protocol 17 offset (bytes) 0 flags [none] length: 45 192.168.2.4 &gt; 192.168.2.255) ns3::UdpHeader (length: 25 269 &gt; 269) ns3::Epidemic::TypeHeader (BEACON) ns3::Epidemic::EpidemicHeader ( Packet ID: 1101480448 Hop count: 1000 TimeStamp: +0.0ns) ns3::WifiMacTrailer ()" />
<wpr uId="560" tId="3" fbRx="61.01" lbRx="0" />
<wpr uId="560" tId="2" fbRx="61.01000083" lbRx="0" />
<wpr uId="560" tId="7" fbRx="61.01000083" lbRx="0" />
<pr uId="561" fId="9" fbTx="61.777" meta-info="ns3::WifiMacHeader (DATA ToDS=0, FromDS=0, MoreFrag=0, Retry=0, MoreData=0 Duration/ID=0us, DA=ff:ff:ff:ff:ff:ff, SA=00:00:00:00:00:0a, BSSID=00:00:00:00:00:0a, FragNumber=0, SeqNumber=66) ns3::LlcSnapHeader (type 0x800) ns3::Ipv4Header (tos 0x0 DSCP Default ECN Not-ECT ttl 64 id 58 protocol 17 offset (bytes) 0 flags [none] length: 45 192.168.2.5 &gt; 192.168.2.255) ns3::UdpHeader (length: 25 269 &gt; 269) ns3::Epidemic::TypeHeader (BEACON) ns3::Epidemic::EpidemicHeader ( Packet ID: 1101480448 Hop count: 1000 TimeStamp: +0.0ns) ns3::WifiMacTrailer ()" />
<wpr uId="561" tId="4" fbRx="61.777" lbRx="0" />
<pr uId="562" fId="5" fbTx="61.806" meta-info="ns3::WifiMacHeader (DATA ToDS=0, FromDS=0, MoreFrag=0, Retry=0, MoreData=0 Duration/ID=0us, DA=ff:ff:ff:ff:ff:ff, SA=00:00:00:00:00:06, BSSID=00:00:00:00:00:06, FragNumber=0, SeqNumber=58) ns3::LlcSnapHeader (type 0x800) ns3::Ipv4Header (tos 0x0 DSCP Default ECN Not-ECT ttl 64 id 58 protocol 17 offset (bytes) 0 flags [none] length: 45 192.168.2.1 &gt; 192.168.2.255) ns3::UdpHeader (length: 25 269 &gt; 269) ns3::Epidemic::TypeHeader (BEACON) ns3::Epidemic::EpidemicHeader ( Packet ID: 1101480448 Hop count: 1000 TimeStamp: +0.0ns) ns3::WifiMacTrailer ()" />
<wpr uId="562" tId="0" fbRx="61.806" lbRx="0" />
<pr uId="563" fId="6" fbTx="61.909" meta-info="ns3::WifiMacHeader (DATA ToDS=0, FromDS=0, MoreFrag=0, Retry=0, MoreData=0 Duration/ID=0us, DA=ff:ff:ff:ff:ff:ff, SA=00:00:00:00:00:07, BSSID=00:00:00:00:00:07, FragNumber=0, SeqNumber=66) ns3::LlcSnapHeader (type 0x800) ns3::Ipv4Header (tos 0x0 DSCP Default ECN Not-ECT ttl 64 id 58 protocol 17 offset (bytes) 0 flags [none] length: 45 192.168.2.2 &gt; 192.168.2.255) ns3::UdpHeader (length: 25 269 &gt; 269) ns3::Epidemic::TypeHeader (BEACON) ns3::Epidemic::EpidemicHeader ( Packet ID: 1101480448 Hop count: 1000 TimeStamp: +0.0ns) ns3::WifiMacTrailer ()" />
<wpr uId="563" tId="1" fbRx="61.909" lbRx="0" />
<wpr uId="563" tId="2" fbRx="61.90900083" lbRx="0" />
<wpr uId="563" tId="7" fbRx="61.90900083" lbRx="0" />
<pr uId="564" fId="7" fbTx="61.993" meta-info="ns3::WifiMacHeader (DATA ToDS=0, FromDS=0, MoreFrag=0, Retry=0, MoreData=0 Duration/ID=0us, DA=ff:ff:ff:ff:ff:ff, SA=00:00:00:00:00:08, BSSID=00:00:00:00:00:08, FragNumber=0, SeqNumber=74) ns3::LlcSnapHeader (type 0x800) ns3::Ipv4Header (tos 0x0 DSCP Default ECN Not-ECT ttl 64 id 58 protocol 17 offset (bytes) 0 flags [none] length: 45 192.168.2.3 &gt; 192.168.2.255) ns3::UdpHeader (length: 25 269 &gt; 269) ns3::Epidemic::TypeHeader (BEACON) ns3::Epidemic::EpidemicHeader ( Packet ID: 1101480448 Hop count: 1000 TimeStamp: +0.0ns) ns3::WifiMacTrailer ()" />
<wpr uId="564" tId="2" fbRx="61.993" lbRx="0" />
<wpr uId="564" tId="1" fbRx="61.99300083" lbRx="0" />
<wpr uId="564" tId="3" fbRx="61.99300083" lbRx="0" />
<wpr uId="564" tId="6" fbRx="61.99300083" lbRx="0" />
<wpr uId="564" tId="8" fbRx="61.99300083" lbRx="0" />
<pr uId="565" fId="8" fbTx="62.082" meta-info="ns3::WifiMacHeader (DATA ToDS=0, FromDS=0, MoreFrag=0, Retry=0, MoreData=0 Duration/ID=0us, DA=ff:ff:ff:ff:ff:ff, SA=00:00:00:00:00:09, BSSID=00:00:00:00:00:09, FragNumber=0, SeqNumber=74) ns3::LlcSnapHeader (type 0x800) ns3::Ipv4Header (tos 0x0 DSCP Default ECN Not-ECT ttl 64 id 58 protocol 17 offset (bytes) 0 flags [none] length: 45 192.168.2.4 &gt; 192.168.2.255) ns3::UdpHeader (length: 25 269 &gt; 269) ns3::Epidemic::TypeHeader (BEACON) ns3::Epidemic::EpidemicHeader ( Packet ID: 1101480448 Hop count: 1000 TimeStamp: +0.0ns) ns3::WifiMacTrailer ()" />
<wpr uId="565" tId="3" fbRx="62.082" lbRx="0" />
<wpr uId="565" tId="2" fbRx="62.08200083" lbRx="0" />
<wpr uId="565" tId="7" fbRx="62.08200083" lbRx="0" />
<pr uId="566" fId="0" fbTx="62.12851602" meta-info="ns3::WifiMacHeader (DATA ToDS=0, FromDS=0, MoreFrag=0, Retry=0, MoreData=0 Duration/ID=0us, DA=ff:ff:ff:ff:ff:ff, SA=00:00:00:00:00:01, BSSID=00:00:00:00:00:01, FragNumber=0, SeqNumber=35) ns3::LlcSnapHeader (type 0x800) ns3::Ipv4Header (tos 0x0 DSCP Default ECN Not-ECT ttl 64 id 31 protocol 17 offset (bytes) 0 flags [none] length: 48 192.168.1.1 &gt; 192.168.1.255) ns3::UdpHeader (length: 28 698 &gt; 698) ns3::olsr::PacketHeader () ns3::olsr::MessageHeader () ns3::WifiMacTrailer ()" />
<wpr uId="566" tId="5" fbRx="62.12851602" lbRx="0" />
<pr uId="567" fId="1" fbTx="62.32496835" meta-info="ns3::WifiMacHeader (DATA ToDS=0, FromDS=0, MoreFrag=0, Retry=0, MoreData=0 Duration/ID=0us, DA=ff:ff:ff:ff:ff:ff, SA=00:00:00:00:00:02, BSSID=00:00:00:00:00:02, FragNumber=0, SeqNumber=31) ns3::LlcSnapHeader (type 0x800) ns3::Ipv4Header (tos 0x0 DSCP Default ECN Not-ECT ttl 64 id 31 protocol 17 offset (bytes) 0 flags [none] length: 56 192.168.1.2 &gt; 192.168.1.255) ns3::UdpHeader (length: 36 698 &gt; 698) ns3::olsr::PacketHeader () ns3::olsr::MessageHeader () ns3::WifiMacTrailer ()" />
<wpr uId="567" tId="6" fbRx="62.32496835" lbRx="0" />
<wpr uId="567" tId="2" fbRx="62.32496919" lbRx="0" />
<wpr uId="567" tId="7" fbRx="62.32496919" lbRx="0" />
<pr uId="568" fId="4" fbTx="62.32765168" meta-info="ns3::WifiMacHeader (DATA ToDS=0, FromDS=0, MoreFrag=0, Retry=0, MoreData=0 Duration/ID=0us, DA=ff:ff:ff:ff:ff:ff, SA=00:00:00:00:00:05, BSSID=00:00:00:00:00:05, FragNumber=0, SeqNumber=31) ns3::LlcSnapHeader (type 0x800) ns3::Ipv4Header (tos 0x0 DSCP Default ECN Not-ECT ttl 64 id 31 protocol 17 offset (bytes) 0 flags [none] length: 56 192.168.1.5 &gt; 192.168.1.255) ns3::UdpHeader (length: 36 698 &gt; 698) ns3::olsr::PacketHeader () ns3::olsr::MessageHeader () ns3::WifiMacTrailer ()" />
<wpr uId="568" tId="9" fbRx="62.32765168" lbRx="0" />
<pr uId="569" fId="2" fbTx="62.35324889" meta-info="ns3::WifiMacHeader (DATA ToDS=0, FromDS=0, MoreFrag=0, Retry=0, MoreData=0 Duration/ID=0us, DA=ff:ff:ff:ff:ff:ff, SA=00:00:00:00:00:03, BSSID=00:00:00:00:00:03, FragNumber=0, SeqNumber=43) ns3::LlcSnapHeader (type 0x800) ns3::Ipv4Header (tos 0x0 DSCP Default ECN Not-ECT ttl 64 id 43 protocol 17 offset (bytes) 0 flags [none] length: 64 192.168.1.3 &gt; 192.168.1.255) ns3::UdpHeader (length: 44 698 &gt; 698) ns3::olsr::PacketHeader () ns3::olsr::MessageHeader () ns3::WifiMacTrailer ()" />
<wpr uId="569" tId="7" fbRx="62.35324889" lbRx="0" />
<wpr uId="569" tId="1" fbRx="62.35324972" lbRx="0" />
<wpr uId="569" tId="3" fbRx="62.35324972" lbRx="0" />
<wpr uId="569" tId="6" fbRx="62.35324972" lbRx="0" />
<wpr uId="569" tId="8" fbRx="62.35324972" lbRx="0" />
<pr uId="570" fId="3" fbTx="62.48234905" meta-info="ns3::WifiMacHeader (DATA ToDS=0, FromDS=0, MoreFrag=0, Retry=0, MoreData=0 Duration/ID=0us, DA=ff:ff:ff:ff:ff:ff, SA=00:00:00:00:00:04, BSSID=00:00:00:00:00:04, FragNumber=0, SeqNumber=40) ns3::LlcSnapHeader (type 0x800) ns3::Ipv4Header (tos 0x0 DSCP Default ECN Not-ECT ttl 64 id 40 protocol 17 offset (bytes) 0 flags [none] length: 64 192.168.1.4 &gt; 192.168.1.255) ns3::UdpHeader (length: 44 698 &gt; 698) ns3::olsr::PacketHeader () ns3::olsr::MessageHeader () ns3::WifiMacTrailer ()" />
<wpr uId="570" tId="8" fbRx="62.48234905" lbRx="0" />
<wpr uId="570" tId="2" fbRx="62.48234989" lbRx="0" />
<wpr uId="570" tId="7" fbRx="62.48234989" lbRx="0" />
<pr uId="571" fId="9" fbTx="62.786" meta-info="ns3::WifiMacHeader (DATA ToDS=0, FromDS=0, MoreFrag=0, Retry=0, MoreData=0 Duration/ID=0us, DA=ff:ff:ff:ff:ff:ff, SA=00:00:00:00:00:0a, BSSID=00:00:00:00:00:0a, FragNumber=0, SeqNumber=67) ns3::LlcSnapHeader (type 0x800) ns3::Ipv4Header (tos 0x0 DSCP Default ECN Not-ECT ttl 64 id 59 protocol 17 offset (bytes) 0 flags [none] length: 45 192.168.2.5 &gt; 192.168.2.255) ns3::UdpHeader (length: 25 269 &gt; 269) ns3::Epidemic::TypeHeader (BEACON) ns3::Epidemic::EpidemicHeader ( Packet ID: 1101480448 Hop count: 1000 TimeStamp: +0.0ns) ns3::WifiMacTrailer ()" />
<wpr uId="571" tId="4" fbRx="62.786" lbRx="0" />
<pr uId="572" fId="5" fbTx="62.835" meta-info="ns3::WifiMacHeader (DATA ToDS=0, FromDS=0, MoreFrag=0, Retry=0, MoreData=0 Duration/ID=0us, DA=ff:ff:ff:ff:ff:ff, SA=00:00:00:00:00:06, BSSID=00:00:00:00:00:06, FragNumber=0, SeqNumber=59) ns3::LlcSnapHeader (type 0x800) ns3::Ipv4Header (tos 0x0 DSCP Default ECN Not-ECT ttl 64 id 59 protocol 17 offset (bytes) 0 flags [none] length: 45 192.168.2.1 &gt; 192.168.2.255) ns3::UdpHeader (length: 25 269 &gt; 269) ns3::Epidemic::TypeHeader (BEACON) ns3::Epidemic::EpidemicHeader ( Packet ID: 1101480448 Hop count: 1000 TimeStamp: +0.0ns) ns3::WifiMacTrailer ()" />
<wpr uId="572" tId="0" fbRx="62.835" lbRx="0" />
<pr uId="573" fId="6" fbTx="62.912" meta-info="ns3::WifiMacHeader (DATA ToDS=0, FromDS=0, MoreFrag=0, Retry=0, MoreData=0 Duration/ID=0us, DA=ff:ff:ff:ff:ff:ff, SA=00:00:00:00:00:07, BSSID=00:00:00:00:00:07, FragNumber=0, SeqNumber=67) ns3::LlcSnapHeader (type 0x800) ns3::Ipv4Header (tos 0x0 DSCP Default ECN Not-ECT ttl 64 id 59 protocol 17 offset (bytes) 0 flags [none] length: 45 192.168.2.2 &gt; 192.168.2.255) ns3::UdpHeader (length: 25 269 &gt; 269) ns3::Epidemic::TypeHeader (BEACON) ns3::Epidemic::EpidemicHeader ( Packet ID: 1101480448 Hop count: 1000 TimeStamp: +0.0ns) ns3::WifiMacTrailer ()" />
<wpr uId="573" tId="1" fbRx="62.912" lbRx="0" />
<wpr uId="573" tId="2" fbRx="62.91200083" lbRx="0" />
<wpr uId="573" tId="7" fbRx="62.91200083" lbRx="0" />
<pr uId="574" fId="7" fbTx="63.008" meta-info="ns3::WifiMacHeader (DATA ToDS=0, FromDS=0, MoreFrag=0, Retry=0, MoreData=0 Duration/ID=0us, DA=ff:ff:ff:ff:ff:ff, SA=00:00:00:00:00:08, BSSID=00:00:00:00:00:08, FragNumber=0, SeqNumber=75) ns3::LlcSnapHeader (type 0x800) ns3::Ipv4Header (tos 0x0 DSCP Default ECN Not-ECT ttl 64 id 59 protocol 17 offset (bytes) 0 flags [none] length: 45 192.168.2.3 &gt; 192.168.2.255) ns3::UdpHeader (length: 25 269 &gt; 269) ns3::Epidemic::TypeHeader (BEACON) ns3::Epidemic::EpidemicHeader ( Packet ID: 1101480448 Hop count: 1000 TimeStamp: +0.0ns) ns3::WifiMacTrailer ()" />
<wpr uId="574" tId="2" fbRx="63.008" lbRx="0" />
<wpr uId="574" tId="1" fbRx="63.00800083" lbRx="0" />
<wpr uId="574" tId="3" fbRx="63.00800083" lbRx="0" />
<wpr uId="574" tId="6" fbRx="63.00800083" lbRx="0" />
<wpr uId="574" tId="8" fbRx="63.00800083" lbRx="0" />
<pr uId="575" fId="8" fbTx="63.155" meta-info="ns3::WifiMacHeader (DATA ToDS=0, FromDS=0, MoreFrag=0, Retry=0, MoreData=0 Duration/ID=0us, DA=ff:ff:ff:ff:ff:ff, SA=00:00:00:00:00:09, BSSID=00:00:00:00:00:09, FragNumber=0, SeqNumber=75) ns3::LlcSnapHeader (type 0x800) ns3::Ipv4Header (tos 0x0 DSCP Default ECN Not-ECT ttl 64 id 59 protocol 17 offset (bytes) 0 flags [none] length: 45 192.168.2.4 &gt; 192.168.2.255) ns3::UdpHeader (length: 25 269 &gt; 269) ns3::Epidemic::TypeHeader (BEACON) ns3::Epidemic::EpidemicHeader ( Packet ID: 1101480448 Hop count: 1000 TimeStamp: +0.0ns) ns3::WifiMacTrailer ()" />
<wpr uId="575" tId="3" fbRx="63.155" lbRx="0" />
<wpr uId="575" tId="2" fbRx="63.15500083" lbRx="0" />
<wpr uId="575" tId="7" fbRx="63.15500083" lbRx="0" />
<pr uId="576" fId="9" fbTx="63.864" meta-info="ns3::WifiMacHeader (DATA ToDS=0, FromDS=0, MoreFrag=0, Retry=0, MoreData=0 Duration/ID=0us, DA=ff:ff:ff:ff:ff:ff, SA=00:00:00:00:00:0a, BSSID=00:00:00:00:00:0a, FragNumber=0, SeqNumber=68) ns3::LlcSnapHeader (type 0x800) ns3::Ipv4Header (tos 0x0 DSCP Default ECN Not-ECT ttl 64 id 60 protocol 17 offset (bytes) 0 flags [none] length: 45 192.168.2.5 &gt; 192.168.2.255) ns3::UdpHeader (length: 25 269 &gt; 269) ns3::Epidemic::TypeHeader (BEACON) ns3::Epidemic::EpidemicHeader ( Packet ID: 1101480448 Hop count: 1000 TimeStamp: +0.0ns) ns3::WifiMacTrailer ()" />
<wpr uId="576" tId="4" fbRx="63.864" lbRx="0" />
<pr uId="577" fId="5" fbTx="63.905" meta-info="ns3::WifiMacHeader (DATA ToDS=0, FromDS=0, MoreFrag=0, Retry=0, MoreData=0 Duration/ID=0us, DA=ff:ff:ff:ff:ff:ff, SA=00:00:00:00:00:06, BSSID=00:00:00:00:00:06, FragNumber=0, SeqNumber=60) ns3::LlcSnapHeader (type 0x800) ns3::Ipv4Header (tos 0x0 DSCP Default ECN Not-ECT ttl 64 id 60 protocol 17 offset (bytes) 0 flags [none] length: 45 192.168.2.1 &gt; 192.168.2.255) ns3::UdpHeader (length: 25 269 &gt; 269) ns3::Epidemic::TypeHeader (BEACON) ns3::Epidemic::EpidemicHeader ( Packet ID: 1101480448 Hop count: 1000 TimeStamp: +0.0ns) ns3::WifiMacTrailer ()" />
<wpr uId="577" tId="0" fbRx="63.905" lbRx="0" />
<pr uId="578" fId="6" fbTx="64.009" meta-info="ns3::WifiMacHeader (DATA ToDS=0, FromDS=0, MoreFrag=0, Retry=0, MoreData=0 Duration/ID=0us, DA=ff:ff:ff:ff:ff:ff, SA=00:00:00:00:00:07, BSSID=00:00:00:00:00:07, FragNumber=0, SeqNumber=68) ns3::LlcSnapHeader (type 0x800) ns3::Ipv4Header (tos 0x0 DSCP Default ECN Not-ECT ttl 64 id 60 protocol 17 offset (bytes) 0 flags [none] length: 45 192.168.2.2 &gt; 192.168.2.255) ns3::UdpHeader (length: 25 269 &gt; 269) ns3::Epidemic::TypeHeader (BEACON) ns3::Epidemic::EpidemicHeader ( Packet ID: 1101480448 Hop count: 1000 TimeStamp: +0.0ns) ns3::WifiMacTrailer ()" />
<wpr uId="578" tId="1" fbRx="64.009" lbRx="0" />
<wpr uId="578" tId="2" fbRx="64.00900083" lbRx="0" />
<wpr uId="578" tId="7" fbRx="64.00900083" lbRx="0" />
<pr uId="579" fId="7" fbTx="64.032" meta-info="ns3::WifiMacHeader (DATA ToDS=0, FromDS=0, MoreFrag=0, Retry=0, MoreData=0 Duration/ID=0us, DA=ff:ff:ff:ff:ff:ff, SA=00:00:00:00:00:08, BSSID=00:00:00:00:00:08, FragNumber=0, SeqNumber=76) ns3::LlcSnapHeader (type 0x800) ns3::Ipv4Header (tos 0x0 DSCP Default ECN Not-ECT ttl 64 id 60 protocol 17 offset (bytes) 0 flags [none] length: 45 192.168.2.3 &gt; 192.168.2.255) ns3::UdpHeader (length: 25 269 &gt; 269) ns3::Epidemic::TypeHeader (BEACON) ns3::Epidemic::EpidemicHeader ( Packet ID: 1101480448 Hop count: 1000 TimeStamp: +0.0ns) ns3::WifiMacTrailer ()" />
<wpr uId="579" tId="2" fbRx="64.032" lbRx="0" />
<wpr uId="579" tId="1" fbRx="64.03200083" lbRx="0" />
<wpr uId="579" tId="3" fbRx="64.03200083" lbRx="0" />
<wpr uId="579" tId="6" fbRx="64.03200083" lbRx="0" />
<wpr uId="579" tId="8" fbRx="64.03200083" lbRx="0" />
<pr uId="580" fId="6" fbTx="64.03225683" meta-info="ns3::WifiMacHeader (DATA ToDS=0, FromDS=0, MoreFrag=0, Retry=0, MoreData=0 Duration/ID=60us, DA=00:00:00:00:00:08, SA=00:00:00:00:00:07, BSSID=00:00:00:00:00:07, FragNumber=0, SeqNumber=69) ns3::LlcSnapHeader (type 0x800) ns3::Ipv4Header (tos 0x0 DSCP Default ECN Not-ECT ttl 64 id 6 protocol 17 offset (bytes) 0 flags [none] length: 37 192.168.2.2 &gt; 192.168.2.3) ns3::UdpHeader (length: 17 269 &gt; 269) ns3::Epidemic::TypeHeader (REPLY) ns3::Epidemic::SummaryVectorHeader ( Summary_vector header with size: 1
Global IDs:
NodeID:PacketID
0.0.2.186:698
) ns3::WifiMacTrailer ()" />
<wpr uId="580" tId="1" fbRx="64.03225683" lbRx="0" />
<wpr uId="580" tId="2" fbRx="64.03225767" lbRx="0" />
<wpr uId="580" tId="7" fbRx="64.03225767" lbRx="0" />
<pr uId="581" fId="7" fbTx="64.03239767" meta-info="ns3::WifiMacHeader (CTL_ACK Duration/ID=0us, RA=00:00:00:00:00:07) ns3::WifiMacTrailer ()" />
<wpr uId="581" tId="2" fbRx="64.03239767" lbRx="0" />
<wpr uId="581" tId="1" fbRx="64.0323985" lbRx="0" />
<wpr uId="581" tId="3" fbRx="64.0323985" lbRx="0" />
<wpr uId="581" tId="6" fbRx="64.0323985" lbRx="0" />
<wpr uId="581" tId="8" fbRx="64.0323985" lbRx="0" />
<pr uId="582" fId="7" fbTx="64.03250267" meta-info="ns3::WifiMacHeader (DATA ToDS=0, FromDS=0, MoreFrag=0, Retry=0, MoreData=0 Duration/ID=60us, DA=00:00:00:00:00:07, SA=00:00:00:00:00:08, BSSID=00:00:00:00:00:08, FragNumber=0, SeqNumber=77) ns3::LlcSnapHeader (type 0x800) ns3::Ipv4Header (tos 0x0 DSCP Default ECN Not-ECT ttl 64 id 6 protocol 17 offset (bytes) 0 flags [none] length: 37 192.168.2.3 &gt; 192.168.2.2) ns3::UdpHeader (length: 17 269 &gt; 269) ns3::Epidemic::TypeHeader (REPLY_BACK) ns3::Epidemic::SummaryVectorHeader ( Summary_vector header with size: 1
Global IDs:
NodeID:PacketID
0.0.2.186:698
) ns3::WifiMacTrailer ()" />
<wpr uId="582" tId="2" fbRx="64.03250267" lbRx="0" />
<wpr uId="582" tId="1" fbRx="64.0325035" lbRx="0" />
<wpr uId="582" tId="3" fbRx="64.0325035" lbRx="0" />
<wpr uId="582" tId="6" fbRx="64.0325035" lbRx="0" />
<wpr uId="582" tId="8" fbRx="64.0325035" lbRx="0" />
<pr uId="583" fId="6" fbTx="64.0326435" meta-info="ns3::WifiMacHeader (CTL_ACK Duration/ID=0us, RA=00:00:00:00:00:08) ns3::WifiMacTrailer ()" />
<wpr uId="583" tId="1" fbRx="64.0326435" lbRx="0" />
<wpr uId="583" tId="2" fbRx="64.03264433" lbRx="0" />
<wpr uId="583" tId="7" fbRx="64.03264433" lbRx="0" />
<pr uId="584" fId="1" fbTx="64.03562036" meta-info="ns3::WifiMacHeader (DATA ToDS=0, FromDS=0, MoreFrag=0, Retry=0, MoreData=0 Duration/ID=0us, DA=ff:ff:ff:ff:ff:ff, SA=00:00:00:00:00:02, BSSID=00:00:00:00:00:02, FragNumber=0, SeqNumber=32) ns3::LlcSnapHeader (type 0x800) ns3::Ipv4Header (tos 0x0 DSCP Default ECN Not-ECT ttl 64 id 32 protocol 17 offset (bytes) 0 flags [none] length: 56 192.168.1.2 &gt; 192.168.1.255) ns3::UdpHeader (length: 36 698 &gt; 698) ns3::olsr::PacketHeader () ns3::olsr::MessageHeader () ns3::WifiMacTrailer ()" />
<wpr uId="584" tId="6" fbRx="64.03562036" lbRx="0" />
<wpr uId="584" tId="2" fbRx="64.03562119" lbRx="0" />
<wpr uId="584" tId="7" fbRx="64.03562119" lbRx="0" />
<pr uId="585" fId="3" fbTx="64.09162907" meta-info="ns3::WifiMacHeader (DATA ToDS=0, FromDS=0, MoreFrag=0, Retry=0, MoreData=0 Duration/ID=0us, DA=ff:ff:ff:ff:ff:ff, SA=00:00:00:00:00:04, BSSID=00:00:00:00:00:04, FragNumber=0, SeqNumber=41) ns3::LlcSnapHeader (type 0x800) ns3::Ipv4Header (tos 0x0 DSCP Default ECN Not-ECT ttl 64 id 41 protocol 17 offset (bytes) 0 flags [none] length: 64 192.168.1.4 &gt; 192.168.1.255) ns3::UdpHeader (length: 44 698 &gt; 698) ns3::olsr::PacketHeader () ns3::olsr::MessageHeader () ns3::WifiMacTrailer ()" />
<wpr uId="585" tId="8" fbRx="64.09162907" lbRx="0" />
<wpr uId="585" tId="2" fbRx="64.09162991" lbRx="0" />
<wpr uId="585" tId="7" fbRx="64.09162991" lbRx="0" />
<pr uId="586" fId="0" fbTx="64.23235711" meta-info="ns3::WifiMacHeader (DATA ToDS=0, FromDS=0, MoreFrag=0, Retry=0, MoreData=0 Duration/ID=0us, DA=ff:ff:ff:ff:ff:ff, SA=00:00:00:00:00:01, BSSID=00:00:00:00:00:01, FragNumber=0, SeqNumber=36) ns3::LlcSnapHeader (type 0x800) ns3::Ipv4Header (tos 0x0 DSCP Default ECN Not-ECT ttl 64 id 32 protocol 17 offset (bytes) 0 flags [none] length: 48 192.168.1.1 &gt; 192.168.1.255) ns3::UdpHeader (length: 28 698 &gt; 698) ns3::olsr::PacketHeader () ns3::olsr::MessageHeader () ns3::WifiMacTrailer ()" />
<wpr uId="586" tId="5" fbRx="64.23235711" lbRx="0" />
<pr uId="587" fId="8" fbTx="64.243" meta-info="ns3::WifiMacHeader (DATA ToDS=0, FromDS=0, MoreFrag=0, Retry=0, MoreData=0 Duration/ID=0us, DA=ff:ff:ff:ff:ff:ff, SA=00:00:00:00:00:09, BSSID=00:00:00:00:00:09, FragNumber=0, SeqNumber=76) ns3::LlcSnapHeader (type 0x800) ns3::Ipv4Header (tos 0x0 DSCP Default ECN Not-ECT ttl 64 id 60 protocol 17 offset (bytes) 0 flags [none] length: 45 192.168.2.4 &gt; 192.168.2.255) ns3::UdpHeader (length: 25 269 &gt; 269) ns3::Epidemic::TypeHeader (BEACON) ns3::Epidemic::EpidemicHeader ( Packet ID: 1101480448 Hop count: 1000 TimeStamp: +0.0ns) ns3::WifiMacTrailer ()" />
<wpr uId="587" tId="3" fbRx="64.243" lbRx="0" />
<wpr uId="587" tId="2" fbRx="64.24300083" lbRx="0" />
<wpr uId="587" tId="7" fbRx="64.24300083" lbRx="0" />
<pr uId="588" fId="7" fbTx="64.24320283" meta-info="ns3::WifiMacHeader (DATA ToDS=0, FromDS=0, MoreFrag=0, Retry=0, MoreData=0 Duration/ID=60us, DA=00:00:00:00:00:09, SA=00:00:00:00:00:08, BSSID=00:00:00:00:00:08, FragNumber=0, SeqNumber=78) ns3::LlcSnapHeader (type 0x800) ns3::Ipv4Header (tos 0x0 DSCP Default ECN Not-ECT ttl 64 id 6 protocol 17 offset (bytes) 0 flags [none] length: 37 192.168.2.3 &gt; 192.168.2.4) ns3::UdpHeader (length: 17 269 &gt; 269) ns3::Epidemic::TypeHeader (REPLY) ns3::Epidemic::SummaryVectorHeader ( Summary_vector header with size: 1
Global IDs:
NodeID:PacketID
0.0.2.186:698
) ns3::WifiMacTrailer ()" />
<wpr uId="588" tId="2" fbRx="64.24320283" lbRx="0" />
<wpr uId="588" tId="1" fbRx="64.24320367" lbRx="0" />
<wpr uId="588" tId="3" fbRx="64.24320367" lbRx="0" />
<wpr uId="588" tId="6" fbRx="64.24320367" lbRx="0" />
<wpr uId="588" tId="8" fbRx="64.24320367" lbRx="0" />
<pr uId="589" fId="8" fbTx="64.24334367" meta-info="ns3::WifiMacHeader (CTL_ACK Duration/ID=0us, RA=00:00:00:00:00:08) ns3::WifiMacTrailer ()" />
<wpr uId="589" tId="3" fbRx="64.24334367" lbRx="0" />
<wpr uId="589" tId="2" fbRx="64.2433445" lbRx="0" />
<wpr uId="589" tId="7" fbRx="64.2433445" lbRx="0" />
<pr uId="590" fId="8" fbTx="64.24351167" meta-info="ns3::WifiMacHeader (DATA ToDS=0, FromDS=0, MoreFrag=0, Retry=0, MoreData=0 Duration/ID=60us, DA=00:00:00:00:00:08, SA=00:00:00:00:00:09, BSSID=00:00:00:00:00:09, FragNumber=0, SeqNumber=77) ns3::LlcSnapHeader (type 0x800) ns3::Ipv4Header (tos 0x0 DSCP Default ECN Not-ECT ttl 64 id 6 protocol 17 offset (bytes) 0 flags [none] length: 37 192.168.2.4 &gt; 192.168.2.3) ns3::UdpHeader (length: 17 269 &gt; 269) ns3::Epidemic::TypeHeader (REPLY_BACK) ns3::Epidemic::SummaryVectorHeader ( Summary_vector header with size: 1
Global IDs:
NodeID:PacketID
0.0.2.186:698
) ns3::WifiMacTrailer ()" />
<wpr uId="590" tId="3" fbRx="64.24351167" lbRx="0" />
<wpr uId="590" tId="2" fbRx="64.2435125" lbRx="0" />
<wpr uId="590" tId="7" fbRx="64.2435125" lbRx="0" />
<pr uId="591" fId="7" fbTx="64.2436525" meta-info="ns3::WifiMacHeader (CTL_ACK Duration/ID=0us, RA=00:00:00:00:00:09) ns3::WifiMacTrailer ()" />
<wpr uId="591" tId="2" fbRx="64.2436525" lbRx="0" />
<wpr uId="591" tId="1" fbRx="64.24365333" lbRx="0" />
<wpr uId="591" tId="3" fbRx="64.24365333" lbRx="0" />
<wpr uId="591" tId="6" fbRx="64.24365333" lbRx="0" />
<wpr uId="591" tId="8" fbRx="64.24365333" lbRx="0" />
<pr uId="592" fId="2" fbTx="64.27507431" meta-info="ns3::WifiMacHeader (DATA ToDS=0, FromDS=0, MoreFrag=0, Retry=0, MoreData=0 Duration/ID=0us, DA=ff:ff:ff:ff:ff:ff, SA=00:00:00:00:00:03, BSSID=00:00:00:00:00:03, FragNumber=0, SeqNumber=44) ns3::LlcSnapHeader (type 0x800) ns3::Ipv4Header (tos 0x0 DSCP Default ECN Not-ECT ttl 64 id 44 protocol 17 offset (bytes) 0 flags [none] length: 64 192.168.1.3 &gt; 192.168.1.255) ns3::UdpHeader (length: 44 698 &gt; 698) ns3::olsr::PacketHeader () ns3::olsr::MessageHeader () ns3::WifiMacTrailer ()" />
<wpr uId="592" tId="7" fbRx="64.27507431" lbRx="0" />
<wpr uId="592" tId="1" fbRx="64.27507515" lbRx="0" />
<wpr uId="592" tId="3" fbRx="64.27507515" lbRx="0" />
<wpr uId="592" tId="6" fbRx="64.27507515" lbRx="0" />
<wpr uId="592" tId="8" fbRx="64.27507515" lbRx="0" />
<pr uId="593" fId="4" fbTx="64.30732468" meta-info="ns3::WifiMacHeader (DATA ToDS=0, FromDS=0, MoreFrag=0, Retry=0, MoreData=0 Duration/ID=0us, DA=ff:ff:ff:ff:ff:ff, SA=00:00:00:00:00:05, BSSID=00:00:00:00:00:05, FragNumber=0, SeqNumber=32) ns3::LlcSnapHeader (type 0x800) ns3::Ipv4Header (tos 0x0 DSCP Default ECN Not-ECT ttl 64 id 32 protocol 17 offset (bytes) 0 flags [none] length: 56 192.168.1.5 &gt; 192.168.1.255) ns3::UdpHeader (length: 36 698 &gt; 698) ns3::olsr::PacketHeader () ns3::olsr::MessageHeader () ns3::WifiMacTrailer ()" />
<wpr uId="593" tId="9" fbRx="64.30732468" lbRx="0" />
<pr uId="594" fId="9" fbTx="64.905" meta-info="ns3::WifiMacHeader (DATA ToDS=0, FromDS=0, MoreFrag=0, Retry=0, MoreData=0 Duration/ID=0us, DA=ff:ff:ff:ff:ff:ff, SA=00:00:00:00:00:0a, BSSID=00:00:00:00:00:0a, FragNumber=0, SeqNumber=69) ns3::LlcSnapHeader (type 0x800) ns3::Ipv4Header (tos 0x0 DSCP Default ECN Not-ECT ttl 64 id 61 protocol 17 offset (bytes) 0 flags [none] length: 45 192.168.2.5 &gt; 192.168.2.255) ns3::UdpHeader (length: 25 269 &gt; 269) ns3::Epidemic::TypeHeader (BEACON) ns3::Epidemic::EpidemicHeader ( Packet ID: 1101480448 Hop count: 1000 TimeStamp: +0.0ns) ns3::WifiMacTrailer ()" />
<wpr uId="594" tId="4" fbRx="64.905" lbRx="0" />
<pr uId="595" fId="5" fbTx="65.003" meta-info="ns3::WifiMacHeader (DATA ToDS=0, FromDS=0, MoreFrag=0, Retry=0, MoreData=0 Duration/ID=0us, DA=ff:ff:ff:ff:ff:ff, SA=00:00:00:00:00:06, BSSID=00:00:00:00:00:06, FragNumber=0, SeqNumber=61) ns3::LlcSnapHeader (type 0x800) ns3::Ipv4Header (tos 0x0 DSCP Default ECN Not-ECT ttl 64 id 61 protocol 17 offset (bytes) 0 flags [none] length: 45 192.168.2.1 &gt; 192.168.2.255) ns3::UdpHeader (length: 25 269 &gt; 269) ns3::Epidemic::TypeHeader (BEACON) ns3::Epidemic::EpidemicHeader ( Packet ID: 1101480448 Hop count: 1000 TimeStamp: +0.0ns) ns3::WifiMacTrailer ()" />
<wpr uId="595" tId="0" fbRx="65.003" lbRx="0" />
<pr uId="596" fId="7" fbTx="65.051" meta-info="ns3::WifiMacHeader (DATA ToDS=0, FromDS=0, MoreFrag=0, Retry=0, MoreData=0 Duration/ID=0us, DA=ff:ff:ff:ff:ff:ff, SA=00:00:00:00:00:08, BSSID=00:00:00:00:00:08, FragNumber=0, SeqNumber=79) ns3::LlcSnapHeader (type 0x800) ns3::Ipv4Header (tos 0x0 DSCP Default ECN Not-ECT ttl 64 id 61 protocol 17 offset (bytes) 0 flags [none] length: 45 192.168.2.3 &gt; 192.168.2.255) ns3::UdpHeader (length: 25 269 &gt; 269) ns3::Epidemic::TypeHeader (BEACON) ns3::Epidemic::EpidemicHeader ( Packet ID: 1101480448 Hop count: 1000 TimeStamp: +0.0ns) ns3::WifiMacTrailer ()" />
<wpr uId="596" tId="2" fbRx="65.051" lbRx="0" />
<wpr uId="596" tId="1" fbRx="65.05100083" lbRx="0" />
<wpr uId="596" tId="3" fbRx="65.05100083" lbRx="0" />
<wpr uId="596" tId="6" fbRx="65.05100083" lbRx="0" />
<wpr uId="596" tId="8" fbRx="65.05100083" lbRx="0" />
<pr uId="597" fId="6" fbTx="65.1" meta-info="ns3::WifiMacHeader (DATA ToDS=0, FromDS=0, MoreFrag=0, Retry=0, MoreData=0 Duration/ID=0us, DA=ff:ff:ff:ff:ff:ff, SA=00:00:00:00:00:07, BSSID=00:00:00:00:00:07, FragNumber=0, SeqNumber=70) ns3::LlcSnapHeader (type 0x800) ns3::Ipv4Header (tos 0x0 DSCP Default ECN Not-ECT ttl 64 id 61 protocol 17 offset (bytes) 0 flags [none] length: 45 192.168.2.2 &gt; 192.168.2.255) ns3::UdpHeader (length: 25 269 &gt; 269) ns3::Epidemic::TypeHeader (BEACON) ns3::Epidemic::EpidemicHeader ( Packet ID: 1101480448 Hop count: 1000 TimeStamp: +0.0ns) ns3::WifiMacTrailer ()" />
<wpr uId="597" tId="1" fbRx="65.1" lbRx="0" />
<wpr uId="597" tId="2" fbRx="65.10000083" lbRx="0" />
<wpr uId="597" tId="7" fbRx="65.10000083" lbRx="0" />
<pr uId="598" fId="3" fbTx="65.25029539" meta-info="ns3::WifiMacHeader (DATA ToDS=0, FromDS=0, MoreFrag=0, Retry=0, MoreData=0 Duration/ID=0us, DA=ff:ff:ff:ff:ff:ff, SA=00:00:00:00:00:04, BSSID=00:00:00:00:00:04, FragNumber=0, SeqNumber=42) ns3::LlcSnapHeader (type 0x800) ns3::Ipv4Header (tos 0x0 DSCP Default ECN Not-ECT ttl 64 id 42 protocol 17 offset (bytes) 0 flags [none] length: 52 192.168.1.4 &gt; 192.168.1.255) ns3::UdpHeader (length: 32 698 &gt; 698) ns3::olsr::PacketHeader () ns3::olsr::MessageHeader () ns3::WifiMacTrailer ()" />
<wpr uId="598" tId="8" fbRx="65.25029539" lbRx="0" />
<wpr uId="598" tId="2" fbRx="65.25029622" lbRx="0" />
<wpr uId="598" tId="7" fbRx="65.25029622" lbRx="0" />
<pr uId="599" fId="8" fbTx="65.334" meta-info="ns3::WifiMacHeader (DATA ToDS=0, FromDS=0, MoreFrag=0, Retry=0, MoreData=0 Duration/ID=0us, DA=ff:ff:ff:ff:ff:ff, SA=00:00:00:00:00:09, BSSID=00:00:00:00:00:09, FragNumber=0, SeqNumber=78) ns3::LlcSnapHeader (type 0x800) ns3::Ipv4Header (tos 0x0 DSCP Default ECN Not-ECT ttl 64 id 61 protocol 17 offset (bytes) 0 flags [none] length: 45 192.168.2.4 &gt; 192.168.2.255) ns3::UdpHeader (length: 25 269 &gt; 269) ns3::Epidemic::TypeHeader (BEACON) ns3::Epidemic::EpidemicHeader ( Packet ID: 1101480448 Hop count: 1000 TimeStamp: +0.0ns) ns3::WifiMacTrailer ()" />
<wpr uId="599" tId="3" fbRx="65.334" lbRx="0" />
<wpr uId="599" tId="2" fbRx="65.33400083" lbRx="0" />
<wpr uId="599" tId="7" fbRx="65.33400083" lbRx="0" />
<pr uId="600" fId="2" fbTx="65.37469909" meta-info="ns3::WifiMacHeader (DATA ToDS=0, FromDS=0, MoreFrag=0, Retry=0, MoreData=0 Duration/ID=0us, DA=ff:ff:ff:ff:ff:ff, SA=00:00:00:00:00:03, BSSID=00:00:00:00:00:03, FragNumber=0, SeqNumber=45) ns3::LlcSnapHeader (type 0x800) ns3::Ipv4Header (tos 0x0 DSCP Default ECN Not-ECT ttl 64 id 45 protocol 17 offset (bytes) 0 flags [none] length: 76 192.168.1.3 &gt; 192.168.1.255) ns3::UdpHeader (length: 56 698 &gt; 698) ns3::olsr::PacketHeader () ns3::olsr::MessageHeader () ns3::olsr::MessageHeader () ns3::WifiMacTrailer ()" />
<wpr uId="600" tId="7" fbRx="65.37469909" lbRx="0" />
<wpr uId="600" tId="1" fbRx="65.37469992" lbRx="0" />
<wpr uId="600" tId="3" fbRx="65.37469992" lbRx="0" />
<wpr uId="600" tId="6" fbRx="65.37469992" lbRx="0" />
<wpr uId="600" tId="8" fbRx="65.37469992" lbRx="0" />
<pr uId="601" fId="3" fbTx="65.57993023" meta-info="ns3::WifiMacHeader (DATA ToDS=0, FromDS=0, MoreFrag=0, Retry=0, MoreData=0 Duration/ID=0us, DA=ff:ff:ff:ff:ff:ff, SA=00:00:00:00:00:04, BSSID=00:00:00:00:00:04, FragNumber=0, SeqNumber=43) ns3::LlcSnapHeader (type 0x800) ns3::Ipv4Header (tos 0x0 DSCP Default ECN Not-ECT ttl 64 id 43 protocol 17 offset (bytes) 0 flags [none] length: 56 192.168.1.4 &gt; 192.168.1.255) ns3::UdpHeader (length: 36 698 &gt; 698) ns3::olsr::PacketHeader () ns3::olsr::MessageHeader () ns3::WifiMacTrailer ()" />
<wpr uId="601" tId="8" fbRx="65.57993023" lbRx="0" />
<wpr uId="601" tId="2" fbRx="65.57993106" lbRx="0" />
<wpr uId="601" tId="7" fbRx="65.57993106" lbRx="0" />
<pr uId="602" fId="9" fbTx="65.979" meta-info="ns3::WifiMacHeader (DATA ToDS=0, FromDS=0, MoreFrag=0, Retry=0, MoreData=0 Duration/ID=0us, DA=ff:ff:ff:ff:ff:ff, SA=00:00:00:00:00:0a, BSSID=00:00:00:00:00:0a, FragNumber=0, SeqNumber=70) ns3::LlcSnapHeader (type 0x800) ns3::Ipv4Header (tos 0x0 DSCP Default ECN Not-ECT ttl 64 id 62 protocol 17 offset (bytes) 0 flags [none] length: 45 192.168.2.5 &gt; 192.168.2.255) ns3::UdpHeader (length: 25 269 &gt; 269) ns3::Epidemic::TypeHeader (BEACON) ns3::Epidemic::EpidemicHeader ( Packet ID: 1101480448 Hop count: 1000 TimeStamp: +0.0ns) ns3::WifiMacTrailer ()" />
<wpr uId="602" tId="4" fbRx="65.979" lbRx="0" />
<pr uId="603" fId="4" fbTx="66.05802607" meta-info="ns3::WifiMacHeader (DATA ToDS=0, FromDS=0, MoreFrag=0, Retry=0, MoreData=0 Duration/ID=0us, DA=ff:ff:ff:ff:ff:ff, SA=00:00:00:00:00:05, BSSID=00:00:00:00:00:05, FragNumber=0, SeqNumber=33) ns3::LlcSnapHeader (type 0x800) ns3::Ipv4Header (tos 0x0 DSCP Default ECN Not-ECT ttl 64 id 33 protocol 17 offset (bytes) 0 flags [none] length: 56 192.168.1.5 &gt; 192.168.1.255) ns3::UdpHeader (length: 36 698 &gt; 698) ns3::olsr::PacketHeader () ns3::olsr::MessageHeader () ns3::WifiMacTrailer ()" />
<wpr uId="603" tId="9" fbRx="66.05802607" lbRx="0" />
<pr uId="604" fId="7" fbTx="66.064" meta-info="ns3::WifiMacHeader (DATA ToDS=0, FromDS=0, MoreFrag=0, Retry=0, MoreData=0 Duration/ID=0us, DA=ff:ff:ff:ff:ff:ff, SA=00:00:00:00:00:08, BSSID=00:00:00:00:00:08, FragNumber=0, SeqNumber=80) ns3::LlcSnapHeader (type 0x800) ns3::Ipv4Header (tos 0x0 DSCP Default ECN Not-ECT ttl 64 id 62 protocol 17 offset (bytes) 0 flags [none] length: 45 192.168.2.3 &gt; 192.168.2.255) ns3::UdpHeader (length: 25 269 &gt; 269) ns3::Epidemic::TypeHeader (BEACON) ns3::Epidemic::EpidemicHeader ( Packet ID: 1101480448 Hop count: 1000 TimeStamp: +0.0ns) ns3::WifiMacTrailer ()" />
<wpr uId="604" tId="2" fbRx="66.064" lbRx="0" />
<wpr uId="604" tId="1" fbRx="66.06400083" lbRx="0" />
<wpr uId="604" tId="3" fbRx="66.06400083" lbRx="0" />
<wpr uId="604" tId="6" fbRx="66.06400083" lbRx="0" />
<wpr uId="604" tId="8" fbRx="66.06400083" lbRx="0" />
<pr uId="605" fId="5" fbTx="66.088" meta-info="ns3::WifiMacHeader (DATA ToDS=0, FromDS=0, MoreFrag=0, Retry=0, MoreData=0 Duration/ID=0us, DA=ff:ff:ff:ff:ff:ff, SA=00:00:00:00:00:06, BSSID=00:00:00:00:00:06, FragNumber=0, SeqNumber=62) ns3::LlcSnapHeader (type 0x800) ns3::Ipv4Header (tos 0x0 DSCP Default ECN Not-ECT ttl 64 id 62 protocol 17 offset (bytes) 0 flags [none] length: 45 192.168.2.1 &gt; 192.168.2.255) ns3::UdpHeader (length: 25 269 &gt; 269) ns3::Epidemic::TypeHeader (BEACON) ns3::Epidemic::EpidemicHeader ( Packet ID: 1101480448 Hop count: 1000 TimeStamp: +0.0ns) ns3::WifiMacTrailer ()" />
<wpr uId="605" tId="0" fbRx="66.088" lbRx="0" />
<pr uId="606" fId="6" fbTx="66.159" meta-info="ns3::WifiMacHeader (DATA ToDS=0, FromDS=0, MoreFrag=0, Retry=0, MoreData=0 Duration/ID=0us, DA=ff:ff:ff:ff:ff:ff, SA=00:00:00:00:00:07, BSSID=00:00:00:00:00:07, FragNumber=0, SeqNumber=71) ns3::LlcSnapHeader (type 0x800) ns3::Ipv4Header (tos 0x0 DSCP Default ECN Not-ECT ttl 64 id 62 protocol 17 offset (bytes) 0 flags [none] length: 45 192.168.2.2 &gt; 192.168.2.255) ns3::UdpHeader (length: 25 269 &gt; 269) ns3::Epidemic::TypeHeader (BEACON) ns3::Epidemic::EpidemicHeader ( Packet ID: 1101480448 Hop count: 1000 TimeStamp: +0.0ns) ns3::WifiMacTrailer ()" />
<wpr uId="606" tId="1" fbRx="66.159" lbRx="0" />
<wpr uId="606" tId="2" fbRx="66.15900083" lbRx="0" />
<wpr uId="606" tId="7" fbRx="66.15900083" lbRx="0" />
<pr uId="607" fId="3" fbTx="66.21860125" meta-info="ns3::WifiMacHeader (DATA ToDS=0, FromDS=0, MoreFrag=0, Retry=0, MoreData=0 Duration/ID=0us, DA=ff:ff:ff:ff:ff:ff, SA=00:00:00:00:00:04, BSSID=00:00:00:00:00:04, FragNumber=0, SeqNumber=44) ns3::LlcSnapHeader (type 0x800) ns3::Ipv4Header (tos 0x0 DSCP Default ECN Not-ECT ttl 64 id 44 protocol 17 offset (bytes) 0 flags [none] length: 64 192.168.1.4 &gt; 192.168.1.255) ns3::UdpHeader (length: 44 698 &gt; 698) ns3::olsr::PacketHeader () ns3::olsr::MessageHeader () ns3::WifiMacTrailer ()" />
<wpr uId="607" tId="8" fbRx="66.21860125" lbRx="0" />
<wpr uId="607" tId="2" fbRx="66.21860208" lbRx="0" />
<wpr uId="607" tId="7" fbRx="66.21860208" lbRx="0" />
<pr uId="608" fId="1" fbTx="66.29073305" meta-info="ns3::WifiMacHeader (DATA ToDS=0, FromDS=0, MoreFrag=0, Retry=0, MoreData=0 Duration/ID=0us, DA=ff:ff:ff:ff:ff:ff, SA=00:00:00:00:00:02, BSSID=00:00:00:00:00:02, FragNumber=0, SeqNumber=33) ns3::LlcSnapHeader (type 0x800) ns3::Ipv4Header (tos 0x0 DSCP Default ECN Not-ECT ttl 64 id 33 protocol 17 offset (bytes) 0 flags [none] length: 56 192.168.1.2 &gt; 192.168.1.255) ns3::UdpHeader (length: 36 698 &gt; 698) ns3::olsr::PacketHeader () ns3::olsr::MessageHeader () ns3::WifiMacTrailer ()" />
<wpr uId="608" tId="6" fbRx="66.29073305" lbRx="0" />
<wpr uId="608" tId="2" fbRx="66.29073388" lbRx="0" />
<wpr uId="608" tId="7" fbRx="66.29073388" lbRx="0" />
<pr uId="609" fId="8" fbTx="66.337" meta-info="ns3::WifiMacHeader (DATA ToDS=0, FromDS=0, MoreFrag=0, Retry=0, MoreData=0 Duration/ID=0us, DA=ff:ff:ff:ff:ff:ff, SA=00:00:00:00:00:09, BSSID=00:00:00:00:00:09, FragNumber=0, SeqNumber=79) ns3::LlcSnapHeader (type 0x800) ns3::Ipv4Header (tos 0x0 DSCP Default ECN Not-ECT ttl 64 id 62 protocol 17 offset (bytes) 0 flags [none] length: 45 192.168.2.4 &gt; 192.168.2.255) ns3::UdpHeader (length: 25 269 &gt; 269) ns3::Epidemic::TypeHeader (BEACON) ns3::Epidemic::EpidemicHeader ( Packet ID: 1101480448 Hop count: 1000 TimeStamp: +0.0ns) ns3::WifiMacTrailer ()" />
<wpr uId="609" tId="3" fbRx="66.337" lbRx="0" />
<wpr uId="609" tId="2" fbRx="66.33700083" lbRx="0" />
<wpr uId="609" tId="7" fbRx="66.33700083" lbRx="0" />
<pr uId="610" fId="0" fbTx="66.47007252" meta-info="ns3::WifiMacHeader (DATA ToDS=0, FromDS=0, MoreFrag=0, Retry=0, MoreData=0 Duration/ID=0us, DA=ff:ff:ff:ff:ff:ff, SA=00:00:00:00:00:01, BSSID=00:00:00:00:00:01, FragNumber=0, SeqNumber=37) ns3::LlcSnapHeader (type 0x800) ns3::Ipv4Header (tos 0x0 DSCP Default ECN Not-ECT ttl 64 id 33 protocol 17 offset (bytes) 0 flags [none] length: 48 192.168.1.1 &gt; 192.168.1.255) ns3::UdpHeader (length: 28 698 &gt; 698) ns3::olsr::PacketHeader () ns3::olsr::MessageHeader () ns3::WifiMacTrailer ()" />
<wpr uId="610" tId="5" fbRx="66.47007252" lbRx="0" />
<pr uId="611" fId="2" fbTx="66.47273161" meta-info="ns3::WifiMacHeader (DATA ToDS=0, FromDS=0, MoreFrag=0, Retry=0, MoreData=0 Duration/ID=0us, DA=ff:ff:ff:ff:ff:ff, SA=00:00:00:00:00:03, BSSID=00:00:00:00:00:03, FragNumber=0, SeqNumber=46) ns3::LlcSnapHeader (type 0x800) ns3::Ipv4Header (tos 0x0 DSCP Default ECN Not-ECT ttl 64 id 46 protocol 17 offset (bytes) 0 flags [none] length: 64 192.168.1.3 &gt; 192.168.1.255) ns3::UdpHeader (length: 44 698 &gt; 698) ns3::olsr::PacketHeader () ns3::olsr::MessageHeader () ns3::WifiMacTrailer ()" />
<wpr uId="611" tId="7" fbRx="66.47273161" lbRx="0" />
<wpr uId="611" tId="1" fbRx="66.47273245" lbRx="0" />
<wpr uId="611" tId="3" fbRx="66.47273245" lbRx="0" />
<wpr uId="611" tId="6" fbRx="66.47273245" lbRx="0" />
<wpr uId="611" tId="8" fbRx="66.47273245" lbRx="0" />
<pr uId="612" fId="9" fbTx="67" meta-info="ns3::WifiMacHeader (DATA ToDS=0, FromDS=0, MoreFrag=0, Retry=0, MoreData=0 Duration/ID=0us, DA=ff:ff:ff:ff:ff:ff, SA=00:00:00:00:00:0a, BSSID=00:00:00:00:00:0a, FragNumber=0, SeqNumber=71) ns3::LlcSnapHeader (type 0x800) ns3::Ipv4Header (tos 0x0 DSCP Default ECN Not-ECT ttl 64 id 63 protocol 17 offset (bytes) 0 flags [none] length: 45 192.168.2.5 &gt; 192.168.2.255) ns3::UdpHeader (length: 25 269 &gt; 269) ns3::Epidemic::TypeHeader (BEACON) ns3::Epidemic::EpidemicHeader ( Packet ID: 1101480448 Hop count: 1000 TimeStamp: +0.0ns) ns3::WifiMacTrailer ()" />
<wpr uId="612" tId="4" fbRx="67" lbRx="0" />
<pr uId="613" fId="5" fbTx="67.136" meta-info="ns3::WifiMacHeader (DATA ToDS=0, FromDS=0, MoreFrag=0, Retry=0, MoreData=0 Duration/ID=0us, DA=ff:ff:ff:ff:ff:ff, SA=00:00:00:00:00:06, BSSID=00:00:00:00:00:06, FragNumber=0, SeqNumber=63) ns3::LlcSnapHeader (type 0x800) ns3::Ipv4Header (tos 0x0 DSCP Default ECN Not-ECT ttl 64 id 63 protocol 17 offset (bytes) 0 flags [none] length: 45 192.168.2.1 &gt; 192.168.2.255) ns3::UdpHeader (length: 25 269 &gt; 269) ns3::Epidemic::TypeHeader (BEACON) ns3::Epidemic::EpidemicHeader ( Packet ID: 1101480448 Hop count: 1000 TimeStamp: +0.0ns) ns3::WifiMacTrailer ()" />
<wpr uId="613" tId="0" fbRx="67.136" lbRx="0" />
<pr uId="614" fId="7" fbTx="67.151" meta-info="ns3::WifiMacHeader (DATA ToDS=0, FromDS=0, MoreFrag=0, Retry=0, MoreData=0 Duration/ID=0us, DA=ff:ff:ff:ff:ff:ff, SA=00:00:00:00:00:08, BSSID=00:00:00:00:00:08, FragNumber=0, SeqNumber=81) ns3::LlcSnapHeader (type 0x800) ns3::Ipv4Header (tos 0x0 DSCP Default ECN Not-ECT ttl 64 id 63 protocol 17 offset (bytes) 0 flags [none] length: 45 192.168.2.3 &gt; 192.168.2.255) ns3::UdpHeader (length: 25 269 &gt; 269) ns3::Epidemic::TypeHeader (BEACON) ns3::Epidemic::EpidemicHeader ( Packet ID: 1101480448 Hop count: 1000 TimeStamp: +0.0ns) ns3::WifiMacTrailer ()" />
<wpr uId="614" tId="2" fbRx="67.151" lbRx="0" />
<wpr uId="614" tId="1" fbRx="67.15100083" lbRx="0" />
<wpr uId="614" tId="3" fbRx="67.15100083" lbRx="0" />
<wpr uId="614" tId="6" fbRx="67.15100083" lbRx="0" />
<wpr uId="614" tId="8" fbRx="67.15100083" lbRx="0" />
<pr uId="615" fId="6" fbTx="67.25" meta-info="ns3::WifiMacHeader (DATA ToDS=0, FromDS=0, MoreFrag=0, Retry=0, MoreData=0 Duration/ID=0us, DA=ff:ff:ff:ff:ff:ff, SA=00:00:00:00:00:07, BSSID=00:00:00:00:00:07, FragNumber=0, SeqNumber=72) ns3::LlcSnapHeader (type 0x800) ns3::Ipv4Header (tos 0x0 DSCP Default ECN Not-ECT ttl 64 id 63 protocol 17 offset (bytes) 0 flags [none] length: 45 192.168.2.2 &gt; 192.168.2.255) ns3::UdpHeader (length: 25 269 &gt; 269) ns3::Epidemic::TypeHeader (BEACON) ns3::Epidemic::EpidemicHeader ( Packet ID: 1101480448 Hop count: 1000 TimeStamp: +0.0ns) ns3::WifiMacTrailer ()" />
<wpr uId="615" tId="1" fbRx="67.25" lbRx="0" />
<wpr uId="615" tId="2" fbRx="67.25000083" lbRx="0" />
<wpr uId="615" tId="7" fbRx="67.25000083" lbRx="0" />
<pr uId="616" fId="8" fbTx="67.416" meta-info="ns3::WifiMacHeader (DATA ToDS=0, FromDS=0, MoreFrag=0, Retry=0, MoreData=0 Duration/ID=0us, DA=ff:ff:ff:ff:ff:ff, SA=00:00:00:00:00:09, BSSID=00:00:00:00:00:09, FragNumber=0, SeqNumber=80) ns3::LlcSnapHeader (type 0x800) ns3::Ipv4Header (tos 0x0 DSCP Default ECN Not-ECT ttl 64 id 63 protocol 17 offset (bytes) 0 flags [none] length: 45 192.168.2.4 &gt; 192.168.2.255) ns3::UdpHeader (length: 25 269 &gt; 269) ns3::Epidemic::TypeHeader (BEACON) ns3::Epidemic::EpidemicHeader ( Packet ID: 1101480448 Hop count: 1000 TimeStamp: +0.0ns) ns3::WifiMacTrailer ()" />
<wpr uId="616" tId="3" fbRx="67.416" lbRx="0" />
<wpr uId="616" tId="2" fbRx="67.41600083" lbRx="0" />
<wpr uId="616" tId="7" fbRx="67.41600083" lbRx="0" />
<pr uId="617" fId="2" fbTx="68.0203253" meta-info="ns3::WifiMacHeader (DATA ToDS=0, FromDS=0, MoreFrag=0, Retry=0, MoreData=0 Duration/ID=0us, DA=ff:ff:ff:ff:ff:ff, SA=00:00:00:00:00:03, BSSID=00:00:00:00:00:03, FragNumber=0, SeqNumber=47) ns3::LlcSnapHeader (type 0x800) ns3::Ipv4Header (tos 0x0 DSCP Default ECN Not-ECT ttl 64 id 47 protocol 17 offset (bytes) 0 flags [none] length: 64 192.168.1.3 &gt; 192.168.1.255) ns3::UdpHeader (length: 44 698 &gt; 698) ns3::olsr::PacketHeader () ns3::olsr::MessageHeader () ns3::WifiMacTrailer ()" />
<wpr uId="617" tId="7" fbRx="68.0203253" lbRx="0" />
<wpr uId="617" tId="1" fbRx="68.02032613" lbRx="0" />
<wpr uId="617" tId="3" fbRx="68.02032613" lbRx="0" />
<wpr uId="617" tId="6" fbRx="68.02032613" lbRx="0" />
<wpr uId="617" tId="8" fbRx="68.02032613" lbRx="0" />
<pr uId="618" fId="9" fbTx="68.082" meta-info="ns3::WifiMacHeader (DATA ToDS=0, FromDS=0, MoreFrag=0, Retry=0, MoreData=0 Duration/ID=0us, DA=ff:ff:ff:ff:ff:ff, SA=00:00:00:00:00:0a, BSSID=00:00:00:00:00:0a, FragNumber=0, SeqNumber=72) ns3::LlcSnapHeader (type 0x800) ns3::Ipv4Header (tos 0x0 DSCP Default ECN Not-ECT ttl 64 id 64 protocol 17 offset (bytes) 0 flags [none] length: 45 192.168.2.5 &gt; 192.168.2.255) ns3::UdpHeader (length: 25 269 &gt; 269) ns3::Epidemic::TypeHeader (BEACON) ns3::Epidemic::EpidemicHeader ( Packet ID: 1101480448 Hop count: 1000 TimeStamp: +0.0ns) ns3::WifiMacTrailer ()" />
<wpr uId="618" tId="4" fbRx="68.082" lbRx="0" />
<pr uId="619" fId="0" fbTx="68.0994039" meta-info="ns3::WifiMacHeader (DATA ToDS=0, FromDS=0, MoreFrag=0, Retry=0, MoreData=0 Duration/ID=0us, DA=ff:ff:ff:ff:ff:ff, SA=00:00:00:00:00:01, BSSID=00:00:00:00:00:01, FragNumber=0, SeqNumber=38) ns3::LlcSnapHeader (type 0x800) ns3::Ipv4Header (tos 0x0 DSCP Default ECN Not-ECT ttl 64 id 34 protocol 17 offset (bytes) 0 flags [none] length: 48 192.168.1.1 &gt; 192.168.1.255) ns3::UdpHeader (length: 28 698 &gt; 698) ns3::olsr::PacketHeader () ns3::olsr::MessageHeader () ns3::WifiMacTrailer ()" />
<wpr uId="619" tId="5" fbRx="68.0994039" lbRx="0" />
<pr uId="620" fId="5" fbTx="68.221" meta-info="ns3::WifiMacHeader (DATA ToDS=0, FromDS=0, MoreFrag=0, Retry=0, MoreData=0 Duration/ID=0us, DA=ff:ff:ff:ff:ff:ff, SA=00:00:00:00:00:06, BSSID=00:00:00:00:00:06, FragNumber=0, SeqNumber=64) ns3::LlcSnapHeader (type 0x800) ns3::Ipv4Header (tos 0x0 DSCP Default ECN Not-ECT ttl 64 id 64 protocol 17 offset (bytes) 0 flags [none] length: 45 192.168.2.1 &gt; 192.168.2.255) ns3::UdpHeader (length: 25 269 &gt; 269) ns3::Epidemic::TypeHeader (BEACON) ns3::Epidemic::EpidemicHeader ( Packet ID: 1101480448 Hop count: 1000 TimeStamp: +0.0ns) ns3::WifiMacTrailer ()" />
<wpr uId="620" tId="0" fbRx="68.221" lbRx="0" />
<pr uId="621" fId="7" fbTx="68.242" meta-info="ns3::WifiMacHeader (DATA ToDS=0, FromDS=0, MoreFrag=0, Retry=0, MoreData=0 Duration/ID=0us, DA=ff:ff:ff:ff:ff:ff, SA=00:00:00:00:00:08, BSSID=00:00:00:00:00:08, FragNumber=0, SeqNumber=82) ns3::LlcSnapHeader (type 0x800) ns3::Ipv4Header (tos 0x0 DSCP Default ECN Not-ECT ttl 64 id 64 protocol 17 offset (bytes) 0 flags [none] length: 45 192.168.2.3 &gt; 192.168.2.255) ns3::UdpHeader (length: 25 269 &gt; 269) ns3::Epidemic::TypeHeader (BEACON) ns3::Epidemic::EpidemicHeader ( Packet ID: 1101480448 Hop count: 1000 TimeStamp: +0.0ns) ns3::WifiMacTrailer ()" />
<wpr uId="621" tId="2" fbRx="68.242" lbRx="0" />
<wpr uId="621" tId="1" fbRx="68.24200083" lbRx="0" />
<wpr uId="621" tId="3" fbRx="68.24200083" lbRx="0" />
<wpr uId="621" tId="6" fbRx="68.24200083" lbRx="0" />
<wpr uId="621" tId="8" fbRx="68.24200083" lbRx="0" />
<pr uId="622" fId="6" fbTx="68.293" meta-info="ns3::WifiMacHeader (DATA ToDS=0, FromDS=0, MoreFrag=0, Retry=0, MoreData=0 Duration/ID=0us, DA=ff:ff:ff:ff:ff:ff, SA=00:00:00:00:00:07, BSSID=00:00:00:00:00:07, FragNumber=0, SeqNumber=73) ns3::LlcSnapHeader (type 0x800) ns3::Ipv4Header (tos 0x0 DSCP Default ECN Not-ECT ttl 64 id 64 protocol 17 offset (bytes) 0 flags [none] length: 45 192.168.2.2 &gt; 192.168.2.255) ns3::UdpHeader (length: 25 269 &gt; 269) ns3::Epidemic::TypeHeader (BEACON) ns3::Epidemic::EpidemicHeader ( Packet ID: 1101480448 Hop count: 1000 TimeStamp: +0.0ns) ns3::WifiMacTrailer ()" />
<wpr uId="622" tId="1" fbRx="68.293" lbRx="0" />
<wpr uId="622" tId="2" fbRx="68.29300083" lbRx="0" />
<wpr uId="622" tId="7" fbRx="68.29300083" lbRx="0" />
<pr uId="623" fId="3" fbTx="68.29411619" meta-info="ns3::WifiMacHeader (DATA ToDS=0, FromDS=0, MoreFrag=0, Retry=0, MoreData=0 Duration/ID=0us, DA=ff:ff:ff:ff:ff:ff, SA=00:00:00:00:00:04, BSSID=00:00:00:00:00:04, FragNumber=0, SeqNumber=45) ns3::LlcSnapHeader (type 0x800) ns3::Ipv4Header (tos 0x0 DSCP Default ECN Not-ECT ttl 64 id 45 protocol 17 offset (bytes) 0 flags [none] length: 64 192.168.1.4 &gt; 192.168.1.255) ns3::UdpHeader (length: 44 698 &gt; 698) ns3::olsr::PacketHeader () ns3::olsr::MessageHeader () ns3::WifiMacTrailer ()" />
<wpr uId="623" tId="8" fbRx="68.29411619" lbRx="0" />
<wpr uId="623" tId="2" fbRx="68.29411702" lbRx="0" />
<wpr uId="623" tId="7" fbRx="68.29411702" lbRx="0" />
<pr uId="624" fId="4" fbTx="68.4273449" meta-info="ns3::WifiMacHeader (DATA ToDS=0, FromDS=0, MoreFrag=0, Retry=0, MoreData=0 Duration/ID=0us, DA=ff:ff:ff:ff:ff:ff, SA=00:00:00:00:00:05, BSSID=00:00:00:00:00:05, FragNumber=0, SeqNumber=34) ns3::LlcSnapHeader (type 0x800) ns3::Ipv4Header (tos 0x0 DSCP Default ECN Not-ECT ttl 64 id 34 protocol 17 offset (bytes) 0 flags [none] length: 56 192.168.1.5 &gt; 192.168.1.255) ns3::UdpHeader (length: 36 698 &gt; 698) ns3::olsr::PacketHeader () ns3::olsr::MessageHeader () ns3::WifiMacTrailer ()" />
<wpr uId="624" tId="9" fbRx="68.4273449" lbRx="0" />
<pr uId="625" fId="8" fbTx="68.477" meta-info="ns3::WifiMacHeader (DATA ToDS=0, FromDS=0, MoreFrag=0, Retry=0, MoreData=0 Duration/ID=0us, DA=ff:ff:ff:ff:ff:ff, SA=00:00:00:00:00:09, BSSID=00:00:00:00:00:09, FragNumber=0, SeqNumber=81) ns3::LlcSnapHeader (type 0x800) ns3::Ipv4Header (tos 0x0 DSCP Default ECN Not-ECT ttl 64 id 64 protocol 17 offset (bytes) 0 flags [none] length: 45 192.168.2.4 &gt; 192.168.2.255) ns3::UdpHeader (length: 25 269 &gt; 269) ns3::Epidemic::TypeHeader (BEACON) ns3::Epidemic::EpidemicHeader ( Packet ID: 1101480448 Hop count: 1000 TimeStamp: +0.0ns) ns3::WifiMacTrailer ()" />
<wpr uId="625" tId="3" fbRx="68.477" lbRx="0" />
<wpr uId="625" tId="2" fbRx="68.47700083" lbRx="0" />
<wpr uId="625" tId="7" fbRx="68.47700083" lbRx="0" />
<pr uId="626" fId="1" fbTx="68.4893374" meta-info="ns3::WifiMacHeader (DATA ToDS=0, FromDS=0, MoreFrag=0, Retry=0, MoreData=0 Duration/ID=0us, DA=ff:ff:ff:ff:ff:ff, SA=00:00:00:00:00:02, BSSID=00:00:00:00:00:02, FragNumber=0, SeqNumber=34) ns3::LlcSnapHeader (type 0x800) ns3::Ipv4Header (tos 0x0 DSCP Default ECN Not-ECT ttl 64 id 34 protocol 17 offset (bytes) 0 flags [none] length: 56 192.168.1.2 &gt; 192.168.1.255) ns3::UdpHeader (length: 36 698 &gt; 698) ns3::olsr::PacketHeader () ns3::olsr::MessageHeader () ns3::WifiMacTrailer ()" />
<wpr uId="626" tId="6" fbRx="68.4893374" lbRx="0" />
<wpr uId="626" tId="2" fbRx="68.48933823" lbRx="0" />
<wpr uId="626" tId="7" fbRx="68.48933823" lbRx="0" />
<pr uId="627" fId="9" fbTx="69.138" meta-info="ns3::WifiMacHeader (DATA ToDS=0, FromDS=0, MoreFrag=0, Retry=0, MoreData=0 Duration/ID=0us, DA=ff:ff:ff:ff:ff:ff, SA=00:00:00:00:00:0a, BSSID=00:00:00:00:00:0a, FragNumber=0, SeqNumber=73) ns3::LlcSnapHeader (type 0x800) ns3::Ipv4Header (tos 0x0 DSCP Default ECN Not-ECT ttl 64 id 65 protocol 17 offset (bytes) 0 flags [none] length: 45 192.168.2.5 &gt; 192.168.2.255) ns3::UdpHeader (length: 25 269 &gt; 269) ns3::Epidemic::TypeHeader (BEACON) ns3::Epidemic::EpidemicHeader ( Packet ID: 1101480448 Hop count: 1000 TimeStamp: +0.0ns) ns3::WifiMacTrailer ()" />
<wpr uId="627" tId="4" fbRx="69.138" lbRx="0" />
<pr uId="628" fId="5" fbTx="69.247" meta-info="ns3::WifiMacHeader (DATA ToDS=0, FromDS=0, MoreFrag=0, Retry=0, MoreData=0 Duration/ID=0us, DA=ff:ff:ff:ff:ff:ff, SA=00:00:00:00:00:06, BSSID=00:00:00:00:00:06, FragNumber=0, SeqNumber=65) ns3::LlcSnapHeader (type 0x800) ns3::Ipv4Header (tos 0x0 DSCP Default ECN Not-ECT ttl 64 id 65 protocol 17 offset (bytes) 0 flags [none] length: 45 192.168.2.1 &gt; 192.168.2.255) ns3::UdpHeader (length: 25 269 &gt; 269) ns3::Epidemic::TypeHeader (BEACON) ns3::Epidemic::EpidemicHeader ( Packet ID: 1101480448 Hop count: 1000 TimeStamp: +0.0ns) ns3::WifiMacTrailer ()" />
<wpr uId="628" tId="0" fbRx="69.247" lbRx="0" />
<pr uId="629" fId="7" fbTx="69.271" meta-info="ns3::WifiMacHeader (DATA ToDS=0, FromDS=0, MoreFrag=0, Retry=0, MoreData=0 Duration/ID=0us, DA=ff:ff:ff:ff:ff:ff, SA=00:00:00:00:00:08, BSSID=00:00:00:00:00:08, FragNumber=0, SeqNumber=83) ns3::LlcSnapHeader (type 0x800) ns3::Ipv4Header (tos 0x0 DSCP Default ECN Not-ECT ttl 64 id 65 protocol 17 offset (bytes) 0 flags [none] length: 45 192.168.2.3 &gt; 192.168.2.255) ns3::UdpHeader (length: 25 269 &gt; 269) ns3::Epidemic::TypeHeader (BEACON) ns3::Epidemic::EpidemicHeader ( Packet ID: 1101480448 Hop count: 1000 TimeStamp: +0.0ns) ns3::WifiMacTrailer ()" />
<wpr uId="629" tId="2" fbRx="69.271" lbRx="0" />
<wpr uId="629" tId="1" fbRx="69.27100083" lbRx="0" />
<wpr uId="629" tId="3" fbRx="69.27100083" lbRx="0" />
<wpr uId="629" tId="6" fbRx="69.27100083" lbRx="0" />
<wpr uId="629" tId="8" fbRx="69.27100083" lbRx="0" />
<pr uId="630" fId="6" fbTx="69.35" meta-info="ns3::WifiMacHeader (DATA ToDS=0, FromDS=0, MoreFrag=0, Retry=0, MoreData=0 Duration/ID=0us, DA=ff:ff:ff:ff:ff:ff, SA=00:00:00:00:00:07, BSSID=00:00:00:00:00:07, FragNumber=0, SeqNumber=74) ns3::LlcSnapHeader (type 0x800) ns3::Ipv4Header (tos 0x0 DSCP Default ECN Not-ECT ttl 64 id 65 protocol 17 offset (bytes) 0 flags [none] length: 45 192.168.2.2 &gt; 192.168.2.255) ns3::UdpHeader (length: 25 269 &gt; 269) ns3::Epidemic::TypeHeader (BEACON) ns3::Epidemic::EpidemicHeader ( Packet ID: 1101480448 Hop count: 1000 TimeStamp: +0.0ns) ns3::WifiMacTrailer ()" />
<wpr uId="630" tId="1" fbRx="69.35" lbRx="0" />
<wpr uId="630" tId="2" fbRx="69.35000083" lbRx="0" />
<wpr uId="630" tId="7" fbRx="69.35000083" lbRx="0" />
<pr uId="631" fId="8" fbTx="69.527" meta-info="ns3::WifiMacHeader (DATA ToDS=0, FromDS=0, MoreFrag=0, Retry=0, MoreData=0 Duration/ID=0us, DA=ff:ff:ff:ff:ff:ff, SA=00:00:00:00:00:09, BSSID=00:00:00:00:00:09, FragNumber=0, SeqNumber=82) ns3::LlcSnapHeader (type 0x800) ns3::Ipv4Header (tos 0x0 DSCP Default ECN Not-ECT ttl 64 id 65 protocol 17 offset (bytes) 0 flags [none] length: 45 192.168.2.4 &gt; 192.168.2.255) ns3::UdpHeader (length: 25 269 &gt; 269) ns3::Epidemic::TypeHeader (BEACON) ns3::Epidemic::EpidemicHeader ( Packet ID: 1101480448 Hop count: 1000 TimeStamp: +0.0ns) ns3::WifiMacTrailer ()" />
<wpr uId="631" tId="3" fbRx="69.527" lbRx="0" />
<wpr uId="631" tId="2" fbRx="69.52700083" lbRx="0" />
<wpr uId="631" tId="7" fbRx="69.52700083" lbRx="0" />
<nu p="p" t="70" id="5" x="-100" y="0" />
<nu p="p" t="70" id="0" x="-100" y="0" />
<pr uId="632" fId="3" fbTx="70.00590241" meta-info="ns3::WifiMacHeader (DATA ToDS=0, FromDS=0, MoreFrag=0, Retry=0, MoreData=0 Duration/ID=0us, DA=ff:ff:ff:ff:ff:ff, SA=00:00:00:00:00:04, BSSID=00:00:00:00:00:04, FragNumber=0, SeqNumber=46) ns3::LlcSnapHeader (type 0x800) ns3::Ipv4Header (tos 0x0 DSCP Default ECN Not-ECT ttl 64 id 46 protocol 17 offset (bytes) 0 flags [none] length: 84 192.168.1.4 &gt; 192.168.1.255) ns3::UdpHeader (length: 64 698 &gt; 698) ns3::olsr::PacketHeader () ns3::olsr::MessageHeader () ns3::olsr::MessageHeader () ns3::WifiMacTrailer ()" />
<wpr uId="632" tId="8" fbRx="70.00590241" lbRx="0" />
<wpr uId="632" tId="2" fbRx="70.00590325" lbRx="0" />
<wpr uId="632" tId="7" fbRx="70.00590325" lbRx="0" />
<pr uId="633" fId="2" fbTx="70.21981278" meta-info="ns3::WifiMacHeader (DATA ToDS=0, FromDS=0, MoreFrag=0, Retry=0, MoreData=0 Duration/ID=0us, DA=ff:ff:ff:ff:ff:ff, SA=00:00:00:00:00:03, BSSID=00:00:00:00:00:03, FragNumber=0, SeqNumber=48) ns3::LlcSnapHeader (type 0x800) ns3::Ipv4Header (tos 0x0 DSCP Default ECN Not-ECT ttl 64 id 48 protocol 17 offset (bytes) 0 flags [none] length: 108 192.168.1.3 &gt; 192.168.1.255) ns3::UdpHeader (length: 88 698 &gt; 698) ns3::olsr::PacketHeader () ns3::olsr::MessageHeader () ns3::olsr::MessageHeader () ns3::olsr::MessageHeader () ns3::WifiMacTrailer ()" />
<wpr uId="633" tId="7" fbRx="70.21981278" lbRx="0" />
<wpr uId="633" tId="1" fbRx="70.21981361" lbRx="0" />
<wpr uId="633" tId="3" fbRx="70.21981361" lbRx="0" />
<wpr uId="633" tId="6" fbRx="70.21981361" lbRx="0" />
<wpr uId="633" tId="8" fbRx="70.21981361" lbRx="0" />
<pr uId="634" fId="9" fbTx="70.231" meta-info="ns3::WifiMacHeader (DATA ToDS=0, FromDS=0, MoreFrag=0, Retry=0, MoreData=0 Duration/ID=0us, DA=ff:ff:ff:ff:ff:ff, SA=00:00:00:00:00:0a, BSSID=00:00:00:00:00:0a, FragNumber=0, SeqNumber=74) ns3::LlcSnapHeader (type 0x800) ns3::Ipv4Header (tos 0x0 DSCP Default ECN Not-ECT ttl 64 id 66 protocol 17 offset (bytes) 0 flags [none] length: 45 192.168.2.5 &gt; 192.168.2.255) ns3::UdpHeader (length: 25 269 &gt; 269) ns3::Epidemic::TypeHeader (BEACON) ns3::Epidemic::EpidemicHeader ( Packet ID: 1101480448 Hop count: 1000 TimeStamp: +0.0ns) ns3::WifiMacTrailer ()" />
<wpr uId="634" tId="4" fbRx="70.231" lbRx="0" />
<nu p="p" t="70.25" id="0" x="-50" y="0" />
<nu p="p" t="70.25" id="5" x="-50" y="0" />
<pr uId="635" fId="0" fbTx="70.27659734" meta-info="ns3::WifiMacHeader (DATA ToDS=0, FromDS=0, MoreFrag=0, Retry=0, MoreData=0 Duration/ID=0us, DA=ff:ff:ff:ff:ff:ff, SA=00:00:00:00:00:01, BSSID=00:00:00:00:00:01, FragNumber=0, SeqNumber=39) ns3::LlcSnapHeader (type 0x800) ns3::Ipv4Header (tos 0x0 DSCP Default ECN Not-ECT ttl 64 id 35 protocol 17 offset (bytes) 0 flags [none] length: 48 192.168.1.1 &gt; 192.168.1.255) ns3::UdpHeader (length: 28 698 &gt; 698) ns3::olsr::PacketHeader () ns3::olsr::MessageHeader () ns3::WifiMacTrailer ()" />
<wpr uId="635" tId="5" fbRx="70.27659734" lbRx="0" />
<pr uId="636" fId="4" fbTx="70.31225231" meta-info="ns3::WifiMacHeader (DATA ToDS=0, FromDS=0, MoreFrag=0, Retry=0, MoreData=0 Duration/ID=0us, DA=ff:ff:ff:ff:ff:ff, SA=00:00:00:00:00:05, BSSID=00:00:00:00:00:05, FragNumber=0, SeqNumber=35) ns3::LlcSnapHeader (type 0x800) ns3::Ipv4Header (tos 0x0 DSCP Default ECN Not-ECT ttl 64 id 35 protocol 17 offset (bytes) 0 flags [none] length: 56 192.168.1.5 &gt; 192.168.1.255) ns3::UdpHeader (length: 36 698 &gt; 698) ns3::olsr::PacketHeader () ns3::olsr::MessageHeader () ns3::WifiMacTrailer ()" />
<wpr uId="636" tId="9" fbRx="70.31225231" lbRx="0" />
<pr uId="637" fId="7" fbTx="70.317" meta-info="ns3::WifiMacHeader (DATA ToDS=0, FromDS=0, MoreFrag=0, Retry=0, MoreData=0 Duration/ID=0us, DA=ff:ff:ff:ff:ff:ff, SA=00:00:00:00:00:08, BSSID=00:00:00:00:00:08, FragNumber=0, SeqNumber=84) ns3::LlcSnapHeader (type 0x800) ns3::Ipv4Header (tos 0x0 DSCP Default ECN Not-ECT ttl 64 id 66 protocol 17 offset (bytes) 0 flags [none] length: 45 192.168.2.3 &gt; 192.168.2.255) ns3::UdpHeader (length: 25 269 &gt; 269) ns3::Epidemic::TypeHeader (BEACON) ns3::Epidemic::EpidemicHeader ( Packet ID: 1101480448 Hop count: 1000 TimeStamp: +0.0ns) ns3::WifiMacTrailer ()" />
<wpr uId="637" tId="2" fbRx="70.317" lbRx="0" />
<wpr uId="637" tId="1" fbRx="70.31700083" lbRx="0" />
<wpr uId="637" tId="3" fbRx="70.31700083" lbRx="0" />
<wpr uId="637" tId="6" fbRx="70.31700083" lbRx="0" />
<wpr uId="637" tId="8" fbRx="70.31700083" lbRx="0" />
<pr uId="638" fId="5" fbTx="70.324" meta-info="ns3::WifiMacHeader (DATA ToDS=0, FromDS=0, MoreFrag=0, Retry=0, MoreData=0 Duration/ID=0us, DA=ff:ff:ff:ff:ff:ff, SA=00:00:00:00:00:06, BSSID=00:00:00:00:00:06, FragNumber=0, SeqNumber=66) ns3::LlcSnapHeader (type 0x800) ns3::Ipv4Header (tos 0x0 DSCP Default ECN Not-ECT ttl 64 id 66 protocol 17 offset (bytes) 0 flags [none] length: 45 192.168.2.1 &gt; 192.168.2.255) ns3::UdpHeader (length: 25 269 &gt; 269) ns3::Epidemic::TypeHeader (BEACON) ns3::Epidemic::EpidemicHeader ( Packet ID: 1101480448 Hop count: 1000 TimeStamp: +0.0ns) ns3::WifiMacTrailer ()" />
<wpr uId="638" tId="0" fbRx="70.324" lbRx="0" />
<pr uId="639" fId="6" fbTx="70.39" meta-info="ns3::WifiMacHeader (DATA ToDS=0, FromDS=0, MoreFrag=0, Retry=0, MoreData=0 Duration/ID=0us, DA=ff:ff:ff:ff:ff:ff, SA=00:00:00:00:00:07, BSSID=00:00:00:00:00:07, FragNumber=0, SeqNumber=75) ns3::LlcSnapHeader (type 0x800) ns3::Ipv4Header (tos 0x0 DSCP Default ECN Not-ECT ttl 64 id 66 protocol 17 offset (bytes) 0 flags [none] length: 45 192.168.2.2 &gt; 192.168.2.255) ns3::UdpHeader (length: 25 269 &gt; 269) ns3::Epidemic::TypeHeader (BEACON) ns3::Epidemic::EpidemicHeader ( Packet ID: 1101480448 Hop count: 1000 TimeStamp: +0.0ns) ns3::WifiMacTrailer ()" />
<wpr uId="639" tId="1" fbRx="70.39" lbRx="0" />
<wpr uId="639" tId="2" fbRx="70.39000083" lbRx="0" />
<wpr uId="639" tId="7" fbRx="70.39000083" lbRx="0" />
<pr uId="640" fId="1" fbTx="70.40283131" meta-info="ns3::WifiMacHeader (DATA ToDS=0, FromDS=0, MoreFrag=0, Retry=0, MoreData=0 Duration/ID=0us, DA=ff:ff:ff:ff:ff:ff, SA=00:00:00:00:00:02, BSSID=00:00:00:00:00:02, FragNumber=0, SeqNumber=35) ns3::LlcSnapHeader (type 0x800) ns3::Ipv4Header (tos 0x0 DSCP Default ECN Not-ECT ttl 64 id 35 protocol 17 offset (bytes) 0 flags [none] length: 56 192.168.1.2 &gt; 192.168.1.255) ns3::UdpHeader (length: 36 698 &gt; 698) ns3::olsr::PacketHeader () ns3::olsr::MessageHeader () ns3::WifiMacTrailer ()" />
<wpr uId="640" tId="6" fbRx="70.40283131" lbRx="0" />
<wpr uId="640" tId="2" fbRx="70.40283214" lbRx="0" />
<wpr uId="640" tId="7" fbRx="70.40283214" lbRx="0" />
<nu p="p" t="70.5" id="5" x="0" y="0" />
<nu p="p" t="70.5" id="0" x="0" y="0" />
<pr uId="641" fId="8" fbTx="70.591" meta-info="ns3::WifiMacHeader (DATA ToDS=0, FromDS=0, MoreFrag=0, Retry=0, MoreData=0 Duration/ID=0us, DA=ff:ff:ff:ff:ff:ff, SA=00:00:00:00:00:09, BSSID=00:00:00:00:00:09, FragNumber=0, SeqNumber=83) ns3::LlcSnapHeader (type 0x800) ns3::Ipv4Header (tos 0x0 DSCP Default ECN Not-ECT ttl 64 id 66 protocol 17 offset (bytes) 0 flags [none] length: 45 192.168.2.4 &gt; 192.168.2.255) ns3::UdpHeader (length: 25 269 &gt; 269) ns3::Epidemic::TypeHeader (BEACON) ns3::Epidemic::EpidemicHeader ( Packet ID: 1101480448 Hop count: 1000 TimeStamp: +0.0ns) ns3::WifiMacTrailer ()" />
<wpr uId="641" tId="3" fbRx="70.591" lbRx="0" />
<wpr uId="641" tId="2" fbRx="70.59100083" lbRx="0" />
<wpr uId="641" tId="7" fbRx="70.59100083" lbRx="0" />
<pr uId="642" fId="3" fbTx="70.65756237" meta-info="ns3::WifiMacHeader (DATA ToDS=0, FromDS=0, MoreFrag=0, Retry=0, MoreData=0 Duration/ID=0us, DA=ff:ff:ff:ff:ff:ff, SA=00:00:00:00:00:04, BSSID=00:00:00:00:00:04, FragNumber=0, SeqNumber=47) ns3::LlcSnapHeader (type 0x800) ns3::Ipv4Header (tos 0x0 DSCP Default ECN Not-ECT ttl 64 id 47 protocol 17 offset (bytes) 0 flags [none] length: 56 192.168.1.4 &gt; 192.168.1.255) ns3::UdpHeader (length: 36 698 &gt; 698) ns3::olsr::PacketHeader () ns3::olsr::MessageHeader () ns3::WifiMacTrailer ()" />
<wpr uId="642" tId="8" fbRx="70.65756237" lbRx="0" />
<wpr uId="642" tId="2" fbRx="70.65756321" lbRx="0" />
<wpr uId="642" tId="7" fbRx="70.65756321" lbRx="0" />
<pr uId="643" fId="9" fbTx="71.291" meta-info="ns3::WifiMacHeader (DATA ToDS=0, FromDS=0, MoreFrag=0, Retry=0, MoreData=0 Duration/ID=0us, DA=ff:ff:ff:ff:ff:ff, SA=00:00:00:00:00:0a, BSSID=00:00:00:00:00:0a, FragNumber=0, SeqNumber=75) ns3::LlcSnapHeader (type 0x800) ns3::Ipv4Header (tos 0x0 DSCP Default ECN Not-ECT ttl 64 id 67 protocol 17 offset (bytes) 0 flags [none] length: 45 192.168.2.5 &gt; 192.168.2.255) ns3::UdpHeader (length: 25 269 &gt; 269) ns3::Epidemic::TypeHeader (BEACON) ns3::Epidemic::EpidemicHeader ( Packet ID: 1101480448 Hop count: 1000 TimeStamp: +0.0ns) ns3::WifiMacTrailer ()" />
<wpr uId="643" tId="4" fbRx="71.291" lbRx="0" />
<pr uId="644" fId="6" fbTx="71.395" meta-info="ns3::WifiMacHeader (DATA ToDS=0, FromDS=0, MoreFrag=0, Retry=0, MoreData=0 Duration/ID=0us, DA=ff:ff:ff:ff:ff:ff, SA=00:00:00:00:00:07, BSSID=00:00:00:00:00:07, FragNumber=0, SeqNumber=76) ns3::LlcSnapHeader (type 0x800) ns3::Ipv4Header (tos 0x0 DSCP Default ECN Not-ECT ttl 64 id 67 protocol 17 offset (bytes) 0 flags [none] length: 45 192.168.2.2 &gt; 192.168.2.255) ns3::UdpHeader (length: 25 269 &gt; 269) ns3::Epidemic::TypeHeader (BEACON) ns3::Epidemic::EpidemicHeader ( Packet ID: 1101480448 Hop count: 1000 TimeStamp: +0.0ns) ns3::WifiMacTrailer ()" />
<wpr uId="644" tId="1" fbRx="71.395" lbRx="0" />
<wpr uId="644" tId="0" fbRx="71.39500083" lbRx="0" />
<wpr uId="644" tId="2" fbRx="71.39500083" lbRx="0" />
<wpr uId="644" tId="5" fbRx="71.39500083" lbRx="0" />
<wpr uId="644" tId="7" fbRx="71.39500083" lbRx="0" />
<pr uId="645" fId="7" fbTx="71.396" meta-info="ns3::WifiMacHeader (DATA ToDS=0, FromDS=0, MoreFrag=0, Retry=0, MoreData=0 Duration/ID=0us, DA=ff:ff:ff:ff:ff:ff, SA=00:00:00:00:00:08, BSSID=00:00:00:00:00:08, FragNumber=0, SeqNumber=85) ns3::LlcSnapHeader (type 0x800) ns3::Ipv4Header (tos 0x0 DSCP Default ECN Not-ECT ttl 64 id 67 protocol 17 offset (bytes) 0 flags [none] length: 45 192.168.2.3 &gt; 192.168.2.255) ns3::UdpHeader (length: 25 269 &gt; 269) ns3::Epidemic::TypeHeader (BEACON) ns3::Epidemic::EpidemicHeader ( Packet ID: 1101480448 Hop count: 1000 TimeStamp: +0.0ns) ns3::WifiMacTrailer ()" />
<wpr uId="645" tId="2" fbRx="71.396" lbRx="0" />
<wpr uId="645" tId="1" fbRx="71.39600083" lbRx="0" />
<wpr uId="645" tId="3" fbRx="71.39600083" lbRx="0" />
<wpr uId="645" tId="6" fbRx="71.39600083" lbRx="0" />
<wpr uId="645" tId="8" fbRx="71.39600083" lbRx="0" />
<pr uId="646" fId="5" fbTx="71.40213283" meta-info="ns3::WifiMacHeader (DATA ToDS=0, FromDS=0, MoreFrag=0, Retry=0, MoreData=0 Duration/ID=0us, DA=ff:ff:ff:ff:ff:ff, SA=00:00:00:00:00:06, BSSID=00:00:00:00:00:06, FragNumber=0, SeqNumber=67) ns3::LlcSnapHeader (type 0x806) ns3::ArpHeader (request source mac: 00-06-00:00:00:00:00:06 source ipv4: 192.168.2.1 dest ipv4: 192.168.2.2) ns3::WifiMacTrailer ()" />
<wpr uId="646" tId="0" fbRx="71.40213283" lbRx="0" />
<wpr uId="646" tId="1" fbRx="71.40213367" lbRx="0" />
<wpr uId="646" tId="6" fbRx="71.40213367" lbRx="0" />
<pr uId="647" fId="6" fbTx="71.40237867" meta-info="ns3::WifiMacHeader (DATA ToDS=0, FromDS=0, MoreFrag=0, Retry=0, MoreData=0 Duration/ID=60us, DA=00:00:00:00:00:06, SA=00:00:00:00:00:07, BSSID=00:00:00:00:00:07, FragNumber=0, SeqNumber=77) ns3::LlcSnapHeader (type 0x806) ns3::ArpHeader (reply source mac: 00-06-00:00:00:00:00:07 source ipv4: 192.168.2.2 dest mac: 00-06-00:00:00:00:00:06 dest ipv4: 192.168.2.1) ns3::WifiMacTrailer ()" />
<wpr uId="647" tId="1" fbRx="71.40237867" lbRx="0" />
<wpr uId="647" tId="0" fbRx="71.4023795" lbRx="0" />
<wpr uId="647" tId="2" fbRx="71.4023795" lbRx="0" />
<wpr uId="647" tId="5" fbRx="71.4023795" lbRx="0" />
<wpr uId="647" tId="7" fbRx="71.4023795" lbRx="0" />
<pr uId="648" fId="5" fbTx="71.4025075" meta-info="ns3::WifiMacHeader (CTL_ACK Duration/ID=0us, RA=00:00:00:00:00:07) ns3::WifiMacTrailer ()" />
<wpr uId="648" tId="0" fbRx="71.4025075" lbRx="0" />
<wpr uId="648" tId="1" fbRx="71.40250833" lbRx="0" />
<wpr uId="648" tId="6" fbRx="71.40250833" lbRx="0" />
<pr uId="649" fId="5" fbTx="71.4026665" meta-info="ns3::WifiMacHeader (DATA ToDS=0, FromDS=0, MoreFrag=0, Retry=0, MoreData=0 Duration/ID=60us, DA=00:00:00:00:00:07, SA=00:00:00:00:00:06, BSSID=00:00:00:00:00:06, FragNumber=0, SeqNumber=68) ns3::LlcSnapHeader (type 0x800) ns3::Ipv4Header (tos 0x0 DSCP Default ECN Not-ECT ttl 64 id 0 protocol 17 offset (bytes) 0 flags [none] length: 41 192.168.2.1 &gt; 192.168.2.2) ns3::UdpHeader (length: 21 269 &gt; 269) ns3::Epidemic::TypeHeader (REPLY) ns3::Epidemic::SummaryVectorHeader ( Summary_vector header with size: 2
Global IDs:
NodeID:PacketID
0.0.2.1:28
0.0.2.186:698
) ns3::WifiMacTrailer ()" />
<wpr uId="649" tId="0" fbRx="71.4026665" lbRx="0" />
<wpr uId="649" tId="1" fbRx="71.40266733" lbRx="0" />
<wpr uId="649" tId="6" fbRx="71.40266733" lbRx="0" />
<pr uId="650" fId="6" fbTx="71.40281133" meta-info="ns3::WifiMacHeader (CTL_ACK Duration/ID=0us, RA=00:00:00:00:00:06) ns3::WifiMacTrailer ()" />
<wpr uId="650" tId="1" fbRx="71.40281133" lbRx="0" />
<wpr uId="650" tId="0" fbRx="71.40281217" lbRx="0" />
<wpr uId="650" tId="2" fbRx="71.40281217" lbRx="0" />
<wpr uId="650" tId="5" fbRx="71.40281217" lbRx="0" />
<wpr uId="650" tId="7" fbRx="71.40281217" lbRx="0" />
<pr uId="651" fId="6" fbTx="71.40779533" meta-info="ns3::WifiMacHeader (DATA ToDS=0, FromDS=0, MoreFrag=0, Retry=0, MoreData=0 Duration/ID=0us, DA=ff:ff:ff:ff:ff:ff, SA=00:00:00:00:00:07, BSSID=00:00:00:00:00:07, FragNumber=0, SeqNumber=78) ns3::LlcSnapHeader (type 0x806) ns3::ArpHeader (request source mac: 00-06-00:00:00:00:00:07 source ipv4: 192.168.2.2 dest ipv4: 192.168.2.1) ns3::WifiMacTrailer ()" />
<wpr uId="651" tId="1" fbRx="71.40779533" lbRx="0" />
<wpr uId="651" tId="0" fbRx="71.40779616" lbRx="0" />
<wpr uId="651" tId="2" fbRx="71.40779616" lbRx="0" />
<wpr uId="651" tId="5" fbRx="71.40779616" lbRx="0" />
<wpr uId="651" tId="7" fbRx="71.40779616" lbRx="0" />
<pr uId="652" fId="5" fbTx="71.40798716" meta-info="ns3::WifiMacHeader (DATA ToDS=0, FromDS=0, MoreFrag=0, Retry=0, MoreData=0 Duration/ID=60us, DA=00:00:00:00:00:07, SA=00:00:00:00:00:06, BSSID=00:00:00:00:00:06, FragNumber=0, SeqNumber=69) ns3::LlcSnapHeader (type 0x806) ns3::ArpHeader (reply source mac: 00-06-00:00:00:00:00:06 source ipv4: 192.168.2.1 dest mac: 00-06-00:00:00:00:00:07 dest ipv4: 192.168.2.2) ns3::WifiMacTrailer ()" />
<wpr uId="652" tId="0" fbRx="71.40798716" lbRx="0" />
<wpr uId="652" tId="1" fbRx="71.407988" lbRx="0" />
<wpr uId="652" tId="6" fbRx="71.407988" lbRx="0" />
<pr uId="653" fId="6" fbTx="71.408116" meta-info="ns3::WifiMacHeader (CTL_ACK Duration/ID=0us, RA=00:00:00:00:00:06) ns3::WifiMacTrailer ()" />
<wpr uId="653" tId="1" fbRx="71.408116" lbRx="0" />
<wpr uId="653" tId="0" fbRx="71.40811683" lbRx="0" />
<wpr uId="653" tId="2" fbRx="71.40811683" lbRx="0" />
<wpr uId="653" tId="5" fbRx="71.40811683" lbRx="0" />
<wpr uId="653" tId="7" fbRx="71.40811683" lbRx="0" />
<pr uId="654" fId="6" fbTx="71.408203" meta-info="ns3::WifiMacHeader (DATA ToDS=0, FromDS=0, MoreFrag=0, Retry=0, MoreData=0 Duration/ID=60us, DA=00:00:00:00:00:06, SA=00:00:00:00:00:07, BSSID=00:00:00:00:00:07, FragNumber=0, SeqNumber=79) ns3::LlcSnapHeader (type 0x800) ns3::Ipv4Header (tos 0x0 DSCP Default ECN Not-ECT ttl 64 id 0 protocol 17 offset (bytes) 0 flags [none] length: 37 192.168.2.2 &gt; 192.168.2.1) ns3::UdpHeader (length: 17 269 &gt; 269) ns3::Epidemic::TypeHeader (REPLY_BACK) ns3::Epidemic::SummaryVectorHeader ( Summary_vector header with size: 1
Global IDs:
NodeID:PacketID
0.0.2.186:698
) ns3::WifiMacTrailer ()" />
<wpr uId="654" tId="1" fbRx="71.408203" lbRx="0" />
<wpr uId="654" tId="0" fbRx="71.40820383" lbRx="0" />
<wpr uId="654" tId="2" fbRx="71.40820383" lbRx="0" />
<wpr uId="654" tId="5" fbRx="71.40820383" lbRx="0" />
<wpr uId="654" tId="7" fbRx="71.40820383" lbRx="0" />
<pr uId="655" fId="5" fbTx="71.40834383" meta-info="ns3::WifiMacHeader (CTL_ACK Duration/ID=0us, RA=00:00:00:00:00:07) ns3::WifiMacTrailer ()" />
<wpr uId="655" tId="0" fbRx="71.40834383" lbRx="0" />
<wpr uId="655" tId="1" fbRx="71.40834466" lbRx="0" />
<wpr uId="655" tId="6" fbRx="71.40834466" lbRx="0" />
<pr uId="656" fId="5" fbTx="71.40851183" meta-info="ns3::WifiMacHeader (DATA ToDS=0, FromDS=0, MoreFrag=0, Retry=0, MoreData=0 Duration/ID=0us, DA=ff:ff:ff:ff:ff:ff, SA=00:00:00:00:00:06, BSSID=00:00:00:00:00:06, FragNumber=0, SeqNumber=70) ns3::LlcSnapHeader (type 0x800) ns3::Ipv4Header (tos 0x0 DSCP Default ECN Not-ECT ttl 64 id 67 protocol 17 offset (bytes) 0 flags [none] length: 45 192.168.2.1 &gt; 192.168.2.255) ns3::UdpHeader (length: 25 269 &gt; 269) ns3::Epidemic::TypeHeader (BEACON) ns3::Epidemic::EpidemicHeader ( Packet ID: 1101480448 Hop count: 1000 TimeStamp: +0.0ns) ns3::WifiMacTrailer ()" />
<wpr uId="656" tId="0" fbRx="71.40851183" lbRx="0" />
<wpr uId="656" tId="1" fbRx="71.40851266" lbRx="0" />
<wpr uId="656" tId="6" fbRx="71.40851266" lbRx="0" />
<pr uId="657" fId="5" fbTx="71.40868683" meta-info="ns3::WifiMacHeader (DATA ToDS=0, FromDS=0, MoreFrag=0, Retry=0, MoreData=0 Duration/ID=60us, DA=00:00:00:00:00:07, SA=00:00:00:00:00:06, BSSID=00:00:00:00:00:06, FragNumber=0, SeqNumber=71) ns3::LlcSnapHeader (type 0x800) ns3::Ipv4Header (tos 0x0 DSCP Default ECN Not-ECT ttl 64 id 0 protocol 17 offset (bytes) 0 flags [none] length: 2092 192.168.2.1 &gt; 192.168.2.5) ns3::Epidemic::EpidemicHeader ( Packet ID: 33619996 Hop count: 1000 TimeStamp: +54000000000.0ns) ns3::UdpHeader (length: 2056 49153 &gt; 6) Payload (size=2048) ns3::WifiMacTrailer ()" />
<wpr uId="657" tId="0" fbRx="71.40868683" lbRx="0" />
<wpr uId="657" tId="1" fbRx="71.40868766" lbRx="0" />
<wpr uId="657" tId="6" fbRx="71.40868766" lbRx="0" />
<pr uId="658" fId="6" fbTx="71.41156766" meta-info="ns3::WifiMacHeader (CTL_ACK Duration/ID=0us, RA=00:00:00:00:00:06) ns3::WifiMacTrailer ()" />
<wpr uId="658" tId="1" fbRx="71.41156766" lbRx="0" />
<wpr uId="658" tId="0" fbRx="71.4115685" lbRx="0" />
<wpr uId="658" tId="2" fbRx="71.4115685" lbRx="0" />
<wpr uId="658" tId="5" fbRx="71.4115685" lbRx="0" />
<wpr uId="658" tId="7" fbRx="71.4115685" lbRx="0" />
<pr uId="659" fId="8" fbTx="71.656" meta-info="ns3::WifiMacHeader (DATA ToDS=0, FromDS=0, MoreFrag=0, Retry=0, MoreData=0 Duration/ID=0us, DA=ff:ff:ff:ff:ff:ff, SA=00:00:00:00:00:09, BSSID=00:00:00:00:00:09, FragNumber=0, SeqNumber=84) ns3::LlcSnapHeader (type 0x800) ns3::Ipv4Header (tos 0x0 DSCP Default ECN Not-ECT ttl 64 id 67 protocol 17 offset (bytes) 0 flags [none] length: 45 192.168.2.4 &gt; 192.168.2.255) ns3::UdpHeader (length: 25 269 &gt; 269) ns3::Epidemic::TypeHeader (BEACON) ns3::Epidemic::EpidemicHeader ( Packet ID: 1101480448 Hop count: 1000 TimeStamp: +0.0ns) ns3::WifiMacTrailer ()" />
<wpr uId="659" tId="3" fbRx="71.656" lbRx="0" />
<wpr uId="659" tId="2" fbRx="71.65600083" lbRx="0" />
<wpr uId="659" tId="7" fbRx="71.65600083" lbRx="0" />
<pr uId="660" fId="2" fbTx="72.03792775" meta-info="ns3::WifiMacHeader (DATA ToDS=0, FromDS=0, MoreFrag=0, Retry=0, MoreData=0 Duration/ID=0us, DA=ff:ff:ff:ff:ff:ff, SA=00:00:00:00:00:03, BSSID=00:00:00:00:00:03, FragNumber=0, SeqNumber=49) ns3::LlcSnapHeader (type 0x800) ns3::Ipv4Header (tos 0x0 DSCP Default ECN Not-ECT ttl 64 id 49 protocol 17 offset (bytes) 0 flags [none] length: 64 192.168.1.3 &gt; 192.168.1.255) ns3::UdpHeader (length: 44 698 &gt; 698) ns3::olsr::PacketHeader () ns3::olsr::MessageHeader () ns3::WifiMacTrailer ()" />
<wpr uId="660" tId="7" fbRx="72.03792775" lbRx="0" />
<wpr uId="660" tId="1" fbRx="72.03792858" lbRx="0" />
<wpr uId="660" tId="3" fbRx="72.03792858" lbRx="0" />
<wpr uId="660" tId="6" fbRx="72.03792858" lbRx="0" />
<wpr uId="660" tId="8" fbRx="72.03792858" lbRx="0" />
<pr uId="661" fId="1" fbTx="72.10788968" meta-info="ns3::WifiMacHeader (DATA ToDS=0, FromDS=0, MoreFrag=0, Retry=0, MoreData=0 Duration/ID=0us, DA=ff:ff:ff:ff:ff:ff, SA=00:00:00:00:00:02, BSSID=00:00:00:00:00:02, FragNumber=0, SeqNumber=36) ns3::LlcSnapHeader (type 0x800) ns3::Ipv4Header (tos 0x0 DSCP Default ECN Not-ECT ttl 64 id 36 protocol 17 offset (bytes) 0 flags [none] length: 56 192.168.1.2 &gt; 192.168.1.255) ns3::UdpHeader (length: 36 698 &gt; 698) ns3::olsr::PacketHeader () ns3::olsr::MessageHeader () ns3::WifiMacTrailer ()" />
<wpr uId="661" tId="6" fbRx="72.10788968" lbRx="0" />
<wpr uId="661" tId="0" fbRx="72.10789051" lbRx="0" />
<wpr uId="661" tId="2" fbRx="72.10789051" lbRx="0" />
<wpr uId="661" tId="5" fbRx="72.10789051" lbRx="0" />
<wpr uId="661" tId="7" fbRx="72.10789051" lbRx="0" />
<pr uId="662" fId="0" fbTx="72.17793644" meta-info="ns3::WifiMacHeader (DATA ToDS=0, FromDS=0, MoreFrag=0, Retry=0, MoreData=0 Duration/ID=0us, DA=ff:ff:ff:ff:ff:ff, SA=00:00:00:00:00:01, BSSID=00:00:00:00:00:01, FragNumber=0, SeqNumber=40) ns3::LlcSnapHeader (type 0x800) ns3::Ipv4Header (tos 0x0 DSCP Default ECN Not-ECT ttl 64 id 36 protocol 17 offset (bytes) 0 flags [none] length: 48 192.168.1.1 &gt; 192.168.1.255) ns3::UdpHeader (length: 28 698 &gt; 698) ns3::olsr::PacketHeader () ns3::olsr::MessageHeader () ns3::WifiMacTrailer ()" />
<wpr uId="662" tId="5" fbRx="72.17793644" lbRx="0" />
<wpr uId="662" tId="1" fbRx="72.17793727" lbRx="0" />
<wpr uId="662" tId="6" fbRx="72.17793727" lbRx="0" />
<pr uId="663" fId="4" fbTx="72.21669206" meta-info="ns3::WifiMacHeader (DATA ToDS=0, FromDS=0, MoreFrag=0, Retry=0, MoreData=0 Duration/ID=0us, DA=ff:ff:ff:ff:ff:ff, SA=00:00:00:00:00:05, BSSID=00:00:00:00:00:05, FragNumber=0, SeqNumber=36) ns3::LlcSnapHeader (type 0x800) ns3::Ipv4Header (tos 0x0 DSCP Default ECN Not-ECT ttl 64 id 36 protocol 17 offset (bytes) 0 flags [none] length: 48 192.168.1.5 &gt; 192.168.1.255) ns3::UdpHeader (length: 28 698 &gt; 698) ns3::olsr::PacketHeader () ns3::olsr::MessageHeader () ns3::WifiMacTrailer ()" />
<wpr uId="663" tId="9" fbRx="72.21669206" lbRx="0" />
<pr uId="664" fId="3" fbTx="72.30340245" meta-info="ns3::WifiMacHeader (DATA ToDS=0, FromDS=0, MoreFrag=0, Retry=0, MoreData=0 Duration/ID=0us, DA=ff:ff:ff:ff:ff:ff, SA=00:00:00:00:00:04, BSSID=00:00:00:00:00:04, FragNumber=0, SeqNumber=48) ns3::LlcSnapHeader (type 0x800) ns3::Ipv4Header (tos 0x0 DSCP Default ECN Not-ECT ttl 64 id 48 protocol 17 offset (bytes) 0 flags [none] length: 56 192.168.1.4 &gt; 192.168.1.255) ns3::UdpHeader (length: 36 698 &gt; 698) ns3::olsr::PacketHeader () ns3::olsr::MessageHeader () ns3::WifiMacTrailer ()" />
<wpr uId="664" tId="8" fbRx="72.30340245" lbRx="0" />
<wpr uId="664" tId="2" fbRx="72.30340329" lbRx="0" />
<wpr uId="664" tId="7" fbRx="72.30340329" lbRx="0" />
<pr uId="665" fId="9" fbTx="72.332" meta-info="ns3::WifiMacHeader (DATA ToDS=0, FromDS=0, MoreFrag=0, Retry=0, MoreData=0 Duration/ID=0us, DA=ff:ff:ff:ff:ff:ff, SA=00:00:00:00:00:0a, BSSID=00:00:00:00:00:0a, FragNumber=0, SeqNumber=76) ns3::LlcSnapHeader (type 0x800) ns3::Ipv4Header (tos 0x0 DSCP Default ECN Not-ECT ttl 64 id 68 protocol 17 offset (bytes) 0 flags [none] length: 45 192.168.2.5 &gt; 192.168.2.255) ns3::UdpHeader (length: 25 269 &gt; 269) ns3::Epidemic::TypeHeader (BEACON) ns3::Epidemic::EpidemicHeader ( Packet ID: 1101480448 Hop count: 1000 TimeStamp: +0.0ns) ns3::WifiMacTrailer ()" />
<wpr uId="665" tId="4" fbRx="72.332" lbRx="0" />
<pr uId="666" fId="7" fbTx="72.435" meta-info="ns3::WifiMacHeader (DATA ToDS=0, FromDS=0, MoreFrag=0, Retry=0, MoreData=0 Duration/ID=0us, DA=ff:ff:ff:ff:ff:ff, SA=00:00:00:00:00:08, BSSID=00:00:00:00:00:08, FragNumber=0, SeqNumber=86) ns3::LlcSnapHeader (type 0x800) ns3::Ipv4Header (tos 0x0 DSCP Default ECN Not-ECT ttl 64 id 68 protocol 17 offset (bytes) 0 flags [none] length: 45 192.168.2.3 &gt; 192.168.2.255) ns3::UdpHeader (length: 25 269 &gt; 269) ns3::Epidemic::TypeHeader (BEACON) ns3::Epidemic::EpidemicHeader ( Packet ID: 1101480448 Hop count: 1000 TimeStamp: +0.0ns) ns3::WifiMacTrailer ()" />
<wpr uId="666" tId="2" fbRx="72.435" lbRx="0" />
<wpr uId="666" tId="1" fbRx="72.43500083" lbRx="0" />
<wpr uId="666" tId="3" fbRx="72.43500083" lbRx="0" />
<wpr uId="666" tId="6" fbRx="72.43500083" lbRx="0" />
<wpr uId="666" tId="8" fbRx="72.43500083" lbRx="0" />
<pr uId="667" fId="5" fbTx="72.455" meta-info="ns3::WifiMacHeader (DATA ToDS=0, FromDS=0, MoreFrag=0, Retry=0, MoreData=0 Duration/ID=0us, DA=ff:ff:ff:ff:ff:ff, SA=00:00:00:00:00:06, BSSID=00:00:00:00:00:06, FragNumber=0, SeqNumber=72) ns3::LlcSnapHeader (type 0x800) ns3::Ipv4Header (tos 0x0 DSCP Default ECN Not-ECT ttl 64 id 68 protocol 17 offset (bytes) 0 flags [none] length: 45 192.168.2.1 &gt; 192.168.2.255) ns3::UdpHeader (length: 25 269 &gt; 269) ns3::Epidemic::TypeHeader (BEACON) ns3::Epidemic::EpidemicHeader ( Packet ID: 1101480448 Hop count: 1000 TimeStamp: +0.0ns) ns3::WifiMacTrailer ()" />
<wpr uId="667" tId="0" fbRx="72.455" lbRx="0" />
<wpr uId="667" tId="1" fbRx="72.45500083" lbRx="0" />
<wpr uId="667" tId="6" fbRx="72.45500083" lbRx="0" />
<pr uId="668" fId="6" fbTx="72.463" meta-info="ns3::WifiMacHeader (DATA ToDS=0, FromDS=0, MoreFrag=0, Retry=0, MoreData=0 Duration/ID=0us, DA=ff:ff:ff:ff:ff:ff, SA=00:00:00:00:00:07, BSSID=00:00:00:00:00:07, FragNumber=0, SeqNumber=80) ns3::LlcSnapHeader (type 0x800) ns3::Ipv4Header (tos 0x0 DSCP Default ECN Not-ECT ttl 64 id 68 protocol 17 offset (bytes) 0 flags [none] length: 45 192.168.2.2 &gt; 192.168.2.255) ns3::UdpHeader (length: 25 269 &gt; 269) ns3::Epidemic::TypeHeader (BEACON) ns3::Epidemic::EpidemicHeader ( Packet ID: 1101480448 Hop count: 1000 TimeStamp: +0.0ns) ns3::WifiMacTrailer ()" />
<wpr uId="668" tId="1" fbRx="72.463" lbRx="0" />
<wpr uId="668" tId="0" fbRx="72.46300083" lbRx="0" />
<wpr uId="668" tId="2" fbRx="72.46300083" lbRx="0" />
<wpr uId="668" tId="5" fbRx="72.46300083" lbRx="0" />
<wpr uId="668" tId="7" fbRx="72.46300083" lbRx="0" />
<pr uId="669" fId="8" fbTx="72.676" meta-info="ns3::WifiMacHeader (DATA ToDS=0, FromDS=0, MoreFrag=0, Retry=0, MoreData=0 Duration/ID=0us, DA=ff:ff:ff:ff:ff:ff, SA=00:00:00:00:00:09, BSSID=00:00:00:00:00:09, FragNumber=0, SeqNumber=85) ns3::LlcSnapHeader (type 0x800) ns3::Ipv4Header (tos 0x0 DSCP Default ECN Not-ECT ttl 64 id 68 protocol 17 offset (bytes) 0 flags [none] length: 45 192.168.2.4 &gt; 192.168.2.255) ns3::UdpHeader (length: 25 269 &gt; 269) ns3::Epidemic::TypeHeader (BEACON) ns3::Epidemic::EpidemicHeader ( Packet ID: 1101480448 Hop count: 1000 TimeStamp: +0.0ns) ns3::WifiMacTrailer ()" />
<wpr uId="669" tId="3" fbRx="72.676" lbRx="0" />
<wpr uId="669" tId="2" fbRx="72.67600083" lbRx="0" />
<wpr uId="669" tId="7" fbRx="72.67600083" lbRx="0" />
<pr uId="670" fId="9" fbTx="73.34" meta-info="ns3::WifiMacHeader (DATA ToDS=0, FromDS=0, MoreFrag=0, Retry=0, MoreData=0 Duration/ID=0us, DA=ff:ff:ff:ff:ff:ff, SA=00:00:00:00:00:0a, BSSID=00:00:00:00:00:0a, FragNumber=0, SeqNumber=77) ns3::LlcSnapHeader (type 0x800) ns3::Ipv4Header (tos 0x0 DSCP Default ECN Not-ECT ttl 64 id 69 protocol 17 offset (bytes) 0 flags [none] length: 45 192.168.2.5 &gt; 192.168.2.255) ns3::UdpHeader (length: 25 269 &gt; 269) ns3::Epidemic::TypeHeader (BEACON) ns3::Epidemic::EpidemicHeader ( Packet ID: 1101480448 Hop count: 1000 TimeStamp: +0.0ns) ns3::WifiMacTrailer ()" />
<wpr uId="670" tId="4" fbRx="73.34" lbRx="0" />
<pr uId="671" fId="6" fbTx="73.476" meta-info="ns3::WifiMacHeader (DATA ToDS=0, FromDS=0, MoreFrag=0, Retry=0, MoreData=0 Duration/ID=0us, DA=ff:ff:ff:ff:ff:ff, SA=00:00:00:00:00:07, BSSID=00:00:00:00:00:07, FragNumber=0, SeqNumber=81) ns3::LlcSnapHeader (type 0x800) ns3::Ipv4Header (tos 0x0 DSCP Default ECN Not-ECT ttl 64 id 69 protocol 17 offset (bytes) 0 flags [none] length: 45 192.168.2.2 &gt; 192.168.2.255) ns3::UdpHeader (length: 25 269 &gt; 269) ns3::Epidemic::TypeHeader (BEACON) ns3::Epidemic::EpidemicHeader ( Packet ID: 1101480448 Hop count: 1000 TimeStamp: +0.0ns) ns3::WifiMacTrailer ()" />
<wpr uId="671" tId="1" fbRx="73.476" lbRx="0" />
<wpr uId="671" tId="0" fbRx="73.47600083" lbRx="0" />
<wpr uId="671" tId="2" fbRx="73.47600083" lbRx="0" />
<wpr uId="671" tId="5" fbRx="73.47600083" lbRx="0" />
<wpr uId="671" tId="7" fbRx="73.47600083" lbRx="0" />
<pr uId="672" fId="7" fbTx="73.509" meta-info="ns3::WifiMacHeader (DATA ToDS=0, FromDS=0, MoreFrag=0, Retry=0, MoreData=0 Duration/ID=0us, DA=ff:ff:ff:ff:ff:ff, SA=00:00:00:00:00:08, BSSID=00:00:00:00:00:08, FragNumber=0, SeqNumber=87) ns3::LlcSnapHeader (type 0x800) ns3::Ipv4Header (tos 0x0 DSCP Default ECN Not-ECT ttl 64 id 69 protocol 17 offset (bytes) 0 flags [none] length: 45 192.168.2.3 &gt; 192.168.2.255) ns3::UdpHeader (length: 25 269 &gt; 269) ns3::Epidemic::TypeHeader (BEACON) ns3::Epidemic::EpidemicHeader ( Packet ID: 1101480448 Hop count: 1000 TimeStamp: +0.0ns) ns3::WifiMacTrailer ()" />
<wpr uId="672" tId="2" fbRx="73.509" lbRx="0" />
<wpr uId="672" tId="1" fbRx="73.50900083" lbRx="0" />
<wpr uId="672" tId="3" fbRx="73.50900083" lbRx="0" />
<wpr uId="672" tId="6" fbRx="73.50900083" lbRx="0" />
<wpr uId="672" tId="8" fbRx="73.50900083" lbRx="0" />
<pr uId="673" fId="5" fbTx="73.529" meta-info="ns3::WifiMacHeader (DATA ToDS=0, FromDS=0, MoreFrag=0, Retry=0, MoreData=0 Duration/ID=0us, DA=ff:ff:ff:ff:ff:ff, SA=00:00:00:00:00:06, BSSID=00:00:00:00:00:06, FragNumber=0, SeqNumber=73) ns3::LlcSnapHeader (type 0x800) ns3::Ipv4Header (tos 0x0 DSCP Default ECN Not-ECT ttl 64 id 69 protocol 17 offset (bytes) 0 flags [none] length: 45 192.168.2.1 &gt; 192.168.2.255) ns3::UdpHeader (length: 25 269 &gt; 269) ns3::Epidemic::TypeHeader (BEACON) ns3::Epidemic::EpidemicHeader ( Packet ID: 1101480448 Hop count: 1000 TimeStamp: +0.0ns) ns3::WifiMacTrailer ()" />
<wpr uId="673" tId="0" fbRx="73.529" lbRx="0" />
<wpr uId="673" tId="1" fbRx="73.52900083" lbRx="0" />
<wpr uId="673" tId="6" fbRx="73.52900083" lbRx="0" />
<pr uId="674" fId="8" fbTx="73.733" meta-info="ns3::WifiMacHeader (DATA ToDS=0, FromDS=0, MoreFrag=0, Retry=0, MoreData=0 Duration/ID=0us, DA=ff:ff:ff:ff:ff:ff, SA=00:00:00:00:00:09, BSSID=00:00:00:00:00:09, FragNumber=0, SeqNumber=86) ns3::LlcSnapHeader (type 0x800) ns3::Ipv4Header (tos 0x0 DSCP Default ECN Not-ECT ttl 64 id 69 protocol 17 offset (bytes) 0 flags [none] length: 45 192.168.2.4 &gt; 192.168.2.255) ns3::UdpHeader (length: 25 269 &gt; 269) ns3::Epidemic::TypeHeader (BEACON) ns3::Epidemic::EpidemicHeader ( Packet ID: 1101480448 Hop count: 1000 TimeStamp: +0.0ns) ns3::WifiMacTrailer ()" />
<wpr uId="674" tId="3" fbRx="73.733" lbRx="0" />
<wpr uId="674" tId="2" fbRx="73.73300083" lbRx="0" />
<wpr uId="674" tId="7" fbRx="73.73300083" lbRx="0" />
<pr uId="675" fId="0" fbTx="74.06486615" meta-info="ns3::WifiMacHeader (DATA ToDS=0, FromDS=0, MoreFrag=0, Retry=0, MoreData=0 Duration/ID=0us, DA=ff:ff:ff:ff:ff:ff, SA=00:00:00:00:00:01, BSSID=00:00:00:00:00:01, FragNumber=0, SeqNumber=41) ns3::LlcSnapHeader (type 0x800) ns3::Ipv4Header (tos 0x0 DSCP Default ECN Not-ECT ttl 64 id 37 protocol 17 offset (bytes) 0 flags [none] length: 56 192.168.1.1 &gt; 192.168.1.255) ns3::UdpHeader (length: 36 698 &gt; 698) ns3::olsr::PacketHeader () ns3::olsr::MessageHeader () ns3::WifiMacTrailer ()" />
<wpr uId="675" tId="5" fbRx="74.06486615" lbRx="0" />
<wpr uId="675" tId="1" fbRx="74.06486698" lbRx="0" />
<wpr uId="675" tId="6" fbRx="74.06486698" lbRx="0" />
<pr uId="676" fId="2" fbTx="74.27499799" meta-info="ns3::WifiMacHeader (DATA ToDS=0, FromDS=0, MoreFrag=0, Retry=0, MoreData=0 Duration/ID=0us, DA=ff:ff:ff:ff:ff:ff, SA=00:00:00:00:00:03, BSSID=00:00:00:00:00:03, FragNumber=0, SeqNumber=50) ns3::LlcSnapHeader (type 0x800) ns3::Ipv4Header (tos 0x0 DSCP Default ECN Not-ECT ttl 64 id 50 protocol 17 offset (bytes) 0 flags [none] length: 64 192.168.1.3 &gt; 192.168.1.255) ns3::UdpHeader (length: 44 698 &gt; 698) ns3::olsr::PacketHeader () ns3::olsr::MessageHeader () ns3::WifiMacTrailer ()" />
<wpr uId="676" tId="7" fbRx="74.27499799" lbRx="0" />
<wpr uId="676" tId="1" fbRx="74.27499883" lbRx="0" />
<wpr uId="676" tId="3" fbRx="74.27499883" lbRx="0" />
<wpr uId="676" tId="6" fbRx="74.27499883" lbRx="0" />
<wpr uId="676" tId="8" fbRx="74.27499883" lbRx="0" />
<pr uId="677" fId="3" fbTx="74.2752998" meta-info="ns3::WifiMacHeader (DATA ToDS=0, FromDS=0, MoreFrag=0, Retry=0, MoreData=0 Duration/ID=0us, DA=ff:ff:ff:ff:ff:ff, SA=00:00:00:00:00:04, BSSID=00:00:00:00:00:04, FragNumber=0, SeqNumber=49) ns3::LlcSnapHeader (type 0x800) ns3::Ipv4Header (tos 0x0 DSCP Default ECN Not-ECT ttl 64 id 49 protocol 17 offset (bytes) 0 flags [none] length: 56 192.168.1.4 &gt; 192.168.1.255) ns3::UdpHeader (length: 36 698 &gt; 698) ns3::olsr::PacketHeader () ns3::olsr::MessageHeader () ns3::WifiMacTrailer ()" />
<wpr uId="677" tId="8" fbRx="74.2752998" lbRx="0" />
<wpr uId="677" tId="2" fbRx="74.27530063" lbRx="0" />
<wpr uId="677" tId="7" fbRx="74.27530063" lbRx="0" />
<pr uId="678" fId="4" fbTx="74.31481307" meta-info="ns3::WifiMacHeader (DATA ToDS=0, FromDS=0, MoreFrag=0, Retry=0, MoreData=0 Duration/ID=0us, DA=ff:ff:ff:ff:ff:ff, SA=00:00:00:00:00:05, BSSID=00:00:00:00:00:05, FragNumber=0, SeqNumber=37) ns3::LlcSnapHeader (type 0x800) ns3::Ipv4Header (tos 0x0 DSCP Default ECN Not-ECT ttl 64 id 37 protocol 17 offset (bytes) 0 flags [none] length: 48 192.168.1.5 &gt; 192.168.1.255) ns3::UdpHeader (length: 28 698 &gt; 698) ns3::olsr::PacketHeader () ns3::olsr::MessageHeader () ns3::WifiMacTrailer ()" />
<wpr uId="678" tId="9" fbRx="74.31481307" lbRx="0" />
<pr uId="679" fId="1" fbTx="74.35891345" meta-info="ns3::WifiMacHeader (DATA ToDS=0, FromDS=0, MoreFrag=0, Retry=0, MoreData=0 Duration/ID=0us, DA=ff:ff:ff:ff:ff:ff, SA=00:00:00:00:00:02, BSSID=00:00:00:00:00:02, FragNumber=0, SeqNumber=37) ns3::LlcSnapHeader (type 0x800) ns3::Ipv4Header (tos 0x0 DSCP Default ECN Not-ECT ttl 64 id 37 protocol 17 offset (bytes) 0 flags [none] length: 64 192.168.1.2 &gt; 192.168.1.255) ns3::UdpHeader (length: 44 698 &gt; 698) ns3::olsr::PacketHeader () ns3::olsr::MessageHeader () ns3::WifiMacTrailer ()" />
<wpr uId="679" tId="6" fbRx="74.35891345" lbRx="0" />
<wpr uId="679" tId="0" fbRx="74.35891429" lbRx="0" />
<wpr uId="679" tId="2" fbRx="74.35891429" lbRx="0" />
<wpr uId="679" tId="5" fbRx="74.35891429" lbRx="0" />
<wpr uId="679" tId="7" fbRx="74.35891429" lbRx="0" />
<pr uId="680" fId="9" fbTx="74.361" meta-info="ns3::WifiMacHeader (DATA ToDS=0, FromDS=0, MoreFrag=0, Retry=0, MoreData=0 Duration/ID=0us, DA=ff:ff:ff:ff:ff:ff, SA=00:00:00:00:00:0a, BSSID=00:00:00:00:00:0a, FragNumber=0, SeqNumber=78) ns3::LlcSnapHeader (type 0x800) ns3::Ipv4Header (tos 0x0 DSCP Default ECN Not-ECT ttl 64 id 70 protocol 17 offset (bytes) 0 flags [none] length: 45 192.168.2.5 &gt; 192.168.2.255) ns3::UdpHeader (length: 25 269 &gt; 269) ns3::Epidemic::TypeHeader (BEACON) ns3::Epidemic::EpidemicHeader ( Packet ID: 1101480448 Hop count: 1000 TimeStamp: +0.0ns) ns3::WifiMacTrailer ()" />
<wpr uId="680" tId="4" fbRx="74.361" lbRx="0" />
<pr uId="681" fId="6" fbTx="74.556" meta-info="ns3::WifiMacHeader (DATA ToDS=0, FromDS=0, MoreFrag=0, Retry=0, MoreData=0 Duration/ID=0us, DA=ff:ff:ff:ff:ff:ff, SA=00:00:00:00:00:07, BSSID=00:00:00:00:00:07, FragNumber=0, SeqNumber=82) ns3::LlcSnapHeader (type 0x800) ns3::Ipv4Header (tos 0x0 DSCP Default ECN Not-ECT ttl 64 id 70 protocol 17 offset (bytes) 0 flags [none] length: 45 192.168.2.2 &gt; 192.168.2.255) ns3::UdpHeader (length: 25 269 &gt; 269) ns3::Epidemic::TypeHeader (BEACON) ns3::Epidemic::EpidemicHeader ( Packet ID: 1101480448 Hop count: 1000 TimeStamp: +0.0ns) ns3::WifiMacTrailer ()" />
<wpr uId="681" tId="1" fbRx="74.556" lbRx="0" />
<wpr uId="681" tId="0" fbRx="74.55600083" lbRx="0" />
<wpr uId="681" tId="2" fbRx="74.55600083" lbRx="0" />
<wpr uId="681" tId="5" fbRx="74.55600083" lbRx="0" />
<wpr uId="681" tId="7" fbRx="74.55600083" lbRx="0" />
<pr uId="682" fId="5" fbTx="74.573" meta-info="ns3::WifiMacHeader (DATA ToDS=0, FromDS=0, MoreFrag=0, Retry=0, MoreData=0 Duration/ID=0us, DA=ff:ff:ff:ff:ff:ff, SA=00:00:00:00:00:06, BSSID=00:00:00:00:00:06, FragNumber=0, SeqNumber=74) ns3::LlcSnapHeader (type 0x800) ns3::Ipv4Header (tos 0x0 DSCP Default ECN Not-ECT ttl 64 id 70 protocol 17 offset (bytes) 0 flags [none] length: 45 192.168.2.1 &gt; 192.168.2.255) ns3::UdpHeader (length: 25 269 &gt; 269) ns3::Epidemic::TypeHeader (BEACON) ns3::Epidemic::EpidemicHeader ( Packet ID: 1101480448 Hop count: 1000 TimeStamp: +0.0ns) ns3::WifiMacTrailer ()" />
<wpr uId="682" tId="0" fbRx="74.573" lbRx="0" />
<wpr uId="682" tId="1" fbRx="74.57300083" lbRx="0" />
<wpr uId="682" tId="6" fbRx="74.57300083" lbRx="0" />
<pr uId="683" fId="7" fbTx="74.608" meta-info="ns3::WifiMacHeader (DATA ToDS=0, FromDS=0, MoreFrag=0, Retry=0, MoreData=0 Duration/ID=0us, DA=ff:ff:ff:ff:ff:ff, SA=00:00:00:00:00:08, BSSID=00:00:00:00:00:08, FragNumber=0, SeqNumber=88) ns3::LlcSnapHeader (type 0x800) ns3::Ipv4Header (tos 0x0 DSCP Default ECN Not-ECT ttl 64 id 70 protocol 17 offset (bytes) 0 flags [none] length: 45 192.168.2.3 &gt; 192.168.2.255) ns3::UdpHeader (length: 25 269 &gt; 269) ns3::Epidemic::TypeHeader (BEACON) ns3::Epidemic::EpidemicHeader ( Packet ID: 1101480448 Hop count: 1000 TimeStamp: +0.0ns) ns3::WifiMacTrailer ()" />
<wpr uId="683" tId="2" fbRx="74.608" lbRx="0" />
<wpr uId="683" tId="1" fbRx="74.60800083" lbRx="0" />
<wpr uId="683" tId="3" fbRx="74.60800083" lbRx="0" />
<wpr uId="683" tId="6" fbRx="74.60800083" lbRx="0" />
<wpr uId="683" tId="8" fbRx="74.60800083" lbRx="0" />
<pr uId="684" fId="6" fbTx="74.60821183" meta-info="ns3::WifiMacHeader (DATA ToDS=0, FromDS=0, MoreFrag=0, Retry=0, MoreData=0 Duration/ID=60us, DA=00:00:00:00:00:08, SA=00:00:00:00:00:07, BSSID=00:00:00:00:00:07, FragNumber=0, SeqNumber=83) ns3::LlcSnapHeader (type 0x800) ns3::Ipv4Header (tos 0x0 DSCP Default ECN Not-ECT ttl 64 id 7 protocol 17 offset (bytes) 0 flags [none] length: 41 192.168.2.2 &gt; 192.168.2.3) ns3::UdpHeader (length: 21 269 &gt; 269) ns3::Epidemic::TypeHeader (REPLY) ns3::Epidemic::SummaryVectorHeader ( Summary_vector header with size: 2
Global IDs:
NodeID:PacketID
0.0.2.1:28
0.0.2.186:698
) ns3::WifiMacTrailer ()" />
<wpr uId="684" tId="1" fbRx="74.60821183" lbRx="0" />
<wpr uId="684" tId="0" fbRx="74.60821267" lbRx="0" />
<wpr uId="684" tId="2" fbRx="74.60821267" lbRx="0" />
<wpr uId="684" tId="5" fbRx="74.60821267" lbRx="0" />
<wpr uId="684" tId="7" fbRx="74.60821267" lbRx="0" />
<pr uId="685" fId="7" fbTx="74.60835667" meta-info="ns3::WifiMacHeader (CTL_ACK Duration/ID=0us, RA=00:00:00:00:00:07) ns3::WifiMacTrailer ()" />
<wpr uId="685" tId="2" fbRx="74.60835667" lbRx="0" />
<wpr uId="685" tId="1" fbRx="74.6083575" lbRx="0" />
<wpr uId="685" tId="3" fbRx="74.6083575" lbRx="0" />
<wpr uId="685" tId="6" fbRx="74.6083575" lbRx="0" />
<wpr uId="685" tId="8" fbRx="74.6083575" lbRx="0" />
<pr uId="686" fId="7" fbTx="74.60844367" meta-info="ns3::WifiMacHeader (DATA ToDS=0, FromDS=0, MoreFrag=0, Retry=0, MoreData=0 Duration/ID=60us, DA=00:00:00:00:00:07, SA=00:00:00:00:00:08, BSSID=00:00:00:00:00:08, FragNumber=0, SeqNumber=89) ns3::LlcSnapHeader (type 0x800) ns3::Ipv4Header (tos 0x0 DSCP Default ECN Not-ECT ttl 64 id 7 protocol 17 offset (bytes) 0 flags [none] length: 37 192.168.2.3 &gt; 192.168.2.2) ns3::UdpHeader (length: 17 269 &gt; 269) ns3::Epidemic::TypeHeader (REPLY_BACK) ns3::Epidemic::SummaryVectorHeader ( Summary_vector header with size: 1
Global IDs:
NodeID:PacketID
0.0.2.186:698
) ns3::WifiMacTrailer ()" />
<wpr uId="686" tId="2" fbRx="74.60844367" lbRx="0" />
<wpr uId="686" tId="1" fbRx="74.6084445" lbRx="0" />
<wpr uId="686" tId="3" fbRx="74.6084445" lbRx="0" />
<wpr uId="686" tId="6" fbRx="74.6084445" lbRx="0" />
<wpr uId="686" tId="8" fbRx="74.6084445" lbRx="0" />
<pr uId="687" fId="6" fbTx="74.6085845" meta-info="ns3::WifiMacHeader (CTL_ACK Duration/ID=0us, RA=00:00:00:00:00:08) ns3::WifiMacTrailer ()" />
<wpr uId="687" tId="1" fbRx="74.6085845" lbRx="0" />
<wpr uId="687" tId="0" fbRx="74.60858533" lbRx="0" />
<wpr uId="687" tId="2" fbRx="74.60858533" lbRx="0" />
<wpr uId="687" tId="5" fbRx="74.60858533" lbRx="0" />
<wpr uId="687" tId="7" fbRx="74.60858533" lbRx="0" />
<pr uId="688" fId="6" fbTx="74.6087795" meta-info="ns3::WifiMacHeader (DATA ToDS=0, FromDS=0, MoreFrag=0, Retry=0, MoreData=0 Duration/ID=60us, DA=00:00:00:00:00:08, SA=00:00:00:00:00:07, BSSID=00:00:00:00:00:07, FragNumber=0, SeqNumber=84) ns3::LlcSnapHeader (type 0x800) ns3::Ipv4Header (tos 0x0 DSCP Default ECN Not-ECT ttl 64 id 0 protocol 17 offset (bytes) 0 flags [none] length: 2092 192.168.2.1 &gt; 192.168.2.5) ns3::Epidemic::EpidemicHeader ( Packet ID: 33619996 Hop count: 999 TimeStamp: +54000000000.0ns) ns3::UdpHeader (length: 2056 49153 &gt; 6) Payload (size=2048) ns3::WifiMacTrailer ()" />
<wpr uId="688" tId="1" fbRx="74.6087795" lbRx="0" />
<wpr uId="688" tId="0" fbRx="74.60878033" lbRx="0" />
<wpr uId="688" tId="2" fbRx="74.60878033" lbRx="0" />
<wpr uId="688" tId="5" fbRx="74.60878033" lbRx="0" />
<wpr uId="688" tId="7" fbRx="74.60878033" lbRx="0" />
<pr uId="689" fId="7" fbTx="74.61166033" meta-info="ns3::WifiMacHeader (CTL_ACK Duration/ID=0us, RA=00:00:00:00:00:07) ns3::WifiMacTrailer ()" />
<wpr uId="689" tId="2" fbRx="74.61166033" lbRx="0" />
<wpr uId="689" tId="1" fbRx="74.61166117" lbRx="0" />
<wpr uId="689" tId="3" fbRx="74.61166117" lbRx="0" />
<wpr uId="689" tId="6" fbRx="74.61166117" lbRx="0" />
<wpr uId="689" tId="8" fbRx="74.61166117" lbRx="0" />
<pr uId="690" fId="1" fbTx="74.6135685" meta-info="ns3::WifiMacHeader (DATA ToDS=0, FromDS=0, MoreFrag=0, Retry=0, MoreData=0 Duration/ID=0us, DA=ff:ff:ff:ff:ff:ff, SA=00:00:00:00:00:02, BSSID=00:00:00:00:00:02, FragNumber=0, SeqNumber=38) ns3::LlcSnapHeader (type 0x806) ns3::ArpHeader (request source mac: 00-06-00:00:00:00:00:02 source ipv4: 192.168.1.2 dest ipv4: 192.168.1.3) ns3::WifiMacTrailer ()" />
<wpr uId="690" tId="6" fbRx="74.6135685" lbRx="0" />
<wpr uId="690" tId="0" fbRx="74.61356933" lbRx="0" />
<wpr uId="690" tId="2" fbRx="74.61356933" lbRx="0" />
<wpr uId="690" tId="5" fbRx="74.61356933" lbRx="0" />
<wpr uId="690" tId="7" fbRx="74.61356933" lbRx="0" />
<pr uId="691" fId="2" fbTx="74.61383233" meta-info="ns3::WifiMacHeader (DATA ToDS=0, FromDS=0, MoreFrag=0, Retry=0, MoreData=0 Duration/ID=60us, DA=00:00:00:00:00:02, SA=00:00:00:00:00:03, BSSID=00:00:00:00:00:03, FragNumber=0, SeqNumber=51) ns3::LlcSnapHeader (type 0x806) ns3::ArpHeader (reply source mac: 00-06-00:00:00:00:00:03 source ipv4: 192.168.1.3 dest mac: 00-06-00:00:00:00:00:02 dest ipv4: 192.168.1.2) ns3::WifiMacTrailer ()" />
<wpr uId="691" tId="7" fbRx="74.61383233" lbRx="0" />
<wpr uId="691" tId="1" fbRx="74.61383317" lbRx="0" />
<wpr uId="691" tId="3" fbRx="74.61383317" lbRx="0" />
<wpr uId="691" tId="6" fbRx="74.61383317" lbRx="0" />
<wpr uId="691" tId="8" fbRx="74.61383317" lbRx="0" />
<pr uId="692" fId="1" fbTx="74.61396117" meta-info="ns3::WifiMacHeader (CTL_ACK Duration/ID=0us, RA=00:00:00:00:00:03) ns3::WifiMacTrailer ()" />
<wpr uId="692" tId="6" fbRx="74.61396117" lbRx="0" />
<wpr uId="692" tId="0" fbRx="74.613962" lbRx="0" />
<wpr uId="692" tId="2" fbRx="74.613962" lbRx="0" />
<wpr uId="692" tId="5" fbRx="74.613962" lbRx="0" />
<wpr uId="692" tId="7" fbRx="74.613962" lbRx="0" />
<pr uId="693" fId="1" fbTx="74.61417416" meta-info="ns3::WifiMacHeader (DATA ToDS=0, FromDS=0, MoreFrag=0, Retry=0, MoreData=0 Duration/ID=60us, DA=00:00:00:00:00:03, SA=00:00:00:00:00:02, BSSID=00:00:00:00:00:02, FragNumber=0, SeqNumber=39) ns3::LlcSnapHeader (type 0x800) ns3::Ipv4Header (tos 0x0 DSCP Default ECN Not-ECT ttl 64 id 0 protocol 17 offset (bytes) 0 flags [none] length: 2076 192.168.1.2 &gt; 192.168.1.3) ns3::UdpHeader (length: 2056 49153 &gt; 6) Payload (size=2048) ns3::WifiMacTrailer ()" />
<wpr uId="693" tId="6" fbRx="74.61417416" lbRx="0" />
<wpr uId="693" tId="0" fbRx="74.614175" lbRx="0" />
<wpr uId="693" tId="2" fbRx="74.614175" lbRx="0" />
<wpr uId="693" tId="5" fbRx="74.614175" lbRx="0" />
<wpr uId="693" tId="7" fbRx="74.614175" lbRx="0" />
<pr uId="694" fId="2" fbTx="74.617031" meta-info="ns3::WifiMacHeader (CTL_ACK Duration/ID=0us, RA=00:00:00:00:00:02) ns3::WifiMacTrailer ()" />
<wpr uId="694" tId="7" fbRx="74.617031" lbRx="0" />
<wpr uId="694" tId="1" fbRx="74.61703183" lbRx="0" />
<wpr uId="694" tId="3" fbRx="74.61703183" lbRx="0" />
<wpr uId="694" tId="6" fbRx="74.61703183" lbRx="0" />
<wpr uId="694" tId="8" fbRx="74.61703183" lbRx="0" />
<pr uId="695" fId="1" fbTx="74.61718183" meta-info="ns3::WifiMacHeader (DATA ToDS=0, FromDS=0, MoreFrag=0, Retry=0, MoreData=0 Duration/ID=60us, DA=00:00:00:00:00:03, SA=00:00:00:00:00:02, BSSID=00:00:00:00:00:02, FragNumber=0, SeqNumber=40) ns3::LlcSnapHeader (type 0x800) ns3::Ipv4Header (tos 0x0 DSCP Default ECN Not-ECT ttl 64 id 0 protocol 17 offset (bytes) 0 flags [none] length: 2076 192.168.1.2 &gt; 192.168.1.4) ns3::UdpHeader (length: 2056 49154 &gt; 6) Payload (size=2048) ns3::WifiMacTrailer ()" />
<wpr uId="695" tId="6" fbRx="74.61718183" lbRx="0" />
<wpr uId="695" tId="0" fbRx="74.61718266" lbRx="0" />
<wpr uId="695" tId="2" fbRx="74.61718266" lbRx="0" />
<wpr uId="695" tId="5" fbRx="74.61718266" lbRx="0" />
<wpr uId="695" tId="7" fbRx="74.61718266" lbRx="0" />
<pr uId="696" fId="2" fbTx="74.62003866" meta-info="ns3::WifiMacHeader (CTL_ACK Duration/ID=0us, RA=00:00:00:00:00:02) ns3::WifiMacTrailer ()" />
<wpr uId="696" tId="7" fbRx="74.62003866" lbRx="0" />
<wpr uId="696" tId="1" fbRx="74.6200395" lbRx="0" />
<wpr uId="696" tId="3" fbRx="74.6200395" lbRx="0" />
<wpr uId="696" tId="6" fbRx="74.6200395" lbRx="0" />
<wpr uId="696" tId="8" fbRx="74.6200395" lbRx="0" />
<pr uId="697" fId="2" fbTx="74.624015" meta-info="ns3::WifiMacHeader (DATA ToDS=0, FromDS=0, MoreFrag=0, Retry=0, MoreData=0 Duration/ID=0us, DA=ff:ff:ff:ff:ff:ff, SA=00:00:00:00:00:03, BSSID=00:00:00:00:00:03, FragNumber=0, SeqNumber=52) ns3::LlcSnapHeader (type 0x806) ns3::ArpHeader (request source mac: 00-06-00:00:00:00:00:03 source ipv4: 192.168.1.3 dest ipv4: 192.168.1.4) ns3::WifiMacTrailer ()" />
<wpr uId="697" tId="7" fbRx="74.624015" lbRx="0" />
<wpr uId="697" tId="1" fbRx="74.62401583" lbRx="0" />
<wpr uId="697" tId="3" fbRx="74.62401583" lbRx="0" />
<wpr uId="697" tId="6" fbRx="74.62401583" lbRx="0" />
<wpr uId="697" tId="8" fbRx="74.62401583" lbRx="0" />
<pr uId="698" fId="3" fbTx="74.62428783" meta-info="ns3::WifiMacHeader (DATA ToDS=0, FromDS=0, MoreFrag=0, Retry=0, MoreData=0 Duration/ID=60us, DA=00:00:00:00:00:03, SA=00:00:00:00:00:04, BSSID=00:00:00:00:00:04, FragNumber=0, SeqNumber=50) ns3::LlcSnapHeader (type 0x806) ns3::ArpHeader (reply source mac: 00-06-00:00:00:00:00:04 source ipv4: 192.168.1.4 dest mac: 00-06-00:00:00:00:00:03 dest ipv4: 192.168.1.3) ns3::WifiMacTrailer ()" />
<wpr uId="698" tId="8" fbRx="74.62428783" lbRx="0" />
<wpr uId="698" tId="2" fbRx="74.62428866" lbRx="0" />
<wpr uId="698" tId="7" fbRx="74.62428866" lbRx="0" />
<pr uId="699" fId="2" fbTx="74.62441666" meta-info="ns3::WifiMacHeader (CTL_ACK Duration/ID=0us, RA=00:00:00:00:00:04) ns3::WifiMacTrailer ()" />
<wpr uId="699" tId="7" fbRx="74.62441666" lbRx="0" />
<wpr uId="699" tId="1" fbRx="74.6244175" lbRx="0" />
<wpr uId="699" tId="3" fbRx="74.6244175" lbRx="0" />
<wpr uId="699" tId="6" fbRx="74.6244175" lbRx="0" />
<wpr uId="699" tId="8" fbRx="74.6244175" lbRx="0" />
<pr uId="700" fId="2" fbTx="74.62457566" meta-info="ns3::WifiMacHeader (DATA ToDS=0, FromDS=0, MoreFrag=0, Retry=0, MoreData=0 Duration/ID=60us, DA=00:00:00:00:00:04, SA=00:00:00:00:00:03, BSSID=00:00:00:00:00:03, FragNumber=0, SeqNumber=53) ns3::LlcSnapHeader (type 0x800) ns3::Ipv4Header (tos 0x0 DSCP Default ECN Not-ECT ttl 64 id 0 protocol 17 offset (bytes) 0 flags [none] length: 2076 192.168.1.3 &gt; 192.168.1.4) ns3::UdpHeader (length: 2056 49153 &gt; 6) Payload (size=2048) ns3::WifiMacTrailer ()" />
<wpr uId="700" tId="7" fbRx="74.62457566" lbRx="0" />
<wpr uId="700" tId="1" fbRx="74.6245765" lbRx="0" />
<wpr uId="700" tId="3" fbRx="74.6245765" lbRx="0" />
<wpr uId="700" tId="6" fbRx="74.6245765" lbRx="0" />
<wpr uId="700" tId="8" fbRx="74.6245765" lbRx="0" />
<pr uId="701" fId="3" fbTx="74.6274325" meta-info="ns3::WifiMacHeader (CTL_ACK Duration/ID=0us, RA=00:00:00:00:00:03) ns3::WifiMacTrailer ()" />
<wpr uId="701" tId="8" fbRx="74.6274325" lbRx="0" />
<wpr uId="701" tId="2" fbRx="74.62743333" lbRx="0" />
<wpr uId="701" tId="7" fbRx="74.62743333" lbRx="0" />
<pr uId="702" fId="2" fbTx="74.62752033" meta-info="ns3::WifiMacHeader (DATA ToDS=0, FromDS=0, MoreFrag=0, Retry=0, MoreData=0 Duration/ID=60us, DA=00:00:00:00:00:04, SA=00:00:00:00:00:03, BSSID=00:00:00:00:00:03, FragNumber=0, SeqNumber=54) ns3::LlcSnapHeader (type 0x800) ns3::Ipv4Header (tos 0x0 DSCP Default ECN Not-ECT ttl 63 id 0 protocol 17 offset (bytes) 0 flags [none] length: 2076 192.168.1.2 &gt; 192.168.1.4) ns3::UdpHeader (length: 2056 49154 &gt; 6) Payload (size=2048) ns3::WifiMacTrailer ()" />
<wpr uId="702" tId="7" fbRx="74.62752033" lbRx="0" />
<wpr uId="702" tId="1" fbRx="74.62752116" lbRx="0" />
<wpr uId="702" tId="3" fbRx="74.62752116" lbRx="0" />
<wpr uId="702" tId="6" fbRx="74.62752116" lbRx="0" />
<wpr uId="702" tId="8" fbRx="74.62752116" lbRx="0" />
<pr uId="703" fId="3" fbTx="74.63037716" meta-info="ns3::WifiMacHeader (CTL_ACK Duration/ID=0us, RA=00:00:00:00:00:03) ns3::WifiMacTrailer ()" />
<wpr uId="703" tId="8" fbRx="74.63037716" lbRx="0" />
<wpr uId="703" tId="2" fbRx="74.630378" lbRx="0" />
<wpr uId="703" tId="7" fbRx="74.630378" lbRx="0" />
<pr uId="704" fId="8" fbTx="74.762" meta-info="ns3::WifiMacHeader (DATA ToDS=0, FromDS=0, MoreFrag=0, Retry=0, MoreData=0 Duration/ID=0us, DA=ff:ff:ff:ff:ff:ff, SA=00:00:00:00:00:09, BSSID=00:00:00:00:00:09, FragNumber=0, SeqNumber=87) ns3::LlcSnapHeader (type 0x800) ns3::Ipv4Header (tos 0x0 DSCP Default ECN Not-ECT ttl 64 id 70 protocol 17 offset (bytes) 0 flags [none] length: 45 192.168.2.4 &gt; 192.168.2.255) ns3::UdpHeader (length: 25 269 &gt; 269) ns3::Epidemic::TypeHeader (BEACON) ns3::Epidemic::EpidemicHeader ( Packet ID: 1101480448 Hop count: 1000 TimeStamp: +0.0ns) ns3::WifiMacTrailer ()" />
<wpr uId="704" tId="3" fbRx="74.762" lbRx="0" />
<wpr uId="704" tId="2" fbRx="74.76200083" lbRx="0" />
<wpr uId="704" tId="7" fbRx="74.76200083" lbRx="0" />
<pr uId="705" fId="7" fbTx="74.76218483" meta-info="ns3::WifiMacHeader (DATA ToDS=0, FromDS=0, MoreFrag=0, Retry=0, MoreData=0 Duration/ID=60us, DA=00:00:00:00:00:09, SA=00:00:00:00:00:08, BSSID=00:00:00:00:00:08, FragNumber=0, SeqNumber=90) ns3::LlcSnapHeader (type 0x800) ns3::Ipv4Header (tos 0x0 DSCP Default ECN Not-ECT ttl 64 id 7 protocol 17 offset (bytes) 0 flags [none] length: 41 192.168.2.3 &gt; 192.168.2.4) ns3::UdpHeader (length: 21 269 &gt; 269) ns3::Epidemic::TypeHeader (REPLY) ns3::Epidemic::SummaryVectorHeader ( Summary_vector header with size: 2
Global IDs:
NodeID:PacketID
0.0.2.1:28
0.0.2.186:698
) ns3::WifiMacTrailer ()" />
<wpr uId="705" tId="2" fbRx="74.76218483" lbRx="0" />
<wpr uId="705" tId="1" fbRx="74.76218567" lbRx="0" />
<wpr uId="705" tId="3" fbRx="74.76218567" lbRx="0" />
<wpr uId="705" tId="6" fbRx="74.76218567" lbRx="0" />
<wpr uId="705" tId="8" fbRx="74.76218567" lbRx="0" />
<pr uId="706" fId="8" fbTx="74.76232967" meta-info="ns3::WifiMacHeader (CTL_ACK Duration/ID=0us, RA=00:00:00:00:00:08) ns3::WifiMacTrailer ()" />
<wpr uId="706" tId="3" fbRx="74.76232967" lbRx="0" />
<wpr uId="706" tId="2" fbRx="74.7623305" lbRx="0" />
<wpr uId="706" tId="7" fbRx="74.7623305" lbRx="0" />
<pr uId="707" fId="8" fbTx="74.76241667" meta-info="ns3::WifiMacHeader (DATA ToDS=0, FromDS=0, MoreFrag=0, Retry=0, MoreData=0 Duration/ID=60us, DA=00:00:00:00:00:08, SA=00:00:00:00:00:09, BSSID=00:00:00:00:00:09, FragNumber=0, SeqNumber=88) ns3::LlcSnapHeader (type 0x800) ns3::Ipv4Header (tos 0x0 DSCP Default ECN Not-ECT ttl 64 id 7 protocol 17 offset (bytes) 0 flags [none] length: 41 192.168.2.4 &gt; 192.168.2.3) ns3::UdpHeader (length: 21 269 &gt; 269) ns3::Epidemic::TypeHeader (REPLY_BACK) ns3::Epidemic::SummaryVectorHeader ( Summary_vector header with size: 2
Global IDs:
NodeID:PacketID
0.0.2.4:132
0.0.2.186:698
) ns3::WifiMacTrailer ()" />
<wpr uId="707" tId="3" fbRx="74.76241667" lbRx="0" />
<wpr uId="707" tId="2" fbRx="74.7624175" lbRx="0" />
<wpr uId="707" tId="7" fbRx="74.7624175" lbRx="0" />
<pr uId="708" fId="7" fbTx="74.7625615" meta-info="ns3::WifiMacHeader (CTL_ACK Duration/ID=0us, RA=00:00:00:00:00:09) ns3::WifiMacTrailer ()" />
<wpr uId="708" tId="2" fbRx="74.7625615" lbRx="0" />
<wpr uId="708" tId="1" fbRx="74.76256233" lbRx="0" />
<wpr uId="708" tId="3" fbRx="74.76256233" lbRx="0" />
<wpr uId="708" tId="6" fbRx="74.76256233" lbRx="0" />
<wpr uId="708" tId="8" fbRx="74.76256233" lbRx="0" />
<pr uId="709" fId="7" fbTx="74.7627025" meta-info="ns3::WifiMacHeader (DATA ToDS=0, FromDS=0, MoreFrag=0, Retry=0, MoreData=0 Duration/ID=60us, DA=00:00:00:00:00:09, SA=00:00:00:00:00:08, BSSID=00:00:00:00:00:08, FragNumber=0, SeqNumber=91) ns3::LlcSnapHeader (type 0x800) ns3::Ipv4Header (tos 0x0 DSCP Default ECN Not-ECT ttl 64 id 0 protocol 17 offset (bytes) 0 flags [none] length: 2092 192.168.2.1 &gt; 192.168.2.5) ns3::Epidemic::EpidemicHeader ( Packet ID: 33619996 Hop count: 998 TimeStamp: +54000000000.0ns) ns3::UdpHeader (length: 2056 49153 &gt; 6) Payload (size=2048) ns3::WifiMacTrailer ()" />
<wpr uId="709" tId="2" fbRx="74.7627025" lbRx="0" />
<wpr uId="709" tId="1" fbRx="74.76270333" lbRx="0" />
<wpr uId="709" tId="3" fbRx="74.76270333" lbRx="0" />
<wpr uId="709" tId="6" fbRx="74.76270333" lbRx="0" />
<wpr uId="709" tId="8" fbRx="74.76270333" lbRx="0" />
<pr uId="710" fId="8" fbTx="74.76558333" meta-info="ns3::WifiMacHeader (CTL_ACK Duration/ID=0us, RA=00:00:00:00:00:08) ns3::WifiMacTrailer ()" />
<wpr uId="710" tId="3" fbRx="74.76558333" lbRx="0" />
<wpr uId="710" tId="2" fbRx="74.76558417" lbRx="0" />
<wpr uId="710" tId="7" fbRx="74.76558417" lbRx="0" />
<pr uId="711" fId="2" fbTx="74.76567117" meta-info="ns3::WifiMacHeader (DATA ToDS=0, FromDS=0, MoreFrag=0, Retry=0, MoreData=0 Duration/ID=60us, DA=00:00:00:00:00:04, SA=00:00:00:00:00:03, BSSID=00:00:00:00:00:03, FragNumber=0, SeqNumber=55) ns3::LlcSnapHeader (type 0x800) ns3::Ipv4Header (tos 0x0 DSCP Default ECN Not-ECT ttl 64 id 1 protocol 17 offset (bytes) 0 flags [none] length: 2076 192.168.1.3 &gt; 192.168.1.4) ns3::UdpHeader (length: 2056 49154 &gt; 6) Payload (size=2048) ns3::WifiMacTrailer ()" />
<wpr uId="711" tId="7" fbRx="74.76567117" lbRx="0" />
<wpr uId="711" tId="1" fbRx="74.765672" lbRx="0" />
<wpr uId="711" tId="3" fbRx="74.765672" lbRx="0" />
<wpr uId="711" tId="6" fbRx="74.765672" lbRx="0" />
<wpr uId="711" tId="8" fbRx="74.765672" lbRx="0" />
<pr uId="712" fId="3" fbTx="74.768528" meta-info="ns3::WifiMacHeader (CTL_ACK Duration/ID=0us, RA=00:00:00:00:00:03) ns3::WifiMacTrailer ()" />
<wpr uId="712" tId="8" fbRx="74.768528" lbRx="0" />
<wpr uId="712" tId="2" fbRx="74.76852883" lbRx="0" />
<wpr uId="712" tId="7" fbRx="74.76852883" lbRx="0" />
<pr uId="713" fId="2" fbTx="75.11763763" meta-info="ns3::WifiMacHeader (DATA ToDS=0, FromDS=0, MoreFrag=0, Retry=0, MoreData=0 Duration/ID=0us, DA=ff:ff:ff:ff:ff:ff, SA=00:00:00:00:00:03, BSSID=00:00:00:00:00:03, FragNumber=0, SeqNumber=56) ns3::LlcSnapHeader (type 0x800) ns3::Ipv4Header (tos 0x0 DSCP Default ECN Not-ECT ttl 64 id 51 protocol 17 offset (bytes) 0 flags [none] length: 56 192.168.1.3 &gt; 192.168.1.255) ns3::UdpHeader (length: 36 698 &gt; 698) ns3::olsr::PacketHeader () ns3::olsr::MessageHeader () ns3::WifiMacTrailer ()" />
<wpr uId="713" tId="7" fbRx="75.11763763" lbRx="0" />
<wpr uId="713" tId="1" fbRx="75.11763846" lbRx="0" />
<wpr uId="713" tId="3" fbRx="75.11763846" lbRx="0" />
<wpr uId="713" tId="6" fbRx="75.11763846" lbRx="0" />
<wpr uId="713" tId="8" fbRx="75.11763846" lbRx="0" />
<pr uId="714" fId="9" fbTx="75.366" meta-info="ns3::WifiMacHeader (DATA ToDS=0, FromDS=0, MoreFrag=0, Retry=0, MoreData=0 Duration/ID=0us, DA=ff:ff:ff:ff:ff:ff, SA=00:00:00:00:00:0a, BSSID=00:00:00:00:00:0a, FragNumber=0, SeqNumber=79) ns3::LlcSnapHeader (type 0x800) ns3::Ipv4Header (tos 0x0 DSCP Default ECN Not-ECT ttl 64 id 71 protocol 17 offset (bytes) 0 flags [none] length: 45 192.168.2.5 &gt; 192.168.2.255) ns3::UdpHeader (length: 25 269 &gt; 269) ns3::Epidemic::TypeHeader (BEACON) ns3::Epidemic::EpidemicHeader ( Packet ID: 1101480448 Hop count: 1000 TimeStamp: +0.0ns) ns3::WifiMacTrailer ()" />
<wpr uId="714" tId="4" fbRx="75.366" lbRx="0" />
<pr uId="715" fId="6" fbTx="75.569" meta-info="ns3::WifiMacHeader (DATA ToDS=0, FromDS=0, MoreFrag=0, Retry=0, MoreData=0 Duration/ID=0us, DA=ff:ff:ff:ff:ff:ff, SA=00:00:00:00:00:07, BSSID=00:00:00:00:00:07, FragNumber=0, SeqNumber=85) ns3::LlcSnapHeader (type 0x800) ns3::Ipv4Header (tos 0x0 DSCP Default ECN Not-ECT ttl 64 id 71 protocol 17 offset (bytes) 0 flags [none] length: 45 192.168.2.2 &gt; 192.168.2.255) ns3::UdpHeader (length: 25 269 &gt; 269) ns3::Epidemic::TypeHeader (BEACON) ns3::Epidemic::EpidemicHeader ( Packet ID: 1101480448 Hop count: 1000 TimeStamp: +0.0ns) ns3::WifiMacTrailer ()" />
<wpr uId="715" tId="1" fbRx="75.569" lbRx="0" />
<wpr uId="715" tId="0" fbRx="75.56900083" lbRx="0" />
<wpr uId="715" tId="2" fbRx="75.56900083" lbRx="0" />
<wpr uId="715" tId="5" fbRx="75.56900083" lbRx="0" />
<wpr uId="715" tId="7" fbRx="75.56900083" lbRx="0" />
<pr uId="716" fId="5" fbTx="75.578" meta-info="ns3::WifiMacHeader (DATA ToDS=0, FromDS=0, MoreFrag=0, Retry=0, MoreData=0 Duration/ID=0us, DA=ff:ff:ff:ff:ff:ff, SA=00:00:00:00:00:06, BSSID=00:00:00:00:00:06, FragNumber=0, SeqNumber=75) ns3::LlcSnapHeader (type 0x800) ns3::Ipv4Header (tos 0x0 DSCP Default ECN Not-ECT ttl 64 id 71 protocol 17 offset (bytes) 0 flags [none] length: 45 192.168.2.1 &gt; 192.168.2.255) ns3::UdpHeader (length: 25 269 &gt; 269) ns3::Epidemic::TypeHeader (BEACON) ns3::Epidemic::EpidemicHeader ( Packet ID: 1101480448 Hop count: 1000 TimeStamp: +0.0ns) ns3::WifiMacTrailer ()" />
<wpr uId="716" tId="0" fbRx="75.578" lbRx="0" />
<wpr uId="716" tId="1" fbRx="75.57800083" lbRx="0" />
<wpr uId="716" tId="6" fbRx="75.57800083" lbRx="0" />
<pr uId="717" fId="7" fbTx="75.644" meta-info="ns3::WifiMacHeader (DATA ToDS=0, FromDS=0, MoreFrag=0, Retry=0, MoreData=0 Duration/ID=0us, DA=ff:ff:ff:ff:ff:ff, SA=00:00:00:00:00:08, BSSID=00:00:00:00:00:08, FragNumber=0, SeqNumber=92) ns3::LlcSnapHeader (type 0x800) ns3::Ipv4Header (tos 0x0 DSCP Default ECN Not-ECT ttl 64 id 71 protocol 17 offset (bytes) 0 flags [none] length: 45 192.168.2.3 &gt; 192.168.2.255) ns3::UdpHeader (length: 25 269 &gt; 269) ns3::Epidemic::TypeHeader (BEACON) ns3::Epidemic::EpidemicHeader ( Packet ID: 1101480448 Hop count: 1000 TimeStamp: +0.0ns) ns3::WifiMacTrailer ()" />
<wpr uId="717" tId="2" fbRx="75.644" lbRx="0" />
<wpr uId="717" tId="1" fbRx="75.64400083" lbRx="0" />
<wpr uId="717" tId="3" fbRx="75.64400083" lbRx="0" />
<wpr uId="717" tId="6" fbRx="75.64400083" lbRx="0" />
<wpr uId="717" tId="8" fbRx="75.64400083" lbRx="0" />
<pr uId="718" fId="8" fbTx="75.804" meta-info="ns3::WifiMacHeader (DATA ToDS=0, FromDS=0, MoreFrag=0, Retry=0, MoreData=0 Duration/ID=0us, DA=ff:ff:ff:ff:ff:ff, SA=00:00:00:00:00:09, BSSID=00:00:00:00:00:09, FragNumber=0, SeqNumber=89) ns3::LlcSnapHeader (type 0x800) ns3::Ipv4Header (tos 0x0 DSCP Default ECN Not-ECT ttl 64 id 71 protocol 17 offset (bytes) 0 flags [none] length: 45 192.168.2.4 &gt; 192.168.2.255) ns3::UdpHeader (length: 25 269 &gt; 269) ns3::Epidemic::TypeHeader (BEACON) ns3::Epidemic::EpidemicHeader ( Packet ID: 1101480448 Hop count: 1000 TimeStamp: +0.0ns) ns3::WifiMacTrailer ()" />
<wpr uId="718" tId="3" fbRx="75.804" lbRx="0" />
<wpr uId="718" tId="2" fbRx="75.80400083" lbRx="0" />
<wpr uId="718" tId="7" fbRx="75.80400083" lbRx="0" />
<pr uId="719" fId="0" fbTx="76.01538995" meta-info="ns3::WifiMacHeader (DATA ToDS=0, FromDS=0, MoreFrag=0, Retry=0, MoreData=0 Duration/ID=0us, DA=ff:ff:ff:ff:ff:ff, SA=00:00:00:00:00:01, BSSID=00:00:00:00:00:01, FragNumber=0, SeqNumber=42) ns3::LlcSnapHeader (type 0x800) ns3::Ipv4Header (tos 0x0 DSCP Default ECN Not-ECT ttl 64 id 38 protocol 17 offset (bytes) 0 flags [none] length: 56 192.168.1.1 &gt; 192.168.1.255) ns3::UdpHeader (length: 36 698 &gt; 698) ns3::olsr::PacketHeader () ns3::olsr::MessageHeader () ns3::WifiMacTrailer ()" />
<wpr uId="719" tId="5" fbRx="76.01538995" lbRx="0" />
<wpr uId="719" tId="1" fbRx="76.01539078" lbRx="0" />
<wpr uId="719" tId="6" fbRx="76.01539078" lbRx="0" />
<pr uId="720" fId="1" fbTx="76.19750916" meta-info="ns3::WifiMacHeader (DATA ToDS=0, FromDS=0, MoreFrag=0, Retry=0, MoreData=0 Duration/ID=0us, DA=ff:ff:ff:ff:ff:ff, SA=00:00:00:00:00:02, BSSID=00:00:00:00:00:02, FragNumber=0, SeqNumber=41) ns3::LlcSnapHeader (type 0x800) ns3::Ipv4Header (tos 0x0 DSCP Default ECN Not-ECT ttl 64 id 38 protocol 17 offset (bytes) 0 flags [none] length: 64 192.168.1.2 &gt; 192.168.1.255) ns3::UdpHeader (length: 44 698 &gt; 698) ns3::olsr::PacketHeader () ns3::olsr::MessageHeader () ns3::WifiMacTrailer ()" />
<wpr uId="720" tId="6" fbRx="76.19750916" lbRx="0" />
<wpr uId="720" tId="0" fbRx="76.19751" lbRx="0" />
<wpr uId="720" tId="2" fbRx="76.19751" lbRx="0" />
<wpr uId="720" tId="5" fbRx="76.19751" lbRx="0" />
<wpr uId="720" tId="7" fbRx="76.19751" lbRx="0" />
<pr uId="721" fId="2" fbTx="76.34615287" meta-info="ns3::WifiMacHeader (DATA ToDS=0, FromDS=0, MoreFrag=0, Retry=0, MoreData=0 Duration/ID=0us, DA=ff:ff:ff:ff:ff:ff, SA=00:00:00:00:00:03, BSSID=00:00:00:00:00:03, FragNumber=0, SeqNumber=57) ns3::LlcSnapHeader (type 0x800) ns3::Ipv4Header (tos 0x0 DSCP Default ECN Not-ECT ttl 64 id 52 protocol 17 offset (bytes) 0 flags [none] length: 64 192.168.1.3 &gt; 192.168.1.255) ns3::UdpHeader (length: 44 698 &gt; 698) ns3::olsr::PacketHeader () ns3::olsr::MessageHeader () ns3::WifiMacTrailer ()" />
<wpr uId="721" tId="7" fbRx="76.34615287" lbRx="0" />
<wpr uId="721" tId="1" fbRx="76.3461537" lbRx="0" />
<wpr uId="721" tId="3" fbRx="76.3461537" lbRx="0" />
<wpr uId="721" tId="6" fbRx="76.3461537" lbRx="0" />
<wpr uId="721" tId="8" fbRx="76.3461537" lbRx="0" />
<pr uId="722" fId="3" fbTx="76.36390291" meta-info="ns3::WifiMacHeader (DATA ToDS=0, FromDS=0, MoreFrag=0, Retry=0, MoreData=0 Duration/ID=0us, DA=ff:ff:ff:ff:ff:ff, SA=00:00:00:00:00:04, BSSID=00:00:00:00:00:04, FragNumber=0, SeqNumber=51) ns3::LlcSnapHeader (type 0x800) ns3::Ipv4Header (tos 0x0 DSCP Default ECN Not-ECT ttl 64 id 50 protocol 17 offset (bytes) 0 flags [none] length: 56 192.168.1.4 &gt; 192.168.1.255) ns3::UdpHeader (length: 36 698 &gt; 698) ns3::olsr::PacketHeader () ns3::olsr::MessageHeader () ns3::WifiMacTrailer ()" />
<wpr uId="722" tId="8" fbRx="76.36390291" lbRx="0" />
<wpr uId="722" tId="2" fbRx="76.36390375" lbRx="0" />
<wpr uId="722" tId="7" fbRx="76.36390375" lbRx="0" />
<pr uId="723" fId="4" fbTx="76.37425818" meta-info="ns3::WifiMacHeader (DATA ToDS=0, FromDS=0, MoreFrag=0, Retry=0, MoreData=0 Duration/ID=0us, DA=ff:ff:ff:ff:ff:ff, SA=00:00:00:00:00:05, BSSID=00:00:00:00:00:05, FragNumber=0, SeqNumber=38) ns3::LlcSnapHeader (type 0x800) ns3::Ipv4Header (tos 0x0 DSCP Default ECN Not-ECT ttl 64 id 38 protocol 17 offset (bytes) 0 flags [none] length: 48 192.168.1.5 &gt; 192.168.1.255) ns3::UdpHeader (length: 28 698 &gt; 698) ns3::olsr::PacketHeader () ns3::olsr::MessageHeader () ns3::WifiMacTrailer ()" />
<wpr uId="723" tId="9" fbRx="76.37425818" lbRx="0" />
<pr uId="724" fId="9" fbTx="76.395" meta-info="ns3::WifiMacHeader (DATA ToDS=0, FromDS=0, MoreFrag=0, Retry=0, MoreData=0 Duration/ID=0us, DA=ff:ff:ff:ff:ff:ff, SA=00:00:00:00:00:0a, BSSID=00:00:00:00:00:0a, FragNumber=0, SeqNumber=80) ns3::LlcSnapHeader (type 0x800) ns3::Ipv4Header (tos 0x0 DSCP Default ECN Not-ECT ttl 64 id 72 protocol 17 offset (bytes) 0 flags [none] length: 45 192.168.2.5 &gt; 192.168.2.255) ns3::UdpHeader (length: 25 269 &gt; 269) ns3::Epidemic::TypeHeader (BEACON) ns3::Epidemic::EpidemicHeader ( Packet ID: 1101480448 Hop count: 1000 TimeStamp: +0.0ns) ns3::WifiMacTrailer ()" />
<wpr uId="724" tId="4" fbRx="76.395" lbRx="0" />
<pr uId="725" fId="7" fbTx="76.648" meta-info="ns3::WifiMacHeader (DATA ToDS=0, FromDS=0, MoreFrag=0, Retry=0, MoreData=0 Duration/ID=0us, DA=ff:ff:ff:ff:ff:ff, SA=00:00:00:00:00:08, BSSID=00:00:00:00:00:08, FragNumber=0, SeqNumber=93) ns3::LlcSnapHeader (type 0x800) ns3::Ipv4Header (tos 0x0 DSCP Default ECN Not-ECT ttl 64 id 72 protocol 17 offset (bytes) 0 flags [none] length: 45 192.168.2.3 &gt; 192.168.2.255) ns3::UdpHeader (length: 25 269 &gt; 269) ns3::Epidemic::TypeHeader (BEACON) ns3::Epidemic::EpidemicHeader ( Packet ID: 1101480448 Hop count: 1000 TimeStamp: +0.0ns) ns3::WifiMacTrailer ()" />
<wpr uId="725" tId="2" fbRx="76.648" lbRx="0" />
<wpr uId="725" tId="1" fbRx="76.64800083" lbRx="0" />
<wpr uId="725" tId="3" fbRx="76.64800083" lbRx="0" />
<wpr uId="725" tId="6" fbRx="76.64800083" lbRx="0" />
<wpr uId="725" tId="8" fbRx="76.64800083" lbRx="0" />
<pr uId="726" fId="6" fbTx="76.66" meta-info="ns3::WifiMacHeader (DATA ToDS=0, FromDS=0, MoreFrag=0, Retry=0, MoreData=0 Duration/ID=0us, DA=ff:ff:ff:ff:ff:ff, SA=00:00:00:00:00:07, BSSID=00:00:00:00:00:07, FragNumber=0, SeqNumber=86) ns3::LlcSnapHeader (type 0x800) ns3::Ipv4Header (tos 0x0 DSCP Default ECN Not-ECT ttl 64 id 72 protocol 17 offset (bytes) 0 flags [none] length: 45 192.168.2.2 &gt; 192.168.2.255) ns3::UdpHeader (length: 25 269 &gt; 269) ns3::Epidemic::TypeHeader (BEACON) ns3::Epidemic::EpidemicHeader ( Packet ID: 1101480448 Hop count: 1000 TimeStamp: +0.0ns) ns3::WifiMacTrailer ()" />
<wpr uId="726" tId="1" fbRx="76.66" lbRx="0" />
<wpr uId="726" tId="0" fbRx="76.66000083" lbRx="0" />
<wpr uId="726" tId="2" fbRx="76.66000083" lbRx="0" />
<wpr uId="726" tId="5" fbRx="76.66000083" lbRx="0" />
<wpr uId="726" tId="7" fbRx="76.66000083" lbRx="0" />
<pr uId="727" fId="5" fbTx="76.674" meta-info="ns3::WifiMacHeader (DATA ToDS=0, FromDS=0, MoreFrag=0, Retry=0, MoreData=0 Duration/ID=0us, DA=ff:ff:ff:ff:ff:ff, SA=00:00:00:00:00:06, BSSID=00:00:00:00:00:06, FragNumber=0, SeqNumber=76) ns3::LlcSnapHeader (type 0x800) ns3::Ipv4Header (tos 0x0 DSCP Default ECN Not-ECT ttl 64 id 72 protocol 17 offset (bytes) 0 flags [none] length: 45 192.168.2.1 &gt; 192.168.2.255) ns3::UdpHeader (length: 25 269 &gt; 269) ns3::Epidemic::TypeHeader (BEACON) ns3::Epidemic::EpidemicHeader ( Packet ID: 1101480448 Hop count: 1000 TimeStamp: +0.0ns) ns3::WifiMacTrailer ()" />
<wpr uId="727" tId="0" fbRx="76.674" lbRx="0" />
<wpr uId="727" tId="1" fbRx="76.67400083" lbRx="0" />
<wpr uId="727" tId="6" fbRx="76.67400083" lbRx="0" />
<pr uId="728" fId="8" fbTx="76.839" meta-info="ns3::WifiMacHeader (DATA ToDS=0, FromDS=0, MoreFrag=0, Retry=0, MoreData=0 Duration/ID=0us, DA=ff:ff:ff:ff:ff:ff, SA=00:00:00:00:00:09, BSSID=00:00:00:00:00:09, FragNumber=0, SeqNumber=90) ns3::LlcSnapHeader (type 0x800) ns3::Ipv4Header (tos 0x0 DSCP Default ECN Not-ECT ttl 64 id 72 protocol 17 offset (bytes) 0 flags [none] length: 45 192.168.2.4 &gt; 192.168.2.255) ns3::UdpHeader (length: 25 269 &gt; 269) ns3::Epidemic::TypeHeader (BEACON) ns3::Epidemic::EpidemicHeader ( Packet ID: 1101480448 Hop count: 1000 TimeStamp: +0.0ns) ns3::WifiMacTrailer ()" />
<wpr uId="728" tId="3" fbRx="76.839" lbRx="0" />
<wpr uId="728" tId="2" fbRx="76.83900083" lbRx="0" />
<wpr uId="728" tId="7" fbRx="76.83900083" lbRx="0" />
<pr uId="729" fId="9" fbTx="77.437" meta-info="ns3::WifiMacHeader (DATA ToDS=0, FromDS=0, MoreFrag=0, Retry=0, MoreData=0 Duration/ID=0us, DA=ff:ff:ff:ff:ff:ff, SA=00:00:00:00:00:0a, BSSID=00:00:00:00:00:0a, FragNumber=0, SeqNumber=81) ns3::LlcSnapHeader (type 0x800) ns3::Ipv4Header (tos 0x0 DSCP Default ECN Not-ECT ttl 64 id 73 protocol 17 offset (bytes) 0 flags [none] length: 45 192.168.2.5 &gt; 192.168.2.255) ns3::UdpHeader (length: 25 269 &gt; 269) ns3::Epidemic::TypeHeader (BEACON) ns3::Epidemic::EpidemicHeader ( Packet ID: 1101480448 Hop count: 1000 TimeStamp: +0.0ns) ns3::WifiMacTrailer ()" />
<wpr uId="729" tId="4" fbRx="77.437" lbRx="0" />
<pr uId="730" fId="5" fbTx="77.679" meta-info="ns3::WifiMacHeader (DATA ToDS=0, FromDS=0, MoreFrag=0, Retry=0, MoreData=0 Duration/ID=0us, DA=ff:ff:ff:ff:ff:ff, SA=00:00:00:00:00:06, BSSID=00:00:00:00:00:06, FragNumber=0, SeqNumber=77) ns3::LlcSnapHeader (type 0x800) ns3::Ipv4Header (tos 0x0 DSCP Default ECN Not-ECT ttl 64 id 73 protocol 17 offset (bytes) 0 flags [none] length: 45 192.168.2.1 &gt; 192.168.2.255) ns3::UdpHeader (length: 25 269 &gt; 269) ns3::Epidemic::TypeHeader (BEACON) ns3::Epidemic::EpidemicHeader ( Packet ID: 1101480448 Hop count: 1000 TimeStamp: +0.0ns) ns3::WifiMacTrailer ()" />
<wpr uId="730" tId="0" fbRx="77.679" lbRx="0" />
<wpr uId="730" tId="1" fbRx="77.67900083" lbRx="0" />
<wpr uId="730" tId="6" fbRx="77.67900083" lbRx="0" />
<pr uId="731" fId="6" fbTx="77.687" meta-info="ns3::WifiMacHeader (DATA ToDS=0, FromDS=0, MoreFrag=0, Retry=0, MoreData=0 Duration/ID=0us, DA=ff:ff:ff:ff:ff:ff, SA=00:00:00:00:00:07, BSSID=00:00:00:00:00:07, FragNumber=0, SeqNumber=87) ns3::LlcSnapHeader (type 0x800) ns3::Ipv4Header (tos 0x0 DSCP Default ECN Not-ECT ttl 64 id 73 protocol 17 offset (bytes) 0 flags [none] length: 45 192.168.2.2 &gt; 192.168.2.255) ns3::UdpHeader (length: 25 269 &gt; 269) ns3::Epidemic::TypeHeader (BEACON) ns3::Epidemic::EpidemicHeader ( Packet ID: 1101480448 Hop count: 1000 TimeStamp: +0.0ns) ns3::WifiMacTrailer ()" />
<wpr uId="731" tId="1" fbRx="77.687" lbRx="0" />
<wpr uId="731" tId="0" fbRx="77.68700083" lbRx="0" />
<wpr uId="731" tId="2" fbRx="77.68700083" lbRx="0" />
<wpr uId="731" tId="5" fbRx="77.68700083" lbRx="0" />
<wpr uId="731" tId="7" fbRx="77.68700083" lbRx="0" />
<pr uId="732" fId="7" fbTx="77.707" meta-info="ns3::WifiMacHeader (DATA ToDS=0, FromDS=0, MoreFrag=0, Retry=0, MoreData=0 Duration/ID=0us, DA=ff:ff:ff:ff:ff:ff, SA=00:00:00:00:00:08, BSSID=00:00:00:00:00:08, FragNumber=0, SeqNumber=94) ns3::LlcSnapHeader (type 0x800) ns3::Ipv4Header (tos 0x0 DSCP Default ECN Not-ECT ttl 64 id 73 protocol 17 offset (bytes) 0 flags [none] length: 45 192.168.2.3 &gt; 192.168.2.255) ns3::UdpHeader (length: 25 269 &gt; 269) ns3::Epidemic::TypeHeader (BEACON) ns3::Epidemic::EpidemicHeader ( Packet ID: 1101480448 Hop count: 1000 TimeStamp: +0.0ns) ns3::WifiMacTrailer ()" />
<wpr uId="732" tId="2" fbRx="77.707" lbRx="0" />
<wpr uId="732" tId="1" fbRx="77.70700083" lbRx="0" />
<wpr uId="732" tId="3" fbRx="77.70700083" lbRx="0" />
<wpr uId="732" tId="6" fbRx="77.70700083" lbRx="0" />
<wpr uId="732" tId="8" fbRx="77.70700083" lbRx="0" />
<pr uId="733" fId="8" fbTx="77.908" meta-info="ns3::WifiMacHeader (DATA ToDS=0, FromDS=0, MoreFrag=0, Retry=0, MoreData=0 Duration/ID=0us, DA=ff:ff:ff:ff:ff:ff, SA=00:00:00:00:00:09, BSSID=00:00:00:00:00:09, FragNumber=0, SeqNumber=91) ns3::LlcSnapHeader (type 0x800) ns3::Ipv4Header (tos 0x0 DSCP Default ECN Not-ECT ttl 64 id 73 protocol 17 offset (bytes) 0 flags [none] length: 45 192.168.2.4 &gt; 192.168.2.255) ns3::UdpHeader (length: 25 269 &gt; 269) ns3::Epidemic::TypeHeader (BEACON) ns3::Epidemic::EpidemicHeader ( Packet ID: 1101480448 Hop count: 1000 TimeStamp: +0.0ns) ns3::WifiMacTrailer ()" />
<wpr uId="733" tId="3" fbRx="77.908" lbRx="0" />
<wpr uId="733" tId="2" fbRx="77.90800083" lbRx="0" />
<wpr uId="733" tId="7" fbRx="77.90800083" lbRx="0" />
<pr uId="734" fId="1" fbTx="78.11374202" meta-info="ns3::WifiMacHeader (DATA ToDS=0, FromDS=0, MoreFrag=0, Retry=0, MoreData=0 Duration/ID=0us, DA=ff:ff:ff:ff:ff:ff, SA=00:00:00:00:00:02, BSSID=00:00:00:00:00:02, FragNumber=0, SeqNumber=42) ns3::LlcSnapHeader (type 0x800) ns3::Ipv4Header (tos 0x0 DSCP Default ECN Not-ECT ttl 64 id 39 protocol 17 offset (bytes) 0 flags [none] length: 64 192.168.1.2 &gt; 192.168.1.255) ns3::UdpHeader (length: 44 698 &gt; 698) ns3::olsr::PacketHeader () ns3::olsr::MessageHeader () ns3::WifiMacTrailer ()" />
<wpr uId="734" tId="6" fbRx="78.11374202" lbRx="0" />
<wpr uId="734" tId="0" fbRx="78.11374285" lbRx="0" />
<wpr uId="734" tId="2" fbRx="78.11374285" lbRx="0" />
<wpr uId="734" tId="5" fbRx="78.11374285" lbRx="0" />
<wpr uId="734" tId="7" fbRx="78.11374285" lbRx="0" />
<pr uId="735" fId="4" fbTx="78.23657092" meta-info="ns3::WifiMacHeader (DATA ToDS=0, FromDS=0, MoreFrag=0, Retry=0, MoreData=0 Duration/ID=0us, DA=ff:ff:ff:ff:ff:ff, SA=00:00:00:00:00:05, BSSID=00:00:00:00:00:05, FragNumber=0, SeqNumber=39) ns3::LlcSnapHeader (type 0x800) ns3::Ipv4Header (tos 0x0 DSCP Default ECN Not-ECT ttl 64 id 39 protocol 17 offset (bytes) 0 flags [none] length: 48 192.168.1.5 &gt; 192.168.1.255) ns3::UdpHeader (length: 28 698 &gt; 698) ns3::olsr::PacketHeader () ns3::olsr::MessageHeader () ns3::WifiMacTrailer ()" />
<wpr uId="735" tId="9" fbRx="78.23657092" lbRx="0" />
<pr uId="736" fId="2" fbTx="78.25525716" meta-info="ns3::WifiMacHeader (DATA ToDS=0, FromDS=0, MoreFrag=0, Retry=0, MoreData=0 Duration/ID=0us, DA=ff:ff:ff:ff:ff:ff, SA=00:00:00:00:00:03, BSSID=00:00:00:00:00:03, FragNumber=0, SeqNumber=58) ns3::LlcSnapHeader (type 0x800) ns3::Ipv4Header (tos 0x0 DSCP Default ECN Not-ECT ttl 64 id 53 protocol 17 offset (bytes) 0 flags [none] length: 64 192.168.1.3 &gt; 192.168.1.255) ns3::UdpHeader (length: 44 698 &gt; 698) ns3::olsr::PacketHeader () ns3::olsr::MessageHeader () ns3::WifiMacTrailer ()" />
<wpr uId="736" tId="7" fbRx="78.25525716" lbRx="0" />
<wpr uId="736" tId="1" fbRx="78.255258" lbRx="0" />
<wpr uId="736" tId="3" fbRx="78.255258" lbRx="0" />
<wpr uId="736" tId="6" fbRx="78.255258" lbRx="0" />
<wpr uId="736" tId="8" fbRx="78.255258" lbRx="0" />
<pr uId="737" fId="0" fbTx="78.31345825" meta-info="ns3::WifiMacHeader (DATA ToDS=0, FromDS=0, MoreFrag=0, Retry=0, MoreData=0 Duration/ID=0us, DA=ff:ff:ff:ff:ff:ff, SA=00:00:00:00:00:01, BSSID=00:00:00:00:00:01, FragNumber=0, SeqNumber=43) ns3::LlcSnapHeader (type 0x800) ns3::Ipv4Header (tos 0x0 DSCP Default ECN Not-ECT ttl 64 id 39 protocol 17 offset (bytes) 0 flags [none] length: 56 192.168.1.1 &gt; 192.168.1.255) ns3::UdpHeader (length: 36 698 &gt; 698) ns3::olsr::PacketHeader () ns3::olsr::MessageHeader () ns3::WifiMacTrailer ()" />
<wpr uId="737" tId="5" fbRx="78.31345825" lbRx="0" />
<wpr uId="737" tId="1" fbRx="78.31345909" lbRx="0" />
<wpr uId="737" tId="6" fbRx="78.31345909" lbRx="0" />
<pr uId="738" fId="3" fbTx="78.38059486" meta-info="ns3::WifiMacHeader (DATA ToDS=0, FromDS=0, MoreFrag=0, Retry=0, MoreData=0 Duration/ID=0us, DA=ff:ff:ff:ff:ff:ff, SA=00:00:00:00:00:04, BSSID=00:00:00:00:00:04, FragNumber=0, SeqNumber=52) ns3::LlcSnapHeader (type 0x800) ns3::Ipv4Header (tos 0x0 DSCP Default ECN Not-ECT ttl 64 id 51 protocol 17 offset (bytes) 0 flags [none] length: 56 192.168.1.4 &gt; 192.168.1.255) ns3::UdpHeader (length: 36 698 &gt; 698) ns3::olsr::PacketHeader () ns3::olsr::MessageHeader () ns3::WifiMacTrailer ()" />
<wpr uId="738" tId="8" fbRx="78.38059486" lbRx="0" />
<wpr uId="738" tId="2" fbRx="78.38059569" lbRx="0" />
<wpr uId="738" tId="7" fbRx="78.38059569" lbRx="0" />
<pr uId="739" fId="9" fbTx="78.534" meta-info="ns3::WifiMacHeader (DATA ToDS=0, FromDS=0, MoreFrag=0, Retry=0, MoreData=0 Duration/ID=0us, DA=ff:ff:ff:ff:ff:ff, SA=00:00:00:00:00:0a, BSSID=00:00:00:00:00:0a, FragNumber=0, SeqNumber=82) ns3::LlcSnapHeader (type 0x800) ns3::Ipv4Header (tos 0x0 DSCP Default ECN Not-ECT ttl 64 id 74 protocol 17 offset (bytes) 0 flags [none] length: 45 192.168.2.5 &gt; 192.168.2.255) ns3::UdpHeader (length: 25 269 &gt; 269) ns3::Epidemic::TypeHeader (BEACON) ns3::Epidemic::EpidemicHeader ( Packet ID: 1101480448 Hop count: 1000 TimeStamp: +0.0ns) ns3::WifiMacTrailer ()" />
<wpr uId="739" tId="4" fbRx="78.534" lbRx="0" />
<pr uId="740" fId="5" fbTx="78.692" meta-info="ns3::WifiMacHeader (DATA ToDS=0, FromDS=0, MoreFrag=0, Retry=0, MoreData=0 Duration/ID=0us, DA=ff:ff:ff:ff:ff:ff, SA=00:00:00:00:00:06, BSSID=00:00:00:00:00:06, FragNumber=0, SeqNumber=78) ns3::LlcSnapHeader (type 0x800) ns3::Ipv4Header (tos 0x0 DSCP Default ECN Not-ECT ttl 64 id 74 protocol 17 offset (bytes) 0 flags [none] length: 45 192.168.2.1 &gt; 192.168.2.255) ns3::UdpHeader (length: 25 269 &gt; 269) ns3::Epidemic::TypeHeader (BEACON) ns3::Epidemic::EpidemicHeader ( Packet ID: 1101480448 Hop count: 1000 TimeStamp: +0.0ns) ns3::WifiMacTrailer ()" />
<wpr uId="740" tId="0" fbRx="78.692" lbRx="0" />
<wpr uId="740" tId="1" fbRx="78.69200083" lbRx="0" />
<wpr uId="740" tId="6" fbRx="78.69200083" lbRx="0" />
<pr uId="741" fId="6" fbTx="78.702" meta-info="ns3::WifiMacHeader (DATA ToDS=0, FromDS=0, MoreFrag=0, Retry=0, MoreData=0 Duration/ID=0us, DA=ff:ff:ff:ff:ff:ff, SA=00:00:00:00:00:07, BSSID=00:00:00:00:00:07, FragNumber=0, SeqNumber=88) ns3::LlcSnapHeader (type 0x800) ns3::Ipv4Header (tos 0x0 DSCP Default ECN Not-ECT ttl 64 id 74 protocol 17 offset (bytes) 0 flags [none] length: 45 192.168.2.2 &gt; 192.168.2.255) ns3::UdpHeader (length: 25 269 &gt; 269) ns3::Epidemic::TypeHeader (BEACON) ns3::Epidemic::EpidemicHeader ( Packet ID: 1101480448 Hop count: 1000 TimeStamp: +0.0ns) ns3::WifiMacTrailer ()" />
<wpr uId="741" tId="1" fbRx="78.702" lbRx="0" />
<wpr uId="741" tId="0" fbRx="78.70200083" lbRx="0" />
<wpr uId="741" tId="2" fbRx="78.70200083" lbRx="0" />
<wpr uId="741" tId="5" fbRx="78.70200083" lbRx="0" />
<wpr uId="741" tId="7" fbRx="78.70200083" lbRx="0" />
<pr uId="742" fId="7" fbTx="78.722" meta-info="ns3::WifiMacHeader (DATA ToDS=0, FromDS=0, MoreFrag=0, Retry=0, MoreData=0 Duration/ID=0us, DA=ff:ff:ff:ff:ff:ff, SA=00:00:00:00:00:08, BSSID=00:00:00:00:00:08, FragNumber=0, SeqNumber=95) ns3::LlcSnapHeader (type 0x800) ns3::Ipv4Header (tos 0x0 DSCP Default ECN Not-ECT ttl 64 id 74 protocol 17 offset (bytes) 0 flags [none] length: 45 192.168.2.3 &gt; 192.168.2.255) ns3::UdpHeader (length: 25 269 &gt; 269) ns3::Epidemic::TypeHeader (BEACON) ns3::Epidemic::EpidemicHeader ( Packet ID: 1101480448 Hop count: 1000 TimeStamp: +0.0ns) ns3::WifiMacTrailer ()" />
<wpr uId="742" tId="2" fbRx="78.722" lbRx="0" />
<wpr uId="742" tId="1" fbRx="78.72200083" lbRx="0" />
<wpr uId="742" tId="3" fbRx="78.72200083" lbRx="0" />
<wpr uId="742" tId="6" fbRx="78.72200083" lbRx="0" />
<wpr uId="742" tId="8" fbRx="78.72200083" lbRx="0" />
<pr uId="743" fId="8" fbTx="78.99" meta-info="ns3::WifiMacHeader (DATA ToDS=0, FromDS=0, MoreFrag=0, Retry=0, MoreData=0 Duration/ID=0us, DA=ff:ff:ff:ff:ff:ff, SA=00:00:00:00:00:09, BSSID=00:00:00:00:00:09, FragNumber=0, SeqNumber=92) ns3::LlcSnapHeader (type 0x800) ns3::Ipv4Header (tos 0x0 DSCP Default ECN Not-ECT ttl 64 id 74 protocol 17 offset (bytes) 0 flags [none] length: 45 192.168.2.4 &gt; 192.168.2.255) ns3::UdpHeader (length: 25 269 &gt; 269) ns3::Epidemic::TypeHeader (BEACON) ns3::Epidemic::EpidemicHeader ( Packet ID: 1101480448 Hop count: 1000 TimeStamp: +0.0ns) ns3::WifiMacTrailer ()" />
<wpr uId="743" tId="3" fbRx="78.99" lbRx="0" />
<wpr uId="743" tId="2" fbRx="78.99000083" lbRx="0" />
<wpr uId="743" tId="7" fbRx="78.99000083" lbRx="0" />
<pr uId="744" fId="9" fbTx="79.628" meta-info="ns3::WifiMacHeader (DATA ToDS=0, FromDS=0, MoreFrag=0, Retry=0, MoreData=0 Duration/ID=0us, DA=ff:ff:ff:ff:ff:ff, SA=00:00:00:00:00:0a, BSSID=00:00:00:00:00:0a, FragNumber=0, SeqNumber=83) ns3::LlcSnapHeader (type 0x800) ns3::Ipv4Header (tos 0x0 DSCP Default ECN Not-ECT ttl 64 id 75 protocol 17 offset (bytes) 0 flags [none] length: 45 192.168.2.5 &gt; 192.168.2.255) ns3::UdpHeader (length: 25 269 &gt; 269) ns3::Epidemic::TypeHeader (BEACON) ns3::Epidemic::EpidemicHeader ( Packet ID: 1101480448 Hop count: 1000 TimeStamp: +0.0ns) ns3::WifiMacTrailer ()" />
<wpr uId="744" tId="4" fbRx="79.628" lbRx="0" />
<pr uId="745" fId="5" fbTx="79.772" meta-info="ns3::WifiMacHeader (DATA ToDS=0, FromDS=0, MoreFrag=0, Retry=0, MoreData=0 Duration/ID=0us, DA=ff:ff:ff:ff:ff:ff, SA=00:00:00:00:00:06, BSSID=00:00:00:00:00:06, FragNumber=0, SeqNumber=79) ns3::LlcSnapHeader (type 0x800) ns3::Ipv4Header (tos 0x0 DSCP Default ECN Not-ECT ttl 64 id 75 protocol 17 offset (bytes) 0 flags [none] length: 45 192.168.2.1 &gt; 192.168.2.255) ns3::UdpHeader (length: 25 269 &gt; 269) ns3::Epidemic::TypeHeader (BEACON) ns3::Epidemic::EpidemicHeader ( Packet ID: 1101480448 Hop count: 1000 TimeStamp: +0.0ns) ns3::WifiMacTrailer ()" />
<wpr uId="745" tId="0" fbRx="79.772" lbRx="0" />
<wpr uId="745" tId="1" fbRx="79.77200083" lbRx="0" />
<wpr uId="745" tId="6" fbRx="79.77200083" lbRx="0" />
<pr uId="746" fId="6" fbTx="79.789" meta-info="ns3::WifiMacHeader (DATA ToDS=0, FromDS=0, MoreFrag=0, Retry=0, MoreData=0 Duration/ID=0us, DA=ff:ff:ff:ff:ff:ff, SA=00:00:00:00:00:07, BSSID=00:00:00:00:00:07, FragNumber=0, SeqNumber=89) ns3::LlcSnapHeader (type 0x800) ns3::Ipv4Header (tos 0x0 DSCP Default ECN Not-ECT ttl 64 id 75 protocol 17 offset (bytes) 0 flags [none] length: 45 192.168.2.2 &gt; 192.168.2.255) ns3::UdpHeader (length: 25 269 &gt; 269) ns3::Epidemic::TypeHeader (BEACON) ns3::Epidemic::EpidemicHeader ( Packet ID: 1101480448 Hop count: 1000 TimeStamp: +0.0ns) ns3::WifiMacTrailer ()" />
<wpr uId="746" tId="1" fbRx="79.789" lbRx="0" />
<wpr uId="746" tId="0" fbRx="79.78900083" lbRx="0" />
<wpr uId="746" tId="2" fbRx="79.78900083" lbRx="0" />
<wpr uId="746" tId="5" fbRx="79.78900083" lbRx="0" />
<wpr uId="746" tId="7" fbRx="79.78900083" lbRx="0" />
<pr uId="747" fId="7" fbTx="79.799" meta-info="ns3::WifiMacHeader (DATA ToDS=0, FromDS=0, MoreFrag=0, Retry=0, MoreData=0 Duration/ID=0us, DA=ff:ff:ff:ff:ff:ff, SA=00:00:00:00:00:08, BSSID=00:00:00:00:00:08, FragNumber=0, SeqNumber=96) ns3::LlcSnapHeader (type 0x800) ns3::Ipv4Header (tos 0x0 DSCP Default ECN Not-ECT ttl 64 id 75 protocol 17 offset (bytes) 0 flags [none] length: 45 192.168.2.3 &gt; 192.168.2.255) ns3::UdpHeader (length: 25 269 &gt; 269) ns3::Epidemic::TypeHeader (BEACON) ns3::Epidemic::EpidemicHeader ( Packet ID: 1101480448 Hop count: 1000 TimeStamp: +0.0ns) ns3::WifiMacTrailer ()" />
<wpr uId="747" tId="2" fbRx="79.799" lbRx="0" />
<wpr uId="747" tId="1" fbRx="79.79900083" lbRx="0" />
<wpr uId="747" tId="3" fbRx="79.79900083" lbRx="0" />
<wpr uId="747" tId="6" fbRx="79.79900083" lbRx="0" />
<wpr uId="747" tId="8" fbRx="79.79900083" lbRx="0" />
<pr uId="748" fId="8" fbTx="79.997" meta-info="ns3::WifiMacHeader (DATA ToDS=0, FromDS=0, MoreFrag=0, Retry=0, MoreData=0 Duration/ID=0us, DA=ff:ff:ff:ff:ff:ff, SA=00:00:00:00:00:09, BSSID=00:00:00:00:00:09, FragNumber=0, SeqNumber=93) ns3::LlcSnapHeader (type 0x800) ns3::Ipv4Header (tos 0x0 DSCP Default ECN Not-ECT ttl 64 id 75 protocol 17 offset (bytes) 0 flags [none] length: 45 192.168.2.4 &gt; 192.168.2.255) ns3::UdpHeader (length: 25 269 &gt; 269) ns3::Epidemic::TypeHeader (BEACON) ns3::Epidemic::EpidemicHeader ( Packet ID: 1101480448 Hop count: 1000 TimeStamp: +0.0ns) ns3::WifiMacTrailer ()" />
<wpr uId="748" tId="3" fbRx="79.997" lbRx="0" />
<wpr uId="748" tId="2" fbRx="79.99700083" lbRx="0" />
<wpr uId="748" tId="7" fbRx="79.99700083" lbRx="0" />
<pr uId="749" fId="4" fbTx="80.00120141" meta-info="ns3::WifiMacHeader (DATA ToDS=0, FromDS=0, MoreFrag=0, Retry=0, MoreData=0 Duration/ID=0us, DA=ff:ff:ff:ff:ff:ff, SA=00:00:00:00:00:05, BSSID=00:00:00:00:00:05, FragNumber=0, SeqNumber=40) ns3::LlcSnapHeader (type 0x800) ns3::Ipv4Header (tos 0x0 DSCP Default ECN Not-ECT ttl 64 id 40 protocol 17 offset (bytes) 0 flags [none] length: 48 192.168.1.5 &gt; 192.168.1.255) ns3::UdpHeader (length: 28 698 &gt; 698) ns3::olsr::PacketHeader () ns3::olsr::MessageHeader () ns3::WifiMacTrailer ()" />
<wpr uId="749" tId="9" fbRx="80.00120141" lbRx="0" />
<pr uId="750" fId="1" fbTx="80.2874398" meta-info="ns3::WifiMacHeader (DATA ToDS=0, FromDS=0, MoreFrag=0, Retry=0, MoreData=0 Duration/ID=0us, DA=ff:ff:ff:ff:ff:ff, SA=00:00:00:00:00:02, BSSID=00:00:00:00:00:02, FragNumber=0, SeqNumber=43) ns3::LlcSnapHeader (type 0x800) ns3::Ipv4Header (tos 0x0 DSCP Default ECN Not-ECT ttl 64 id 40 protocol 17 offset (bytes) 0 flags [none] length: 88 192.168.1.2 &gt; 192.168.1.255) ns3::UdpHeader (length: 68 698 &gt; 698) ns3::olsr::PacketHeader () ns3::olsr::MessageHeader () ns3::olsr::MessageHeader () ns3::WifiMacTrailer ()" />
<wpr uId="750" tId="6" fbRx="80.2874398" lbRx="0" />
<wpr uId="750" tId="0" fbRx="80.28744063" lbRx="0" />
<wpr uId="750" tId="2" fbRx="80.28744063" lbRx="0" />
<wpr uId="750" tId="5" fbRx="80.28744063" lbRx="0" />
<wpr uId="750" tId="7" fbRx="80.28744063" lbRx="0" />
<pr uId="751" fId="0" fbTx="80.31712553" meta-info="ns3::WifiMacHeader (DATA ToDS=0, FromDS=0, MoreFrag=0, Retry=0, MoreData=0 Duration/ID=0us, DA=ff:ff:ff:ff:ff:ff, SA=00:00:00:00:00:01, BSSID=00:00:00:00:00:01, FragNumber=0, SeqNumber=44) ns3::LlcSnapHeader (type 0x800) ns3::Ipv4Header (tos 0x0 DSCP Default ECN Not-ECT ttl 64 id 40 protocol 17 offset (bytes) 0 flags [none] length: 56 192.168.1.1 &gt; 192.168.1.255) ns3::UdpHeader (length: 36 698 &gt; 698) ns3::olsr::PacketHeader () ns3::olsr::MessageHeader () ns3::WifiMacTrailer ()" />
<wpr uId="751" tId="5" fbRx="80.31712553" lbRx="0" />
<wpr uId="751" tId="1" fbRx="80.31712637" lbRx="0" />
<wpr uId="751" tId="6" fbRx="80.31712637" lbRx="0" />
<pr uId="752" fId="3" fbTx="80.32895111" meta-info="ns3::WifiMacHeader (DATA ToDS=0, FromDS=0, MoreFrag=0, Retry=0, MoreData=0 Duration/ID=0us, DA=ff:ff:ff:ff:ff:ff, SA=00:00:00:00:00:04, BSSID=00:00:00:00:00:04, FragNumber=0, SeqNumber=53) ns3::LlcSnapHeader (type 0x800) ns3::Ipv4Header (tos 0x0 DSCP Default ECN Not-ECT ttl 64 id 52 protocol 17 offset (bytes) 0 flags [none] length: 56 192.168.1.4 &gt; 192.168.1.255) ns3::UdpHeader (length: 36 698 &gt; 698) ns3::olsr::PacketHeader () ns3::olsr::MessageHeader () ns3::WifiMacTrailer ()" />
<wpr uId="752" tId="8" fbRx="80.32895111" lbRx="0" />
<wpr uId="752" tId="2" fbRx="80.32895195" lbRx="0" />
<wpr uId="752" tId="7" fbRx="80.32895195" lbRx="0" />
<pr uId="753" fId="2" fbTx="80.3549286" meta-info="ns3::WifiMacHeader (DATA ToDS=0, FromDS=0, MoreFrag=0, Retry=0, MoreData=0 Duration/ID=0us, DA=ff:ff:ff:ff:ff:ff, SA=00:00:00:00:00:03, BSSID=00:00:00:00:00:03, FragNumber=0, SeqNumber=59) ns3::LlcSnapHeader (type 0x800) ns3::Ipv4Header (tos 0x0 DSCP Default ECN Not-ECT ttl 64 id 54 protocol 17 offset (bytes) 0 flags [none] length: 112 192.168.1.3 &gt; 192.168.1.255) ns3::UdpHeader (length: 92 698 &gt; 698) ns3::olsr::PacketHeader () ns3::olsr::MessageHeader () ns3::olsr::MessageHeader () ns3::olsr::MessageHeader () ns3::WifiMacTrailer ()" />
<wpr uId="753" tId="7" fbRx="80.3549286" lbRx="0" />
<wpr uId="753" tId="1" fbRx="80.35492943" lbRx="0" />
<wpr uId="753" tId="3" fbRx="80.35492943" lbRx="0" />
<wpr uId="753" tId="6" fbRx="80.35492943" lbRx="0" />
<wpr uId="753" tId="8" fbRx="80.35492943" lbRx="0" />
<pr uId="754" fId="1" fbTx="80.5870516" meta-info="ns3::WifiMacHeader (DATA ToDS=0, FromDS=0, MoreFrag=0, Retry=0, MoreData=0 Duration/ID=0us, DA=ff:ff:ff:ff:ff:ff, SA=00:00:00:00:00:02, BSSID=00:00:00:00:00:02, FragNumber=0, SeqNumber=44) ns3::LlcSnapHeader (type 0x800) ns3::Ipv4Header (tos 0x0 DSCP Default ECN Not-ECT ttl 64 id 41 protocol 17 offset (bytes) 0 flags [none] length: 56 192.168.1.2 &gt; 192.168.1.255) ns3::UdpHeader (length: 36 698 &gt; 698) ns3::olsr::PacketHeader () ns3::olsr::MessageHeader () ns3::WifiMacTrailer ()" />
<wpr uId="754" tId="6" fbRx="80.5870516" lbRx="0" />
<wpr uId="754" tId="0" fbRx="80.58705243" lbRx="0" />
<wpr uId="754" tId="2" fbRx="80.58705243" lbRx="0" />
<wpr uId="754" tId="5" fbRx="80.58705243" lbRx="0" />
<wpr uId="754" tId="7" fbRx="80.58705243" lbRx="0" />
<pr uId="755" fId="9" fbTx="80.648" meta-info="ns3::WifiMacHeader (DATA ToDS=0, FromDS=0, MoreFrag=0, Retry=0, MoreData=0 Duration/ID=0us, DA=ff:ff:ff:ff:ff:ff, SA=00:00:00:00:00:0a, BSSID=00:00:00:00:00:0a, FragNumber=0, SeqNumber=84) ns3::LlcSnapHeader (type 0x800) ns3::Ipv4Header (tos 0x0 DSCP Default ECN Not-ECT ttl 64 id 76 protocol 17 offset (bytes) 0 flags [none] length: 45 192.168.2.5 &gt; 192.168.2.255) ns3::UdpHeader (length: 25 269 &gt; 269) ns3::Epidemic::TypeHeader (BEACON) ns3::Epidemic::EpidemicHeader ( Packet ID: 1101480448 Hop count: 1000 TimeStamp: +0.0ns) ns3::WifiMacTrailer ()" />
<wpr uId="755" tId="4" fbRx="80.648" lbRx="0" />
<pr uId="756" fId="5" fbTx="80.809" meta-info="ns3::WifiMacHeader (DATA ToDS=0, FromDS=0, MoreFrag=0, Retry=0, MoreData=0 Duration/ID=0us, DA=ff:ff:ff:ff:ff:ff, SA=00:00:00:00:00:06, BSSID=00:00:00:00:00:06, FragNumber=0, SeqNumber=80) ns3::LlcSnapHeader (type 0x800) ns3::Ipv4Header (tos 0x0 DSCP Default ECN Not-ECT ttl 64 id 76 protocol 17 offset (bytes) 0 flags [none] length: 45 192.168.2.1 &gt; 192.168.2.255) ns3::UdpHeader (length: 25 269 &gt; 269) ns3::Epidemic::TypeHeader (BEACON) ns3::Epidemic::EpidemicHeader ( Packet ID: 1101480448 Hop count: 1000 TimeStamp: +0.0ns) ns3::WifiMacTrailer ()" />
<wpr uId="756" tId="0" fbRx="80.809" lbRx="0" />
<wpr uId="756" tId="1" fbRx="80.80900083" lbRx="0" />
<wpr uId="756" tId="6" fbRx="80.80900083" lbRx="0" />
<pr uId="757" fId="7" fbTx="80.824" meta-info="ns3::WifiMacHeader (DATA ToDS=0, FromDS=0, MoreFrag=0, Retry=0, MoreData=0 Duration/ID=0us, DA=ff:ff:ff:ff:ff:ff, SA=00:00:00:00:00:08, BSSID=00:00:00:00:00:08, FragNumber=0, SeqNumber=97) ns3::LlcSnapHeader (type 0x800) ns3::Ipv4Header (tos 0x0 DSCP Default ECN Not-ECT ttl 64 id 76 protocol 17 offset (bytes) 0 flags [none] length: 45 192.168.2.3 &gt; 192.168.2.255) ns3::UdpHeader (length: 25 269 &gt; 269) ns3::Epidemic::TypeHeader (BEACON) ns3::Epidemic::EpidemicHeader ( Packet ID: 1101480448 Hop count: 1000 TimeStamp: +0.0ns) ns3::WifiMacTrailer ()" />
<wpr uId="757" tId="2" fbRx="80.824" lbRx="0" />
<wpr uId="757" tId="1" fbRx="80.82400083" lbRx="0" />
<wpr uId="757" tId="3" fbRx="80.82400083" lbRx="0" />
<wpr uId="757" tId="6" fbRx="80.82400083" lbRx="0" />
<wpr uId="757" tId="8" fbRx="80.82400083" lbRx="0" />
<pr uId="758" fId="6" fbTx="80.854" meta-info="ns3::WifiMacHeader (DATA ToDS=0, FromDS=0, MoreFrag=0, Retry=0, MoreData=0 Duration/ID=0us, DA=ff:ff:ff:ff:ff:ff, SA=00:00:00:00:00:07, BSSID=00:00:00:00:00:07, FragNumber=0, SeqNumber=90) ns3::LlcSnapHeader (type 0x800) ns3::Ipv4Header (tos 0x0 DSCP Default ECN Not-ECT ttl 64 id 76 protocol 17 offset (bytes) 0 flags [none] length: 45 192.168.2.2 &gt; 192.168.2.255) ns3::UdpHeader (length: 25 269 &gt; 269) ns3::Epidemic::TypeHeader (BEACON) ns3::Epidemic::EpidemicHeader ( Packet ID: 1101480448 Hop count: 1000 TimeStamp: +0.0ns) ns3::WifiMacTrailer ()" />
<wpr uId="758" tId="1" fbRx="80.854" lbRx="0" />
<wpr uId="758" tId="0" fbRx="80.85400083" lbRx="0" />
<wpr uId="758" tId="2" fbRx="80.85400083" lbRx="0" />
<wpr uId="758" tId="5" fbRx="80.85400083" lbRx="0" />
<wpr uId="758" tId="7" fbRx="80.85400083" lbRx="0" />
<pr uId="759" fId="8" fbTx="81.037" meta-info="ns3::WifiMacHeader (DATA ToDS=0, FromDS=0, MoreFrag=0, Retry=0, MoreData=0 Duration/ID=0us, DA=ff:ff:ff:ff:ff:ff, SA=00:00:00:00:00:09, BSSID=00:00:00:00:00:09, FragNumber=0, SeqNumber=94) ns3::LlcSnapHeader (type 0x800) ns3::Ipv4Header (tos 0x0 DSCP Default ECN Not-ECT ttl 64 id 76 protocol 17 offset (bytes) 0 flags [none] length: 45 192.168.2.4 &gt; 192.168.2.255) ns3::UdpHeader (length: 25 269 &gt; 269) ns3::Epidemic::TypeHeader (BEACON) ns3::Epidemic::EpidemicHeader ( Packet ID: 1101480448 Hop count: 1000 TimeStamp: +0.0ns) ns3::WifiMacTrailer ()" />
<wpr uId="759" tId="3" fbRx="81.037" lbRx="0" />
<wpr uId="759" tId="2" fbRx="81.03700083" lbRx="0" />
<wpr uId="759" tId="7" fbRx="81.03700083" lbRx="0" />
<pr uId="760" fId="9" fbTx="81.684" meta-info="ns3::WifiMacHeader (DATA ToDS=0, FromDS=0, MoreFrag=0, Retry=0, MoreData=0 Duration/ID=0us, DA=ff:ff:ff:ff:ff:ff, SA=00:00:00:00:00:0a, BSSID=00:00:00:00:00:0a, FragNumber=0, SeqNumber=85) ns3::LlcSnapHeader (type 0x800) ns3::Ipv4Header (tos 0x0 DSCP Default ECN Not-ECT ttl 64 id 77 protocol 17 offset (bytes) 0 flags [none] length: 45 192.168.2.5 &gt; 192.168.2.255) ns3::UdpHeader (length: 25 269 &gt; 269) ns3::Epidemic::TypeHeader (BEACON) ns3::Epidemic::EpidemicHeader ( Packet ID: 1101480448 Hop count: 1000 TimeStamp: +0.0ns) ns3::WifiMacTrailer ()" />
<wpr uId="760" tId="4" fbRx="81.684" lbRx="0" />
<pr uId="761" fId="7" fbTx="81.855" meta-info="ns3::WifiMacHeader (DATA ToDS=0, FromDS=0, MoreFrag=0, Retry=0, MoreData=0 Duration/ID=0us, DA=ff:ff:ff:ff:ff:ff, SA=00:00:00:00:00:08, BSSID=00:00:00:00:00:08, FragNumber=0, SeqNumber=98) ns3::LlcSnapHeader (type 0x800) ns3::Ipv4Header (tos 0x0 DSCP Default ECN Not-ECT ttl 64 id 77 protocol 17 offset (bytes) 0 flags [none] length: 45 192.168.2.3 &gt; 192.168.2.255) ns3::UdpHeader (length: 25 269 &gt; 269) ns3::Epidemic::TypeHeader (BEACON) ns3::Epidemic::EpidemicHeader ( Packet ID: 1101480448 Hop count: 1000 TimeStamp: +0.0ns) ns3::WifiMacTrailer ()" />
<wpr uId="761" tId="2" fbRx="81.855" lbRx="0" />
<wpr uId="761" tId="1" fbRx="81.85500083" lbRx="0" />
<wpr uId="761" tId="3" fbRx="81.85500083" lbRx="0" />
<wpr uId="761" tId="6" fbRx="81.85500083" lbRx="0" />
<wpr uId="761" tId="8" fbRx="81.85500083" lbRx="0" />
<pr uId="762" fId="5" fbTx="81.861" meta-info="ns3::WifiMacHeader (DATA ToDS=0, FromDS=0, MoreFrag=0, Retry=0, MoreData=0 Duration/ID=0us, DA=ff:ff:ff:ff:ff:ff, SA=00:00:00:00:00:06, BSSID=00:00:00:00:00:06, FragNumber=0, SeqNumber=81) ns3::LlcSnapHeader (type 0x800) ns3::Ipv4Header (tos 0x0 DSCP Default ECN Not-ECT ttl 64 id 77 protocol 17 offset (bytes) 0 flags [none] length: 45 192.168.2.1 &gt; 192.168.2.255) ns3::UdpHeader (length: 25 269 &gt; 269) ns3::Epidemic::TypeHeader (BEACON) ns3::Epidemic::EpidemicHeader ( Packet ID: 1101480448 Hop count: 1000 TimeStamp: +0.0ns) ns3::WifiMacTrailer ()" />
<wpr uId="762" tId="0" fbRx="81.861" lbRx="0" />
<wpr uId="762" tId="1" fbRx="81.86100083" lbRx="0" />
<wpr uId="762" tId="6" fbRx="81.86100083" lbRx="0" />
<pr uId="763" fId="6" fbTx="81.918" meta-info="ns3::WifiMacHeader (DATA ToDS=0, FromDS=0, MoreFrag=0, Retry=0, MoreData=0 Duration/ID=0us, DA=ff:ff:ff:ff:ff:ff, SA=00:00:00:00:00:07, BSSID=00:00:00:00:00:07, FragNumber=0, SeqNumber=91) ns3::LlcSnapHeader (type 0x800) ns3::Ipv4Header (tos 0x0 DSCP Default ECN Not-ECT ttl 64 id 77 protocol 17 offset (bytes) 0 flags [none] length: 45 192.168.2.2 &gt; 192.168.2.255) ns3::UdpHeader (length: 25 269 &gt; 269) ns3::Epidemic::TypeHeader (BEACON) ns3::Epidemic::EpidemicHeader ( Packet ID: 1101480448 Hop count: 1000 TimeStamp: +0.0ns) ns3::WifiMacTrailer ()" />
<wpr uId="763" tId="1" fbRx="81.918" lbRx="0" />
<wpr uId="763" tId="0" fbRx="81.91800083" lbRx="0" />
<wpr uId="763" tId="2" fbRx="81.91800083" lbRx="0" />
<wpr uId="763" tId="5" fbRx="81.91800083" lbRx="0" />
<wpr uId="763" tId="7" fbRx="81.91800083" lbRx="0" />
<pr uId="764" fId="5" fbTx="81.91822083" meta-info="ns3::WifiMacHeader (DATA ToDS=0, FromDS=0, MoreFrag=0, Retry=0, MoreData=0 Duration/ID=60us, DA=00:00:00:00:00:07, SA=00:00:00:00:00:06, BSSID=00:00:00:00:00:06, FragNumber=0, SeqNumber=82) ns3::LlcSnapHeader (type 0x800) ns3::Ipv4Header (tos 0x0 DSCP Default ECN Not-ECT ttl 64 id 1 protocol 17 offset (bytes) 0 flags [none] length: 41 192.168.2.1 &gt; 192.168.2.2) ns3::UdpHeader (length: 21 269 &gt; 269) ns3::Epidemic::TypeHeader (REPLY) ns3::Epidemic::SummaryVectorHeader ( Summary_vector header with size: 2
Global IDs:
NodeID:PacketID
0.0.2.1:28
0.0.2.186:698
) ns3::WifiMacTrailer ()" />
<wpr uId="764" tId="0" fbRx="81.91822083" lbRx="0" />
<wpr uId="764" tId="1" fbRx="81.91822167" lbRx="0" />
<wpr uId="764" tId="6" fbRx="81.91822167" lbRx="0" />
<pr uId="765" fId="6" fbTx="81.91836567" meta-info="ns3::WifiMacHeader (CTL_ACK Duration/ID=0us, RA=00:00:00:00:00:06) ns3::WifiMacTrailer ()" />
<wpr uId="765" tId="1" fbRx="81.91836567" lbRx="0" />
<wpr uId="765" tId="0" fbRx="81.9183665" lbRx="0" />
<wpr uId="765" tId="2" fbRx="81.9183665" lbRx="0" />
<wpr uId="765" tId="5" fbRx="81.9183665" lbRx="0" />
<wpr uId="765" tId="7" fbRx="81.9183665" lbRx="0" />
<pr uId="766" fId="6" fbTx="81.91847067" meta-info="ns3::WifiMacHeader (DATA ToDS=0, FromDS=0, MoreFrag=0, Retry=0, MoreData=0 Duration/ID=60us, DA=00:00:00:00:00:06, SA=00:00:00:00:00:07, BSSID=00:00:00:00:00:07, FragNumber=0, SeqNumber=92) ns3::LlcSnapHeader (type 0x800) ns3::Ipv4Header (tos 0x0 DSCP Default ECN Not-ECT ttl 64 id 1 protocol 17 offset (bytes) 0 flags [none] length: 41 192.168.2.2 &gt; 192.168.2.1) ns3::UdpHeader (length: 21 269 &gt; 269) ns3::Epidemic::TypeHeader (REPLY_BACK) ns3::Epidemic::SummaryVectorHeader ( Summary_vector header with size: 2
Global IDs:
NodeID:PacketID
0.0.2.1:28
0.0.2.186:698
) ns3::WifiMacTrailer ()" />
<wpr uId="766" tId="1" fbRx="81.91847067" lbRx="0" />
<wpr uId="766" tId="0" fbRx="81.9184715" lbRx="0" />
<wpr uId="766" tId="2" fbRx="81.9184715" lbRx="0" />
<wpr uId="766" tId="5" fbRx="81.9184715" lbRx="0" />
<wpr uId="766" tId="7" fbRx="81.9184715" lbRx="0" />
<pr uId="767" fId="5" fbTx="81.9186155" meta-info="ns3::WifiMacHeader (CTL_ACK Duration/ID=0us, RA=00:00:00:00:00:07) ns3::WifiMacTrailer ()" />
<wpr uId="767" tId="0" fbRx="81.9186155" lbRx="0" />
<wpr uId="767" tId="1" fbRx="81.91861633" lbRx="0" />
<wpr uId="767" tId="6" fbRx="81.91861633" lbRx="0" />
<pr uId="768" fId="8" fbTx="82.097" meta-info="ns3::WifiMacHeader (DATA ToDS=0, FromDS=0, MoreFrag=0, Retry=0, MoreData=0 Duration/ID=0us, DA=ff:ff:ff:ff:ff:ff, SA=00:00:00:00:00:09, BSSID=00:00:00:00:00:09, FragNumber=0, SeqNumber=95) ns3::LlcSnapHeader (type 0x800) ns3::Ipv4Header (tos 0x0 DSCP Default ECN Not-ECT ttl 64 id 77 protocol 17 offset (bytes) 0 flags [none] length: 45 192.168.2.4 &gt; 192.168.2.255) ns3::UdpHeader (length: 25 269 &gt; 269) ns3::Epidemic::TypeHeader (BEACON) ns3::Epidemic::EpidemicHeader ( Packet ID: 1101480448 Hop count: 1000 TimeStamp: +0.0ns) ns3::WifiMacTrailer ()" />
<wpr uId="768" tId="3" fbRx="82.097" lbRx="0" />
<wpr uId="768" tId="2" fbRx="82.09700083" lbRx="0" />
<wpr uId="768" tId="7" fbRx="82.09700083" lbRx="0" />
<pr uId="769" fId="0" fbTx="82.23899804" meta-info="ns3::WifiMacHeader (DATA ToDS=0, FromDS=0, MoreFrag=0, Retry=0, MoreData=0 Duration/ID=0us, DA=ff:ff:ff:ff:ff:ff, SA=00:00:00:00:00:01, BSSID=00:00:00:00:00:01, FragNumber=0, SeqNumber=45) ns3::LlcSnapHeader (type 0x800) ns3::Ipv4Header (tos 0x0 DSCP Default ECN Not-ECT ttl 64 id 41 protocol 17 offset (bytes) 0 flags [none] length: 56 192.168.1.1 &gt; 192.168.1.255) ns3::UdpHeader (length: 36 698 &gt; 698) ns3::olsr::PacketHeader () ns3::olsr::MessageHeader () ns3::WifiMacTrailer ()" />
<wpr uId="769" tId="5" fbRx="82.23899804" lbRx="0" />
<wpr uId="769" tId="1" fbRx="82.23899887" lbRx="0" />
<wpr uId="769" tId="6" fbRx="82.23899887" lbRx="0" />
<pr uId="770" fId="2" fbTx="82.33241219" meta-info="ns3::WifiMacHeader (DATA ToDS=0, FromDS=0, MoreFrag=0, Retry=0, MoreData=0 Duration/ID=0us, DA=ff:ff:ff:ff:ff:ff, SA=00:00:00:00:00:03, BSSID=00:00:00:00:00:03, FragNumber=0, SeqNumber=60) ns3::LlcSnapHeader (type 0x800) ns3::Ipv4Header (tos 0x0 DSCP Default ECN Not-ECT ttl 64 id 55 protocol 17 offset (bytes) 0 flags [none] length: 64 192.168.1.3 &gt; 192.168.1.255) ns3::UdpHeader (length: 44 698 &gt; 698) ns3::olsr::PacketHeader () ns3::olsr::MessageHeader () ns3::WifiMacTrailer ()" />
<wpr uId="770" tId="7" fbRx="82.33241219" lbRx="0" />
<wpr uId="770" tId="1" fbRx="82.33241302" lbRx="0" />
<wpr uId="770" tId="3" fbRx="82.33241302" lbRx="0" />
<wpr uId="770" tId="6" fbRx="82.33241302" lbRx="0" />
<wpr uId="770" tId="8" fbRx="82.33241302" lbRx="0" />
<pr uId="771" fId="4" fbTx="82.37172931" meta-info="ns3::WifiMacHeader (DATA ToDS=0, FromDS=0, MoreFrag=0, Retry=0, MoreData=0 Duration/ID=0us, DA=ff:ff:ff:ff:ff:ff, SA=00:00:00:00:00:05, BSSID=00:00:00:00:00:05, FragNumber=0, SeqNumber=41) ns3::LlcSnapHeader (type 0x800) ns3::Ipv4Header (tos 0x0 DSCP Default ECN Not-ECT ttl 64 id 41 protocol 17 offset (bytes) 0 flags [none] length: 48 192.168.1.5 &gt; 192.168.1.255) ns3::UdpHeader (length: 28 698 &gt; 698) ns3::olsr::PacketHeader () ns3::olsr::MessageHeader () ns3::WifiMacTrailer ()" />
<wpr uId="771" tId="9" fbRx="82.37172931" lbRx="0" />
<pr uId="772" fId="1" fbTx="82.42388932" meta-info="ns3::WifiMacHeader (DATA ToDS=0, FromDS=0, MoreFrag=0, Retry=0, MoreData=0 Duration/ID=0us, DA=ff:ff:ff:ff:ff:ff, SA=00:00:00:00:00:02, BSSID=00:00:00:00:00:02, FragNumber=0, SeqNumber=45) ns3::LlcSnapHeader (type 0x800) ns3::Ipv4Header (tos 0x0 DSCP Default ECN Not-ECT ttl 64 id 42 protocol 17 offset (bytes) 0 flags [none] length: 64 192.168.1.2 &gt; 192.168.1.255) ns3::UdpHeader (length: 44 698 &gt; 698) ns3::olsr::PacketHeader () ns3::olsr::MessageHeader () ns3::WifiMacTrailer ()" />
<wpr uId="772" tId="6" fbRx="82.42388932" lbRx="0" />
<wpr uId="772" tId="0" fbRx="82.42389015" lbRx="0" />
<wpr uId="772" tId="2" fbRx="82.42389015" lbRx="0" />
<wpr uId="772" tId="5" fbRx="82.42389015" lbRx="0" />
<wpr uId="772" tId="7" fbRx="82.42389015" lbRx="0" />
<pr uId="773" fId="3" fbTx="82.46524259" meta-info="ns3::WifiMacHeader (DATA ToDS=0, FromDS=0, MoreFrag=0, Retry=0, MoreData=0 Duration/ID=0us, DA=ff:ff:ff:ff:ff:ff, SA=00:00:00:00:00:04, BSSID=00:00:00:00:00:04, FragNumber=0, SeqNumber=54) ns3::LlcSnapHeader (type 0x800) ns3::Ipv4Header (tos 0x0 DSCP Default ECN Not-ECT ttl 64 id 53 protocol 17 offset (bytes) 0 flags [none] length: 56 192.168.1.4 &gt; 192.168.1.255) ns3::UdpHeader (length: 36 698 &gt; 698) ns3::olsr::PacketHeader () ns3::olsr::MessageHeader () ns3::WifiMacTrailer ()" />
<wpr uId="773" tId="8" fbRx="82.46524259" lbRx="0" />
<wpr uId="773" tId="2" fbRx="82.46524342" lbRx="0" />
<wpr uId="773" tId="7" fbRx="82.46524342" lbRx="0" />
<pr uId="774" fId="9" fbTx="82.689" meta-info="ns3::WifiMacHeader (DATA ToDS=0, FromDS=0, MoreFrag=0, Retry=0, MoreData=0 Duration/ID=0us, DA=ff:ff:ff:ff:ff:ff, SA=00:00:00:00:00:0a, BSSID=00:00:00:00:00:0a, FragNumber=0, SeqNumber=86) ns3::LlcSnapHeader (type 0x800) ns3::Ipv4Header (tos 0x0 DSCP Default ECN Not-ECT ttl 64 id 78 protocol 17 offset (bytes) 0 flags [none] length: 45 192.168.2.5 &gt; 192.168.2.255) ns3::UdpHeader (length: 25 269 &gt; 269) ns3::Epidemic::TypeHeader (BEACON) ns3::Epidemic::EpidemicHeader ( Packet ID: 1101480448 Hop count: 1000 TimeStamp: +0.0ns) ns3::WifiMacTrailer ()" />
<wpr uId="774" tId="4" fbRx="82.689" lbRx="0" />
<pr uId="775" fId="7" fbTx="82.882" meta-info="ns3::WifiMacHeader (DATA ToDS=0, FromDS=0, MoreFrag=0, Retry=0, MoreData=0 Duration/ID=0us, DA=ff:ff:ff:ff:ff:ff, SA=00:00:00:00:00:08, BSSID=00:00:00:00:00:08, FragNumber=0, SeqNumber=99) ns3::LlcSnapHeader (type 0x800) ns3::Ipv4Header (tos 0x0 DSCP Default ECN Not-ECT ttl 64 id 78 protocol 17 offset (bytes) 0 flags [none] length: 45 192.168.2.3 &gt; 192.168.2.255) ns3::UdpHeader (length: 25 269 &gt; 269) ns3::Epidemic::TypeHeader (BEACON) ns3::Epidemic::EpidemicHeader ( Packet ID: 1101480448 Hop count: 1000 TimeStamp: +0.0ns) ns3::WifiMacTrailer ()" />
<wpr uId="775" tId="2" fbRx="82.882" lbRx="0" />
<wpr uId="775" tId="1" fbRx="82.88200083" lbRx="0" />
<wpr uId="775" tId="3" fbRx="82.88200083" lbRx="0" />
<wpr uId="775" tId="6" fbRx="82.88200083" lbRx="0" />
<wpr uId="775" tId="8" fbRx="82.88200083" lbRx="0" />
<pr uId="776" fId="5" fbTx="82.884" meta-info="ns3::WifiMacHeader (DATA ToDS=0, FromDS=0, MoreFrag=0, Retry=0, MoreData=0 Duration/ID=0us, DA=ff:ff:ff:ff:ff:ff, SA=00:00:00:00:00:06, BSSID=00:00:00:00:00:06, FragNumber=0, SeqNumber=83) ns3::LlcSnapHeader (type 0x800) ns3::Ipv4Header (tos 0x0 DSCP Default ECN Not-ECT ttl 64 id 78 protocol 17 offset (bytes) 0 flags [none] length: 45 192.168.2.1 &gt; 192.168.2.255) ns3::UdpHeader (length: 25 269 &gt; 269) ns3::Epidemic::TypeHeader (BEACON) ns3::Epidemic::EpidemicHeader ( Packet ID: 1101480448 Hop count: 1000 TimeStamp: +0.0ns) ns3::WifiMacTrailer ()" />
<wpr uId="776" tId="0" fbRx="82.884" lbRx="0" />
<wpr uId="776" tId="1" fbRx="82.88400083" lbRx="0" />
<wpr uId="776" tId="6" fbRx="82.88400083" lbRx="0" />
<pr uId="777" fId="6" fbTx="82.935" meta-info="ns3::WifiMacHeader (DATA ToDS=0, FromDS=0, MoreFrag=0, Retry=0, MoreData=0 Duration/ID=0us, DA=ff:ff:ff:ff:ff:ff, SA=00:00:00:00:00:07, BSSID=00:00:00:00:00:07, FragNumber=0, SeqNumber=93) ns3::LlcSnapHeader (type 0x800) ns3::Ipv4Header (tos 0x0 DSCP Default ECN Not-ECT ttl 64 id 78 protocol 17 offset (bytes) 0 flags [none] length: 45 192.168.2.2 &gt; 192.168.2.255) ns3::UdpHeader (length: 25 269 &gt; 269) ns3::Epidemic::TypeHeader (BEACON) ns3::Epidemic::EpidemicHeader ( Packet ID: 1101480448 Hop count: 1000 TimeStamp: +0.0ns) ns3::WifiMacTrailer ()" />
<wpr uId="777" tId="1" fbRx="82.935" lbRx="0" />
<wpr uId="777" tId="0" fbRx="82.93500083" lbRx="0" />
<wpr uId="777" tId="2" fbRx="82.93500083" lbRx="0" />
<wpr uId="777" tId="5" fbRx="82.93500083" lbRx="0" />
<wpr uId="777" tId="7" fbRx="82.93500083" lbRx="0" />
<pr uId="778" fId="8" fbTx="83.196" meta-info="ns3::WifiMacHeader (DATA ToDS=0, FromDS=0, MoreFrag=0, Retry=0, MoreData=0 Duration/ID=0us, DA=ff:ff:ff:ff:ff:ff, SA=00:00:00:00:00:09, BSSID=00:00:00:00:00:09, FragNumber=0, SeqNumber=96) ns3::LlcSnapHeader (type 0x800) ns3::Ipv4Header (tos 0x0 DSCP Default ECN Not-ECT ttl 64 id 78 protocol 17 offset (bytes) 0 flags [none] length: 45 192.168.2.4 &gt; 192.168.2.255) ns3::UdpHeader (length: 25 269 &gt; 269) ns3::Epidemic::TypeHeader (BEACON) ns3::Epidemic::EpidemicHeader ( Packet ID: 1101480448 Hop count: 1000 TimeStamp: +0.0ns) ns3::WifiMacTrailer ()" />
<wpr uId="778" tId="3" fbRx="83.196" lbRx="0" />
<wpr uId="778" tId="2" fbRx="83.19600083" lbRx="0" />
<wpr uId="778" tId="7" fbRx="83.19600083" lbRx="0" />
<pr uId="779" fId="9" fbTx="83.773" meta-info="ns3::WifiMacHeader (DATA ToDS=0, FromDS=0, MoreFrag=0, Retry=0, MoreData=0 Duration/ID=0us, DA=ff:ff:ff:ff:ff:ff, SA=00:00:00:00:00:0a, BSSID=00:00:00:00:00:0a, FragNumber=0, SeqNumber=87) ns3::LlcSnapHeader (type 0x800) ns3::Ipv4Header (tos 0x0 DSCP Default ECN Not-ECT ttl 64 id 79 protocol 17 offset (bytes) 0 flags [none] length: 45 192.168.2.5 &gt; 192.168.2.255) ns3::UdpHeader (length: 25 269 &gt; 269) ns3::Epidemic::TypeHeader (BEACON) ns3::Epidemic::EpidemicHeader ( Packet ID: 1101480448 Hop count: 1000 TimeStamp: +0.0ns) ns3::WifiMacTrailer ()" />
<wpr uId="779" tId="4" fbRx="83.773" lbRx="0" />
<pr uId="780" fId="5" fbTx="83.935" meta-info="ns3::WifiMacHeader (DATA ToDS=0, FromDS=0, MoreFrag=0, Retry=0, MoreData=0 Duration/ID=0us, DA=ff:ff:ff:ff:ff:ff, SA=00:00:00:00:00:06, BSSID=00:00:00:00:00:06, FragNumber=0, SeqNumber=84) ns3::LlcSnapHeader (type 0x800) ns3::Ipv4Header (tos 0x0 DSCP Default ECN Not-ECT ttl 64 id 79 protocol 17 offset (bytes) 0 flags [none] length: 45 192.168.2.1 &gt; 192.168.2.255) ns3::UdpHeader (length: 25 269 &gt; 269) ns3::Epidemic::TypeHeader (BEACON) ns3::Epidemic::EpidemicHeader ( Packet ID: 1101480448 Hop count: 1000 TimeStamp: +0.0ns) ns3::WifiMacTrailer ()" />
<wpr uId="780" tId="0" fbRx="83.935" lbRx="0" />
<wpr uId="780" tId="1" fbRx="83.93500083" lbRx="0" />
<wpr uId="780" tId="6" fbRx="83.93500083" lbRx="0" />
<pr uId="781" fId="6" fbTx="83.938" meta-info="ns3::WifiMacHeader (DATA ToDS=0, FromDS=0, MoreFrag=0, Retry=0, MoreData=0 Duration/ID=0us, DA=ff:ff:ff:ff:ff:ff, SA=00:00:00:00:00:07, BSSID=00:00:00:00:00:07, FragNumber=0, SeqNumber=94) ns3::LlcSnapHeader (type 0x800) ns3::Ipv4Header (tos 0x0 DSCP Default ECN Not-ECT ttl 64 id 79 protocol 17 offset (bytes) 0 flags [none] length: 45 192.168.2.2 &gt; 192.168.2.255) ns3::UdpHeader (length: 25 269 &gt; 269) ns3::Epidemic::TypeHeader (BEACON) ns3::Epidemic::EpidemicHeader ( Packet ID: 1101480448 Hop count: 1000 TimeStamp: +0.0ns) ns3::WifiMacTrailer ()" />
<wpr uId="781" tId="1" fbRx="83.938" lbRx="0" />
<wpr uId="781" tId="0" fbRx="83.93800083" lbRx="0" />
<wpr uId="781" tId="2" fbRx="83.93800083" lbRx="0" />
<wpr uId="781" tId="5" fbRx="83.93800083" lbRx="0" />
<wpr uId="781" tId="7" fbRx="83.93800083" lbRx="0" />
<pr uId="782" fId="7" fbTx="83.948" meta-info="ns3::WifiMacHeader (DATA ToDS=0, FromDS=0, MoreFrag=0, Retry=0, MoreData=0 Duration/ID=0us, DA=ff:ff:ff:ff:ff:ff, SA=00:00:00:00:00:08, BSSID=00:00:00:00:00:08, FragNumber=0, SeqNumber=100) ns3::LlcSnapHeader (type 0x800) ns3::Ipv4Header (tos 0x0 DSCP Default ECN Not-ECT ttl 64 id 79 protocol 17 offset (bytes) 0 flags [none] length: 45 192.168.2.3 &gt; 192.168.2.255) ns3::UdpHeader (length: 25 269 &gt; 269) ns3::Epidemic::TypeHeader (BEACON) ns3::Epidemic::EpidemicHeader ( Packet ID: 1101480448 Hop count: 1000 TimeStamp: +0.0ns) ns3::WifiMacTrailer ()" />
<wpr uId="782" tId="2" fbRx="83.948" lbRx="0" />
<wpr uId="782" tId="1" fbRx="83.94800083" lbRx="0" />
<wpr uId="782" tId="3" fbRx="83.94800083" lbRx="0" />
<wpr uId="782" tId="6" fbRx="83.94800083" lbRx="0" />
<wpr uId="782" tId="8" fbRx="83.94800083" lbRx="0" />
<pr uId="783" fId="4" fbTx="84.23145344" meta-info="ns3::WifiMacHeader (DATA ToDS=0, FromDS=0, MoreFrag=0, Retry=0, MoreData=0 Duration/ID=0us, DA=ff:ff:ff:ff:ff:ff, SA=00:00:00:00:00:05, BSSID=00:00:00:00:00:05, FragNumber=0, SeqNumber=42) ns3::LlcSnapHeader (type 0x800) ns3::Ipv4Header (tos 0x0 DSCP Default ECN Not-ECT ttl 64 id 42 protocol 17 offset (bytes) 0 flags [none] length: 48 192.168.1.5 &gt; 192.168.1.255) ns3::UdpHeader (length: 28 698 &gt; 698) ns3::olsr::PacketHeader () ns3::olsr::MessageHeader () ns3::WifiMacTrailer ()" />
<wpr uId="783" tId="9" fbRx="84.23145344" lbRx="0" />
<pr uId="784" fId="0" fbTx="84.24458565" meta-info="ns3::WifiMacHeader (DATA ToDS=0, FromDS=0, MoreFrag=0, Retry=0, MoreData=0 Duration/ID=0us, DA=ff:ff:ff:ff:ff:ff, SA=00:00:00:00:00:01, BSSID=00:00:00:00:00:01, FragNumber=0, SeqNumber=46) ns3::LlcSnapHeader (type 0x800) ns3::Ipv4Header (tos 0x0 DSCP Default ECN Not-ECT ttl 64 id 42 protocol 17 offset (bytes) 0 flags [none] length: 56 192.168.1.1 &gt; 192.168.1.255) ns3::UdpHeader (length: 36 698 &gt; 698) ns3::olsr::PacketHeader () ns3::olsr::MessageHeader () ns3::WifiMacTrailer ()" />
<wpr uId="784" tId="5" fbRx="84.24458565" lbRx="0" />
<wpr uId="784" tId="1" fbRx="84.24458649" lbRx="0" />
<wpr uId="784" tId="6" fbRx="84.24458649" lbRx="0" />
<pr uId="785" fId="8" fbTx="84.248" meta-info="ns3::WifiMacHeader (DATA ToDS=0, FromDS=0, MoreFrag=0, Retry=0, MoreData=0 Duration/ID=0us, DA=ff:ff:ff:ff:ff:ff, SA=00:00:00:00:00:09, BSSID=00:00:00:00:00:09, FragNumber=0, SeqNumber=97) ns3::LlcSnapHeader (type 0x800) ns3::Ipv4Header (tos 0x0 DSCP Default ECN Not-ECT ttl 64 id 79 protocol 17 offset (bytes) 0 flags [none] length: 45 192.168.2.4 &gt; 192.168.2.255) ns3::UdpHeader (length: 25 269 &gt; 269) ns3::Epidemic::TypeHeader (BEACON) ns3::Epidemic::EpidemicHeader ( Packet ID: 1101480448 Hop count: 1000 TimeStamp: +0.0ns) ns3::WifiMacTrailer ()" />
<wpr uId="785" tId="3" fbRx="84.248" lbRx="0" />
<wpr uId="785" tId="2" fbRx="84.24800083" lbRx="0" />
<wpr uId="785" tId="7" fbRx="84.24800083" lbRx="0" />
<pr uId="786" fId="2" fbTx="84.30466164" meta-info="ns3::WifiMacHeader (DATA ToDS=0, FromDS=0, MoreFrag=0, Retry=0, MoreData=0 Duration/ID=0us, DA=ff:ff:ff:ff:ff:ff, SA=00:00:00:00:00:03, BSSID=00:00:00:00:00:03, FragNumber=0, SeqNumber=61) ns3::LlcSnapHeader (type 0x800) ns3::Ipv4Header (tos 0x0 DSCP Default ECN Not-ECT ttl 64 id 56 protocol 17 offset (bytes) 0 flags [none] length: 64 192.168.1.3 &gt; 192.168.1.255) ns3::UdpHeader (length: 44 698 &gt; 698) ns3::olsr::PacketHeader () ns3::olsr::MessageHeader () ns3::WifiMacTrailer ()" />
<wpr uId="786" tId="7" fbRx="84.30466164" lbRx="0" />
<wpr uId="786" tId="1" fbRx="84.30466247" lbRx="0" />
<wpr uId="786" tId="3" fbRx="84.30466247" lbRx="0" />
<wpr uId="786" tId="6" fbRx="84.30466247" lbRx="0" />
<wpr uId="786" tId="8" fbRx="84.30466247" lbRx="0" />
<pr uId="787" fId="1" fbTx="84.35737823" meta-info="ns3::WifiMacHeader (DATA ToDS=0, FromDS=0, MoreFrag=0, Retry=0, MoreData=0 Duration/ID=0us, DA=ff:ff:ff:ff:ff:ff, SA=00:00:00:00:00:02, BSSID=00:00:00:00:00:02, FragNumber=0, SeqNumber=46) ns3::LlcSnapHeader (type 0x800) ns3::Ipv4Header (tos 0x0 DSCP Default ECN Not-ECT ttl 64 id 43 protocol 17 offset (bytes) 0 flags [none] length: 64 192.168.1.2 &gt; 192.168.1.255) ns3::UdpHeader (length: 44 698 &gt; 698) ns3::olsr::PacketHeader () ns3::olsr::MessageHeader () ns3::WifiMacTrailer ()" />
<wpr uId="787" tId="6" fbRx="84.35737823" lbRx="0" />
<wpr uId="787" tId="0" fbRx="84.35737906" lbRx="0" />
<wpr uId="787" tId="2" fbRx="84.35737906" lbRx="0" />
<wpr uId="787" tId="5" fbRx="84.35737906" lbRx="0" />
<wpr uId="787" tId="7" fbRx="84.35737906" lbRx="0" />
<pr uId="788" fId="3" fbTx="84.46453773" meta-info="ns3::WifiMacHeader (DATA ToDS=0, FromDS=0, MoreFrag=0, Retry=0, MoreData=0 Duration/ID=0us, DA=ff:ff:ff:ff:ff:ff, SA=00:00:00:00:00:04, BSSID=00:00:00:00:00:04, FragNumber=0, SeqNumber=55) ns3::LlcSnapHeader (type 0x800) ns3::Ipv4Header (tos 0x0 DSCP Default ECN Not-ECT ttl 64 id 54 protocol 17 offset (bytes) 0 flags [none] length: 56 192.168.1.4 &gt; 192.168.1.255) ns3::UdpHeader (length: 36 698 &gt; 698) ns3::olsr::PacketHeader () ns3::olsr::MessageHeader () ns3::WifiMacTrailer ()" />
<wpr uId="788" tId="8" fbRx="84.46453773" lbRx="0" />
<wpr uId="788" tId="2" fbRx="84.46453856" lbRx="0" />
<wpr uId="788" tId="7" fbRx="84.46453856" lbRx="0" />
<pr uId="789" fId="9" fbTx="84.809" meta-info="ns3::WifiMacHeader (DATA ToDS=0, FromDS=0, MoreFrag=0, Retry=0, MoreData=0 Duration/ID=0us, DA=ff:ff:ff:ff:ff:ff, SA=00:00:00:00:00:0a, BSSID=00:00:00:00:00:0a, FragNumber=0, SeqNumber=88) ns3::LlcSnapHeader (type 0x800) ns3::Ipv4Header (tos 0x0 DSCP Default ECN Not-ECT ttl 64 id 80 protocol 17 offset (bytes) 0 flags [none] length: 45 192.168.2.5 &gt; 192.168.2.255) ns3::UdpHeader (length: 25 269 &gt; 269) ns3::Epidemic::TypeHeader (BEACON) ns3::Epidemic::EpidemicHeader ( Packet ID: 1101480448 Hop count: 1000 TimeStamp: +0.0ns) ns3::WifiMacTrailer ()" />
<wpr uId="789" tId="4" fbRx="84.809" lbRx="0" />
<pr uId="790" fId="6" fbTx="84.943" meta-info="ns3::WifiMacHeader (DATA ToDS=0, FromDS=0, MoreFrag=0, Retry=0, MoreData=0 Duration/ID=0us, DA=ff:ff:ff:ff:ff:ff, SA=00:00:00:00:00:07, BSSID=00:00:00:00:00:07, FragNumber=0, SeqNumber=95) ns3::LlcSnapHeader (type 0x800) ns3::Ipv4Header (tos 0x0 DSCP Default ECN Not-ECT ttl 64 id 80 protocol 17 offset (bytes) 0 flags [none] length: 45 192.168.2.2 &gt; 192.168.2.255) ns3::UdpHeader (length: 25 269 &gt; 269) ns3::Epidemic::TypeHeader (BEACON) ns3::Epidemic::EpidemicHeader ( Packet ID: 1101480448 Hop count: 1000 TimeStamp: +0.0ns) ns3::WifiMacTrailer ()" />
<wpr uId="790" tId="1" fbRx="84.943" lbRx="0" />
<wpr uId="790" tId="0" fbRx="84.94300083" lbRx="0" />
<wpr uId="790" tId="2" fbRx="84.94300083" lbRx="0" />
<wpr uId="790" tId="5" fbRx="84.94300083" lbRx="0" />
<wpr uId="790" tId="7" fbRx="84.94300083" lbRx="0" />
<pr uId="791" fId="7" fbTx="85.006" meta-info="ns3::WifiMacHeader (DATA ToDS=0, FromDS=0, MoreFrag=0, Retry=0, MoreData=0 Duration/ID=0us, DA=ff:ff:ff:ff:ff:ff, SA=00:00:00:00:00:08, BSSID=00:00:00:00:00:08, FragNumber=0, SeqNumber=101) ns3::LlcSnapHeader (type 0x800) ns3::Ipv4Header (tos 0x0 DSCP Default ECN Not-ECT ttl 64 id 80 protocol 17 offset (bytes) 0 flags [none] length: 45 192.168.2.3 &gt; 192.168.2.255) ns3::UdpHeader (length: 25 269 &gt; 269) ns3::Epidemic::TypeHeader (BEACON) ns3::Epidemic::EpidemicHeader ( Packet ID: 1101480448 Hop count: 1000 TimeStamp: +0.0ns) ns3::WifiMacTrailer ()" />
<wpr uId="791" tId="2" fbRx="85.006" lbRx="0" />
<wpr uId="791" tId="1" fbRx="85.00600083" lbRx="0" />
<wpr uId="791" tId="3" fbRx="85.00600083" lbRx="0" />
<wpr uId="791" tId="6" fbRx="85.00600083" lbRx="0" />
<wpr uId="791" tId="8" fbRx="85.00600083" lbRx="0" />
<pr uId="792" fId="6" fbTx="85.00620283" meta-info="ns3::WifiMacHeader (DATA ToDS=0, FromDS=0, MoreFrag=0, Retry=0, MoreData=0 Duration/ID=60us, DA=00:00:00:00:00:08, SA=00:00:00:00:00:07, BSSID=00:00:00:00:00:07, FragNumber=0, SeqNumber=96) ns3::LlcSnapHeader (type 0x800) ns3::Ipv4Header (tos 0x0 DSCP Default ECN Not-ECT ttl 64 id 8 protocol 17 offset (bytes) 0 flags [none] length: 41 192.168.2.2 &gt; 192.168.2.3) ns3::UdpHeader (length: 21 269 &gt; 269) ns3::Epidemic::TypeHeader (REPLY) ns3::Epidemic::SummaryVectorHeader ( Summary_vector header with size: 2
Global IDs:
NodeID:PacketID
0.0.2.1:28
0.0.2.186:698
) ns3::WifiMacTrailer ()" />
<wpr uId="792" tId="1" fbRx="85.00620283" lbRx="0" />
<wpr uId="792" tId="0" fbRx="85.00620367" lbRx="0" />
<wpr uId="792" tId="2" fbRx="85.00620367" lbRx="0" />
<wpr uId="792" tId="5" fbRx="85.00620367" lbRx="0" />
<wpr uId="792" tId="7" fbRx="85.00620367" lbRx="0" />
<pr uId="793" fId="7" fbTx="85.00631167" meta-info="ns3::WifiMacHeader (CTL_ACK Duration/ID=0us, RA=00:00:00:00:00:07) ns3::WifiMacTrailer ()" />
<wpr uId="793" tId="2" fbRx="85.00631167" lbRx="0" />
<wpr uId="793" tId="1" fbRx="85.0063125" lbRx="0" />
<wpr uId="793" tId="3" fbRx="85.0063125" lbRx="0" />
<wpr uId="793" tId="6" fbRx="85.0063125" lbRx="0" />
<wpr uId="793" tId="8" fbRx="85.0063125" lbRx="0" />
<pr uId="794" fId="7" fbTx="85.00647967" meta-info="ns3::WifiMacHeader (DATA ToDS=0, FromDS=0, MoreFrag=0, Retry=0, MoreData=0 Duration/ID=60us, DA=00:00:00:00:00:07, SA=00:00:00:00:00:08, BSSID=00:00:00:00:00:08, FragNumber=0, SeqNumber=102) ns3::LlcSnapHeader (type 0x800) ns3::Ipv4Header (tos 0x0 DSCP Default ECN Not-ECT ttl 64 id 8 protocol 17 offset (bytes) 0 flags [none] length: 41 192.168.2.3 &gt; 192.168.2.2) ns3::UdpHeader (length: 21 269 &gt; 269) ns3::Epidemic::TypeHeader (REPLY_BACK) ns3::Epidemic::SummaryVectorHeader ( Summary_vector header with size: 2
Global IDs:
NodeID:PacketID
0.0.2.1:28
0.0.2.186:698
) ns3::WifiMacTrailer ()" />
<wpr uId="794" tId="2" fbRx="85.00647967" lbRx="0" />
<wpr uId="794" tId="1" fbRx="85.0064805" lbRx="0" />
<wpr uId="794" tId="3" fbRx="85.0064805" lbRx="0" />
<wpr uId="794" tId="6" fbRx="85.0064805" lbRx="0" />
<wpr uId="794" tId="8" fbRx="85.0064805" lbRx="0" />
<pr uId="795" fId="6" fbTx="85.0066245" meta-info="ns3::WifiMacHeader (CTL_ACK Duration/ID=0us, RA=00:00:00:00:00:08) ns3::WifiMacTrailer ()" />
<wpr uId="795" tId="1" fbRx="85.0066245" lbRx="0" />
<wpr uId="795" tId="0" fbRx="85.00662533" lbRx="0" />
<wpr uId="795" tId="2" fbRx="85.00662533" lbRx="0" />
<wpr uId="795" tId="5" fbRx="85.00662533" lbRx="0" />
<wpr uId="795" tId="7" fbRx="85.00662533" lbRx="0" />
<pr uId="796" fId="5" fbTx="85.029" meta-info="ns3::WifiMacHeader (DATA ToDS=0, FromDS=0, MoreFrag=0, Retry=0, MoreData=0 Duration/ID=0us, DA=ff:ff:ff:ff:ff:ff, SA=00:00:00:00:00:06, BSSID=00:00:00:00:00:06, FragNumber=0, SeqNumber=85) ns3::LlcSnapHeader (type 0x800) ns3::Ipv4Header (tos 0x0 DSCP Default ECN Not-ECT ttl 64 id 80 protocol 17 offset (bytes) 0 flags [none] length: 45 192.168.2.1 &gt; 192.168.2.255) ns3::UdpHeader (length: 25 269 &gt; 269) ns3::Epidemic::TypeHeader (BEACON) ns3::Epidemic::EpidemicHeader ( Packet ID: 1101480448 Hop count: 1000 TimeStamp: +0.0ns) ns3::WifiMacTrailer ()" />
<wpr uId="796" tId="0" fbRx="85.029" lbRx="0" />
<wpr uId="796" tId="1" fbRx="85.02900083" lbRx="0" />
<wpr uId="796" tId="6" fbRx="85.02900083" lbRx="0" />
<pr uId="797" fId="2" fbTx="85.15936069" meta-info="ns3::WifiMacHeader (DATA ToDS=0, FromDS=0, MoreFrag=0, Retry=0, MoreData=0 Duration/ID=0us, DA=ff:ff:ff:ff:ff:ff, SA=00:00:00:00:00:03, BSSID=00:00:00:00:00:03, FragNumber=0, SeqNumber=62) ns3::LlcSnapHeader (type 0x800) ns3::Ipv4Header (tos 0x0 DSCP Default ECN Not-ECT ttl 64 id 57 protocol 17 offset (bytes) 0 flags [none] length: 56 192.168.1.3 &gt; 192.168.1.255) ns3::UdpHeader (length: 36 698 &gt; 698) ns3::olsr::PacketHeader () ns3::olsr::MessageHeader () ns3::WifiMacTrailer ()" />
<wpr uId="797" tId="7" fbRx="85.15936069" lbRx="0" />
<wpr uId="797" tId="1" fbRx="85.15936152" lbRx="0" />
<wpr uId="797" tId="3" fbRx="85.15936152" lbRx="0" />
<wpr uId="797" tId="6" fbRx="85.15936152" lbRx="0" />
<wpr uId="797" tId="8" fbRx="85.15936152" lbRx="0" />
<pr uId="798" fId="8" fbTx="85.262" meta-info="ns3::WifiMacHeader (DATA ToDS=0, FromDS=0, MoreFrag=0, Retry=0, MoreData=0 Duration/ID=0us, DA=ff:ff:ff:ff:ff:ff, SA=00:00:00:00:00:09, BSSID=00:00:00:00:00:09, FragNumber=0, SeqNumber=98) ns3::LlcSnapHeader (type 0x800) ns3::Ipv4Header (tos 0x0 DSCP Default ECN Not-ECT ttl 64 id 80 protocol 17 offset (bytes) 0 flags [none] length: 45 192.168.2.4 &gt; 192.168.2.255) ns3::UdpHeader (length: 25 269 &gt; 269) ns3::Epidemic::TypeHeader (BEACON) ns3::Epidemic::EpidemicHeader ( Packet ID: 1101480448 Hop count: 1000 TimeStamp: +0.0ns) ns3::WifiMacTrailer ()" />
<wpr uId="798" tId="3" fbRx="85.262" lbRx="0" />
<wpr uId="798" tId="2" fbRx="85.26200083" lbRx="0" />
<wpr uId="798" tId="7" fbRx="85.26200083" lbRx="0" />
<pr uId="799" fId="7" fbTx="85.26218483" meta-info="ns3::WifiMacHeader (DATA ToDS=0, FromDS=0, MoreFrag=0, Retry=0, MoreData=0 Duration/ID=60us, DA=00:00:00:00:00:09, SA=00:00:00:00:00:08, BSSID=00:00:00:00:00:08, FragNumber=0, SeqNumber=103) ns3::LlcSnapHeader (type 0x800) ns3::Ipv4Header (tos 0x0 DSCP Default ECN Not-ECT ttl 64 id 8 protocol 17 offset (bytes) 0 flags [none] length: 41 192.168.2.3 &gt; 192.168.2.4) ns3::UdpHeader (length: 21 269 &gt; 269) ns3::Epidemic::TypeHeader (REPLY) ns3::Epidemic::SummaryVectorHeader ( Summary_vector header with size: 2
Global IDs:
NodeID:PacketID
0.0.2.1:28
0.0.2.186:698
) ns3::WifiMacTrailer ()" />
<wpr uId="799" tId="2" fbRx="85.26218483" lbRx="0" />
<wpr uId="799" tId="1" fbRx="85.26218567" lbRx="0" />
<wpr uId="799" tId="3" fbRx="85.26218567" lbRx="0" />
<wpr uId="799" tId="6" fbRx="85.26218567" lbRx="0" />
<wpr uId="799" tId="8" fbRx="85.26218567" lbRx="0" />
<pr uId="800" fId="8" fbTx="85.26229367" meta-info="ns3::WifiMacHeader (CTL_ACK Duration/ID=0us, RA=00:00:00:00:00:08) ns3::WifiMacTrailer ()" />
<wpr uId="800" tId="3" fbRx="85.26229367" lbRx="0" />
<wpr uId="800" tId="2" fbRx="85.2622945" lbRx="0" />
<wpr uId="800" tId="7" fbRx="85.2622945" lbRx="0" />
<pr uId="801" fId="8" fbTx="85.26239867" meta-info="ns3::WifiMacHeader (DATA ToDS=0, FromDS=0, MoreFrag=0, Retry=0, MoreData=0 Duration/ID=60us, DA=00:00:00:00:00:08, SA=00:00:00:00:00:09, BSSID=00:00:00:00:00:09, FragNumber=0, SeqNumber=99) ns3::LlcSnapHeader (type 0x800) ns3::Ipv4Header (tos 0x0 DSCP Default ECN Not-ECT ttl 64 id 8 protocol 17 offset (bytes) 0 flags [none] length: 41 192.168.2.4 &gt; 192.168.2.3) ns3::UdpHeader (length: 21 269 &gt; 269) ns3::Epidemic::TypeHeader (REPLY_BACK) ns3::Epidemic::SummaryVectorHeader ( Summary_vector header with size: 2
Global IDs:
NodeID:PacketID
0.0.2.4:132
0.0.2.186:698
) ns3::WifiMacTrailer ()" />
<wpr uId="801" tId="3" fbRx="85.26239867" lbRx="0" />
<wpr uId="801" tId="2" fbRx="85.2623995" lbRx="0" />
<wpr uId="801" tId="7" fbRx="85.2623995" lbRx="0" />
<pr uId="802" fId="7" fbTx="85.2625435" meta-info="ns3::WifiMacHeader (CTL_ACK Duration/ID=0us, RA=00:00:00:00:00:09) ns3::WifiMacTrailer ()" />
<wpr uId="802" tId="2" fbRx="85.2625435" lbRx="0" />
<wpr uId="802" tId="1" fbRx="85.26254433" lbRx="0" />
<wpr uId="802" tId="3" fbRx="85.26254433" lbRx="0" />
<wpr uId="802" tId="6" fbRx="85.26254433" lbRx="0" />
<wpr uId="802" tId="8" fbRx="85.26254433" lbRx="0" />
<pr uId="803" fId="2" fbTx="85.2627205" meta-info="ns3::WifiMacHeader (DATA ToDS=0, FromDS=0, MoreFrag=0, Retry=0, MoreData=0 Duration/ID=60us, DA=00:00:00:00:00:04, SA=00:00:00:00:00:03, BSSID=00:00:00:00:00:03, FragNumber=0, SeqNumber=63) ns3::LlcSnapHeader (type 0x800) ns3::Ipv4Header (tos 0x0 DSCP Default ECN Not-ECT ttl 64 id 2 protocol 17 offset (bytes) 0 flags [none] length: 2076 192.168.1.3 &gt; 192.168.1.4) ns3::UdpHeader (length: 2056 49155 &gt; 6) Payload (size=2048) ns3::WifiMacTrailer ()" />
<wpr uId="803" tId="7" fbRx="85.2627205" lbRx="0" />
<wpr uId="803" tId="1" fbRx="85.26272133" lbRx="0" />
<wpr uId="803" tId="3" fbRx="85.26272133" lbRx="0" />
<wpr uId="803" tId="6" fbRx="85.26272133" lbRx="0" />
<wpr uId="803" tId="8" fbRx="85.26272133" lbRx="0" />
<pr uId="804" fId="3" fbTx="85.26557733" meta-info="ns3::WifiMacHeader (CTL_ACK Duration/ID=0us, RA=00:00:00:00:00:03) ns3::WifiMacTrailer ()" />
<wpr uId="804" tId="8" fbRx="85.26557733" lbRx="0" />
<wpr uId="804" tId="2" fbRx="85.26557816" lbRx="0" />
<wpr uId="804" tId="7" fbRx="85.26557816" lbRx="0" />
<pr uId="805" fId="7" fbTx="85.26566517" meta-info="ns3::WifiMacHeader (DATA ToDS=0, FromDS=0, MoreFrag=0, Retry=0, MoreData=0 Duration/ID=60us, DA=00:00:00:00:00:09, SA=00:00:00:00:00:08, BSSID=00:00:00:00:00:08, FragNumber=0, SeqNumber=104) ns3::LlcSnapHeader (type 0x800) ns3::Ipv4Header (tos 0x0 DSCP Default ECN Not-ECT ttl 64 id 0 protocol 17 offset (bytes) 0 flags [none] length: 2092 192.168.2.1 &gt; 192.168.2.5) ns3::Epidemic::EpidemicHeader ( Packet ID: 33619996 Hop count: 998 TimeStamp: +54000000000.0ns) ns3::UdpHeader (length: 2056 49153 &gt; 6) Payload (size=2048) ns3::WifiMacTrailer ()" />
<wpr uId="805" tId="2" fbRx="85.26566517" lbRx="0" />
<wpr uId="805" tId="1" fbRx="85.265666" lbRx="0" />
<wpr uId="805" tId="3" fbRx="85.265666" lbRx="0" />
<wpr uId="805" tId="6" fbRx="85.265666" lbRx="0" />
<wpr uId="805" tId="8" fbRx="85.265666" lbRx="0" />
<pr uId="806" fId="8" fbTx="85.267598" meta-info="ns3::WifiMacHeader (CTL_ACK Duration/ID=0us, RA=00:00:00:00:00:08) ns3::WifiMacTrailer ()" />
<wpr uId="806" tId="3" fbRx="85.267598" lbRx="0" />
<wpr uId="806" tId="2" fbRx="85.26759883" lbRx="0" />
<wpr uId="806" tId="7" fbRx="85.26759883" lbRx="0" />
<pr uId="807" fId="1" fbTx="85.37180008" meta-info="ns3::WifiMacHeader (DATA ToDS=0, FromDS=0, MoreFrag=0, Retry=0, MoreData=0 Duration/ID=0us, DA=ff:ff:ff:ff:ff:ff, SA=00:00:00:00:00:02, BSSID=00:00:00:00:00:02, FragNumber=0, SeqNumber=47) ns3::LlcSnapHeader (type 0x800) ns3::Ipv4Header (tos 0x0 DSCP Default ECN Not-ECT ttl 64 id 44 protocol 17 offset (bytes) 0 flags [none] length: 80 192.168.1.2 &gt; 192.168.1.255) ns3::UdpHeader (length: 60 698 &gt; 698) ns3::olsr::PacketHeader () ns3::olsr::MessageHeader () ns3::olsr::MessageHeader () ns3::WifiMacTrailer ()" />
<wpr uId="807" tId="6" fbRx="85.37180008" lbRx="0" />
<wpr uId="807" tId="0" fbRx="85.37180091" lbRx="0" />
<wpr uId="807" tId="2" fbRx="85.37180091" lbRx="0" />
<wpr uId="807" tId="5" fbRx="85.37180091" lbRx="0" />
<wpr uId="807" tId="7" fbRx="85.37180091" lbRx="0" />
<pr uId="808" fId="2" fbTx="85.76086529" meta-info="ns3::WifiMacHeader (DATA ToDS=0, FromDS=0, MoreFrag=0, Retry=0, MoreData=0 Duration/ID=0us, DA=ff:ff:ff:ff:ff:ff, SA=00:00:00:00:00:03, BSSID=00:00:00:00:00:03, FragNumber=0, SeqNumber=64) ns3::LlcSnapHeader (type 0x800) ns3::Ipv4Header (tos 0x0 DSCP Default ECN Not-ECT ttl 64 id 58 protocol 17 offset (bytes) 0 flags [none] length: 56 192.168.1.3 &gt; 192.168.1.255) ns3::UdpHeader (length: 36 698 &gt; 698) ns3::olsr::PacketHeader () ns3::olsr::MessageHeader () ns3::WifiMacTrailer ()" />
<wpr uId="808" tId="7" fbRx="85.76086529" lbRx="0" />
<wpr uId="808" tId="1" fbRx="85.76086612" lbRx="0" />
<wpr uId="808" tId="3" fbRx="85.76086612" lbRx="0" />
<wpr uId="808" tId="6" fbRx="85.76086612" lbRx="0" />
<wpr uId="808" tId="8" fbRx="85.76086612" lbRx="0" />
<pr uId="809" fId="9" fbTx="85.818" meta-info="ns3::WifiMacHeader (DATA ToDS=0, FromDS=0, MoreFrag=0, Retry=0, MoreData=0 Duration/ID=0us, DA=ff:ff:ff:ff:ff:ff, SA=00:00:00:00:00:0a, BSSID=00:00:00:00:00:0a, FragNumber=0, SeqNumber=89) ns3::LlcSnapHeader (type 0x800) ns3::Ipv4Header (tos 0x0 DSCP Default ECN Not-ECT ttl 64 id 81 protocol 17 offset (bytes) 0 flags [none] length: 45 192.168.2.5 &gt; 192.168.2.255) ns3::UdpHeader (length: 25 269 &gt; 269) ns3::Epidemic::TypeHeader (BEACON) ns3::Epidemic::EpidemicHeader ( Packet ID: 1101480448 Hop count: 1000 TimeStamp: +0.0ns) ns3::WifiMacTrailer ()" />
<wpr uId="809" tId="4" fbRx="85.818" lbRx="0" />
<pr uId="810" fId="6" fbTx="86.024" meta-info="ns3::WifiMacHeader (DATA ToDS=0, FromDS=0, MoreFrag=0, Retry=0, MoreData=0 Duration/ID=0us, DA=ff:ff:ff:ff:ff:ff, SA=00:00:00:00:00:07, BSSID=00:00:00:00:00:07, FragNumber=0, SeqNumber=97) ns3::LlcSnapHeader (type 0x800) ns3::Ipv4Header (tos 0x0 DSCP Default ECN Not-ECT ttl 64 id 81 protocol 17 offset (bytes) 0 flags [none] length: 45 192.168.2.2 &gt; 192.168.2.255) ns3::UdpHeader (length: 25 269 &gt; 269) ns3::Epidemic::TypeHeader (BEACON) ns3::Epidemic::EpidemicHeader ( Packet ID: 1101480448 Hop count: 1000 TimeStamp: +0.0ns) ns3::WifiMacTrailer ()" />
<wpr uId="810" tId="1" fbRx="86.024" lbRx="0" />
<wpr uId="810" tId="0" fbRx="86.02400083" lbRx="0" />
<wpr uId="810" tId="2" fbRx="86.02400083" lbRx="0" />
<wpr uId="810" tId="5" fbRx="86.02400083" lbRx="0" />
<wpr uId="810" tId="7" fbRx="86.02400083" lbRx="0" />
<pr uId="811" fId="7" fbTx="86.057" meta-info="ns3::WifiMacHeader (DATA ToDS=0, FromDS=0, MoreFrag=0, Retry=0, MoreData=0 Duration/ID=0us, DA=ff:ff:ff:ff:ff:ff, SA=00:00:00:00:00:08, BSSID=00:00:00:00:00:08, FragNumber=0, SeqNumber=105) ns3::LlcSnapHeader (type 0x800) ns3::Ipv4Header (tos 0x0 DSCP Default ECN Not-ECT ttl 64 id 81 protocol 17 offset (bytes) 0 flags [none] length: 45 192.168.2.3 &gt; 192.168.2.255) ns3::UdpHeader (length: 25 269 &gt; 269) ns3::Epidemic::TypeHeader (BEACON) ns3::Epidemic::EpidemicHeader ( Packet ID: 1101480448 Hop count: 1000 TimeStamp: +0.0ns) ns3::WifiMacTrailer ()" />
<wpr uId="811" tId="2" fbRx="86.057" lbRx="0" />
<wpr uId="811" tId="1" fbRx="86.05700083" lbRx="0" />
<wpr uId="811" tId="3" fbRx="86.05700083" lbRx="0" />
<wpr uId="811" tId="6" fbRx="86.05700083" lbRx="0" />
<wpr uId="811" tId="8" fbRx="86.05700083" lbRx="0" />
<pr uId="812" fId="5" fbTx="86.065" meta-info="ns3::WifiMacHeader (DATA ToDS=0, FromDS=0, MoreFrag=0, Retry=0, MoreData=0 Duration/ID=0us, DA=ff:ff:ff:ff:ff:ff, SA=00:00:00:00:00:06, BSSID=00:00:00:00:00:06, FragNumber=0, SeqNumber=86) ns3::LlcSnapHeader (type 0x800) ns3::Ipv4Header (tos 0x0 DSCP Default ECN Not-ECT ttl 64 id 81 protocol 17 offset (bytes) 0 flags [none] length: 45 192.168.2.1 &gt; 192.168.2.255) ns3::UdpHeader (length: 25 269 &gt; 269) ns3::Epidemic::TypeHeader (BEACON) ns3::Epidemic::EpidemicHeader ( Packet ID: 1101480448 Hop count: 1000 TimeStamp: +0.0ns) ns3::WifiMacTrailer ()" />
<wpr uId="812" tId="0" fbRx="86.065" lbRx="0" />
<wpr uId="812" tId="1" fbRx="86.06500083" lbRx="0" />
<wpr uId="812" tId="6" fbRx="86.06500083" lbRx="0" />
<pr uId="813" fId="0" fbTx="86.07661918" meta-info="ns3::WifiMacHeader (DATA ToDS=0, FromDS=0, MoreFrag=0, Retry=0, MoreData=0 Duration/ID=0us, DA=ff:ff:ff:ff:ff:ff, SA=00:00:00:00:00:01, BSSID=00:00:00:00:00:01, FragNumber=0, SeqNumber=47) ns3::LlcSnapHeader (type 0x800) ns3::Ipv4Header (tos 0x0 DSCP Default ECN Not-ECT ttl 64 id 43 protocol 17 offset (bytes) 0 flags [none] length: 56 192.168.1.1 &gt; 192.168.1.255) ns3::UdpHeader (length: 36 698 &gt; 698) ns3::olsr::PacketHeader () ns3::olsr::MessageHeader () ns3::WifiMacTrailer ()" />
<wpr uId="813" tId="5" fbRx="86.07661918" lbRx="0" />
<wpr uId="813" tId="1" fbRx="86.07662001" lbRx="0" />
<wpr uId="813" tId="6" fbRx="86.07662001" lbRx="0" />
<pr uId="814" fId="3" fbTx="86.08653424" meta-info="ns3::WifiMacHeader (DATA ToDS=0, FromDS=0, MoreFrag=0, Retry=0, MoreData=0 Duration/ID=0us, DA=ff:ff:ff:ff:ff:ff, SA=00:00:00:00:00:04, BSSID=00:00:00:00:00:04, FragNumber=0, SeqNumber=56) ns3::LlcSnapHeader (type 0x800) ns3::Ipv4Header (tos 0x0 DSCP Default ECN Not-ECT ttl 64 id 55 protocol 17 offset (bytes) 0 flags [none] length: 56 192.168.1.4 &gt; 192.168.1.255) ns3::UdpHeader (length: 36 698 &gt; 698) ns3::olsr::PacketHeader () ns3::olsr::MessageHeader () ns3::WifiMacTrailer ()" />
<wpr uId="814" tId="8" fbRx="86.08653424" lbRx="0" />
<wpr uId="814" tId="2" fbRx="86.08653507" lbRx="0" />
<wpr uId="814" tId="7" fbRx="86.08653507" lbRx="0" />
<pr uId="815" fId="4" fbTx="86.2179576" meta-info="ns3::WifiMacHeader (DATA ToDS=0, FromDS=0, MoreFrag=0, Retry=0, MoreData=0 Duration/ID=0us, DA=ff:ff:ff:ff:ff:ff, SA=00:00:00:00:00:05, BSSID=00:00:00:00:00:05, FragNumber=0, SeqNumber=43) ns3::LlcSnapHeader (type 0x800) ns3::Ipv4Header (tos 0x0 DSCP Default ECN Not-ECT ttl 64 id 43 protocol 17 offset (bytes) 0 flags [none] length: 48 192.168.1.5 &gt; 192.168.1.255) ns3::UdpHeader (length: 28 698 &gt; 698) ns3::olsr::PacketHeader () ns3::olsr::MessageHeader () ns3::WifiMacTrailer ()" />
<wpr uId="815" tId="9" fbRx="86.2179576" lbRx="0" />
<pr uId="816" fId="2" fbTx="86.31898827" meta-info="ns3::WifiMacHeader (DATA ToDS=0, FromDS=0, MoreFrag=0, Retry=0, MoreData=0 Duration/ID=0us, DA=ff:ff:ff:ff:ff:ff, SA=00:00:00:00:00:03, BSSID=00:00:00:00:00:03, FragNumber=0, SeqNumber=65) ns3::LlcSnapHeader (type 0x800) ns3::Ipv4Header (tos 0x0 DSCP Default ECN Not-ECT ttl 64 id 59 protocol 17 offset (bytes) 0 flags [none] length: 64 192.168.1.3 &gt; 192.168.1.255) ns3::UdpHeader (length: 44 698 &gt; 698) ns3::olsr::PacketHeader () ns3::olsr::MessageHeader () ns3::WifiMacTrailer ()" />
<wpr uId="816" tId="7" fbRx="86.31898827" lbRx="0" />
<wpr uId="816" tId="1" fbRx="86.3189891" lbRx="0" />
<wpr uId="816" tId="3" fbRx="86.3189891" lbRx="0" />
<wpr uId="816" tId="6" fbRx="86.3189891" lbRx="0" />
<wpr uId="816" tId="8" fbRx="86.3189891" lbRx="0" />
<pr uId="817" fId="8" fbTx="86.333" meta-info="ns3::WifiMacHeader (DATA ToDS=0, FromDS=0, MoreFrag=0, Retry=0, MoreData=0 Duration/ID=0us, DA=ff:ff:ff:ff:ff:ff, SA=00:00:00:00:00:09, BSSID=00:00:00:00:00:09, FragNumber=0, SeqNumber=100) ns3::LlcSnapHeader (type 0x800) ns3::Ipv4Header (tos 0x0 DSCP Default ECN Not-ECT ttl 64 id 81 protocol 17 offset (bytes) 0 flags [none] length: 45 192.168.2.4 &gt; 192.168.2.255) ns3::UdpHeader (length: 25 269 &gt; 269) ns3::Epidemic::TypeHeader (BEACON) ns3::Epidemic::EpidemicHeader ( Packet ID: 1101480448 Hop count: 1000 TimeStamp: +0.0ns) ns3::WifiMacTrailer ()" />
<wpr uId="817" tId="3" fbRx="86.333" lbRx="0" />
<wpr uId="817" tId="2" fbRx="86.33300083" lbRx="0" />
<wpr uId="817" tId="7" fbRx="86.33300083" lbRx="0" />
<pr uId="818" fId="1" fbTx="86.38749626" meta-info="ns3::WifiMacHeader (DATA ToDS=0, FromDS=0, MoreFrag=0, Retry=0, MoreData=0 Duration/ID=0us, DA=ff:ff:ff:ff:ff:ff, SA=00:00:00:00:00:02, BSSID=00:00:00:00:00:02, FragNumber=0, SeqNumber=48) ns3::LlcSnapHeader (type 0x800) ns3::Ipv4Header (tos 0x0 DSCP Default ECN Not-ECT ttl 64 id 45 protocol 17 offset (bytes) 0 flags [none] length: 64 192.168.1.2 &gt; 192.168.1.255) ns3::UdpHeader (length: 44 698 &gt; 698) ns3::olsr::PacketHeader () ns3::olsr::MessageHeader () ns3::WifiMacTrailer ()" />
<wpr uId="818" tId="6" fbRx="86.38749626" lbRx="0" />
<wpr uId="818" tId="0" fbRx="86.3874971" lbRx="0" />
<wpr uId="818" tId="2" fbRx="86.3874971" lbRx="0" />
<wpr uId="818" tId="5" fbRx="86.3874971" lbRx="0" />
<wpr uId="818" tId="7" fbRx="86.3874971" lbRx="0" />
<pr uId="819" fId="9" fbTx="86.882" meta-info="ns3::WifiMacHeader (DATA ToDS=0, FromDS=0, MoreFrag=0, Retry=0, MoreData=0 Duration/ID=0us, DA=ff:ff:ff:ff:ff:ff, SA=00:00:00:00:00:0a, BSSID=00:00:00:00:00:0a, FragNumber=0, SeqNumber=90) ns3::LlcSnapHeader (type 0x800) ns3::Ipv4Header (tos 0x0 DSCP Default ECN Not-ECT ttl 64 id 82 protocol 17 offset (bytes) 0 flags [none] length: 45 192.168.2.5 &gt; 192.168.2.255) ns3::UdpHeader (length: 25 269 &gt; 269) ns3::Epidemic::TypeHeader (BEACON) ns3::Epidemic::EpidemicHeader ( Packet ID: 1101480448 Hop count: 1000 TimeStamp: +0.0ns) ns3::WifiMacTrailer ()" />
<wpr uId="819" tId="4" fbRx="86.882" lbRx="0" />
<pr uId="820" fId="7" fbTx="87.073" meta-info="ns3::WifiMacHeader (DATA ToDS=0, FromDS=0, MoreFrag=0, Retry=0, MoreData=0 Duration/ID=0us, DA=ff:ff:ff:ff:ff:ff, SA=00:00:00:00:00:08, BSSID=00:00:00:00:00:08, FragNumber=0, SeqNumber=106) ns3::LlcSnapHeader (type 0x800) ns3::Ipv4Header (tos 0x0 DSCP Default ECN Not-ECT ttl 64 id 82 protocol 17 offset (bytes) 0 flags [none] length: 45 192.168.2.3 &gt; 192.168.2.255) ns3::UdpHeader (length: 25 269 &gt; 269) ns3::Epidemic::TypeHeader (BEACON) ns3::Epidemic::EpidemicHeader ( Packet ID: 1101480448 Hop count: 1000 TimeStamp: +0.0ns) ns3::WifiMacTrailer ()" />
<wpr uId="820" tId="2" fbRx="87.073" lbRx="0" />
<wpr uId="820" tId="1" fbRx="87.07300083" lbRx="0" />
<wpr uId="820" tId="3" fbRx="87.07300083" lbRx="0" />
<wpr uId="820" tId="6" fbRx="87.07300083" lbRx="0" />
<wpr uId="820" tId="8" fbRx="87.07300083" lbRx="0" />
<pr uId="821" fId="6" fbTx="87.081" meta-info="ns3::WifiMacHeader (DATA ToDS=0, FromDS=0, MoreFrag=0, Retry=0, MoreData=0 Duration/ID=0us, DA=ff:ff:ff:ff:ff:ff, SA=00:00:00:00:00:07, BSSID=00:00:00:00:00:07, FragNumber=0, SeqNumber=98) ns3::LlcSnapHeader (type 0x800) ns3::Ipv4Header (tos 0x0 DSCP Default ECN Not-ECT ttl 64 id 82 protocol 17 offset (bytes) 0 flags [none] length: 45 192.168.2.2 &gt; 192.168.2.255) ns3::UdpHeader (length: 25 269 &gt; 269) ns3::Epidemic::TypeHeader (BEACON) ns3::Epidemic::EpidemicHeader ( Packet ID: 1101480448 Hop count: 1000 TimeStamp: +0.0ns) ns3::WifiMacTrailer ()" />
<wpr uId="821" tId="1" fbRx="87.081" lbRx="0" />
<wpr uId="821" tId="0" fbRx="87.08100083" lbRx="0" />
<wpr uId="821" tId="2" fbRx="87.08100083" lbRx="0" />
<wpr uId="821" tId="5" fbRx="87.08100083" lbRx="0" />
<wpr uId="821" tId="7" fbRx="87.08100083" lbRx="0" />
<pr uId="822" fId="5" fbTx="87.086" meta-info="ns3::WifiMacHeader (DATA ToDS=0, FromDS=0, MoreFrag=0, Retry=0, MoreData=0 Duration/ID=0us, DA=ff:ff:ff:ff:ff:ff, SA=00:00:00:00:00:06, BSSID=00:00:00:00:00:06, FragNumber=0, SeqNumber=87) ns3::LlcSnapHeader (type 0x800) ns3::Ipv4Header (tos 0x0 DSCP Default ECN Not-ECT ttl 64 id 82 protocol 17 offset (bytes) 0 flags [none] length: 45 192.168.2.1 &gt; 192.168.2.255) ns3::UdpHeader (length: 25 269 &gt; 269) ns3::Epidemic::TypeHeader (BEACON) ns3::Epidemic::EpidemicHeader ( Packet ID: 1101480448 Hop count: 1000 TimeStamp: +0.0ns) ns3::WifiMacTrailer ()" />
<wpr uId="822" tId="0" fbRx="87.086" lbRx="0" />
<wpr uId="822" tId="1" fbRx="87.08600083" lbRx="0" />
<wpr uId="822" tId="6" fbRx="87.08600083" lbRx="0" />
<pr uId="823" fId="8" fbTx="87.389" meta-info="ns3::WifiMacHeader (DATA ToDS=0, FromDS=0, MoreFrag=0, Retry=0, MoreData=0 Duration/ID=0us, DA=ff:ff:ff:ff:ff:ff, SA=00:00:00:00:00:09, BSSID=00:00:00:00:00:09, FragNumber=0, SeqNumber=101) ns3::LlcSnapHeader (type 0x800) ns3::Ipv4Header (tos 0x0 DSCP Default ECN Not-ECT ttl 64 id 82 protocol 17 offset (bytes) 0 flags [none] length: 45 192.168.2.4 &gt; 192.168.2.255) ns3::UdpHeader (length: 25 269 &gt; 269) ns3::Epidemic::TypeHeader (BEACON) ns3::Epidemic::EpidemicHeader ( Packet ID: 1101480448 Hop count: 1000 TimeStamp: +0.0ns) ns3::WifiMacTrailer ()" />
<wpr uId="823" tId="3" fbRx="87.389" lbRx="0" />
<wpr uId="823" tId="2" fbRx="87.38900083" lbRx="0" />
<wpr uId="823" tId="7" fbRx="87.38900083" lbRx="0" />
<pr uId="824" fId="9" fbTx="87.954" meta-info="ns3::WifiMacHeader (DATA ToDS=0, FromDS=0, MoreFrag=0, Retry=0, MoreData=0 Duration/ID=0us, DA=ff:ff:ff:ff:ff:ff, SA=00:00:00:00:00:0a, BSSID=00:00:00:00:00:0a, FragNumber=0, SeqNumber=91) ns3::LlcSnapHeader (type 0x800) ns3::Ipv4Header (tos 0x0 DSCP Default ECN Not-ECT ttl 64 id 83 protocol 17 offset (bytes) 0 flags [none] length: 45 192.168.2.5 &gt; 192.168.2.255) ns3::UdpHeader (length: 25 269 &gt; 269) ns3::Epidemic::TypeHeader (BEACON) ns3::Epidemic::EpidemicHeader ( Packet ID: 1101480448 Hop count: 1000 TimeStamp: +0.0ns) ns3::WifiMacTrailer ()" />
<wpr uId="824" tId="4" fbRx="87.954" lbRx="0" />
<pr uId="825" fId="6" fbTx="88.101" meta-info="ns3::WifiMacHeader (DATA ToDS=0, FromDS=0, MoreFrag=0, Retry=0, MoreData=0 Duration/ID=0us, DA=ff:ff:ff:ff:ff:ff, SA=00:00:00:00:00:07, BSSID=00:00:00:00:00:07, FragNumber=0, SeqNumber=99) ns3::LlcSnapHeader (type 0x800) ns3::Ipv4Header (tos 0x0 DSCP Default ECN Not-ECT ttl 64 id 83 protocol 17 offset (bytes) 0 flags [none] length: 45 192.168.2.2 &gt; 192.168.2.255) ns3::UdpHeader (length: 25 269 &gt; 269) ns3::Epidemic::TypeHeader (BEACON) ns3::Epidemic::EpidemicHeader ( Packet ID: 1101480448 Hop count: 1000 TimeStamp: +0.0ns) ns3::WifiMacTrailer ()" />
<wpr uId="825" tId="1" fbRx="88.101" lbRx="0" />
<wpr uId="825" tId="0" fbRx="88.10100083" lbRx="0" />
<wpr uId="825" tId="2" fbRx="88.10100083" lbRx="0" />
<wpr uId="825" tId="5" fbRx="88.10100083" lbRx="0" />
<wpr uId="825" tId="7" fbRx="88.10100083" lbRx="0" />
<pr uId="826" fId="7" fbTx="88.114" meta-info="ns3::WifiMacHeader (DATA ToDS=0, FromDS=0, MoreFrag=0, Retry=0, MoreData=0 Duration/ID=0us, DA=ff:ff:ff:ff:ff:ff, SA=00:00:00:00:00:08, BSSID=00:00:00:00:00:08, FragNumber=0, SeqNumber=107) ns3::LlcSnapHeader (type 0x800) ns3::Ipv4Header (tos 0x0 DSCP Default ECN Not-ECT ttl 64 id 83 protocol 17 offset (bytes) 0 flags [none] length: 45 192.168.2.3 &gt; 192.168.2.255) ns3::UdpHeader (length: 25 269 &gt; 269) ns3::Epidemic::TypeHeader (BEACON) ns3::Epidemic::EpidemicHeader ( Packet ID: 1101480448 Hop count: 1000 TimeStamp: +0.0ns) ns3::WifiMacTrailer ()" />
<wpr uId="826" tId="2" fbRx="88.114" lbRx="0" />
<wpr uId="826" tId="1" fbRx="88.11400083" lbRx="0" />
<wpr uId="826" tId="3" fbRx="88.11400083" lbRx="0" />
<wpr uId="826" tId="6" fbRx="88.11400083" lbRx="0" />
<wpr uId="826" tId="8" fbRx="88.11400083" lbRx="0" />
<pr uId="827" fId="5" fbTx="88.146" meta-info="ns3::WifiMacHeader (DATA ToDS=0, FromDS=0, MoreFrag=0, Retry=0, MoreData=0 Duration/ID=0us, DA=ff:ff:ff:ff:ff:ff, SA=00:00:00:00:00:06, BSSID=00:00:00:00:00:06, FragNumber=0, SeqNumber=88) ns3::LlcSnapHeader (type 0x800) ns3::Ipv4Header (tos 0x0 DSCP Default ECN Not-ECT ttl 64 id 83 protocol 17 offset (bytes) 0 flags [none] length: 45 192.168.2.1 &gt; 192.168.2.255) ns3::UdpHeader (length: 25 269 &gt; 269) ns3::Epidemic::TypeHeader (BEACON) ns3::Epidemic::EpidemicHeader ( Packet ID: 1101480448 Hop count: 1000 TimeStamp: +0.0ns) ns3::WifiMacTrailer ()" />
<wpr uId="827" tId="0" fbRx="88.146" lbRx="0" />
<wpr uId="827" tId="1" fbRx="88.14600083" lbRx="0" />
<wpr uId="827" tId="6" fbRx="88.14600083" lbRx="0" />
<pr uId="828" fId="2" fbTx="88.21721095" meta-info="ns3::WifiMacHeader (DATA ToDS=0, FromDS=0, MoreFrag=0, Retry=0, MoreData=0 Duration/ID=0us, DA=ff:ff:ff:ff:ff:ff, SA=00:00:00:00:00:03, BSSID=00:00:00:00:00:03, FragNumber=0, SeqNumber=66) ns3::LlcSnapHeader (type 0x800) ns3::Ipv4Header (tos 0x0 DSCP Default ECN Not-ECT ttl 64 id 60 protocol 17 offset (bytes) 0 flags [none] length: 64 192.168.1.3 &gt; 192.168.1.255) ns3::UdpHeader (length: 44 698 &gt; 698) ns3::olsr::PacketHeader () ns3::olsr::MessageHeader () ns3::WifiMacTrailer ()" />
<wpr uId="828" tId="7" fbRx="88.21721095" lbRx="0" />
<wpr uId="828" tId="1" fbRx="88.21721179" lbRx="0" />
<wpr uId="828" tId="3" fbRx="88.21721179" lbRx="0" />
<wpr uId="828" tId="6" fbRx="88.21721179" lbRx="0" />
<wpr uId="828" tId="8" fbRx="88.21721179" lbRx="0" />
<pr uId="829" fId="3" fbTx="88.41351533" meta-info="ns3::WifiMacHeader (DATA ToDS=0, FromDS=0, MoreFrag=0, Retry=0, MoreData=0 Duration/ID=0us, DA=ff:ff:ff:ff:ff:ff, SA=00:00:00:00:00:04, BSSID=00:00:00:00:00:04, FragNumber=0, SeqNumber=57) ns3::LlcSnapHeader (type 0x800) ns3::Ipv4Header (tos 0x0 DSCP Default ECN Not-ECT ttl 64 id 56 protocol 17 offset (bytes) 0 flags [none] length: 56 192.168.1.4 &gt; 192.168.1.255) ns3::UdpHeader (length: 36 698 &gt; 698) ns3::olsr::PacketHeader () ns3::olsr::MessageHeader () ns3::WifiMacTrailer ()" />
<wpr uId="829" tId="8" fbRx="88.41351533" lbRx="0" />
<wpr uId="829" tId="2" fbRx="88.41351616" lbRx="0" />
<wpr uId="829" tId="7" fbRx="88.41351616" lbRx="0" />
<pr uId="830" fId="1" fbTx="88.44197834" meta-info="ns3::WifiMacHeader (DATA ToDS=0, FromDS=0, MoreFrag=0, Retry=0, MoreData=0 Duration/ID=0us, DA=ff:ff:ff:ff:ff:ff, SA=00:00:00:00:00:02, BSSID=00:00:00:00:00:02, FragNumber=0, SeqNumber=49) ns3::LlcSnapHeader (type 0x800) ns3::Ipv4Header (tos 0x0 DSCP Default ECN Not-ECT ttl 64 id 46 protocol 17 offset (bytes) 0 flags [none] length: 64 192.168.1.2 &gt; 192.168.1.255) ns3::UdpHeader (length: 44 698 &gt; 698) ns3::olsr::PacketHeader () ns3::olsr::MessageHeader () ns3::WifiMacTrailer ()" />
<wpr uId="830" tId="6" fbRx="88.44197834" lbRx="0" />
<wpr uId="830" tId="0" fbRx="88.44197918" lbRx="0" />
<wpr uId="830" tId="2" fbRx="88.44197918" lbRx="0" />
<wpr uId="830" tId="5" fbRx="88.44197918" lbRx="0" />
<wpr uId="830" tId="7" fbRx="88.44197918" lbRx="0" />
<pr uId="831" fId="4" fbTx="88.44254764" meta-info="ns3::WifiMacHeader (DATA ToDS=0, FromDS=0, MoreFrag=0, Retry=0, MoreData=0 Duration/ID=0us, DA=ff:ff:ff:ff:ff:ff, SA=00:00:00:00:00:05, BSSID=00:00:00:00:00:05, FragNumber=0, SeqNumber=44) ns3::LlcSnapHeader (type 0x800) ns3::Ipv4Header (tos 0x0 DSCP Default ECN Not-ECT ttl 64 id 44 protocol 17 offset (bytes) 0 flags [none] length: 48 192.168.1.5 &gt; 192.168.1.255) ns3::UdpHeader (length: 28 698 &gt; 698) ns3::olsr::PacketHeader () ns3::olsr::MessageHeader () ns3::WifiMacTrailer ()" />
<wpr uId="831" tId="9" fbRx="88.44254764" lbRx="0" />
<pr uId="832" fId="0" fbTx="88.46260267" meta-info="ns3::WifiMacHeader (DATA ToDS=0, FromDS=0, MoreFrag=0, Retry=0, MoreData=0 Duration/ID=0us, DA=ff:ff:ff:ff:ff:ff, SA=00:00:00:00:00:01, BSSID=00:00:00:00:00:01, FragNumber=0, SeqNumber=48) ns3::LlcSnapHeader (type 0x800) ns3::Ipv4Header (tos 0x0 DSCP Default ECN Not-ECT ttl 64 id 44 protocol 17 offset (bytes) 0 flags [none] length: 56 192.168.1.1 &gt; 192.168.1.255) ns3::UdpHeader (length: 36 698 &gt; 698) ns3::olsr::PacketHeader () ns3::olsr::MessageHeader () ns3::WifiMacTrailer ()" />
<wpr uId="832" tId="5" fbRx="88.46260267" lbRx="0" />
<wpr uId="832" tId="1" fbRx="88.46260351" lbRx="0" />
<wpr uId="832" tId="6" fbRx="88.46260351" lbRx="0" />
<pr uId="833" fId="8" fbTx="88.464" meta-info="ns3::WifiMacHeader (DATA ToDS=0, FromDS=0, MoreFrag=0, Retry=0, MoreData=0 Duration/ID=0us, DA=ff:ff:ff:ff:ff:ff, SA=00:00:00:00:00:09, BSSID=00:00:00:00:00:09, FragNumber=0, SeqNumber=102) ns3::LlcSnapHeader (type 0x800) ns3::Ipv4Header (tos 0x0 DSCP Default ECN Not-ECT ttl 64 id 83 protocol 17 offset (bytes) 0 flags [none] length: 45 192.168.2.4 &gt; 192.168.2.255) ns3::UdpHeader (length: 25 269 &gt; 269) ns3::Epidemic::TypeHeader (BEACON) ns3::Epidemic::EpidemicHeader ( Packet ID: 1101480448 Hop count: 1000 TimeStamp: +0.0ns) ns3::WifiMacTrailer ()" />
<wpr uId="833" tId="3" fbRx="88.464" lbRx="0" />
<wpr uId="833" tId="2" fbRx="88.46400083" lbRx="0" />
<wpr uId="833" tId="7" fbRx="88.46400083" lbRx="0" />
<pr uId="834" fId="9" fbTx="89.036" meta-info="ns3::WifiMacHeader (DATA ToDS=0, FromDS=0, MoreFrag=0, Retry=0, MoreData=0 Duration/ID=0us, DA=ff:ff:ff:ff:ff:ff, SA=00:00:00:00:00:0a, BSSID=00:00:00:00:00:0a, FragNumber=0, SeqNumber=92) ns3::LlcSnapHeader (type 0x800) ns3::Ipv4Header (tos 0x0 DSCP Default ECN Not-ECT ttl 64 id 84 protocol 17 offset (bytes) 0 flags [none] length: 45 192.168.2.5 &gt; 192.168.2.255) ns3::UdpHeader (length: 25 269 &gt; 269) ns3::Epidemic::TypeHeader (BEACON) ns3::Epidemic::EpidemicHeader ( Packet ID: 1101480448 Hop count: 1000 TimeStamp: +0.0ns) ns3::WifiMacTrailer ()" />
<wpr uId="834" tId="4" fbRx="89.036" lbRx="0" />
<pr uId="835" fId="5" fbTx="89.152" meta-info="ns3::WifiMacHeader (DATA ToDS=0, FromDS=0, MoreFrag=0, Retry=0, MoreData=0 Duration/ID=0us, DA=ff:ff:ff:ff:ff:ff, SA=00:00:00:00:00:06, BSSID=00:00:00:00:00:06, FragNumber=0, SeqNumber=89) ns3::LlcSnapHeader (type 0x800) ns3::Ipv4Header (tos 0x0 DSCP Default ECN Not-ECT ttl 64 id 84 protocol 17 offset (bytes) 0 flags [none] length: 45 192.168.2.1 &gt; 192.168.2.255) ns3::UdpHeader (length: 25 269 &gt; 269) ns3::Epidemic::TypeHeader (BEACON) ns3::Epidemic::EpidemicHeader ( Packet ID: 1101480448 Hop count: 1000 TimeStamp: +0.0ns) ns3::WifiMacTrailer ()" />
<wpr uId="835" tId="0" fbRx="89.152" lbRx="0" />
<wpr uId="835" tId="1" fbRx="89.15200083" lbRx="0" />
<wpr uId="835" tId="6" fbRx="89.15200083" lbRx="0" />
<pr uId="836" fId="6" fbTx="89.166" meta-info="ns3::WifiMacHeader (DATA ToDS=0, FromDS=0, MoreFrag=0, Retry=0, MoreData=0 Duration/ID=0us, DA=ff:ff:ff:ff:ff:ff, SA=00:00:00:00:00:07, BSSID=00:00:00:00:00:07, FragNumber=0, SeqNumber=100) ns3::LlcSnapHeader (type 0x800) ns3::Ipv4Header (tos 0x0 DSCP Default ECN Not-ECT ttl 64 id 84 protocol 17 offset (bytes) 0 flags [none] length: 45 192.168.2.2 &gt; 192.168.2.255) ns3::UdpHeader (length: 25 269 &gt; 269) ns3::Epidemic::TypeHeader (BEACON) ns3::Epidemic::EpidemicHeader ( Packet ID: 1101480448 Hop count: 1000 TimeStamp: +0.0ns) ns3::WifiMacTrailer ()" />
<wpr uId="836" tId="1" fbRx="89.166" lbRx="0" />
<wpr uId="836" tId="0" fbRx="89.16600083" lbRx="0" />
<wpr uId="836" tId="2" fbRx="89.16600083" lbRx="0" />
<wpr uId="836" tId="5" fbRx="89.16600083" lbRx="0" />
<wpr uId="836" tId="7" fbRx="89.16600083" lbRx="0" />
<pr uId="837" fId="7" fbTx="89.193" meta-info="ns3::WifiMacHeader (DATA ToDS=0, FromDS=0, MoreFrag=0, Retry=0, MoreData=0 Duration/ID=0us, DA=ff:ff:ff:ff:ff:ff, SA=00:00:00:00:00:08, BSSID=00:00:00:00:00:08, FragNumber=0, SeqNumber=108) ns3::LlcSnapHeader (type 0x800) ns3::Ipv4Header (tos 0x0 DSCP Default ECN Not-ECT ttl 64 id 84 protocol 17 offset (bytes) 0 flags [none] length: 45 192.168.2.3 &gt; 192.168.2.255) ns3::UdpHeader (length: 25 269 &gt; 269) ns3::Epidemic::TypeHeader (BEACON) ns3::Epidemic::EpidemicHeader ( Packet ID: 1101480448 Hop count: 1000 TimeStamp: +0.0ns) ns3::WifiMacTrailer ()" />
<wpr uId="837" tId="2" fbRx="89.193" lbRx="0" />
<wpr uId="837" tId="1" fbRx="89.19300083" lbRx="0" />
<wpr uId="837" tId="3" fbRx="89.19300083" lbRx="0" />
<wpr uId="837" tId="6" fbRx="89.19300083" lbRx="0" />
<wpr uId="837" tId="8" fbRx="89.19300083" lbRx="0" />
<nu p="p" t="89.5" id="5" x="0" y="0" />
<nu p="p" t="89.5" id="0" x="0" y="0" />
<pr uId="838" fId="8" fbTx="89.552" meta-info="ns3::WifiMacHeader (DATA ToDS=0, FromDS=0, MoreFrag=0, Retry=0, MoreData=0 Duration/ID=0us, DA=ff:ff:ff:ff:ff:ff, SA=00:00:00:00:00:09, BSSID=00:00:00:00:00:09, FragNumber=0, SeqNumber=103) ns3::LlcSnapHeader (type 0x800) ns3::Ipv4Header (tos 0x0 DSCP Default ECN Not-ECT ttl 64 id 84 protocol 17 offset (bytes) 0 flags [none] length: 45 192.168.2.4 &gt; 192.168.2.255) ns3::UdpHeader (length: 25 269 &gt; 269) ns3::Epidemic::TypeHeader (BEACON) ns3::Epidemic::EpidemicHeader ( Packet ID: 1101480448 Hop count: 1000 TimeStamp: +0.0ns) ns3::WifiMacTrailer ()" />
<wpr uId="838" tId="3" fbRx="89.552" lbRx="0" />
<wpr uId="838" tId="2" fbRx="89.55200083" lbRx="0" />
<wpr uId="838" tId="7" fbRx="89.55200083" lbRx="0" />
<nu p="p" t="89.75" id="0" x="-50" y="0" />
<nu p="p" t="89.75" id="5" x="-50" y="0" />
<nu p="p" t="90" id="5" x="-100" y="0" />
<nu p="p" t="90" id="0" x="-100" y="0" />
<pr uId="839" fId="4" fbTx="90.01214364" meta-info="ns3::WifiMacHeader (DATA ToDS=0, FromDS=0, MoreFrag=0, Retry=0, MoreData=0 Duration/ID=0us, DA=ff:ff:ff:ff:ff:ff, SA=00:00:00:00:00:05, BSSID=00:00:00:00:00:05, FragNumber=0, SeqNumber=45) ns3::LlcSnapHeader (type 0x800) ns3::Ipv4Header (tos 0x0 DSCP Default ECN Not-ECT ttl 64 id 45 protocol 17 offset (bytes) 0 flags [none] length: 48 192.168.1.5 &gt; 192.168.1.255) ns3::UdpHeader (length: 28 698 &gt; 698) ns3::olsr::PacketHeader () ns3::olsr::MessageHeader () ns3::WifiMacTrailer ()" />
<wpr uId="839" tId="9" fbRx="90.01214364" lbRx="0" />
<pr uId="840" fId="9" fbTx="90.124" meta-info="ns3::WifiMacHeader (DATA ToDS=0, FromDS=0, MoreFrag=0, Retry=0, MoreData=0 Duration/ID=0us, DA=ff:ff:ff:ff:ff:ff, SA=00:00:00:00:00:0a, BSSID=00:00:00:00:00:0a, FragNumber=0, SeqNumber=93) ns3::LlcSnapHeader (type 0x800) ns3::Ipv4Header (tos 0x0 DSCP Default ECN Not-ECT ttl 64 id 85 protocol 17 offset (bytes) 0 flags [none] length: 45 192.168.2.5 &gt; 192.168.2.255) ns3::UdpHeader (length: 25 269 &gt; 269) ns3::Epidemic::TypeHeader (BEACON) ns3::Epidemic::EpidemicHeader ( Packet ID: 1101480448 Hop count: 1000 TimeStamp: +0.0ns) ns3::WifiMacTrailer ()" />
<wpr uId="840" tId="4" fbRx="90.124" lbRx="0" />
<pr uId="841" fId="5" fbTx="90.173" meta-info="ns3::WifiMacHeader (DATA ToDS=0, FromDS=0, MoreFrag=0, Retry=0, MoreData=0 Duration/ID=0us, DA=ff:ff:ff:ff:ff:ff, SA=00:00:00:00:00:06, BSSID=00:00:00:00:00:06, FragNumber=0, SeqNumber=90) ns3::LlcSnapHeader (type 0x800) ns3::Ipv4Header (tos 0x0 DSCP Default ECN Not-ECT ttl 64 id 85 protocol 17 offset (bytes) 0 flags [none] length: 45 192.168.2.1 &gt; 192.168.2.255) ns3::UdpHeader (length: 25 269 &gt; 269) ns3::Epidemic::TypeHeader (BEACON) ns3::Epidemic::EpidemicHeader ( Packet ID: 1101480448 Hop count: 1000 TimeStamp: +0.0ns) ns3::WifiMacTrailer ()" />
<wpr uId="841" tId="0" fbRx="90.173" lbRx="0" />
<pr uId="842" fId="6" fbTx="90.185" meta-info="ns3::WifiMacHeader (DATA ToDS=0, FromDS=0, MoreFrag=0, Retry=0, MoreData=0 Duration/ID=0us, DA=ff:ff:ff:ff:ff:ff, SA=00:00:00:00:00:07, BSSID=00:00:00:00:00:07, FragNumber=0, SeqNumber=101) ns3::LlcSnapHeader (type 0x800) ns3::Ipv4Header (tos 0x0 DSCP Default ECN Not-ECT ttl 64 id 85 protocol 17 offset (bytes) 0 flags [none] length: 45 192.168.2.2 &gt; 192.168.2.255) ns3::UdpHeader (length: 25 269 &gt; 269) ns3::Epidemic::TypeHeader (BEACON) ns3::Epidemic::EpidemicHeader ( Packet ID: 1101480448 Hop count: 1000 TimeStamp: +0.0ns) ns3::WifiMacTrailer ()" />
<wpr uId="842" tId="1" fbRx="90.185" lbRx="0" />
<wpr uId="842" tId="2" fbRx="90.18500083" lbRx="0" />
<wpr uId="842" tId="7" fbRx="90.18500083" lbRx="0" />
<pr uId="843" fId="3" fbTx="90.19633691" meta-info="ns3::WifiMacHeader (DATA ToDS=0, FromDS=0, MoreFrag=0, Retry=0, MoreData=0 Duration/ID=0us, DA=ff:ff:ff:ff:ff:ff, SA=00:00:00:00:00:04, BSSID=00:00:00:00:00:04, FragNumber=0, SeqNumber=58) ns3::LlcSnapHeader (type 0x800) ns3::Ipv4Header (tos 0x0 DSCP Default ECN Not-ECT ttl 64 id 57 protocol 17 offset (bytes) 0 flags [none] length: 56 192.168.1.4 &gt; 192.168.1.255) ns3::UdpHeader (length: 36 698 &gt; 698) ns3::olsr::PacketHeader () ns3::olsr::MessageHeader () ns3::WifiMacTrailer ()" />
<wpr uId="843" tId="8" fbRx="90.19633691" lbRx="0" />
<wpr uId="843" tId="2" fbRx="90.19633774" lbRx="0" />
<wpr uId="843" tId="7" fbRx="90.19633774" lbRx="0" />
<pr uId="844" fId="7" fbTx="90.218" meta-info="ns3::WifiMacHeader (DATA ToDS=0, FromDS=0, MoreFrag=0, Retry=0, MoreData=0 Duration/ID=0us, DA=ff:ff:ff:ff:ff:ff, SA=00:00:00:00:00:08, BSSID=00:00:00:00:00:08, FragNumber=0, SeqNumber=109) ns3::LlcSnapHeader (type 0x800) ns3::Ipv4Header (tos 0x0 DSCP Default ECN Not-ECT ttl 64 id 85 protocol 17 offset (bytes) 0 flags [none] length: 45 192.168.2.3 &gt; 192.168.2.255) ns3::UdpHeader (length: 25 269 &gt; 269) ns3::Epidemic::TypeHeader (BEACON) ns3::Epidemic::EpidemicHeader ( Packet ID: 1101480448 Hop count: 1000 TimeStamp: +0.0ns) ns3::WifiMacTrailer ()" />
<wpr uId="844" tId="2" fbRx="90.218" lbRx="0" />
<wpr uId="844" tId="1" fbRx="90.21800083" lbRx="0" />
<wpr uId="844" tId="3" fbRx="90.21800083" lbRx="0" />
<wpr uId="844" tId="6" fbRx="90.21800083" lbRx="0" />
<wpr uId="844" tId="8" fbRx="90.21800083" lbRx="0" />
<pr uId="845" fId="1" fbTx="90.35999484" meta-info="ns3::WifiMacHeader (DATA ToDS=0, FromDS=0, MoreFrag=0, Retry=0, MoreData=0 Duration/ID=0us, DA=ff:ff:ff:ff:ff:ff, SA=00:00:00:00:00:02, BSSID=00:00:00:00:00:02, FragNumber=0, SeqNumber=50) ns3::LlcSnapHeader (type 0x800) ns3::Ipv4Header (tos 0x0 DSCP Default ECN Not-ECT ttl 64 id 47 protocol 17 offset (bytes) 0 flags [none] length: 88 192.168.1.2 &gt; 192.168.1.255) ns3::UdpHeader (length: 68 698 &gt; 698) ns3::olsr::PacketHeader () ns3::olsr::MessageHeader () ns3::olsr::MessageHeader () ns3::WifiMacTrailer ()" />
<wpr uId="845" tId="6" fbRx="90.35999484" lbRx="0" />
<wpr uId="845" tId="2" fbRx="90.35999567" lbRx="0" />
<wpr uId="845" tId="7" fbRx="90.35999567" lbRx="0" />
<pr uId="846" fId="0" fbTx="90.43245928" meta-info="ns3::WifiMacHeader (DATA ToDS=0, FromDS=0, MoreFrag=0, Retry=0, MoreData=0 Duration/ID=0us, DA=ff:ff:ff:ff:ff:ff, SA=00:00:00:00:00:01, BSSID=00:00:00:00:00:01, FragNumber=0, SeqNumber=49) ns3::LlcSnapHeader (type 0x800) ns3::Ipv4Header (tos 0x0 DSCP Default ECN Not-ECT ttl 64 id 45 protocol 17 offset (bytes) 0 flags [none] length: 56 192.168.1.1 &gt; 192.168.1.255) ns3::UdpHeader (length: 36 698 &gt; 698) ns3::olsr::PacketHeader () ns3::olsr::MessageHeader () ns3::WifiMacTrailer ()" />
<wpr uId="846" tId="5" fbRx="90.43245928" lbRx="0" />
<pr uId="847" fId="2" fbTx="90.48379926" meta-info="ns3::WifiMacHeader (DATA ToDS=0, FromDS=0, MoreFrag=0, Retry=0, MoreData=0 Duration/ID=0us, DA=ff:ff:ff:ff:ff:ff, SA=00:00:00:00:00:03, BSSID=00:00:00:00:00:03, FragNumber=0, SeqNumber=67) ns3::LlcSnapHeader (type 0x800) ns3::Ipv4Header (tos 0x0 DSCP Default ECN Not-ECT ttl 64 id 61 protocol 17 offset (bytes) 0 flags [none] length: 112 192.168.1.3 &gt; 192.168.1.255) ns3::UdpHeader (length: 92 698 &gt; 698) ns3::olsr::PacketHeader () ns3::olsr::MessageHeader () ns3::olsr::MessageHeader () ns3::olsr::MessageHeader () ns3::WifiMacTrailer ()" />
<wpr uId="847" tId="7" fbRx="90.48379926" lbRx="0" />
<wpr uId="847" tId="1" fbRx="90.48380009" lbRx="0" />
<wpr uId="847" tId="3" fbRx="90.48380009" lbRx="0" />
<wpr uId="847" tId="6" fbRx="90.48380009" lbRx="0" />
<wpr uId="847" tId="8" fbRx="90.48380009" lbRx="0" />
<pr uId="848" fId="8" fbTx="90.634" meta-info="ns3::WifiMacHeader (DATA ToDS=0, FromDS=0, MoreFrag=0, Retry=0, MoreData=0 Duration/ID=0us, DA=ff:ff:ff:ff:ff:ff, SA=00:00:00:00:00:09, BSSID=00:00:00:00:00:09, FragNumber=0, SeqNumber=104) ns3::LlcSnapHeader (type 0x800) ns3::Ipv4Header (tos 0x0 DSCP Default ECN Not-ECT ttl 64 id 85 protocol 17 offset (bytes) 0 flags [none] length: 45 192.168.2.4 &gt; 192.168.2.255) ns3::UdpHeader (length: 25 269 &gt; 269) ns3::Epidemic::TypeHeader (BEACON) ns3::Epidemic::EpidemicHeader ( Packet ID: 1101480448 Hop count: 1000 TimeStamp: +0.0ns) ns3::WifiMacTrailer ()" />
<wpr uId="848" tId="3" fbRx="90.634" lbRx="0" />
<wpr uId="848" tId="2" fbRx="90.63400083" lbRx="0" />
<wpr uId="848" tId="7" fbRx="90.63400083" lbRx="0" />
<pr uId="849" fId="1" fbTx="90.93214538" meta-info="ns3::WifiMacHeader (DATA ToDS=0, FromDS=0, MoreFrag=0, Retry=0, MoreData=0 Duration/ID=0us, DA=ff:ff:ff:ff:ff:ff, SA=00:00:00:00:00:02, BSSID=00:00:00:00:00:02, FragNumber=0, SeqNumber=51) ns3::LlcSnapHeader (type 0x800) ns3::Ipv4Header (tos 0x0 DSCP Default ECN Not-ECT ttl 64 id 48 protocol 17 offset (bytes) 0 flags [none] length: 56 192.168.1.2 &gt; 192.168.1.255) ns3::UdpHeader (length: 36 698 &gt; 698) ns3::olsr::PacketHeader () ns3::olsr::MessageHeader () ns3::WifiMacTrailer ()" />
<wpr uId="849" tId="6" fbRx="90.93214538" lbRx="0" />
<wpr uId="849" tId="2" fbRx="90.93214621" lbRx="0" />
<wpr uId="849" tId="7" fbRx="90.93214621" lbRx="0" />
<pr uId="850" fId="9" fbTx="91.171" meta-info="ns3::WifiMacHeader (DATA ToDS=0, FromDS=0, MoreFrag=0, Retry=0, MoreData=0 Duration/ID=0us, DA=ff:ff:ff:ff:ff:ff, SA=00:00:00:00:00:0a, BSSID=00:00:00:00:00:0a, FragNumber=0, SeqNumber=94) ns3::LlcSnapHeader (type 0x800) ns3::Ipv4Header (tos 0x0 DSCP Default ECN Not-ECT ttl 64 id 86 protocol 17 offset (bytes) 0 flags [none] length: 45 192.168.2.5 &gt; 192.168.2.255) ns3::UdpHeader (length: 25 269 &gt; 269) ns3::Epidemic::TypeHeader (BEACON) ns3::Epidemic::EpidemicHeader ( Packet ID: 1101480448 Hop count: 1000 TimeStamp: +0.0ns) ns3::WifiMacTrailer ()" />
<wpr uId="850" tId="4" fbRx="91.171" lbRx="0" />
<pr uId="851" fId="5" fbTx="91.184" meta-info="ns3::WifiMacHeader (DATA ToDS=0, FromDS=0, MoreFrag=0, Retry=0, MoreData=0 Duration/ID=0us, DA=ff:ff:ff:ff:ff:ff, SA=00:00:00:00:00:06, BSSID=00:00:00:00:00:06, FragNumber=0, SeqNumber=91) ns3::LlcSnapHeader (type 0x800) ns3::Ipv4Header (tos 0x0 DSCP Default ECN Not-ECT ttl 64 id 86 protocol 17 offset (bytes) 0 flags [none] length: 45 192.168.2.1 &gt; 192.168.2.255) ns3::UdpHeader (length: 25 269 &gt; 269) ns3::Epidemic::TypeHeader (BEACON) ns3::Epidemic::EpidemicHeader ( Packet ID: 1101480448 Hop count: 1000 TimeStamp: +0.0ns) ns3::WifiMacTrailer ()" />
<wpr uId="851" tId="0" fbRx="91.184" lbRx="0" />
<pr uId="852" fId="7" fbTx="91.246" meta-info="ns3::WifiMacHeader (DATA ToDS=0, FromDS=0, MoreFrag=0, Retry=0, MoreData=0 Duration/ID=0us, DA=ff:ff:ff:ff:ff:ff, SA=00:00:00:00:00:08, BSSID=00:00:00:00:00:08, FragNumber=0, SeqNumber=110) ns3::LlcSnapHeader (type 0x800) ns3::Ipv4Header (tos 0x0 DSCP Default ECN Not-ECT ttl 64 id 86 protocol 17 offset (bytes) 0 flags [none] length: 45 192.168.2.3 &gt; 192.168.2.255) ns3::UdpHeader (length: 25 269 &gt; 269) ns3::Epidemic::TypeHeader (BEACON) ns3::Epidemic::EpidemicHeader ( Packet ID: 1101480448 Hop count: 1000 TimeStamp: +0.0ns) ns3::WifiMacTrailer ()" />
<wpr uId="852" tId="2" fbRx="91.246" lbRx="0" />
<wpr uId="852" tId="1" fbRx="91.24600083" lbRx="0" />
<wpr uId="852" tId="3" fbRx="91.24600083" lbRx="0" />
<wpr uId="852" tId="6" fbRx="91.24600083" lbRx="0" />
<wpr uId="852" tId="8" fbRx="91.24600083" lbRx="0" />
<pr uId="853" fId="6" fbTx="91.255" meta-info="ns3::WifiMacHeader (DATA ToDS=0, FromDS=0, MoreFrag=0, Retry=0, MoreData=0 Duration/ID=0us, DA=ff:ff:ff:ff:ff:ff, SA=00:00:00:00:00:07, BSSID=00:00:00:00:00:07, FragNumber=0, SeqNumber=102) ns3::LlcSnapHeader (type 0x800) ns3::Ipv4Header (tos 0x0 DSCP Default ECN Not-ECT ttl 64 id 86 protocol 17 offset (bytes) 0 flags [none] length: 45 192.168.2.2 &gt; 192.168.2.255) ns3::UdpHeader (length: 25 269 &gt; 269) ns3::Epidemic::TypeHeader (BEACON) ns3::Epidemic::EpidemicHeader ( Packet ID: 1101480448 Hop count: 1000 TimeStamp: +0.0ns) ns3::WifiMacTrailer ()" />
<wpr uId="853" tId="1" fbRx="91.255" lbRx="0" />
<wpr uId="853" tId="2" fbRx="91.25500083" lbRx="0" />
<wpr uId="853" tId="7" fbRx="91.25500083" lbRx="0" />
<pr uId="854" fId="8" fbTx="91.639" meta-info="ns3::WifiMacHeader (DATA ToDS=0, FromDS=0, MoreFrag=0, Retry=0, MoreData=0 Duration/ID=0us, DA=ff:ff:ff:ff:ff:ff, SA=00:00:00:00:00:09, BSSID=00:00:00:00:00:09, FragNumber=0, SeqNumber=105) ns3::LlcSnapHeader (type 0x800) ns3::Ipv4Header (tos 0x0 DSCP Default ECN Not-ECT ttl 64 id 86 protocol 17 offset (bytes) 0 flags [none] length: 45 192.168.2.4 &gt; 192.168.2.255) ns3::UdpHeader (length: 25 269 &gt; 269) ns3::Epidemic::TypeHeader (BEACON) ns3::Epidemic::EpidemicHeader ( Packet ID: 1101480448 Hop count: 1000 TimeStamp: +0.0ns) ns3::WifiMacTrailer ()" />
<wpr uId="854" tId="3" fbRx="91.639" lbRx="0" />
<wpr uId="854" tId="2" fbRx="91.63900083" lbRx="0" />
<wpr uId="854" tId="7" fbRx="91.63900083" lbRx="0" />
<pr uId="855" fId="0" fbTx="92.05847993" meta-info="ns3::WifiMacHeader (DATA ToDS=0, FromDS=0, MoreFrag=0, Retry=0, MoreData=0 Duration/ID=0us, DA=ff:ff:ff:ff:ff:ff, SA=00:00:00:00:00:01, BSSID=00:00:00:00:00:01, FragNumber=0, SeqNumber=50) ns3::LlcSnapHeader (type 0x800) ns3::Ipv4Header (tos 0x0 DSCP Default ECN Not-ECT ttl 64 id 46 protocol 17 offset (bytes) 0 flags [none] length: 56 192.168.1.1 &gt; 192.168.1.255) ns3::UdpHeader (length: 36 698 &gt; 698) ns3::olsr::PacketHeader () ns3::olsr::MessageHeader () ns3::WifiMacTrailer ()" />
<wpr uId="855" tId="5" fbRx="92.05847993" lbRx="0" />
<pr uId="856" fId="2" fbTx="92.06317585" meta-info="ns3::WifiMacHeader (DATA ToDS=0, FromDS=0, MoreFrag=0, Retry=0, MoreData=0 Duration/ID=0us, DA=ff:ff:ff:ff:ff:ff, SA=00:00:00:00:00:03, BSSID=00:00:00:00:00:03, FragNumber=0, SeqNumber=68) ns3::LlcSnapHeader (type 0x800) ns3::Ipv4Header (tos 0x0 DSCP Default ECN Not-ECT ttl 64 id 62 protocol 17 offset (bytes) 0 flags [none] length: 64 192.168.1.3 &gt; 192.168.1.255) ns3::UdpHeader (length: 44 698 &gt; 698) ns3::olsr::PacketHeader () ns3::olsr::MessageHeader () ns3::WifiMacTrailer ()" />
<wpr uId="856" tId="7" fbRx="92.06317585" lbRx="0" />
<wpr uId="856" tId="1" fbRx="92.06317668" lbRx="0" />
<wpr uId="856" tId="3" fbRx="92.06317668" lbRx="0" />
<wpr uId="856" tId="6" fbRx="92.06317668" lbRx="0" />
<wpr uId="856" tId="8" fbRx="92.06317668" lbRx="0" />
<pr uId="857" fId="1" fbTx="92.16545171" meta-info="ns3::WifiMacHeader (DATA ToDS=0, FromDS=0, MoreFrag=0, Retry=0, MoreData=0 Duration/ID=0us, DA=ff:ff:ff:ff:ff:ff, SA=00:00:00:00:00:02, BSSID=00:00:00:00:00:02, FragNumber=0, SeqNumber=52) ns3::LlcSnapHeader (type 0x800) ns3::Ipv4Header (tos 0x0 DSCP Default ECN Not-ECT ttl 64 id 49 protocol 17 offset (bytes) 0 flags [none] length: 64 192.168.1.2 &gt; 192.168.1.255) ns3::UdpHeader (length: 44 698 &gt; 698) ns3::olsr::PacketHeader () ns3::olsr::MessageHeader () ns3::WifiMacTrailer ()" />
<wpr uId="857" tId="6" fbRx="92.16545171" lbRx="0" />
<wpr uId="857" tId="2" fbRx="92.16545254" lbRx="0" />
<wpr uId="857" tId="7" fbRx="92.16545254" lbRx="0" />
<pr uId="858" fId="4" fbTx="92.20225084" meta-info="ns3::WifiMacHeader (DATA ToDS=0, FromDS=0, MoreFrag=0, Retry=0, MoreData=0 Duration/ID=0us, DA=ff:ff:ff:ff:ff:ff, SA=00:00:00:00:00:05, BSSID=00:00:00:00:00:05, FragNumber=0, SeqNumber=46) ns3::LlcSnapHeader (type 0x800) ns3::Ipv4Header (tos 0x0 DSCP Default ECN Not-ECT ttl 64 id 46 protocol 17 offset (bytes) 0 flags [none] length: 48 192.168.1.5 &gt; 192.168.1.255) ns3::UdpHeader (length: 28 698 &gt; 698) ns3::olsr::PacketHeader () ns3::olsr::MessageHeader () ns3::WifiMacTrailer ()" />
<wpr uId="858" tId="9" fbRx="92.20225084" lbRx="0" />
<pr uId="859" fId="9" fbTx="92.223" meta-info="ns3::WifiMacHeader (DATA ToDS=0, FromDS=0, MoreFrag=0, Retry=0, MoreData=0 Duration/ID=0us, DA=ff:ff:ff:ff:ff:ff, SA=00:00:00:00:00:0a, BSSID=00:00:00:00:00:0a, FragNumber=0, SeqNumber=95) ns3::LlcSnapHeader (type 0x800) ns3::Ipv4Header (tos 0x0 DSCP Default ECN Not-ECT ttl 64 id 87 protocol 17 offset (bytes) 0 flags [none] length: 45 192.168.2.5 &gt; 192.168.2.255) ns3::UdpHeader (length: 25 269 &gt; 269) ns3::Epidemic::TypeHeader (BEACON) ns3::Epidemic::EpidemicHeader ( Packet ID: 1101480448 Hop count: 1000 TimeStamp: +0.0ns) ns3::WifiMacTrailer ()" />
<wpr uId="859" tId="4" fbRx="92.223" lbRx="0" />
<pr uId="860" fId="7" fbTx="92.26" meta-info="ns3::WifiMacHeader (DATA ToDS=0, FromDS=0, MoreFrag=0, Retry=0, MoreData=0 Duration/ID=0us, DA=ff:ff:ff:ff:ff:ff, SA=00:00:00:00:00:08, BSSID=00:00:00:00:00:08, FragNumber=0, SeqNumber=111) ns3::LlcSnapHeader (type 0x800) ns3::Ipv4Header (tos 0x0 DSCP Default ECN Not-ECT ttl 64 id 87 protocol 17 offset (bytes) 0 flags [none] length: 45 192.168.2.3 &gt; 192.168.2.255) ns3::UdpHeader (length: 25 269 &gt; 269) ns3::Epidemic::TypeHeader (BEACON) ns3::Epidemic::EpidemicHeader ( Packet ID: 1101480448 Hop count: 1000 TimeStamp: +0.0ns) ns3::WifiMacTrailer ()" />
<wpr uId="860" tId="2" fbRx="92.26" lbRx="0" />
<wpr uId="860" tId="1" fbRx="92.26000083" lbRx="0" />
<wpr uId="860" tId="3" fbRx="92.26000083" lbRx="0" />
<wpr uId="860" tId="6" fbRx="92.26000083" lbRx="0" />
<wpr uId="860" tId="8" fbRx="92.26000083" lbRx="0" />
<pr uId="861" fId="6" fbTx="92.267" meta-info="ns3::WifiMacHeader (DATA ToDS=0, FromDS=0, MoreFrag=0, Retry=0, MoreData=0 Duration/ID=0us, DA=ff:ff:ff:ff:ff:ff, SA=00:00:00:00:00:07, BSSID=00:00:00:00:00:07, FragNumber=0, SeqNumber=103) ns3::LlcSnapHeader (type 0x800) ns3::Ipv4Header (tos 0x0 DSCP Default ECN Not-ECT ttl 64 id 87 protocol 17 offset (bytes) 0 flags [none] length: 45 192.168.2.2 &gt; 192.168.2.255) ns3::UdpHeader (length: 25 269 &gt; 269) ns3::Epidemic::TypeHeader (BEACON) ns3::Epidemic::EpidemicHeader ( Packet ID: 1101480448 Hop count: 1000 TimeStamp: +0.0ns) ns3::WifiMacTrailer ()" />
<wpr uId="861" tId="1" fbRx="92.267" lbRx="0" />
<wpr uId="861" tId="2" fbRx="92.26700083" lbRx="0" />
<wpr uId="861" tId="7" fbRx="92.26700083" lbRx="0" />
<pr uId="862" fId="5" fbTx="92.268" meta-info="ns3::WifiMacHeader (DATA ToDS=0, FromDS=0, MoreFrag=0, Retry=0, MoreData=0 Duration/ID=0us, DA=ff:ff:ff:ff:ff:ff, SA=00:00:00:00:00:06, BSSID=00:00:00:00:00:06, FragNumber=0, SeqNumber=92) ns3::LlcSnapHeader (type 0x800) ns3::Ipv4Header (tos 0x0 DSCP Default ECN Not-ECT ttl 64 id 87 protocol 17 offset (bytes) 0 flags [none] length: 45 192.168.2.1 &gt; 192.168.2.255) ns3::UdpHeader (length: 25 269 &gt; 269) ns3::Epidemic::TypeHeader (BEACON) ns3::Epidemic::EpidemicHeader ( Packet ID: 1101480448 Hop count: 1000 TimeStamp: +0.0ns) ns3::WifiMacTrailer ()" />
<wpr uId="862" tId="0" fbRx="92.268" lbRx="0" />
<pr uId="863" fId="3" fbTx="92.48605011" meta-info="ns3::WifiMacHeader (DATA ToDS=0, FromDS=0, MoreFrag=0, Retry=0, MoreData=0 Duration/ID=0us, DA=ff:ff:ff:ff:ff:ff, SA=00:00:00:00:00:04, BSSID=00:00:00:00:00:04, FragNumber=0, SeqNumber=59) ns3::LlcSnapHeader (type 0x800) ns3::Ipv4Header (tos 0x0 DSCP Default ECN Not-ECT ttl 64 id 58 protocol 17 offset (bytes) 0 flags [none] length: 56 192.168.1.4 &gt; 192.168.1.255) ns3::UdpHeader (length: 36 698 &gt; 698) ns3::olsr::PacketHeader () ns3::olsr::MessageHeader () ns3::WifiMacTrailer ()" />
<wpr uId="863" tId="8" fbRx="92.48605011" lbRx="0" />
<wpr uId="863" tId="2" fbRx="92.48605094" lbRx="0" />
<wpr uId="863" tId="7" fbRx="92.48605094" lbRx="0" />
<pr uId="864" fId="8" fbTx="92.736" meta-info="ns3::WifiMacHeader (DATA ToDS=0, FromDS=0, MoreFrag=0, Retry=0, MoreData=0 Duration/ID=0us, DA=ff:ff:ff:ff:ff:ff, SA=00:00:00:00:00:09, BSSID=00:00:00:00:00:09, FragNumber=0, SeqNumber=106) ns3::LlcSnapHeader (type 0x800) ns3::Ipv4Header (tos 0x0 DSCP Default ECN Not-ECT ttl 64 id 87 protocol 17 offset (bytes) 0 flags [none] length: 45 192.168.2.4 &gt; 192.168.2.255) ns3::UdpHeader (length: 25 269 &gt; 269) ns3::Epidemic::TypeHeader (BEACON) ns3::Epidemic::EpidemicHeader ( Packet ID: 1101480448 Hop count: 1000 TimeStamp: +0.0ns) ns3::WifiMacTrailer ()" />
<wpr uId="864" tId="3" fbRx="92.736" lbRx="0" />
<wpr uId="864" tId="2" fbRx="92.73600083" lbRx="0" />
<wpr uId="864" tId="7" fbRx="92.73600083" lbRx="0" />
<pr uId="865" fId="9" fbTx="93.231" meta-info="ns3::WifiMacHeader (DATA ToDS=0, FromDS=0, MoreFrag=0, Retry=0, MoreData=0 Duration/ID=0us, DA=ff:ff:ff:ff:ff:ff, SA=00:00:00:00:00:0a, BSSID=00:00:00:00:00:0a, FragNumber=0, SeqNumber=96) ns3::LlcSnapHeader (type 0x800) ns3::Ipv4Header (tos 0x0 DSCP Default ECN Not-ECT ttl 64 id 88 protocol 17 offset (bytes) 0 flags [none] length: 45 192.168.2.5 &gt; 192.168.2.255) ns3::UdpHeader (length: 25 269 &gt; 269) ns3::Epidemic::TypeHeader (BEACON) ns3::Epidemic::EpidemicHeader ( Packet ID: 1101480448 Hop count: 1000 TimeStamp: +0.0ns) ns3::WifiMacTrailer ()" />
<wpr uId="865" tId="4" fbRx="93.231" lbRx="0" />
<pr uId="866" fId="7" fbTx="93.279" meta-info="ns3::WifiMacHeader (DATA ToDS=0, FromDS=0, MoreFrag=0, Retry=0, MoreData=0 Duration/ID=0us, DA=ff:ff:ff:ff:ff:ff, SA=00:00:00:00:00:08, BSSID=00:00:00:00:00:08, FragNumber=0, SeqNumber=112) ns3::LlcSnapHeader (type 0x800) ns3::Ipv4Header (tos 0x0 DSCP Default ECN Not-ECT ttl 64 id 88 protocol 17 offset (bytes) 0 flags [none] length: 45 192.168.2.3 &gt; 192.168.2.255) ns3::UdpHeader (length: 25 269 &gt; 269) ns3::Epidemic::TypeHeader (BEACON) ns3::Epidemic::EpidemicHeader ( Packet ID: 1101480448 Hop count: 1000 TimeStamp: +0.0ns) ns3::WifiMacTrailer ()" />
<wpr uId="866" tId="2" fbRx="93.279" lbRx="0" />
<wpr uId="866" tId="1" fbRx="93.27900083" lbRx="0" />
<wpr uId="866" tId="3" fbRx="93.27900083" lbRx="0" />
<wpr uId="866" tId="6" fbRx="93.27900083" lbRx="0" />
<wpr uId="866" tId="8" fbRx="93.27900083" lbRx="0" />
<pr uId="867" fId="5" fbTx="93.283" meta-info="ns3::WifiMacHeader (DATA ToDS=0, FromDS=0, MoreFrag=0, Retry=0, MoreData=0 Duration/ID=0us, DA=ff:ff:ff:ff:ff:ff, SA=00:00:00:00:00:06, BSSID=00:00:00:00:00:06, FragNumber=0, SeqNumber=93) ns3::LlcSnapHeader (type 0x800) ns3::Ipv4Header (tos 0x0 DSCP Default ECN Not-ECT ttl 64 id 88 protocol 17 offset (bytes) 0 flags [none] length: 45 192.168.2.1 &gt; 192.168.2.255) ns3::UdpHeader (length: 25 269 &gt; 269) ns3::Epidemic::TypeHeader (BEACON) ns3::Epidemic::EpidemicHeader ( Packet ID: 1101480448 Hop count: 1000 TimeStamp: +0.0ns) ns3::WifiMacTrailer ()" />
<wpr uId="867" tId="0" fbRx="93.283" lbRx="0" />
<pr uId="868" fId="6" fbTx="93.35" meta-info="ns3::WifiMacHeader (DATA ToDS=0, FromDS=0, MoreFrag=0, Retry=0, MoreData=0 Duration/ID=0us, DA=ff:ff:ff:ff:ff:ff, SA=00:00:00:00:00:07, BSSID=00:00:00:00:00:07, FragNumber=0, SeqNumber=104) ns3::LlcSnapHeader (type 0x800) ns3::Ipv4Header (tos 0x0 DSCP Default ECN Not-ECT ttl 64 id 88 protocol 17 offset (bytes) 0 flags [none] length: 45 192.168.2.2 &gt; 192.168.2.255) ns3::UdpHeader (length: 25 269 &gt; 269) ns3::Epidemic::TypeHeader (BEACON) ns3::Epidemic::EpidemicHeader ( Packet ID: 1101480448 Hop count: 1000 TimeStamp: +0.0ns) ns3::WifiMacTrailer ()" />
<wpr uId="868" tId="1" fbRx="93.35" lbRx="0" />
<wpr uId="868" tId="2" fbRx="93.35000083" lbRx="0" />
<wpr uId="868" tId="7" fbRx="93.35000083" lbRx="0" />
<pr uId="869" fId="8" fbTx="93.826" meta-info="ns3::WifiMacHeader (DATA ToDS=0, FromDS=0, MoreFrag=0, Retry=0, MoreData=0 Duration/ID=0us, DA=ff:ff:ff:ff:ff:ff, SA=00:00:00:00:00:09, BSSID=00:00:00:00:00:09, FragNumber=0, SeqNumber=107) ns3::LlcSnapHeader (type 0x800) ns3::Ipv4Header (tos 0x0 DSCP Default ECN Not-ECT ttl 64 id 88 protocol 17 offset (bytes) 0 flags [none] length: 45 192.168.2.4 &gt; 192.168.2.255) ns3::UdpHeader (length: 25 269 &gt; 269) ns3::Epidemic::TypeHeader (BEACON) ns3::Epidemic::EpidemicHeader ( Packet ID: 1101480448 Hop count: 1000 TimeStamp: +0.0ns) ns3::WifiMacTrailer ()" />
<wpr uId="869" tId="3" fbRx="93.826" lbRx="0" />
<wpr uId="869" tId="2" fbRx="93.82600083" lbRx="0" />
<wpr uId="869" tId="7" fbRx="93.82600083" lbRx="0" />
<pr uId="870" fId="4" fbTx="94.07377618" meta-info="ns3::WifiMacHeader (DATA ToDS=0, FromDS=0, MoreFrag=0, Retry=0, MoreData=0 Duration/ID=0us, DA=ff:ff:ff:ff:ff:ff, SA=00:00:00:00:00:05, BSSID=00:00:00:00:00:05, FragNumber=0, SeqNumber=47) ns3::LlcSnapHeader (type 0x800) ns3::Ipv4Header (tos 0x0 DSCP Default ECN Not-ECT ttl 64 id 47 protocol 17 offset (bytes) 0 flags [none] length: 48 192.168.1.5 &gt; 192.168.1.255) ns3::UdpHeader (length: 28 698 &gt; 698) ns3::olsr::PacketHeader () ns3::olsr::MessageHeader () ns3::WifiMacTrailer ()" />
<wpr uId="870" tId="9" fbRx="94.07377618" lbRx="0" />
<pr uId="871" fId="2" fbTx="94.10807374" meta-info="ns3::WifiMacHeader (DATA ToDS=0, FromDS=0, MoreFrag=0, Retry=0, MoreData=0 Duration/ID=0us, DA=ff:ff:ff:ff:ff:ff, SA=00:00:00:00:00:03, BSSID=00:00:00:00:00:03, FragNumber=0, SeqNumber=69) ns3::LlcSnapHeader (type 0x800) ns3::Ipv4Header (tos 0x0 DSCP Default ECN Not-ECT ttl 64 id 63 protocol 17 offset (bytes) 0 flags [none] length: 64 192.168.1.3 &gt; 192.168.1.255) ns3::UdpHeader (length: 44 698 &gt; 698) ns3::olsr::PacketHeader () ns3::olsr::MessageHeader () ns3::WifiMacTrailer ()" />
<wpr uId="871" tId="7" fbRx="94.10807374" lbRx="0" />
<wpr uId="871" tId="1" fbRx="94.10807457" lbRx="0" />
<wpr uId="871" tId="3" fbRx="94.10807457" lbRx="0" />
<wpr uId="871" tId="6" fbRx="94.10807457" lbRx="0" />
<wpr uId="871" tId="8" fbRx="94.10807457" lbRx="0" />
<pr uId="872" fId="1" fbTx="94.11898" meta-info="ns3::WifiMacHeader (DATA ToDS=0, FromDS=0, MoreFrag=0, Retry=0, MoreData=0 Duration/ID=0us, DA=ff:ff:ff:ff:ff:ff, SA=00:00:00:00:00:02, BSSID=00:00:00:00:00:02, FragNumber=0, SeqNumber=53) ns3::LlcSnapHeader (type 0x800) ns3::Ipv4Header (tos 0x0 DSCP Default ECN Not-ECT ttl 64 id 50 protocol 17 offset (bytes) 0 flags [none] length: 64 192.168.1.2 &gt; 192.168.1.255) ns3::UdpHeader (length: 44 698 &gt; 698) ns3::olsr::PacketHeader () ns3::olsr::MessageHeader () ns3::WifiMacTrailer ()" />
<wpr uId="872" tId="6" fbRx="94.11898" lbRx="0" />
<wpr uId="872" tId="2" fbRx="94.11898083" lbRx="0" />
<wpr uId="872" tId="7" fbRx="94.11898083" lbRx="0" />
<pr uId="873" fId="9" fbTx="94.266" meta-info="ns3::WifiMacHeader (DATA ToDS=0, FromDS=0, MoreFrag=0, Retry=0, MoreData=0 Duration/ID=0us, DA=ff:ff:ff:ff:ff:ff, SA=00:00:00:00:00:0a, BSSID=00:00:00:00:00:0a, FragNumber=0, SeqNumber=97) ns3::LlcSnapHeader (type 0x800) ns3::Ipv4Header (tos 0x0 DSCP Default ECN Not-ECT ttl 64 id 89 protocol 17 offset (bytes) 0 flags [none] length: 45 192.168.2.5 &gt; 192.168.2.255) ns3::UdpHeader (length: 25 269 &gt; 269) ns3::Epidemic::TypeHeader (BEACON) ns3::Epidemic::EpidemicHeader ( Packet ID: 1101480448 Hop count: 1000 TimeStamp: +0.0ns) ns3::WifiMacTrailer ()" />
<wpr uId="873" tId="4" fbRx="94.266" lbRx="0" />
<pr uId="874" fId="7" fbTx="94.296" meta-info="ns3::WifiMacHeader (DATA ToDS=0, FromDS=0, MoreFrag=0, Retry=0, MoreData=0 Duration/ID=0us, DA=ff:ff:ff:ff:ff:ff, SA=00:00:00:00:00:08, BSSID=00:00:00:00:00:08, FragNumber=0, SeqNumber=113) ns3::LlcSnapHeader (type 0x800) ns3::Ipv4Header (tos 0x0 DSCP Default ECN Not-ECT ttl 64 id 89 protocol 17 offset (bytes) 0 flags [none] length: 45 192.168.2.3 &gt; 192.168.2.255) ns3::UdpHeader (length: 25 269 &gt; 269) ns3::Epidemic::TypeHeader (BEACON) ns3::Epidemic::EpidemicHeader ( Packet ID: 1101480448 Hop count: 1000 TimeStamp: +0.0ns) ns3::WifiMacTrailer ()" />
<wpr uId="874" tId="2" fbRx="94.296" lbRx="0" />
<wpr uId="874" tId="1" fbRx="94.29600083" lbRx="0" />
<wpr uId="874" tId="3" fbRx="94.29600083" lbRx="0" />
<wpr uId="874" tId="6" fbRx="94.29600083" lbRx="0" />
<wpr uId="874" tId="8" fbRx="94.29600083" lbRx="0" />
<pr uId="875" fId="5" fbTx="94.334" meta-info="ns3::WifiMacHeader (DATA ToDS=0, FromDS=0, MoreFrag=0, Retry=0, MoreData=0 Duration/ID=0us, DA=ff:ff:ff:ff:ff:ff, SA=00:00:00:00:00:06, BSSID=00:00:00:00:00:06, FragNumber=0, SeqNumber=94) ns3::LlcSnapHeader (type 0x800) ns3::Ipv4Header (tos 0x0 DSCP Default ECN Not-ECT ttl 64 id 89 protocol 17 offset (bytes) 0 flags [none] length: 45 192.168.2.1 &gt; 192.168.2.255) ns3::UdpHeader (length: 25 269 &gt; 269) ns3::Epidemic::TypeHeader (BEACON) ns3::Epidemic::EpidemicHeader ( Packet ID: 1101480448 Hop count: 1000 TimeStamp: +0.0ns) ns3::WifiMacTrailer ()" />
<wpr uId="875" tId="0" fbRx="94.334" lbRx="0" />
<pr uId="876" fId="3" fbTx="94.3679396" meta-info="ns3::WifiMacHeader (DATA ToDS=0, FromDS=0, MoreFrag=0, Retry=0, MoreData=0 Duration/ID=0us, DA=ff:ff:ff:ff:ff:ff, SA=00:00:00:00:00:04, BSSID=00:00:00:00:00:04, FragNumber=0, SeqNumber=60) ns3::LlcSnapHeader (type 0x800) ns3::Ipv4Header (tos 0x0 DSCP Default ECN Not-ECT ttl 64 id 59 protocol 17 offset (bytes) 0 flags [none] length: 56 192.168.1.4 &gt; 192.168.1.255) ns3::UdpHeader (length: 36 698 &gt; 698) ns3::olsr::PacketHeader () ns3::olsr::MessageHeader () ns3::WifiMacTrailer ()" />
<wpr uId="876" tId="8" fbRx="94.3679396" lbRx="0" />
<wpr uId="876" tId="2" fbRx="94.36794043" lbRx="0" />
<wpr uId="876" tId="7" fbRx="94.36794043" lbRx="0" />
<pr uId="877" fId="0" fbTx="94.40158574" meta-info="ns3::WifiMacHeader (DATA ToDS=0, FromDS=0, MoreFrag=0, Retry=0, MoreData=0 Duration/ID=0us, DA=ff:ff:ff:ff:ff:ff, SA=00:00:00:00:00:01, BSSID=00:00:00:00:00:01, FragNumber=0, SeqNumber=51) ns3::LlcSnapHeader (type 0x800) ns3::Ipv4Header (tos 0x0 DSCP Default ECN Not-ECT ttl 64 id 47 protocol 17 offset (bytes) 0 flags [none] length: 56 192.168.1.1 &gt; 192.168.1.255) ns3::UdpHeader (length: 36 698 &gt; 698) ns3::olsr::PacketHeader () ns3::olsr::MessageHeader () ns3::WifiMacTrailer ()" />
<wpr uId="877" tId="5" fbRx="94.40158574" lbRx="0" />
<pr uId="878" fId="6" fbTx="94.42" meta-info="ns3::WifiMacHeader (DATA ToDS=0, FromDS=0, MoreFrag=0, Retry=0, MoreData=0 Duration/ID=0us, DA=ff:ff:ff:ff:ff:ff, SA=00:00:00:00:00:07, BSSID=00:00:00:00:00:07, FragNumber=0, SeqNumber=105) ns3::LlcSnapHeader (type 0x800) ns3::Ipv4Header (tos 0x0 DSCP Default ECN Not-ECT ttl 64 id 89 protocol 17 offset (bytes) 0 flags [none] length: 45 192.168.2.2 &gt; 192.168.2.255) ns3::UdpHeader (length: 25 269 &gt; 269) ns3::Epidemic::TypeHeader (BEACON) ns3::Epidemic::EpidemicHeader ( Packet ID: 1101480448 Hop count: 1000 TimeStamp: +0.0ns) ns3::WifiMacTrailer ()" />
<wpr uId="878" tId="1" fbRx="94.42" lbRx="0" />
<wpr uId="878" tId="2" fbRx="94.42000083" lbRx="0" />
<wpr uId="878" tId="7" fbRx="94.42000083" lbRx="0" />
<pr uId="879" fId="8" fbTx="94.857" meta-info="ns3::WifiMacHeader (DATA ToDS=0, FromDS=0, MoreFrag=0, Retry=0, MoreData=0 Duration/ID=0us, DA=ff:ff:ff:ff:ff:ff, SA=00:00:00:00:00:09, BSSID=00:00:00:00:00:09, FragNumber=0, SeqNumber=108) ns3::LlcSnapHeader (type 0x800) ns3::Ipv4Header (tos 0x0 DSCP Default ECN Not-ECT ttl 64 id 89 protocol 17 offset (bytes) 0 flags [none] length: 45 192.168.2.4 &gt; 192.168.2.255) ns3::UdpHeader (length: 25 269 &gt; 269) ns3::Epidemic::TypeHeader (BEACON) ns3::Epidemic::EpidemicHeader ( Packet ID: 1101480448 Hop count: 1000 TimeStamp: +0.0ns) ns3::WifiMacTrailer ()" />
<wpr uId="879" tId="3" fbRx="94.857" lbRx="0" />
<wpr uId="879" tId="2" fbRx="94.85700083" lbRx="0" />
<wpr uId="879" tId="7" fbRx="94.85700083" lbRx="0" />
<pr uId="880" fId="2" fbTx="95.04958059" meta-info="ns3::WifiMacHeader (DATA ToDS=0, FromDS=0, MoreFrag=0, Retry=0, MoreData=0 Duration/ID=0us, DA=ff:ff:ff:ff:ff:ff, SA=00:00:00:00:00:03, BSSID=00:00:00:00:00:03, FragNumber=0, SeqNumber=70) ns3::LlcSnapHeader (type 0x800) ns3::Ipv4Header (tos 0x0 DSCP Default ECN Not-ECT ttl 64 id 64 protocol 17 offset (bytes) 0 flags [none] length: 56 192.168.1.3 &gt; 192.168.1.255) ns3::UdpHeader (length: 36 698 &gt; 698) ns3::olsr::PacketHeader () ns3::olsr::MessageHeader () ns3::WifiMacTrailer ()" />
<wpr uId="880" tId="7" fbRx="95.04958059" lbRx="0" />
<wpr uId="880" tId="1" fbRx="95.04958142" lbRx="0" />
<wpr uId="880" tId="3" fbRx="95.04958142" lbRx="0" />
<wpr uId="880" tId="6" fbRx="95.04958142" lbRx="0" />
<wpr uId="880" tId="8" fbRx="95.04958142" lbRx="0" />
<pr uId="881" fId="1" fbTx="95.1781292" meta-info="ns3::WifiMacHeader (DATA ToDS=0, FromDS=0, MoreFrag=0, Retry=0, MoreData=0 Duration/ID=0us, DA=ff:ff:ff:ff:ff:ff, SA=00:00:00:00:00:02, BSSID=00:00:00:00:00:02, FragNumber=0, SeqNumber=54) ns3::LlcSnapHeader (type 0x800) ns3::Ipv4Header (tos 0x0 DSCP Default ECN Not-ECT ttl 64 id 51 protocol 17 offset (bytes) 0 flags [none] length: 76 192.168.1.2 &gt; 192.168.1.255) ns3::UdpHeader (length: 56 698 &gt; 698) ns3::olsr::PacketHeader () ns3::olsr::MessageHeader () ns3::olsr::MessageHeader () ns3::WifiMacTrailer ()" />
<wpr uId="881" tId="6" fbRx="95.1781292" lbRx="0" />
<wpr uId="881" tId="2" fbRx="95.17813003" lbRx="0" />
<wpr uId="881" tId="7" fbRx="95.17813003" lbRx="0" />
<pr uId="882" fId="9" fbTx="95.275" meta-info="ns3::WifiMacHeader (DATA ToDS=0, FromDS=0, MoreFrag=0, Retry=0, MoreData=0 Duration/ID=0us, DA=ff:ff:ff:ff:ff:ff, SA=00:00:00:00:00:0a, BSSID=00:00:00:00:00:0a, FragNumber=0, SeqNumber=98) ns3::LlcSnapHeader (type 0x800) ns3::Ipv4Header (tos 0x0 DSCP Default ECN Not-ECT ttl 64 id 90 protocol 17 offset (bytes) 0 flags [none] length: 45 192.168.2.5 &gt; 192.168.2.255) ns3::UdpHeader (length: 25 269 &gt; 269) ns3::Epidemic::TypeHeader (BEACON) ns3::Epidemic::EpidemicHeader ( Packet ID: 1101480448 Hop count: 1000 TimeStamp: +0.0ns) ns3::WifiMacTrailer ()" />
<wpr uId="882" tId="4" fbRx="95.275" lbRx="0" />
<pr uId="883" fId="2" fbTx="95.38407153" meta-info="ns3::WifiMacHeader (DATA ToDS=0, FromDS=0, MoreFrag=0, Retry=0, MoreData=0 Duration/ID=0us, DA=ff:ff:ff:ff:ff:ff, SA=00:00:00:00:00:03, BSSID=00:00:00:00:00:03, FragNumber=0, SeqNumber=71) ns3::LlcSnapHeader (type 0x800) ns3::Ipv4Header (tos 0x0 DSCP Default ECN Not-ECT ttl 64 id 65 protocol 17 offset (bytes) 0 flags [none] length: 52 192.168.1.3 &gt; 192.168.1.255) ns3::UdpHeader (length: 32 698 &gt; 698) ns3::olsr::PacketHeader () ns3::olsr::MessageHeader () ns3::WifiMacTrailer ()" />
<wpr uId="883" tId="7" fbRx="95.38407153" lbRx="0" />
<wpr uId="883" tId="1" fbRx="95.38407237" lbRx="0" />
<wpr uId="883" tId="3" fbRx="95.38407237" lbRx="0" />
<wpr uId="883" tId="6" fbRx="95.38407237" lbRx="0" />
<wpr uId="883" tId="8" fbRx="95.38407237" lbRx="0" />
<pr uId="884" fId="7" fbTx="95.394" meta-info="ns3::WifiMacHeader (DATA ToDS=0, FromDS=0, MoreFrag=0, Retry=0, MoreData=0 Duration/ID=0us, DA=ff:ff:ff:ff:ff:ff, SA=00:00:00:00:00:08, BSSID=00:00:00:00:00:08, FragNumber=0, SeqNumber=114) ns3::LlcSnapHeader (type 0x800) ns3::Ipv4Header (tos 0x0 DSCP Default ECN Not-ECT ttl 64 id 90 protocol 17 offset (bytes) 0 flags [none] length: 45 192.168.2.3 &gt; 192.168.2.255) ns3::UdpHeader (length: 25 269 &gt; 269) ns3::Epidemic::TypeHeader (BEACON) ns3::Epidemic::EpidemicHeader ( Packet ID: 1101480448 Hop count: 1000 TimeStamp: +0.0ns) ns3::WifiMacTrailer ()" />
<wpr uId="884" tId="2" fbRx="95.394" lbRx="0" />
<wpr uId="884" tId="1" fbRx="95.39400083" lbRx="0" />
<wpr uId="884" tId="3" fbRx="95.39400083" lbRx="0" />
<wpr uId="884" tId="6" fbRx="95.39400083" lbRx="0" />
<wpr uId="884" tId="8" fbRx="95.39400083" lbRx="0" />
<pr uId="885" fId="6" fbTx="95.39422083" meta-info="ns3::WifiMacHeader (DATA ToDS=0, FromDS=0, MoreFrag=0, Retry=0, MoreData=0 Duration/ID=60us, DA=00:00:00:00:00:08, SA=00:00:00:00:00:07, BSSID=00:00:00:00:00:07, FragNumber=0, SeqNumber=106) ns3::LlcSnapHeader (type 0x800) ns3::Ipv4Header (tos 0x0 DSCP Default ECN Not-ECT ttl 64 id 9 protocol 17 offset (bytes) 0 flags [none] length: 41 192.168.2.2 &gt; 192.168.2.3) ns3::UdpHeader (length: 21 269 &gt; 269) ns3::Epidemic::TypeHeader (REPLY) ns3::Epidemic::SummaryVectorHeader ( Summary_vector header with size: 2
Global IDs:
NodeID:PacketID
0.0.2.1:28
0.0.2.186:698
) ns3::WifiMacTrailer ()" />
<wpr uId="885" tId="1" fbRx="95.39422083" lbRx="0" />
<wpr uId="885" tId="2" fbRx="95.39422167" lbRx="0" />
<wpr uId="885" tId="7" fbRx="95.39422167" lbRx="0" />
<pr uId="886" fId="7" fbTx="95.39432967" meta-info="ns3::WifiMacHeader (CTL_ACK Duration/ID=0us, RA=00:00:00:00:00:07) ns3::WifiMacTrailer ()" />
<wpr uId="886" tId="2" fbRx="95.39432967" lbRx="0" />
<wpr uId="886" tId="1" fbRx="95.3943305" lbRx="0" />
<wpr uId="886" tId="3" fbRx="95.3943305" lbRx="0" />
<wpr uId="886" tId="6" fbRx="95.3943305" lbRx="0" />
<wpr uId="886" tId="8" fbRx="95.3943305" lbRx="0" />
<pr uId="887" fId="7" fbTx="95.39444367" meta-info="ns3::WifiMacHeader (DATA ToDS=0, FromDS=0, MoreFrag=0, Retry=0, MoreData=0 Duration/ID=60us, DA=00:00:00:00:00:07, SA=00:00:00:00:00:08, BSSID=00:00:00:00:00:08, FragNumber=0, SeqNumber=115) ns3::LlcSnapHeader (type 0x800) ns3::Ipv4Header (tos 0x0 DSCP Default ECN Not-ECT ttl 64 id 9 protocol 17 offset (bytes) 0 flags [none] length: 41 192.168.2.3 &gt; 192.168.2.2) ns3::UdpHeader (length: 21 269 &gt; 269) ns3::Epidemic::TypeHeader (REPLY_BACK) ns3::Epidemic::SummaryVectorHeader ( Summary_vector header with size: 2
Global IDs:
NodeID:PacketID
0.0.2.1:28
0.0.2.186:698
) ns3::WifiMacTrailer ()" />
<wpr uId="887" tId="2" fbRx="95.39444367" lbRx="0" />
<wpr uId="887" tId="1" fbRx="95.3944445" lbRx="0" />
<wpr uId="887" tId="3" fbRx="95.3944445" lbRx="0" />
<wpr uId="887" tId="6" fbRx="95.3944445" lbRx="0" />
<wpr uId="887" tId="8" fbRx="95.3944445" lbRx="0" />
<pr uId="888" fId="6" fbTx="95.3945525" meta-info="ns3::WifiMacHeader (CTL_ACK Duration/ID=0us, RA=00:00:00:00:00:08) ns3::WifiMacTrailer ()" />
<wpr uId="888" tId="1" fbRx="95.3945525" lbRx="0" />
<wpr uId="888" tId="2" fbRx="95.39455333" lbRx="0" />
<wpr uId="888" tId="7" fbRx="95.39455333" lbRx="0" />
<pr uId="889" fId="5" fbTx="95.409" meta-info="ns3::WifiMacHeader (DATA ToDS=0, FromDS=0, MoreFrag=0, Retry=0, MoreData=0 Duration/ID=0us, DA=ff:ff:ff:ff:ff:ff, SA=00:00:00:00:00:06, BSSID=00:00:00:00:00:06, FragNumber=0, SeqNumber=95) ns3::LlcSnapHeader (type 0x800) ns3::Ipv4Header (tos 0x0 DSCP Default ECN Not-ECT ttl 64 id 90 protocol 17 offset (bytes) 0 flags [none] length: 45 192.168.2.1 &gt; 192.168.2.255) ns3::UdpHeader (length: 25 269 &gt; 269) ns3::Epidemic::TypeHeader (BEACON) ns3::Epidemic::EpidemicHeader ( Packet ID: 1101480448 Hop count: 1000 TimeStamp: +0.0ns) ns3::WifiMacTrailer ()" />
<wpr uId="889" tId="0" fbRx="95.409" lbRx="0" />
<nu p="p" t="95.5" id="9" x="1050" y="0" />
<nu p="p" t="95.5" id="4" x="1050" y="0" />
<pr uId="890" fId="6" fbTx="95.502" meta-info="ns3::WifiMacHeader (DATA ToDS=0, FromDS=0, MoreFrag=0, Retry=0, MoreData=0 Duration/ID=0us, DA=ff:ff:ff:ff:ff:ff, SA=00:00:00:00:00:07, BSSID=00:00:00:00:00:07, FragNumber=0, SeqNumber=107) ns3::LlcSnapHeader (type 0x800) ns3::Ipv4Header (tos 0x0 DSCP Default ECN Not-ECT ttl 64 id 90 protocol 17 offset (bytes) 0 flags [none] length: 45 192.168.2.2 &gt; 192.168.2.255) ns3::UdpHeader (length: 25 269 &gt; 269) ns3::Epidemic::TypeHeader (BEACON) ns3::Epidemic::EpidemicHeader ( Packet ID: 1101480448 Hop count: 1000 TimeStamp: +0.0ns) ns3::WifiMacTrailer ()" />
<wpr uId="890" tId="1" fbRx="95.502" lbRx="0" />
<wpr uId="890" tId="2" fbRx="95.50200083" lbRx="0" />
<wpr uId="890" tId="7" fbRx="95.50200083" lbRx="0" />
<nu p="p" t="95.75" id="4" x="1047.222222" y="0" />
<nu p="p" t="95.75" id="9" x="1047.222222" y="0" />
<pr uId="891" fId="8" fbTx="95.949" meta-info="ns3::WifiMacHeader (DATA ToDS=0, FromDS=0, MoreFrag=0, Retry=0, MoreData=0 Duration/ID=0us, DA=ff:ff:ff:ff:ff:ff, SA=00:00:00:00:00:09, BSSID=00:00:00:00:00:09, FragNumber=0, SeqNumber=109) ns3::LlcSnapHeader (type 0x800) ns3::Ipv4Header (tos 0x0 DSCP Default ECN Not-ECT ttl 64 id 90 protocol 17 offset (bytes) 0 flags [none] length: 45 192.168.2.4 &gt; 192.168.2.255) ns3::UdpHeader (length: 25 269 &gt; 269) ns3::Epidemic::TypeHeader (BEACON) ns3::Epidemic::EpidemicHeader ( Packet ID: 1101480448 Hop count: 1000 TimeStamp: +0.0ns) ns3::WifiMacTrailer ()" />
<wpr uId="891" tId="3" fbRx="95.949" lbRx="0" />
<wpr uId="891" tId="2" fbRx="95.94900083" lbRx="0" />
<wpr uId="891" tId="7" fbRx="95.94900083" lbRx="0" />
<pr uId="892" fId="7" fbTx="95.94922083" meta-info="ns3::WifiMacHeader (DATA ToDS=0, FromDS=0, MoreFrag=0, Retry=0, MoreData=0 Duration/ID=60us, DA=00:00:00:00:00:09, SA=00:00:00:00:00:08, BSSID=00:00:00:00:00:08, FragNumber=0, SeqNumber=116) ns3::LlcSnapHeader (type 0x800) ns3::Ipv4Header (tos 0x0 DSCP Default ECN Not-ECT ttl 64 id 9 protocol 17 offset (bytes) 0 flags [none] length: 41 192.168.2.3 &gt; 192.168.2.4) ns3::UdpHeader (length: 21 269 &gt; 269) ns3::Epidemic::TypeHeader (REPLY) ns3::Epidemic::SummaryVectorHeader ( Summary_vector header with size: 2
Global IDs:
NodeID:PacketID
0.0.2.1:28
0.0.2.186:698
) ns3::WifiMacTrailer ()" />
<wpr uId="892" tId="2" fbRx="95.94922083" lbRx="0" />
<wpr uId="892" tId="1" fbRx="95.94922167" lbRx="0" />
<wpr uId="892" tId="3" fbRx="95.94922167" lbRx="0" />
<wpr uId="892" tId="6" fbRx="95.94922167" lbRx="0" />
<wpr uId="892" tId="8" fbRx="95.94922167" lbRx="0" />
<pr uId="893" fId="8" fbTx="95.94932967" meta-info="ns3::WifiMacHeader (CTL_ACK Duration/ID=0us, RA=00:00:00:00:00:08) ns3::WifiMacTrailer ()" />
<wpr uId="893" tId="3" fbRx="95.94932967" lbRx="0" />
<wpr uId="893" tId="2" fbRx="95.9493305" lbRx="0" />
<wpr uId="893" tId="7" fbRx="95.9493305" lbRx="0" />
<pr uId="894" fId="8" fbTx="95.94945267" meta-info="ns3::WifiMacHeader (DATA ToDS=0, FromDS=0, MoreFrag=0, Retry=0, MoreData=0 Duration/ID=60us, DA=00:00:00:00:00:08, SA=00:00:00:00:00:09, BSSID=00:00:00:00:00:09, FragNumber=0, SeqNumber=110) ns3::LlcSnapHeader (type 0x800) ns3::Ipv4Header (tos 0x0 DSCP Default ECN Not-ECT ttl 64 id 9 protocol 17 offset (bytes) 0 flags [none] length: 41 192.168.2.4 &gt; 192.168.2.3) ns3::UdpHeader (length: 21 269 &gt; 269) ns3::Epidemic::TypeHeader (REPLY_BACK) ns3::Epidemic::SummaryVectorHeader ( Summary_vector header with size: 2
Global IDs:
NodeID:PacketID
0.0.2.4:132
0.0.2.186:698
) ns3::WifiMacTrailer ()" />
<wpr uId="894" tId="3" fbRx="95.94945267" lbRx="0" />
<wpr uId="894" tId="2" fbRx="95.9494535" lbRx="0" />
<wpr uId="894" tId="7" fbRx="95.9494535" lbRx="0" />
<pr uId="895" fId="7" fbTx="95.9495615" meta-info="ns3::WifiMacHeader (CTL_ACK Duration/ID=0us, RA=00:00:00:00:00:09) ns3::WifiMacTrailer ()" />
<wpr uId="895" tId="2" fbRx="95.9495615" lbRx="0" />
<wpr uId="895" tId="1" fbRx="95.94956233" lbRx="0" />
<wpr uId="895" tId="3" fbRx="95.94956233" lbRx="0" />
<wpr uId="895" tId="6" fbRx="95.94956233" lbRx="0" />
<wpr uId="895" tId="8" fbRx="95.94956233" lbRx="0" />
<pr uId="896" fId="2" fbTx="95.9496665" meta-info="ns3::WifiMacHeader (DATA ToDS=0, FromDS=0, MoreFrag=0, Retry=0, MoreData=0 Duration/ID=60us, DA=00:00:00:00:00:04, SA=00:00:00:00:00:03, BSSID=00:00:00:00:00:03, FragNumber=0, SeqNumber=72) ns3::LlcSnapHeader (type 0x800) ns3::Ipv4Header (tos 0x0 DSCP Default ECN Not-ECT ttl 64 id 3 protocol 17 offset (bytes) 0 flags [none] length: 2076 192.168.1.3 &gt; 192.168.1.4) ns3::UdpHeader (length: 2056 49156 &gt; 6) Payload (size=2048) ns3::WifiMacTrailer ()" />
<wpr uId="896" tId="7" fbRx="95.9496665" lbRx="0" />
<wpr uId="896" tId="1" fbRx="95.94966733" lbRx="0" />
<wpr uId="896" tId="3" fbRx="95.94966733" lbRx="0" />
<wpr uId="896" tId="6" fbRx="95.94966733" lbRx="0" />
<wpr uId="896" tId="8" fbRx="95.94966733" lbRx="0" />
<pr uId="897" fId="3" fbTx="95.95252333" meta-info="ns3::WifiMacHeader (CTL_ACK Duration/ID=0us, RA=00:00:00:00:00:03) ns3::WifiMacTrailer ()" />
<wpr uId="897" tId="8" fbRx="95.95252333" lbRx="0" />
<wpr uId="897" tId="2" fbRx="95.95252416" lbRx="0" />
<wpr uId="897" tId="7" fbRx="95.95252416" lbRx="0" />
<pr uId="898" fId="7" fbTx="95.95262917" meta-info="ns3::WifiMacHeader (DATA ToDS=0, FromDS=0, MoreFrag=0, Retry=0, MoreData=0 Duration/ID=60us, DA=00:00:00:00:00:09, SA=00:00:00:00:00:08, BSSID=00:00:00:00:00:08, FragNumber=0, SeqNumber=117) ns3::LlcSnapHeader (type 0x800) ns3::Ipv4Header (tos 0x0 DSCP Default ECN Not-ECT ttl 64 id 0 protocol 17 offset (bytes) 0 flags [none] length: 2092 192.168.2.1 &gt; 192.168.2.5) ns3::Epidemic::EpidemicHeader ( Packet ID: 33619996 Hop count: 998 TimeStamp: +54000000000.0ns) ns3::UdpHeader (length: 2056 49153 &gt; 6) Payload (size=2048) ns3::WifiMacTrailer ()" />
<wpr uId="898" tId="2" fbRx="95.95262917" lbRx="0" />
<wpr uId="898" tId="1" fbRx="95.95263" lbRx="0" />
<wpr uId="898" tId="3" fbRx="95.95263" lbRx="0" />
<wpr uId="898" tId="6" fbRx="95.95263" lbRx="0" />
<wpr uId="898" tId="8" fbRx="95.95263" lbRx="0" />
<pr uId="899" fId="8" fbTx="95.954562" meta-info="ns3::WifiMacHeader (CTL_ACK Duration/ID=0us, RA=00:00:00:00:00:08) ns3::WifiMacTrailer ()" />
<wpr uId="899" tId="3" fbRx="95.954562" lbRx="0" />
<wpr uId="899" tId="2" fbRx="95.95456283" lbRx="0" />
<wpr uId="899" tId="7" fbRx="95.95456283" lbRx="0" />
<nu p="p" t="96" id="4" x="1044.444444" y="0" />
<nu p="p" t="96" id="9" x="1044.444444" y="0" />
<pr uId="900" fId="1" fbTx="96.00061851" meta-info="ns3::WifiMacHeader (DATA ToDS=0, FromDS=0, MoreFrag=0, Retry=0, MoreData=0 Duration/ID=0us, DA=ff:ff:ff:ff:ff:ff, SA=00:00:00:00:00:02, BSSID=00:00:00:00:00:02, FragNumber=0, SeqNumber=55) ns3::LlcSnapHeader (type 0x800) ns3::Ipv4Header (tos 0x0 DSCP Default ECN Not-ECT ttl 64 id 52 protocol 17 offset (bytes) 0 flags [none] length: 64 192.168.1.2 &gt; 192.168.1.255) ns3::UdpHeader (length: 44 698 &gt; 698) ns3::olsr::PacketHeader () ns3::olsr::MessageHeader () ns3::WifiMacTrailer ()" />
<wpr uId="900" tId="6" fbRx="96.00061851" lbRx="0" />
<wpr uId="900" tId="2" fbRx="96.00061935" lbRx="0" />
<wpr uId="900" tId="7" fbRx="96.00061935" lbRx="0" />
<pr uId="901" fId="3" fbTx="96.04835544" meta-info="ns3::WifiMacHeader (DATA ToDS=0, FromDS=0, MoreFrag=0, Retry=0, MoreData=0 Duration/ID=0us, DA=ff:ff:ff:ff:ff:ff, SA=00:00:00:00:00:04, BSSID=00:00:00:00:00:04, FragNumber=0, SeqNumber=61) ns3::LlcSnapHeader (type 0x800) ns3::Ipv4Header (tos 0x0 DSCP Default ECN Not-ECT ttl 64 id 60 protocol 17 offset (bytes) 0 flags [none] length: 56 192.168.1.4 &gt; 192.168.1.255) ns3::UdpHeader (length: 36 698 &gt; 698) ns3::olsr::PacketHeader () ns3::olsr::MessageHeader () ns3::WifiMacTrailer ()" />
<wpr uId="901" tId="8" fbRx="96.04835544" lbRx="0" />
<wpr uId="901" tId="2" fbRx="96.04835627" lbRx="0" />
<wpr uId="901" tId="7" fbRx="96.04835627" lbRx="0" />
<pr uId="902" fId="0" fbTx="96.18246539" meta-info="ns3::WifiMacHeader (DATA ToDS=0, FromDS=0, MoreFrag=0, Retry=0, MoreData=0 Duration/ID=0us, DA=ff:ff:ff:ff:ff:ff, SA=00:00:00:00:00:01, BSSID=00:00:00:00:00:01, FragNumber=0, SeqNumber=52) ns3::LlcSnapHeader (type 0x800) ns3::Ipv4Header (tos 0x0 DSCP Default ECN Not-ECT ttl 64 id 48 protocol 17 offset (bytes) 0 flags [none] length: 56 192.168.1.1 &gt; 192.168.1.255) ns3::UdpHeader (length: 36 698 &gt; 698) ns3::olsr::PacketHeader () ns3::olsr::MessageHeader () ns3::WifiMacTrailer ()" />
<wpr uId="902" tId="5" fbRx="96.18246539" lbRx="0" />
<nu p="p" t="96.25" id="4" x="1041.666667" y="0" />
<nu p="p" t="96.25" id="9" x="1041.666667" y="0" />
<pr uId="903" fId="2" fbTx="96.26034009" meta-info="ns3::WifiMacHeader (DATA ToDS=0, FromDS=0, MoreFrag=0, Retry=0, MoreData=0 Duration/ID=0us, DA=ff:ff:ff:ff:ff:ff, SA=00:00:00:00:00:03, BSSID=00:00:00:00:00:03, FragNumber=0, SeqNumber=73) ns3::LlcSnapHeader (type 0x800) ns3::Ipv4Header (tos 0x0 DSCP Default ECN Not-ECT ttl 64 id 66 protocol 17 offset (bytes) 0 flags [none] length: 64 192.168.1.3 &gt; 192.168.1.255) ns3::UdpHeader (length: 44 698 &gt; 698) ns3::olsr::PacketHeader () ns3::olsr::MessageHeader () ns3::WifiMacTrailer ()" />
<wpr uId="903" tId="7" fbRx="96.26034009" lbRx="0" />
<wpr uId="903" tId="1" fbRx="96.26034092" lbRx="0" />
<wpr uId="903" tId="3" fbRx="96.26034092" lbRx="0" />
<wpr uId="903" tId="6" fbRx="96.26034092" lbRx="0" />
<wpr uId="903" tId="8" fbRx="96.26034092" lbRx="0" />
<pr uId="904" fId="4" fbTx="96.34773011" meta-info="ns3::WifiMacHeader (DATA ToDS=0, FromDS=0, MoreFrag=0, Retry=0, MoreData=0 Duration/ID=0us, DA=ff:ff:ff:ff:ff:ff, SA=00:00:00:00:00:05, BSSID=00:00:00:00:00:05, FragNumber=0, SeqNumber=48) ns3::LlcSnapHeader (type 0x800) ns3::Ipv4Header (tos 0x0 DSCP Default ECN Not-ECT ttl 64 id 48 protocol 17 offset (bytes) 0 flags [none] length: 48 192.168.1.5 &gt; 192.168.1.255) ns3::UdpHeader (length: 28 698 &gt; 698) ns3::olsr::PacketHeader () ns3::olsr::MessageHeader () ns3::WifiMacTrailer ()" />
<wpr uId="904" tId="9" fbRx="96.34773011" lbRx="0" />
<pr uId="905" fId="9" fbTx="96.359" meta-info="ns3::WifiMacHeader (DATA ToDS=0, FromDS=0, MoreFrag=0, Retry=0, MoreData=0 Duration/ID=0us, DA=ff:ff:ff:ff:ff:ff, SA=00:00:00:00:00:0a, BSSID=00:00:00:00:00:0a, FragNumber=0, SeqNumber=99) ns3::LlcSnapHeader (type 0x800) ns3::Ipv4Header (tos 0x0 DSCP Default ECN Not-ECT ttl 64 id 91 protocol 17 offset (bytes) 0 flags [none] length: 45 192.168.2.5 &gt; 192.168.2.255) ns3::UdpHeader (length: 25 269 &gt; 269) ns3::Epidemic::TypeHeader (BEACON) ns3::Epidemic::EpidemicHeader ( Packet ID: 1101480448 Hop count: 1000 TimeStamp: +0.0ns) ns3::WifiMacTrailer ()" />
<wpr uId="905" tId="4" fbRx="96.359" lbRx="0" />
<pr uId="906" fId="7" fbTx="96.414" meta-info="ns3::WifiMacHeader (DATA ToDS=0, FromDS=0, MoreFrag=0, Retry=0, MoreData=0 Duration/ID=0us, DA=ff:ff:ff:ff:ff:ff, SA=00:00:00:00:00:08, BSSID=00:00:00:00:00:08, FragNumber=0, SeqNumber=118) ns3::LlcSnapHeader (type 0x800) ns3::Ipv4Header (tos 0x0 DSCP Default ECN Not-ECT ttl 64 id 91 protocol 17 offset (bytes) 0 flags [none] length: 45 192.168.2.3 &gt; 192.168.2.255) ns3::UdpHeader (length: 25 269 &gt; 269) ns3::Epidemic::TypeHeader (BEACON) ns3::Epidemic::EpidemicHeader ( Packet ID: 1101480448 Hop count: 1000 TimeStamp: +0.0ns) ns3::WifiMacTrailer ()" />
<wpr uId="906" tId="2" fbRx="96.414" lbRx="0" />
<wpr uId="906" tId="1" fbRx="96.41400083" lbRx="0" />
<wpr uId="906" tId="3" fbRx="96.41400083" lbRx="0" />
<wpr uId="906" tId="6" fbRx="96.41400083" lbRx="0" />
<wpr uId="906" tId="8" fbRx="96.41400083" lbRx="0" />
<pr uId="907" fId="5" fbTx="96.442" meta-info="ns3::WifiMacHeader (DATA ToDS=0, FromDS=0, MoreFrag=0, Retry=0, MoreData=0 Duration/ID=0us, DA=ff:ff:ff:ff:ff:ff, SA=00:00:00:00:00:06, BSSID=00:00:00:00:00:06, FragNumber=0, SeqNumber=96) ns3::LlcSnapHeader (type 0x800) ns3::Ipv4Header (tos 0x0 DSCP Default ECN Not-ECT ttl 64 id 91 protocol 17 offset (bytes) 0 flags [none] length: 45 192.168.2.1 &gt; 192.168.2.255) ns3::UdpHeader (length: 25 269 &gt; 269) ns3::Epidemic::TypeHeader (BEACON) ns3::Epidemic::EpidemicHeader ( Packet ID: 1101480448 Hop count: 1000 TimeStamp: +0.0ns) ns3::WifiMacTrailer ()" />
<wpr uId="907" tId="0" fbRx="96.442" lbRx="0" />
<nu p="p" t="96.5" id="4" x="1038.888889" y="0" />
<nu p="p" t="96.5" id="9" x="1038.888889" y="0" />
<pr uId="908" fId="6" fbTx="96.555" meta-info="ns3::WifiMacHeader (DATA ToDS=0, FromDS=0, MoreFrag=0, Retry=0, MoreData=0 Duration/ID=0us, DA=ff:ff:ff:ff:ff:ff, SA=00:00:00:00:00:07, BSSID=00:00:00:00:00:07, FragNumber=0, SeqNumber=108) ns3::LlcSnapHeader (type 0x800) ns3::Ipv4Header (tos 0x0 DSCP Default ECN Not-ECT ttl 64 id 91 protocol 17 offset (bytes) 0 flags [none] length: 45 192.168.2.2 &gt; 192.168.2.255) ns3::UdpHeader (length: 25 269 &gt; 269) ns3::Epidemic::TypeHeader (BEACON) ns3::Epidemic::EpidemicHeader ( Packet ID: 1101480448 Hop count: 1000 TimeStamp: +0.0ns) ns3::WifiMacTrailer ()" />
<wpr uId="908" tId="1" fbRx="96.555" lbRx="0" />
<wpr uId="908" tId="2" fbRx="96.55500083" lbRx="0" />
<wpr uId="908" tId="7" fbRx="96.55500083" lbRx="0" />
<nu p="p" t="96.75" id="4" x="1036.111111" y="0" />
<nu p="p" t="96.75" id="9" x="1036.111111" y="0" />
<pr uId="909" fId="8" fbTx="96.978" meta-info="ns3::WifiMacHeader (DATA ToDS=0, FromDS=0, MoreFrag=0, Retry=0, MoreData=0 Duration/ID=0us, DA=ff:ff:ff:ff:ff:ff, SA=00:00:00:00:00:09, BSSID=00:00:00:00:00:09, FragNumber=0, SeqNumber=111) ns3::LlcSnapHeader (type 0x800) ns3::Ipv4Header (tos 0x0 DSCP Default ECN Not-ECT ttl 64 id 91 protocol 17 offset (bytes) 0 flags [none] length: 45 192.168.2.4 &gt; 192.168.2.255) ns3::UdpHeader (length: 25 269 &gt; 269) ns3::Epidemic::TypeHeader (BEACON) ns3::Epidemic::EpidemicHeader ( Packet ID: 1101480448 Hop count: 1000 TimeStamp: +0.0ns) ns3::WifiMacTrailer ()" />
<wpr uId="909" tId="3" fbRx="96.978" lbRx="0" />
<wpr uId="909" tId="2" fbRx="96.97800083" lbRx="0" />
<wpr uId="909" tId="7" fbRx="96.97800083" lbRx="0" />
<nu p="p" t="97" id="4" x="1033.333333" y="0" />
<nu p="p" t="97" id="9" x="1033.333333" y="0" />
<nu p="p" t="97.25" id="4" x="1030.555556" y="0" />
<nu p="p" t="97.25" id="9" x="1030.555556" y="0" />
<pr uId="910" fId="9" fbTx="97.366" meta-info="ns3::WifiMacHeader (DATA ToDS=0, FromDS=0, MoreFrag=0, Retry=0, MoreData=0 Duration/ID=0us, DA=ff:ff:ff:ff:ff:ff, SA=00:00:00:00:00:0a, BSSID=00:00:00:00:00:0a, FragNumber=0, SeqNumber=100) ns3::LlcSnapHeader (type 0x800) ns3::Ipv4Header (tos 0x0 DSCP Default ECN Not-ECT ttl 64 id 92 protocol 17 offset (bytes) 0 flags [none] length: 45 192.168.2.5 &gt; 192.168.2.255) ns3::UdpHeader (length: 25 269 &gt; 269) ns3::Epidemic::TypeHeader (BEACON) ns3::Epidemic::EpidemicHeader ( Packet ID: 1101480448 Hop count: 1000 TimeStamp: +0.0ns) ns3::WifiMacTrailer ()" />
<wpr uId="910" tId="4" fbRx="97.366" lbRx="0" />
<pr uId="911" fId="7" fbTx="97.441" meta-info="ns3::WifiMacHeader (DATA ToDS=0, FromDS=0, MoreFrag=0, Retry=0, MoreData=0 Duration/ID=0us, DA=ff:ff:ff:ff:ff:ff, SA=00:00:00:00:00:08, BSSID=00:00:00:00:00:08, FragNumber=0, SeqNumber=119) ns3::LlcSnapHeader (type 0x800) ns3::Ipv4Header (tos 0x0 DSCP Default ECN Not-ECT ttl 64 id 92 protocol 17 offset (bytes) 0 flags [none] length: 45 192.168.2.3 &gt; 192.168.2.255) ns3::UdpHeader (length: 25 269 &gt; 269) ns3::Epidemic::TypeHeader (BEACON) ns3::Epidemic::EpidemicHeader ( Packet ID: 1101480448 Hop count: 1000 TimeStamp: +0.0ns) ns3::WifiMacTrailer ()" />
<wpr uId="911" tId="2" fbRx="97.441" lbRx="0" />
<wpr uId="911" tId="1" fbRx="97.44100083" lbRx="0" />
<wpr uId="911" tId="3" fbRx="97.44100083" lbRx="0" />
<wpr uId="911" tId="6" fbRx="97.44100083" lbRx="0" />
<wpr uId="911" tId="8" fbRx="97.44100083" lbRx="0" />
<nu p="p" t="97.5" id="4" x="1027.777778" y="0" />
<nu p="p" t="97.5" id="9" x="1027.777778" y="0" />
<pr uId="912" fId="5" fbTx="97.504" meta-info="ns3::WifiMacHeader (DATA ToDS=0, FromDS=0, MoreFrag=0, Retry=0, MoreData=0 Duration/ID=0us, DA=ff:ff:ff:ff:ff:ff, SA=00:00:00:00:00:06, BSSID=00:00:00:00:00:06, FragNumber=0, SeqNumber=97) ns3::LlcSnapHeader (type 0x800) ns3::Ipv4Header (tos 0x0 DSCP Default ECN Not-ECT ttl 64 id 92 protocol 17 offset (bytes) 0 flags [none] length: 45 192.168.2.1 &gt; 192.168.2.255) ns3::UdpHeader (length: 25 269 &gt; 269) ns3::Epidemic::TypeHeader (BEACON) ns3::Epidemic::EpidemicHeader ( Packet ID: 1101480448 Hop count: 1000 TimeStamp: +0.0ns) ns3::WifiMacTrailer ()" />
<wpr uId="912" tId="0" fbRx="97.504" lbRx="0" />
<pr uId="913" fId="6" fbTx="97.613" meta-info="ns3::WifiMacHeader (DATA ToDS=0, FromDS=0, MoreFrag=0, Retry=0, MoreData=0 Duration/ID=0us, DA=ff:ff:ff:ff:ff:ff, SA=00:00:00:00:00:07, BSSID=00:00:00:00:00:07, FragNumber=0, SeqNumber=109) ns3::LlcSnapHeader (type 0x800) ns3::Ipv4Header (tos 0x0 DSCP Default ECN Not-ECT ttl 64 id 92 protocol 17 offset (bytes) 0 flags [none] length: 45 192.168.2.2 &gt; 192.168.2.255) ns3::UdpHeader (length: 25 269 &gt; 269) ns3::Epidemic::TypeHeader (BEACON) ns3::Epidemic::EpidemicHeader ( Packet ID: 1101480448 Hop count: 1000 TimeStamp: +0.0ns) ns3::WifiMacTrailer ()" />
<wpr uId="913" tId="1" fbRx="97.613" lbRx="0" />
<wpr uId="913" tId="2" fbRx="97.61300083" lbRx="0" />
<wpr uId="913" tId="7" fbRx="97.61300083" lbRx="0" />
<nu p="p" t="97.75" id="4" x="1025" y="0" />
<nu p="p" t="97.75" id="9" x="1025" y="0" />
<pr uId="914" fId="8" fbTx="97.988" meta-info="ns3::WifiMacHeader (DATA ToDS=0, FromDS=0, MoreFrag=0, Retry=0, MoreData=0 Duration/ID=0us, DA=ff:ff:ff:ff:ff:ff, SA=00:00:00:00:00:09, BSSID=00:00:00:00:00:09, FragNumber=0, SeqNumber=112) ns3::LlcSnapHeader (type 0x800) ns3::Ipv4Header (tos 0x0 DSCP Default ECN Not-ECT ttl 64 id 92 protocol 17 offset (bytes) 0 flags [none] length: 45 192.168.2.4 &gt; 192.168.2.255) ns3::UdpHeader (length: 25 269 &gt; 269) ns3::Epidemic::TypeHeader (BEACON) ns3::Epidemic::EpidemicHeader ( Packet ID: 1101480448 Hop count: 1000 TimeStamp: +0.0ns) ns3::WifiMacTrailer ()" />
<wpr uId="914" tId="3" fbRx="97.988" lbRx="0" />
<wpr uId="914" tId="2" fbRx="97.98800083" lbRx="0" />
<wpr uId="914" tId="7" fbRx="97.98800083" lbRx="0" />
<nu p="p" t="98" id="4" x="1022.222222" y="0" />
<nu p="p" t="98" id="9" x="1022.222222" y="0" />
<pr uId="915" fId="3" fbTx="98.07078738" meta-info="ns3::WifiMacHeader (DATA ToDS=0, FromDS=0, MoreFrag=0, Retry=0, MoreData=0 Duration/ID=0us, DA=ff:ff:ff:ff:ff:ff, SA=00:00:00:00:00:04, BSSID=00:00:00:00:00:04, FragNumber=0, SeqNumber=62) ns3::LlcSnapHeader (type 0x800) ns3::Ipv4Header (tos 0x0 DSCP Default ECN Not-ECT ttl 64 id 61 protocol 17 offset (bytes) 0 flags [none] length: 56 192.168.1.4 &gt; 192.168.1.255) ns3::UdpHeader (length: 36 698 &gt; 698) ns3::olsr::PacketHeader () ns3::olsr::MessageHeader () ns3::WifiMacTrailer ()" />
<wpr uId="915" tId="8" fbRx="98.07078738" lbRx="0" />
<wpr uId="915" tId="2" fbRx="98.07078821" lbRx="0" />
<wpr uId="915" tId="7" fbRx="98.07078821" lbRx="0" />
<pr uId="916" fId="2" fbTx="98.1910827" meta-info="ns3::WifiMacHeader (DATA ToDS=0, FromDS=0, MoreFrag=0, Retry=0, MoreData=0 Duration/ID=0us, DA=ff:ff:ff:ff:ff:ff, SA=00:00:00:00:00:03, BSSID=00:00:00:00:00:03, FragNumber=0, SeqNumber=74) ns3::LlcSnapHeader (type 0x800) ns3::Ipv4Header (tos 0x0 DSCP Default ECN Not-ECT ttl 64 id 67 protocol 17 offset (bytes) 0 flags [none] length: 64 192.168.1.3 &gt; 192.168.1.255) ns3::UdpHeader (length: 44 698 &gt; 698) ns3::olsr::PacketHeader () ns3::olsr::MessageHeader () ns3::WifiMacTrailer ()" />
<wpr uId="916" tId="7" fbRx="98.1910827" lbRx="0" />
<wpr uId="916" tId="1" fbRx="98.19108353" lbRx="0" />
<wpr uId="916" tId="3" fbRx="98.19108353" lbRx="0" />
<wpr uId="916" tId="6" fbRx="98.19108353" lbRx="0" />
<wpr uId="916" tId="8" fbRx="98.19108353" lbRx="0" />
<nu p="p" t="98.25" id="4" x="1019.444444" y="0" />
<nu p="p" t="98.25" id="9" x="1019.444444" y="0" />
<pr uId="917" fId="4" fbTx="98.26487399" meta-info="ns3::WifiMacHeader (DATA ToDS=0, FromDS=0, MoreFrag=0, Retry=0, MoreData=0 Duration/ID=0us, DA=ff:ff:ff:ff:ff:ff, SA=00:00:00:00:00:05, BSSID=00:00:00:00:00:05, FragNumber=0, SeqNumber=49) ns3::LlcSnapHeader (type 0x800) ns3::Ipv4Header (tos 0x0 DSCP Default ECN Not-ECT ttl 64 id 49 protocol 17 offset (bytes) 0 flags [none] length: 48 192.168.1.5 &gt; 192.168.1.255) ns3::UdpHeader (length: 28 698 &gt; 698) ns3::olsr::PacketHeader () ns3::olsr::MessageHeader () ns3::WifiMacTrailer ()" />
<wpr uId="917" tId="9" fbRx="98.26487399" lbRx="0" />
<pr uId="918" fId="1" fbTx="98.26791758" meta-info="ns3::WifiMacHeader (DATA ToDS=0, FromDS=0, MoreFrag=0, Retry=0, MoreData=0 Duration/ID=0us, DA=ff:ff:ff:ff:ff:ff, SA=00:00:00:00:00:02, BSSID=00:00:00:00:00:02, FragNumber=0, SeqNumber=56) ns3::LlcSnapHeader (type 0x800) ns3::Ipv4Header (tos 0x0 DSCP Default ECN Not-ECT ttl 64 id 53 protocol 17 offset (bytes) 0 flags [none] length: 64 192.168.1.2 &gt; 192.168.1.255) ns3::UdpHeader (length: 44 698 &gt; 698) ns3::olsr::PacketHeader () ns3::olsr::MessageHeader () ns3::WifiMacTrailer ()" />
<wpr uId="918" tId="6" fbRx="98.26791758" lbRx="0" />
<wpr uId="918" tId="2" fbRx="98.26791841" lbRx="0" />
<wpr uId="918" tId="7" fbRx="98.26791841" lbRx="0" />
<pr uId="919" fId="9" fbTx="98.374" meta-info="ns3::WifiMacHeader (DATA ToDS=0, FromDS=0, MoreFrag=0, Retry=0, MoreData=0 Duration/ID=0us, DA=ff:ff:ff:ff:ff:ff, SA=00:00:00:00:00:0a, BSSID=00:00:00:00:00:0a, FragNumber=0, SeqNumber=101) ns3::LlcSnapHeader (type 0x800) ns3::Ipv4Header (tos 0x0 DSCP Default ECN Not-ECT ttl 64 id 93 protocol 17 offset (bytes) 0 flags [none] length: 45 192.168.2.5 &gt; 192.168.2.255) ns3::UdpHeader (length: 25 269 &gt; 269) ns3::Epidemic::TypeHeader (BEACON) ns3::Epidemic::EpidemicHeader ( Packet ID: 1101480448 Hop count: 1000 TimeStamp: +0.0ns) ns3::WifiMacTrailer ()" />
<wpr uId="919" tId="4" fbRx="98.374" lbRx="0" />
<pr uId="920" fId="7" fbTx="98.449" meta-info="ns3::WifiMacHeader (DATA ToDS=0, FromDS=0, MoreFrag=0, Retry=0, MoreData=0 Duration/ID=0us, DA=ff:ff:ff:ff:ff:ff, SA=00:00:00:00:00:08, BSSID=00:00:00:00:00:08, FragNumber=0, SeqNumber=120) ns3::LlcSnapHeader (type 0x800) ns3::Ipv4Header (tos 0x0 DSCP Default ECN Not-ECT ttl 64 id 93 protocol 17 offset (bytes) 0 flags [none] length: 45 192.168.2.3 &gt; 192.168.2.255) ns3::UdpHeader (length: 25 269 &gt; 269) ns3::Epidemic::TypeHeader (BEACON) ns3::Epidemic::EpidemicHeader ( Packet ID: 1101480448 Hop count: 1000 TimeStamp: +0.0ns) ns3::WifiMacTrailer ()" />
<wpr uId="920" tId="2" fbRx="98.449" lbRx="0" />
<wpr uId="920" tId="1" fbRx="98.44900083" lbRx="0" />
<wpr uId="920" tId="3" fbRx="98.44900083" lbRx="0" />
<wpr uId="920" tId="6" fbRx="98.44900083" lbRx="0" />
<wpr uId="920" tId="8" fbRx="98.44900083" lbRx="0" />
<pr uId="921" fId="0" fbTx="98.45990648" meta-info="ns3::WifiMacHeader (DATA ToDS=0, FromDS=0, MoreFrag=0, Retry=0, MoreData=0 Duration/ID=0us, DA=ff:ff:ff:ff:ff:ff, SA=00:00:00:00:00:01, BSSID=00:00:00:00:00:01, FragNumber=0, SeqNumber=53) ns3::LlcSnapHeader (type 0x800) ns3::Ipv4Header (tos 0x0 DSCP Default ECN Not-ECT ttl 64 id 49 protocol 17 offset (bytes) 0 flags [none] length: 56 192.168.1.1 &gt; 192.168.1.255) ns3::UdpHeader (length: 36 698 &gt; 698) ns3::olsr::PacketHeader () ns3::olsr::MessageHeader () ns3::WifiMacTrailer ()" />
<wpr uId="921" tId="5" fbRx="98.45990648" lbRx="0" />
<nu p="p" t="98.5" id="4" x="1016.666667" y="0" />
<nu p="p" t="98.5" id="9" x="1016.666667" y="0" />
<pr uId="922" fId="5" fbTx="98.594" meta-info="ns3::WifiMacHeader (DATA ToDS=0, FromDS=0, MoreFrag=0, Retry=0, MoreData=0 Duration/ID=0us, DA=ff:ff:ff:ff:ff:ff, SA=00:00:00:00:00:06, BSSID=00:00:00:00:00:06, FragNumber=0, SeqNumber=98) ns3::LlcSnapHeader (type 0x800) ns3::Ipv4Header (tos 0x0 DSCP Default ECN Not-ECT ttl 64 id 93 protocol 17 offset (bytes) 0 flags [none] length: 45 192.168.2.1 &gt; 192.168.2.255) ns3::UdpHeader (length: 25 269 &gt; 269) ns3::Epidemic::TypeHeader (BEACON) ns3::Epidemic::EpidemicHeader ( Packet ID: 1101480448 Hop count: 1000 TimeStamp: +0.0ns) ns3::WifiMacTrailer ()" />
<wpr uId="922" tId="0" fbRx="98.594" lbRx="0" />
<pr uId="923" fId="6" fbTx="98.712" meta-info="ns3::WifiMacHeader (DATA ToDS=0, FromDS=0, MoreFrag=0, Retry=0, MoreData=0 Duration/ID=0us, DA=ff:ff:ff:ff:ff:ff, SA=00:00:00:00:00:07, BSSID=00:00:00:00:00:07, FragNumber=0, SeqNumber=110) ns3::LlcSnapHeader (type 0x800) ns3::Ipv4Header (tos 0x0 DSCP Default ECN Not-ECT ttl 64 id 93 protocol 17 offset (bytes) 0 flags [none] length: 45 192.168.2.2 &gt; 192.168.2.255) ns3::UdpHeader (length: 25 269 &gt; 269) ns3::Epidemic::TypeHeader (BEACON) ns3::Epidemic::EpidemicHeader ( Packet ID: 1101480448 Hop count: 1000 TimeStamp: +0.0ns) ns3::WifiMacTrailer ()" />
<wpr uId="923" tId="1" fbRx="98.712" lbRx="0" />
<wpr uId="923" tId="2" fbRx="98.71200083" lbRx="0" />
<wpr uId="923" tId="7" fbRx="98.71200083" lbRx="0" />
<nu p="p" t="98.75" id="4" x="1013.888889" y="0" />
<nu p="p" t="98.75" id="9" x="1013.888889" y="0" />
<nu p="p" t="99" id="4" x="1011.111111" y="0" />
<nu p="p" t="99" id="9" x="1011.111111" y="0" />
<pr uId="924" fId="8" fbTx="99.003" meta-info="ns3::WifiMacHeader (DATA ToDS=0, FromDS=0, MoreFrag=0, Retry=0, MoreData=0 Duration/ID=0us, DA=ff:ff:ff:ff:ff:ff, SA=00:00:00:00:00:09, BSSID=00:00:00:00:00:09, FragNumber=0, SeqNumber=113) ns3::LlcSnapHeader (type 0x800) ns3::Ipv4Header (tos 0x0 DSCP Default ECN Not-ECT ttl 64 id 93 protocol 17 offset (bytes) 0 flags [none] length: 45 192.168.2.4 &gt; 192.168.2.255) ns3::UdpHeader (length: 25 269 &gt; 269) ns3::Epidemic::TypeHeader (BEACON) ns3::Epidemic::EpidemicHeader ( Packet ID: 1101480448 Hop count: 1000 TimeStamp: +0.0ns) ns3::WifiMacTrailer ()" />
<wpr uId="924" tId="3" fbRx="99.003" lbRx="0" />
<wpr uId="924" tId="2" fbRx="99.00300083" lbRx="0" />
<wpr uId="924" tId="7" fbRx="99.00300083" lbRx="0" />
<nu p="p" t="99.25" id="4" x="1008.333333" y="0" />
<nu p="p" t="99.25" id="9" x="1008.333333" y="0" />
<pr uId="925" fId="9" fbTx="99.427" meta-info="ns3::WifiMacHeader (DATA ToDS=0, FromDS=0, MoreFrag=0, Retry=0, MoreData=0 Duration/ID=0us, DA=ff:ff:ff:ff:ff:ff, SA=00:00:00:00:00:0a, BSSID=00:00:00:00:00:0a, FragNumber=0, SeqNumber=102) ns3::LlcSnapHeader (type 0x800) ns3::Ipv4Header (tos 0x0 DSCP Default ECN Not-ECT ttl 64 id 94 protocol 17 offset (bytes) 0 flags [none] length: 45 192.168.2.5 &gt; 192.168.2.255) ns3::UdpHeader (length: 25 269 &gt; 269) ns3::Epidemic::TypeHeader (BEACON) ns3::Epidemic::EpidemicHeader ( Packet ID: 1101480448 Hop count: 1000 TimeStamp: +0.0ns) ns3::WifiMacTrailer ()" />
<wpr uId="925" tId="4" fbRx="99.427" lbRx="0" />
<nu p="p" t="99.5" id="4" x="1005.555556" y="0" />
<nu p="p" t="99.5" id="9" x="1005.555556" y="0" />
<pr uId="926" fId="7" fbTx="99.502" meta-info="ns3::WifiMacHeader (DATA ToDS=0, FromDS=0, MoreFrag=0, Retry=0, MoreData=0 Duration/ID=0us, DA=ff:ff:ff:ff:ff:ff, SA=00:00:00:00:00:08, BSSID=00:00:00:00:00:08, FragNumber=0, SeqNumber=121) ns3::LlcSnapHeader (type 0x800) ns3::Ipv4Header (tos 0x0 DSCP Default ECN Not-ECT ttl 64 id 94 protocol 17 offset (bytes) 0 flags [none] length: 45 192.168.2.3 &gt; 192.168.2.255) ns3::UdpHeader (length: 25 269 &gt; 269) ns3::Epidemic::TypeHeader (BEACON) ns3::Epidemic::EpidemicHeader ( Packet ID: 1101480448 Hop count: 1000 TimeStamp: +0.0ns) ns3::WifiMacTrailer ()" />
<wpr uId="926" tId="2" fbRx="99.502" lbRx="0" />
<wpr uId="926" tId="1" fbRx="99.50200083" lbRx="0" />
<wpr uId="926" tId="3" fbRx="99.50200083" lbRx="0" />
<wpr uId="926" tId="6" fbRx="99.50200083" lbRx="0" />
<wpr uId="926" tId="8" fbRx="99.50200083" lbRx="0" />
<pr uId="927" fId="5" fbTx="99.654" meta-info="ns3::WifiMacHeader (DATA ToDS=0, FromDS=0, MoreFrag=0, Retry=0, MoreData=0 Duration/ID=0us, DA=ff:ff:ff:ff:ff:ff, SA=00:00:00:00:00:06, BSSID=00:00:00:00:00:06, FragNumber=0, SeqNumber=99) ns3::LlcSnapHeader (type 0x800) ns3::Ipv4Header (tos 0x0 DSCP Default ECN Not-ECT ttl 64 id 94 protocol 17 offset (bytes) 0 flags [none] length: 45 192.168.2.1 &gt; 192.168.2.255) ns3::UdpHeader (length: 25 269 &gt; 269) ns3::Epidemic::TypeHeader (BEACON) ns3::Epidemic::EpidemicHeader ( Packet ID: 1101480448 Hop count: 1000 TimeStamp: +0.0ns) ns3::WifiMacTrailer ()" />
<wpr uId="927" tId="0" fbRx="99.654" lbRx="0" />
<nu p="p" t="99.75" id="4" x="1002.777778" y="0" />
<nu p="p" t="99.75" id="9" x="1002.777778" y="0" />
<pr uId="928" fId="6" fbTx="99.781" meta-info="ns3::WifiMacHeader (DATA ToDS=0, FromDS=0, MoreFrag=0, Retry=0, MoreData=0 Duration/ID=0us, DA=ff:ff:ff:ff:ff:ff, SA=00:00:00:00:00:07, BSSID=00:00:00:00:00:07, FragNumber=0, SeqNumber=111) ns3::LlcSnapHeader (type 0x800) ns3::Ipv4Header (tos 0x0 DSCP Default ECN Not-ECT ttl 64 id 94 protocol 17 offset (bytes) 0 flags [none] length: 45 192.168.2.2 &gt; 192.168.2.255) ns3::UdpHeader (length: 25 269 &gt; 269) ns3::Epidemic::TypeHeader (BEACON) ns3::Epidemic::EpidemicHeader ( Packet ID: 1101480448 Hop count: 1000 TimeStamp: +0.0ns) ns3::WifiMacTrailer ()" />
<wpr uId="928" tId="1" fbRx="99.781" lbRx="0" />
<wpr uId="928" tId="2" fbRx="99.78100083" lbRx="0" />
<wpr uId="928" tId="7" fbRx="99.78100083" lbRx="0" />
<nu p="p" t="100" id="9" x="1000" y="0" />
<nu p="p" t="100" id="4" x="1000" y="0" />
<pr uId="929" fId="8" fbTx="100.013" meta-info="ns3::WifiMacHeader (DATA ToDS=0, FromDS=0, MoreFrag=0, Retry=0, MoreData=0 Duration/ID=0us, DA=ff:ff:ff:ff:ff:ff, SA=00:00:00:00:00:09, BSSID=00:00:00:00:00:09, FragNumber=0, SeqNumber=114) ns3::LlcSnapHeader (type 0x800) ns3::Ipv4Header (tos 0x0 DSCP Default ECN Not-ECT ttl 64 id 94 protocol 17 offset (bytes) 0 flags [none] length: 45 192.168.2.4 &gt; 192.168.2.255) ns3::UdpHeader (length: 25 269 &gt; 269) ns3::Epidemic::TypeHeader (BEACON) ns3::Epidemic::EpidemicHeader ( Packet ID: 1101480448 Hop count: 1000 TimeStamp: +0.0ns) ns3::WifiMacTrailer ()" />
<wpr uId="929" tId="3" fbRx="100.013" lbRx="0" />
<wpr uId="929" tId="2" fbRx="100.0130008" lbRx="0" />
<wpr uId="929" tId="4" fbRx="100.0130008" lbRx="0" />
<wpr uId="929" tId="7" fbRx="100.0130008" lbRx="0" />
<wpr uId="929" tId="9" fbRx="100.0130008" lbRx="0" />
<pr uId="930" fId="2" fbTx="100.122749" meta-info="ns3::WifiMacHeader (DATA ToDS=0, FromDS=0, MoreFrag=0, Retry=0, MoreData=0 Duration/ID=0us, DA=ff:ff:ff:ff:ff:ff, SA=00:00:00:00:00:03, BSSID=00:00:00:00:00:03, FragNumber=0, SeqNumber=75) ns3::LlcSnapHeader (type 0x800) ns3::Ipv4Header (tos 0x0 DSCP Default ECN Not-ECT ttl 64 id 68 protocol 17 offset (bytes) 0 flags [none] length: 88 192.168.1.3 &gt; 192.168.1.255) ns3::UdpHeader (length: 68 698 &gt; 698) ns3::olsr::PacketHeader () ns3::olsr::MessageHeader () ns3::olsr::MessageHeader () ns3::WifiMacTrailer ()" />
<wpr uId="930" tId="7" fbRx="100.122749" lbRx="0" />
<wpr uId="930" tId="1" fbRx="100.1227498" lbRx="0" />
<wpr uId="930" tId="3" fbRx="100.1227498" lbRx="0" />
<wpr uId="930" tId="6" fbRx="100.1227498" lbRx="0" />
<wpr uId="930" tId="8" fbRx="100.1227498" lbRx="0" />
<pr uId="931" fId="4" fbTx="100.1820043" meta-info="ns3::WifiMacHeader (DATA ToDS=0, FromDS=0, MoreFrag=0, Retry=0, MoreData=0 Duration/ID=0us, DA=ff:ff:ff:ff:ff:ff, SA=00:00:00:00:00:05, BSSID=00:00:00:00:00:05, FragNumber=0, SeqNumber=50) ns3::LlcSnapHeader (type 0x800) ns3::Ipv4Header (tos 0x0 DSCP Default ECN Not-ECT ttl 64 id 50 protocol 17 offset (bytes) 0 flags [none] length: 48 192.168.1.5 &gt; 192.168.1.255) ns3::UdpHeader (length: 28 698 &gt; 698) ns3::olsr::PacketHeader () ns3::olsr::MessageHeader () ns3::WifiMacTrailer ()" />
<wpr uId="931" tId="9" fbRx="100.1820043" lbRx="0" />
<wpr uId="931" tId="3" fbRx="100.1820052" lbRx="0" />
<wpr uId="931" tId="8" fbRx="100.1820052" lbRx="0" />
<pr uId="932" fId="0" fbTx="100.2598715" meta-info="ns3::WifiMacHeader (DATA ToDS=0, FromDS=0, MoreFrag=0, Retry=0, MoreData=0 Duration/ID=0us, DA=ff:ff:ff:ff:ff:ff, SA=00:00:00:00:00:01, BSSID=00:00:00:00:00:01, FragNumber=0, SeqNumber=54) ns3::LlcSnapHeader (type 0x800) ns3::Ipv4Header (tos 0x0 DSCP Default ECN Not-ECT ttl 64 id 50 protocol 17 offset (bytes) 0 flags [none] length: 56 192.168.1.1 &gt; 192.168.1.255) ns3::UdpHeader (length: 36 698 &gt; 698) ns3::olsr::PacketHeader () ns3::olsr::MessageHeader () ns3::WifiMacTrailer ()" />
<wpr uId="932" tId="5" fbRx="100.2598715" lbRx="0" />
<pr uId="933" fId="1" fbTx="100.3189873" meta-info="ns3::WifiMacHeader (DATA ToDS=0, FromDS=0, MoreFrag=0, Retry=0, MoreData=0 Duration/ID=0us, DA=ff:ff:ff:ff:ff:ff, SA=00:00:00:00:00:02, BSSID=00:00:00:00:00:02, FragNumber=0, SeqNumber=57) ns3::LlcSnapHeader (type 0x800) ns3::Ipv4Header (tos 0x0 DSCP Default ECN Not-ECT ttl 64 id 54 protocol 17 offset (bytes) 0 flags [none] length: 108 192.168.1.2 &gt; 192.168.1.255) ns3::UdpHeader (length: 88 698 &gt; 698) ns3::olsr::PacketHeader () ns3::olsr::MessageHeader () ns3::olsr::MessageHeader () ns3::olsr::MessageHeader () ns3::WifiMacTrailer ()" />
<wpr uId="933" tId="6" fbRx="100.3189873" lbRx="0" />
<wpr uId="933" tId="2" fbRx="100.3189882" lbRx="0" />
<wpr uId="933" tId="7" fbRx="100.3189882" lbRx="0" />
<pr uId="934" fId="3" fbTx="100.3211654" meta-info="ns3::WifiMacHeader (DATA ToDS=0, FromDS=0, MoreFrag=0, Retry=0, MoreData=0 Duration/ID=0us, DA=ff:ff:ff:ff:ff:ff, SA=00:00:00:00:00:04, BSSID=00:00:00:00:00:04, FragNumber=0, SeqNumber=63) ns3::LlcSnapHeader (type 0x800) ns3::Ipv4Header (tos 0x0 DSCP Default ECN Not-ECT ttl 64 id 62 protocol 17 offset (bytes) 0 flags [none] length: 56 192.168.1.4 &gt; 192.168.1.255) ns3::UdpHeader (length: 36 698 &gt; 698) ns3::olsr::PacketHeader () ns3::olsr::MessageHeader () ns3::WifiMacTrailer ()" />
<wpr uId="934" tId="8" fbRx="100.3211654" lbRx="0" />
<wpr uId="934" tId="2" fbRx="100.3211662" lbRx="0" />
<wpr uId="934" tId="4" fbRx="100.3211662" lbRx="0" />
<wpr uId="934" tId="7" fbRx="100.3211662" lbRx="0" />
<wpr uId="934" tId="9" fbRx="100.3211662" lbRx="0" />
<pr uId="935" fId="2" fbTx="100.3973586" meta-info="ns3::WifiMacHeader (DATA ToDS=0, FromDS=0, MoreFrag=0, Retry=0, MoreData=0 Duration/ID=0us, DA=ff:ff:ff:ff:ff:ff, SA=00:00:00:00:00:03, BSSID=00:00:00:00:00:03, FragNumber=0, SeqNumber=76) ns3::LlcSnapHeader (type 0x800) ns3::Ipv4Header (tos 0x0 DSCP Default ECN Not-ECT ttl 64 id 69 protocol 17 offset (bytes) 0 flags [none] length: 52 192.168.1.3 &gt; 192.168.1.255) ns3::UdpHeader (length: 32 698 &gt; 698) ns3::olsr::PacketHeader () ns3::olsr::MessageHeader () ns3::WifiMacTrailer ()" />
<wpr uId="935" tId="7" fbRx="100.3973586" lbRx="0" />
<wpr uId="935" tId="1" fbRx="100.3973595" lbRx="0" />
<wpr uId="935" tId="3" fbRx="100.3973595" lbRx="0" />
<wpr uId="935" tId="6" fbRx="100.3973595" lbRx="0" />
<wpr uId="935" tId="8" fbRx="100.3973595" lbRx="0" />
<pr uId="936" fId="9" fbTx="100.452" meta-info="ns3::WifiMacHeader (DATA ToDS=0, FromDS=0, MoreFrag=0, Retry=0, MoreData=0 Duration/ID=0us, DA=ff:ff:ff:ff:ff:ff, SA=00:00:00:00:00:0a, BSSID=00:00:00:00:00:0a, FragNumber=0, SeqNumber=103) ns3::LlcSnapHeader (type 0x800) ns3::Ipv4Header (tos 0x0 DSCP Default ECN Not-ECT ttl 64 id 95 protocol 17 offset (bytes) 0 flags [none] length: 45 192.168.2.5 &gt; 192.168.2.255) ns3::UdpHeader (length: 25 269 &gt; 269) ns3::Epidemic::TypeHeader (BEACON) ns3::Epidemic::EpidemicHeader ( Packet ID: 1101480448 Hop count: 1000 TimeStamp: +0.0ns) ns3::WifiMacTrailer ()" />
<wpr uId="936" tId="4" fbRx="100.452" lbRx="0" />
<wpr uId="936" tId="3" fbRx="100.4520008" lbRx="0" />
<wpr uId="936" tId="8" fbRx="100.4520008" lbRx="0" />
<pr uId="937" fId="8" fbTx="100.4521668" meta-info="ns3::WifiMacHeader (DATA ToDS=0, FromDS=0, MoreFrag=0, Retry=0, MoreData=0 Duration/ID=60us, DA=00:00:00:00:00:0a, SA=00:00:00:00:00:09, BSSID=00:00:00:00:00:09, FragNumber=0, SeqNumber=115) ns3::LlcSnapHeader (type 0x800) ns3::Ipv4Header (tos 0x0 DSCP Default ECN Not-ECT ttl 64 id 7 protocol 17 offset (bytes) 0 flags [none] length: 41 192.168.2.4 &gt; 192.168.2.5) ns3::UdpHeader (length: 21 269 &gt; 269) ns3::Epidemic::TypeHeader (REPLY) ns3::Epidemic::SummaryVectorHeader ( Summary_vector header with size: 2
Global IDs:
NodeID:PacketID
0.0.2.4:132
0.0.2.186:698
) ns3::WifiMacTrailer ()" />
<wpr uId="937" tId="3" fbRx="100.4521668" lbRx="0" />
<wpr uId="937" tId="2" fbRx="100.4521677" lbRx="0" />
<wpr uId="937" tId="4" fbRx="100.4521677" lbRx="0" />
<wpr uId="937" tId="7" fbRx="100.4521677" lbRx="0" />
<wpr uId="937" tId="9" fbRx="100.4521677" lbRx="0" />
<pr uId="938" fId="9" fbTx="100.4523117" meta-info="ns3::WifiMacHeader (CTL_ACK Duration/ID=0us, RA=00:00:00:00:00:09) ns3::WifiMacTrailer ()" />
<wpr uId="938" tId="4" fbRx="100.4523117" lbRx="0" />
<wpr uId="938" tId="3" fbRx="100.4523125" lbRx="0" />
<wpr uId="938" tId="8" fbRx="100.4523125" lbRx="0" />
<pr uId="939" fId="9" fbTx="100.4524437" meta-info="ns3::WifiMacHeader (DATA ToDS=0, FromDS=0, MoreFrag=0, Retry=0, MoreData=0 Duration/ID=60us, DA=00:00:00:00:00:09, SA=00:00:00:00:00:0a, BSSID=00:00:00:00:00:0a, FragNumber=0, SeqNumber=104) ns3::LlcSnapHeader (type 0x800) ns3::Ipv4Header (tos 0x0 DSCP Default ECN Not-ECT ttl 64 id 6 protocol 17 offset (bytes) 0 flags [none] length: 37 192.168.2.5 &gt; 192.168.2.4) ns3::UdpHeader (length: 17 269 &gt; 269) ns3::Epidemic::TypeHeader (REPLY_BACK) ns3::Epidemic::SummaryVectorHeader ( Summary_vector header with size: 1
Global IDs:
NodeID:PacketID
0.0.2.186:698
) ns3::WifiMacTrailer ()" />
<wpr uId="939" tId="4" fbRx="100.4524437" lbRx="0" />
<wpr uId="939" tId="3" fbRx="100.4524445" lbRx="0" />
<wpr uId="939" tId="8" fbRx="100.4524445" lbRx="0" />
<pr uId="940" fId="8" fbTx="100.4525845" meta-info="ns3::WifiMacHeader (CTL_ACK Duration/ID=0us, RA=00:00:00:00:00:0a) ns3::WifiMacTrailer ()" />
<wpr uId="940" tId="3" fbRx="100.4525845" lbRx="0" />
<wpr uId="940" tId="2" fbRx="100.4525853" lbRx="0" />
<wpr uId="940" tId="4" fbRx="100.4525853" lbRx="0" />
<wpr uId="940" tId="7" fbRx="100.4525853" lbRx="0" />
<wpr uId="940" tId="9" fbRx="100.4525853" lbRx="0" />
<pr uId="941" fId="8" fbTx="100.4527255" meta-info="ns3::WifiMacHeader (DATA ToDS=0, FromDS=0, MoreFrag=0, Retry=0, MoreData=0 Duration/ID=60us, DA=00:00:00:00:00:0a, SA=00:00:00:00:00:09, BSSID=00:00:00:00:00:09, FragNumber=0, SeqNumber=116) ns3::LlcSnapHeader (type 0x800) ns3::Ipv4Header (tos 0x0 DSCP Default ECN Not-ECT ttl 64 id 6 protocol 17 offset (bytes) 0 flags [none] length: 2092 192.168.2.4 &gt; 192.168.2.5) ns3::Epidemic::EpidemicHeader ( Packet ID: 33816708 Hop count: 1000 TimeStamp: +74627416497.0ns) ns3::UdpHeader (length: 2056 49153 &gt; 6) Payload (size=2048) ns3::WifiMacTrailer ()" />
<wpr uId="941" tId="3" fbRx="100.4527255" lbRx="0" />
<wpr uId="941" tId="2" fbRx="100.4527263" lbRx="0" />
<wpr uId="941" tId="4" fbRx="100.4527263" lbRx="0" />
<wpr uId="941" tId="7" fbRx="100.4527263" lbRx="0" />
<wpr uId="941" tId="9" fbRx="100.4527263" lbRx="0" />
<pr uId="942" fId="9" fbTx="100.4556063" meta-info="ns3::WifiMacHeader (CTL_ACK Duration/ID=0us, RA=00:00:00:00:00:09) ns3::WifiMacTrailer ()" />
<wpr uId="942" tId="4" fbRx="100.4556063" lbRx="0" />
<wpr uId="942" tId="3" fbRx="100.4556072" lbRx="0" />
<wpr uId="942" tId="8" fbRx="100.4556072" lbRx="0" />
<pr uId="943" fId="7" fbTx="100.503" meta-info="ns3::WifiMacHeader (DATA ToDS=0, FromDS=0, MoreFrag=0, Retry=0, MoreData=0 Duration/ID=0us, DA=ff:ff:ff:ff:ff:ff, SA=00:00:00:00:00:08, BSSID=00:00:00:00:00:08, FragNumber=0, SeqNumber=122) ns3::LlcSnapHeader (type 0x800) ns3::Ipv4Header (tos 0x0 DSCP Default ECN Not-ECT ttl 64 id 95 protocol 17 offset (bytes) 0 flags [none] length: 45 192.168.2.3 &gt; 192.168.2.255) ns3::UdpHeader (length: 25 269 &gt; 269) ns3::Epidemic::TypeHeader (BEACON) ns3::Epidemic::EpidemicHeader ( Packet ID: 1101480448 Hop count: 1000 TimeStamp: +0.0ns) ns3::WifiMacTrailer ()" />
<wpr uId="943" tId="2" fbRx="100.503" lbRx="0" />
<wpr uId="943" tId="1" fbRx="100.5030008" lbRx="0" />
<wpr uId="943" tId="3" fbRx="100.5030008" lbRx="0" />
<wpr uId="943" tId="6" fbRx="100.5030008" lbRx="0" />
<wpr uId="943" tId="8" fbRx="100.5030008" lbRx="0" />
<pr uId="944" fId="5" fbTx="100.699" meta-info="ns3::WifiMacHeader (DATA ToDS=0, FromDS=0, MoreFrag=0, Retry=0, MoreData=0 Duration/ID=0us, DA=ff:ff:ff:ff:ff:ff, SA=00:00:00:00:00:06, BSSID=00:00:00:00:00:06, FragNumber=0, SeqNumber=100) ns3::LlcSnapHeader (type 0x800) ns3::Ipv4Header (tos 0x0 DSCP Default ECN Not-ECT ttl 64 id 95 protocol 17 offset (bytes) 0 flags [none] length: 45 192.168.2.1 &gt; 192.168.2.255) ns3::UdpHeader (length: 25 269 &gt; 269) ns3::Epidemic::TypeHeader (BEACON) ns3::Epidemic::EpidemicHeader ( Packet ID: 1101480448 Hop count: 1000 TimeStamp: +0.0ns) ns3::WifiMacTrailer ()" />
<wpr uId="944" tId="0" fbRx="100.699" lbRx="0" />
<pr uId="945" fId="6" fbTx="100.834" meta-info="ns3::WifiMacHeader (DATA ToDS=0, FromDS=0, MoreFrag=0, Retry=0, MoreData=0 Duration/ID=0us, DA=ff:ff:ff:ff:ff:ff, SA=00:00:00:00:00:07, BSSID=00:00:00:00:00:07, FragNumber=0, SeqNumber=112) ns3::LlcSnapHeader (type 0x800) ns3::Ipv4Header (tos 0x0 DSCP Default ECN Not-ECT ttl 64 id 95 protocol 17 offset (bytes) 0 flags [none] length: 45 192.168.2.2 &gt; 192.168.2.255) ns3::UdpHeader (length: 25 269 &gt; 269) ns3::Epidemic::TypeHeader (BEACON) ns3::Epidemic::EpidemicHeader ( Packet ID: 1101480448 Hop count: 1000 TimeStamp: +0.0ns) ns3::WifiMacTrailer ()" />
<wpr uId="945" tId="1" fbRx="100.834" lbRx="0" />
<wpr uId="945" tId="2" fbRx="100.8340008" lbRx="0" />
<wpr uId="945" tId="7" fbRx="100.8340008" lbRx="0" />
<pr uId="946" fId="8" fbTx="101.071" meta-info="ns3::WifiMacHeader (DATA ToDS=0, FromDS=0, MoreFrag=0, Retry=0, MoreData=0 Duration/ID=0us, DA=ff:ff:ff:ff:ff:ff, SA=00:00:00:00:00:09, BSSID=00:00:00:00:00:09, FragNumber=0, SeqNumber=117) ns3::LlcSnapHeader (type 0x800) ns3::Ipv4Header (tos 0x0 DSCP Default ECN Not-ECT ttl 64 id 95 protocol 17 offset (bytes) 0 flags [none] length: 45 192.168.2.4 &gt; 192.168.2.255) ns3::UdpHeader (length: 25 269 &gt; 269) ns3::Epidemic::TypeHeader (BEACON) ns3::Epidemic::EpidemicHeader ( Packet ID: 1101480448 Hop count: 1000 TimeStamp: +0.0ns) ns3::WifiMacTrailer ()" />
<wpr uId="946" tId="3" fbRx="101.071" lbRx="0" />
<wpr uId="946" tId="2" fbRx="101.0710008" lbRx="0" />
<wpr uId="946" tId="4" fbRx="101.0710008" lbRx="0" />
<wpr uId="946" tId="7" fbRx="101.0710008" lbRx="0" />
<wpr uId="946" tId="9" fbRx="101.0710008" lbRx="0" />
<pr uId="947" fId="9" fbTx="101.513" meta-info="ns3::WifiMacHeader (DATA ToDS=0, FromDS=0, MoreFrag=0, Retry=0, MoreData=0 Duration/ID=0us, DA=ff:ff:ff:ff:ff:ff, SA=00:00:00:00:00:0a, BSSID=00:00:00:00:00:0a, FragNumber=0, SeqNumber=105) ns3::LlcSnapHeader (type 0x800) ns3::Ipv4Header (tos 0x0 DSCP Default ECN Not-ECT ttl 64 id 96 protocol 17 offset (bytes) 0 flags [none] length: 45 192.168.2.5 &gt; 192.168.2.255) ns3::UdpHeader (length: 25 269 &gt; 269) ns3::Epidemic::TypeHeader (BEACON) ns3::Epidemic::EpidemicHeader ( Packet ID: 1101480448 Hop count: 1000 TimeStamp: +0.0ns) ns3::WifiMacTrailer ()" />
<wpr uId="947" tId="4" fbRx="101.513" lbRx="0" />
<wpr uId="947" tId="3" fbRx="101.5130008" lbRx="0" />
<wpr uId="947" tId="8" fbRx="101.5130008" lbRx="0" />
<pr uId="948" fId="7" fbTx="101.534" meta-info="ns3::WifiMacHeader (DATA ToDS=0, FromDS=0, MoreFrag=0, Retry=0, MoreData=0 Duration/ID=0us, DA=ff:ff:ff:ff:ff:ff, SA=00:00:00:00:00:08, BSSID=00:00:00:00:00:08, FragNumber=0, SeqNumber=123) ns3::LlcSnapHeader (type 0x800) ns3::Ipv4Header (tos 0x0 DSCP Default ECN Not-ECT ttl 64 id 96 protocol 17 offset (bytes) 0 flags [none] length: 45 192.168.2.3 &gt; 192.168.2.255) ns3::UdpHeader (length: 25 269 &gt; 269) ns3::Epidemic::TypeHeader (BEACON) ns3::Epidemic::EpidemicHeader ( Packet ID: 1101480448 Hop count: 1000 TimeStamp: +0.0ns) ns3::WifiMacTrailer ()" />
<wpr uId="948" tId="2" fbRx="101.534" lbRx="0" />
<wpr uId="948" tId="1" fbRx="101.5340008" lbRx="0" />
<wpr uId="948" tId="3" fbRx="101.5340008" lbRx="0" />
<wpr uId="948" tId="6" fbRx="101.5340008" lbRx="0" />
<wpr uId="948" tId="8" fbRx="101.5340008" lbRx="0" />
<pr uId="949" fId="5" fbTx="101.749" meta-info="ns3::WifiMacHeader (DATA ToDS=0, FromDS=0, MoreFrag=0, Retry=0, MoreData=0 Duration/ID=0us, DA=ff:ff:ff:ff:ff:ff, SA=00:00:00:00:00:06, BSSID=00:00:00:00:00:06, FragNumber=0, SeqNumber=101) ns3::LlcSnapHeader (type 0x800) ns3::Ipv4Header (tos 0x0 DSCP Default ECN Not-ECT ttl 64 id 96 protocol 17 offset (bytes) 0 flags [none] length: 45 192.168.2.1 &gt; 192.168.2.255) ns3::UdpHeader (length: 25 269 &gt; 269) ns3::Epidemic::TypeHeader (BEACON) ns3::Epidemic::EpidemicHeader ( Packet ID: 1101480448 Hop count: 1000 TimeStamp: +0.0ns) ns3::WifiMacTrailer ()" />
<wpr uId="949" tId="0" fbRx="101.749" lbRx="0" />
<pr uId="950" fId="6" fbTx="101.848" meta-info="ns3::WifiMacHeader (DATA ToDS=0, FromDS=0, MoreFrag=0, Retry=0, MoreData=0 Duration/ID=0us, DA=ff:ff:ff:ff:ff:ff, SA=00:00:00:00:00:07, BSSID=00:00:00:00:00:07, FragNumber=0, SeqNumber=113) ns3::LlcSnapHeader (type 0x800) ns3::Ipv4Header (tos 0x0 DSCP Default ECN Not-ECT ttl 64 id 96 protocol 17 offset (bytes) 0 flags [none] length: 45 192.168.2.2 &gt; 192.168.2.255) ns3::UdpHeader (length: 25 269 &gt; 269) ns3::Epidemic::TypeHeader (BEACON) ns3::Epidemic::EpidemicHeader ( Packet ID: 1101480448 Hop count: 1000 TimeStamp: +0.0ns) ns3::WifiMacTrailer ()" />
<wpr uId="950" tId="1" fbRx="101.848" lbRx="0" />
<wpr uId="950" tId="2" fbRx="101.8480008" lbRx="0" />
<wpr uId="950" tId="7" fbRx="101.8480008" lbRx="0" />
<pr uId="951" fId="4" fbTx="102.025849" meta-info="ns3::WifiMacHeader (DATA ToDS=0, FromDS=0, MoreFrag=0, Retry=0, MoreData=0 Duration/ID=0us, DA=ff:ff:ff:ff:ff:ff, SA=00:00:00:00:00:05, BSSID=00:00:00:00:00:05, FragNumber=0, SeqNumber=51) ns3::LlcSnapHeader (type 0x800) ns3::Ipv4Header (tos 0x0 DSCP Default ECN Not-ECT ttl 64 id 51 protocol 17 offset (bytes) 0 flags [none] length: 56 192.168.1.5 &gt; 192.168.1.255) ns3::UdpHeader (length: 36 698 &gt; 698) ns3::olsr::PacketHeader () ns3::olsr::MessageHeader () ns3::WifiMacTrailer ()" />
<wpr uId="951" tId="9" fbRx="102.025849" lbRx="0" />
<wpr uId="951" tId="3" fbRx="102.0258498" lbRx="0" />
<wpr uId="951" tId="8" fbRx="102.0258498" lbRx="0" />
<pr uId="952" fId="0" fbTx="102.0560336" meta-info="ns3::WifiMacHeader (DATA ToDS=0, FromDS=0, MoreFrag=0, Retry=0, MoreData=0 Duration/ID=0us, DA=ff:ff:ff:ff:ff:ff, SA=00:00:00:00:00:01, BSSID=00:00:00:00:00:01, FragNumber=0, SeqNumber=55) ns3::LlcSnapHeader (type 0x800) ns3::Ipv4Header (tos 0x0 DSCP Default ECN Not-ECT ttl 64 id 51 protocol 17 offset (bytes) 0 flags [none] length: 48 192.168.1.1 &gt; 192.168.1.255) ns3::UdpHeader (length: 28 698 &gt; 698) ns3::olsr::PacketHeader () ns3::olsr::MessageHeader () ns3::WifiMacTrailer ()" />
<wpr uId="952" tId="5" fbRx="102.0560336" lbRx="0" />
<pr uId="953" fId="8" fbTx="102.133" meta-info="ns3::WifiMacHeader (DATA ToDS=0, FromDS=0, MoreFrag=0, Retry=0, MoreData=0 Duration/ID=0us, DA=ff:ff:ff:ff:ff:ff, SA=00:00:00:00:00:09, BSSID=00:00:00:00:00:09, FragNumber=0, SeqNumber=118) ns3::LlcSnapHeader (type 0x800) ns3::Ipv4Header (tos 0x0 DSCP Default ECN Not-ECT ttl 64 id 96 protocol 17 offset (bytes) 0 flags [none] length: 45 192.168.2.4 &gt; 192.168.2.255) ns3::UdpHeader (length: 25 269 &gt; 269) ns3::Epidemic::TypeHeader (BEACON) ns3::Epidemic::EpidemicHeader ( Packet ID: 1101480448 Hop count: 1000 TimeStamp: +0.0ns) ns3::WifiMacTrailer ()" />
<wpr uId="953" tId="3" fbRx="102.133" lbRx="0" />
<wpr uId="953" tId="2" fbRx="102.1330008" lbRx="0" />
<wpr uId="953" tId="4" fbRx="102.1330008" lbRx="0" />
<wpr uId="953" tId="7" fbRx="102.1330008" lbRx="0" />
<wpr uId="953" tId="9" fbRx="102.1330008" lbRx="0" />
<pr uId="954" fId="3" fbTx="102.1641861" meta-info="ns3::WifiMacHeader (DATA ToDS=0, FromDS=0, MoreFrag=0, Retry=0, MoreData=0 Duration/ID=0us, DA=ff:ff:ff:ff:ff:ff, SA=00:00:00:00:00:04, BSSID=00:00:00:00:00:04, FragNumber=0, SeqNumber=64) ns3::LlcSnapHeader (type 0x800) ns3::Ipv4Header (tos 0x0 DSCP Default ECN Not-ECT ttl 64 id 63 protocol 17 offset (bytes) 0 flags [none] length: 64 192.168.1.4 &gt; 192.168.1.255) ns3::UdpHeader (length: 44 698 &gt; 698) ns3::olsr::PacketHeader () ns3::olsr::MessageHeader () ns3::WifiMacTrailer ()" />
<wpr uId="954" tId="8" fbRx="102.1641861" lbRx="0" />
<wpr uId="954" tId="2" fbRx="102.164187" lbRx="0" />
<wpr uId="954" tId="4" fbRx="102.164187" lbRx="0" />
<wpr uId="954" tId="7" fbRx="102.164187" lbRx="0" />
<wpr uId="954" tId="9" fbRx="102.164187" lbRx="0" />
<pr uId="955" fId="2" fbTx="102.3741932" meta-info="ns3::WifiMacHeader (DATA ToDS=0, FromDS=0, MoreFrag=0, Retry=0, MoreData=0 Duration/ID=0us, DA=ff:ff:ff:ff:ff:ff, SA=00:00:00:00:00:03, BSSID=00:00:00:00:00:03, FragNumber=0, SeqNumber=77) ns3::LlcSnapHeader (type 0x800) ns3::Ipv4Header (tos 0x0 DSCP Default ECN Not-ECT ttl 64 id 70 protocol 17 offset (bytes) 0 flags [none] length: 64 192.168.1.3 &gt; 192.168.1.255) ns3::UdpHeader (length: 44 698 &gt; 698) ns3::olsr::PacketHeader () ns3::olsr::MessageHeader () ns3::WifiMacTrailer ()" />
<wpr uId="955" tId="7" fbRx="102.3741932" lbRx="0" />
<wpr uId="955" tId="1" fbRx="102.374194" lbRx="0" />
<wpr uId="955" tId="3" fbRx="102.374194" lbRx="0" />
<wpr uId="955" tId="6" fbRx="102.374194" lbRx="0" />
<wpr uId="955" tId="8" fbRx="102.374194" lbRx="0" />
<pr uId="956" fId="1" fbTx="102.4406519" meta-info="ns3::WifiMacHeader (DATA ToDS=0, FromDS=0, MoreFrag=0, Retry=0, MoreData=0 Duration/ID=0us, DA=ff:ff:ff:ff:ff:ff, SA=00:00:00:00:00:02, BSSID=00:00:00:00:00:02, FragNumber=0, SeqNumber=58) ns3::LlcSnapHeader (type 0x800) ns3::Ipv4Header (tos 0x0 DSCP Default ECN Not-ECT ttl 64 id 55 protocol 17 offset (bytes) 0 flags [none] length: 56 192.168.1.2 &gt; 192.168.1.255) ns3::UdpHeader (length: 36 698 &gt; 698) ns3::olsr::PacketHeader () ns3::olsr::MessageHeader () ns3::WifiMacTrailer ()" />
<wpr uId="956" tId="6" fbRx="102.4406519" lbRx="0" />
<wpr uId="956" tId="2" fbRx="102.4406527" lbRx="0" />
<wpr uId="956" tId="7" fbRx="102.4406527" lbRx="0" />
<pr uId="957" fId="7" fbTx="102.549" meta-info="ns3::WifiMacHeader (DATA ToDS=0, FromDS=0, MoreFrag=0, Retry=0, MoreData=0 Duration/ID=0us, DA=ff:ff:ff:ff:ff:ff, SA=00:00:00:00:00:08, BSSID=00:00:00:00:00:08, FragNumber=0, SeqNumber=124) ns3::LlcSnapHeader (type 0x800) ns3::Ipv4Header (tos 0x0 DSCP Default ECN Not-ECT ttl 64 id 97 protocol 17 offset (bytes) 0 flags [none] length: 45 192.168.2.3 &gt; 192.168.2.255) ns3::UdpHeader (length: 25 269 &gt; 269) ns3::Epidemic::TypeHeader (BEACON) ns3::Epidemic::EpidemicHeader ( Packet ID: 1101480448 Hop count: 1000 TimeStamp: +0.0ns) ns3::WifiMacTrailer ()" />
<wpr uId="957" tId="2" fbRx="102.549" lbRx="0" />
<wpr uId="957" tId="1" fbRx="102.5490008" lbRx="0" />
<wpr uId="957" tId="3" fbRx="102.5490008" lbRx="0" />
<wpr uId="957" tId="6" fbRx="102.5490008" lbRx="0" />
<wpr uId="957" tId="8" fbRx="102.5490008" lbRx="0" />
<pr uId="958" fId="9" fbTx="102.571" meta-info="ns3::WifiMacHeader (DATA ToDS=0, FromDS=0, MoreFrag=0, Retry=0, MoreData=0 Duration/ID=0us, DA=ff:ff:ff:ff:ff:ff, SA=00:00:00:00:00:0a, BSSID=00:00:00:00:00:0a, FragNumber=0, SeqNumber=106) ns3::LlcSnapHeader (type 0x800) ns3::Ipv4Header (tos 0x0 DSCP Default ECN Not-ECT ttl 64 id 97 protocol 17 offset (bytes) 0 flags [none] length: 45 192.168.2.5 &gt; 192.168.2.255) ns3::UdpHeader (length: 25 269 &gt; 269) ns3::Epidemic::TypeHeader (BEACON) ns3::Epidemic::EpidemicHeader ( Packet ID: 1101480448 Hop count: 1000 TimeStamp: +0.0ns) ns3::WifiMacTrailer ()" />
<wpr uId="958" tId="4" fbRx="102.571" lbRx="0" />
<wpr uId="958" tId="3" fbRx="102.5710008" lbRx="0" />
<wpr uId="958" tId="8" fbRx="102.5710008" lbRx="0" />
<pr uId="959" fId="5" fbTx="102.75" meta-info="ns3::WifiMacHeader (DATA ToDS=0, FromDS=0, MoreFrag=0, Retry=0, MoreData=0 Duration/ID=0us, DA=ff:ff:ff:ff:ff:ff, SA=00:00:00:00:00:06, BSSID=00:00:00:00:00:06, FragNumber=0, SeqNumber=102) ns3::LlcSnapHeader (type 0x800) ns3::Ipv4Header (tos 0x0 DSCP Default ECN Not-ECT ttl 64 id 97 protocol 17 offset (bytes) 0 flags [none] length: 45 192.168.2.1 &gt; 192.168.2.255) ns3::UdpHeader (length: 25 269 &gt; 269) ns3::Epidemic::TypeHeader (BEACON) ns3::Epidemic::EpidemicHeader ( Packet ID: 1101480448 Hop count: 1000 TimeStamp: +0.0ns) ns3::WifiMacTrailer ()" />
<wpr uId="959" tId="0" fbRx="102.75" lbRx="0" />
<pr uId="960" fId="6" fbTx="102.874" meta-info="ns3::WifiMacHeader (DATA ToDS=0, FromDS=0, MoreFrag=0, Retry=0, MoreData=0 Duration/ID=0us, DA=ff:ff:ff:ff:ff:ff, SA=00:00:00:00:00:07, BSSID=00:00:00:00:00:07, FragNumber=0, SeqNumber=114) ns3::LlcSnapHeader (type 0x800) ns3::Ipv4Header (tos 0x0 DSCP Default ECN Not-ECT ttl 64 id 97 protocol 17 offset (bytes) 0 flags [none] length: 45 192.168.2.2 &gt; 192.168.2.255) ns3::UdpHeader (length: 25 269 &gt; 269) ns3::Epidemic::TypeHeader (BEACON) ns3::Epidemic::EpidemicHeader ( Packet ID: 1101480448 Hop count: 1000 TimeStamp: +0.0ns) ns3::WifiMacTrailer ()" />
<wpr uId="960" tId="1" fbRx="102.874" lbRx="0" />
<wpr uId="960" tId="2" fbRx="102.8740008" lbRx="0" />
<wpr uId="960" tId="7" fbRx="102.8740008" lbRx="0" />
<pr uId="961" fId="8" fbTx="103.139" meta-info="ns3::WifiMacHeader (DATA ToDS=0, FromDS=0, MoreFrag=0, Retry=0, MoreData=0 Duration/ID=0us, DA=ff:ff:ff:ff:ff:ff, SA=00:00:00:00:00:09, BSSID=00:00:00:00:00:09, FragNumber=0, SeqNumber=119) ns3::LlcSnapHeader (type 0x800) ns3::Ipv4Header (tos 0x0 DSCP Default ECN Not-ECT ttl 64 id 97 protocol 17 offset (bytes) 0 flags [none] length: 45 192.168.2.4 &gt; 192.168.2.255) ns3::UdpHeader (length: 25 269 &gt; 269) ns3::Epidemic::TypeHeader (BEACON) ns3::Epidemic::EpidemicHeader ( Packet ID: 1101480448 Hop count: 1000 TimeStamp: +0.0ns) ns3::WifiMacTrailer ()" />
<wpr uId="961" tId="3" fbRx="103.139" lbRx="0" />
<wpr uId="961" tId="2" fbRx="103.1390008" lbRx="0" />
<wpr uId="961" tId="4" fbRx="103.1390008" lbRx="0" />
<wpr uId="961" tId="7" fbRx="103.1390008" lbRx="0" />
<wpr uId="961" tId="9" fbRx="103.1390008" lbRx="0" />
<pr uId="962" fId="9" fbTx="103.591" meta-info="ns3::WifiMacHeader (DATA ToDS=0, FromDS=0, MoreFrag=0, Retry=0, MoreData=0 Duration/ID=0us, DA=ff:ff:ff:ff:ff:ff, SA=00:00:00:00:00:0a, BSSID=00:00:00:00:00:0a, FragNumber=0, SeqNumber=107) ns3::LlcSnapHeader (type 0x800) ns3::Ipv4Header (tos 0x0 DSCP Default ECN Not-ECT ttl 64 id 98 protocol 17 offset (bytes) 0 flags [none] length: 45 192.168.2.5 &gt; 192.168.2.255) ns3::UdpHeader (length: 25 269 &gt; 269) ns3::Epidemic::TypeHeader (BEACON) ns3::Epidemic::EpidemicHeader ( Packet ID: 1101480448 Hop count: 1000 TimeStamp: +0.0ns) ns3::WifiMacTrailer ()" />
<wpr uId="962" tId="4" fbRx="103.591" lbRx="0" />
<wpr uId="962" tId="3" fbRx="103.5910008" lbRx="0" />
<wpr uId="962" tId="8" fbRx="103.5910008" lbRx="0" />
<pr uId="963" fId="7" fbTx="103.607" meta-info="ns3::WifiMacHeader (DATA ToDS=0, FromDS=0, MoreFrag=0, Retry=0, MoreData=0 Duration/ID=0us, DA=ff:ff:ff:ff:ff:ff, SA=00:00:00:00:00:08, BSSID=00:00:00:00:00:08, FragNumber=0, SeqNumber=125) ns3::LlcSnapHeader (type 0x800) ns3::Ipv4Header (tos 0x0 DSCP Default ECN Not-ECT ttl 64 id 98 protocol 17 offset (bytes) 0 flags [none] length: 45 192.168.2.3 &gt; 192.168.2.255) ns3::UdpHeader (length: 25 269 &gt; 269) ns3::Epidemic::TypeHeader (BEACON) ns3::Epidemic::EpidemicHeader ( Packet ID: 1101480448 Hop count: 1000 TimeStamp: +0.0ns) ns3::WifiMacTrailer ()" />
<wpr uId="963" tId="2" fbRx="103.607" lbRx="0" />
<wpr uId="963" tId="1" fbRx="103.6070008" lbRx="0" />
<wpr uId="963" tId="3" fbRx="103.6070008" lbRx="0" />
<wpr uId="963" tId="6" fbRx="103.6070008" lbRx="0" />
<wpr uId="963" tId="8" fbRx="103.6070008" lbRx="0" />
<pr uId="964" fId="5" fbTx="103.818" meta-info="ns3::WifiMacHeader (DATA ToDS=0, FromDS=0, MoreFrag=0, Retry=0, MoreData=0 Duration/ID=0us, DA=ff:ff:ff:ff:ff:ff, SA=00:00:00:00:00:06, BSSID=00:00:00:00:00:06, FragNumber=0, SeqNumber=103) ns3::LlcSnapHeader (type 0x800) ns3::Ipv4Header (tos 0x0 DSCP Default ECN Not-ECT ttl 64 id 98 protocol 17 offset (bytes) 0 flags [none] length: 45 192.168.2.1 &gt; 192.168.2.255) ns3::UdpHeader (length: 25 269 &gt; 269) ns3::Epidemic::TypeHeader (BEACON) ns3::Epidemic::EpidemicHeader ( Packet ID: 1101480448 Hop count: 1000 TimeStamp: +0.0ns) ns3::WifiMacTrailer ()" />
<wpr uId="964" tId="0" fbRx="103.818" lbRx="0" />
<pr uId="965" fId="6" fbTx="103.934" meta-info="ns3::WifiMacHeader (DATA ToDS=0, FromDS=0, MoreFrag=0, Retry=0, MoreData=0 Duration/ID=0us, DA=ff:ff:ff:ff:ff:ff, SA=00:00:00:00:00:07, BSSID=00:00:00:00:00:07, FragNumber=0, SeqNumber=115) ns3::LlcSnapHeader (type 0x800) ns3::Ipv4Header (tos 0x0 DSCP Default ECN Not-ECT ttl 64 id 98 protocol 17 offset (bytes) 0 flags [none] length: 45 192.168.2.2 &gt; 192.168.2.255) ns3::UdpHeader (length: 25 269 &gt; 269) ns3::Epidemic::TypeHeader (BEACON) ns3::Epidemic::EpidemicHeader ( Packet ID: 1101480448 Hop count: 1000 TimeStamp: +0.0ns) ns3::WifiMacTrailer ()" />
<wpr uId="965" tId="1" fbRx="103.934" lbRx="0" />
<wpr uId="965" tId="2" fbRx="103.9340008" lbRx="0" />
<wpr uId="965" tId="7" fbRx="103.9340008" lbRx="0" />
<pr uId="966" fId="0" fbTx="104.0032517" meta-info="ns3::WifiMacHeader (DATA ToDS=0, FromDS=0, MoreFrag=0, Retry=0, MoreData=0 Duration/ID=0us, DA=ff:ff:ff:ff:ff:ff, SA=00:00:00:00:00:01, BSSID=00:00:00:00:00:01, FragNumber=0, SeqNumber=56) ns3::LlcSnapHeader (type 0x800) ns3::Ipv4Header (tos 0x0 DSCP Default ECN Not-ECT ttl 64 id 52 protocol 17 offset (bytes) 0 flags [none] length: 48 192.168.1.1 &gt; 192.168.1.255) ns3::UdpHeader (length: 28 698 &gt; 698) ns3::olsr::PacketHeader () ns3::olsr::MessageHeader () ns3::WifiMacTrailer ()" />
<wpr uId="966" tId="5" fbRx="104.0032517" lbRx="0" />
<pr uId="967" fId="8" fbTx="104.142" meta-info="ns3::WifiMacHeader (DATA ToDS=0, FromDS=0, MoreFrag=0, Retry=0, MoreData=0 Duration/ID=0us, DA=ff:ff:ff:ff:ff:ff, SA=00:00:00:00:00:09, BSSID=00:00:00:00:00:09, FragNumber=0, SeqNumber=120) ns3::LlcSnapHeader (type 0x800) ns3::Ipv4Header (tos 0x0 DSCP Default ECN Not-ECT ttl 64 id 98 protocol 17 offset (bytes) 0 flags [none] length: 45 192.168.2.4 &gt; 192.168.2.255) ns3::UdpHeader (length: 25 269 &gt; 269) ns3::Epidemic::TypeHeader (BEACON) ns3::Epidemic::EpidemicHeader ( Packet ID: 1101480448 Hop count: 1000 TimeStamp: +0.0ns) ns3::WifiMacTrailer ()" />
<wpr uId="967" tId="3" fbRx="104.142" lbRx="0" />
<wpr uId="967" tId="2" fbRx="104.1420008" lbRx="0" />
<wpr uId="967" tId="4" fbRx="104.1420008" lbRx="0" />
<wpr uId="967" tId="7" fbRx="104.1420008" lbRx="0" />
<wpr uId="967" tId="9" fbRx="104.1420008" lbRx="0" />
<pr uId="968" fId="4" fbTx="104.1771357" meta-info="ns3::WifiMacHeader (DATA ToDS=0, FromDS=0, MoreFrag=0, Retry=0, MoreData=0 Duration/ID=0us, DA=ff:ff:ff:ff:ff:ff, SA=00:00:00:00:00:05, BSSID=00:00:00:00:00:05, FragNumber=0, SeqNumber=52) ns3::LlcSnapHeader (type 0x800) ns3::Ipv4Header (tos 0x0 DSCP Default ECN Not-ECT ttl 64 id 52 protocol 17 offset (bytes) 0 flags [none] length: 56 192.168.1.5 &gt; 192.168.1.255) ns3::UdpHeader (length: 36 698 &gt; 698) ns3::olsr::PacketHeader () ns3::olsr::MessageHeader () ns3::WifiMacTrailer ()" />
<wpr uId="968" tId="9" fbRx="104.1771357" lbRx="0" />
<wpr uId="968" tId="3" fbRx="104.1771365" lbRx="0" />
<wpr uId="968" tId="8" fbRx="104.1771365" lbRx="0" />
<pr uId="969" fId="3" fbTx="104.2759587" meta-info="ns3::WifiMacHeader (DATA ToDS=0, FromDS=0, MoreFrag=0, Retry=0, MoreData=0 Duration/ID=0us, DA=ff:ff:ff:ff:ff:ff, SA=00:00:00:00:00:04, BSSID=00:00:00:00:00:04, FragNumber=0, SeqNumber=65) ns3::LlcSnapHeader (type 0x800) ns3::Ipv4Header (tos 0x0 DSCP Default ECN Not-ECT ttl 64 id 64 protocol 17 offset (bytes) 0 flags [none] length: 64 192.168.1.4 &gt; 192.168.1.255) ns3::UdpHeader (length: 44 698 &gt; 698) ns3::olsr::PacketHeader () ns3::olsr::MessageHeader () ns3::WifiMacTrailer ()" />
<wpr uId="969" tId="8" fbRx="104.2759587" lbRx="0" />
<wpr uId="969" tId="2" fbRx="104.2759596" lbRx="0" />
<wpr uId="969" tId="4" fbRx="104.2759596" lbRx="0" />
<wpr uId="969" tId="7" fbRx="104.2759596" lbRx="0" />
<wpr uId="969" tId="9" fbRx="104.2759596" lbRx="0" />
<pr uId="970" fId="2" fbTx="104.2891189" meta-info="ns3::WifiMacHeader (DATA ToDS=0, FromDS=0, MoreFrag=0, Retry=0, MoreData=0 Duration/ID=0us, DA=ff:ff:ff:ff:ff:ff, SA=00:00:00:00:00:03, BSSID=00:00:00:00:00:03, FragNumber=0, SeqNumber=78) ns3::LlcSnapHeader (type 0x800) ns3::Ipv4Header (tos 0x0 DSCP Default ECN Not-ECT ttl 64 id 71 protocol 17 offset (bytes) 0 flags [none] length: 64 192.168.1.3 &gt; 192.168.1.255) ns3::UdpHeader (length: 44 698 &gt; 698) ns3::olsr::PacketHeader () ns3::olsr::MessageHeader () ns3::WifiMacTrailer ()" />
<wpr uId="970" tId="7" fbRx="104.2891189" lbRx="0" />
<wpr uId="970" tId="1" fbRx="104.2891197" lbRx="0" />
<wpr uId="970" tId="3" fbRx="104.2891197" lbRx="0" />
<wpr uId="970" tId="6" fbRx="104.2891197" lbRx="0" />
<wpr uId="970" tId="8" fbRx="104.2891197" lbRx="0" />
<pr uId="971" fId="1" fbTx="104.316736" meta-info="ns3::WifiMacHeader (DATA ToDS=0, FromDS=0, MoreFrag=0, Retry=0, MoreData=0 Duration/ID=0us, DA=ff:ff:ff:ff:ff:ff, SA=00:00:00:00:00:02, BSSID=00:00:00:00:00:02, FragNumber=0, SeqNumber=59) ns3::LlcSnapHeader (type 0x800) ns3::Ipv4Header (tos 0x0 DSCP Default ECN Not-ECT ttl 64 id 56 protocol 17 offset (bytes) 0 flags [none] length: 56 192.168.1.2 &gt; 192.168.1.255) ns3::UdpHeader (length: 36 698 &gt; 698) ns3::olsr::PacketHeader () ns3::olsr::MessageHeader () ns3::WifiMacTrailer ()" />
<wpr uId="971" tId="6" fbRx="104.316736" lbRx="0" />
<wpr uId="971" tId="2" fbRx="104.3167368" lbRx="0" />
<wpr uId="971" tId="7" fbRx="104.3167368" lbRx="0" />
<pr uId="972" fId="9" fbTx="104.595" meta-info="ns3::WifiMacHeader (DATA ToDS=0, FromDS=0, MoreFrag=0, Retry=0, MoreData=0 Duration/ID=0us, DA=ff:ff:ff:ff:ff:ff, SA=00:00:00:00:00:0a, BSSID=00:00:00:00:00:0a, FragNumber=0, SeqNumber=108) ns3::LlcSnapHeader (type 0x800) ns3::Ipv4Header (tos 0x0 DSCP Default ECN Not-ECT ttl 64 id 99 protocol 17 offset (bytes) 0 flags [none] length: 45 192.168.2.5 &gt; 192.168.2.255) ns3::UdpHeader (length: 25 269 &gt; 269) ns3::Epidemic::TypeHeader (BEACON) ns3::Epidemic::EpidemicHeader ( Packet ID: 1101480448 Hop count: 1000 TimeStamp: +0.0ns) ns3::WifiMacTrailer ()" />
<wpr uId="972" tId="4" fbRx="104.595" lbRx="0" />
<wpr uId="972" tId="3" fbRx="104.5950008" lbRx="0" />
<wpr uId="972" tId="8" fbRx="104.5950008" lbRx="0" />
<pr uId="973" fId="7" fbTx="104.656" meta-info="ns3::WifiMacHeader (DATA ToDS=0, FromDS=0, MoreFrag=0, Retry=0, MoreData=0 Duration/ID=0us, DA=ff:ff:ff:ff:ff:ff, SA=00:00:00:00:00:08, BSSID=00:00:00:00:00:08, FragNumber=0, SeqNumber=126) ns3::LlcSnapHeader (type 0x800) ns3::Ipv4Header (tos 0x0 DSCP Default ECN Not-ECT ttl 64 id 99 protocol 17 offset (bytes) 0 flags [none] length: 45 192.168.2.3 &gt; 192.168.2.255) ns3::UdpHeader (length: 25 269 &gt; 269) ns3::Epidemic::TypeHeader (BEACON) ns3::Epidemic::EpidemicHeader ( Packet ID: 1101480448 Hop count: 1000 TimeStamp: +0.0ns) ns3::WifiMacTrailer ()" />
<wpr uId="973" tId="2" fbRx="104.656" lbRx="0" />
<wpr uId="973" tId="1" fbRx="104.6560008" lbRx="0" />
<wpr uId="973" tId="3" fbRx="104.6560008" lbRx="0" />
<wpr uId="973" tId="6" fbRx="104.6560008" lbRx="0" />
<wpr uId="973" tId="8" fbRx="104.6560008" lbRx="0" />
<pr uId="974" fId="5" fbTx="104.825" meta-info="ns3::WifiMacHeader (DATA ToDS=0, FromDS=0, MoreFrag=0, Retry=0, MoreData=0 Duration/ID=0us, DA=ff:ff:ff:ff:ff:ff, SA=00:00:00:00:00:06, BSSID=00:00:00:00:00:06, FragNumber=0, SeqNumber=104) ns3::LlcSnapHeader (type 0x800) ns3::Ipv4Header (tos 0x0 DSCP Default ECN Not-ECT ttl 64 id 99 protocol 17 offset (bytes) 0 flags [none] length: 45 192.168.2.1 &gt; 192.168.2.255) ns3::UdpHeader (length: 25 269 &gt; 269) ns3::Epidemic::TypeHeader (BEACON) ns3::Epidemic::EpidemicHeader ( Packet ID: 1101480448 Hop count: 1000 TimeStamp: +0.0ns) ns3::WifiMacTrailer ()" />
<wpr uId="974" tId="0" fbRx="104.825" lbRx="0" />
<pr uId="975" fId="6" fbTx="104.948" meta-info="ns3::WifiMacHeader (DATA ToDS=0, FromDS=0, MoreFrag=0, Retry=0, MoreData=0 Duration/ID=0us, DA=ff:ff:ff:ff:ff:ff, SA=00:00:00:00:00:07, BSSID=00:00:00:00:00:07, FragNumber=0, SeqNumber=116) ns3::LlcSnapHeader (type 0x800) ns3::Ipv4Header (tos 0x0 DSCP Default ECN Not-ECT ttl 64 id 99 protocol 17 offset (bytes) 0 flags [none] length: 45 192.168.2.2 &gt; 192.168.2.255) ns3::UdpHeader (length: 25 269 &gt; 269) ns3::Epidemic::TypeHeader (BEACON) ns3::Epidemic::EpidemicHeader ( Packet ID: 1101480448 Hop count: 1000 TimeStamp: +0.0ns) ns3::WifiMacTrailer ()" />
<wpr uId="975" tId="1" fbRx="104.948" lbRx="0" />
<wpr uId="975" tId="2" fbRx="104.9480008" lbRx="0" />
<wpr uId="975" tId="7" fbRx="104.9480008" lbRx="0" />
<pr uId="976" fId="8" fbTx="105.222" meta-info="ns3::WifiMacHeader (DATA ToDS=0, FromDS=0, MoreFrag=0, Retry=0, MoreData=0 Duration/ID=0us, DA=ff:ff:ff:ff:ff:ff, SA=00:00:00:00:00:09, BSSID=00:00:00:00:00:09, FragNumber=0, SeqNumber=121) ns3::LlcSnapHeader (type 0x800) ns3::Ipv4Header (tos 0x0 DSCP Default ECN Not-ECT ttl 64 id 99 protocol 17 offset (bytes) 0 flags [none] length: 45 192.168.2.4 &gt; 192.168.2.255) ns3::UdpHeader (length: 25 269 &gt; 269) ns3::Epidemic::TypeHeader (BEACON) ns3::Epidemic::EpidemicHeader ( Packet ID: 1101480448 Hop count: 1000 TimeStamp: +0.0ns) ns3::WifiMacTrailer ()" />
<wpr uId="976" tId="3" fbRx="105.222" lbRx="0" />
<wpr uId="976" tId="2" fbRx="105.2220008" lbRx="0" />
<wpr uId="976" tId="4" fbRx="105.2220008" lbRx="0" />
<wpr uId="976" tId="7" fbRx="105.2220008" lbRx="0" />
<wpr uId="976" tId="9" fbRx="105.2220008" lbRx="0" />
<pr uId="977" fId="3" fbTx="105.2562084" meta-info="ns3::WifiMacHeader (DATA ToDS=0, FromDS=0, MoreFrag=0, Retry=0, MoreData=0 Duration/ID=0us, DA=ff:ff:ff:ff:ff:ff, SA=00:00:00:00:00:04, BSSID=00:00:00:00:00:04, FragNumber=0, SeqNumber=66) ns3::LlcSnapHeader (type 0x800) ns3::Ipv4Header (tos 0x0 DSCP Default ECN Not-ECT ttl 64 id 65 protocol 17 offset (bytes) 0 flags [none] length: 52 192.168.1.4 &gt; 192.168.1.255) ns3::UdpHeader (length: 32 698 &gt; 698) ns3::olsr::PacketHeader () ns3::olsr::MessageHeader () ns3::WifiMacTrailer ()" />
<wpr uId="977" tId="8" fbRx="105.2562084" lbRx="0" />
<wpr uId="977" tId="2" fbRx="105.2562092" lbRx="0" />
<wpr uId="977" tId="4" fbRx="105.2562092" lbRx="0" />
<wpr uId="977" tId="7" fbRx="105.2562092" lbRx="0" />
<wpr uId="977" tId="9" fbRx="105.2562092" lbRx="0" />
<pr uId="978" fId="2" fbTx="105.4105878" meta-info="ns3::WifiMacHeader (DATA ToDS=0, FromDS=0, MoreFrag=0, Retry=0, MoreData=0 Duration/ID=0us, DA=ff:ff:ff:ff:ff:ff, SA=00:00:00:00:00:03, BSSID=00:00:00:00:00:03, FragNumber=0, SeqNumber=79) ns3::LlcSnapHeader (type 0x800) ns3::Ipv4Header (tos 0x0 DSCP Default ECN Not-ECT ttl 64 id 72 protocol 17 offset (bytes) 0 flags [none] length: 76 192.168.1.3 &gt; 192.168.1.255) ns3::UdpHeader (length: 56 698 &gt; 698) ns3::olsr::PacketHeader () ns3::olsr::MessageHeader () ns3::olsr::MessageHeader () ns3::WifiMacTrailer ()" />
<wpr uId="978" tId="7" fbRx="105.4105878" lbRx="0" />
<wpr uId="978" tId="1" fbRx="105.4105887" lbRx="0" />
<wpr uId="978" tId="3" fbRx="105.4105887" lbRx="0" />
<wpr uId="978" tId="6" fbRx="105.4105887" lbRx="0" />
<wpr uId="978" tId="8" fbRx="105.4105887" lbRx="0" />
<pr uId="979" fId="9" fbTx="105.629" meta-info="ns3::WifiMacHeader (DATA ToDS=0, FromDS=0, MoreFrag=0, Retry=0, MoreData=0 Duration/ID=0us, DA=ff:ff:ff:ff:ff:ff, SA=00:00:00:00:00:0a, BSSID=00:00:00:00:00:0a, FragNumber=0, SeqNumber=109) ns3::LlcSnapHeader (type 0x800) ns3::Ipv4Header (tos 0x0 DSCP Default ECN Not-ECT ttl 64 id 100 protocol 17 offset (bytes) 0 flags [none] length: 45 192.168.2.5 &gt; 192.168.2.255) ns3::UdpHeader (length: 25 269 &gt; 269) ns3::Epidemic::TypeHeader (BEACON) ns3::Epidemic::EpidemicHeader ( Packet ID: 1101480448 Hop count: 1000 TimeStamp: +0.0ns) ns3::WifiMacTrailer ()" />
<wpr uId="979" tId="4" fbRx="105.629" lbRx="0" />
<wpr uId="979" tId="3" fbRx="105.6290008" lbRx="0" />
<wpr uId="979" tId="8" fbRx="105.6290008" lbRx="0" />
<pr uId="980" fId="7" fbTx="105.731" meta-info="ns3::WifiMacHeader (DATA ToDS=0, FromDS=0, MoreFrag=0, Retry=0, MoreData=0 Duration/ID=0us, DA=ff:ff:ff:ff:ff:ff, SA=00:00:00:00:00:08, BSSID=00:00:00:00:00:08, FragNumber=0, SeqNumber=127) ns3::LlcSnapHeader (type 0x800) ns3::Ipv4Header (tos 0x0 DSCP Default ECN Not-ECT ttl 64 id 100 protocol 17 offset (bytes) 0 flags [none] length: 45 192.168.2.3 &gt; 192.168.2.255) ns3::UdpHeader (length: 25 269 &gt; 269) ns3::Epidemic::TypeHeader (BEACON) ns3::Epidemic::EpidemicHeader ( Packet ID: 1101480448 Hop count: 1000 TimeStamp: +0.0ns) ns3::WifiMacTrailer ()" />
<wpr uId="980" tId="2" fbRx="105.731" lbRx="0" />
<wpr uId="980" tId="1" fbRx="105.7310008" lbRx="0" />
<wpr uId="980" tId="3" fbRx="105.7310008" lbRx="0" />
<wpr uId="980" tId="6" fbRx="105.7310008" lbRx="0" />
<wpr uId="980" tId="8" fbRx="105.7310008" lbRx="0" />
<pr uId="981" fId="6" fbTx="105.7312478" meta-info="ns3::WifiMacHeader (DATA ToDS=0, FromDS=0, MoreFrag=0, Retry=0, MoreData=0 Duration/ID=60us, DA=00:00:00:00:00:08, SA=00:00:00:00:00:07, BSSID=00:00:00:00:00:07, FragNumber=0, SeqNumber=117) ns3::LlcSnapHeader (type 0x800) ns3::Ipv4Header (tos 0x0 DSCP Default ECN Not-ECT ttl 64 id 10 protocol 17 offset (bytes) 0 flags [none] length: 41 192.168.2.2 &gt; 192.168.2.3) ns3::UdpHeader (length: 21 269 &gt; 269) ns3::Epidemic::TypeHeader (REPLY) ns3::Epidemic::SummaryVectorHeader ( Summary_vector header with size: 2
Global IDs:
NodeID:PacketID
0.0.2.1:28
0.0.2.186:698
) ns3::WifiMacTrailer ()" />
<wpr uId="981" tId="1" fbRx="105.7312478" lbRx="0" />
<wpr uId="981" tId="2" fbRx="105.7312487" lbRx="0" />
<wpr uId="981" tId="7" fbRx="105.7312487" lbRx="0" />
<pr uId="982" fId="7" fbTx="105.7313567" meta-info="ns3::WifiMacHeader (CTL_ACK Duration/ID=0us, RA=00:00:00:00:00:07) ns3::WifiMacTrailer ()" />
<wpr uId="982" tId="2" fbRx="105.7313567" lbRx="0" />
<wpr uId="982" tId="1" fbRx="105.7313575" lbRx="0" />
<wpr uId="982" tId="3" fbRx="105.7313575" lbRx="0" />
<wpr uId="982" tId="6" fbRx="105.7313575" lbRx="0" />
<wpr uId="982" tId="8" fbRx="105.7313575" lbRx="0" />
<pr uId="983" fId="7" fbTx="105.7314977" meta-info="ns3::WifiMacHeader (DATA ToDS=0, FromDS=0, MoreFrag=0, Retry=0, MoreData=0 Duration/ID=60us, DA=00:00:00:00:00:07, SA=00:00:00:00:00:08, BSSID=00:00:00:00:00:08, FragNumber=0, SeqNumber=128) ns3::LlcSnapHeader (type 0x800) ns3::Ipv4Header (tos 0x0 DSCP Default ECN Not-ECT ttl 64 id 10 protocol 17 offset (bytes) 0 flags [none] length: 41 192.168.2.3 &gt; 192.168.2.2) ns3::UdpHeader (length: 21 269 &gt; 269) ns3::Epidemic::TypeHeader (REPLY_BACK) ns3::Epidemic::SummaryVectorHeader ( Summary_vector header with size: 2
Global IDs:
NodeID:PacketID
0.0.2.1:28
0.0.2.186:698
) ns3::WifiMacTrailer ()" />
<wpr uId="983" tId="2" fbRx="105.7314977" lbRx="0" />
<wpr uId="983" tId="1" fbRx="105.7314985" lbRx="0" />
<wpr uId="983" tId="3" fbRx="105.7314985" lbRx="0" />
<wpr uId="983" tId="6" fbRx="105.7314985" lbRx="0" />
<wpr uId="983" tId="8" fbRx="105.7314985" lbRx="0" />
<pr uId="984" fId="6" fbTx="105.7316065" meta-info="ns3::WifiMacHeader (CTL_ACK Duration/ID=0us, RA=00:00:00:00:00:08) ns3::WifiMacTrailer ()" />
<wpr uId="984" tId="1" fbRx="105.7316065" lbRx="0" />
<wpr uId="984" tId="2" fbRx="105.7316073" lbRx="0" />
<wpr uId="984" tId="7" fbRx="105.7316073" lbRx="0" />
<pr uId="985" fId="5" fbTx="105.863" meta-info="ns3::WifiMacHeader (DATA ToDS=0, FromDS=0, MoreFrag=0, Retry=0, MoreData=0 Duration/ID=0us, DA=ff:ff:ff:ff:ff:ff, SA=00:00:00:00:00:06, BSSID=00:00:00:00:00:06, FragNumber=0, SeqNumber=105) ns3::LlcSnapHeader (type 0x800) ns3::Ipv4Header (tos 0x0 DSCP Default ECN Not-ECT ttl 64 id 100 protocol 17 offset (bytes) 0 flags [none] length: 45 192.168.2.1 &gt; 192.168.2.255) ns3::UdpHeader (length: 25 269 &gt; 269) ns3::Epidemic::TypeHeader (BEACON) ns3::Epidemic::EpidemicHeader ( Packet ID: 1101480448 Hop count: 1000 TimeStamp: +0.0ns) ns3::WifiMacTrailer ()" />
<wpr uId="985" tId="0" fbRx="105.863" lbRx="0" />
<pr uId="986" fId="6" fbTx="105.99" meta-info="ns3::WifiMacHeader (DATA ToDS=0, FromDS=0, MoreFrag=0, Retry=0, MoreData=0 Duration/ID=0us, DA=ff:ff:ff:ff:ff:ff, SA=00:00:00:00:00:07, BSSID=00:00:00:00:00:07, FragNumber=0, SeqNumber=118) ns3::LlcSnapHeader (type 0x800) ns3::Ipv4Header (tos 0x0 DSCP Default ECN Not-ECT ttl 64 id 100 protocol 17 offset (bytes) 0 flags [none] length: 45 192.168.2.2 &gt; 192.168.2.255) ns3::UdpHeader (length: 25 269 &gt; 269) ns3::Epidemic::TypeHeader (BEACON) ns3::Epidemic::EpidemicHeader ( Packet ID: 1101480448 Hop count: 1000 TimeStamp: +0.0ns) ns3::WifiMacTrailer ()" />
<wpr uId="986" tId="1" fbRx="105.99" lbRx="0" />
<wpr uId="986" tId="2" fbRx="105.9900008" lbRx="0" />
<wpr uId="986" tId="7" fbRx="105.9900008" lbRx="0" />
<pr uId="987" fId="1" fbTx="106.0416372" meta-info="ns3::WifiMacHeader (DATA ToDS=0, FromDS=0, MoreFrag=0, Retry=0, MoreData=0 Duration/ID=0us, DA=ff:ff:ff:ff:ff:ff, SA=00:00:00:00:00:02, BSSID=00:00:00:00:00:02, FragNumber=0, SeqNumber=60) ns3::LlcSnapHeader (type 0x800) ns3::Ipv4Header (tos 0x0 DSCP Default ECN Not-ECT ttl 64 id 57 protocol 17 offset (bytes) 0 flags [none] length: 56 192.168.1.2 &gt; 192.168.1.255) ns3::UdpHeader (length: 36 698 &gt; 698) ns3::olsr::PacketHeader () ns3::olsr::MessageHeader () ns3::WifiMacTrailer ()" />
<wpr uId="987" tId="6" fbRx="106.0416372" lbRx="0" />
<wpr uId="987" tId="2" fbRx="106.041638" lbRx="0" />
<wpr uId="987" tId="7" fbRx="106.041638" lbRx="0" />
<pr uId="988" fId="0" fbTx="106.0785999" meta-info="ns3::WifiMacHeader (DATA ToDS=0, FromDS=0, MoreFrag=0, Retry=0, MoreData=0 Duration/ID=0us, DA=ff:ff:ff:ff:ff:ff, SA=00:00:00:00:00:01, BSSID=00:00:00:00:00:01, FragNumber=0, SeqNumber=57) ns3::LlcSnapHeader (type 0x800) ns3::Ipv4Header (tos 0x0 DSCP Default ECN Not-ECT ttl 64 id 53 protocol 17 offset (bytes) 0 flags [none] length: 48 192.168.1.1 &gt; 192.168.1.255) ns3::UdpHeader (length: 28 698 &gt; 698) ns3::olsr::PacketHeader () ns3::olsr::MessageHeader () ns3::WifiMacTrailer ()" />
<wpr uId="988" tId="5" fbRx="106.0785999" lbRx="0" />
<pr uId="989" fId="2" fbTx="106.1364439" meta-info="ns3::WifiMacHeader (DATA ToDS=0, FromDS=0, MoreFrag=0, Retry=0, MoreData=0 Duration/ID=0us, DA=ff:ff:ff:ff:ff:ff, SA=00:00:00:00:00:03, BSSID=00:00:00:00:00:03, FragNumber=0, SeqNumber=80) ns3::LlcSnapHeader (type 0x800) ns3::Ipv4Header (tos 0x0 DSCP Default ECN Not-ECT ttl 64 id 73 protocol 17 offset (bytes) 0 flags [none] length: 64 192.168.1.3 &gt; 192.168.1.255) ns3::UdpHeader (length: 44 698 &gt; 698) ns3::olsr::PacketHeader () ns3::olsr::MessageHeader () ns3::WifiMacTrailer ()" />
<wpr uId="989" tId="7" fbRx="106.1364439" lbRx="0" />
<wpr uId="989" tId="1" fbRx="106.1364447" lbRx="0" />
<wpr uId="989" tId="3" fbRx="106.1364447" lbRx="0" />
<wpr uId="989" tId="6" fbRx="106.1364447" lbRx="0" />
<wpr uId="989" tId="8" fbRx="106.1364447" lbRx="0" />
<pr uId="990" fId="4" fbTx="106.1688576" meta-info="ns3::WifiMacHeader (DATA ToDS=0, FromDS=0, MoreFrag=0, Retry=0, MoreData=0 Duration/ID=0us, DA=ff:ff:ff:ff:ff:ff, SA=00:00:00:00:00:05, BSSID=00:00:00:00:00:05, FragNumber=0, SeqNumber=53) ns3::LlcSnapHeader (type 0x800) ns3::Ipv4Header (tos 0x0 DSCP Default ECN Not-ECT ttl 64 id 53 protocol 17 offset (bytes) 0 flags [none] length: 56 192.168.1.5 &gt; 192.168.1.255) ns3::UdpHeader (length: 36 698 &gt; 698) ns3::olsr::PacketHeader () ns3::olsr::MessageHeader () ns3::WifiMacTrailer ()" />
<wpr uId="990" tId="9" fbRx="106.1688576" lbRx="0" />
<wpr uId="990" tId="3" fbRx="106.1688585" lbRx="0" />
<wpr uId="990" tId="8" fbRx="106.1688585" lbRx="0" />
<pr uId="991" fId="8" fbTx="106.242" meta-info="ns3::WifiMacHeader (DATA ToDS=0, FromDS=0, MoreFrag=0, Retry=0, MoreData=0 Duration/ID=0us, DA=ff:ff:ff:ff:ff:ff, SA=00:00:00:00:00:09, BSSID=00:00:00:00:00:09, FragNumber=0, SeqNumber=122) ns3::LlcSnapHeader (type 0x800) ns3::Ipv4Header (tos 0x0 DSCP Default ECN Not-ECT ttl 64 id 100 protocol 17 offset (bytes) 0 flags [none] length: 45 192.168.2.4 &gt; 192.168.2.255) ns3::UdpHeader (length: 25 269 &gt; 269) ns3::Epidemic::TypeHeader (BEACON) ns3::Epidemic::EpidemicHeader ( Packet ID: 1101480448 Hop count: 1000 TimeStamp: +0.0ns) ns3::WifiMacTrailer ()" />
<wpr uId="991" tId="3" fbRx="106.242" lbRx="0" />
<wpr uId="991" tId="2" fbRx="106.2420008" lbRx="0" />
<wpr uId="991" tId="4" fbRx="106.2420008" lbRx="0" />
<wpr uId="991" tId="7" fbRx="106.2420008" lbRx="0" />
<wpr uId="991" tId="9" fbRx="106.2420008" lbRx="0" />
<pr uId="992" fId="7" fbTx="106.2422838" meta-info="ns3::WifiMacHeader (DATA ToDS=0, FromDS=0, MoreFrag=0, Retry=0, MoreData=0 Duration/ID=60us, DA=00:00:00:00:00:09, SA=00:00:00:00:00:08, BSSID=00:00:00:00:00:08, FragNumber=0, SeqNumber=129) ns3::LlcSnapHeader (type 0x800) ns3::Ipv4Header (tos 0x0 DSCP Default ECN Not-ECT ttl 64 id 10 protocol 17 offset (bytes) 0 flags [none] length: 41 192.168.2.3 &gt; 192.168.2.4) ns3::UdpHeader (length: 21 269 &gt; 269) ns3::Epidemic::TypeHeader (REPLY) ns3::Epidemic::SummaryVectorHeader ( Summary_vector header with size: 2
Global IDs:
NodeID:PacketID
0.0.2.1:28
0.0.2.186:698
) ns3::WifiMacTrailer ()" />
<wpr uId="992" tId="2" fbRx="106.2422838" lbRx="0" />
<wpr uId="992" tId="1" fbRx="106.2422847" lbRx="0" />
<wpr uId="992" tId="3" fbRx="106.2422847" lbRx="0" />
<wpr uId="992" tId="6" fbRx="106.2422847" lbRx="0" />
<wpr uId="992" tId="8" fbRx="106.2422847" lbRx="0" />
<pr uId="993" fId="8" fbTx="106.2423927" meta-info="ns3::WifiMacHeader (CTL_ACK Duration/ID=0us, RA=00:00:00:00:00:08) ns3::WifiMacTrailer ()" />
<wpr uId="993" tId="3" fbRx="106.2423927" lbRx="0" />
<wpr uId="993" tId="2" fbRx="106.2423935" lbRx="0" />
<wpr uId="993" tId="4" fbRx="106.2423935" lbRx="0" />
<wpr uId="993" tId="7" fbRx="106.2423935" lbRx="0" />
<wpr uId="993" tId="9" fbRx="106.2423935" lbRx="0" />
<pr uId="994" fId="8" fbTx="106.2424977" meta-info="ns3::WifiMacHeader (DATA ToDS=0, FromDS=0, MoreFrag=0, Retry=0, MoreData=0 Duration/ID=60us, DA=00:00:00:00:00:08, SA=00:00:00:00:00:09, BSSID=00:00:00:00:00:09, FragNumber=0, SeqNumber=123) ns3::LlcSnapHeader (type 0x800) ns3::Ipv4Header (tos 0x0 DSCP Default ECN Not-ECT ttl 64 id 10 protocol 17 offset (bytes) 0 flags [none] length: 41 192.168.2.4 &gt; 192.168.2.3) ns3::UdpHeader (length: 21 269 &gt; 269) ns3::Epidemic::TypeHeader (REPLY_BACK) ns3::Epidemic::SummaryVectorHeader ( Summary_vector header with size: 2
Global IDs:
NodeID:PacketID
0.0.2.4:132
0.0.2.186:698
) ns3::WifiMacTrailer ()" />
<wpr uId="994" tId="3" fbRx="106.2424977" lbRx="0" />
<wpr uId="994" tId="2" fbRx="106.2424985" lbRx="0" />
<wpr uId="994" tId="4" fbRx="106.2424985" lbRx="0" />
<wpr uId="994" tId="7" fbRx="106.2424985" lbRx="0" />
<wpr uId="994" tId="9" fbRx="106.2424985" lbRx="0" />
<pr uId="995" fId="7" fbTx="106.2426065" meta-info="ns3::WifiMacHeader (CTL_ACK Duration/ID=0us, RA=00:00:00:00:00:09) ns3::WifiMacTrailer ()" />
<wpr uId="995" tId="2" fbRx="106.2426065" lbRx="0" />
<wpr uId="995" tId="1" fbRx="106.2426073" lbRx="0" />
<wpr uId="995" tId="3" fbRx="106.2426073" lbRx="0" />
<wpr uId="995" tId="6" fbRx="106.2426073" lbRx="0" />
<wpr uId="995" tId="8" fbRx="106.2426073" lbRx="0" />
<pr uId="996" fId="2" fbTx="106.2427475" meta-info="ns3::WifiMacHeader (DATA ToDS=0, FromDS=0, MoreFrag=0, Retry=0, MoreData=0 Duration/ID=60us, DA=00:00:00:00:00:04, SA=00:00:00:00:00:03, BSSID=00:00:00:00:00:03, FragNumber=0, SeqNumber=81) ns3::LlcSnapHeader (type 0x800) ns3::Ipv4Header (tos 0x0 DSCP Default ECN Not-ECT ttl 64 id 4 protocol 17 offset (bytes) 0 flags [none] length: 2076 192.168.1.3 &gt; 192.168.1.4) ns3::UdpHeader (length: 2056 49157 &gt; 6) Payload (size=2048) ns3::WifiMacTrailer ()" />
<pr uId="997" fId="7" fbTx="106.2427475" meta-info="ns3::WifiMacHeader (DATA ToDS=0, FromDS=0, MoreFrag=0, Retry=0, MoreData=0 Duration/ID=60us, DA=00:00:00:00:00:09, SA=00:00:00:00:00:08, BSSID=00:00:00:00:00:08, FragNumber=0, SeqNumber=130) ns3::LlcSnapHeader (type 0x800) ns3::Ipv4Header (tos 0x0 DSCP Default ECN Not-ECT ttl 64 id 0 protocol 17 offset (bytes) 0 flags [none] length: 2092 192.168.2.1 &gt; 192.168.2.5) ns3::Epidemic::EpidemicHeader ( Packet ID: 33619996 Hop count: 998 TimeStamp: +54000000000.0ns) ns3::UdpHeader (length: 2056 49153 &gt; 6) Payload (size=2048) ns3::WifiMacTrailer ()" />
<wpr uId="996" tId="1" fbRx="106.2427483" lbRx="0" />
<wpr uId="996" tId="3" fbRx="106.2427483" lbRx="0" />
<wpr uId="996" tId="6" fbRx="106.2427483" lbRx="0" />
<wpr uId="996" tId="8" fbRx="106.2427483" lbRx="0" />
<pr uId="998" fId="7" fbTx="106.2457205" meta-info="ns3::WifiMacHeader (DATA ToDS=0, FromDS=0, MoreFrag=0, Retry=1, MoreData=0 Duration/ID=60us, DA=00:00:00:00:00:09, SA=00:00:00:00:00:08, BSSID=00:00:00:00:00:08, FragNumber=0, SeqNumber=130) ns3::LlcSnapHeader (type 0x800) ns3::Ipv4Header (tos 0x0 DSCP Default ECN Not-ECT ttl 64 id 0 protocol 17 offset (bytes) 0 flags [none] length: 2092 192.168.2.1 &gt; 192.168.2.5) ns3::Epidemic::EpidemicHeader ( Packet ID: 33619996 Hop count: 998 TimeStamp: +54000000000.0ns) ns3::UdpHeader (length: 2056 49153 &gt; 6) Payload (size=2048) ns3::WifiMacTrailer ()" />
<wpr uId="998" tId="2" fbRx="106.2457205" lbRx="0" />
<wpr uId="998" tId="1" fbRx="106.2457213" lbRx="0" />
<wpr uId="998" tId="3" fbRx="106.2457213" lbRx="0" />
<wpr uId="998" tId="6" fbRx="106.2457213" lbRx="0" />
<wpr uId="998" tId="8" fbRx="106.2457213" lbRx="0" />
<pr uId="999" fId="8" fbTx="106.2476533" meta-info="ns3::WifiMacHeader (CTL_ACK Duration/ID=0us, RA=00:00:00:00:00:08) ns3::WifiMacTrailer ()" />
<wpr uId="999" tId="3" fbRx="106.2476533" lbRx="0" />
<wpr uId="999" tId="2" fbRx="106.2476542" lbRx="0" />
<wpr uId="999" tId="4" fbRx="106.2476542" lbRx="0" />
<wpr uId="999" tId="7" fbRx="106.2476542" lbRx="0" />
<wpr uId="999" tId="9" fbRx="106.2476542" lbRx="0" />
<pr uId="1000" fId="3" fbTx="106.2478303" meta-info="ns3::WifiMacHeader (DATA ToDS=0, FromDS=0, MoreFrag=0, Retry=0, MoreData=0 Duration/ID=0us, DA=ff:ff:ff:ff:ff:ff, SA=00:00:00:00:00:04, BSSID=00:00:00:00:00:04, FragNumber=0, SeqNumber=67) ns3::LlcSnapHeader (type 0x806) ns3::ArpHeader (request source mac: 00-06-00:00:00:00:00:04 source ipv4: 192.168.1.4 dest ipv4: 192.168.1.5) ns3::WifiMacTrailer ()" />
<wpr uId="1000" tId="8" fbRx="106.2478303" lbRx="0" />
<wpr uId="1000" tId="2" fbRx="106.2478312" lbRx="0" />
<wpr uId="1000" tId="4" fbRx="106.2478312" lbRx="0" />
<wpr uId="1000" tId="7" fbRx="106.2478312" lbRx="0" />
<wpr uId="1000" tId="9" fbRx="106.2478312" lbRx="0" />
<pr uId="1001" fId="4" fbTx="106.2480042" meta-info="ns3::WifiMacHeader (DATA ToDS=0, FromDS=0, MoreFrag=0, Retry=0, MoreData=0 Duration/ID=60us, DA=00:00:00:00:00:04, SA=00:00:00:00:00:05, BSSID=00:00:00:00:00:05, FragNumber=0, SeqNumber=54) ns3::LlcSnapHeader (type 0x806) ns3::ArpHeader (reply source mac: 00-06-00:00:00:00:00:05 source ipv4: 192.168.1.5 dest mac: 00-06-00:00:00:00:00:04 dest ipv4: 192.168.1.4) ns3::WifiMacTrailer ()" />
<wpr uId="1001" tId="9" fbRx="106.2480042" lbRx="0" />
<wpr uId="1001" tId="3" fbRx="106.248005" lbRx="0" />
<wpr uId="1001" tId="8" fbRx="106.248005" lbRx="0" />
<pr uId="1002" fId="2" fbTx="106.2480132" meta-info="ns3::WifiMacHeader (DATA ToDS=0, FromDS=0, MoreFrag=0, Retry=1, MoreData=0 Duration/ID=60us, DA=00:00:00:00:00:04, SA=00:00:00:00:00:03, BSSID=00:00:00:00:00:03, FragNumber=0, SeqNumber=81) ns3::LlcSnapHeader (type 0x800) ns3::Ipv4Header (tos 0x0 DSCP Default ECN Not-ECT ttl 64 id 4 protocol 17 offset (bytes) 0 flags [none] length: 2076 192.168.1.3 &gt; 192.168.1.4) ns3::UdpHeader (length: 2056 49157 &gt; 6) Payload (size=2048) ns3::WifiMacTrailer ()" />
<wpr uId="1002" tId="7" fbRx="106.2480132" lbRx="0" />
<wpr uId="1002" tId="1" fbRx="106.248014" lbRx="0" />
<wpr uId="1002" tId="6" fbRx="106.248014" lbRx="0" />
<pr uId="1003" fId="4" fbTx="106.2482522" meta-info="ns3::WifiMacHeader (DATA ToDS=0, FromDS=0, MoreFrag=0, Retry=1, MoreData=0 Duration/ID=60us, DA=00:00:00:00:00:04, SA=00:00:00:00:00:05, BSSID=00:00:00:00:00:05, FragNumber=0, SeqNumber=54) ns3::LlcSnapHeader (type 0x806) ns3::ArpHeader (reply source mac: 00-06-00:00:00:00:00:05 source ipv4: 192.168.1.5 dest mac: 00-06-00:00:00:00:00:04 dest ipv4: 192.168.1.4) ns3::WifiMacTrailer ()" />
<wpr uId="1003" tId="9" fbRx="106.2482522" lbRx="0" />
<wpr uId="1003" tId="3" fbRx="106.248253" lbRx="0" />
<wpr uId="1003" tId="8" fbRx="106.248253" lbRx="0" />
<pr uId="1004" fId="4" fbTx="106.2488872" meta-info="ns3::WifiMacHeader (DATA ToDS=0, FromDS=0, MoreFrag=0, Retry=1, MoreData=0 Duration/ID=60us, DA=00:00:00:00:00:04, SA=00:00:00:00:00:05, BSSID=00:00:00:00:00:05, FragNumber=0, SeqNumber=54) ns3::LlcSnapHeader (type 0x806) ns3::ArpHeader (reply source mac: 00-06-00:00:00:00:00:05 source ipv4: 192.168.1.5 dest mac: 00-06-00:00:00:00:00:04 dest ipv4: 192.168.1.4) ns3::WifiMacTrailer ()" />
<wpr uId="1004" tId="9" fbRx="106.2488872" lbRx="0" />
<wpr uId="1004" tId="3" fbRx="106.248888" lbRx="0" />
<wpr uId="1004" tId="8" fbRx="106.248888" lbRx="0" />
<pr uId="1005" fId="4" fbTx="106.2499722" meta-info="ns3::WifiMacHeader (DATA ToDS=0, FromDS=0, MoreFrag=0, Retry=1, MoreData=0 Duration/ID=60us, DA=00:00:00:00:00:04, SA=00:00:00:00:00:05, BSSID=00:00:00:00:00:05, FragNumber=0, SeqNumber=54) ns3::LlcSnapHeader (type 0x806) ns3::ArpHeader (reply source mac: 00-06-00:00:00:00:00:05 source ipv4: 192.168.1.5 dest mac: 00-06-00:00:00:00:00:04 dest ipv4: 192.168.1.4) ns3::WifiMacTrailer ()" />
<wpr uId="1005" tId="9" fbRx="106.2499722" lbRx="0" />
<wpr uId="1005" tId="3" fbRx="106.249973" lbRx="0" />
<wpr uId="1005" tId="8" fbRx="106.249973" lbRx="0" />
<pr uId="1006" fId="2" fbTx="106.2510972" meta-info="ns3::WifiMacHeader (DATA ToDS=0, FromDS=0, MoreFrag=0, Retry=1, MoreData=0 Duration/ID=60us, DA=00:00:00:00:00:04, SA=00:00:00:00:00:03, BSSID=00:00:00:00:00:03, FragNumber=0, SeqNumber=81) ns3::LlcSnapHeader (type 0x800) ns3::Ipv4Header (tos 0x0 DSCP Default ECN Not-ECT ttl 64 id 4 protocol 17 offset (bytes) 0 flags [none] length: 2076 192.168.1.3 &gt; 192.168.1.4) ns3::UdpHeader (length: 2056 49157 &gt; 6) Payload (size=2048) ns3::WifiMacTrailer ()" />
<wpr uId="1006" tId="7" fbRx="106.2510972" lbRx="0" />
<wpr uId="1006" tId="1" fbRx="106.251098" lbRx="0" />
<wpr uId="1006" tId="3" fbRx="106.251098" lbRx="0" />
<wpr uId="1006" tId="6" fbRx="106.251098" lbRx="0" />
<wpr uId="1006" tId="8" fbRx="106.251098" lbRx="0" />
<pr uId="1007" fId="4" fbTx="106.2517412" meta-info="ns3::WifiMacHeader (DATA ToDS=0, FromDS=0, MoreFrag=0, Retry=1, MoreData=0 Duration/ID=60us, DA=00:00:00:00:00:04, SA=00:00:00:00:00:05, BSSID=00:00:00:00:00:05, FragNumber=0, SeqNumber=54) ns3::LlcSnapHeader (type 0x806) ns3::ArpHeader (reply source mac: 00-06-00:00:00:00:00:05 source ipv4: 192.168.1.5 dest mac: 00-06-00:00:00:00:00:04 dest ipv4: 192.168.1.4) ns3::WifiMacTrailer ()" />
<wpr uId="1007" tId="9" fbRx="106.2517412" lbRx="0" />
<pr uId="1008" fId="2" fbTx="106.2549012" meta-info="ns3::WifiMacHeader (DATA ToDS=0, FromDS=0, MoreFrag=0, Retry=1, MoreData=0 Duration/ID=60us, DA=00:00:00:00:00:04, SA=00:00:00:00:00:03, BSSID=00:00:00:00:00:03, FragNumber=0, SeqNumber=81) ns3::LlcSnapHeader (type 0x800) ns3::Ipv4Header (tos 0x0 DSCP Default ECN Not-ECT ttl 64 id 4 protocol 17 offset (bytes) 0 flags [none] length: 2076 192.168.1.3 &gt; 192.168.1.4) ns3::UdpHeader (length: 2056 49157 &gt; 6) Payload (size=2048) ns3::WifiMacTrailer ()" />
<wpr uId="1008" tId="7" fbRx="106.2549012" lbRx="0" />
<wpr uId="1008" tId="1" fbRx="106.254902" lbRx="0" />
<wpr uId="1008" tId="3" fbRx="106.254902" lbRx="0" />
<wpr uId="1008" tId="6" fbRx="106.254902" lbRx="0" />
<wpr uId="1008" tId="8" fbRx="106.254902" lbRx="0" />
<pr uId="1009" fId="4" fbTx="106.2551932" meta-info="ns3::WifiMacHeader (DATA ToDS=0, FromDS=0, MoreFrag=0, Retry=1, MoreData=0 Duration/ID=60us, DA=00:00:00:00:00:04, SA=00:00:00:00:00:05, BSSID=00:00:00:00:00:05, FragNumber=0, SeqNumber=54) ns3::LlcSnapHeader (type 0x806) ns3::ArpHeader (reply source mac: 00-06-00:00:00:00:00:05 source ipv4: 192.168.1.5 dest mac: 00-06-00:00:00:00:00:04 dest ipv4: 192.168.1.4) ns3::WifiMacTrailer ()" />
<wpr uId="1009" tId="9" fbRx="106.2551932" lbRx="0" />
<pr uId="1010" fId="2" fbTx="106.2589932" meta-info="ns3::WifiMacHeader (DATA ToDS=0, FromDS=0, MoreFrag=0, Retry=1, MoreData=0 Duration/ID=60us, DA=00:00:00:00:00:04, SA=00:00:00:00:00:03, BSSID=00:00:00:00:00:03, FragNumber=0, SeqNumber=81) ns3::LlcSnapHeader (type 0x800) ns3::Ipv4Header (tos 0x0 DSCP Default ECN Not-ECT ttl 64 id 4 protocol 17 offset (bytes) 0 flags [none] length: 2076 192.168.1.3 &gt; 192.168.1.4) ns3::UdpHeader (length: 2056 49157 &gt; 6) Payload (size=2048) ns3::WifiMacTrailer ()" />
<wpr uId="1010" tId="7" fbRx="106.2589932" lbRx="0" />
<wpr uId="1010" tId="1" fbRx="106.258994" lbRx="0" />
<wpr uId="1010" tId="3" fbRx="106.258994" lbRx="0" />
<wpr uId="1010" tId="6" fbRx="106.258994" lbRx="0" />
<wpr uId="1010" tId="8" fbRx="106.258994" lbRx="0" />
<pr uId="1011" fId="4" fbTx="106.2599592" meta-info="ns3::WifiMacHeader (DATA ToDS=0, FromDS=0, MoreFrag=0, Retry=1, MoreData=0 Duration/ID=60us, DA=00:00:00:00:00:04, SA=00:00:00:00:00:05, BSSID=00:00:00:00:00:05, FragNumber=0, SeqNumber=54) ns3::LlcSnapHeader (type 0x806) ns3::ArpHeader (reply source mac: 00-06-00:00:00:00:00:05 source ipv4: 192.168.1.5 dest mac: 00-06-00:00:00:00:00:04 dest ipv4: 192.168.1.4) ns3::WifiMacTrailer ()" />
<wpr uId="1011" tId="9" fbRx="106.2599592" lbRx="0" />
<pr uId="1012" fId="2" fbTx="106.2643632" meta-info="ns3::WifiMacHeader (DATA ToDS=0, FromDS=0, MoreFrag=0, Retry=1, MoreData=0 Duration/ID=60us, DA=00:00:00:00:00:04, SA=00:00:00:00:00:03, BSSID=00:00:00:00:00:03, FragNumber=0, SeqNumber=81) ns3::LlcSnapHeader (type 0x800) ns3::Ipv4Header (tos 0x0 DSCP Default ECN Not-ECT ttl 64 id 4 protocol 17 offset (bytes) 0 flags [none] length: 2076 192.168.1.3 &gt; 192.168.1.4) ns3::UdpHeader (length: 2056 49157 &gt; 6) Payload (size=2048) ns3::WifiMacTrailer ()" />
<wpr uId="1012" tId="7" fbRx="106.2643632" lbRx="0" />
<wpr uId="1012" tId="1" fbRx="106.264364" lbRx="0" />
<wpr uId="1012" tId="3" fbRx="106.264364" lbRx="0" />
<wpr uId="1012" tId="6" fbRx="106.264364" lbRx="0" />
<wpr uId="1012" tId="8" fbRx="106.264364" lbRx="0" />
<pr uId="1013" fId="3" fbTx="106.26722" meta-info="ns3::WifiMacHeader (CTL_ACK Duration/ID=0us, RA=00:00:00:00:00:03) ns3::WifiMacTrailer ()" />
<wpr uId="1013" tId="8" fbRx="106.26722" lbRx="0" />
<wpr uId="1013" tId="2" fbRx="106.2672208" lbRx="0" />
<wpr uId="1013" tId="4" fbRx="106.2672208" lbRx="0" />
<wpr uId="1013" tId="7" fbRx="106.2672208" lbRx="0" />
<wpr uId="1013" tId="9" fbRx="106.2672208" lbRx="0" />
<pr uId="1014" fId="2" fbTx="106.2673348" meta-info="ns3::WifiMacHeader (DATA ToDS=0, FromDS=0, MoreFrag=0, Retry=0, MoreData=0 Duration/ID=60us, DA=00:00:00:00:00:04, SA=00:00:00:00:00:03, BSSID=00:00:00:00:00:03, FragNumber=0, SeqNumber=82) ns3::LlcSnapHeader (type 0x800) ns3::Ipv4Header (tos 0x0 DSCP Default ECN Not-ECT ttl 64 id 0 protocol 17 offset (bytes) 0 flags [none] length: 2076 192.168.1.3 &gt; 192.168.1.5) ns3::UdpHeader (length: 2056 49158 &gt; 6) Payload (size=2048) ns3::WifiMacTrailer ()" />
<wpr uId="1014" tId="7" fbRx="106.2673348" lbRx="0" />
<wpr uId="1014" tId="1" fbRx="106.2673357" lbRx="0" />
<wpr uId="1014" tId="3" fbRx="106.2673357" lbRx="0" />
<wpr uId="1014" tId="6" fbRx="106.2673357" lbRx="0" />
<wpr uId="1014" tId="8" fbRx="106.2673357" lbRx="0" />
<pr uId="1015" fId="3" fbTx="106.2701917" meta-info="ns3::WifiMacHeader (CTL_ACK Duration/ID=0us, RA=00:00:00:00:00:03) ns3::WifiMacTrailer ()" />
<wpr uId="1015" tId="8" fbRx="106.2701917" lbRx="0" />
<wpr uId="1015" tId="2" fbRx="106.2701925" lbRx="0" />
<wpr uId="1015" tId="4" fbRx="106.2701925" lbRx="0" />
<wpr uId="1015" tId="7" fbRx="106.2701925" lbRx="0" />
<wpr uId="1015" tId="9" fbRx="106.2701925" lbRx="0" />
<pr uId="1016" fId="3" fbTx="106.4416986" meta-info="ns3::WifiMacHeader (DATA ToDS=0, FromDS=0, MoreFrag=0, Retry=0, MoreData=0 Duration/ID=0us, DA=ff:ff:ff:ff:ff:ff, SA=00:00:00:00:00:04, BSSID=00:00:00:00:00:04, FragNumber=0, SeqNumber=68) ns3::LlcSnapHeader (type 0x800) ns3::Ipv4Header (tos 0x0 DSCP Default ECN Not-ECT ttl 64 id 66 protocol 17 offset (bytes) 0 flags [none] length: 64 192.168.1.4 &gt; 192.168.1.255) ns3::UdpHeader (length: 44 698 &gt; 698) ns3::olsr::PacketHeader () ns3::olsr::MessageHeader () ns3::WifiMacTrailer ()" />
<wpr uId="1016" tId="8" fbRx="106.4416986" lbRx="0" />
<wpr uId="1016" tId="2" fbRx="106.4416994" lbRx="0" />
<wpr uId="1016" tId="4" fbRx="106.4416994" lbRx="0" />
<wpr uId="1016" tId="7" fbRx="106.4416994" lbRx="0" />
<wpr uId="1016" tId="9" fbRx="106.4416994" lbRx="0" />
<pr uId="1017" fId="9" fbTx="106.677" meta-info="ns3::WifiMacHeader (DATA ToDS=0, FromDS=0, MoreFrag=0, Retry=0, MoreData=0 Duration/ID=0us, DA=ff:ff:ff:ff:ff:ff, SA=00:00:00:00:00:0a, BSSID=00:00:00:00:00:0a, FragNumber=0, SeqNumber=110) ns3::LlcSnapHeader (type 0x800) ns3::Ipv4Header (tos 0x0 DSCP Default ECN Not-ECT ttl 64 id 101 protocol 17 offset (bytes) 0 flags [none] length: 45 192.168.2.5 &gt; 192.168.2.255) ns3::UdpHeader (length: 25 269 &gt; 269) ns3::Epidemic::TypeHeader (BEACON) ns3::Epidemic::EpidemicHeader ( Packet ID: 1101480448 Hop count: 1000 TimeStamp: +0.0ns) ns3::WifiMacTrailer ()" />
<wpr uId="1017" tId="4" fbRx="106.677" lbRx="0" />
<wpr uId="1017" tId="3" fbRx="106.6770008" lbRx="0" />
<wpr uId="1017" tId="8" fbRx="106.6770008" lbRx="0" />
<pr uId="1018" fId="7" fbTx="106.804" meta-info="ns3::WifiMacHeader (DATA ToDS=0, FromDS=0, MoreFrag=0, Retry=0, MoreData=0 Duration/ID=0us, DA=ff:ff:ff:ff:ff:ff, SA=00:00:00:00:00:08, BSSID=00:00:00:00:00:08, FragNumber=0, SeqNumber=131) ns3::LlcSnapHeader (type 0x800) ns3::Ipv4Header (tos 0x0 DSCP Default ECN Not-ECT ttl 64 id 101 protocol 17 offset (bytes) 0 flags [none] length: 45 192.168.2.3 &gt; 192.168.2.255) ns3::UdpHeader (length: 25 269 &gt; 269) ns3::Epidemic::TypeHeader (BEACON) ns3::Epidemic::EpidemicHeader ( Packet ID: 1101480448 Hop count: 1000 TimeStamp: +0.0ns) ns3::WifiMacTrailer ()" />
<wpr uId="1018" tId="2" fbRx="106.804" lbRx="0" />
<wpr uId="1018" tId="1" fbRx="106.8040008" lbRx="0" />
<wpr uId="1018" tId="3" fbRx="106.8040008" lbRx="0" />
<wpr uId="1018" tId="6" fbRx="106.8040008" lbRx="0" />
<wpr uId="1018" tId="8" fbRx="106.8040008" lbRx="0" />
<pr uId="1019" fId="5" fbTx="106.925" meta-info="ns3::WifiMacHeader (DATA ToDS=0, FromDS=0, MoreFrag=0, Retry=0, MoreData=0 Duration/ID=0us, DA=ff:ff:ff:ff:ff:ff, SA=00:00:00:00:00:06, BSSID=00:00:00:00:00:06, FragNumber=0, SeqNumber=106) ns3::LlcSnapHeader (type 0x800) ns3::Ipv4Header (tos 0x0 DSCP Default ECN Not-ECT ttl 64 id 101 protocol 17 offset (bytes) 0 flags [none] length: 45 192.168.2.1 &gt; 192.168.2.255) ns3::UdpHeader (length: 25 269 &gt; 269) ns3::Epidemic::TypeHeader (BEACON) ns3::Epidemic::EpidemicHeader ( Packet ID: 1101480448 Hop count: 1000 TimeStamp: +0.0ns) ns3::WifiMacTrailer ()" />
<wpr uId="1019" tId="0" fbRx="106.925" lbRx="0" />
<pr uId="1020" fId="6" fbTx="107.057" meta-info="ns3::WifiMacHeader (DATA ToDS=0, FromDS=0, MoreFrag=0, Retry=0, MoreData=0 Duration/ID=0us, DA=ff:ff:ff:ff:ff:ff, SA=00:00:00:00:00:07, BSSID=00:00:00:00:00:07, FragNumber=0, SeqNumber=119) ns3::LlcSnapHeader (type 0x800) ns3::Ipv4Header (tos 0x0 DSCP Default ECN Not-ECT ttl 64 id 101 protocol 17 offset (bytes) 0 flags [none] length: 45 192.168.2.2 &gt; 192.168.2.255) ns3::UdpHeader (length: 25 269 &gt; 269) ns3::Epidemic::TypeHeader (BEACON) ns3::Epidemic::EpidemicHeader ( Packet ID: 1101480448 Hop count: 1000 TimeStamp: +0.0ns) ns3::WifiMacTrailer ()" />
<wpr uId="1020" tId="1" fbRx="107.057" lbRx="0" />
<wpr uId="1020" tId="2" fbRx="107.0570008" lbRx="0" />
<wpr uId="1020" tId="7" fbRx="107.0570008" lbRx="0" />
<pr uId="1021" fId="3" fbTx="107.2423767" meta-info="ns3::WifiMacHeader (DATA ToDS=0, FromDS=0, MoreFrag=0, Retry=0, MoreData=0 Duration/ID=0us, DA=ff:ff:ff:ff:ff:ff, SA=00:00:00:00:00:04, BSSID=00:00:00:00:00:04, FragNumber=0, SeqNumber=69) ns3::LlcSnapHeader (type 0x806) ns3::ArpHeader (request source mac: 00-06-00:00:00:00:00:04 source ipv4: 192.168.1.4 dest ipv4: 192.168.1.5) ns3::WifiMacTrailer ()" />
<wpr uId="1021" tId="8" fbRx="107.2423767" lbRx="0" />
<wpr uId="1021" tId="2" fbRx="107.2423775" lbRx="0" />
<wpr uId="1021" tId="4" fbRx="107.2423775" lbRx="0" />
<wpr uId="1021" tId="7" fbRx="107.2423775" lbRx="0" />
<wpr uId="1021" tId="9" fbRx="107.2423775" lbRx="0" />
<pr uId="1022" fId="4" fbTx="107.2425505" meta-info="ns3::WifiMacHeader (DATA ToDS=0, FromDS=0, MoreFrag=0, Retry=0, MoreData=0 Duration/ID=60us, DA=00:00:00:00:00:04, SA=00:00:00:00:00:05, BSSID=00:00:00:00:00:05, FragNumber=0, SeqNumber=55) ns3::LlcSnapHeader (type 0x806) ns3::ArpHeader (reply source mac: 00-06-00:00:00:00:00:05 source ipv4: 192.168.1.5 dest mac: 00-06-00:00:00:00:00:04 dest ipv4: 192.168.1.4) ns3::WifiMacTrailer ()" />
<wpr uId="1022" tId="9" fbRx="107.2425505" lbRx="0" />
<wpr uId="1022" tId="3" fbRx="107.2425513" lbRx="0" />
<wpr uId="1022" tId="8" fbRx="107.2425513" lbRx="0" />
<pr uId="1023" fId="3" fbTx="107.2426793" meta-info="ns3::WifiMacHeader (CTL_ACK Duration/ID=0us, RA=00:00:00:00:00:05) ns3::WifiMacTrailer ()" />
<wpr uId="1023" tId="8" fbRx="107.2426793" lbRx="0" />
<wpr uId="1023" tId="2" fbRx="107.2426802" lbRx="0" />
<wpr uId="1023" tId="4" fbRx="107.2426802" lbRx="0" />
<wpr uId="1023" tId="7" fbRx="107.2426802" lbRx="0" />
<wpr uId="1023" tId="9" fbRx="107.2426802" lbRx="0" />
<pr uId="1024" fId="3" fbTx="107.2428473" meta-info="ns3::WifiMacHeader (DATA ToDS=0, FromDS=0, MoreFrag=0, Retry=0, MoreData=0 Duration/ID=60us, DA=00:00:00:00:00:05, SA=00:00:00:00:00:04, BSSID=00:00:00:00:00:04, FragNumber=0, SeqNumber=70) ns3::LlcSnapHeader (type 0x800) ns3::Ipv4Header (tos 0x0 DSCP Default ECN Not-ECT ttl 64 id 0 protocol 17 offset (bytes) 0 flags [none] length: 2076 192.168.1.4 &gt; 192.168.1.5) ns3::UdpHeader (length: 2056 49153 &gt; 6) Payload (size=2048) ns3::WifiMacTrailer ()" />
<wpr uId="1024" tId="8" fbRx="107.2428473" lbRx="0" />
<wpr uId="1024" tId="2" fbRx="107.2428482" lbRx="0" />
<wpr uId="1024" tId="4" fbRx="107.2428482" lbRx="0" />
<wpr uId="1024" tId="7" fbRx="107.2428482" lbRx="0" />
<wpr uId="1024" tId="9" fbRx="107.2428482" lbRx="0" />
<pr uId="1025" fId="4" fbTx="107.2457042" meta-info="ns3::WifiMacHeader (CTL_ACK Duration/ID=0us, RA=00:00:00:00:00:04) ns3::WifiMacTrailer ()" />
<wpr uId="1025" tId="9" fbRx="107.2457042" lbRx="0" />
<wpr uId="1025" tId="3" fbRx="107.245705" lbRx="0" />
<wpr uId="1025" tId="8" fbRx="107.245705" lbRx="0" />
<pr uId="1026" fId="3" fbTx="107.245819" meta-info="ns3::WifiMacHeader (DATA ToDS=0, FromDS=0, MoreFrag=0, Retry=0, MoreData=0 Duration/ID=60us, DA=00:00:00:00:00:05, SA=00:00:00:00:00:04, BSSID=00:00:00:00:00:04, FragNumber=0, SeqNumber=71) ns3::LlcSnapHeader (type 0x800) ns3::Ipv4Header (tos 0x0 DSCP Default ECN Not-ECT ttl 64 id 1 protocol 17 offset (bytes) 0 flags [none] length: 2076 192.168.1.4 &gt; 192.168.1.5) ns3::UdpHeader (length: 2056 49154 &gt; 6) Payload (size=2048) ns3::WifiMacTrailer ()" />
<wpr uId="1026" tId="8" fbRx="107.245819" lbRx="0" />
<wpr uId="1026" tId="2" fbRx="107.2458198" lbRx="0" />
<wpr uId="1026" tId="4" fbRx="107.2458198" lbRx="0" />
<wpr uId="1026" tId="7" fbRx="107.2458198" lbRx="0" />
<wpr uId="1026" tId="9" fbRx="107.2458198" lbRx="0" />
<pr uId="1027" fId="4" fbTx="107.2486758" meta-info="ns3::WifiMacHeader (CTL_ACK Duration/ID=0us, RA=00:00:00:00:00:04) ns3::WifiMacTrailer ()" />
<wpr uId="1027" tId="9" fbRx="107.2486758" lbRx="0" />
<wpr uId="1027" tId="3" fbRx="107.2486767" lbRx="0" />
<wpr uId="1027" tId="8" fbRx="107.2486767" lbRx="0" />
<pr uId="1028" fId="3" fbTx="107.2487727" meta-info="ns3::WifiMacHeader (DATA ToDS=0, FromDS=0, MoreFrag=0, Retry=0, MoreData=0 Duration/ID=60us, DA=00:00:00:00:00:05, SA=00:00:00:00:00:04, BSSID=00:00:00:00:00:04, FragNumber=0, SeqNumber=72) ns3::LlcSnapHeader (type 0x800) ns3::Ipv4Header (tos 0x0 DSCP Default ECN Not-ECT ttl 63 id 0 protocol 17 offset (bytes) 0 flags [none] length: 2076 192.168.1.3 &gt; 192.168.1.5) ns3::UdpHeader (length: 2056 49158 &gt; 6) Payload (size=2048) ns3::WifiMacTrailer ()" />
<wpr uId="1028" tId="8" fbRx="107.2487727" lbRx="0" />
<wpr uId="1028" tId="2" fbRx="107.2487735" lbRx="0" />
<wpr uId="1028" tId="4" fbRx="107.2487735" lbRx="0" />
<wpr uId="1028" tId="7" fbRx="107.2487735" lbRx="0" />
<wpr uId="1028" tId="9" fbRx="107.2487735" lbRx="0" />
<pr uId="1029" fId="4" fbTx="107.2516295" meta-info="ns3::WifiMacHeader (CTL_ACK Duration/ID=0us, RA=00:00:00:00:00:04) ns3::WifiMacTrailer ()" />
<wpr uId="1029" tId="9" fbRx="107.2516295" lbRx="0" />
<wpr uId="1029" tId="3" fbRx="107.2516303" lbRx="0" />
<wpr uId="1029" tId="8" fbRx="107.2516303" lbRx="0" />
<pr uId="1030" fId="8" fbTx="107.282" meta-info="ns3::WifiMacHeader (DATA ToDS=0, FromDS=0, MoreFrag=0, Retry=0, MoreData=0 Duration/ID=0us, DA=ff:ff:ff:ff:ff:ff, SA=00:00:00:00:00:09, BSSID=00:00:00:00:00:09, FragNumber=0, SeqNumber=124) ns3::LlcSnapHeader (type 0x800) ns3::Ipv4Header (tos 0x0 DSCP Default ECN Not-ECT ttl 64 id 101 protocol 17 offset (bytes) 0 flags [none] length: 45 192.168.2.4 &gt; 192.168.2.255) ns3::UdpHeader (length: 25 269 &gt; 269) ns3::Epidemic::TypeHeader (BEACON) ns3::Epidemic::EpidemicHeader ( Packet ID: 1101480448 Hop count: 1000 TimeStamp: +0.0ns) ns3::WifiMacTrailer ()" />
<wpr uId="1030" tId="3" fbRx="107.282" lbRx="0" />
<wpr uId="1030" tId="2" fbRx="107.2820008" lbRx="0" />
<wpr uId="1030" tId="4" fbRx="107.2820008" lbRx="0" />
<wpr uId="1030" tId="7" fbRx="107.2820008" lbRx="0" />
<wpr uId="1030" tId="9" fbRx="107.2820008" lbRx="0" />
<pr uId="1031" fId="9" fbTx="107.706" meta-info="ns3::WifiMacHeader (DATA ToDS=0, FromDS=0, MoreFrag=0, Retry=0, MoreData=0 Duration/ID=0us, DA=ff:ff:ff:ff:ff:ff, SA=00:00:00:00:00:0a, BSSID=00:00:00:00:00:0a, FragNumber=0, SeqNumber=111) ns3::LlcSnapHeader (type 0x800) ns3::Ipv4Header (tos 0x0 DSCP Default ECN Not-ECT ttl 64 id 102 protocol 17 offset (bytes) 0 flags [none] length: 45 192.168.2.5 &gt; 192.168.2.255) ns3::UdpHeader (length: 25 269 &gt; 269) ns3::Epidemic::TypeHeader (BEACON) ns3::Epidemic::EpidemicHeader ( Packet ID: 1101480448 Hop count: 1000 TimeStamp: +0.0ns) ns3::WifiMacTrailer ()" />
<wpr uId="1031" tId="4" fbRx="107.706" lbRx="0" />
<wpr uId="1031" tId="3" fbRx="107.7060008" lbRx="0" />
<wpr uId="1031" tId="8" fbRx="107.7060008" lbRx="0" />
<pr uId="1032" fId="7" fbTx="107.839" meta-info="ns3::WifiMacHeader (DATA ToDS=0, FromDS=0, MoreFrag=0, Retry=0, MoreData=0 Duration/ID=0us, DA=ff:ff:ff:ff:ff:ff, SA=00:00:00:00:00:08, BSSID=00:00:00:00:00:08, FragNumber=0, SeqNumber=132) ns3::LlcSnapHeader (type 0x800) ns3::Ipv4Header (tos 0x0 DSCP Default ECN Not-ECT ttl 64 id 102 protocol 17 offset (bytes) 0 flags [none] length: 45 192.168.2.3 &gt; 192.168.2.255) ns3::UdpHeader (length: 25 269 &gt; 269) ns3::Epidemic::TypeHeader (BEACON) ns3::Epidemic::EpidemicHeader ( Packet ID: 1101480448 Hop count: 1000 TimeStamp: +0.0ns) ns3::WifiMacTrailer ()" />
<wpr uId="1032" tId="2" fbRx="107.839" lbRx="0" />
<wpr uId="1032" tId="1" fbRx="107.8390008" lbRx="0" />
<wpr uId="1032" tId="3" fbRx="107.8390008" lbRx="0" />
<wpr uId="1032" tId="6" fbRx="107.8390008" lbRx="0" />
<wpr uId="1032" tId="8" fbRx="107.8390008" lbRx="0" />
<pr uId="1033" fId="5" fbTx="107.97" meta-info="ns3::WifiMacHeader (DATA ToDS=0, FromDS=0, MoreFrag=0, Retry=0, MoreData=0 Duration/ID=0us, DA=ff:ff:ff:ff:ff:ff, SA=00:00:00:00:00:06, BSSID=00:00:00:00:00:06, FragNumber=0, SeqNumber=107) ns3::LlcSnapHeader (type 0x800) ns3::Ipv4Header (tos 0x0 DSCP Default ECN Not-ECT ttl 64 id 102 protocol 17 offset (bytes) 0 flags [none] length: 45 192.168.2.1 &gt; 192.168.2.255) ns3::UdpHeader (length: 25 269 &gt; 269) ns3::Epidemic::TypeHeader (BEACON) ns3::Epidemic::EpidemicHeader ( Packet ID: 1101480448 Hop count: 1000 TimeStamp: +0.0ns) ns3::WifiMacTrailer ()" />
<wpr uId="1033" tId="0" fbRx="107.97" lbRx="0" />
<pr uId="1034" fId="0" fbTx="108.0689111" meta-info="ns3::WifiMacHeader (DATA ToDS=0, FromDS=0, MoreFrag=0, Retry=0, MoreData=0 Duration/ID=0us, DA=ff:ff:ff:ff:ff:ff, SA=00:00:00:00:00:01, BSSID=00:00:00:00:00:01, FragNumber=0, SeqNumber=58) ns3::LlcSnapHeader (type 0x800) ns3::Ipv4Header (tos 0x0 DSCP Default ECN Not-ECT ttl 64 id 54 protocol 17 offset (bytes) 0 flags [none] length: 48 192.168.1.1 &gt; 192.168.1.255) ns3::UdpHeader (length: 28 698 &gt; 698) ns3::olsr::PacketHeader () ns3::olsr::MessageHeader () ns3::WifiMacTrailer ()" />
<wpr uId="1034" tId="5" fbRx="108.0689111" lbRx="0" />
<pr uId="1035" fId="6" fbTx="108.071" meta-info="ns3::WifiMacHeader (DATA ToDS=0, FromDS=0, MoreFrag=0, Retry=0, MoreData=0 Duration/ID=0us, DA=ff:ff:ff:ff:ff:ff, SA=00:00:00:00:00:07, BSSID=00:00:00:00:00:07, FragNumber=0, SeqNumber=120) ns3::LlcSnapHeader (type 0x800) ns3::Ipv4Header (tos 0x0 DSCP Default ECN Not-ECT ttl 64 id 102 protocol 17 offset (bytes) 0 flags [none] length: 45 192.168.2.2 &gt; 192.168.2.255) ns3::UdpHeader (length: 25 269 &gt; 269) ns3::Epidemic::TypeHeader (BEACON) ns3::Epidemic::EpidemicHeader ( Packet ID: 1101480448 Hop count: 1000 TimeStamp: +0.0ns) ns3::WifiMacTrailer ()" />
<wpr uId="1035" tId="1" fbRx="108.071" lbRx="0" />
<wpr uId="1035" tId="2" fbRx="108.0710008" lbRx="0" />
<wpr uId="1035" tId="7" fbRx="108.0710008" lbRx="0" />
<pr uId="1036" fId="3" fbTx="108.2556128" meta-info="ns3::WifiMacHeader (DATA ToDS=0, FromDS=0, MoreFrag=0, Retry=0, MoreData=0 Duration/ID=0us, DA=ff:ff:ff:ff:ff:ff, SA=00:00:00:00:00:04, BSSID=00:00:00:00:00:04, FragNumber=0, SeqNumber=73) ns3::LlcSnapHeader (type 0x800) ns3::Ipv4Header (tos 0x0 DSCP Default ECN Not-ECT ttl 64 id 67 protocol 17 offset (bytes) 0 flags [none] length: 64 192.168.1.4 &gt; 192.168.1.255) ns3::UdpHeader (length: 44 698 &gt; 698) ns3::olsr::PacketHeader () ns3::olsr::MessageHeader () ns3::WifiMacTrailer ()" />
<wpr uId="1036" tId="8" fbRx="108.2556128" lbRx="0" />
<wpr uId="1036" tId="2" fbRx="108.2556137" lbRx="0" />
<wpr uId="1036" tId="4" fbRx="108.2556137" lbRx="0" />
<wpr uId="1036" tId="7" fbRx="108.2556137" lbRx="0" />
<wpr uId="1036" tId="9" fbRx="108.2556137" lbRx="0" />
<pr uId="1037" fId="1" fbTx="108.2816638" meta-info="ns3::WifiMacHeader (DATA ToDS=0, FromDS=0, MoreFrag=0, Retry=0, MoreData=0 Duration/ID=0us, DA=ff:ff:ff:ff:ff:ff, SA=00:00:00:00:00:02, BSSID=00:00:00:00:00:02, FragNumber=0, SeqNumber=61) ns3::LlcSnapHeader (type 0x800) ns3::Ipv4Header (tos 0x0 DSCP Default ECN Not-ECT ttl 64 id 58 protocol 17 offset (bytes) 0 flags [none] length: 56 192.168.1.2 &gt; 192.168.1.255) ns3::UdpHeader (length: 36 698 &gt; 698) ns3::olsr::PacketHeader () ns3::olsr::MessageHeader () ns3::WifiMacTrailer ()" />
<wpr uId="1037" tId="6" fbRx="108.2816638" lbRx="0" />
<wpr uId="1037" tId="2" fbRx="108.2816646" lbRx="0" />
<wpr uId="1037" tId="7" fbRx="108.2816646" lbRx="0" />
<pr uId="1038" fId="8" fbTx="108.287" meta-info="ns3::WifiMacHeader (DATA ToDS=0, FromDS=0, MoreFrag=0, Retry=0, MoreData=0 Duration/ID=0us, DA=ff:ff:ff:ff:ff:ff, SA=00:00:00:00:00:09, BSSID=00:00:00:00:00:09, FragNumber=0, SeqNumber=125) ns3::LlcSnapHeader (type 0x800) ns3::Ipv4Header (tos 0x0 DSCP Default ECN Not-ECT ttl 64 id 102 protocol 17 offset (bytes) 0 flags [none] length: 45 192.168.2.4 &gt; 192.168.2.255) ns3::UdpHeader (length: 25 269 &gt; 269) ns3::Epidemic::TypeHeader (BEACON) ns3::Epidemic::EpidemicHeader ( Packet ID: 1101480448 Hop count: 1000 TimeStamp: +0.0ns) ns3::WifiMacTrailer ()" />
<wpr uId="1038" tId="3" fbRx="108.287" lbRx="0" />
<wpr uId="1038" tId="2" fbRx="108.2870008" lbRx="0" />
<wpr uId="1038" tId="4" fbRx="108.2870008" lbRx="0" />
<wpr uId="1038" tId="7" fbRx="108.2870008" lbRx="0" />
<wpr uId="1038" tId="9" fbRx="108.2870008" lbRx="0" />
<pr uId="1039" fId="4" fbTx="108.2933013" meta-info="ns3::WifiMacHeader (DATA ToDS=0, FromDS=0, MoreFrag=0, Retry=0, MoreData=0 Duration/ID=0us, DA=ff:ff:ff:ff:ff:ff, SA=00:00:00:00:00:05, BSSID=00:00:00:00:00:05, FragNumber=0, SeqNumber=56) ns3::LlcSnapHeader (type 0x800) ns3::Ipv4Header (tos 0x0 DSCP Default ECN Not-ECT ttl 64 id 54 protocol 17 offset (bytes) 0 flags [none] length: 56 192.168.1.5 &gt; 192.168.1.255) ns3::UdpHeader (length: 36 698 &gt; 698) ns3::olsr::PacketHeader () ns3::olsr::MessageHeader () ns3::WifiMacTrailer ()" />
<wpr uId="1039" tId="9" fbRx="108.2933013" lbRx="0" />
<wpr uId="1039" tId="3" fbRx="108.2933021" lbRx="0" />
<wpr uId="1039" tId="8" fbRx="108.2933021" lbRx="0" />
<pr uId="1040" fId="2" fbTx="108.4666542" meta-info="ns3::WifiMacHeader (DATA ToDS=0, FromDS=0, MoreFrag=0, Retry=0, MoreData=0 Duration/ID=0us, DA=ff:ff:ff:ff:ff:ff, SA=00:00:00:00:00:03, BSSID=00:00:00:00:00:03, FragNumber=0, SeqNumber=83) ns3::LlcSnapHeader (type 0x800) ns3::Ipv4Header (tos 0x0 DSCP Default ECN Not-ECT ttl 64 id 74 protocol 17 offset (bytes) 0 flags [none] length: 64 192.168.1.3 &gt; 192.168.1.255) ns3::UdpHeader (length: 44 698 &gt; 698) ns3::olsr::PacketHeader () ns3::olsr::MessageHeader () ns3::WifiMacTrailer ()" />
<wpr uId="1040" tId="7" fbRx="108.4666542" lbRx="0" />
<wpr uId="1040" tId="1" fbRx="108.466655" lbRx="0" />
<wpr uId="1040" tId="3" fbRx="108.466655" lbRx="0" />
<wpr uId="1040" tId="6" fbRx="108.466655" lbRx="0" />
<wpr uId="1040" tId="8" fbRx="108.466655" lbRx="0" />
<pr uId="1041" fId="9" fbTx="108.716" meta-info="ns3::WifiMacHeader (DATA ToDS=0, FromDS=0, MoreFrag=0, Retry=0, MoreData=0 Duration/ID=0us, DA=ff:ff:ff:ff:ff:ff, SA=00:00:00:00:00:0a, BSSID=00:00:00:00:00:0a, FragNumber=0, SeqNumber=112) ns3::LlcSnapHeader (type 0x800) ns3::Ipv4Header (tos 0x0 DSCP Default ECN Not-ECT ttl 64 id 103 protocol 17 offset (bytes) 0 flags [none] length: 45 192.168.2.5 &gt; 192.168.2.255) ns3::UdpHeader (length: 25 269 &gt; 269) ns3::Epidemic::TypeHeader (BEACON) ns3::Epidemic::EpidemicHeader ( Packet ID: 1101480448 Hop count: 1000 TimeStamp: +0.0ns) ns3::WifiMacTrailer ()" />
<wpr uId="1041" tId="4" fbRx="108.716" lbRx="0" />
<wpr uId="1041" tId="3" fbRx="108.7160008" lbRx="0" />
<wpr uId="1041" tId="8" fbRx="108.7160008" lbRx="0" />
<pr uId="1042" fId="7" fbTx="108.893" meta-info="ns3::WifiMacHeader (DATA ToDS=0, FromDS=0, MoreFrag=0, Retry=0, MoreData=0 Duration/ID=0us, DA=ff:ff:ff:ff:ff:ff, SA=00:00:00:00:00:08, BSSID=00:00:00:00:00:08, FragNumber=0, SeqNumber=133) ns3::LlcSnapHeader (type 0x800) ns3::Ipv4Header (tos 0x0 DSCP Default ECN Not-ECT ttl 64 id 103 protocol 17 offset (bytes) 0 flags [none] length: 45 192.168.2.3 &gt; 192.168.2.255) ns3::UdpHeader (length: 25 269 &gt; 269) ns3::Epidemic::TypeHeader (BEACON) ns3::Epidemic::EpidemicHeader ( Packet ID: 1101480448 Hop count: 1000 TimeStamp: +0.0ns) ns3::WifiMacTrailer ()" />
<wpr uId="1042" tId="2" fbRx="108.893" lbRx="0" />
<wpr uId="1042" tId="1" fbRx="108.8930008" lbRx="0" />
<wpr uId="1042" tId="3" fbRx="108.8930008" lbRx="0" />
<wpr uId="1042" tId="6" fbRx="108.8930008" lbRx="0" />
<wpr uId="1042" tId="8" fbRx="108.8930008" lbRx="0" />
<pr uId="1043" fId="5" fbTx="109.059" meta-info="ns3::WifiMacHeader (DATA ToDS=0, FromDS=0, MoreFrag=0, Retry=0, MoreData=0 Duration/ID=0us, DA=ff:ff:ff:ff:ff:ff, SA=00:00:00:00:00:06, BSSID=00:00:00:00:00:06, FragNumber=0, SeqNumber=108) ns3::LlcSnapHeader (type 0x800) ns3::Ipv4Header (tos 0x0 DSCP Default ECN Not-ECT ttl 64 id 103 protocol 17 offset (bytes) 0 flags [none] length: 45 192.168.2.1 &gt; 192.168.2.255) ns3::UdpHeader (length: 25 269 &gt; 269) ns3::Epidemic::TypeHeader (BEACON) ns3::Epidemic::EpidemicHeader ( Packet ID: 1101480448 Hop count: 1000 TimeStamp: +0.0ns) ns3::WifiMacTrailer ()" />
<wpr uId="1043" tId="0" fbRx="109.059" lbRx="0" />
<pr uId="1044" fId="6" fbTx="109.134" meta-info="ns3::WifiMacHeader (DATA ToDS=0, FromDS=0, MoreFrag=0, Retry=0, MoreData=0 Duration/ID=0us, DA=ff:ff:ff:ff:ff:ff, SA=00:00:00:00:00:07, BSSID=00:00:00:00:00:07, FragNumber=0, SeqNumber=121) ns3::LlcSnapHeader (type 0x800) ns3::Ipv4Header (tos 0x0 DSCP Default ECN Not-ECT ttl 64 id 103 protocol 17 offset (bytes) 0 flags [none] length: 45 192.168.2.2 &gt; 192.168.2.255) ns3::UdpHeader (length: 25 269 &gt; 269) ns3::Epidemic::TypeHeader (BEACON) ns3::Epidemic::EpidemicHeader ( Packet ID: 1101480448 Hop count: 1000 TimeStamp: +0.0ns) ns3::WifiMacTrailer ()" />
<wpr uId="1044" tId="1" fbRx="109.134" lbRx="0" />
<wpr uId="1044" tId="2" fbRx="109.1340008" lbRx="0" />
<wpr uId="1044" tId="7" fbRx="109.1340008" lbRx="0" />
<pr uId="1045" fId="8" fbTx="109.311" meta-info="ns3::WifiMacHeader (DATA ToDS=0, FromDS=0, MoreFrag=0, Retry=0, MoreData=0 Duration/ID=0us, DA=ff:ff:ff:ff:ff:ff, SA=00:00:00:00:00:09, BSSID=00:00:00:00:00:09, FragNumber=0, SeqNumber=126) ns3::LlcSnapHeader (type 0x800) ns3::Ipv4Header (tos 0x0 DSCP Default ECN Not-ECT ttl 64 id 103 protocol 17 offset (bytes) 0 flags [none] length: 45 192.168.2.4 &gt; 192.168.2.255) ns3::UdpHeader (length: 25 269 &gt; 269) ns3::Epidemic::TypeHeader (BEACON) ns3::Epidemic::EpidemicHeader ( Packet ID: 1101480448 Hop count: 1000 TimeStamp: +0.0ns) ns3::WifiMacTrailer ()" />
<wpr uId="1045" tId="3" fbRx="109.311" lbRx="0" />
<wpr uId="1045" tId="2" fbRx="109.3110008" lbRx="0" />
<wpr uId="1045" tId="4" fbRx="109.3110008" lbRx="0" />
<wpr uId="1045" tId="7" fbRx="109.3110008" lbRx="0" />
<wpr uId="1045" tId="9" fbRx="109.3110008" lbRx="0" />
<pr uId="1046" fId="9" fbTx="109.796" meta-info="ns3::WifiMacHeader (DATA ToDS=0, FromDS=0, MoreFrag=0, Retry=0, MoreData=0 Duration/ID=0us, DA=ff:ff:ff:ff:ff:ff, SA=00:00:00:00:00:0a, BSSID=00:00:00:00:00:0a, FragNumber=0, SeqNumber=113) ns3::LlcSnapHeader (type 0x800) ns3::Ipv4Header (tos 0x0 DSCP Default ECN Not-ECT ttl 64 id 104 protocol 17 offset (bytes) 0 flags [none] length: 45 192.168.2.5 &gt; 192.168.2.255) ns3::UdpHeader (length: 25 269 &gt; 269) ns3::Epidemic::TypeHeader (BEACON) ns3::Epidemic::EpidemicHeader ( Packet ID: 1101480448 Hop count: 1000 TimeStamp: +0.0ns) ns3::WifiMacTrailer ()" />
<wpr uId="1046" tId="4" fbRx="109.796" lbRx="0" />
<wpr uId="1046" tId="3" fbRx="109.7960008" lbRx="0" />
<wpr uId="1046" tId="8" fbRx="109.7960008" lbRx="0" />
<pr uId="1047" fId="7" fbTx="109.947" meta-info="ns3::WifiMacHeader (DATA ToDS=0, FromDS=0, MoreFrag=0, Retry=0, MoreData=0 Duration/ID=0us, DA=ff:ff:ff:ff:ff:ff, SA=00:00:00:00:00:08, BSSID=00:00:00:00:00:08, FragNumber=0, SeqNumber=134) ns3::LlcSnapHeader (type 0x800) ns3::Ipv4Header (tos 0x0 DSCP Default ECN Not-ECT ttl 64 id 104 protocol 17 offset (bytes) 0 flags [none] length: 45 192.168.2.3 &gt; 192.168.2.255) ns3::UdpHeader (length: 25 269 &gt; 269) ns3::Epidemic::TypeHeader (BEACON) ns3::Epidemic::EpidemicHeader ( Packet ID: 1101480448 Hop count: 1000 TimeStamp: +0.0ns) ns3::WifiMacTrailer ()" />
<wpr uId="1047" tId="2" fbRx="109.947" lbRx="0" />
<wpr uId="1047" tId="1" fbRx="109.9470008" lbRx="0" />
<wpr uId="1047" tId="3" fbRx="109.9470008" lbRx="0" />
<wpr uId="1047" tId="6" fbRx="109.9470008" lbRx="0" />
<wpr uId="1047" tId="8" fbRx="109.9470008" lbRx="0" />
<pr uId="1048" fId="1" fbTx="110.0482308" meta-info="ns3::WifiMacHeader (DATA ToDS=0, FromDS=0, MoreFrag=0, Retry=0, MoreData=0 Duration/ID=0us, DA=ff:ff:ff:ff:ff:ff, SA=00:00:00:00:00:02, BSSID=00:00:00:00:00:02, FragNumber=0, SeqNumber=62) ns3::LlcSnapHeader (type 0x800) ns3::Ipv4Header (tos 0x0 DSCP Default ECN Not-ECT ttl 64 id 59 protocol 17 offset (bytes) 0 flags [none] length: 56 192.168.1.2 &gt; 192.168.1.255) ns3::UdpHeader (length: 36 698 &gt; 698) ns3::olsr::PacketHeader () ns3::olsr::MessageHeader () ns3::WifiMacTrailer ()" />
<wpr uId="1048" tId="6" fbRx="110.0482308" lbRx="0" />
<wpr uId="1048" tId="2" fbRx="110.0482316" lbRx="0" />
<wpr uId="1048" tId="7" fbRx="110.0482316" lbRx="0" />
<pr uId="1049" fId="5" fbTx="110.107" meta-info="ns3::WifiMacHeader (DATA ToDS=0, FromDS=0, MoreFrag=0, Retry=0, MoreData=0 Duration/ID=0us, DA=ff:ff:ff:ff:ff:ff, SA=00:00:00:00:00:06, BSSID=00:00:00:00:00:06, FragNumber=0, SeqNumber=109) ns3::LlcSnapHeader (type 0x800) ns3::Ipv4Header (tos 0x0 DSCP Default ECN Not-ECT ttl 64 id 104 protocol 17 offset (bytes) 0 flags [none] length: 45 192.168.2.1 &gt; 192.168.2.255) ns3::UdpHeader (length: 25 269 &gt; 269) ns3::Epidemic::TypeHeader (BEACON) ns3::Epidemic::EpidemicHeader ( Packet ID: 1101480448 Hop count: 1000 TimeStamp: +0.0ns) ns3::WifiMacTrailer ()" />
<wpr uId="1049" tId="0" fbRx="110.107" lbRx="0" />
<pr uId="1050" fId="2" fbTx="110.1404457" meta-info="ns3::WifiMacHeader (DATA ToDS=0, FromDS=0, MoreFrag=0, Retry=0, MoreData=0 Duration/ID=0us, DA=ff:ff:ff:ff:ff:ff, SA=00:00:00:00:00:03, BSSID=00:00:00:00:00:03, FragNumber=0, SeqNumber=84) ns3::LlcSnapHeader (type 0x800) ns3::Ipv4Header (tos 0x0 DSCP Default ECN Not-ECT ttl 64 id 75 protocol 17 offset (bytes) 0 flags [none] length: 88 192.168.1.3 &gt; 192.168.1.255) ns3::UdpHeader (length: 68 698 &gt; 698) ns3::olsr::PacketHeader () ns3::olsr::MessageHeader () ns3::olsr::MessageHeader () ns3::WifiMacTrailer ()" />
<wpr uId="1050" tId="7" fbRx="110.1404457" lbRx="0" />
<wpr uId="1050" tId="1" fbRx="110.1404465" lbRx="0" />
<wpr uId="1050" tId="3" fbRx="110.1404465" lbRx="0" />
<wpr uId="1050" tId="6" fbRx="110.1404465" lbRx="0" />
<wpr uId="1050" tId="8" fbRx="110.1404465" lbRx="0" />
<pr uId="1051" fId="0" fbTx="110.153191" meta-info="ns3::WifiMacHeader (DATA ToDS=0, FromDS=0, MoreFrag=0, Retry=0, MoreData=0 Duration/ID=0us, DA=ff:ff:ff:ff:ff:ff, SA=00:00:00:00:00:01, BSSID=00:00:00:00:00:01, FragNumber=0, SeqNumber=59) ns3::LlcSnapHeader (type 0x800) ns3::Ipv4Header (tos 0x0 DSCP Default ECN Not-ECT ttl 64 id 55 protocol 17 offset (bytes) 0 flags [none] length: 48 192.168.1.1 &gt; 192.168.1.255) ns3::UdpHeader (length: 28 698 &gt; 698) ns3::olsr::PacketHeader () ns3::olsr::MessageHeader () ns3::WifiMacTrailer ()" />
<wpr uId="1051" tId="5" fbRx="110.153191" lbRx="0" />
<pr uId="1052" fId="6" fbTx="110.206" meta-info="ns3::WifiMacHeader (DATA ToDS=0, FromDS=0, MoreFrag=0, Retry=0, MoreData=0 Duration/ID=0us, DA=ff:ff:ff:ff:ff:ff, SA=00:00:00:00:00:07, BSSID=00:00:00:00:00:07, FragNumber=0, SeqNumber=122) ns3::LlcSnapHeader (type 0x800) ns3::Ipv4Header (tos 0x0 DSCP Default ECN Not-ECT ttl 64 id 104 protocol 17 offset (bytes) 0 flags [none] length: 45 192.168.2.2 &gt; 192.168.2.255) ns3::UdpHeader (length: 25 269 &gt; 269) ns3::Epidemic::TypeHeader (BEACON) ns3::Epidemic::EpidemicHeader ( Packet ID: 1101480448 Hop count: 1000 TimeStamp: +0.0ns) ns3::WifiMacTrailer ()" />
<wpr uId="1052" tId="1" fbRx="110.206" lbRx="0" />
<wpr uId="1052" tId="2" fbRx="110.2060008" lbRx="0" />
<wpr uId="1052" tId="7" fbRx="110.2060008" lbRx="0" />
<pr uId="1053" fId="8" fbTx="110.32" meta-info="ns3::WifiMacHeader (DATA ToDS=0, FromDS=0, MoreFrag=0, Retry=0, MoreData=0 Duration/ID=0us, DA=ff:ff:ff:ff:ff:ff, SA=00:00:00:00:00:09, BSSID=00:00:00:00:00:09, FragNumber=0, SeqNumber=127) ns3::LlcSnapHeader (type 0x800) ns3::Ipv4Header (tos 0x0 DSCP Default ECN Not-ECT ttl 64 id 104 protocol 17 offset (bytes) 0 flags [none] length: 45 192.168.2.4 &gt; 192.168.2.255) ns3::UdpHeader (length: 25 269 &gt; 269) ns3::Epidemic::TypeHeader (BEACON) ns3::Epidemic::EpidemicHeader ( Packet ID: 1101480448 Hop count: 1000 TimeStamp: +0.0ns) ns3::WifiMacTrailer ()" />
<wpr uId="1053" tId="3" fbRx="110.32" lbRx="0" />
<wpr uId="1053" tId="2" fbRx="110.3200008" lbRx="0" />
<wpr uId="1053" tId="4" fbRx="110.3200008" lbRx="0" />
<wpr uId="1053" tId="7" fbRx="110.3200008" lbRx="0" />
<wpr uId="1053" tId="9" fbRx="110.3200008" lbRx="0" />
<pr uId="1054" fId="3" fbTx="110.4692619" meta-info="ns3::WifiMacHeader (DATA ToDS=0, FromDS=0, MoreFrag=0, Retry=0, MoreData=0 Duration/ID=0us, DA=ff:ff:ff:ff:ff:ff, SA=00:00:00:00:00:04, BSSID=00:00:00:00:00:04, FragNumber=0, SeqNumber=74) ns3::LlcSnapHeader (type 0x800) ns3::Ipv4Header (tos 0x0 DSCP Default ECN Not-ECT ttl 64 id 68 protocol 17 offset (bytes) 0 flags [none] length: 112 192.168.1.4 &gt; 192.168.1.255) ns3::UdpHeader (length: 92 698 &gt; 698) ns3::olsr::PacketHeader () ns3::olsr::MessageHeader () ns3::olsr::MessageHeader () ns3::olsr::MessageHeader () ns3::WifiMacTrailer ()" />
<wpr uId="1054" tId="8" fbRx="110.4692619" lbRx="0" />
<wpr uId="1054" tId="2" fbRx="110.4692627" lbRx="0" />
<wpr uId="1054" tId="4" fbRx="110.4692627" lbRx="0" />
<wpr uId="1054" tId="7" fbRx="110.4692627" lbRx="0" />
<wpr uId="1054" tId="9" fbRx="110.4692627" lbRx="0" />
<pr uId="1055" fId="4" fbTx="110.4701539" meta-info="ns3::WifiMacHeader (DATA ToDS=0, FromDS=0, MoreFrag=0, Retry=0, MoreData=0 Duration/ID=0us, DA=ff:ff:ff:ff:ff:ff, SA=00:00:00:00:00:05, BSSID=00:00:00:00:00:05, FragNumber=0, SeqNumber=57) ns3::LlcSnapHeader (type 0x800) ns3::Ipv4Header (tos 0x0 DSCP Default ECN Not-ECT ttl 64 id 55 protocol 17 offset (bytes) 0 flags [none] length: 56 192.168.1.5 &gt; 192.168.1.255) ns3::UdpHeader (length: 36 698 &gt; 698) ns3::olsr::PacketHeader () ns3::olsr::MessageHeader () ns3::WifiMacTrailer ()" />
<wpr uId="1055" tId="9" fbRx="110.4701539" lbRx="0" />
<wpr uId="1055" tId="3" fbRx="110.4701547" lbRx="0" />
<wpr uId="1055" tId="8" fbRx="110.4701547" lbRx="0" />
<pr uId="1056" fId="2" fbTx="110.7640497" meta-info="ns3::WifiMacHeader (DATA ToDS=0, FromDS=0, MoreFrag=0, Retry=0, MoreData=0 Duration/ID=0us, DA=ff:ff:ff:ff:ff:ff, SA=00:00:00:00:00:03, BSSID=00:00:00:00:00:03, FragNumber=0, SeqNumber=85) ns3::LlcSnapHeader (type 0x800) ns3::Ipv4Header (tos 0x0 DSCP Default ECN Not-ECT ttl 64 id 76 protocol 17 offset (bytes) 0 flags [none] length: 56 192.168.1.3 &gt; 192.168.1.255) ns3::UdpHeader (length: 36 698 &gt; 698) ns3::olsr::PacketHeader () ns3::olsr::MessageHeader () ns3::WifiMacTrailer ()" />
<wpr uId="1056" tId="7" fbRx="110.7640497" lbRx="0" />
<wpr uId="1056" tId="1" fbRx="110.7640506" lbRx="0" />
<wpr uId="1056" tId="3" fbRx="110.7640506" lbRx="0" />
<wpr uId="1056" tId="6" fbRx="110.7640506" lbRx="0" />
<wpr uId="1056" tId="8" fbRx="110.7640506" lbRx="0" />
<pr uId="1057" fId="9" fbTx="110.876" meta-info="ns3::WifiMacHeader (DATA ToDS=0, FromDS=0, MoreFrag=0, Retry=0, MoreData=0 Duration/ID=0us, DA=ff:ff:ff:ff:ff:ff, SA=00:00:00:00:00:0a, BSSID=00:00:00:00:00:0a, FragNumber=0, SeqNumber=114) ns3::LlcSnapHeader (type 0x800) ns3::Ipv4Header (tos 0x0 DSCP Default ECN Not-ECT ttl 64 id 105 protocol 17 offset (bytes) 0 flags [none] length: 45 192.168.2.5 &gt; 192.168.2.255) ns3::UdpHeader (length: 25 269 &gt; 269) ns3::Epidemic::TypeHeader (BEACON) ns3::Epidemic::EpidemicHeader ( Packet ID: 1101480448 Hop count: 1000 TimeStamp: +0.0ns) ns3::WifiMacTrailer ()" />
<wpr uId="1057" tId="4" fbRx="110.876" lbRx="0" />
<wpr uId="1057" tId="3" fbRx="110.8760008" lbRx="0" />
<wpr uId="1057" tId="8" fbRx="110.8760008" lbRx="0" />
<pr uId="1058" fId="8" fbTx="110.8762028" meta-info="ns3::WifiMacHeader (DATA ToDS=0, FromDS=0, MoreFrag=0, Retry=0, MoreData=0 Duration/ID=60us, DA=00:00:00:00:00:0a, SA=00:00:00:00:00:09, BSSID=00:00:00:00:00:09, FragNumber=0, SeqNumber=128) ns3::LlcSnapHeader (type 0x800) ns3::Ipv4Header (tos 0x0 DSCP Default ECN Not-ECT ttl 64 id 8 protocol 17 offset (bytes) 0 flags [none] length: 41 192.168.2.4 &gt; 192.168.2.5) ns3::UdpHeader (length: 21 269 &gt; 269) ns3::Epidemic::TypeHeader (REPLY) ns3::Epidemic::SummaryVectorHeader ( Summary_vector header with size: 2
Global IDs:
NodeID:PacketID
0.0.2.4:132
0.0.2.186:698
) ns3::WifiMacTrailer ()" />
<wpr uId="1058" tId="3" fbRx="110.8762028" lbRx="0" />
<wpr uId="1058" tId="2" fbRx="110.8762037" lbRx="0" />
<wpr uId="1058" tId="4" fbRx="110.8762037" lbRx="0" />
<wpr uId="1058" tId="7" fbRx="110.8762037" lbRx="0" />
<wpr uId="1058" tId="9" fbRx="110.8762037" lbRx="0" />
<pr uId="1059" fId="9" fbTx="110.8763477" meta-info="ns3::WifiMacHeader (CTL_ACK Duration/ID=0us, RA=00:00:00:00:00:09) ns3::WifiMacTrailer ()" />
<wpr uId="1059" tId="4" fbRx="110.8763477" lbRx="0" />
<wpr uId="1059" tId="3" fbRx="110.8763485" lbRx="0" />
<wpr uId="1059" tId="8" fbRx="110.8763485" lbRx="0" />
<pr uId="1060" fId="9" fbTx="110.8764797" meta-info="ns3::WifiMacHeader (DATA ToDS=0, FromDS=0, MoreFrag=0, Retry=0, MoreData=0 Duration/ID=60us, DA=00:00:00:00:00:09, SA=00:00:00:00:00:0a, BSSID=00:00:00:00:00:0a, FragNumber=0, SeqNumber=115) ns3::LlcSnapHeader (type 0x800) ns3::Ipv4Header (tos 0x0 DSCP Default ECN Not-ECT ttl 64 id 7 protocol 17 offset (bytes) 0 flags [none] length: 41 192.168.2.5 &gt; 192.168.2.4) ns3::UdpHeader (length: 21 269 &gt; 269) ns3::Epidemic::TypeHeader (REPLY_BACK) ns3::Epidemic::SummaryVectorHeader ( Summary_vector header with size: 2
Global IDs:
NodeID:PacketID
0.0.2.4:132
0.0.2.186:698
) ns3::WifiMacTrailer ()" />
<wpr uId="1060" tId="4" fbRx="110.8764797" lbRx="0" />
<wpr uId="1060" tId="3" fbRx="110.8764805" lbRx="0" />
<wpr uId="1060" tId="8" fbRx="110.8764805" lbRx="0" />
<pr uId="1061" fId="8" fbTx="110.8766245" meta-info="ns3::WifiMacHeader (CTL_ACK Duration/ID=0us, RA=00:00:00:00:00:0a) ns3::WifiMacTrailer ()" />
<wpr uId="1061" tId="3" fbRx="110.8766245" lbRx="0" />
<wpr uId="1061" tId="2" fbRx="110.8766253" lbRx="0" />
<wpr uId="1061" tId="4" fbRx="110.8766253" lbRx="0" />
<wpr uId="1061" tId="7" fbRx="110.8766253" lbRx="0" />
<wpr uId="1061" tId="9" fbRx="110.8766253" lbRx="0" />
<pr uId="1062" fId="7" fbTx="111.007" meta-info="ns3::WifiMacHeader (DATA ToDS=0, FromDS=0, MoreFrag=0, Retry=0, MoreData=0 Duration/ID=0us, DA=ff:ff:ff:ff:ff:ff, SA=00:00:00:00:00:08, BSSID=00:00:00:00:00:08, FragNumber=0, SeqNumber=135) ns3::LlcSnapHeader (type 0x800) ns3::Ipv4Header (tos 0x0 DSCP Default ECN Not-ECT ttl 64 id 105 protocol 17 offset (bytes) 0 flags [none] length: 45 192.168.2.3 &gt; 192.168.2.255) ns3::UdpHeader (length: 25 269 &gt; 269) ns3::Epidemic::TypeHeader (BEACON) ns3::Epidemic::EpidemicHeader ( Packet ID: 1101480448 Hop count: 1000 TimeStamp: +0.0ns) ns3::WifiMacTrailer ()" />
<wpr uId="1062" tId="2" fbRx="111.007" lbRx="0" />
<wpr uId="1062" tId="1" fbRx="111.0070008" lbRx="0" />
<wpr uId="1062" tId="3" fbRx="111.0070008" lbRx="0" />
<wpr uId="1062" tId="6" fbRx="111.0070008" lbRx="0" />
<wpr uId="1062" tId="8" fbRx="111.0070008" lbRx="0" />
<pr uId="1063" fId="5" fbTx="111.109" meta-info="ns3::WifiMacHeader (DATA ToDS=0, FromDS=0, MoreFrag=0, Retry=0, MoreData=0 Duration/ID=0us, DA=ff:ff:ff:ff:ff:ff, SA=00:00:00:00:00:06, BSSID=00:00:00:00:00:06, FragNumber=0, SeqNumber=110) ns3::LlcSnapHeader (type 0x800) ns3::Ipv4Header (tos 0x0 DSCP Default ECN Not-ECT ttl 64 id 105 protocol 17 offset (bytes) 0 flags [none] length: 45 192.168.2.1 &gt; 192.168.2.255) ns3::UdpHeader (length: 25 269 &gt; 269) ns3::Epidemic::TypeHeader (BEACON) ns3::Epidemic::EpidemicHeader ( Packet ID: 1101480448 Hop count: 1000 TimeStamp: +0.0ns) ns3::WifiMacTrailer ()" />
<wpr uId="1063" tId="0" fbRx="111.109" lbRx="0" />
<pr uId="1064" fId="6" fbTx="111.279" meta-info="ns3::WifiMacHeader (DATA ToDS=0, FromDS=0, MoreFrag=0, Retry=0, MoreData=0 Duration/ID=0us, DA=ff:ff:ff:ff:ff:ff, SA=00:00:00:00:00:07, BSSID=00:00:00:00:00:07, FragNumber=0, SeqNumber=123) ns3::LlcSnapHeader (type 0x800) ns3::Ipv4Header (tos 0x0 DSCP Default ECN Not-ECT ttl 64 id 105 protocol 17 offset (bytes) 0 flags [none] length: 45 192.168.2.2 &gt; 192.168.2.255) ns3::UdpHeader (length: 25 269 &gt; 269) ns3::Epidemic::TypeHeader (BEACON) ns3::Epidemic::EpidemicHeader ( Packet ID: 1101480448 Hop count: 1000 TimeStamp: +0.0ns) ns3::WifiMacTrailer ()" />
<wpr uId="1064" tId="1" fbRx="111.279" lbRx="0" />
<wpr uId="1064" tId="2" fbRx="111.2790008" lbRx="0" />
<wpr uId="1064" tId="7" fbRx="111.2790008" lbRx="0" />
<pr uId="1065" fId="8" fbTx="111.401" meta-info="ns3::WifiMacHeader (DATA ToDS=0, FromDS=0, MoreFrag=0, Retry=0, MoreData=0 Duration/ID=0us, DA=ff:ff:ff:ff:ff:ff, SA=00:00:00:00:00:09, BSSID=00:00:00:00:00:09, FragNumber=0, SeqNumber=129) ns3::LlcSnapHeader (type 0x800) ns3::Ipv4Header (tos 0x0 DSCP Default ECN Not-ECT ttl 64 id 105 protocol 17 offset (bytes) 0 flags [none] length: 45 192.168.2.4 &gt; 192.168.2.255) ns3::UdpHeader (length: 25 269 &gt; 269) ns3::Epidemic::TypeHeader (BEACON) ns3::Epidemic::EpidemicHeader ( Packet ID: 1101480448 Hop count: 1000 TimeStamp: +0.0ns) ns3::WifiMacTrailer ()" />
<wpr uId="1065" tId="3" fbRx="111.401" lbRx="0" />
<wpr uId="1065" tId="2" fbRx="111.4010008" lbRx="0" />
<wpr uId="1065" tId="4" fbRx="111.4010008" lbRx="0" />
<wpr uId="1065" tId="7" fbRx="111.4010008" lbRx="0" />
<wpr uId="1065" tId="9" fbRx="111.4010008" lbRx="0" />
<pr uId="1066" fId="9" fbTx="111.906" meta-info="ns3::WifiMacHeader (DATA ToDS=0, FromDS=0, MoreFrag=0, Retry=0, MoreData=0 Duration/ID=0us, DA=ff:ff:ff:ff:ff:ff, SA=00:00:00:00:00:0a, BSSID=00:00:00:00:00:0a, FragNumber=0, SeqNumber=116) ns3::LlcSnapHeader (type 0x800) ns3::Ipv4Header (tos 0x0 DSCP Default ECN Not-ECT ttl 64 id 106 protocol 17 offset (bytes) 0 flags [none] length: 45 192.168.2.5 &gt; 192.168.2.255) ns3::UdpHeader (length: 25 269 &gt; 269) ns3::Epidemic::TypeHeader (BEACON) ns3::Epidemic::EpidemicHeader ( Packet ID: 1101480448 Hop count: 1000 TimeStamp: +0.0ns) ns3::WifiMacTrailer ()" />
<wpr uId="1066" tId="4" fbRx="111.906" lbRx="0" />
<wpr uId="1066" tId="3" fbRx="111.9060008" lbRx="0" />
<wpr uId="1066" tId="8" fbRx="111.9060008" lbRx="0" />
<pr uId="1067" fId="7" fbTx="112.05" meta-info="ns3::WifiMacHeader (DATA ToDS=0, FromDS=0, MoreFrag=0, Retry=0, MoreData=0 Duration/ID=0us, DA=ff:ff:ff:ff:ff:ff, SA=00:00:00:00:00:08, BSSID=00:00:00:00:00:08, FragNumber=0, SeqNumber=136) ns3::LlcSnapHeader (type 0x800) ns3::Ipv4Header (tos 0x0 DSCP Default ECN Not-ECT ttl 64 id 106 protocol 17 offset (bytes) 0 flags [none] length: 45 192.168.2.3 &gt; 192.168.2.255) ns3::UdpHeader (length: 25 269 &gt; 269) ns3::Epidemic::TypeHeader (BEACON) ns3::Epidemic::EpidemicHeader ( Packet ID: 1101480448 Hop count: 1000 TimeStamp: +0.0ns) ns3::WifiMacTrailer ()" />
<wpr uId="1067" tId="2" fbRx="112.05" lbRx="0" />
<wpr uId="1067" tId="1" fbRx="112.0500008" lbRx="0" />
<wpr uId="1067" tId="3" fbRx="112.0500008" lbRx="0" />
<wpr uId="1067" tId="6" fbRx="112.0500008" lbRx="0" />
<wpr uId="1067" tId="8" fbRx="112.0500008" lbRx="0" />
<pr uId="1068" fId="3" fbTx="112.1117698" meta-info="ns3::WifiMacHeader (DATA ToDS=0, FromDS=0, MoreFrag=0, Retry=0, MoreData=0 Duration/ID=0us, DA=ff:ff:ff:ff:ff:ff, SA=00:00:00:00:00:04, BSSID=00:00:00:00:00:04, FragNumber=0, SeqNumber=75) ns3::LlcSnapHeader (type 0x800) ns3::Ipv4Header (tos 0x0 DSCP Default ECN Not-ECT ttl 64 id 69 protocol 17 offset (bytes) 0 flags [none] length: 64 192.168.1.4 &gt; 192.168.1.255) ns3::UdpHeader (length: 44 698 &gt; 698) ns3::olsr::PacketHeader () ns3::olsr::MessageHeader () ns3::WifiMacTrailer ()" />
<wpr uId="1068" tId="8" fbRx="112.1117698" lbRx="0" />
<wpr uId="1068" tId="2" fbRx="112.1117707" lbRx="0" />
<wpr uId="1068" tId="4" fbRx="112.1117707" lbRx="0" />
<wpr uId="1068" tId="7" fbRx="112.1117707" lbRx="0" />
<wpr uId="1068" tId="9" fbRx="112.1117707" lbRx="0" />
<pr uId="1069" fId="2" fbTx="112.1284562" meta-info="ns3::WifiMacHeader (DATA ToDS=0, FromDS=0, MoreFrag=0, Retry=0, MoreData=0 Duration/ID=0us, DA=ff:ff:ff:ff:ff:ff, SA=00:00:00:00:00:03, BSSID=00:00:00:00:00:03, FragNumber=0, SeqNumber=86) ns3::LlcSnapHeader (type 0x800) ns3::Ipv4Header (tos 0x0 DSCP Default ECN Not-ECT ttl 64 id 77 protocol 17 offset (bytes) 0 flags [none] length: 64 192.168.1.3 &gt; 192.168.1.255) ns3::UdpHeader (length: 44 698 &gt; 698) ns3::olsr::PacketHeader () ns3::olsr::MessageHeader () ns3::WifiMacTrailer ()" />
<wpr uId="1069" tId="7" fbRx="112.1284562" lbRx="0" />
<wpr uId="1069" tId="1" fbRx="112.1284571" lbRx="0" />
<wpr uId="1069" tId="3" fbRx="112.1284571" lbRx="0" />
<wpr uId="1069" tId="6" fbRx="112.1284571" lbRx="0" />
<wpr uId="1069" tId="8" fbRx="112.1284571" lbRx="0" />
<pr uId="1070" fId="5" fbTx="112.15" meta-info="ns3::WifiMacHeader (DATA ToDS=0, FromDS=0, MoreFrag=0, Retry=0, MoreData=0 Duration/ID=0us, DA=ff:ff:ff:ff:ff:ff, SA=00:00:00:00:00:06, BSSID=00:00:00:00:00:06, FragNumber=0, SeqNumber=111) ns3::LlcSnapHeader (type 0x800) ns3::Ipv4Header (tos 0x0 DSCP Default ECN Not-ECT ttl 64 id 106 protocol 17 offset (bytes) 0 flags [none] length: 45 192.168.2.1 &gt; 192.168.2.255) ns3::UdpHeader (length: 25 269 &gt; 269) ns3::Epidemic::TypeHeader (BEACON) ns3::Epidemic::EpidemicHeader ( Packet ID: 1101480448 Hop count: 1000 TimeStamp: +0.0ns) ns3::WifiMacTrailer ()" />
<wpr uId="1070" tId="0" fbRx="112.15" lbRx="0" />
<pr uId="1071" fId="4" fbTx="112.1997234" meta-info="ns3::WifiMacHeader (DATA ToDS=0, FromDS=0, MoreFrag=0, Retry=0, MoreData=0 Duration/ID=0us, DA=ff:ff:ff:ff:ff:ff, SA=00:00:00:00:00:05, BSSID=00:00:00:00:00:05, FragNumber=0, SeqNumber=58) ns3::LlcSnapHeader (type 0x800) ns3::Ipv4Header (tos 0x0 DSCP Default ECN Not-ECT ttl 64 id 56 protocol 17 offset (bytes) 0 flags [none] length: 56 192.168.1.5 &gt; 192.168.1.255) ns3::UdpHeader (length: 36 698 &gt; 698) ns3::olsr::PacketHeader () ns3::olsr::MessageHeader () ns3::WifiMacTrailer ()" />
<wpr uId="1071" tId="9" fbRx="112.1997234" lbRx="0" />
<wpr uId="1071" tId="3" fbRx="112.1997242" lbRx="0" />
<wpr uId="1071" tId="8" fbRx="112.1997242" lbRx="0" />
<pr uId="1072" fId="0" fbTx="112.2973211" meta-info="ns3::WifiMacHeader (DATA ToDS=0, FromDS=0, MoreFrag=0, Retry=0, MoreData=0 Duration/ID=0us, DA=ff:ff:ff:ff:ff:ff, SA=00:00:00:00:00:01, BSSID=00:00:00:00:00:01, FragNumber=0, SeqNumber=60) ns3::LlcSnapHeader (type 0x800) ns3::Ipv4Header (tos 0x0 DSCP Default ECN Not-ECT ttl 64 id 56 protocol 17 offset (bytes) 0 flags [none] length: 48 192.168.1.1 &gt; 192.168.1.255) ns3::UdpHeader (length: 28 698 &gt; 698) ns3::olsr::PacketHeader () ns3::olsr::MessageHeader () ns3::WifiMacTrailer ()" />
<wpr uId="1072" tId="5" fbRx="112.2973211" lbRx="0" />
<pr uId="1073" fId="6" fbTx="112.312" meta-info="ns3::WifiMacHeader (DATA ToDS=0, FromDS=0, MoreFrag=0, Retry=0, MoreData=0 Duration/ID=0us, DA=ff:ff:ff:ff:ff:ff, SA=00:00:00:00:00:07, BSSID=00:00:00:00:00:07, FragNumber=0, SeqNumber=124) ns3::LlcSnapHeader (type 0x800) ns3::Ipv4Header (tos 0x0 DSCP Default ECN Not-ECT ttl 64 id 106 protocol 17 offset (bytes) 0 flags [none] length: 45 192.168.2.2 &gt; 192.168.2.255) ns3::UdpHeader (length: 25 269 &gt; 269) ns3::Epidemic::TypeHeader (BEACON) ns3::Epidemic::EpidemicHeader ( Packet ID: 1101480448 Hop count: 1000 TimeStamp: +0.0ns) ns3::WifiMacTrailer ()" />
<wpr uId="1073" tId="1" fbRx="112.312" lbRx="0" />
<wpr uId="1073" tId="2" fbRx="112.3120008" lbRx="0" />
<wpr uId="1073" tId="7" fbRx="112.3120008" lbRx="0" />
<pr uId="1074" fId="1" fbTx="112.4207004" meta-info="ns3::WifiMacHeader (DATA ToDS=0, FromDS=0, MoreFrag=0, Retry=0, MoreData=0 Duration/ID=0us, DA=ff:ff:ff:ff:ff:ff, SA=00:00:00:00:00:02, BSSID=00:00:00:00:00:02, FragNumber=0, SeqNumber=63) ns3::LlcSnapHeader (type 0x800) ns3::Ipv4Header (tos 0x0 DSCP Default ECN Not-ECT ttl 64 id 60 protocol 17 offset (bytes) 0 flags [none] length: 56 192.168.1.2 &gt; 192.168.1.255) ns3::UdpHeader (length: 36 698 &gt; 698) ns3::olsr::PacketHeader () ns3::olsr::MessageHeader () ns3::WifiMacTrailer ()" />
<wpr uId="1074" tId="6" fbRx="112.4207004" lbRx="0" />
<wpr uId="1074" tId="2" fbRx="112.4207012" lbRx="0" />
<wpr uId="1074" tId="7" fbRx="112.4207012" lbRx="0" />
<pr uId="1075" fId="8" fbTx="112.481" meta-info="ns3::WifiMacHeader (DATA ToDS=0, FromDS=0, MoreFrag=0, Retry=0, MoreData=0 Duration/ID=0us, DA=ff:ff:ff:ff:ff:ff, SA=00:00:00:00:00:09, BSSID=00:00:00:00:00:09, FragNumber=0, SeqNumber=130) ns3::LlcSnapHeader (type 0x800) ns3::Ipv4Header (tos 0x0 DSCP Default ECN Not-ECT ttl 64 id 106 protocol 17 offset (bytes) 0 flags [none] length: 45 192.168.2.4 &gt; 192.168.2.255) ns3::UdpHeader (length: 25 269 &gt; 269) ns3::Epidemic::TypeHeader (BEACON) ns3::Epidemic::EpidemicHeader ( Packet ID: 1101480448 Hop count: 1000 TimeStamp: +0.0ns) ns3::WifiMacTrailer ()" />
<wpr uId="1075" tId="3" fbRx="112.481" lbRx="0" />
<wpr uId="1075" tId="2" fbRx="112.4810008" lbRx="0" />
<wpr uId="1075" tId="4" fbRx="112.4810008" lbRx="0" />
<wpr uId="1075" tId="7" fbRx="112.4810008" lbRx="0" />
<wpr uId="1075" tId="9" fbRx="112.4810008" lbRx="0" />
<pr uId="1076" fId="9" fbTx="112.99" meta-info="ns3::WifiMacHeader (DATA ToDS=0, FromDS=0, MoreFrag=0, Retry=0, MoreData=0 Duration/ID=0us, DA=ff:ff:ff:ff:ff:ff, SA=00:00:00:00:00:0a, BSSID=00:00:00:00:00:0a, FragNumber=0, SeqNumber=117) ns3::LlcSnapHeader (type 0x800) ns3::Ipv4Header (tos 0x0 DSCP Default ECN Not-ECT ttl 64 id 107 protocol 17 offset (bytes) 0 flags [none] length: 45 192.168.2.5 &gt; 192.168.2.255) ns3::UdpHeader (length: 25 269 &gt; 269) ns3::Epidemic::TypeHeader (BEACON) ns3::Epidemic::EpidemicHeader ( Packet ID: 1101480448 Hop count: 1000 TimeStamp: +0.0ns) ns3::WifiMacTrailer ()" />
<wpr uId="1076" tId="4" fbRx="112.99" lbRx="0" />
<wpr uId="1076" tId="3" fbRx="112.9900008" lbRx="0" />
<wpr uId="1076" tId="8" fbRx="112.9900008" lbRx="0" />
<pr uId="1077" fId="7" fbTx="113.075" meta-info="ns3::WifiMacHeader (DATA ToDS=0, FromDS=0, MoreFrag=0, Retry=0, MoreData=0 Duration/ID=0us, DA=ff:ff:ff:ff:ff:ff, SA=00:00:00:00:00:08, BSSID=00:00:00:00:00:08, FragNumber=0, SeqNumber=137) ns3::LlcSnapHeader (type 0x800) ns3::Ipv4Header (tos 0x0 DSCP Default ECN Not-ECT ttl 64 id 107 protocol 17 offset (bytes) 0 flags [none] length: 45 192.168.2.3 &gt; 192.168.2.255) ns3::UdpHeader (length: 25 269 &gt; 269) ns3::Epidemic::TypeHeader (BEACON) ns3::Epidemic::EpidemicHeader ( Packet ID: 1101480448 Hop count: 1000 TimeStamp: +0.0ns) ns3::WifiMacTrailer ()" />
<wpr uId="1077" tId="2" fbRx="113.075" lbRx="0" />
<wpr uId="1077" tId="1" fbRx="113.0750008" lbRx="0" />
<wpr uId="1077" tId="3" fbRx="113.0750008" lbRx="0" />
<wpr uId="1077" tId="6" fbRx="113.0750008" lbRx="0" />
<wpr uId="1077" tId="8" fbRx="113.0750008" lbRx="0" />
<pr uId="1078" fId="5" fbTx="113.202" meta-info="ns3::WifiMacHeader (DATA ToDS=0, FromDS=0, MoreFrag=0, Retry=0, MoreData=0 Duration/ID=0us, DA=ff:ff:ff:ff:ff:ff, SA=00:00:00:00:00:06, BSSID=00:00:00:00:00:06, FragNumber=0, SeqNumber=112) ns3::LlcSnapHeader (type 0x800) ns3::Ipv4Header (tos 0x0 DSCP Default ECN Not-ECT ttl 64 id 107 protocol 17 offset (bytes) 0 flags [none] length: 45 192.168.2.1 &gt; 192.168.2.255) ns3::UdpHeader (length: 25 269 &gt; 269) ns3::Epidemic::TypeHeader (BEACON) ns3::Epidemic::EpidemicHeader ( Packet ID: 1101480448 Hop count: 1000 TimeStamp: +0.0ns) ns3::WifiMacTrailer ()" />
<wpr uId="1078" tId="0" fbRx="113.202" lbRx="0" />
<pr uId="1079" fId="6" fbTx="113.405" meta-info="ns3::WifiMacHeader (DATA ToDS=0, FromDS=0, MoreFrag=0, Retry=0, MoreData=0 Duration/ID=0us, DA=ff:ff:ff:ff:ff:ff, SA=00:00:00:00:00:07, BSSID=00:00:00:00:00:07, FragNumber=0, SeqNumber=125) ns3::LlcSnapHeader (type 0x800) ns3::Ipv4Header (tos 0x0 DSCP Default ECN Not-ECT ttl 64 id 107 protocol 17 offset (bytes) 0 flags [none] length: 45 192.168.2.2 &gt; 192.168.2.255) ns3::UdpHeader (length: 25 269 &gt; 269) ns3::Epidemic::TypeHeader (BEACON) ns3::Epidemic::EpidemicHeader ( Packet ID: 1101480448 Hop count: 1000 TimeStamp: +0.0ns) ns3::WifiMacTrailer ()" />
<wpr uId="1079" tId="1" fbRx="113.405" lbRx="0" />
<wpr uId="1079" tId="2" fbRx="113.4050008" lbRx="0" />
<wpr uId="1079" tId="7" fbRx="113.4050008" lbRx="0" />
<pr uId="1080" fId="8" fbTx="113.575" meta-info="ns3::WifiMacHeader (DATA ToDS=0, FromDS=0, MoreFrag=0, Retry=0, MoreData=0 Duration/ID=0us, DA=ff:ff:ff:ff:ff:ff, SA=00:00:00:00:00:09, BSSID=00:00:00:00:00:09, FragNumber=0, SeqNumber=131) ns3::LlcSnapHeader (type 0x800) ns3::Ipv4Header (tos 0x0 DSCP Default ECN Not-ECT ttl 64 id 107 protocol 17 offset (bytes) 0 flags [none] length: 45 192.168.2.4 &gt; 192.168.2.255) ns3::UdpHeader (length: 25 269 &gt; 269) ns3::Epidemic::TypeHeader (BEACON) ns3::Epidemic::EpidemicHeader ( Packet ID: 1101480448 Hop count: 1000 TimeStamp: +0.0ns) ns3::WifiMacTrailer ()" />
<wpr uId="1080" tId="3" fbRx="113.575" lbRx="0" />
<wpr uId="1080" tId="2" fbRx="113.5750008" lbRx="0" />
<wpr uId="1080" tId="4" fbRx="113.5750008" lbRx="0" />
<wpr uId="1080" tId="7" fbRx="113.5750008" lbRx="0" />
<wpr uId="1080" tId="9" fbRx="113.5750008" lbRx="0" />
<pr uId="1081" fId="9" fbTx="114.034" meta-info="ns3::WifiMacHeader (DATA ToDS=0, FromDS=0, MoreFrag=0, Retry=0, MoreData=0 Duration/ID=0us, DA=ff:ff:ff:ff:ff:ff, SA=00:00:00:00:00:0a, BSSID=00:00:00:00:00:0a, FragNumber=0, SeqNumber=118) ns3::LlcSnapHeader (type 0x800) ns3::Ipv4Header (tos 0x0 DSCP Default ECN Not-ECT ttl 64 id 108 protocol 17 offset (bytes) 0 flags [none] length: 45 192.168.2.5 &gt; 192.168.2.255) ns3::UdpHeader (length: 25 269 &gt; 269) ns3::Epidemic::TypeHeader (BEACON) ns3::Epidemic::EpidemicHeader ( Packet ID: 1101480448 Hop count: 1000 TimeStamp: +0.0ns) ns3::WifiMacTrailer ()" />
<wpr uId="1081" tId="4" fbRx="114.034" lbRx="0" />
<wpr uId="1081" tId="3" fbRx="114.0340008" lbRx="0" />
<wpr uId="1081" tId="8" fbRx="114.0340008" lbRx="0" />
<pr uId="1082" fId="7" fbTx="114.103" meta-info="ns3::WifiMacHeader (DATA ToDS=0, FromDS=0, MoreFrag=0, Retry=0, MoreData=0 Duration/ID=0us, DA=ff:ff:ff:ff:ff:ff, SA=00:00:00:00:00:08, BSSID=00:00:00:00:00:08, FragNumber=0, SeqNumber=138) ns3::LlcSnapHeader (type 0x800) ns3::Ipv4Header (tos 0x0 DSCP Default ECN Not-ECT ttl 64 id 108 protocol 17 offset (bytes) 0 flags [none] length: 45 192.168.2.3 &gt; 192.168.2.255) ns3::UdpHeader (length: 25 269 &gt; 269) ns3::Epidemic::TypeHeader (BEACON) ns3::Epidemic::EpidemicHeader ( Packet ID: 1101480448 Hop count: 1000 TimeStamp: +0.0ns) ns3::WifiMacTrailer ()" />
<wpr uId="1082" tId="2" fbRx="114.103" lbRx="0" />
<wpr uId="1082" tId="1" fbRx="114.1030008" lbRx="0" />
<wpr uId="1082" tId="3" fbRx="114.1030008" lbRx="0" />
<wpr uId="1082" tId="6" fbRx="114.1030008" lbRx="0" />
<wpr uId="1082" tId="8" fbRx="114.1030008" lbRx="0" />
<pr uId="1083" fId="5" fbTx="114.226" meta-info="ns3::WifiMacHeader (DATA ToDS=0, FromDS=0, MoreFrag=0, Retry=0, MoreData=0 Duration/ID=0us, DA=ff:ff:ff:ff:ff:ff, SA=00:00:00:00:00:06, BSSID=00:00:00:00:00:06, FragNumber=0, SeqNumber=113) ns3::LlcSnapHeader (type 0x800) ns3::Ipv4Header (tos 0x0 DSCP Default ECN Not-ECT ttl 64 id 108 protocol 17 offset (bytes) 0 flags [none] length: 45 192.168.2.1 &gt; 192.168.2.255) ns3::UdpHeader (length: 25 269 &gt; 269) ns3::Epidemic::TypeHeader (BEACON) ns3::Epidemic::EpidemicHeader ( Packet ID: 1101480448 Hop count: 1000 TimeStamp: +0.0ns) ns3::WifiMacTrailer ()" />
<wpr uId="1083" tId="0" fbRx="114.226" lbRx="0" />
<pr uId="1084" fId="1" fbTx="114.2428605" meta-info="ns3::WifiMacHeader (DATA ToDS=0, FromDS=0, MoreFrag=0, Retry=0, MoreData=0 Duration/ID=0us, DA=ff:ff:ff:ff:ff:ff, SA=00:00:00:00:00:02, BSSID=00:00:00:00:00:02, FragNumber=0, SeqNumber=64) ns3::LlcSnapHeader (type 0x800) ns3::Ipv4Header (tos 0x0 DSCP Default ECN Not-ECT ttl 64 id 61 protocol 17 offset (bytes) 0 flags [none] length: 56 192.168.1.2 &gt; 192.168.1.255) ns3::UdpHeader (length: 36 698 &gt; 698) ns3::olsr::PacketHeader () ns3::olsr::MessageHeader () ns3::WifiMacTrailer ()" />
<wpr uId="1084" tId="6" fbRx="114.2428605" lbRx="0" />
<wpr uId="1084" tId="2" fbRx="114.2428613" lbRx="0" />
<wpr uId="1084" tId="7" fbRx="114.2428613" lbRx="0" />
<pr uId="1085" fId="2" fbTx="114.258313" meta-info="ns3::WifiMacHeader (DATA ToDS=0, FromDS=0, MoreFrag=0, Retry=0, MoreData=0 Duration/ID=0us, DA=ff:ff:ff:ff:ff:ff, SA=00:00:00:00:00:03, BSSID=00:00:00:00:00:03, FragNumber=0, SeqNumber=87) ns3::LlcSnapHeader (type 0x800) ns3::Ipv4Header (tos 0x0 DSCP Default ECN Not-ECT ttl 64 id 78 protocol 17 offset (bytes) 0 flags [none] length: 64 192.168.1.3 &gt; 192.168.1.255) ns3::UdpHeader (length: 44 698 &gt; 698) ns3::olsr::PacketHeader () ns3::olsr::MessageHeader () ns3::WifiMacTrailer ()" />
<wpr uId="1085" tId="7" fbRx="114.258313" lbRx="0" />
<wpr uId="1085" tId="1" fbRx="114.2583139" lbRx="0" />
<wpr uId="1085" tId="3" fbRx="114.2583139" lbRx="0" />
<wpr uId="1085" tId="6" fbRx="114.2583139" lbRx="0" />
<wpr uId="1085" tId="8" fbRx="114.2583139" lbRx="0" />
<pr uId="1086" fId="4" fbTx="114.401923" meta-info="ns3::WifiMacHeader (DATA ToDS=0, FromDS=0, MoreFrag=0, Retry=0, MoreData=0 Duration/ID=0us, DA=ff:ff:ff:ff:ff:ff, SA=00:00:00:00:00:05, BSSID=00:00:00:00:00:05, FragNumber=0, SeqNumber=59) ns3::LlcSnapHeader (type 0x800) ns3::Ipv4Header (tos 0x0 DSCP Default ECN Not-ECT ttl 64 id 57 protocol 17 offset (bytes) 0 flags [none] length: 56 192.168.1.5 &gt; 192.168.1.255) ns3::UdpHeader (length: 36 698 &gt; 698) ns3::olsr::PacketHeader () ns3::olsr::MessageHeader () ns3::WifiMacTrailer ()" />
<wpr uId="1086" tId="9" fbRx="114.401923" lbRx="0" />
<wpr uId="1086" tId="3" fbRx="114.4019239" lbRx="0" />
<wpr uId="1086" tId="8" fbRx="114.4019239" lbRx="0" />
<pr uId="1087" fId="6" fbTx="114.439" meta-info="ns3::WifiMacHeader (DATA ToDS=0, FromDS=0, MoreFrag=0, Retry=0, MoreData=0 Duration/ID=0us, DA=ff:ff:ff:ff:ff:ff, SA=00:00:00:00:00:07, BSSID=00:00:00:00:00:07, FragNumber=0, SeqNumber=126) ns3::LlcSnapHeader (type 0x800) ns3::Ipv4Header (tos 0x0 DSCP Default ECN Not-ECT ttl 64 id 108 protocol 17 offset (bytes) 0 flags [none] length: 45 192.168.2.2 &gt; 192.168.2.255) ns3::UdpHeader (length: 25 269 &gt; 269) ns3::Epidemic::TypeHeader (BEACON) ns3::Epidemic::EpidemicHeader ( Packet ID: 1101480448 Hop count: 1000 TimeStamp: +0.0ns) ns3::WifiMacTrailer ()" />
<wpr uId="1087" tId="1" fbRx="114.439" lbRx="0" />
<wpr uId="1087" tId="2" fbRx="114.4390008" lbRx="0" />
<wpr uId="1087" tId="7" fbRx="114.4390008" lbRx="0" />
<pr uId="1088" fId="0" fbTx="114.4488996" meta-info="ns3::WifiMacHeader (DATA ToDS=0, FromDS=0, MoreFrag=0, Retry=0, MoreData=0 Duration/ID=0us, DA=ff:ff:ff:ff:ff:ff, SA=00:00:00:00:00:01, BSSID=00:00:00:00:00:01, FragNumber=0, SeqNumber=61) ns3::LlcSnapHeader (type 0x800) ns3::Ipv4Header (tos 0x0 DSCP Default ECN Not-ECT ttl 64 id 57 protocol 17 offset (bytes) 0 flags [none] length: 48 192.168.1.1 &gt; 192.168.1.255) ns3::UdpHeader (length: 28 698 &gt; 698) ns3::olsr::PacketHeader () ns3::olsr::MessageHeader () ns3::WifiMacTrailer ()" />
<wpr uId="1088" tId="5" fbRx="114.4488996" lbRx="0" />
<pr uId="1089" fId="3" fbTx="114.4956857" meta-info="ns3::WifiMacHeader (DATA ToDS=0, FromDS=0, MoreFrag=0, Retry=0, MoreData=0 Duration/ID=0us, DA=ff:ff:ff:ff:ff:ff, SA=00:00:00:00:00:04, BSSID=00:00:00:00:00:04, FragNumber=0, SeqNumber=76) ns3::LlcSnapHeader (type 0x800) ns3::Ipv4Header (tos 0x0 DSCP Default ECN Not-ECT ttl 64 id 70 protocol 17 offset (bytes) 0 flags [none] length: 64 192.168.1.4 &gt; 192.168.1.255) ns3::UdpHeader (length: 44 698 &gt; 698) ns3::olsr::PacketHeader () ns3::olsr::MessageHeader () ns3::WifiMacTrailer ()" />
<wpr uId="1089" tId="8" fbRx="114.4956857" lbRx="0" />
<wpr uId="1089" tId="2" fbRx="114.4956866" lbRx="0" />
<wpr uId="1089" tId="4" fbRx="114.4956866" lbRx="0" />
<wpr uId="1089" tId="7" fbRx="114.4956866" lbRx="0" />
<wpr uId="1089" tId="9" fbRx="114.4956866" lbRx="0" />
<pr uId="1090" fId="8" fbTx="114.591" meta-info="ns3::WifiMacHeader (DATA ToDS=0, FromDS=0, MoreFrag=0, Retry=0, MoreData=0 Duration/ID=0us, DA=ff:ff:ff:ff:ff:ff, SA=00:00:00:00:00:09, BSSID=00:00:00:00:00:09, FragNumber=0, SeqNumber=132) ns3::LlcSnapHeader (type 0x800) ns3::Ipv4Header (tos 0x0 DSCP Default ECN Not-ECT ttl 64 id 108 protocol 17 offset (bytes) 0 flags [none] length: 45 192.168.2.4 &gt; 192.168.2.255) ns3::UdpHeader (length: 25 269 &gt; 269) ns3::Epidemic::TypeHeader (BEACON) ns3::Epidemic::EpidemicHeader ( Packet ID: 1101480448 Hop count: 1000 TimeStamp: +0.0ns) ns3::WifiMacTrailer ()" />
<wpr uId="1090" tId="3" fbRx="114.591" lbRx="0" />
<wpr uId="1090" tId="2" fbRx="114.5910008" lbRx="0" />
<wpr uId="1090" tId="4" fbRx="114.5910008" lbRx="0" />
<wpr uId="1090" tId="7" fbRx="114.5910008" lbRx="0" />
<wpr uId="1090" tId="9" fbRx="114.5910008" lbRx="0" />
<pr uId="1091" fId="9" fbTx="115.12" meta-info="ns3::WifiMacHeader (DATA ToDS=0, FromDS=0, MoreFrag=0, Retry=0, MoreData=0 Duration/ID=0us, DA=ff:ff:ff:ff:ff:ff, SA=00:00:00:00:00:0a, BSSID=00:00:00:00:00:0a, FragNumber=0, SeqNumber=119) ns3::LlcSnapHeader (type 0x800) ns3::Ipv4Header (tos 0x0 DSCP Default ECN Not-ECT ttl 64 id 109 protocol 17 offset (bytes) 0 flags [none] length: 45 192.168.2.5 &gt; 192.168.2.255) ns3::UdpHeader (length: 25 269 &gt; 269) ns3::Epidemic::TypeHeader (BEACON) ns3::Epidemic::EpidemicHeader ( Packet ID: 1101480448 Hop count: 1000 TimeStamp: +0.0ns) ns3::WifiMacTrailer ()" />
<wpr uId="1091" tId="4" fbRx="115.12" lbRx="0" />
<wpr uId="1091" tId="3" fbRx="115.1200008" lbRx="0" />
<wpr uId="1091" tId="8" fbRx="115.1200008" lbRx="0" />
<pr uId="1092" fId="7" fbTx="115.178" meta-info="ns3::WifiMacHeader (DATA ToDS=0, FromDS=0, MoreFrag=0, Retry=0, MoreData=0 Duration/ID=0us, DA=ff:ff:ff:ff:ff:ff, SA=00:00:00:00:00:08, BSSID=00:00:00:00:00:08, FragNumber=0, SeqNumber=139) ns3::LlcSnapHeader (type 0x800) ns3::Ipv4Header (tos 0x0 DSCP Default ECN Not-ECT ttl 64 id 109 protocol 17 offset (bytes) 0 flags [none] length: 45 192.168.2.3 &gt; 192.168.2.255) ns3::UdpHeader (length: 25 269 &gt; 269) ns3::Epidemic::TypeHeader (BEACON) ns3::Epidemic::EpidemicHeader ( Packet ID: 1101480448 Hop count: 1000 TimeStamp: +0.0ns) ns3::WifiMacTrailer ()" />
<wpr uId="1092" tId="2" fbRx="115.178" lbRx="0" />
<wpr uId="1092" tId="1" fbRx="115.1780008" lbRx="0" />
<wpr uId="1092" tId="3" fbRx="115.1780008" lbRx="0" />
<wpr uId="1092" tId="6" fbRx="115.1780008" lbRx="0" />
<wpr uId="1092" tId="8" fbRx="115.1780008" lbRx="0" />
<pr uId="1093" fId="5" fbTx="115.282" meta-info="ns3::WifiMacHeader (DATA ToDS=0, FromDS=0, MoreFrag=0, Retry=0, MoreData=0 Duration/ID=0us, DA=ff:ff:ff:ff:ff:ff, SA=00:00:00:00:00:06, BSSID=00:00:00:00:00:06, FragNumber=0, SeqNumber=114) ns3::LlcSnapHeader (type 0x800) ns3::Ipv4Header (tos 0x0 DSCP Default ECN Not-ECT ttl 64 id 109 protocol 17 offset (bytes) 0 flags [none] length: 45 192.168.2.1 &gt; 192.168.2.255) ns3::UdpHeader (length: 25 269 &gt; 269) ns3::Epidemic::TypeHeader (BEACON) ns3::Epidemic::EpidemicHeader ( Packet ID: 1101480448 Hop count: 1000 TimeStamp: +0.0ns) ns3::WifiMacTrailer ()" />
<wpr uId="1093" tId="0" fbRx="115.282" lbRx="0" />
<pr uId="1094" fId="2" fbTx="115.3235522" meta-info="ns3::WifiMacHeader (DATA ToDS=0, FromDS=0, MoreFrag=0, Retry=0, MoreData=0 Duration/ID=0us, DA=ff:ff:ff:ff:ff:ff, SA=00:00:00:00:00:03, BSSID=00:00:00:00:00:03, FragNumber=0, SeqNumber=88) ns3::LlcSnapHeader (type 0x800) ns3::Ipv4Header (tos 0x0 DSCP Default ECN Not-ECT ttl 64 id 79 protocol 17 offset (bytes) 0 flags [none] length: 56 192.168.1.3 &gt; 192.168.1.255) ns3::UdpHeader (length: 36 698 &gt; 698) ns3::olsr::PacketHeader () ns3::olsr::MessageHeader () ns3::WifiMacTrailer ()" />
<wpr uId="1094" tId="7" fbRx="115.3235522" lbRx="0" />
<wpr uId="1094" tId="1" fbRx="115.323553" lbRx="0" />
<wpr uId="1094" tId="3" fbRx="115.323553" lbRx="0" />
<wpr uId="1094" tId="6" fbRx="115.323553" lbRx="0" />
<wpr uId="1094" tId="8" fbRx="115.323553" lbRx="0" />
<pr uId="1095" fId="3" fbTx="115.4143621" meta-info="ns3::WifiMacHeader (DATA ToDS=0, FromDS=0, MoreFrag=0, Retry=0, MoreData=0 Duration/ID=0us, DA=ff:ff:ff:ff:ff:ff, SA=00:00:00:00:00:04, BSSID=00:00:00:00:00:04, FragNumber=0, SeqNumber=77) ns3::LlcSnapHeader (type 0x800) ns3::Ipv4Header (tos 0x0 DSCP Default ECN Not-ECT ttl 64 id 71 protocol 17 offset (bytes) 0 flags [none] length: 80 192.168.1.4 &gt; 192.168.1.255) ns3::UdpHeader (length: 60 698 &gt; 698) ns3::olsr::PacketHeader () ns3::olsr::MessageHeader () ns3::olsr::MessageHeader () ns3::WifiMacTrailer ()" />
<wpr uId="1095" tId="8" fbRx="115.4143621" lbRx="0" />
<wpr uId="1095" tId="2" fbRx="115.4143629" lbRx="0" />
<wpr uId="1095" tId="4" fbRx="115.4143629" lbRx="0" />
<wpr uId="1095" tId="7" fbRx="115.4143629" lbRx="0" />
<wpr uId="1095" tId="9" fbRx="115.4143629" lbRx="0" />
<pr uId="1096" fId="6" fbTx="115.504" meta-info="ns3::WifiMacHeader (DATA ToDS=0, FromDS=0, MoreFrag=0, Retry=0, MoreData=0 Duration/ID=0us, DA=ff:ff:ff:ff:ff:ff, SA=00:00:00:00:00:07, BSSID=00:00:00:00:00:07, FragNumber=0, SeqNumber=127) ns3::LlcSnapHeader (type 0x800) ns3::Ipv4Header (tos 0x0 DSCP Default ECN Not-ECT ttl 64 id 109 protocol 17 offset (bytes) 0 flags [none] length: 45 192.168.2.2 &gt; 192.168.2.255) ns3::UdpHeader (length: 25 269 &gt; 269) ns3::Epidemic::TypeHeader (BEACON) ns3::Epidemic::EpidemicHeader ( Packet ID: 1101480448 Hop count: 1000 TimeStamp: +0.0ns) ns3::WifiMacTrailer ()" />
<wpr uId="1096" tId="1" fbRx="115.504" lbRx="0" />
<wpr uId="1096" tId="2" fbRx="115.5040008" lbRx="0" />
<wpr uId="1096" tId="7" fbRx="115.5040008" lbRx="0" />
<pr uId="1097" fId="8" fbTx="115.591" meta-info="ns3::WifiMacHeader (DATA ToDS=0, FromDS=0, MoreFrag=0, Retry=0, MoreData=0 Duration/ID=0us, DA=ff:ff:ff:ff:ff:ff, SA=00:00:00:00:00:09, BSSID=00:00:00:00:00:09, FragNumber=0, SeqNumber=133) ns3::LlcSnapHeader (type 0x800) ns3::Ipv4Header (tos 0x0 DSCP Default ECN Not-ECT ttl 64 id 109 protocol 17 offset (bytes) 0 flags [none] length: 45 192.168.2.4 &gt; 192.168.2.255) ns3::UdpHeader (length: 25 269 &gt; 269) ns3::Epidemic::TypeHeader (BEACON) ns3::Epidemic::EpidemicHeader ( Packet ID: 1101480448 Hop count: 1000 TimeStamp: +0.0ns) ns3::WifiMacTrailer ()" />
<wpr uId="1097" tId="3" fbRx="115.591" lbRx="0" />
<wpr uId="1097" tId="2" fbRx="115.5910008" lbRx="0" />
<wpr uId="1097" tId="4" fbRx="115.5910008" lbRx="0" />
<wpr uId="1097" tId="7" fbRx="115.5910008" lbRx="0" />
<wpr uId="1097" tId="9" fbRx="115.5910008" lbRx="0" />
<pr uId="1098" fId="2" fbTx="115.7184591" meta-info="ns3::WifiMacHeader (DATA ToDS=0, FromDS=0, MoreFrag=0, Retry=0, MoreData=0 Duration/ID=0us, DA=ff:ff:ff:ff:ff:ff, SA=00:00:00:00:00:03, BSSID=00:00:00:00:00:03, FragNumber=0, SeqNumber=89) ns3::LlcSnapHeader (type 0x800) ns3::Ipv4Header (tos 0x0 DSCP Default ECN Not-ECT ttl 64 id 80 protocol 17 offset (bytes) 0 flags [none] length: 56 192.168.1.3 &gt; 192.168.1.255) ns3::UdpHeader (length: 36 698 &gt; 698) ns3::olsr::PacketHeader () ns3::olsr::MessageHeader () ns3::WifiMacTrailer ()" />
<wpr uId="1098" tId="7" fbRx="115.7184591" lbRx="0" />
<wpr uId="1098" tId="1" fbRx="115.7184599" lbRx="0" />
<wpr uId="1098" tId="3" fbRx="115.7184599" lbRx="0" />
<wpr uId="1098" tId="6" fbRx="115.7184599" lbRx="0" />
<wpr uId="1098" tId="8" fbRx="115.7184599" lbRx="0" />
<pr uId="1099" fId="3" fbTx="116.0530708" meta-info="ns3::WifiMacHeader (DATA ToDS=0, FromDS=0, MoreFrag=0, Retry=0, MoreData=0 Duration/ID=0us, DA=ff:ff:ff:ff:ff:ff, SA=00:00:00:00:00:04, BSSID=00:00:00:00:00:04, FragNumber=0, SeqNumber=78) ns3::LlcSnapHeader (type 0x800) ns3::Ipv4Header (tos 0x0 DSCP Default ECN Not-ECT ttl 64 id 72 protocol 17 offset (bytes) 0 flags [none] length: 64 192.168.1.4 &gt; 192.168.1.255) ns3::UdpHeader (length: 44 698 &gt; 698) ns3::olsr::PacketHeader () ns3::olsr::MessageHeader () ns3::WifiMacTrailer ()" />
<wpr uId="1099" tId="8" fbRx="116.0530708" lbRx="0" />
<wpr uId="1099" tId="2" fbRx="116.0530717" lbRx="0" />
<wpr uId="1099" tId="4" fbRx="116.0530717" lbRx="0" />
<wpr uId="1099" tId="7" fbRx="116.0530717" lbRx="0" />
<wpr uId="1099" tId="9" fbRx="116.0530717" lbRx="0" />
<pr uId="1100" fId="1" fbTx="116.0900831" meta-info="ns3::WifiMacHeader (DATA ToDS=0, FromDS=0, MoreFrag=0, Retry=0, MoreData=0 Duration/ID=0us, DA=ff:ff:ff:ff:ff:ff, SA=00:00:00:00:00:02, BSSID=00:00:00:00:00:02, FragNumber=0, SeqNumber=65) ns3::LlcSnapHeader (type 0x800) ns3::Ipv4Header (tos 0x0 DSCP Default ECN Not-ECT ttl 64 id 62 protocol 17 offset (bytes) 0 flags [none] length: 56 192.168.1.2 &gt; 192.168.1.255) ns3::UdpHeader (length: 36 698 &gt; 698) ns3::olsr::PacketHeader () ns3::olsr::MessageHeader () ns3::WifiMacTrailer ()" />
<wpr uId="1100" tId="6" fbRx="116.0900831" lbRx="0" />
<wpr uId="1100" tId="2" fbRx="116.0900839" lbRx="0" />
<wpr uId="1100" tId="7" fbRx="116.0900839" lbRx="0" />
<pr uId="1101" fId="9" fbTx="116.194" meta-info="ns3::WifiMacHeader (DATA ToDS=0, FromDS=0, MoreFrag=0, Retry=0, MoreData=0 Duration/ID=0us, DA=ff:ff:ff:ff:ff:ff, SA=00:00:00:00:00:0a, BSSID=00:00:00:00:00:0a, FragNumber=0, SeqNumber=120) ns3::LlcSnapHeader (type 0x800) ns3::Ipv4Header (tos 0x0 DSCP Default ECN Not-ECT ttl 64 id 110 protocol 17 offset (bytes) 0 flags [none] length: 45 192.168.2.5 &gt; 192.168.2.255) ns3::UdpHeader (length: 25 269 &gt; 269) ns3::Epidemic::TypeHeader (BEACON) ns3::Epidemic::EpidemicHeader ( Packet ID: 1101480448 Hop count: 1000 TimeStamp: +0.0ns) ns3::WifiMacTrailer ()" />
<wpr uId="1101" tId="4" fbRx="116.194" lbRx="0" />
<wpr uId="1101" tId="3" fbRx="116.1940008" lbRx="0" />
<wpr uId="1101" tId="8" fbRx="116.1940008" lbRx="0" />
<pr uId="1102" fId="7" fbTx="116.197" meta-info="ns3::WifiMacHeader (DATA ToDS=0, FromDS=0, MoreFrag=0, Retry=0, MoreData=0 Duration/ID=0us, DA=ff:ff:ff:ff:ff:ff, SA=00:00:00:00:00:08, BSSID=00:00:00:00:00:08, FragNumber=0, SeqNumber=140) ns3::LlcSnapHeader (type 0x800) ns3::Ipv4Header (tos 0x0 DSCP Default ECN Not-ECT ttl 64 id 110 protocol 17 offset (bytes) 0 flags [none] length: 45 192.168.2.3 &gt; 192.168.2.255) ns3::UdpHeader (length: 25 269 &gt; 269) ns3::Epidemic::TypeHeader (BEACON) ns3::Epidemic::EpidemicHeader ( Packet ID: 1101480448 Hop count: 1000 TimeStamp: +0.0ns) ns3::WifiMacTrailer ()" />
<wpr uId="1102" tId="2" fbRx="116.197" lbRx="0" />
<wpr uId="1102" tId="1" fbRx="116.1970008" lbRx="0" />
<wpr uId="1102" tId="3" fbRx="116.1970008" lbRx="0" />
<wpr uId="1102" tId="6" fbRx="116.1970008" lbRx="0" />
<wpr uId="1102" tId="8" fbRx="116.1970008" lbRx="0" />
<pr uId="1103" fId="6" fbTx="116.1972748" meta-info="ns3::WifiMacHeader (DATA ToDS=0, FromDS=0, MoreFrag=0, Retry=0, MoreData=0 Duration/ID=60us, DA=00:00:00:00:00:08, SA=00:00:00:00:00:07, BSSID=00:00:00:00:00:07, FragNumber=0, SeqNumber=128) ns3::LlcSnapHeader (type 0x800) ns3::Ipv4Header (tos 0x0 DSCP Default ECN Not-ECT ttl 64 id 11 protocol 17 offset (bytes) 0 flags [none] length: 41 192.168.2.2 &gt; 192.168.2.3) ns3::UdpHeader (length: 21 269 &gt; 269) ns3::Epidemic::TypeHeader (REPLY) ns3::Epidemic::SummaryVectorHeader ( Summary_vector header with size: 2
Global IDs:
NodeID:PacketID
0.0.2.1:28
0.0.2.186:698
) ns3::WifiMacTrailer ()" />
<wpr uId="1103" tId="1" fbRx="116.1972748" lbRx="0" />
<wpr uId="1103" tId="2" fbRx="116.1972757" lbRx="0" />
<wpr uId="1103" tId="7" fbRx="116.1972757" lbRx="0" />
<pr uId="1104" fId="7" fbTx="116.1973837" meta-info="ns3::WifiMacHeader (CTL_ACK Duration/ID=0us, RA=00:00:00:00:00:07) ns3::WifiMacTrailer ()" />
<wpr uId="1104" tId="2" fbRx="116.1973837" lbRx="0" />
<wpr uId="1104" tId="1" fbRx="116.1973845" lbRx="0" />
<wpr uId="1104" tId="3" fbRx="116.1973845" lbRx="0" />
<wpr uId="1104" tId="6" fbRx="116.1973845" lbRx="0" />
<wpr uId="1104" tId="8" fbRx="116.1973845" lbRx="0" />
<pr uId="1105" fId="7" fbTx="116.1974797" meta-info="ns3::WifiMacHeader (DATA ToDS=0, FromDS=0, MoreFrag=0, Retry=0, MoreData=0 Duration/ID=60us, DA=00:00:00:00:00:07, SA=00:00:00:00:00:08, BSSID=00:00:00:00:00:08, FragNumber=0, SeqNumber=141) ns3::LlcSnapHeader (type 0x800) ns3::Ipv4Header (tos 0x0 DSCP Default ECN Not-ECT ttl 64 id 11 protocol 17 offset (bytes) 0 flags [none] length: 41 192.168.2.3 &gt; 192.168.2.2) ns3::UdpHeader (length: 21 269 &gt; 269) ns3::Epidemic::TypeHeader (REPLY_BACK) ns3::Epidemic::SummaryVectorHeader ( Summary_vector header with size: 2
Global IDs:
NodeID:PacketID
0.0.2.1:28
0.0.2.186:698
) ns3::WifiMacTrailer ()" />
<wpr uId="1105" tId="2" fbRx="116.1974797" lbRx="0" />
<wpr uId="1105" tId="1" fbRx="116.1974805" lbRx="0" />
<wpr uId="1105" tId="3" fbRx="116.1974805" lbRx="0" />
<wpr uId="1105" tId="6" fbRx="116.1974805" lbRx="0" />
<wpr uId="1105" tId="8" fbRx="116.1974805" lbRx="0" />
<pr uId="1106" fId="6" fbTx="116.1975885" meta-info="ns3::WifiMacHeader (CTL_ACK Duration/ID=0us, RA=00:00:00:00:00:08) ns3::WifiMacTrailer ()" />
<wpr uId="1106" tId="1" fbRx="116.1975885" lbRx="0" />
<wpr uId="1106" tId="2" fbRx="116.1975893" lbRx="0" />
<wpr uId="1106" tId="7" fbRx="116.1975893" lbRx="0" />
<pr uId="1107" fId="4" fbTx="116.241094" meta-info="ns3::WifiMacHeader (DATA ToDS=0, FromDS=0, MoreFrag=0, Retry=0, MoreData=0 Duration/ID=0us, DA=ff:ff:ff:ff:ff:ff, SA=00:00:00:00:00:05, BSSID=00:00:00:00:00:05, FragNumber=0, SeqNumber=60) ns3::LlcSnapHeader (type 0x800) ns3::Ipv4Header (tos 0x0 DSCP Default ECN Not-ECT ttl 64 id 58 protocol 17 offset (bytes) 0 flags [none] length: 56 192.168.1.5 &gt; 192.168.1.255) ns3::UdpHeader (length: 36 698 &gt; 698) ns3::olsr::PacketHeader () ns3::olsr::MessageHeader () ns3::WifiMacTrailer ()" />
<wpr uId="1107" tId="9" fbRx="116.241094" lbRx="0" />
<wpr uId="1107" tId="3" fbRx="116.2410948" lbRx="0" />
<wpr uId="1107" tId="8" fbRx="116.2410948" lbRx="0" />
<pr uId="1108" fId="5" fbTx="116.289" meta-info="ns3::WifiMacHeader (DATA ToDS=0, FromDS=0, MoreFrag=0, Retry=0, MoreData=0 Duration/ID=0us, DA=ff:ff:ff:ff:ff:ff, SA=00:00:00:00:00:06, BSSID=00:00:00:00:00:06, FragNumber=0, SeqNumber=115) ns3::LlcSnapHeader (type 0x800) ns3::Ipv4Header (tos 0x0 DSCP Default ECN Not-ECT ttl 64 id 110 protocol 17 offset (bytes) 0 flags [none] length: 45 192.168.2.1 &gt; 192.168.2.255) ns3::UdpHeader (length: 25 269 &gt; 269) ns3::Epidemic::TypeHeader (BEACON) ns3::Epidemic::EpidemicHeader ( Packet ID: 1101480448 Hop count: 1000 TimeStamp: +0.0ns) ns3::WifiMacTrailer ()" />
<wpr uId="1108" tId="0" fbRx="116.289" lbRx="0" />
<pr uId="1109" fId="2" fbTx="116.3322775" meta-info="ns3::WifiMacHeader (DATA ToDS=0, FromDS=0, MoreFrag=0, Retry=0, MoreData=0 Duration/ID=0us, DA=ff:ff:ff:ff:ff:ff, SA=00:00:00:00:00:03, BSSID=00:00:00:00:00:03, FragNumber=0, SeqNumber=90) ns3::LlcSnapHeader (type 0x800) ns3::Ipv4Header (tos 0x0 DSCP Default ECN Not-ECT ttl 64 id 81 protocol 17 offset (bytes) 0 flags [none] length: 64 192.168.1.3 &gt; 192.168.1.255) ns3::UdpHeader (length: 44 698 &gt; 698) ns3::olsr::PacketHeader () ns3::olsr::MessageHeader () ns3::WifiMacTrailer ()" />
<wpr uId="1109" tId="7" fbRx="116.3322775" lbRx="0" />
<wpr uId="1109" tId="1" fbRx="116.3322784" lbRx="0" />
<wpr uId="1109" tId="3" fbRx="116.3322784" lbRx="0" />
<wpr uId="1109" tId="6" fbRx="116.3322784" lbRx="0" />
<wpr uId="1109" tId="8" fbRx="116.3322784" lbRx="0" />
<pr uId="1110" fId="0" fbTx="116.4910658" meta-info="ns3::WifiMacHeader (DATA ToDS=0, FromDS=0, MoreFrag=0, Retry=0, MoreData=0 Duration/ID=0us, DA=ff:ff:ff:ff:ff:ff, SA=00:00:00:00:00:01, BSSID=00:00:00:00:00:01, FragNumber=0, SeqNumber=62) ns3::LlcSnapHeader (type 0x800) ns3::Ipv4Header (tos 0x0 DSCP Default ECN Not-ECT ttl 64 id 58 protocol 17 offset (bytes) 0 flags [none] length: 48 192.168.1.1 &gt; 192.168.1.255) ns3::UdpHeader (length: 28 698 &gt; 698) ns3::olsr::PacketHeader () ns3::olsr::MessageHeader () ns3::WifiMacTrailer ()" />
<wpr uId="1110" tId="5" fbRx="116.4910658" lbRx="0" />
<pr uId="1111" fId="6" fbTx="116.547" meta-info="ns3::WifiMacHeader (DATA ToDS=0, FromDS=0, MoreFrag=0, Retry=0, MoreData=0 Duration/ID=0us, DA=ff:ff:ff:ff:ff:ff, SA=00:00:00:00:00:07, BSSID=00:00:00:00:00:07, FragNumber=0, SeqNumber=129) ns3::LlcSnapHeader (type 0x800) ns3::Ipv4Header (tos 0x0 DSCP Default ECN Not-ECT ttl 64 id 110 protocol 17 offset (bytes) 0 flags [none] length: 45 192.168.2.2 &gt; 192.168.2.255) ns3::UdpHeader (length: 25 269 &gt; 269) ns3::Epidemic::TypeHeader (BEACON) ns3::Epidemic::EpidemicHeader ( Packet ID: 1101480448 Hop count: 1000 TimeStamp: +0.0ns) ns3::WifiMacTrailer ()" />
<wpr uId="1111" tId="1" fbRx="116.547" lbRx="0" />
<wpr uId="1111" tId="2" fbRx="116.5470008" lbRx="0" />
<wpr uId="1111" tId="7" fbRx="116.5470008" lbRx="0" />
<pr uId="1112" fId="8" fbTx="116.639" meta-info="ns3::WifiMacHeader (DATA ToDS=0, FromDS=0, MoreFrag=0, Retry=0, MoreData=0 Duration/ID=0us, DA=ff:ff:ff:ff:ff:ff, SA=00:00:00:00:00:09, BSSID=00:00:00:00:00:09, FragNumber=0, SeqNumber=134) ns3::LlcSnapHeader (type 0x800) ns3::Ipv4Header (tos 0x0 DSCP Default ECN Not-ECT ttl 64 id 110 protocol 17 offset (bytes) 0 flags [none] length: 45 192.168.2.4 &gt; 192.168.2.255) ns3::UdpHeader (length: 25 269 &gt; 269) ns3::Epidemic::TypeHeader (BEACON) ns3::Epidemic::EpidemicHeader ( Packet ID: 1101480448 Hop count: 1000 TimeStamp: +0.0ns) ns3::WifiMacTrailer ()" />
<wpr uId="1112" tId="3" fbRx="116.639" lbRx="0" />
<wpr uId="1112" tId="2" fbRx="116.6390008" lbRx="0" />
<wpr uId="1112" tId="4" fbRx="116.6390008" lbRx="0" />
<wpr uId="1112" tId="7" fbRx="116.6390008" lbRx="0" />
<wpr uId="1112" tId="9" fbRx="116.6390008" lbRx="0" />
<pr uId="1113" fId="7" fbTx="116.6392838" meta-info="ns3::WifiMacHeader (DATA ToDS=0, FromDS=0, MoreFrag=0, Retry=0, MoreData=0 Duration/ID=60us, DA=00:00:00:00:00:09, SA=00:00:00:00:00:08, BSSID=00:00:00:00:00:08, FragNumber=0, SeqNumber=142) ns3::LlcSnapHeader (type 0x800) ns3::Ipv4Header (tos 0x0 DSCP Default ECN Not-ECT ttl 64 id 11 protocol 17 offset (bytes) 0 flags [none] length: 41 192.168.2.3 &gt; 192.168.2.4) ns3::UdpHeader (length: 21 269 &gt; 269) ns3::Epidemic::TypeHeader (REPLY) ns3::Epidemic::SummaryVectorHeader ( Summary_vector header with size: 2
Global IDs:
NodeID:PacketID
0.0.2.1:28
0.0.2.186:698
) ns3::WifiMacTrailer ()" />
<wpr uId="1113" tId="2" fbRx="116.6392838" lbRx="0" />
<wpr uId="1113" tId="1" fbRx="116.6392847" lbRx="0" />
<wpr uId="1113" tId="3" fbRx="116.6392847" lbRx="0" />
<wpr uId="1113" tId="6" fbRx="116.6392847" lbRx="0" />
<wpr uId="1113" tId="8" fbRx="116.6392847" lbRx="0" />
<pr uId="1114" fId="8" fbTx="116.6393927" meta-info="ns3::WifiMacHeader (CTL_ACK Duration/ID=0us, RA=00:00:00:00:00:08) ns3::WifiMacTrailer ()" />
<wpr uId="1114" tId="3" fbRx="116.6393927" lbRx="0" />
<wpr uId="1114" tId="2" fbRx="116.6393935" lbRx="0" />
<wpr uId="1114" tId="4" fbRx="116.6393935" lbRx="0" />
<wpr uId="1114" tId="7" fbRx="116.6393935" lbRx="0" />
<wpr uId="1114" tId="9" fbRx="116.6393935" lbRx="0" />
<pr uId="1115" fId="8" fbTx="116.6394707" meta-info="ns3::WifiMacHeader (DATA ToDS=0, FromDS=0, MoreFrag=0, Retry=0, MoreData=0 Duration/ID=60us, DA=00:00:00:00:00:08, SA=00:00:00:00:00:09, BSSID=00:00:00:00:00:09, FragNumber=0, SeqNumber=135) ns3::LlcSnapHeader (type 0x800) ns3::Ipv4Header (tos 0x0 DSCP Default ECN Not-ECT ttl 64 id 11 protocol 17 offset (bytes) 0 flags [none] length: 41 192.168.2.4 &gt; 192.168.2.3) ns3::UdpHeader (length: 21 269 &gt; 269) ns3::Epidemic::TypeHeader (REPLY_BACK) ns3::Epidemic::SummaryVectorHeader ( Summary_vector header with size: 2
Global IDs:
NodeID:PacketID
0.0.2.4:132
0.0.2.186:698
) ns3::WifiMacTrailer ()" />
<wpr uId="1115" tId="3" fbRx="116.6394707" lbRx="0" />
<wpr uId="1115" tId="2" fbRx="116.6394715" lbRx="0" />
<wpr uId="1115" tId="4" fbRx="116.6394715" lbRx="0" />
<wpr uId="1115" tId="7" fbRx="116.6394715" lbRx="0" />
<wpr uId="1115" tId="9" fbRx="116.6394715" lbRx="0" />
<pr uId="1116" fId="7" fbTx="116.6395795" meta-info="ns3::WifiMacHeader (CTL_ACK Duration/ID=0us, RA=00:00:00:00:00:09) ns3::WifiMacTrailer ()" />
<wpr uId="1116" tId="2" fbRx="116.6395795" lbRx="0" />
<wpr uId="1116" tId="1" fbRx="116.6395803" lbRx="0" />
<wpr uId="1116" tId="3" fbRx="116.6395803" lbRx="0" />
<wpr uId="1116" tId="6" fbRx="116.6395803" lbRx="0" />
<wpr uId="1116" tId="8" fbRx="116.6395803" lbRx="0" />
<pr uId="1117" fId="7" fbTx="116.6397115" meta-info="ns3::WifiMacHeader (DATA ToDS=0, FromDS=0, MoreFrag=0, Retry=0, MoreData=0 Duration/ID=60us, DA=00:00:00:00:00:09, SA=00:00:00:00:00:08, BSSID=00:00:00:00:00:08, FragNumber=0, SeqNumber=143) ns3::LlcSnapHeader (type 0x800) ns3::Ipv4Header (tos 0x0 DSCP Default ECN Not-ECT ttl 64 id 0 protocol 17 offset (bytes) 0 flags [none] length: 2092 192.168.2.1 &gt; 192.168.2.5) ns3::Epidemic::EpidemicHeader ( Packet ID: 33619996 Hop count: 998 TimeStamp: +54000000000.0ns) ns3::UdpHeader (length: 2056 49153 &gt; 6) Payload (size=2048) ns3::WifiMacTrailer ()" />
<wpr uId="1117" tId="2" fbRx="116.6397115" lbRx="0" />
<wpr uId="1117" tId="1" fbRx="116.6397123" lbRx="0" />
<wpr uId="1117" tId="3" fbRx="116.6397123" lbRx="0" />
<wpr uId="1117" tId="6" fbRx="116.6397123" lbRx="0" />
<wpr uId="1117" tId="8" fbRx="116.6397123" lbRx="0" />
<pr uId="1118" fId="8" fbTx="116.6416443" meta-info="ns3::WifiMacHeader (CTL_ACK Duration/ID=0us, RA=00:00:00:00:00:08) ns3::WifiMacTrailer ()" />
<wpr uId="1118" tId="3" fbRx="116.6416443" lbRx="0" />
<wpr uId="1118" tId="2" fbRx="116.6416452" lbRx="0" />
<wpr uId="1118" tId="4" fbRx="116.6416452" lbRx="0" />
<wpr uId="1118" tId="7" fbRx="116.6416452" lbRx="0" />
<wpr uId="1118" tId="9" fbRx="116.6416452" lbRx="0" />
<pr uId="1119" fId="2" fbTx="116.6417322" meta-info="ns3::WifiMacHeader (DATA ToDS=0, FromDS=0, MoreFrag=0, Retry=0, MoreData=0 Duration/ID=60us, DA=00:00:00:00:00:04, SA=00:00:00:00:00:03, BSSID=00:00:00:00:00:03, FragNumber=0, SeqNumber=91) ns3::LlcSnapHeader (type 0x800) ns3::Ipv4Header (tos 0x0 DSCP Default ECN Not-ECT ttl 64 id 5 protocol 17 offset (bytes) 0 flags [none] length: 2076 192.168.1.3 &gt; 192.168.1.4) ns3::UdpHeader (length: 2056 49159 &gt; 6) Payload (size=2048) ns3::WifiMacTrailer ()" />
<wpr uId="1119" tId="7" fbRx="116.6417322" lbRx="0" />
<wpr uId="1119" tId="1" fbRx="116.641733" lbRx="0" />
<wpr uId="1119" tId="3" fbRx="116.641733" lbRx="0" />
<wpr uId="1119" tId="6" fbRx="116.641733" lbRx="0" />
<wpr uId="1119" tId="8" fbRx="116.641733" lbRx="0" />
<pr uId="1120" fId="3" fbTx="116.644589" meta-info="ns3::WifiMacHeader (CTL_ACK Duration/ID=0us, RA=00:00:00:00:00:03) ns3::WifiMacTrailer ()" />
<wpr uId="1120" tId="8" fbRx="116.644589" lbRx="0" />
<wpr uId="1120" tId="2" fbRx="116.6445898" lbRx="0" />
<wpr uId="1120" tId="4" fbRx="116.6445898" lbRx="0" />
<wpr uId="1120" tId="7" fbRx="116.6445898" lbRx="0" />
<wpr uId="1120" tId="9" fbRx="116.6445898" lbRx="0" />
<pr uId="1121" fId="3" fbTx="116.64473" meta-info="ns3::WifiMacHeader (DATA ToDS=0, FromDS=0, MoreFrag=0, Retry=0, MoreData=0 Duration/ID=60us, DA=00:00:00:00:00:05, SA=00:00:00:00:00:04, BSSID=00:00:00:00:00:04, FragNumber=0, SeqNumber=79) ns3::LlcSnapHeader (type 0x800) ns3::Ipv4Header (tos 0x0 DSCP Default ECN Not-ECT ttl 64 id 2 protocol 17 offset (bytes) 0 flags [none] length: 2076 192.168.1.4 &gt; 192.168.1.5) ns3::UdpHeader (length: 2056 49155 &gt; 6) Payload (size=2048) ns3::WifiMacTrailer ()" />
<wpr uId="1121" tId="8" fbRx="116.64473" lbRx="0" />
<wpr uId="1121" tId="2" fbRx="116.6447308" lbRx="0" />
<wpr uId="1121" tId="4" fbRx="116.6447308" lbRx="0" />
<wpr uId="1121" tId="7" fbRx="116.6447308" lbRx="0" />
<wpr uId="1121" tId="9" fbRx="116.6447308" lbRx="0" />
<pr uId="1122" fId="4" fbTx="116.6475868" meta-info="ns3::WifiMacHeader (CTL_ACK Duration/ID=0us, RA=00:00:00:00:00:04) ns3::WifiMacTrailer ()" />
<wpr uId="1122" tId="9" fbRx="116.6475868" lbRx="0" />
<wpr uId="1122" tId="3" fbRx="116.6475877" lbRx="0" />
<wpr uId="1122" tId="8" fbRx="116.6475877" lbRx="0" />
<pr uId="1123" fId="3" fbTx="116.6476837" meta-info="ns3::WifiMacHeader (DATA ToDS=0, FromDS=0, MoreFrag=0, Retry=0, MoreData=0 Duration/ID=60us, DA=00:00:00:00:00:05, SA=00:00:00:00:00:04, BSSID=00:00:00:00:00:04, FragNumber=0, SeqNumber=80) ns3::LlcSnapHeader (type 0x800) ns3::Ipv4Header (tos 0x0 DSCP Default ECN Not-ECT ttl 64 id 3 protocol 17 offset (bytes) 0 flags [none] length: 2076 192.168.1.4 &gt; 192.168.1.5) ns3::UdpHeader (length: 2056 49156 &gt; 6) Payload (size=2048) ns3::WifiMacTrailer ()" />
<wpr uId="1123" tId="8" fbRx="116.6476837" lbRx="0" />
<wpr uId="1123" tId="2" fbRx="116.6476845" lbRx="0" />
<wpr uId="1123" tId="4" fbRx="116.6476845" lbRx="0" />
<wpr uId="1123" tId="7" fbRx="116.6476845" lbRx="0" />
<wpr uId="1123" tId="9" fbRx="116.6476845" lbRx="0" />
<pr uId="1124" fId="4" fbTx="116.6505405" meta-info="ns3::WifiMacHeader (CTL_ACK Duration/ID=0us, RA=00:00:00:00:00:04) ns3::WifiMacTrailer ()" />
<wpr uId="1124" tId="9" fbRx="116.6505405" lbRx="0" />
<wpr uId="1124" tId="3" fbRx="116.6505413" lbRx="0" />
<wpr uId="1124" tId="8" fbRx="116.6505413" lbRx="0" />
<pr uId="1125" fId="2" fbTx="116.6506635" meta-info="ns3::WifiMacHeader (DATA ToDS=0, FromDS=0, MoreFrag=0, Retry=0, MoreData=0 Duration/ID=60us, DA=00:00:00:00:00:04, SA=00:00:00:00:00:03, BSSID=00:00:00:00:00:03, FragNumber=0, SeqNumber=92) ns3::LlcSnapHeader (type 0x800) ns3::Ipv4Header (tos 0x0 DSCP Default ECN Not-ECT ttl 64 id 1 protocol 17 offset (bytes) 0 flags [none] length: 2076 192.168.1.3 &gt; 192.168.1.5) ns3::UdpHeader (length: 2056 49160 &gt; 6) Payload (size=2048) ns3::WifiMacTrailer ()" />
<wpr uId="1125" tId="7" fbRx="116.6506635" lbRx="0" />
<wpr uId="1125" tId="1" fbRx="116.6506643" lbRx="0" />
<wpr uId="1125" tId="3" fbRx="116.6506643" lbRx="0" />
<wpr uId="1125" tId="6" fbRx="116.6506643" lbRx="0" />
<wpr uId="1125" tId="8" fbRx="116.6506643" lbRx="0" />
<pr uId="1126" fId="3" fbTx="116.6535203" meta-info="ns3::WifiMacHeader (CTL_ACK Duration/ID=0us, RA=00:00:00:00:00:03) ns3::WifiMacTrailer ()" />
<wpr uId="1126" tId="8" fbRx="116.6535203" lbRx="0" />
<wpr uId="1126" tId="2" fbRx="116.6535212" lbRx="0" />
<wpr uId="1126" tId="4" fbRx="116.6535212" lbRx="0" />
<wpr uId="1126" tId="7" fbRx="116.6535212" lbRx="0" />
<wpr uId="1126" tId="9" fbRx="116.6535212" lbRx="0" />
<pr uId="1127" fId="3" fbTx="116.6536073" meta-info="ns3::WifiMacHeader (DATA ToDS=0, FromDS=0, MoreFrag=0, Retry=0, MoreData=0 Duration/ID=60us, DA=00:00:00:00:00:05, SA=00:00:00:00:00:04, BSSID=00:00:00:00:00:04, FragNumber=0, SeqNumber=81) ns3::LlcSnapHeader (type 0x800) ns3::Ipv4Header (tos 0x0 DSCP Default ECN Not-ECT ttl 63 id 1 protocol 17 offset (bytes) 0 flags [none] length: 2076 192.168.1.3 &gt; 192.168.1.5) ns3::UdpHeader (length: 2056 49160 &gt; 6) Payload (size=2048) ns3::WifiMacTrailer ()" />
<wpr uId="1127" tId="8" fbRx="116.6536073" lbRx="0" />
<wpr uId="1127" tId="2" fbRx="116.6536082" lbRx="0" />
<wpr uId="1127" tId="4" fbRx="116.6536082" lbRx="0" />
<wpr uId="1127" tId="7" fbRx="116.6536082" lbRx="0" />
<wpr uId="1127" tId="9" fbRx="116.6536082" lbRx="0" />
<pr uId="1128" fId="4" fbTx="116.6564642" meta-info="ns3::WifiMacHeader (CTL_ACK Duration/ID=0us, RA=00:00:00:00:00:04) ns3::WifiMacTrailer ()" />
<wpr uId="1128" tId="9" fbRx="116.6564642" lbRx="0" />
<wpr uId="1128" tId="3" fbRx="116.656465" lbRx="0" />
<wpr uId="1128" tId="8" fbRx="116.656465" lbRx="0" />
<pr uId="1129" fId="9" fbTx="117.221" meta-info="ns3::WifiMacHeader (DATA ToDS=0, FromDS=0, MoreFrag=0, Retry=0, MoreData=0 Duration/ID=0us, DA=ff:ff:ff:ff:ff:ff, SA=00:00:00:00:00:0a, BSSID=00:00:00:00:00:0a, FragNumber=0, SeqNumber=121) ns3::LlcSnapHeader (type 0x800) ns3::Ipv4Header (tos 0x0 DSCP Default ECN Not-ECT ttl 64 id 111 protocol 17 offset (bytes) 0 flags [none] length: 45 192.168.2.5 &gt; 192.168.2.255) ns3::UdpHeader (length: 25 269 &gt; 269) ns3::Epidemic::TypeHeader (BEACON) ns3::Epidemic::EpidemicHeader ( Packet ID: 1101480448 Hop count: 1000 TimeStamp: +0.0ns) ns3::WifiMacTrailer ()" />
<wpr uId="1129" tId="4" fbRx="117.221" lbRx="0" />
<wpr uId="1129" tId="3" fbRx="117.2210008" lbRx="0" />
<wpr uId="1129" tId="8" fbRx="117.2210008" lbRx="0" />
<pr uId="1130" fId="7" fbTx="117.287" meta-info="ns3::WifiMacHeader (DATA ToDS=0, FromDS=0, MoreFrag=0, Retry=0, MoreData=0 Duration/ID=0us, DA=ff:ff:ff:ff:ff:ff, SA=00:00:00:00:00:08, BSSID=00:00:00:00:00:08, FragNumber=0, SeqNumber=144) ns3::LlcSnapHeader (type 0x800) ns3::Ipv4Header (tos 0x0 DSCP Default ECN Not-ECT ttl 64 id 111 protocol 17 offset (bytes) 0 flags [none] length: 45 192.168.2.3 &gt; 192.168.2.255) ns3::UdpHeader (length: 25 269 &gt; 269) ns3::Epidemic::TypeHeader (BEACON) ns3::Epidemic::EpidemicHeader ( Packet ID: 1101480448 Hop count: 1000 TimeStamp: +0.0ns) ns3::WifiMacTrailer ()" />
<wpr uId="1130" tId="2" fbRx="117.287" lbRx="0" />
<wpr uId="1130" tId="1" fbRx="117.2870008" lbRx="0" />
<wpr uId="1130" tId="3" fbRx="117.2870008" lbRx="0" />
<wpr uId="1130" tId="6" fbRx="117.2870008" lbRx="0" />
<wpr uId="1130" tId="8" fbRx="117.2870008" lbRx="0" />
<pr uId="1131" fId="5" fbTx="117.338" meta-info="ns3::WifiMacHeader (DATA ToDS=0, FromDS=0, MoreFrag=0, Retry=0, MoreData=0 Duration/ID=0us, DA=ff:ff:ff:ff:ff:ff, SA=00:00:00:00:00:06, BSSID=00:00:00:00:00:06, FragNumber=0, SeqNumber=116) ns3::LlcSnapHeader (type 0x800) ns3::Ipv4Header (tos 0x0 DSCP Default ECN Not-ECT ttl 64 id 111 protocol 17 offset (bytes) 0 flags [none] length: 45 192.168.2.1 &gt; 192.168.2.255) ns3::UdpHeader (length: 25 269 &gt; 269) ns3::Epidemic::TypeHeader (BEACON) ns3::Epidemic::EpidemicHeader ( Packet ID: 1101480448 Hop count: 1000 TimeStamp: +0.0ns) ns3::WifiMacTrailer ()" />
<wpr uId="1131" tId="0" fbRx="117.338" lbRx="0" />
<pr uId="1132" fId="6" fbTx="117.587" meta-info="ns3::WifiMacHeader (DATA ToDS=0, FromDS=0, MoreFrag=0, Retry=0, MoreData=0 Duration/ID=0us, DA=ff:ff:ff:ff:ff:ff, SA=00:00:00:00:00:07, BSSID=00:00:00:00:00:07, FragNumber=0, SeqNumber=130) ns3::LlcSnapHeader (type 0x800) ns3::Ipv4Header (tos 0x0 DSCP Default ECN Not-ECT ttl 64 id 111 protocol 17 offset (bytes) 0 flags [none] length: 45 192.168.2.2 &gt; 192.168.2.255) ns3::UdpHeader (length: 25 269 &gt; 269) ns3::Epidemic::TypeHeader (BEACON) ns3::Epidemic::EpidemicHeader ( Packet ID: 1101480448 Hop count: 1000 TimeStamp: +0.0ns) ns3::WifiMacTrailer ()" />
<wpr uId="1132" tId="1" fbRx="117.587" lbRx="0" />
<wpr uId="1132" tId="2" fbRx="117.5870008" lbRx="0" />
<wpr uId="1132" tId="7" fbRx="117.5870008" lbRx="0" />
<pr uId="1133" fId="8" fbTx="117.716" meta-info="ns3::WifiMacHeader (DATA ToDS=0, FromDS=0, MoreFrag=0, Retry=0, MoreData=0 Duration/ID=0us, DA=ff:ff:ff:ff:ff:ff, SA=00:00:00:00:00:09, BSSID=00:00:00:00:00:09, FragNumber=0, SeqNumber=136) ns3::LlcSnapHeader (type 0x800) ns3::Ipv4Header (tos 0x0 DSCP Default ECN Not-ECT ttl 64 id 111 protocol 17 offset (bytes) 0 flags [none] length: 45 192.168.2.4 &gt; 192.168.2.255) ns3::UdpHeader (length: 25 269 &gt; 269) ns3::Epidemic::TypeHeader (BEACON) ns3::Epidemic::EpidemicHeader ( Packet ID: 1101480448 Hop count: 1000 TimeStamp: +0.0ns) ns3::WifiMacTrailer ()" />
<wpr uId="1133" tId="3" fbRx="117.716" lbRx="0" />
<wpr uId="1133" tId="2" fbRx="117.7160008" lbRx="0" />
<wpr uId="1133" tId="4" fbRx="117.7160008" lbRx="0" />
<wpr uId="1133" tId="7" fbRx="117.7160008" lbRx="0" />
<wpr uId="1133" tId="9" fbRx="117.7160008" lbRx="0" />
<pr uId="1134" fId="2" fbTx="118.0611323" meta-info="ns3::WifiMacHeader (DATA ToDS=0, FromDS=0, MoreFrag=0, Retry=0, MoreData=0 Duration/ID=0us, DA=ff:ff:ff:ff:ff:ff, SA=00:00:00:00:00:03, BSSID=00:00:00:00:00:03, FragNumber=0, SeqNumber=93) ns3::LlcSnapHeader (type 0x800) ns3::Ipv4Header (tos 0x0 DSCP Default ECN Not-ECT ttl 64 id 82 protocol 17 offset (bytes) 0 flags [none] length: 64 192.168.1.3 &gt; 192.168.1.255) ns3::UdpHeader (length: 44 698 &gt; 698) ns3::olsr::PacketHeader () ns3::olsr::MessageHeader () ns3::WifiMacTrailer ()" />
<wpr uId="1134" tId="7" fbRx="118.0611323" lbRx="0" />
<wpr uId="1134" tId="1" fbRx="118.0611331" lbRx="0" />
<wpr uId="1134" tId="3" fbRx="118.0611331" lbRx="0" />
<wpr uId="1134" tId="6" fbRx="118.0611331" lbRx="0" />
<wpr uId="1134" tId="8" fbRx="118.0611331" lbRx="0" />
<pr uId="1135" fId="9" fbTx="118.227" meta-info="ns3::WifiMacHeader (DATA ToDS=0, FromDS=0, MoreFrag=0, Retry=0, MoreData=0 Duration/ID=0us, DA=ff:ff:ff:ff:ff:ff, SA=00:00:00:00:00:0a, BSSID=00:00:00:00:00:0a, FragNumber=0, SeqNumber=122) ns3::LlcSnapHeader (type 0x800) ns3::Ipv4Header (tos 0x0 DSCP Default ECN Not-ECT ttl 64 id 112 protocol 17 offset (bytes) 0 flags [none] length: 45 192.168.2.5 &gt; 192.168.2.255) ns3::UdpHeader (length: 25 269 &gt; 269) ns3::Epidemic::TypeHeader (BEACON) ns3::Epidemic::EpidemicHeader ( Packet ID: 1101480448 Hop count: 1000 TimeStamp: +0.0ns) ns3::WifiMacTrailer ()" />
<wpr uId="1135" tId="4" fbRx="118.227" lbRx="0" />
<wpr uId="1135" tId="3" fbRx="118.2270008" lbRx="0" />
<wpr uId="1135" tId="8" fbRx="118.2270008" lbRx="0" />
<pr uId="1136" fId="7" fbTx="118.296" meta-info="ns3::WifiMacHeader (DATA ToDS=0, FromDS=0, MoreFrag=0, Retry=0, MoreData=0 Duration/ID=0us, DA=ff:ff:ff:ff:ff:ff, SA=00:00:00:00:00:08, BSSID=00:00:00:00:00:08, FragNumber=0, SeqNumber=145) ns3::LlcSnapHeader (type 0x800) ns3::Ipv4Header (tos 0x0 DSCP Default ECN Not-ECT ttl 64 id 112 protocol 17 offset (bytes) 0 flags [none] length: 45 192.168.2.3 &gt; 192.168.2.255) ns3::UdpHeader (length: 25 269 &gt; 269) ns3::Epidemic::TypeHeader (BEACON) ns3::Epidemic::EpidemicHeader ( Packet ID: 1101480448 Hop count: 1000 TimeStamp: +0.0ns) ns3::WifiMacTrailer ()" />
<wpr uId="1136" tId="2" fbRx="118.296" lbRx="0" />
<wpr uId="1136" tId="1" fbRx="118.2960008" lbRx="0" />
<wpr uId="1136" tId="3" fbRx="118.2960008" lbRx="0" />
<wpr uId="1136" tId="6" fbRx="118.2960008" lbRx="0" />
<wpr uId="1136" tId="8" fbRx="118.2960008" lbRx="0" />
<pr uId="1137" fId="1" fbTx="118.3533287" meta-info="ns3::WifiMacHeader (DATA ToDS=0, FromDS=0, MoreFrag=0, Retry=0, MoreData=0 Duration/ID=0us, DA=ff:ff:ff:ff:ff:ff, SA=00:00:00:00:00:02, BSSID=00:00:00:00:00:02, FragNumber=0, SeqNumber=66) ns3::LlcSnapHeader (type 0x800) ns3::Ipv4Header (tos 0x0 DSCP Default ECN Not-ECT ttl 64 id 63 protocol 17 offset (bytes) 0 flags [none] length: 56 192.168.1.2 &gt; 192.168.1.255) ns3::UdpHeader (length: 36 698 &gt; 698) ns3::olsr::PacketHeader () ns3::olsr::MessageHeader () ns3::WifiMacTrailer ()" />
<wpr uId="1137" tId="6" fbRx="118.3533287" lbRx="0" />
<wpr uId="1137" tId="2" fbRx="118.3533295" lbRx="0" />
<wpr uId="1137" tId="7" fbRx="118.3533295" lbRx="0" />
<pr uId="1138" fId="0" fbTx="118.3919975" meta-info="ns3::WifiMacHeader (DATA ToDS=0, FromDS=0, MoreFrag=0, Retry=0, MoreData=0 Duration/ID=0us, DA=ff:ff:ff:ff:ff:ff, SA=00:00:00:00:00:01, BSSID=00:00:00:00:00:01, FragNumber=0, SeqNumber=63) ns3::LlcSnapHeader (type 0x800) ns3::Ipv4Header (tos 0x0 DSCP Default ECN Not-ECT ttl 64 id 59 protocol 17 offset (bytes) 0 flags [none] length: 48 192.168.1.1 &gt; 192.168.1.255) ns3::UdpHeader (length: 28 698 &gt; 698) ns3::olsr::PacketHeader () ns3::olsr::MessageHeader () ns3::WifiMacTrailer ()" />
<wpr uId="1138" tId="5" fbRx="118.3919975" lbRx="0" />
<pr uId="1139" fId="3" fbTx="118.3962646" meta-info="ns3::WifiMacHeader (DATA ToDS=0, FromDS=0, MoreFrag=0, Retry=0, MoreData=0 Duration/ID=0us, DA=ff:ff:ff:ff:ff:ff, SA=00:00:00:00:00:04, BSSID=00:00:00:00:00:04, FragNumber=0, SeqNumber=82) ns3::LlcSnapHeader (type 0x800) ns3::Ipv4Header (tos 0x0 DSCP Default ECN Not-ECT ttl 64 id 73 protocol 17 offset (bytes) 0 flags [none] length: 64 192.168.1.4 &gt; 192.168.1.255) ns3::UdpHeader (length: 44 698 &gt; 698) ns3::olsr::PacketHeader () ns3::olsr::MessageHeader () ns3::WifiMacTrailer ()" />
<wpr uId="1139" tId="8" fbRx="118.3962646" lbRx="0" />
<wpr uId="1139" tId="2" fbRx="118.3962654" lbRx="0" />
<wpr uId="1139" tId="4" fbRx="118.3962654" lbRx="0" />
<wpr uId="1139" tId="7" fbRx="118.3962654" lbRx="0" />
<wpr uId="1139" tId="9" fbRx="118.3962654" lbRx="0" />
<pr uId="1140" fId="4" fbTx="118.4192426" meta-info="ns3::WifiMacHeader (DATA ToDS=0, FromDS=0, MoreFrag=0, Retry=0, MoreData=0 Duration/ID=0us, DA=ff:ff:ff:ff:ff:ff, SA=00:00:00:00:00:05, BSSID=00:00:00:00:00:05, FragNumber=0, SeqNumber=61) ns3::LlcSnapHeader (type 0x800) ns3::Ipv4Header (tos 0x0 DSCP Default ECN Not-ECT ttl 64 id 59 protocol 17 offset (bytes) 0 flags [none] length: 56 192.168.1.5 &gt; 192.168.1.255) ns3::UdpHeader (length: 36 698 &gt; 698) ns3::olsr::PacketHeader () ns3::olsr::MessageHeader () ns3::WifiMacTrailer ()" />
<wpr uId="1140" tId="9" fbRx="118.4192426" lbRx="0" />
<wpr uId="1140" tId="3" fbRx="118.4192434" lbRx="0" />
<wpr uId="1140" tId="8" fbRx="118.4192434" lbRx="0" />
<pr uId="1141" fId="5" fbTx="118.43" meta-info="ns3::WifiMacHeader (DATA ToDS=0, FromDS=0, MoreFrag=0, Retry=0, MoreData=0 Duration/ID=0us, DA=ff:ff:ff:ff:ff:ff, SA=00:00:00:00:00:06, BSSID=00:00:00:00:00:06, FragNumber=0, SeqNumber=117) ns3::LlcSnapHeader (type 0x800) ns3::Ipv4Header (tos 0x0 DSCP Default ECN Not-ECT ttl 64 id 112 protocol 17 offset (bytes) 0 flags [none] length: 45 192.168.2.1 &gt; 192.168.2.255) ns3::UdpHeader (length: 25 269 &gt; 269) ns3::Epidemic::TypeHeader (BEACON) ns3::Epidemic::EpidemicHeader ( Packet ID: 1101480448 Hop count: 1000 TimeStamp: +0.0ns) ns3::WifiMacTrailer ()" />
<wpr uId="1141" tId="0" fbRx="118.43" lbRx="0" />
<pr uId="1142" fId="6" fbTx="118.642" meta-info="ns3::WifiMacHeader (DATA ToDS=0, FromDS=0, MoreFrag=0, Retry=0, MoreData=0 Duration/ID=0us, DA=ff:ff:ff:ff:ff:ff, SA=00:00:00:00:00:07, BSSID=00:00:00:00:00:07, FragNumber=0, SeqNumber=131) ns3::LlcSnapHeader (type 0x800) ns3::Ipv4Header (tos 0x0 DSCP Default ECN Not-ECT ttl 64 id 112 protocol 17 offset (bytes) 0 flags [none] length: 45 192.168.2.2 &gt; 192.168.2.255) ns3::UdpHeader (length: 25 269 &gt; 269) ns3::Epidemic::TypeHeader (BEACON) ns3::Epidemic::EpidemicHeader ( Packet ID: 1101480448 Hop count: 1000 TimeStamp: +0.0ns) ns3::WifiMacTrailer ()" />
<wpr uId="1142" tId="1" fbRx="118.642" lbRx="0" />
<wpr uId="1142" tId="2" fbRx="118.6420008" lbRx="0" />
<wpr uId="1142" tId="7" fbRx="118.6420008" lbRx="0" />
<pr uId="1143" fId="8" fbTx="118.785" meta-info="ns3::WifiMacHeader (DATA ToDS=0, FromDS=0, MoreFrag=0, Retry=0, MoreData=0 Duration/ID=0us, DA=ff:ff:ff:ff:ff:ff, SA=00:00:00:00:00:09, BSSID=00:00:00:00:00:09, FragNumber=0, SeqNumber=137) ns3::LlcSnapHeader (type 0x800) ns3::Ipv4Header (tos 0x0 DSCP Default ECN Not-ECT ttl 64 id 112 protocol 17 offset (bytes) 0 flags [none] length: 45 192.168.2.4 &gt; 192.168.2.255) ns3::UdpHeader (length: 25 269 &gt; 269) ns3::Epidemic::TypeHeader (BEACON) ns3::Epidemic::EpidemicHeader ( Packet ID: 1101480448 Hop count: 1000 TimeStamp: +0.0ns) ns3::WifiMacTrailer ()" />
<wpr uId="1143" tId="3" fbRx="118.785" lbRx="0" />
<wpr uId="1143" tId="2" fbRx="118.7850008" lbRx="0" />
<wpr uId="1143" tId="4" fbRx="118.7850008" lbRx="0" />
<wpr uId="1143" tId="7" fbRx="118.7850008" lbRx="0" />
<wpr uId="1143" tId="9" fbRx="118.7850008" lbRx="0" />
<pr uId="1144" fId="9" fbTx="119.25" meta-info="ns3::WifiMacHeader (DATA ToDS=0, FromDS=0, MoreFrag=0, Retry=0, MoreData=0 Duration/ID=0us, DA=ff:ff:ff:ff:ff:ff, SA=00:00:00:00:00:0a, BSSID=00:00:00:00:00:0a, FragNumber=0, SeqNumber=123) ns3::LlcSnapHeader (type 0x800) ns3::Ipv4Header (tos 0x0 DSCP Default ECN Not-ECT ttl 64 id 113 protocol 17 offset (bytes) 0 flags [none] length: 45 192.168.2.5 &gt; 192.168.2.255) ns3::UdpHeader (length: 25 269 &gt; 269) ns3::Epidemic::TypeHeader (BEACON) ns3::Epidemic::EpidemicHeader ( Packet ID: 1101480448 Hop count: 1000 TimeStamp: +0.0ns) ns3::WifiMacTrailer ()" />
<wpr uId="1144" tId="4" fbRx="119.25" lbRx="0" />
<wpr uId="1144" tId="3" fbRx="119.2500008" lbRx="0" />
<wpr uId="1144" tId="8" fbRx="119.2500008" lbRx="0" />
<pr uId="1145" fId="7" fbTx="119.367" meta-info="ns3::WifiMacHeader (DATA ToDS=0, FromDS=0, MoreFrag=0, Retry=0, MoreData=0 Duration/ID=0us, DA=ff:ff:ff:ff:ff:ff, SA=00:00:00:00:00:08, BSSID=00:00:00:00:00:08, FragNumber=0, SeqNumber=146) ns3::LlcSnapHeader (type 0x800) ns3::Ipv4Header (tos 0x0 DSCP Default ECN Not-ECT ttl 64 id 113 protocol 17 offset (bytes) 0 flags [none] length: 45 192.168.2.3 &gt; 192.168.2.255) ns3::UdpHeader (length: 25 269 &gt; 269) ns3::Epidemic::TypeHeader (BEACON) ns3::Epidemic::EpidemicHeader ( Packet ID: 1101480448 Hop count: 1000 TimeStamp: +0.0ns) ns3::WifiMacTrailer ()" />
<wpr uId="1145" tId="2" fbRx="119.367" lbRx="0" />
<wpr uId="1145" tId="1" fbRx="119.3670008" lbRx="0" />
<wpr uId="1145" tId="3" fbRx="119.3670008" lbRx="0" />
<wpr uId="1145" tId="6" fbRx="119.3670008" lbRx="0" />
<wpr uId="1145" tId="8" fbRx="119.3670008" lbRx="0" />
<pr uId="1146" fId="5" fbTx="119.482" meta-info="ns3::WifiMacHeader (DATA ToDS=0, FromDS=0, MoreFrag=0, Retry=0, MoreData=0 Duration/ID=0us, DA=ff:ff:ff:ff:ff:ff, SA=00:00:00:00:00:06, BSSID=00:00:00:00:00:06, FragNumber=0, SeqNumber=118) ns3::LlcSnapHeader (type 0x800) ns3::Ipv4Header (tos 0x0 DSCP Default ECN Not-ECT ttl 64 id 113 protocol 17 offset (bytes) 0 flags [none] length: 45 192.168.2.1 &gt; 192.168.2.255) ns3::UdpHeader (length: 25 269 &gt; 269) ns3::Epidemic::TypeHeader (BEACON) ns3::Epidemic::EpidemicHeader ( Packet ID: 1101480448 Hop count: 1000 TimeStamp: +0.0ns) ns3::WifiMacTrailer ()" />
<wpr uId="1146" tId="0" fbRx="119.482" lbRx="0" />
<pr uId="1147" fId="6" fbTx="119.679" meta-info="ns3::WifiMacHeader (DATA ToDS=0, FromDS=0, MoreFrag=0, Retry=0, MoreData=0 Duration/ID=0us, DA=ff:ff:ff:ff:ff:ff, SA=00:00:00:00:00:07, BSSID=00:00:00:00:00:07, FragNumber=0, SeqNumber=132) ns3::LlcSnapHeader (type 0x800) ns3::Ipv4Header (tos 0x0 DSCP Default ECN Not-ECT ttl 64 id 113 protocol 17 offset (bytes) 0 flags [none] length: 45 192.168.2.2 &gt; 192.168.2.255) ns3::UdpHeader (length: 25 269 &gt; 269) ns3::Epidemic::TypeHeader (BEACON) ns3::Epidemic::EpidemicHeader ( Packet ID: 1101480448 Hop count: 1000 TimeStamp: +0.0ns) ns3::WifiMacTrailer ()" />
<wpr uId="1147" tId="1" fbRx="119.679" lbRx="0" />
<wpr uId="1147" tId="2" fbRx="119.6790008" lbRx="0" />
<wpr uId="1147" tId="7" fbRx="119.6790008" lbRx="0" />
<pr uId="1148" fId="8" fbTx="119.802" meta-info="ns3::WifiMacHeader (DATA ToDS=0, FromDS=0, MoreFrag=0, Retry=0, MoreData=0 Duration/ID=0us, DA=ff:ff:ff:ff:ff:ff, SA=00:00:00:00:00:09, BSSID=00:00:00:00:00:09, FragNumber=0, SeqNumber=138) ns3::LlcSnapHeader (type 0x800) ns3::Ipv4Header (tos 0x0 DSCP Default ECN Not-ECT ttl 64 id 113 protocol 17 offset (bytes) 0 flags [none] length: 45 192.168.2.4 &gt; 192.168.2.255) ns3::UdpHeader (length: 25 269 &gt; 269) ns3::Epidemic::TypeHeader (BEACON) ns3::Epidemic::EpidemicHeader ( Packet ID: 1101480448 Hop count: 1000 TimeStamp: +0.0ns) ns3::WifiMacTrailer ()" />
<wpr uId="1148" tId="3" fbRx="119.802" lbRx="0" />
<wpr uId="1148" tId="2" fbRx="119.8020008" lbRx="0" />
<wpr uId="1148" tId="4" fbRx="119.8020008" lbRx="0" />
<wpr uId="1148" tId="7" fbRx="119.8020008" lbRx="0" />
<wpr uId="1148" tId="9" fbRx="119.8020008" lbRx="0" />
<pr uId="1149" fId="4" fbTx="120.0605491" meta-info="ns3::WifiMacHeader (DATA ToDS=0, FromDS=0, MoreFrag=0, Retry=0, MoreData=0 Duration/ID=0us, DA=ff:ff:ff:ff:ff:ff, SA=00:00:00:00:00:05, BSSID=00:00:00:00:00:05, FragNumber=0, SeqNumber=62) ns3::LlcSnapHeader (type 0x800) ns3::Ipv4Header (tos 0x0 DSCP Default ECN Not-ECT ttl 64 id 60 protocol 17 offset (bytes) 0 flags [none] length: 56 192.168.1.5 &gt; 192.168.1.255) ns3::UdpHeader (length: 36 698 &gt; 698) ns3::olsr::PacketHeader () ns3::olsr::MessageHeader () ns3::WifiMacTrailer ()" />
<wpr uId="1149" tId="9" fbRx="120.0605491" lbRx="0" />
<wpr uId="1149" tId="3" fbRx="120.0605499" lbRx="0" />
<wpr uId="1149" tId="8" fbRx="120.0605499" lbRx="0" />
<pr uId="1150" fId="2" fbTx="120.1623528" meta-info="ns3::WifiMacHeader (DATA ToDS=0, FromDS=0, MoreFrag=0, Retry=0, MoreData=0 Duration/ID=0us, DA=ff:ff:ff:ff:ff:ff, SA=00:00:00:00:00:03, BSSID=00:00:00:00:00:03, FragNumber=0, SeqNumber=94) ns3::LlcSnapHeader (type 0x800) ns3::Ipv4Header (tos 0x0 DSCP Default ECN Not-ECT ttl 64 id 83 protocol 17 offset (bytes) 0 flags [none] length: 88 192.168.1.3 &gt; 192.168.1.255) ns3::UdpHeader (length: 68 698 &gt; 698) ns3::olsr::PacketHeader () ns3::olsr::MessageHeader () ns3::olsr::MessageHeader () ns3::WifiMacTrailer ()" />
<wpr uId="1150" tId="7" fbRx="120.1623528" lbRx="0" />
<wpr uId="1150" tId="1" fbRx="120.1623537" lbRx="0" />
<wpr uId="1150" tId="3" fbRx="120.1623537" lbRx="0" />
<wpr uId="1150" tId="6" fbRx="120.1623537" lbRx="0" />
<wpr uId="1150" tId="8" fbRx="120.1623537" lbRx="0" />
<pr uId="1151" fId="0" fbTx="120.2675965" meta-info="ns3::WifiMacHeader (DATA ToDS=0, FromDS=0, MoreFrag=0, Retry=0, MoreData=0 Duration/ID=0us, DA=ff:ff:ff:ff:ff:ff, SA=00:00:00:00:00:01, BSSID=00:00:00:00:00:01, FragNumber=0, SeqNumber=64) ns3::LlcSnapHeader (type 0x800) ns3::Ipv4Header (tos 0x0 DSCP Default ECN Not-ECT ttl 64 id 60 protocol 17 offset (bytes) 0 flags [none] length: 48 192.168.1.1 &gt; 192.168.1.255) ns3::UdpHeader (length: 28 698 &gt; 698) ns3::olsr::PacketHeader () ns3::olsr::MessageHeader () ns3::WifiMacTrailer ()" />
<wpr uId="1151" tId="5" fbRx="120.2675965" lbRx="0" />
<pr uId="1152" fId="9" fbTx="120.28" meta-info="ns3::WifiMacHeader (DATA ToDS=0, FromDS=0, MoreFrag=0, Retry=0, MoreData=0 Duration/ID=0us, DA=ff:ff:ff:ff:ff:ff, SA=00:00:00:00:00:0a, BSSID=00:00:00:00:00:0a, FragNumber=0, SeqNumber=124) ns3::LlcSnapHeader (type 0x800) ns3::Ipv4Header (tos 0x0 DSCP Default ECN Not-ECT ttl 64 id 114 protocol 17 offset (bytes) 0 flags [none] length: 45 192.168.2.5 &gt; 192.168.2.255) ns3::UdpHeader (length: 25 269 &gt; 269) ns3::Epidemic::TypeHeader (BEACON) ns3::Epidemic::EpidemicHeader ( Packet ID: 1101480448 Hop count: 1000 TimeStamp: +0.0ns) ns3::WifiMacTrailer ()" />
<wpr uId="1152" tId="4" fbRx="120.28" lbRx="0" />
<wpr uId="1152" tId="3" fbRx="120.2800008" lbRx="0" />
<wpr uId="1152" tId="8" fbRx="120.2800008" lbRx="0" />
<pr uId="1153" fId="3" fbTx="120.2943747" meta-info="ns3::WifiMacHeader (DATA ToDS=0, FromDS=0, MoreFrag=0, Retry=0, MoreData=0 Duration/ID=0us, DA=ff:ff:ff:ff:ff:ff, SA=00:00:00:00:00:04, BSSID=00:00:00:00:00:04, FragNumber=0, SeqNumber=83) ns3::LlcSnapHeader (type 0x800) ns3::Ipv4Header (tos 0x0 DSCP Default ECN Not-ECT ttl 64 id 74 protocol 17 offset (bytes) 0 flags [none] length: 112 192.168.1.4 &gt; 192.168.1.255) ns3::UdpHeader (length: 92 698 &gt; 698) ns3::olsr::PacketHeader () ns3::olsr::MessageHeader () ns3::olsr::MessageHeader () ns3::olsr::MessageHeader () ns3::WifiMacTrailer ()" />
<wpr uId="1153" tId="8" fbRx="120.2943747" lbRx="0" />
<wpr uId="1153" tId="2" fbRx="120.2943756" lbRx="0" />
<wpr uId="1153" tId="4" fbRx="120.2943756" lbRx="0" />
<wpr uId="1153" tId="7" fbRx="120.2943756" lbRx="0" />
<wpr uId="1153" tId="9" fbRx="120.2943756" lbRx="0" />
<pr uId="1154" fId="1" fbTx="120.3698098" meta-info="ns3::WifiMacHeader (DATA ToDS=0, FromDS=0, MoreFrag=0, Retry=0, MoreData=0 Duration/ID=0us, DA=ff:ff:ff:ff:ff:ff, SA=00:00:00:00:00:02, BSSID=00:00:00:00:00:02, FragNumber=0, SeqNumber=67) ns3::LlcSnapHeader (type 0x800) ns3::Ipv4Header (tos 0x0 DSCP Default ECN Not-ECT ttl 64 id 64 protocol 17 offset (bytes) 0 flags [none] length: 56 192.168.1.2 &gt; 192.168.1.255) ns3::UdpHeader (length: 36 698 &gt; 698) ns3::olsr::PacketHeader () ns3::olsr::MessageHeader () ns3::WifiMacTrailer ()" />
<wpr uId="1154" tId="6" fbRx="120.3698098" lbRx="0" />
<wpr uId="1154" tId="2" fbRx="120.3698106" lbRx="0" />
<wpr uId="1154" tId="7" fbRx="120.3698106" lbRx="0" />
<pr uId="1155" fId="7" fbTx="120.398" meta-info="ns3::WifiMacHeader (DATA ToDS=0, FromDS=0, MoreFrag=0, Retry=0, MoreData=0 Duration/ID=0us, DA=ff:ff:ff:ff:ff:ff, SA=00:00:00:00:00:08, BSSID=00:00:00:00:00:08, FragNumber=0, SeqNumber=147) ns3::LlcSnapHeader (type 0x800) ns3::Ipv4Header (tos 0x0 DSCP Default ECN Not-ECT ttl 64 id 114 protocol 17 offset (bytes) 0 flags [none] length: 45 192.168.2.3 &gt; 192.168.2.255) ns3::UdpHeader (length: 25 269 &gt; 269) ns3::Epidemic::TypeHeader (BEACON) ns3::Epidemic::EpidemicHeader ( Packet ID: 1101480448 Hop count: 1000 TimeStamp: +0.0ns) ns3::WifiMacTrailer ()" />
<wpr uId="1155" tId="2" fbRx="120.398" lbRx="0" />
<wpr uId="1155" tId="1" fbRx="120.3980008" lbRx="0" />
<wpr uId="1155" tId="3" fbRx="120.3980008" lbRx="0" />
<wpr uId="1155" tId="6" fbRx="120.3980008" lbRx="0" />
<wpr uId="1155" tId="8" fbRx="120.3980008" lbRx="0" />
<pr uId="1156" fId="5" fbTx="120.547" meta-info="ns3::WifiMacHeader (DATA ToDS=0, FromDS=0, MoreFrag=0, Retry=0, MoreData=0 Duration/ID=0us, DA=ff:ff:ff:ff:ff:ff, SA=00:00:00:00:00:06, BSSID=00:00:00:00:00:06, FragNumber=0, SeqNumber=119) ns3::LlcSnapHeader (type 0x800) ns3::Ipv4Header (tos 0x0 DSCP Default ECN Not-ECT ttl 64 id 114 protocol 17 offset (bytes) 0 flags [none] length: 45 192.168.2.1 &gt; 192.168.2.255) ns3::UdpHeader (length: 25 269 &gt; 269) ns3::Epidemic::TypeHeader (BEACON) ns3::Epidemic::EpidemicHeader ( Packet ID: 1101480448 Hop count: 1000 TimeStamp: +0.0ns) ns3::WifiMacTrailer ()" />
<wpr uId="1156" tId="0" fbRx="120.547" lbRx="0" />
<pr uId="1157" fId="6" fbTx="120.693" meta-info="ns3::WifiMacHeader (DATA ToDS=0, FromDS=0, MoreFrag=0, Retry=0, MoreData=0 Duration/ID=0us, DA=ff:ff:ff:ff:ff:ff, SA=00:00:00:00:00:07, BSSID=00:00:00:00:00:07, FragNumber=0, SeqNumber=133) ns3::LlcSnapHeader (type 0x800) ns3::Ipv4Header (tos 0x0 DSCP Default ECN Not-ECT ttl 64 id 114 protocol 17 offset (bytes) 0 flags [none] length: 45 192.168.2.2 &gt; 192.168.2.255) ns3::UdpHeader (length: 25 269 &gt; 269) ns3::Epidemic::TypeHeader (BEACON) ns3::Epidemic::EpidemicHeader ( Packet ID: 1101480448 Hop count: 1000 TimeStamp: +0.0ns) ns3::WifiMacTrailer ()" />
<wpr uId="1157" tId="1" fbRx="120.693" lbRx="0" />
<wpr uId="1157" tId="2" fbRx="120.6930008" lbRx="0" />
<wpr uId="1157" tId="7" fbRx="120.6930008" lbRx="0" />
<pr uId="1158" fId="2" fbTx="120.7575592" meta-info="ns3::WifiMacHeader (DATA ToDS=0, FromDS=0, MoreFrag=0, Retry=0, MoreData=0 Duration/ID=0us, DA=ff:ff:ff:ff:ff:ff, SA=00:00:00:00:00:03, BSSID=00:00:00:00:00:03, FragNumber=0, SeqNumber=95) ns3::LlcSnapHeader (type 0x800) ns3::Ipv4Header (tos 0x0 DSCP Default ECN Not-ECT ttl 64 id 84 protocol 17 offset (bytes) 0 flags [none] length: 56 192.168.1.3 &gt; 192.168.1.255) ns3::UdpHeader (length: 36 698 &gt; 698) ns3::olsr::PacketHeader () ns3::olsr::MessageHeader () ns3::WifiMacTrailer ()" />
<wpr uId="1158" tId="7" fbRx="120.7575592" lbRx="0" />
<wpr uId="1158" tId="1" fbRx="120.7575601" lbRx="0" />
<wpr uId="1158" tId="3" fbRx="120.7575601" lbRx="0" />
<wpr uId="1158" tId="6" fbRx="120.7575601" lbRx="0" />
<wpr uId="1158" tId="8" fbRx="120.7575601" lbRx="0" />
<pr uId="1159" fId="8" fbTx="120.85" meta-info="ns3::WifiMacHeader (DATA ToDS=0, FromDS=0, MoreFrag=0, Retry=0, MoreData=0 Duration/ID=0us, DA=ff:ff:ff:ff:ff:ff, SA=00:00:00:00:00:09, BSSID=00:00:00:00:00:09, FragNumber=0, SeqNumber=139) ns3::LlcSnapHeader (type 0x800) ns3::Ipv4Header (tos 0x0 DSCP Default ECN Not-ECT ttl 64 id 114 protocol 17 offset (bytes) 0 flags [none] length: 45 192.168.2.4 &gt; 192.168.2.255) ns3::UdpHeader (length: 25 269 &gt; 269) ns3::Epidemic::TypeHeader (BEACON) ns3::Epidemic::EpidemicHeader ( Packet ID: 1101480448 Hop count: 1000 TimeStamp: +0.0ns) ns3::WifiMacTrailer ()" />
<wpr uId="1159" tId="3" fbRx="120.85" lbRx="0" />
<wpr uId="1159" tId="2" fbRx="120.8500008" lbRx="0" />
<wpr uId="1159" tId="4" fbRx="120.8500008" lbRx="0" />
<wpr uId="1159" tId="7" fbRx="120.8500008" lbRx="0" />
<wpr uId="1159" tId="9" fbRx="120.8500008" lbRx="0" />
<pr uId="1160" fId="9" fbTx="121.328" meta-info="ns3::WifiMacHeader (DATA ToDS=0, FromDS=0, MoreFrag=0, Retry=0, MoreData=0 Duration/ID=0us, DA=ff:ff:ff:ff:ff:ff, SA=00:00:00:00:00:0a, BSSID=00:00:00:00:00:0a, FragNumber=0, SeqNumber=125) ns3::LlcSnapHeader (type 0x800) ns3::Ipv4Header (tos 0x0 DSCP Default ECN Not-ECT ttl 64 id 115 protocol 17 offset (bytes) 0 flags [none] length: 45 192.168.2.5 &gt; 192.168.2.255) ns3::UdpHeader (length: 25 269 &gt; 269) ns3::Epidemic::TypeHeader (BEACON) ns3::Epidemic::EpidemicHeader ( Packet ID: 1101480448 Hop count: 1000 TimeStamp: +0.0ns) ns3::WifiMacTrailer ()" />
<wpr uId="1160" tId="4" fbRx="121.328" lbRx="0" />
<wpr uId="1160" tId="3" fbRx="121.3280008" lbRx="0" />
<wpr uId="1160" tId="8" fbRx="121.3280008" lbRx="0" />
<pr uId="1161" fId="8" fbTx="121.3282838" meta-info="ns3::WifiMacHeader (DATA ToDS=0, FromDS=0, MoreFrag=0, Retry=0, MoreData=0 Duration/ID=60us, DA=00:00:00:00:00:0a, SA=00:00:00:00:00:09, BSSID=00:00:00:00:00:09, FragNumber=0, SeqNumber=140) ns3::LlcSnapHeader (type 0x800) ns3::Ipv4Header (tos 0x0 DSCP Default ECN Not-ECT ttl 64 id 9 protocol 17 offset (bytes) 0 flags [none] length: 41 192.168.2.4 &gt; 192.168.2.5) ns3::UdpHeader (length: 21 269 &gt; 269) ns3::Epidemic::TypeHeader (REPLY) ns3::Epidemic::SummaryVectorHeader ( Summary_vector header with size: 2
Global IDs:
NodeID:PacketID
0.0.2.4:132
0.0.2.186:698
) ns3::WifiMacTrailer ()" />
<wpr uId="1161" tId="3" fbRx="121.3282838" lbRx="0" />
<wpr uId="1161" tId="2" fbRx="121.3282847" lbRx="0" />
<wpr uId="1161" tId="4" fbRx="121.3282847" lbRx="0" />
<wpr uId="1161" tId="7" fbRx="121.3282847" lbRx="0" />
<wpr uId="1161" tId="9" fbRx="121.3282847" lbRx="0" />
<pr uId="1162" fId="9" fbTx="121.3283927" meta-info="ns3::WifiMacHeader (CTL_ACK Duration/ID=0us, RA=00:00:00:00:00:09) ns3::WifiMacTrailer ()" />
<wpr uId="1162" tId="4" fbRx="121.3283927" lbRx="0" />
<wpr uId="1162" tId="3" fbRx="121.3283935" lbRx="0" />
<wpr uId="1162" tId="8" fbRx="121.3283935" lbRx="0" />
<pr uId="1163" fId="9" fbTx="121.3285067" meta-info="ns3::WifiMacHeader (DATA ToDS=0, FromDS=0, MoreFrag=0, Retry=0, MoreData=0 Duration/ID=60us, DA=00:00:00:00:00:09, SA=00:00:00:00:00:0a, BSSID=00:00:00:00:00:0a, FragNumber=0, SeqNumber=126) ns3::LlcSnapHeader (type 0x800) ns3::Ipv4Header (tos 0x0 DSCP Default ECN Not-ECT ttl 64 id 8 protocol 17 offset (bytes) 0 flags [none] length: 41 192.168.2.5 &gt; 192.168.2.4) ns3::UdpHeader (length: 21 269 &gt; 269) ns3::Epidemic::TypeHeader (REPLY_BACK) ns3::Epidemic::SummaryVectorHeader ( Summary_vector header with size: 2
Global IDs:
NodeID:PacketID
0.0.2.4:132
0.0.2.186:698
) ns3::WifiMacTrailer ()" />
<wpr uId="1163" tId="4" fbRx="121.3285067" lbRx="0" />
<wpr uId="1163" tId="3" fbRx="121.3285075" lbRx="0" />
<wpr uId="1163" tId="8" fbRx="121.3285075" lbRx="0" />
<pr uId="1164" fId="8" fbTx="121.3286515" meta-info="ns3::WifiMacHeader (CTL_ACK Duration/ID=0us, RA=00:00:00:00:00:0a) ns3::WifiMacTrailer ()" />
<wpr uId="1164" tId="3" fbRx="121.3286515" lbRx="0" />
<wpr uId="1164" tId="2" fbRx="121.3286523" lbRx="0" />
<wpr uId="1164" tId="4" fbRx="121.3286523" lbRx="0" />
<wpr uId="1164" tId="7" fbRx="121.3286523" lbRx="0" />
<wpr uId="1164" tId="9" fbRx="121.3286523" lbRx="0" />
<pr uId="1165" fId="7" fbTx="121.462" meta-info="ns3::WifiMacHeader (DATA ToDS=0, FromDS=0, MoreFrag=0, Retry=0, MoreData=0 Duration/ID=0us, DA=ff:ff:ff:ff:ff:ff, SA=00:00:00:00:00:08, BSSID=00:00:00:00:00:08, FragNumber=0, SeqNumber=148) ns3::LlcSnapHeader (type 0x800) ns3::Ipv4Header (tos 0x0 DSCP Default ECN Not-ECT ttl 64 id 115 protocol 17 offset (bytes) 0 flags [none] length: 45 192.168.2.3 &gt; 192.168.2.255) ns3::UdpHeader (length: 25 269 &gt; 269) ns3::Epidemic::TypeHeader (BEACON) ns3::Epidemic::EpidemicHeader ( Packet ID: 1101480448 Hop count: 1000 TimeStamp: +0.0ns) ns3::WifiMacTrailer ()" />
<wpr uId="1165" tId="2" fbRx="121.462" lbRx="0" />
<wpr uId="1165" tId="1" fbRx="121.4620008" lbRx="0" />
<wpr uId="1165" tId="3" fbRx="121.4620008" lbRx="0" />
<wpr uId="1165" tId="6" fbRx="121.4620008" lbRx="0" />
<wpr uId="1165" tId="8" fbRx="121.4620008" lbRx="0" />
<pr uId="1166" fId="5" fbTx="121.641" meta-info="ns3::WifiMacHeader (DATA ToDS=0, FromDS=0, MoreFrag=0, Retry=0, MoreData=0 Duration/ID=0us, DA=ff:ff:ff:ff:ff:ff, SA=00:00:00:00:00:06, BSSID=00:00:00:00:00:06, FragNumber=0, SeqNumber=120) ns3::LlcSnapHeader (type 0x800) ns3::Ipv4Header (tos 0x0 DSCP Default ECN Not-ECT ttl 64 id 115 protocol 17 offset (bytes) 0 flags [none] length: 45 192.168.2.1 &gt; 192.168.2.255) ns3::UdpHeader (length: 25 269 &gt; 269) ns3::Epidemic::TypeHeader (BEACON) ns3::Epidemic::EpidemicHeader ( Packet ID: 1101480448 Hop count: 1000 TimeStamp: +0.0ns) ns3::WifiMacTrailer ()" />
<wpr uId="1166" tId="0" fbRx="121.641" lbRx="0" />
<pr uId="1167" fId="6" fbTx="121.725" meta-info="ns3::WifiMacHeader (DATA ToDS=0, FromDS=0, MoreFrag=0, Retry=0, MoreData=0 Duration/ID=0us, DA=ff:ff:ff:ff:ff:ff, SA=00:00:00:00:00:07, BSSID=00:00:00:00:00:07, FragNumber=0, SeqNumber=134) ns3::LlcSnapHeader (type 0x800) ns3::Ipv4Header (tos 0x0 DSCP Default ECN Not-ECT ttl 64 id 115 protocol 17 offset (bytes) 0 flags [none] length: 45 192.168.2.2 &gt; 192.168.2.255) ns3::UdpHeader (length: 25 269 &gt; 269) ns3::Epidemic::TypeHeader (BEACON) ns3::Epidemic::EpidemicHeader ( Packet ID: 1101480448 Hop count: 1000 TimeStamp: +0.0ns) ns3::WifiMacTrailer ()" />
<wpr uId="1167" tId="1" fbRx="121.725" lbRx="0" />
<wpr uId="1167" tId="2" fbRx="121.7250008" lbRx="0" />
<wpr uId="1167" tId="7" fbRx="121.7250008" lbRx="0" />
<pr uId="1168" fId="8" fbTx="121.916" meta-info="ns3::WifiMacHeader (DATA ToDS=0, FromDS=0, MoreFrag=0, Retry=0, MoreData=0 Duration/ID=0us, DA=ff:ff:ff:ff:ff:ff, SA=00:00:00:00:00:09, BSSID=00:00:00:00:00:09, FragNumber=0, SeqNumber=141) ns3::LlcSnapHeader (type 0x800) ns3::Ipv4Header (tos 0x0 DSCP Default ECN Not-ECT ttl 64 id 115 protocol 17 offset (bytes) 0 flags [none] length: 45 192.168.2.4 &gt; 192.168.2.255) ns3::UdpHeader (length: 25 269 &gt; 269) ns3::Epidemic::TypeHeader (BEACON) ns3::Epidemic::EpidemicHeader ( Packet ID: 1101480448 Hop count: 1000 TimeStamp: +0.0ns) ns3::WifiMacTrailer ()" />
<wpr uId="1168" tId="3" fbRx="121.916" lbRx="0" />
<wpr uId="1168" tId="2" fbRx="121.9160008" lbRx="0" />
<wpr uId="1168" tId="4" fbRx="121.9160008" lbRx="0" />
<wpr uId="1168" tId="7" fbRx="121.9160008" lbRx="0" />
<wpr uId="1168" tId="9" fbRx="121.9160008" lbRx="0" />
<pr uId="1169" fId="1" fbTx="122.0267308" meta-info="ns3::WifiMacHeader (DATA ToDS=0, FromDS=0, MoreFrag=0, Retry=0, MoreData=0 Duration/ID=0us, DA=ff:ff:ff:ff:ff:ff, SA=00:00:00:00:00:02, BSSID=00:00:00:00:00:02, FragNumber=0, SeqNumber=68) ns3::LlcSnapHeader (type 0x800) ns3::Ipv4Header (tos 0x0 DSCP Default ECN Not-ECT ttl 64 id 65 protocol 17 offset (bytes) 0 flags [none] length: 56 192.168.1.2 &gt; 192.168.1.255) ns3::UdpHeader (length: 36 698 &gt; 698) ns3::olsr::PacketHeader () ns3::olsr::MessageHeader () ns3::WifiMacTrailer ()" />
<wpr uId="1169" tId="6" fbRx="122.0267308" lbRx="0" />
<wpr uId="1169" tId="2" fbRx="122.0267316" lbRx="0" />
<wpr uId="1169" tId="7" fbRx="122.0267316" lbRx="0" />
<pr uId="1170" fId="2" fbTx="122.052987" meta-info="ns3::WifiMacHeader (DATA ToDS=0, FromDS=0, MoreFrag=0, Retry=0, MoreData=0 Duration/ID=0us, DA=ff:ff:ff:ff:ff:ff, SA=00:00:00:00:00:03, BSSID=00:00:00:00:00:03, FragNumber=0, SeqNumber=96) ns3::LlcSnapHeader (type 0x800) ns3::Ipv4Header (tos 0x0 DSCP Default ECN Not-ECT ttl 64 id 85 protocol 17 offset (bytes) 0 flags [none] length: 64 192.168.1.3 &gt; 192.168.1.255) ns3::UdpHeader (length: 44 698 &gt; 698) ns3::olsr::PacketHeader () ns3::olsr::MessageHeader () ns3::WifiMacTrailer ()" />
<wpr uId="1170" tId="7" fbRx="122.052987" lbRx="0" />
<wpr uId="1170" tId="1" fbRx="122.0529878" lbRx="0" />
<wpr uId="1170" tId="3" fbRx="122.0529878" lbRx="0" />
<wpr uId="1170" tId="6" fbRx="122.0529878" lbRx="0" />
<wpr uId="1170" tId="8" fbRx="122.0529878" lbRx="0" />
<pr uId="1171" fId="4" fbTx="122.1950399" meta-info="ns3::WifiMacHeader (DATA ToDS=0, FromDS=0, MoreFrag=0, Retry=0, MoreData=0 Duration/ID=0us, DA=ff:ff:ff:ff:ff:ff, SA=00:00:00:00:00:05, BSSID=00:00:00:00:00:05, FragNumber=0, SeqNumber=63) ns3::LlcSnapHeader (type 0x800) ns3::Ipv4Header (tos 0x0 DSCP Default ECN Not-ECT ttl 64 id 61 protocol 17 offset (bytes) 0 flags [none] length: 56 192.168.1.5 &gt; 192.168.1.255) ns3::UdpHeader (length: 36 698 &gt; 698) ns3::olsr::PacketHeader () ns3::olsr::MessageHeader () ns3::WifiMacTrailer ()" />
<wpr uId="1171" tId="9" fbRx="122.1950399" lbRx="0" />
<wpr uId="1171" tId="3" fbRx="122.1950408" lbRx="0" />
<wpr uId="1171" tId="8" fbRx="122.1950408" lbRx="0" />
<pr uId="1172" fId="9" fbTx="122.364" meta-info="ns3::WifiMacHeader (DATA ToDS=0, FromDS=0, MoreFrag=0, Retry=0, MoreData=0 Duration/ID=0us, DA=ff:ff:ff:ff:ff:ff, SA=00:00:00:00:00:0a, BSSID=00:00:00:00:00:0a, FragNumber=0, SeqNumber=127) ns3::LlcSnapHeader (type 0x800) ns3::Ipv4Header (tos 0x0 DSCP Default ECN Not-ECT ttl 64 id 116 protocol 17 offset (bytes) 0 flags [none] length: 45 192.168.2.5 &gt; 192.168.2.255) ns3::UdpHeader (length: 25 269 &gt; 269) ns3::Epidemic::TypeHeader (BEACON) ns3::Epidemic::EpidemicHeader ( Packet ID: 1101480448 Hop count: 1000 TimeStamp: +0.0ns) ns3::WifiMacTrailer ()" />
<wpr uId="1172" tId="4" fbRx="122.364" lbRx="0" />
<wpr uId="1172" tId="3" fbRx="122.3640008" lbRx="0" />
<wpr uId="1172" tId="8" fbRx="122.3640008" lbRx="0" />
<pr uId="1173" fId="3" fbTx="122.3863498" meta-info="ns3::WifiMacHeader (DATA ToDS=0, FromDS=0, MoreFrag=0, Retry=0, MoreData=0 Duration/ID=0us, DA=ff:ff:ff:ff:ff:ff, SA=00:00:00:00:00:04, BSSID=00:00:00:00:00:04, FragNumber=0, SeqNumber=84) ns3::LlcSnapHeader (type 0x800) ns3::Ipv4Header (tos 0x0 DSCP Default ECN Not-ECT ttl 64 id 75 protocol 17 offset (bytes) 0 flags [none] length: 64 192.168.1.4 &gt; 192.168.1.255) ns3::UdpHeader (length: 44 698 &gt; 698) ns3::olsr::PacketHeader () ns3::olsr::MessageHeader () ns3::WifiMacTrailer ()" />
<wpr uId="1173" tId="8" fbRx="122.3863498" lbRx="0" />
<wpr uId="1173" tId="2" fbRx="122.3863506" lbRx="0" />
<wpr uId="1173" tId="4" fbRx="122.3863506" lbRx="0" />
<wpr uId="1173" tId="7" fbRx="122.3863506" lbRx="0" />
<wpr uId="1173" tId="9" fbRx="122.3863506" lbRx="0" />
<pr uId="1174" fId="0" fbTx="122.391916" meta-info="ns3::WifiMacHeader (DATA ToDS=0, FromDS=0, MoreFrag=0, Retry=0, MoreData=0 Duration/ID=0us, DA=ff:ff:ff:ff:ff:ff, SA=00:00:00:00:00:01, BSSID=00:00:00:00:00:01, FragNumber=0, SeqNumber=65) ns3::LlcSnapHeader (type 0x800) ns3::Ipv4Header (tos 0x0 DSCP Default ECN Not-ECT ttl 64 id 61 protocol 17 offset (bytes) 0 flags [none] length: 48 192.168.1.1 &gt; 192.168.1.255) ns3::UdpHeader (length: 28 698 &gt; 698) ns3::olsr::PacketHeader () ns3::olsr::MessageHeader () ns3::WifiMacTrailer ()" />
<wpr uId="1174" tId="5" fbRx="122.391916" lbRx="0" />
<pr uId="1175" fId="7" fbTx="122.517" meta-info="ns3::WifiMacHeader (DATA ToDS=0, FromDS=0, MoreFrag=0, Retry=0, MoreData=0 Duration/ID=0us, DA=ff:ff:ff:ff:ff:ff, SA=00:00:00:00:00:08, BSSID=00:00:00:00:00:08, FragNumber=0, SeqNumber=149) ns3::LlcSnapHeader (type 0x800) ns3::Ipv4Header (tos 0x0 DSCP Default ECN Not-ECT ttl 64 id 116 protocol 17 offset (bytes) 0 flags [none] length: 45 192.168.2.3 &gt; 192.168.2.255) ns3::UdpHeader (length: 25 269 &gt; 269) ns3::Epidemic::TypeHeader (BEACON) ns3::Epidemic::EpidemicHeader ( Packet ID: 1101480448 Hop count: 1000 TimeStamp: +0.0ns) ns3::WifiMacTrailer ()" />
<wpr uId="1175" tId="2" fbRx="122.517" lbRx="0" />
<wpr uId="1175" tId="1" fbRx="122.5170008" lbRx="0" />
<wpr uId="1175" tId="3" fbRx="122.5170008" lbRx="0" />
<wpr uId="1175" tId="6" fbRx="122.5170008" lbRx="0" />
<wpr uId="1175" tId="8" fbRx="122.5170008" lbRx="0" />
<pr uId="1176" fId="5" fbTx="122.683" meta-info="ns3::WifiMacHeader (DATA ToDS=0, FromDS=0, MoreFrag=0, Retry=0, MoreData=0 Duration/ID=0us, DA=ff:ff:ff:ff:ff:ff, SA=00:00:00:00:00:06, BSSID=00:00:00:00:00:06, FragNumber=0, SeqNumber=121) ns3::LlcSnapHeader (type 0x800) ns3::Ipv4Header (tos 0x0 DSCP Default ECN Not-ECT ttl 64 id 116 protocol 17 offset (bytes) 0 flags [none] length: 45 192.168.2.1 &gt; 192.168.2.255) ns3::UdpHeader (length: 25 269 &gt; 269) ns3::Epidemic::TypeHeader (BEACON) ns3::Epidemic::EpidemicHeader ( Packet ID: 1101480448 Hop count: 1000 TimeStamp: +0.0ns) ns3::WifiMacTrailer ()" />
<wpr uId="1176" tId="0" fbRx="122.683" lbRx="0" />
<pr uId="1177" fId="6" fbTx="122.736" meta-info="ns3::WifiMacHeader (DATA ToDS=0, FromDS=0, MoreFrag=0, Retry=0, MoreData=0 Duration/ID=0us, DA=ff:ff:ff:ff:ff:ff, SA=00:00:00:00:00:07, BSSID=00:00:00:00:00:07, FragNumber=0, SeqNumber=135) ns3::LlcSnapHeader (type 0x800) ns3::Ipv4Header (tos 0x0 DSCP Default ECN Not-ECT ttl 64 id 116 protocol 17 offset (bytes) 0 flags [none] length: 45 192.168.2.2 &gt; 192.168.2.255) ns3::UdpHeader (length: 25 269 &gt; 269) ns3::Epidemic::TypeHeader (BEACON) ns3::Epidemic::EpidemicHeader ( Packet ID: 1101480448 Hop count: 1000 TimeStamp: +0.0ns) ns3::WifiMacTrailer ()" />
<wpr uId="1177" tId="1" fbRx="122.736" lbRx="0" />
<wpr uId="1177" tId="2" fbRx="122.7360008" lbRx="0" />
<wpr uId="1177" tId="7" fbRx="122.7360008" lbRx="0" />
<pr uId="1178" fId="8" fbTx="122.952" meta-info="ns3::WifiMacHeader (DATA ToDS=0, FromDS=0, MoreFrag=0, Retry=0, MoreData=0 Duration/ID=0us, DA=ff:ff:ff:ff:ff:ff, SA=00:00:00:00:00:09, BSSID=00:00:00:00:00:09, FragNumber=0, SeqNumber=142) ns3::LlcSnapHeader (type 0x800) ns3::Ipv4Header (tos 0x0 DSCP Default ECN Not-ECT ttl 64 id 116 protocol 17 offset (bytes) 0 flags [none] length: 45 192.168.2.4 &gt; 192.168.2.255) ns3::UdpHeader (length: 25 269 &gt; 269) ns3::Epidemic::TypeHeader (BEACON) ns3::Epidemic::EpidemicHeader ( Packet ID: 1101480448 Hop count: 1000 TimeStamp: +0.0ns) ns3::WifiMacTrailer ()" />
<wpr uId="1178" tId="3" fbRx="122.952" lbRx="0" />
<wpr uId="1178" tId="2" fbRx="122.9520008" lbRx="0" />
<wpr uId="1178" tId="4" fbRx="122.9520008" lbRx="0" />
<wpr uId="1178" tId="7" fbRx="122.9520008" lbRx="0" />
<wpr uId="1178" tId="9" fbRx="122.9520008" lbRx="0" />
<pr uId="1179" fId="9" fbTx="123.38" meta-info="ns3::WifiMacHeader (DATA ToDS=0, FromDS=0, MoreFrag=0, Retry=0, MoreData=0 Duration/ID=0us, DA=ff:ff:ff:ff:ff:ff, SA=00:00:00:00:00:0a, BSSID=00:00:00:00:00:0a, FragNumber=0, SeqNumber=128) ns3::LlcSnapHeader (type 0x800) ns3::Ipv4Header (tos 0x0 DSCP Default ECN Not-ECT ttl 64 id 117 protocol 17 offset (bytes) 0 flags [none] length: 45 192.168.2.5 &gt; 192.168.2.255) ns3::UdpHeader (length: 25 269 &gt; 269) ns3::Epidemic::TypeHeader (BEACON) ns3::Epidemic::EpidemicHeader ( Packet ID: 1101480448 Hop count: 1000 TimeStamp: +0.0ns) ns3::WifiMacTrailer ()" />
<wpr uId="1179" tId="4" fbRx="123.38" lbRx="0" />
<wpr uId="1179" tId="3" fbRx="123.3800008" lbRx="0" />
<wpr uId="1179" tId="8" fbRx="123.3800008" lbRx="0" />
<pr uId="1180" fId="7" fbTx="123.541" meta-info="ns3::WifiMacHeader (DATA ToDS=0, FromDS=0, MoreFrag=0, Retry=0, MoreData=0 Duration/ID=0us, DA=ff:ff:ff:ff:ff:ff, SA=00:00:00:00:00:08, BSSID=00:00:00:00:00:08, FragNumber=0, SeqNumber=150) ns3::LlcSnapHeader (type 0x800) ns3::Ipv4Header (tos 0x0 DSCP Default ECN Not-ECT ttl 64 id 117 protocol 17 offset (bytes) 0 flags [none] length: 45 192.168.2.3 &gt; 192.168.2.255) ns3::UdpHeader (length: 25 269 &gt; 269) ns3::Epidemic::TypeHeader (BEACON) ns3::Epidemic::EpidemicHeader ( Packet ID: 1101480448 Hop count: 1000 TimeStamp: +0.0ns) ns3::WifiMacTrailer ()" />
<wpr uId="1180" tId="2" fbRx="123.541" lbRx="0" />
<wpr uId="1180" tId="1" fbRx="123.5410008" lbRx="0" />
<wpr uId="1180" tId="3" fbRx="123.5410008" lbRx="0" />
<wpr uId="1180" tId="6" fbRx="123.5410008" lbRx="0" />
<wpr uId="1180" tId="8" fbRx="123.5410008" lbRx="0" />
<pr uId="1181" fId="6" fbTx="123.763" meta-info="ns3::WifiMacHeader (DATA ToDS=0, FromDS=0, MoreFrag=0, Retry=0, MoreData=0 Duration/ID=0us, DA=ff:ff:ff:ff:ff:ff, SA=00:00:00:00:00:07, BSSID=00:00:00:00:00:07, FragNumber=0, SeqNumber=136) ns3::LlcSnapHeader (type 0x800) ns3::Ipv4Header (tos 0x0 DSCP Default ECN Not-ECT ttl 64 id 117 protocol 17 offset (bytes) 0 flags [none] length: 45 192.168.2.2 &gt; 192.168.2.255) ns3::UdpHeader (length: 25 269 &gt; 269) ns3::Epidemic::TypeHeader (BEACON) ns3::Epidemic::EpidemicHeader ( Packet ID: 1101480448 Hop count: 1000 TimeStamp: +0.0ns) ns3::WifiMacTrailer ()" />
<wpr uId="1181" tId="1" fbRx="123.763" lbRx="0" />
<wpr uId="1181" tId="2" fbRx="123.7630008" lbRx="0" />
<wpr uId="1181" tId="7" fbRx="123.7630008" lbRx="0" />
<pr uId="1182" fId="5" fbTx="123.772" meta-info="ns3::WifiMacHeader (DATA ToDS=0, FromDS=0, MoreFrag=0, Retry=0, MoreData=0 Duration/ID=0us, DA=ff:ff:ff:ff:ff:ff, SA=00:00:00:00:00:06, BSSID=00:00:00:00:00:06, FragNumber=0, SeqNumber=122) ns3::LlcSnapHeader (type 0x800) ns3::Ipv4Header (tos 0x0 DSCP Default ECN Not-ECT ttl 64 id 117 protocol 17 offset (bytes) 0 flags [none] length: 45 192.168.2.1 &gt; 192.168.2.255) ns3::UdpHeader (length: 25 269 &gt; 269) ns3::Epidemic::TypeHeader (BEACON) ns3::Epidemic::EpidemicHeader ( Packet ID: 1101480448 Hop count: 1000 TimeStamp: +0.0ns) ns3::WifiMacTrailer ()" />
<wpr uId="1182" tId="0" fbRx="123.772" lbRx="0" />
<pr uId="1183" fId="8" fbTx="123.998" meta-info="ns3::WifiMacHeader (DATA ToDS=0, FromDS=0, MoreFrag=0, Retry=0, MoreData=0 Duration/ID=0us, DA=ff:ff:ff:ff:ff:ff, SA=00:00:00:00:00:09, BSSID=00:00:00:00:00:09, FragNumber=0, SeqNumber=143) ns3::LlcSnapHeader (type 0x800) ns3::Ipv4Header (tos 0x0 DSCP Default ECN Not-ECT ttl 64 id 117 protocol 17 offset (bytes) 0 flags [none] length: 45 192.168.2.4 &gt; 192.168.2.255) ns3::UdpHeader (length: 25 269 &gt; 269) ns3::Epidemic::TypeHeader (BEACON) ns3::Epidemic::EpidemicHeader ( Packet ID: 1101480448 Hop count: 1000 TimeStamp: +0.0ns) ns3::WifiMacTrailer ()" />
<wpr uId="1183" tId="3" fbRx="123.998" lbRx="0" />
<wpr uId="1183" tId="2" fbRx="123.9980008" lbRx="0" />
<wpr uId="1183" tId="4" fbRx="123.9980008" lbRx="0" />
<wpr uId="1183" tId="7" fbRx="123.9980008" lbRx="0" />
<wpr uId="1183" tId="9" fbRx="123.9980008" lbRx="0" />
<pr uId="1184" fId="2" fbTx="124.0149475" meta-info="ns3::WifiMacHeader (DATA ToDS=0, FromDS=0, MoreFrag=0, Retry=0, MoreData=0 Duration/ID=0us, DA=ff:ff:ff:ff:ff:ff, SA=00:00:00:00:00:03, BSSID=00:00:00:00:00:03, FragNumber=0, SeqNumber=97) ns3::LlcSnapHeader (type 0x800) ns3::Ipv4Header (tos 0x0 DSCP Default ECN Not-ECT ttl 64 id 86 protocol 17 offset (bytes) 0 flags [none] length: 64 192.168.1.3 &gt; 192.168.1.255) ns3::UdpHeader (length: 44 698 &gt; 698) ns3::olsr::PacketHeader () ns3::olsr::MessageHeader () ns3::WifiMacTrailer ()" />
<wpr uId="1184" tId="7" fbRx="124.0149475" lbRx="0" />
<wpr uId="1184" tId="1" fbRx="124.0149483" lbRx="0" />
<wpr uId="1184" tId="3" fbRx="124.0149483" lbRx="0" />
<wpr uId="1184" tId="6" fbRx="124.0149483" lbRx="0" />
<wpr uId="1184" tId="8" fbRx="124.0149483" lbRx="0" />
<pr uId="1185" fId="3" fbTx="124.197786" meta-info="ns3::WifiMacHeader (DATA ToDS=0, FromDS=0, MoreFrag=0, Retry=0, MoreData=0 Duration/ID=0us, DA=ff:ff:ff:ff:ff:ff, SA=00:00:00:00:00:04, BSSID=00:00:00:00:00:04, FragNumber=0, SeqNumber=85) ns3::LlcSnapHeader (type 0x800) ns3::Ipv4Header (tos 0x0 DSCP Default ECN Not-ECT ttl 64 id 76 protocol 17 offset (bytes) 0 flags [none] length: 64 192.168.1.4 &gt; 192.168.1.255) ns3::UdpHeader (length: 44 698 &gt; 698) ns3::olsr::PacketHeader () ns3::olsr::MessageHeader () ns3::WifiMacTrailer ()" />
<wpr uId="1185" tId="8" fbRx="124.197786" lbRx="0" />
<wpr uId="1185" tId="2" fbRx="124.1977868" lbRx="0" />
<wpr uId="1185" tId="4" fbRx="124.1977868" lbRx="0" />
<wpr uId="1185" tId="7" fbRx="124.1977868" lbRx="0" />
<wpr uId="1185" tId="9" fbRx="124.1977868" lbRx="0" />
<pr uId="1186" fId="1" fbTx="124.2000907" meta-info="ns3::WifiMacHeader (DATA ToDS=0, FromDS=0, MoreFrag=0, Retry=0, MoreData=0 Duration/ID=0us, DA=ff:ff:ff:ff:ff:ff, SA=00:00:00:00:00:02, BSSID=00:00:00:00:00:02, FragNumber=0, SeqNumber=69) ns3::LlcSnapHeader (type 0x800) ns3::Ipv4Header (tos 0x0 DSCP Default ECN Not-ECT ttl 64 id 66 protocol 17 offset (bytes) 0 flags [none] length: 56 192.168.1.2 &gt; 192.168.1.255) ns3::UdpHeader (length: 36 698 &gt; 698) ns3::olsr::PacketHeader () ns3::olsr::MessageHeader () ns3::WifiMacTrailer ()" />
<wpr uId="1186" tId="6" fbRx="124.2000907" lbRx="0" />
<wpr uId="1186" tId="2" fbRx="124.2000915" lbRx="0" />
<wpr uId="1186" tId="7" fbRx="124.2000915" lbRx="0" />
<pr uId="1187" fId="0" fbTx="124.3273098" meta-info="ns3::WifiMacHeader (DATA ToDS=0, FromDS=0, MoreFrag=0, Retry=0, MoreData=0 Duration/ID=0us, DA=ff:ff:ff:ff:ff:ff, SA=00:00:00:00:00:01, BSSID=00:00:00:00:00:01, FragNumber=0, SeqNumber=66) ns3::LlcSnapHeader (type 0x800) ns3::Ipv4Header (tos 0x0 DSCP Default ECN Not-ECT ttl 64 id 62 protocol 17 offset (bytes) 0 flags [none] length: 48 192.168.1.1 &gt; 192.168.1.255) ns3::UdpHeader (length: 28 698 &gt; 698) ns3::olsr::PacketHeader () ns3::olsr::MessageHeader () ns3::WifiMacTrailer ()" />
<wpr uId="1187" tId="5" fbRx="124.3273098" lbRx="0" />
<pr uId="1188" fId="4" fbTx="124.4494959" meta-info="ns3::WifiMacHeader (DATA ToDS=0, FromDS=0, MoreFrag=0, Retry=0, MoreData=0 Duration/ID=0us, DA=ff:ff:ff:ff:ff:ff, SA=00:00:00:00:00:05, BSSID=00:00:00:00:00:05, FragNumber=0, SeqNumber=64) ns3::LlcSnapHeader (type 0x800) ns3::Ipv4Header (tos 0x0 DSCP Default ECN Not-ECT ttl 64 id 62 protocol 17 offset (bytes) 0 flags [none] length: 56 192.168.1.5 &gt; 192.168.1.255) ns3::UdpHeader (length: 36 698 &gt; 698) ns3::olsr::PacketHeader () ns3::olsr::MessageHeader () ns3::WifiMacTrailer ()" />
<wpr uId="1188" tId="9" fbRx="124.4494959" lbRx="0" />
<wpr uId="1188" tId="3" fbRx="124.4494967" lbRx="0" />
<wpr uId="1188" tId="8" fbRx="124.4494967" lbRx="0" />
<pr uId="1189" fId="9" fbTx="124.471" meta-info="ns3::WifiMacHeader (DATA ToDS=0, FromDS=0, MoreFrag=0, Retry=0, MoreData=0 Duration/ID=0us, DA=ff:ff:ff:ff:ff:ff, SA=00:00:00:00:00:0a, BSSID=00:00:00:00:00:0a, FragNumber=0, SeqNumber=129) ns3::LlcSnapHeader (type 0x800) ns3::Ipv4Header (tos 0x0 DSCP Default ECN Not-ECT ttl 64 id 118 protocol 17 offset (bytes) 0 flags [none] length: 45 192.168.2.5 &gt; 192.168.2.255) ns3::UdpHeader (length: 25 269 &gt; 269) ns3::Epidemic::TypeHeader (BEACON) ns3::Epidemic::EpidemicHeader ( Packet ID: 1101480448 Hop count: 1000 TimeStamp: +0.0ns) ns3::WifiMacTrailer ()" />
<wpr uId="1189" tId="4" fbRx="124.471" lbRx="0" />
<wpr uId="1189" tId="3" fbRx="124.4710008" lbRx="0" />
<wpr uId="1189" tId="8" fbRx="124.4710008" lbRx="0" />
<pr uId="1190" fId="7" fbTx="124.55" meta-info="ns3::WifiMacHeader (DATA ToDS=0, FromDS=0, MoreFrag=0, Retry=0, MoreData=0 Duration/ID=0us, DA=ff:ff:ff:ff:ff:ff, SA=00:00:00:00:00:08, BSSID=00:00:00:00:00:08, FragNumber=0, SeqNumber=151) ns3::LlcSnapHeader (type 0x800) ns3::Ipv4Header (tos 0x0 DSCP Default ECN Not-ECT ttl 64 id 118 protocol 17 offset (bytes) 0 flags [none] length: 45 192.168.2.3 &gt; 192.168.2.255) ns3::UdpHeader (length: 25 269 &gt; 269) ns3::Epidemic::TypeHeader (BEACON) ns3::Epidemic::EpidemicHeader ( Packet ID: 1101480448 Hop count: 1000 TimeStamp: +0.0ns) ns3::WifiMacTrailer ()" />
<wpr uId="1190" tId="2" fbRx="124.55" lbRx="0" />
<wpr uId="1190" tId="1" fbRx="124.5500008" lbRx="0" />
<wpr uId="1190" tId="3" fbRx="124.5500008" lbRx="0" />
<wpr uId="1190" tId="6" fbRx="124.5500008" lbRx="0" />
<wpr uId="1190" tId="8" fbRx="124.5500008" lbRx="0" />
<pr uId="1191" fId="6" fbTx="124.799" meta-info="ns3::WifiMacHeader (DATA ToDS=0, FromDS=0, MoreFrag=0, Retry=0, MoreData=0 Duration/ID=0us, DA=ff:ff:ff:ff:ff:ff, SA=00:00:00:00:00:07, BSSID=00:00:00:00:00:07, FragNumber=0, SeqNumber=137) ns3::LlcSnapHeader (type 0x800) ns3::Ipv4Header (tos 0x0 DSCP Default ECN Not-ECT ttl 64 id 118 protocol 17 offset (bytes) 0 flags [none] length: 45 192.168.2.2 &gt; 192.168.2.255) ns3::UdpHeader (length: 25 269 &gt; 269) ns3::Epidemic::TypeHeader (BEACON) ns3::Epidemic::EpidemicHeader ( Packet ID: 1101480448 Hop count: 1000 TimeStamp: +0.0ns) ns3::WifiMacTrailer ()" />
<wpr uId="1191" tId="1" fbRx="124.799" lbRx="0" />
<wpr uId="1191" tId="2" fbRx="124.7990008" lbRx="0" />
<wpr uId="1191" tId="7" fbRx="124.7990008" lbRx="0" />
<pr uId="1192" fId="5" fbTx="124.847" meta-info="ns3::WifiMacHeader (DATA ToDS=0, FromDS=0, MoreFrag=0, Retry=0, MoreData=0 Duration/ID=0us, DA=ff:ff:ff:ff:ff:ff, SA=00:00:00:00:00:06, BSSID=00:00:00:00:00:06, FragNumber=0, SeqNumber=123) ns3::LlcSnapHeader (type 0x800) ns3::Ipv4Header (tos 0x0 DSCP Default ECN Not-ECT ttl 64 id 118 protocol 17 offset (bytes) 0 flags [none] length: 45 192.168.2.1 &gt; 192.168.2.255) ns3::UdpHeader (length: 25 269 &gt; 269) ns3::Epidemic::TypeHeader (BEACON) ns3::Epidemic::EpidemicHeader ( Packet ID: 1101480448 Hop count: 1000 TimeStamp: +0.0ns) ns3::WifiMacTrailer ()" />
<wpr uId="1192" tId="0" fbRx="124.847" lbRx="0" />
</anim>
